[2025-09-18T05:36:20.167+0000] {local_task_job_runner.py:123} INFO - ::group::Pre task execution logs
[2025-09-18T05:36:20.191+0000] {taskinstance.py:2612} INFO - Dependencies all met for dep_context=non-requeueable deps ti=<TaskInstance: example_branch_operator.branching scheduled__2025-09-17T00:00:00+00:00 [queued]>
[2025-09-18T05:36:20.207+0000] {taskinstance.py:2612} INFO - Dependencies all met for dep_context=requeueable deps ti=<TaskInstance: example_branch_operator.branching scheduled__2025-09-17T00:00:00+00:00 [queued]>
[2025-09-18T05:36:20.208+0000] {taskinstance.py:2865} INFO - Starting attempt 1 of 1
[2025-09-18T05:36:20.233+0000] {taskinstance.py:2888} INFO - Executing <Task(BranchPythonOperator): branching> on 2025-09-17 00:00:00+00:00
[2025-09-18T05:36:20.242+0000] {warnings.py:112} WARNING - /home/***/.local/lib/python3.12/site-packages/***/task/task_runner/standard_task_runner.py:70: DeprecationWarning: This process (pid=296) is multi-threaded, use of fork() may lead to deadlocks in the child.
  pid = os.fork()

[2025-09-18T05:36:20.247+0000] {standard_task_runner.py:72} INFO - Started process 300 to run task
[2025-09-18T05:36:20.249+0000] {standard_task_runner.py:104} INFO - Running: ['***', 'tasks', 'run', 'example_branch_operator', 'branching', 'scheduled__2025-09-17T00:00:00+00:00', '--job-id', '32', '--raw', '--subdir', '/home/***/.local/lib/python3.12/site-packages/***/example_dags/example_branch_operator.py', '--cfg-path', '/tmp/tmpokec9p72']
[2025-09-18T05:36:20.251+0000] {standard_task_runner.py:105} INFO - Job 32: Subtask branching
[2025-09-18T05:36:20.339+0000] {task_command.py:467} INFO - Running <TaskInstance: example_branch_operator.branching scheduled__2025-09-17T00:00:00+00:00 [running]> on host 7f8c5cf1dc7b
[2025-09-18T05:36:20.439+0000] {taskinstance.py:3131} INFO - Exporting env vars: AIRFLOW_CTX_DAG_OWNER='***' AIRFLOW_CTX_DAG_ID='example_branch_operator' AIRFLOW_CTX_TASK_ID='branching' AIRFLOW_CTX_EXECUTION_DATE='2025-09-17T00:00:00+00:00' AIRFLOW_CTX_TRY_NUMBER='1' AIRFLOW_CTX_DAG_RUN_ID='scheduled__2025-09-17T00:00:00+00:00'
[2025-09-18T05:36:20.441+0000] {logging_mixin.py:190} INFO - Task instance is in running state
[2025-09-18T05:36:20.442+0000] {logging_mixin.py:190} INFO -  Previous state of the Task instance: queued
[2025-09-18T05:36:20.443+0000] {logging_mixin.py:190} INFO - Current task name:branching state:running start_date:2025-09-18 05:36:20.192394+00:00
[2025-09-18T05:36:20.443+0000] {logging_mixin.py:190} INFO - Dag name:example_branch_operator and current dag run status:running
[2025-09-18T05:36:20.444+0000] {taskinstance.py:731} INFO - ::endgroup::
[2025-09-18T05:36:20.445+0000] {baseoperator.py:405} WARNING - BranchPythonOperator.execute cannot be called outside TaskInstance!
[2025-09-18T05:36:20.446+0000] {python.py:240} INFO - Done. Returned value was: branch_c
[2025-09-18T05:36:20.446+0000] {branch.py:38} INFO - Branch into branch_c
[2025-09-18T05:36:20.447+0000] {skipmixin.py:230} INFO - Following branch ('branch_c',)
[2025-09-18T05:36:20.467+0000] {skipmixin.py:278} INFO - Skipping tasks [('branch_d', -1), ('branch_b', -1), ('branch_a', -1)]
[2025-09-18T05:36:20.508+0000] {taskinstance.py:340} INFO - ::group::Post task execution logs
[2025-09-18T05:36:20.509+0000] {taskinstance.py:352} INFO - Marking task as SUCCESS. dag_id=example_branch_operator, task_id=branching, run_id=scheduled__2025-09-17T00:00:00+00:00, execution_date=20250917T000000, start_date=20250918T053620, end_date=20250918T053620
[2025-09-18T05:36:20.522+0000] {logging_mixin.py:190} INFO - Task instance in success state
[2025-09-18T05:36:20.524+0000] {logging_mixin.py:190} INFO -  Previous state of the Task instance: running
[2025-09-18T05:36:20.525+0000] {logging_mixin.py:190} INFO - Dag name:example_branch_operator queued_at:2025-09-18 05:36:16.817458+00:00
[2025-09-18T05:36:20.526+0000] {logging_mixin.py:190} INFO - Task hostname:7f8c5cf1dc7b operator:BranchPythonOperator
[2025-09-18T05:36:20.544+0000] {local_task_job_runner.py:266} INFO - Task exited with return code 0
[2025-09-18T05:36:20.595+0000] {taskinstance.py:3900} INFO - 1 downstream tasks scheduled from follow-on schedule check
[2025-09-18T05:36:20.602+0000] {local_task_job_runner.py:245} INFO - ::endgroup::
