[2025-09-18T05:29:00.947+0000] {local_task_job_runner.py:123} INFO - ::group::Pre task execution logs
[2025-09-18T05:29:01.000+0000] {taskinstance.py:2612} INFO - Dependencies all met for dep_context=non-requeueable deps ti=<TaskInstance: consume_1_or_2_with_dataset_expressions.consume_1_or_2_with_dataset_expressions manual__2025-09-18T05:28:55.320784+00:00 [queued]>
[2025-09-18T05:29:01.026+0000] {taskinstance.py:2612} INFO - Dependencies all met for dep_context=requeueable deps ti=<TaskInstance: consume_1_or_2_with_dataset_expressions.consume_1_or_2_with_dataset_expressions manual__2025-09-18T05:28:55.320784+00:00 [queued]>
[2025-09-18T05:29:01.028+0000] {taskinstance.py:2865} INFO - Starting attempt 1 of 1
[2025-09-18T05:29:01.116+0000] {taskinstance.py:2888} INFO - Executing <Task(BashOperator): consume_1_or_2_with_dataset_expressions> on 2025-09-18 05:28:55.320784+00:00
[2025-09-18T05:29:01.163+0000] {warnings.py:112} WARNING - /home/***/.local/lib/python3.12/site-packages/***/task/task_runner/standard_task_runner.py:70: DeprecationWarning: This process (pid=100) is multi-threaded, use of fork() may lead to deadlocks in the child.
  pid = os.fork()

[2025-09-18T05:29:01.172+0000] {standard_task_runner.py:104} INFO - Running: ['***', 'tasks', 'run', 'consume_1_or_2_with_dataset_expressions', 'consume_1_or_2_with_dataset_expressions', 'manual__2025-09-18T05:28:55.320784+00:00', '--job-id', '9', '--raw', '--subdir', '/home/***/.local/lib/python3.12/site-packages/***/example_dags/example_datasets.py', '--cfg-path', '/tmp/tmp44y_6y7z']
[2025-09-18T05:29:01.184+0000] {standard_task_runner.py:72} INFO - Started process 109 to run task
[2025-09-18T05:29:01.186+0000] {standard_task_runner.py:105} INFO - Job 9: Subtask consume_1_or_2_with_dataset_expressions
[2025-09-18T05:29:01.414+0000] {task_command.py:467} INFO - Running <TaskInstance: consume_1_or_2_with_dataset_expressions.consume_1_or_2_with_dataset_expressions manual__2025-09-18T05:28:55.320784+00:00 [running]> on host 7f8c5cf1dc7b
[2025-09-18T05:29:01.660+0000] {taskinstance.py:3131} INFO - Exporting env vars: AIRFLOW_CTX_DAG_OWNER='***' AIRFLOW_CTX_DAG_ID='consume_1_or_2_with_dataset_expressions' AIRFLOW_CTX_TASK_ID='consume_1_or_2_with_dataset_expressions' AIRFLOW_CTX_EXECUTION_DATE='2025-09-18T05:28:55.320784+00:00' AIRFLOW_CTX_TRY_NUMBER='1' AIRFLOW_CTX_DAG_RUN_ID='manual__2025-09-18T05:28:55.320784+00:00'
[2025-09-18T05:29:01.665+0000] {logging_mixin.py:190} INFO - Task instance is in running state
[2025-09-18T05:29:01.666+0000] {logging_mixin.py:190} INFO -  Previous state of the Task instance: queued
[2025-09-18T05:29:01.668+0000] {logging_mixin.py:190} INFO - Current task name:consume_1_or_2_with_dataset_expressions state:running start_date:2025-09-18 05:29:01.001784+00:00
[2025-09-18T05:29:01.669+0000] {logging_mixin.py:190} INFO - Dag name:consume_1_or_2_with_dataset_expressions and current dag run status:running
[2025-09-18T05:29:01.670+0000] {taskinstance.py:731} INFO - ::endgroup::
[2025-09-18T05:29:01.672+0000] {subprocess.py:63} INFO - Tmp dir root location: /tmp
[2025-09-18T05:29:01.677+0000] {subprocess.py:75} INFO - Running command: ['/usr/bin/bash', '-c', 'sleep 5']
[2025-09-18T05:29:01.722+0000] {subprocess.py:86} INFO - Output:
[2025-09-18T05:29:06.735+0000] {subprocess.py:97} INFO - Command exited with return code 0
[2025-09-18T05:29:06.789+0000] {taskinstance.py:340} INFO - ::group::Post task execution logs
[2025-09-18T05:29:06.790+0000] {taskinstance.py:352} INFO - Marking task as SUCCESS. dag_id=consume_1_or_2_with_dataset_expressions, task_id=consume_1_or_2_with_dataset_expressions, run_id=manual__2025-09-18T05:28:55.320784+00:00, execution_date=20250918T052855, start_date=20250918T052901, end_date=20250918T052906
[2025-09-18T05:29:06.837+0000] {logging_mixin.py:190} INFO - Task instance in success state
[2025-09-18T05:29:06.840+0000] {logging_mixin.py:190} INFO -  Previous state of the Task instance: running
[2025-09-18T05:29:06.843+0000] {logging_mixin.py:190} INFO - Dag name:consume_1_or_2_with_dataset_expressions queued_at:2025-09-18 05:28:55.354203+00:00
[2025-09-18T05:29:06.844+0000] {logging_mixin.py:190} INFO - Task hostname:7f8c5cf1dc7b operator:BashOperator
[2025-09-18T05:29:06.873+0000] {local_task_job_runner.py:266} INFO - Task exited with return code 0
[2025-09-18T05:29:06.933+0000] {taskinstance.py:3900} INFO - 0 downstream tasks scheduled from follow-on schedule check
[2025-09-18T05:29:06.943+0000] {local_task_job_runner.py:245} INFO - ::endgroup::
