[2025-09-18T05:37:01.249+0000] {local_task_job_runner.py:123} INFO - ::group::Pre task execution logs
[2025-09-18T05:37:01.284+0000] {taskinstance.py:2612} INFO - Dependencies all met for dep_context=non-requeueable deps ti=<TaskInstance: example_branch_operator.venv_b scheduled__2025-09-17T00:00:00+00:00 [queued]>
[2025-09-18T05:37:01.298+0000] {taskinstance.py:2612} INFO - Dependencies all met for dep_context=requeueable deps ti=<TaskInstance: example_branch_operator.venv_b scheduled__2025-09-17T00:00:00+00:00 [queued]>
[2025-09-18T05:37:01.299+0000] {taskinstance.py:2865} INFO - Starting attempt 1 of 1
[2025-09-18T05:37:01.318+0000] {taskinstance.py:2888} INFO - Executing <Task(PythonVirtualenvOperator): venv_b> on 2025-09-17 00:00:00+00:00
[2025-09-18T05:37:01.331+0000] {warnings.py:112} WARNING - /home/***/.local/lib/python3.12/site-packages/***/task/task_runner/standard_task_runner.py:70: DeprecationWarning: This process (pid=497) is multi-threaded, use of fork() may lead to deadlocks in the child.
  pid = os.fork()

[2025-09-18T05:37:01.334+0000] {standard_task_runner.py:72} INFO - Started process 515 to run task
[2025-09-18T05:37:01.335+0000] {standard_task_runner.py:104} INFO - Running: ['***', 'tasks', 'run', 'example_branch_operator', 'venv_b', 'scheduled__2025-09-17T00:00:00+00:00', '--job-id', '47', '--raw', '--subdir', '/home/***/.local/lib/python3.12/site-packages/***/example_dags/example_branch_operator.py', '--cfg-path', '/tmp/tmp5atpb1wk']
[2025-09-18T05:37:01.337+0000] {standard_task_runner.py:105} INFO - Job 47: Subtask venv_b
[2025-09-18T05:37:01.419+0000] {task_command.py:467} INFO - Running <TaskInstance: example_branch_operator.venv_b scheduled__2025-09-17T00:00:00+00:00 [running]> on host 7f8c5cf1dc7b
[2025-09-18T05:37:01.572+0000] {taskinstance.py:3131} INFO - Exporting env vars: AIRFLOW_CTX_DAG_OWNER='***' AIRFLOW_CTX_DAG_ID='example_branch_operator' AIRFLOW_CTX_TASK_ID='venv_b' AIRFLOW_CTX_EXECUTION_DATE='2025-09-17T00:00:00+00:00' AIRFLOW_CTX_TRY_NUMBER='1' AIRFLOW_CTX_DAG_RUN_ID='scheduled__2025-09-17T00:00:00+00:00'
[2025-09-18T05:37:01.574+0000] {logging_mixin.py:190} INFO - Task instance is in running state
[2025-09-18T05:37:01.576+0000] {logging_mixin.py:190} INFO -  Previous state of the Task instance: queued
[2025-09-18T05:37:01.576+0000] {logging_mixin.py:190} INFO - Current task name:venv_b state:running start_date:2025-09-18 05:37:01.285815+00:00
[2025-09-18T05:37:01.577+0000] {logging_mixin.py:190} INFO - Dag name:example_branch_operator and current dag run status:running
[2025-09-18T05:37:01.577+0000] {taskinstance.py:731} INFO - ::endgroup::
[2025-09-18T05:37:01.578+0000] {baseoperator.py:405} WARNING - PythonVirtualenvOperator.execute cannot be called outside TaskInstance!
[2025-09-18T05:37:01.588+0000] {python.py:809} INFO - Python virtual environment will be cached in /tmp/venv-5ea997a7
[2025-09-18T05:37:01.593+0000] {python.py:823} INFO - Re-using cached Python virtual environment in /tmp/venv-5ea997a7
[2025-09-18T05:37:01.608+0000] {process_utils.py:186} INFO - Executing cmd: /tmp/venv-5ea997a7/bin/python /tmp/venv-callnhb45_vk/script.py /tmp/venv-callnhb45_vk/script.in /tmp/venv-callnhb45_vk/script.out /tmp/venv-callnhb45_vk/string_args.txt /tmp/venv-callnhb45_vk/termination.log
[2025-09-18T05:37:01.610+0000] {process_utils.py:190} INFO - Output:
[2025-09-18T05:37:05.748+0000] {process_utils.py:194} INFO - Hello World with some numpy stuff: [0 1 2 3 4 5]
[2025-09-18T05:37:06.266+0000] {python.py:240} INFO - Done. Returned value was: None
[2025-09-18T05:37:06.281+0000] {taskinstance.py:340} INFO - ::group::Post task execution logs
[2025-09-18T05:37:06.283+0000] {taskinstance.py:352} INFO - Marking task as SUCCESS. dag_id=example_branch_operator, task_id=venv_b, run_id=scheduled__2025-09-17T00:00:00+00:00, execution_date=20250917T000000, start_date=20250918T053701, end_date=20250918T053706
[2025-09-18T05:37:06.301+0000] {logging_mixin.py:190} INFO - Task instance in success state
[2025-09-18T05:37:06.301+0000] {logging_mixin.py:190} INFO -  Previous state of the Task instance: running
[2025-09-18T05:37:06.302+0000] {logging_mixin.py:190} INFO - Dag name:example_branch_operator queued_at:2025-09-18 05:36:16.817458+00:00
[2025-09-18T05:37:06.303+0000] {logging_mixin.py:190} INFO - Task hostname:7f8c5cf1dc7b operator:PythonVirtualenvOperator
[2025-09-18T05:37:06.338+0000] {local_task_job_runner.py:266} INFO - Task exited with return code 0
[2025-09-18T05:37:06.340+0000] {standard_task_runner.py:217} INFO - Process not found (most likely exited), stop collecting metrics
[2025-09-18T05:37:06.366+0000] {taskinstance.py:3900} INFO - 0 downstream tasks scheduled from follow-on schedule check
[2025-09-18T05:37:06.370+0000] {local_task_job_runner.py:245} INFO - ::endgroup::
