[2025-09-18T05:36:13.542+0000] {local_task_job_runner.py:123} INFO - ::group::Pre task execution logs
[2025-09-18T05:36:13.563+0000] {taskinstance.py:2612} INFO - Dependencies all met for dep_context=non-requeueable deps ti=<TaskInstance: example_branch_datetime_operator_2.datetime_branch scheduled__2025-09-17T00:00:00+00:00 [queued]>
[2025-09-18T05:36:13.572+0000] {taskinstance.py:2612} INFO - Dependencies all met for dep_context=requeueable deps ti=<TaskInstance: example_branch_datetime_operator_2.datetime_branch scheduled__2025-09-17T00:00:00+00:00 [queued]>
[2025-09-18T05:36:13.573+0000] {taskinstance.py:2865} INFO - Starting attempt 1 of 1
[2025-09-18T05:36:13.590+0000] {taskinstance.py:2888} INFO - Executing <Task(BranchDateTimeOperator): datetime_branch> on 2025-09-17 00:00:00+00:00
[2025-09-18T05:36:13.599+0000] {warnings.py:112} WARNING - /home/***/.local/lib/python3.12/site-packages/***/task/task_runner/standard_task_runner.py:70: DeprecationWarning: This process (pid=286) is multi-threaded, use of fork() may lead to deadlocks in the child.
  pid = os.fork()

[2025-09-18T05:36:13.602+0000] {standard_task_runner.py:72} INFO - Started process 292 to run task
[2025-09-18T05:36:13.603+0000] {standard_task_runner.py:104} INFO - Running: ['***', 'tasks', 'run', 'example_branch_datetime_operator_2', 'datetime_branch', 'scheduled__2025-09-17T00:00:00+00:00', '--job-id', '30', '--raw', '--subdir', '/home/***/.local/lib/python3.12/site-packages/***/example_dags/example_branch_datetime_operator.py', '--cfg-path', '/tmp/tmpna2uowzb']
[2025-09-18T05:36:13.604+0000] {standard_task_runner.py:105} INFO - Job 30: Subtask datetime_branch
[2025-09-18T05:36:13.685+0000] {task_command.py:467} INFO - Running <TaskInstance: example_branch_datetime_operator_2.datetime_branch scheduled__2025-09-17T00:00:00+00:00 [running]> on host 7f8c5cf1dc7b
[2025-09-18T05:36:13.812+0000] {taskinstance.py:3131} INFO - Exporting env vars: AIRFLOW_CTX_DAG_OWNER='***' AIRFLOW_CTX_DAG_ID='example_branch_datetime_operator_2' AIRFLOW_CTX_TASK_ID='datetime_branch' AIRFLOW_CTX_EXECUTION_DATE='2025-09-17T00:00:00+00:00' AIRFLOW_CTX_TRY_NUMBER='1' AIRFLOW_CTX_DAG_RUN_ID='scheduled__2025-09-17T00:00:00+00:00'
[2025-09-18T05:36:13.814+0000] {logging_mixin.py:190} INFO - Task instance is in running state
[2025-09-18T05:36:13.815+0000] {logging_mixin.py:190} INFO -  Previous state of the Task instance: queued
[2025-09-18T05:36:13.815+0000] {logging_mixin.py:190} INFO - Current task name:datetime_branch state:running start_date:2025-09-18 05:36:13.564620+00:00
[2025-09-18T05:36:13.816+0000] {logging_mixin.py:190} INFO - Dag name:example_branch_datetime_operator_2 and current dag run status:running
[2025-09-18T05:36:13.816+0000] {taskinstance.py:731} INFO - ::endgroup::
[2025-09-18T05:36:13.817+0000] {branch.py:38} INFO - Branch into ['date_outside_range']
[2025-09-18T05:36:13.818+0000] {skipmixin.py:230} INFO - Following branch ('date_outside_range',)
[2025-09-18T05:36:13.835+0000] {skipmixin.py:278} INFO - Skipping tasks [('date_in_range', -1)]
[2025-09-18T05:36:13.877+0000] {taskinstance.py:340} INFO - ::group::Post task execution logs
[2025-09-18T05:36:13.878+0000] {taskinstance.py:352} INFO - Marking task as SUCCESS. dag_id=example_branch_datetime_operator_2, task_id=datetime_branch, run_id=scheduled__2025-09-17T00:00:00+00:00, execution_date=20250917T000000, start_date=20250918T053613, end_date=20250918T053613
[2025-09-18T05:36:13.892+0000] {logging_mixin.py:190} INFO - Task instance in success state
[2025-09-18T05:36:13.892+0000] {logging_mixin.py:190} INFO -  Previous state of the Task instance: running
[2025-09-18T05:36:13.893+0000] {logging_mixin.py:190} INFO - Dag name:example_branch_datetime_operator_2 queued_at:2025-09-18 05:36:11.302130+00:00
[2025-09-18T05:36:13.894+0000] {logging_mixin.py:190} INFO - Task hostname:7f8c5cf1dc7b operator:BranchDateTimeOperator
[2025-09-18T05:36:13.939+0000] {local_task_job_runner.py:266} INFO - Task exited with return code 0
[2025-09-18T05:36:13.997+0000] {taskinstance.py:3900} INFO - 0 downstream tasks scheduled from follow-on schedule check
[2025-09-18T05:36:14.002+0000] {local_task_job_runner.py:245} INFO - ::endgroup::
