[2025-09-18T05:36:34.645+0000] {local_task_job_runner.py:123} INFO - ::group::Pre task execution logs
[2025-09-18T05:36:34.670+0000] {taskinstance.py:2612} INFO - Dependencies all met for dep_context=non-requeueable deps ti=<TaskInstance: example_weekday_branch_operator.make_choice scheduled__2025-09-17T00:00:00+00:00 [queued]>
[2025-09-18T05:36:34.686+0000] {taskinstance.py:2612} INFO - Dependencies all met for dep_context=requeueable deps ti=<TaskInstance: example_weekday_branch_operator.make_choice scheduled__2025-09-17T00:00:00+00:00 [queued]>
[2025-09-18T05:36:34.687+0000] {taskinstance.py:2865} INFO - Starting attempt 1 of 1
[2025-09-18T05:36:34.708+0000] {taskinstance.py:2888} INFO - Executing <Task(BranchDayOfWeekOperator): make_choice> on 2025-09-17 00:00:00+00:00
[2025-09-18T05:36:34.721+0000] {warnings.py:112} WARNING - /home/***/.local/lib/python3.12/site-packages/***/task/task_runner/standard_task_runner.py:70: DeprecationWarning: This process (pid=355) is multi-threaded, use of fork() may lead to deadlocks in the child.
  pid = os.fork()

[2025-09-18T05:36:34.724+0000] {standard_task_runner.py:72} INFO - Started process 360 to run task
[2025-09-18T05:36:34.725+0000] {standard_task_runner.py:104} INFO - Running: ['***', 'tasks', 'run', 'example_weekday_branch_operator', 'make_choice', 'scheduled__2025-09-17T00:00:00+00:00', '--job-id', '39', '--raw', '--subdir', '/home/***/.local/lib/python3.12/site-packages/***/example_dags/example_branch_day_of_week_operator.py', '--cfg-path', '/tmp/tmpsfmaawf0']
[2025-09-18T05:36:34.729+0000] {standard_task_runner.py:105} INFO - Job 39: Subtask make_choice
[2025-09-18T05:36:34.850+0000] {task_command.py:467} INFO - Running <TaskInstance: example_weekday_branch_operator.make_choice scheduled__2025-09-17T00:00:00+00:00 [running]> on host 7f8c5cf1dc7b
[2025-09-18T05:36:35.053+0000] {taskinstance.py:3131} INFO - Exporting env vars: AIRFLOW_CTX_DAG_OWNER='***' AIRFLOW_CTX_DAG_ID='example_weekday_branch_operator' AIRFLOW_CTX_TASK_ID='make_choice' AIRFLOW_CTX_EXECUTION_DATE='2025-09-17T00:00:00+00:00' AIRFLOW_CTX_TRY_NUMBER='1' AIRFLOW_CTX_DAG_RUN_ID='scheduled__2025-09-17T00:00:00+00:00'
[2025-09-18T05:36:35.058+0000] {logging_mixin.py:190} INFO - Task instance is in running state
[2025-09-18T05:36:35.059+0000] {logging_mixin.py:190} INFO -  Previous state of the Task instance: queued
[2025-09-18T05:36:35.060+0000] {logging_mixin.py:190} INFO - Current task name:make_choice state:running start_date:2025-09-18 05:36:34.671727+00:00
[2025-09-18T05:36:35.062+0000] {logging_mixin.py:190} INFO - Dag name:example_weekday_branch_operator and current dag run status:running
[2025-09-18T05:36:35.064+0000] {taskinstance.py:731} INFO - ::endgroup::
[2025-09-18T05:36:35.066+0000] {branch.py:38} INFO - Branch into branch_false
[2025-09-18T05:36:35.068+0000] {skipmixin.py:230} INFO - Following branch ('branch_false',)
[2025-09-18T05:36:35.099+0000] {skipmixin.py:278} INFO - Skipping tasks [('branch_true', -1)]
[2025-09-18T05:36:35.167+0000] {taskinstance.py:340} INFO - ::group::Post task execution logs
[2025-09-18T05:36:35.168+0000] {taskinstance.py:352} INFO - Marking task as SUCCESS. dag_id=example_weekday_branch_operator, task_id=make_choice, run_id=scheduled__2025-09-17T00:00:00+00:00, execution_date=20250917T000000, start_date=20250918T053634, end_date=20250918T053635
[2025-09-18T05:36:35.186+0000] {logging_mixin.py:190} INFO - Task instance in success state
[2025-09-18T05:36:35.187+0000] {logging_mixin.py:190} INFO -  Previous state of the Task instance: running
[2025-09-18T05:36:35.188+0000] {logging_mixin.py:190} INFO - Dag name:example_weekday_branch_operator queued_at:2025-09-18 05:36:32.172036+00:00
[2025-09-18T05:36:35.188+0000] {logging_mixin.py:190} INFO - Task hostname:7f8c5cf1dc7b operator:BranchDayOfWeekOperator
[2025-09-18T05:36:35.227+0000] {local_task_job_runner.py:266} INFO - Task exited with return code 0
[2025-09-18T05:36:35.276+0000] {taskinstance.py:3900} INFO - 0 downstream tasks scheduled from follow-on schedule check
[2025-09-18T05:36:35.281+0000] {local_task_job_runner.py:245} INFO - ::endgroup::
