[2025-09-18T05:30:12.686+0000] {local_task_job_runner.py:123} INFO - ::group::Pre task execution logs
[2025-09-18T05:30:12.742+0000] {taskinstance.py:2612} INFO - Dependencies all met for dep_context=non-requeueable deps ti=<TaskInstance: dataset_alias_example_alias_consumer.consume_dataset_event_from_dataset_alias manual__2025-09-18T05:30:09.178223+00:00 [queued]>
[2025-09-18T05:30:12.763+0000] {taskinstance.py:2612} INFO - Dependencies all met for dep_context=requeueable deps ti=<TaskInstance: dataset_alias_example_alias_consumer.consume_dataset_event_from_dataset_alias manual__2025-09-18T05:30:09.178223+00:00 [queued]>
[2025-09-18T05:30:12.773+0000] {taskinstance.py:2865} INFO - Starting attempt 1 of 1
[2025-09-18T05:30:12.821+0000] {taskinstance.py:2888} INFO - Executing <Task(_PythonDecoratedOperator): consume_dataset_event_from_dataset_alias> on 2025-09-18 05:30:09.178223+00:00
[2025-09-18T05:30:12.841+0000] {warnings.py:112} WARNING - /home/***/.local/lib/python3.12/site-packages/***/task/task_runner/standard_task_runner.py:70: DeprecationWarning: This process (pid=124) is multi-threaded, use of fork() may lead to deadlocks in the child.
  pid = os.fork()

[2025-09-18T05:30:12.846+0000] {standard_task_runner.py:72} INFO - Started process 133 to run task
[2025-09-18T05:30:12.847+0000] {standard_task_runner.py:104} INFO - Running: ['***', 'tasks', 'run', 'dataset_alias_example_alias_consumer', 'consume_dataset_event_from_dataset_alias', 'manual__2025-09-18T05:30:09.178223+00:00', '--job-id', '11', '--raw', '--subdir', '/home/***/.local/lib/python3.12/site-packages/***/example_dags/example_dataset_alias.py', '--cfg-path', '/tmp/tmpcwyzn3py']
[2025-09-18T05:30:12.854+0000] {standard_task_runner.py:105} INFO - Job 11: Subtask consume_dataset_event_from_dataset_alias
[2025-09-18T05:30:13.009+0000] {task_command.py:467} INFO - Running <TaskInstance: dataset_alias_example_alias_consumer.consume_dataset_event_from_dataset_alias manual__2025-09-18T05:30:09.178223+00:00 [running]> on host 7f8c5cf1dc7b
[2025-09-18T05:30:13.222+0000] {taskinstance.py:3131} INFO - Exporting env vars: AIRFLOW_CTX_DAG_OWNER='***' AIRFLOW_CTX_DAG_ID='dataset_alias_example_alias_consumer' AIRFLOW_CTX_TASK_ID='consume_dataset_event_from_dataset_alias' AIRFLOW_CTX_EXECUTION_DATE='2025-09-18T05:30:09.178223+00:00' AIRFLOW_CTX_TRY_NUMBER='1' AIRFLOW_CTX_DAG_RUN_ID='manual__2025-09-18T05:30:09.178223+00:00'
[2025-09-18T05:30:13.261+0000] {logging_mixin.py:190} INFO - Task instance is in running state
[2025-09-18T05:30:13.263+0000] {logging_mixin.py:190} INFO -  Previous state of the Task instance: queued
[2025-09-18T05:30:13.274+0000] {logging_mixin.py:190} INFO - Current task name:consume_dataset_event_from_dataset_alias state:running start_date:2025-09-18 05:30:12.744106+00:00
[2025-09-18T05:30:13.276+0000] {logging_mixin.py:190} INFO - Dag name:dataset_alias_example_alias_consumer and current dag run status:running
[2025-09-18T05:30:13.278+0000] {taskinstance.py:731} INFO - ::endgroup::
[2025-09-18T05:30:13.340+0000] {python.py:240} INFO - Done. Returned value was: None
[2025-09-18T05:30:13.492+0000] {taskinstance.py:340} INFO - ::group::Post task execution logs
[2025-09-18T05:30:13.528+0000] {taskinstance.py:352} INFO - Marking task as SUCCESS. dag_id=dataset_alias_example_alias_consumer, task_id=consume_dataset_event_from_dataset_alias, run_id=manual__2025-09-18T05:30:09.178223+00:00, execution_date=20250918T053009, start_date=20250918T053012, end_date=20250918T053013
[2025-09-18T05:30:13.577+0000] {logging_mixin.py:190} INFO - Task instance in success state
[2025-09-18T05:30:13.579+0000] {logging_mixin.py:190} INFO -  Previous state of the Task instance: running
[2025-09-18T05:30:13.580+0000] {logging_mixin.py:190} INFO - Dag name:dataset_alias_example_alias_consumer queued_at:2025-09-18 05:30:09.198664+00:00
[2025-09-18T05:30:13.581+0000] {logging_mixin.py:190} INFO - Task hostname:7f8c5cf1dc7b operator:_PythonDecoratedOperator
[2025-09-18T05:30:13.652+0000] {local_task_job_runner.py:266} INFO - Task exited with return code 0
[2025-09-18T05:30:13.691+0000] {taskinstance.py:3900} INFO - 0 downstream tasks scheduled from follow-on schedule check
[2025-09-18T05:30:13.699+0000] {local_task_job_runner.py:245} INFO - ::endgroup::
