[2025-09-18T05:28:07.471+0000] {local_task_job_runner.py:123} INFO - ::group::Pre task execution logs
[2025-09-18T05:28:07.491+0000] {taskinstance.py:2612} INFO - Dependencies all met for dep_context=non-requeueable deps ti=<TaskInstance: conditional_dataset_and_time_based_timetable.conditional_dataset_and_time_based_timetable manual__2025-09-18T05:27:58.981350+00:00 [queued]>
[2025-09-18T05:28:07.500+0000] {taskinstance.py:2612} INFO - Dependencies all met for dep_context=requeueable deps ti=<TaskInstance: conditional_dataset_and_time_based_timetable.conditional_dataset_and_time_based_timetable manual__2025-09-18T05:27:58.981350+00:00 [queued]>
[2025-09-18T05:28:07.501+0000] {taskinstance.py:2865} INFO - Starting attempt 1 of 1
[2025-09-18T05:28:07.518+0000] {taskinstance.py:2888} INFO - Executing <Task(BashOperator): conditional_dataset_and_time_based_timetable> on 2025-09-18 05:27:58.981350+00:00
[2025-09-18T05:28:07.528+0000] {warnings.py:112} WARNING - /home/***/.local/lib/python3.12/site-packages/***/task/task_runner/standard_task_runner.py:70: DeprecationWarning: This process (pid=78) is multi-threaded, use of fork() may lead to deadlocks in the child.
  pid = os.fork()

[2025-09-18T05:28:07.531+0000] {standard_task_runner.py:72} INFO - Started process 83 to run task
[2025-09-18T05:28:07.531+0000] {standard_task_runner.py:104} INFO - Running: ['***', 'tasks', 'run', 'conditional_dataset_and_time_based_timetable', 'conditional_dataset_and_time_based_timetable', 'manual__2025-09-18T05:27:58.981350+00:00', '--job-id', '7', '--raw', '--subdir', '/home/***/.local/lib/python3.12/site-packages/***/example_dags/example_datasets.py', '--cfg-path', '/tmp/tmpwft7_4be']
[2025-09-18T05:28:07.533+0000] {standard_task_runner.py:105} INFO - Job 7: Subtask conditional_dataset_and_time_based_timetable
[2025-09-18T05:28:07.621+0000] {task_command.py:467} INFO - Running <TaskInstance: conditional_dataset_and_time_based_timetable.conditional_dataset_and_time_based_timetable manual__2025-09-18T05:27:58.981350+00:00 [running]> on host 7f8c5cf1dc7b
[2025-09-18T05:28:07.727+0000] {taskinstance.py:3131} INFO - Exporting env vars: AIRFLOW_CTX_DAG_OWNER='***' AIRFLOW_CTX_DAG_ID='conditional_dataset_and_time_based_timetable' AIRFLOW_CTX_TASK_ID='conditional_dataset_and_time_based_timetable' AIRFLOW_CTX_EXECUTION_DATE='2025-09-18T05:27:58.981350+00:00' AIRFLOW_CTX_TRY_NUMBER='1' AIRFLOW_CTX_DAG_RUN_ID='manual__2025-09-18T05:27:58.981350+00:00'
[2025-09-18T05:28:07.729+0000] {logging_mixin.py:190} INFO - Task instance is in running state
[2025-09-18T05:28:07.730+0000] {logging_mixin.py:190} INFO -  Previous state of the Task instance: queued
[2025-09-18T05:28:07.731+0000] {logging_mixin.py:190} INFO - Current task name:conditional_dataset_and_time_based_timetable state:running start_date:2025-09-18 05:28:07.491926+00:00
[2025-09-18T05:28:07.731+0000] {logging_mixin.py:190} INFO - Dag name:conditional_dataset_and_time_based_timetable and current dag run status:running
[2025-09-18T05:28:07.732+0000] {taskinstance.py:731} INFO - ::endgroup::
[2025-09-18T05:28:07.733+0000] {subprocess.py:63} INFO - Tmp dir root location: /tmp
[2025-09-18T05:28:07.735+0000] {subprocess.py:75} INFO - Running command: ['/usr/bin/bash', '-c', 'sleep 5']
[2025-09-18T05:28:07.751+0000] {subprocess.py:86} INFO - Output:
[2025-09-18T05:28:12.741+0000] {subprocess.py:97} INFO - Command exited with return code 0
[2025-09-18T05:28:12.828+0000] {taskinstance.py:340} INFO - ::group::Post task execution logs
[2025-09-18T05:28:12.829+0000] {taskinstance.py:352} INFO - Marking task as SUCCESS. dag_id=conditional_dataset_and_time_based_timetable, task_id=conditional_dataset_and_time_based_timetable, run_id=manual__2025-09-18T05:27:58.981350+00:00, execution_date=20250918T052758, start_date=20250918T052807, end_date=20250918T052812
[2025-09-18T05:28:12.871+0000] {logging_mixin.py:190} INFO - Task instance in success state
[2025-09-18T05:28:12.872+0000] {logging_mixin.py:190} INFO -  Previous state of the Task instance: running
[2025-09-18T05:28:12.875+0000] {logging_mixin.py:190} INFO - Dag name:conditional_dataset_and_time_based_timetable queued_at:2025-09-18 05:27:59.059045+00:00
[2025-09-18T05:28:12.876+0000] {logging_mixin.py:190} INFO - Task hostname:7f8c5cf1dc7b operator:BashOperator
[2025-09-18T05:28:12.897+0000] {local_task_job_runner.py:266} INFO - Task exited with return code 0
[2025-09-18T05:28:12.928+0000] {taskinstance.py:3900} INFO - 0 downstream tasks scheduled from follow-on schedule check
[2025-09-18T05:28:12.933+0000] {local_task_job_runner.py:245} INFO - ::endgroup::
