[2025-09-18T05:36:14.836+0000] {local_task_job_runner.py:123} INFO - ::group::Pre task execution logs
[2025-09-18T05:36:14.864+0000] {taskinstance.py:2612} INFO - Dependencies all met for dep_context=non-requeueable deps ti=<TaskInstance: example_branch_datetime_operator_3.datetime_branch scheduled__2025-09-17T00:00:00+00:00 [queued]>
[2025-09-18T05:36:14.878+0000] {taskinstance.py:2612} INFO - Dependencies all met for dep_context=requeueable deps ti=<TaskInstance: example_branch_datetime_operator_3.datetime_branch scheduled__2025-09-17T00:00:00+00:00 [queued]>
[2025-09-18T05:36:14.879+0000] {taskinstance.py:2865} INFO - Starting attempt 1 of 1
[2025-09-18T05:36:14.905+0000] {taskinstance.py:2888} INFO - Executing <Task(BranchDateTimeOperator): datetime_branch> on 2025-09-17 00:00:00+00:00
[2025-09-18T05:36:14.923+0000] {warnings.py:112} WARNING - /home/***/.local/lib/python3.12/site-packages/***/task/task_runner/standard_task_runner.py:70: DeprecationWarning: This process (pid=290) is multi-threaded, use of fork() may lead to deadlocks in the child.
  pid = os.fork()

[2025-09-18T05:36:14.926+0000] {standard_task_runner.py:72} INFO - Started process 294 to run task
[2025-09-18T05:36:14.928+0000] {standard_task_runner.py:104} INFO - Running: ['***', 'tasks', 'run', 'example_branch_datetime_operator_3', 'datetime_branch', 'scheduled__2025-09-17T00:00:00+00:00', '--job-id', '31', '--raw', '--subdir', '/home/***/.local/lib/python3.12/site-packages/***/example_dags/example_branch_datetime_operator.py', '--cfg-path', '/tmp/tmpucp9tyrt']
[2025-09-18T05:36:14.931+0000] {standard_task_runner.py:105} INFO - Job 31: Subtask datetime_branch
[2025-09-18T05:36:15.024+0000] {task_command.py:467} INFO - Running <TaskInstance: example_branch_datetime_operator_3.datetime_branch scheduled__2025-09-17T00:00:00+00:00 [running]> on host 7f8c5cf1dc7b
[2025-09-18T05:36:15.144+0000] {taskinstance.py:3131} INFO - Exporting env vars: AIRFLOW_CTX_DAG_OWNER='***' AIRFLOW_CTX_DAG_ID='example_branch_datetime_operator_3' AIRFLOW_CTX_TASK_ID='datetime_branch' AIRFLOW_CTX_EXECUTION_DATE='2025-09-17T00:00:00+00:00' AIRFLOW_CTX_TRY_NUMBER='1' AIRFLOW_CTX_DAG_RUN_ID='scheduled__2025-09-17T00:00:00+00:00'
[2025-09-18T05:36:15.147+0000] {logging_mixin.py:190} INFO - Task instance is in running state
[2025-09-18T05:36:15.149+0000] {logging_mixin.py:190} INFO -  Previous state of the Task instance: queued
[2025-09-18T05:36:15.151+0000] {logging_mixin.py:190} INFO - Current task name:datetime_branch state:running start_date:2025-09-18 05:36:14.865535+00:00
[2025-09-18T05:36:15.153+0000] {logging_mixin.py:190} INFO - Dag name:example_branch_datetime_operator_3 and current dag run status:running
[2025-09-18T05:36:15.154+0000] {taskinstance.py:731} INFO - ::endgroup::
[2025-09-18T05:36:15.155+0000] {branch.py:38} INFO - Branch into ['date_outside_range']
[2025-09-18T05:36:15.156+0000] {skipmixin.py:230} INFO - Following branch ('date_outside_range',)
[2025-09-18T05:36:15.177+0000] {skipmixin.py:278} INFO - Skipping tasks [('date_in_range', -1)]
[2025-09-18T05:36:15.229+0000] {taskinstance.py:340} INFO - ::group::Post task execution logs
[2025-09-18T05:36:15.230+0000] {taskinstance.py:352} INFO - Marking task as SUCCESS. dag_id=example_branch_datetime_operator_3, task_id=datetime_branch, run_id=scheduled__2025-09-17T00:00:00+00:00, execution_date=20250917T000000, start_date=20250918T053614, end_date=20250918T053615
[2025-09-18T05:36:15.246+0000] {logging_mixin.py:190} INFO - Task instance in success state
[2025-09-18T05:36:15.247+0000] {logging_mixin.py:190} INFO -  Previous state of the Task instance: running
[2025-09-18T05:36:15.249+0000] {logging_mixin.py:190} INFO - Dag name:example_branch_datetime_operator_3 queued_at:2025-09-18 05:36:12.797544+00:00
[2025-09-18T05:36:15.250+0000] {logging_mixin.py:190} INFO - Task hostname:7f8c5cf1dc7b operator:BranchDateTimeOperator
[2025-09-18T05:36:15.304+0000] {local_task_job_runner.py:266} INFO - Task exited with return code 0
[2025-09-18T05:36:15.333+0000] {taskinstance.py:3900} INFO - 0 downstream tasks scheduled from follow-on schedule check
[2025-09-18T05:36:15.336+0000] {local_task_job_runner.py:245} INFO - ::endgroup::
