[2025-09-17T11:43:31.389+0000] {processor.py:186} INFO - Started process (PID=187) to work on /home/airflow/.local/lib/python3.12/site-packages/airflow/example_dags/example_workday_timetable.py
[2025-09-17T11:43:31.391+0000] {processor.py:914} INFO - Processing file /home/airflow/.local/lib/python3.12/site-packages/airflow/example_dags/example_workday_timetable.py for tasks to queue
[2025-09-17T11:43:31.397+0000] {logging_mixin.py:190} INFO - [2025-09-17T11:43:31.396+0000] {dagbag.py:588} INFO - Filling up the DagBag from /home/airflow/.local/lib/python3.12/site-packages/airflow/example_dags/example_workday_timetable.py
[2025-09-17T11:43:31.411+0000] {processor.py:925} INFO - DAG(s) 'example_workday_timetable' retrieved from /home/airflow/.local/lib/python3.12/site-packages/airflow/example_dags/example_workday_timetable.py
[2025-09-17T11:43:31.585+0000] {logging_mixin.py:190} INFO - [2025-09-17T11:43:31.584+0000] {override.py:1900} INFO - Created Permission View: can delete on DAG:example_workday_timetable
[2025-09-17T11:43:31.599+0000] {logging_mixin.py:190} INFO - [2025-09-17T11:43:31.598+0000] {override.py:1900} INFO - Created Permission View: can edit on DAG:example_workday_timetable
[2025-09-17T11:43:31.609+0000] {logging_mixin.py:190} INFO - [2025-09-17T11:43:31.609+0000] {override.py:1900} INFO - Created Permission View: can read on DAG:example_workday_timetable
[2025-09-17T11:43:31.620+0000] {logging_mixin.py:190} INFO - [2025-09-17T11:43:31.619+0000] {override.py:1900} INFO - Created Permission View: can delete on DAG Run:example_workday_timetable
[2025-09-17T11:43:31.629+0000] {logging_mixin.py:190} INFO - [2025-09-17T11:43:31.629+0000] {override.py:1900} INFO - Created Permission View: menu access on DAG Run:example_workday_timetable
[2025-09-17T11:43:31.640+0000] {logging_mixin.py:190} INFO - [2025-09-17T11:43:31.639+0000] {override.py:1900} INFO - Created Permission View: can read on DAG Run:example_workday_timetable
[2025-09-17T11:43:31.649+0000] {logging_mixin.py:190} INFO - [2025-09-17T11:43:31.649+0000] {override.py:1900} INFO - Created Permission View: can create on DAG Run:example_workday_timetable
[2025-09-17T11:43:31.651+0000] {logging_mixin.py:190} INFO - [2025-09-17T11:43:31.651+0000] {dag.py:3239} INFO - Sync 1 DAGs
[2025-09-17T11:43:31.668+0000] {logging_mixin.py:190} INFO - [2025-09-17T11:43:31.668+0000] {dag.py:3262} INFO - Creating ORM DAG for example_workday_timetable
[2025-09-17T11:43:31.748+0000] {logging_mixin.py:190} INFO - [2025-09-17T11:43:31.748+0000] {dag.py:4180} INFO - Setting next_dagrun for example_workday_timetable to 2021-01-04 00:00:00+00:00, run_after=2021-01-05 00:00:00+00:00
[2025-09-17T11:43:31.773+0000] {processor.py:208} INFO - Processing /home/airflow/.local/lib/python3.12/site-packages/airflow/example_dags/example_workday_timetable.py took 0.394 seconds
[2025-09-17T11:44:04.588+0000] {processor.py:186} INFO - Started process (PID=95) to work on /home/airflow/.local/lib/python3.12/site-packages/airflow/example_dags/example_workday_timetable.py
[2025-09-17T11:44:04.589+0000] {processor.py:914} INFO - Processing file /home/airflow/.local/lib/python3.12/site-packages/airflow/example_dags/example_workday_timetable.py for tasks to queue
[2025-09-17T11:44:04.593+0000] {logging_mixin.py:190} INFO - [2025-09-17T11:44:04.592+0000] {dagbag.py:588} INFO - Filling up the DagBag from /home/airflow/.local/lib/python3.12/site-packages/airflow/example_dags/example_workday_timetable.py
[2025-09-17T11:44:04.604+0000] {processor.py:925} INFO - DAG(s) 'example_workday_timetable' retrieved from /home/airflow/.local/lib/python3.12/site-packages/airflow/example_dags/example_workday_timetable.py
[2025-09-17T11:44:04.646+0000] {logging_mixin.py:190} INFO - [2025-09-17T11:44:04.646+0000] {dag.py:3239} INFO - Sync 1 DAGs
[2025-09-17T11:44:04.788+0000] {logging_mixin.py:190} INFO - [2025-09-17T11:44:04.787+0000] {dag.py:4180} INFO - Setting next_dagrun for example_workday_timetable to 2021-01-04 00:00:00+00:00, run_after=2021-01-05 00:00:00+00:00
[2025-09-17T11:44:04.833+0000] {processor.py:208} INFO - Processing /home/airflow/.local/lib/python3.12/site-packages/airflow/example_dags/example_workday_timetable.py took 0.254 seconds
[2025-09-17T11:44:35.576+0000] {processor.py:186} INFO - Started process (PID=157) to work on /home/airflow/.local/lib/python3.12/site-packages/airflow/example_dags/example_workday_timetable.py
[2025-09-17T11:44:35.577+0000] {processor.py:914} INFO - Processing file /home/airflow/.local/lib/python3.12/site-packages/airflow/example_dags/example_workday_timetable.py for tasks to queue
[2025-09-17T11:44:35.580+0000] {logging_mixin.py:190} INFO - [2025-09-17T11:44:35.579+0000] {dagbag.py:588} INFO - Filling up the DagBag from /home/airflow/.local/lib/python3.12/site-packages/airflow/example_dags/example_workday_timetable.py
[2025-09-17T11:44:35.588+0000] {processor.py:925} INFO - DAG(s) 'example_workday_timetable' retrieved from /home/airflow/.local/lib/python3.12/site-packages/airflow/example_dags/example_workday_timetable.py
[2025-09-17T11:44:35.611+0000] {logging_mixin.py:190} INFO - [2025-09-17T11:44:35.610+0000] {dag.py:3239} INFO - Sync 1 DAGs
[2025-09-17T11:44:35.686+0000] {logging_mixin.py:190} INFO - [2025-09-17T11:44:35.686+0000] {dag.py:4180} INFO - Setting next_dagrun for example_workday_timetable to 2021-01-04 00:00:00+00:00, run_after=2021-01-05 00:00:00+00:00
[2025-09-17T11:44:35.714+0000] {processor.py:208} INFO - Processing /home/airflow/.local/lib/python3.12/site-packages/airflow/example_dags/example_workday_timetable.py took 0.146 seconds
[2025-09-17T11:45:06.399+0000] {processor.py:186} INFO - Started process (PID=219) to work on /home/airflow/.local/lib/python3.12/site-packages/airflow/example_dags/example_workday_timetable.py
[2025-09-17T11:45:06.400+0000] {processor.py:914} INFO - Processing file /home/airflow/.local/lib/python3.12/site-packages/airflow/example_dags/example_workday_timetable.py for tasks to queue
[2025-09-17T11:45:06.403+0000] {logging_mixin.py:190} INFO - [2025-09-17T11:45:06.403+0000] {dagbag.py:588} INFO - Filling up the DagBag from /home/airflow/.local/lib/python3.12/site-packages/airflow/example_dags/example_workday_timetable.py
[2025-09-17T11:45:06.411+0000] {processor.py:925} INFO - DAG(s) 'example_workday_timetable' retrieved from /home/airflow/.local/lib/python3.12/site-packages/airflow/example_dags/example_workday_timetable.py
[2025-09-17T11:45:06.435+0000] {logging_mixin.py:190} INFO - [2025-09-17T11:45:06.435+0000] {dag.py:3239} INFO - Sync 1 DAGs
[2025-09-17T11:45:06.499+0000] {logging_mixin.py:190} INFO - [2025-09-17T11:45:06.498+0000] {dag.py:4180} INFO - Setting next_dagrun for example_workday_timetable to 2021-01-04 00:00:00+00:00, run_after=2021-01-05 00:00:00+00:00
[2025-09-17T11:45:06.523+0000] {processor.py:208} INFO - Processing /home/airflow/.local/lib/python3.12/site-packages/airflow/example_dags/example_workday_timetable.py took 0.131 seconds
[2025-09-17T11:45:37.362+0000] {processor.py:186} INFO - Started process (PID=281) to work on /home/airflow/.local/lib/python3.12/site-packages/airflow/example_dags/example_workday_timetable.py
[2025-09-17T11:45:37.363+0000] {processor.py:914} INFO - Processing file /home/airflow/.local/lib/python3.12/site-packages/airflow/example_dags/example_workday_timetable.py for tasks to queue
[2025-09-17T11:45:37.366+0000] {logging_mixin.py:190} INFO - [2025-09-17T11:45:37.366+0000] {dagbag.py:588} INFO - Filling up the DagBag from /home/airflow/.local/lib/python3.12/site-packages/airflow/example_dags/example_workday_timetable.py
[2025-09-17T11:45:37.373+0000] {processor.py:925} INFO - DAG(s) 'example_workday_timetable' retrieved from /home/airflow/.local/lib/python3.12/site-packages/airflow/example_dags/example_workday_timetable.py
[2025-09-17T11:45:37.398+0000] {logging_mixin.py:190} INFO - [2025-09-17T11:45:37.398+0000] {dag.py:3239} INFO - Sync 1 DAGs
[2025-09-17T11:45:37.465+0000] {logging_mixin.py:190} INFO - [2025-09-17T11:45:37.465+0000] {dag.py:4180} INFO - Setting next_dagrun for example_workday_timetable to 2021-01-04 00:00:00+00:00, run_after=2021-01-05 00:00:00+00:00
[2025-09-17T11:45:37.487+0000] {processor.py:208} INFO - Processing /home/airflow/.local/lib/python3.12/site-packages/airflow/example_dags/example_workday_timetable.py took 0.132 seconds
[2025-09-17T11:46:08.370+0000] {processor.py:186} INFO - Started process (PID=344) to work on /home/airflow/.local/lib/python3.12/site-packages/airflow/example_dags/example_workday_timetable.py
[2025-09-17T11:46:08.372+0000] {processor.py:914} INFO - Processing file /home/airflow/.local/lib/python3.12/site-packages/airflow/example_dags/example_workday_timetable.py for tasks to queue
[2025-09-17T11:46:08.375+0000] {logging_mixin.py:190} INFO - [2025-09-17T11:46:08.375+0000] {dagbag.py:588} INFO - Filling up the DagBag from /home/airflow/.local/lib/python3.12/site-packages/airflow/example_dags/example_workday_timetable.py
[2025-09-17T11:46:08.383+0000] {processor.py:925} INFO - DAG(s) 'example_workday_timetable' retrieved from /home/airflow/.local/lib/python3.12/site-packages/airflow/example_dags/example_workday_timetable.py
[2025-09-17T11:46:08.411+0000] {logging_mixin.py:190} INFO - [2025-09-17T11:46:08.411+0000] {dag.py:3239} INFO - Sync 1 DAGs
[2025-09-17T11:46:08.479+0000] {logging_mixin.py:190} INFO - [2025-09-17T11:46:08.479+0000] {dag.py:4180} INFO - Setting next_dagrun for example_workday_timetable to 2021-01-04 00:00:00+00:00, run_after=2021-01-05 00:00:00+00:00
[2025-09-17T11:46:08.506+0000] {processor.py:208} INFO - Processing /home/airflow/.local/lib/python3.12/site-packages/airflow/example_dags/example_workday_timetable.py took 0.143 seconds
[2025-09-17T11:46:38.975+0000] {processor.py:186} INFO - Started process (PID=406) to work on /home/airflow/.local/lib/python3.12/site-packages/airflow/example_dags/example_workday_timetable.py
[2025-09-17T11:46:38.976+0000] {processor.py:914} INFO - Processing file /home/airflow/.local/lib/python3.12/site-packages/airflow/example_dags/example_workday_timetable.py for tasks to queue
[2025-09-17T11:46:38.981+0000] {logging_mixin.py:190} INFO - [2025-09-17T11:46:38.980+0000] {dagbag.py:588} INFO - Filling up the DagBag from /home/airflow/.local/lib/python3.12/site-packages/airflow/example_dags/example_workday_timetable.py
[2025-09-17T11:46:38.990+0000] {processor.py:925} INFO - DAG(s) 'example_workday_timetable' retrieved from /home/airflow/.local/lib/python3.12/site-packages/airflow/example_dags/example_workday_timetable.py
[2025-09-17T11:46:39.017+0000] {logging_mixin.py:190} INFO - [2025-09-17T11:46:39.017+0000] {dag.py:3239} INFO - Sync 1 DAGs
[2025-09-17T11:46:39.096+0000] {logging_mixin.py:190} INFO - [2025-09-17T11:46:39.096+0000] {dag.py:4180} INFO - Setting next_dagrun for example_workday_timetable to 2021-01-04 00:00:00+00:00, run_after=2021-01-05 00:00:00+00:00
[2025-09-17T11:46:39.122+0000] {processor.py:208} INFO - Processing /home/airflow/.local/lib/python3.12/site-packages/airflow/example_dags/example_workday_timetable.py took 0.156 seconds
[2025-09-17T11:47:09.771+0000] {processor.py:186} INFO - Started process (PID=468) to work on /home/airflow/.local/lib/python3.12/site-packages/airflow/example_dags/example_workday_timetable.py
[2025-09-17T11:47:09.773+0000] {processor.py:914} INFO - Processing file /home/airflow/.local/lib/python3.12/site-packages/airflow/example_dags/example_workday_timetable.py for tasks to queue
[2025-09-17T11:47:09.776+0000] {logging_mixin.py:190} INFO - [2025-09-17T11:47:09.776+0000] {dagbag.py:588} INFO - Filling up the DagBag from /home/airflow/.local/lib/python3.12/site-packages/airflow/example_dags/example_workday_timetable.py
[2025-09-17T11:47:09.783+0000] {processor.py:925} INFO - DAG(s) 'example_workday_timetable' retrieved from /home/airflow/.local/lib/python3.12/site-packages/airflow/example_dags/example_workday_timetable.py
[2025-09-17T11:47:09.809+0000] {logging_mixin.py:190} INFO - [2025-09-17T11:47:09.809+0000] {dag.py:3239} INFO - Sync 1 DAGs
[2025-09-17T11:47:09.886+0000] {logging_mixin.py:190} INFO - [2025-09-17T11:47:09.886+0000] {dag.py:4180} INFO - Setting next_dagrun for example_workday_timetable to 2021-01-04 00:00:00+00:00, run_after=2021-01-05 00:00:00+00:00
[2025-09-17T11:47:09.910+0000] {processor.py:208} INFO - Processing /home/airflow/.local/lib/python3.12/site-packages/airflow/example_dags/example_workday_timetable.py took 0.146 seconds
[2025-09-17T11:47:40.435+0000] {processor.py:186} INFO - Started process (PID=531) to work on /home/airflow/.local/lib/python3.12/site-packages/airflow/example_dags/example_workday_timetable.py
[2025-09-17T11:47:40.436+0000] {processor.py:914} INFO - Processing file /home/airflow/.local/lib/python3.12/site-packages/airflow/example_dags/example_workday_timetable.py for tasks to queue
[2025-09-17T11:47:40.439+0000] {logging_mixin.py:190} INFO - [2025-09-17T11:47:40.439+0000] {dagbag.py:588} INFO - Filling up the DagBag from /home/airflow/.local/lib/python3.12/site-packages/airflow/example_dags/example_workday_timetable.py
[2025-09-17T11:47:40.447+0000] {processor.py:925} INFO - DAG(s) 'example_workday_timetable' retrieved from /home/airflow/.local/lib/python3.12/site-packages/airflow/example_dags/example_workday_timetable.py
[2025-09-17T11:47:40.472+0000] {logging_mixin.py:190} INFO - [2025-09-17T11:47:40.471+0000] {dag.py:3239} INFO - Sync 1 DAGs
[2025-09-17T11:47:40.548+0000] {logging_mixin.py:190} INFO - [2025-09-17T11:47:40.547+0000] {dag.py:4180} INFO - Setting next_dagrun for example_workday_timetable to 2021-01-04 00:00:00+00:00, run_after=2021-01-05 00:00:00+00:00
[2025-09-17T11:47:40.573+0000] {processor.py:208} INFO - Processing /home/airflow/.local/lib/python3.12/site-packages/airflow/example_dags/example_workday_timetable.py took 0.145 seconds
[2025-09-17T11:48:10.704+0000] {processor.py:186} INFO - Started process (PID=593) to work on /home/airflow/.local/lib/python3.12/site-packages/airflow/example_dags/example_workday_timetable.py
[2025-09-17T11:48:10.707+0000] {processor.py:914} INFO - Processing file /home/airflow/.local/lib/python3.12/site-packages/airflow/example_dags/example_workday_timetable.py for tasks to queue
[2025-09-17T11:48:10.710+0000] {logging_mixin.py:190} INFO - [2025-09-17T11:48:10.710+0000] {dagbag.py:588} INFO - Filling up the DagBag from /home/airflow/.local/lib/python3.12/site-packages/airflow/example_dags/example_workday_timetable.py
[2025-09-17T11:48:10.718+0000] {processor.py:925} INFO - DAG(s) 'example_workday_timetable' retrieved from /home/airflow/.local/lib/python3.12/site-packages/airflow/example_dags/example_workday_timetable.py
[2025-09-17T11:48:10.747+0000] {logging_mixin.py:190} INFO - [2025-09-17T11:48:10.746+0000] {dag.py:3239} INFO - Sync 1 DAGs
[2025-09-17T11:48:10.838+0000] {logging_mixin.py:190} INFO - [2025-09-17T11:48:10.838+0000] {dag.py:4180} INFO - Setting next_dagrun for example_workday_timetable to 2021-01-04 00:00:00+00:00, run_after=2021-01-05 00:00:00+00:00
[2025-09-17T11:48:10.873+0000] {processor.py:208} INFO - Processing /home/airflow/.local/lib/python3.12/site-packages/airflow/example_dags/example_workday_timetable.py took 0.176 seconds
[2025-09-17T11:48:41.328+0000] {processor.py:186} INFO - Started process (PID=655) to work on /home/airflow/.local/lib/python3.12/site-packages/airflow/example_dags/example_workday_timetable.py
[2025-09-17T11:48:41.330+0000] {processor.py:914} INFO - Processing file /home/airflow/.local/lib/python3.12/site-packages/airflow/example_dags/example_workday_timetable.py for tasks to queue
[2025-09-17T11:48:41.333+0000] {logging_mixin.py:190} INFO - [2025-09-17T11:48:41.332+0000] {dagbag.py:588} INFO - Filling up the DagBag from /home/airflow/.local/lib/python3.12/site-packages/airflow/example_dags/example_workday_timetable.py
[2025-09-17T11:48:41.341+0000] {processor.py:925} INFO - DAG(s) 'example_workday_timetable' retrieved from /home/airflow/.local/lib/python3.12/site-packages/airflow/example_dags/example_workday_timetable.py
[2025-09-17T11:48:41.366+0000] {logging_mixin.py:190} INFO - [2025-09-17T11:48:41.366+0000] {dag.py:3239} INFO - Sync 1 DAGs
[2025-09-17T11:48:41.431+0000] {logging_mixin.py:190} INFO - [2025-09-17T11:48:41.430+0000] {dag.py:4180} INFO - Setting next_dagrun for example_workday_timetable to 2021-01-04 00:00:00+00:00, run_after=2021-01-05 00:00:00+00:00
[2025-09-17T11:48:41.453+0000] {processor.py:208} INFO - Processing /home/airflow/.local/lib/python3.12/site-packages/airflow/example_dags/example_workday_timetable.py took 0.135 seconds
[2025-09-17T11:49:12.134+0000] {processor.py:186} INFO - Started process (PID=718) to work on /home/airflow/.local/lib/python3.12/site-packages/airflow/example_dags/example_workday_timetable.py
[2025-09-17T11:49:12.135+0000] {processor.py:914} INFO - Processing file /home/airflow/.local/lib/python3.12/site-packages/airflow/example_dags/example_workday_timetable.py for tasks to queue
[2025-09-17T11:49:12.138+0000] {logging_mixin.py:190} INFO - [2025-09-17T11:49:12.138+0000] {dagbag.py:588} INFO - Filling up the DagBag from /home/airflow/.local/lib/python3.12/site-packages/airflow/example_dags/example_workday_timetable.py
[2025-09-17T11:49:12.148+0000] {processor.py:925} INFO - DAG(s) 'example_workday_timetable' retrieved from /home/airflow/.local/lib/python3.12/site-packages/airflow/example_dags/example_workday_timetable.py
[2025-09-17T11:49:12.178+0000] {logging_mixin.py:190} INFO - [2025-09-17T11:49:12.178+0000] {dag.py:3239} INFO - Sync 1 DAGs
[2025-09-17T11:49:12.284+0000] {logging_mixin.py:190} INFO - [2025-09-17T11:49:12.283+0000] {dag.py:4180} INFO - Setting next_dagrun for example_workday_timetable to 2021-01-04 00:00:00+00:00, run_after=2021-01-05 00:00:00+00:00
[2025-09-17T11:49:12.316+0000] {processor.py:208} INFO - Processing /home/airflow/.local/lib/python3.12/site-packages/airflow/example_dags/example_workday_timetable.py took 0.191 seconds
[2025-09-17T11:49:42.383+0000] {processor.py:186} INFO - Started process (PID=780) to work on /home/airflow/.local/lib/python3.12/site-packages/airflow/example_dags/example_workday_timetable.py
[2025-09-17T11:49:42.385+0000] {processor.py:914} INFO - Processing file /home/airflow/.local/lib/python3.12/site-packages/airflow/example_dags/example_workday_timetable.py for tasks to queue
[2025-09-17T11:49:42.388+0000] {logging_mixin.py:190} INFO - [2025-09-17T11:49:42.388+0000] {dagbag.py:588} INFO - Filling up the DagBag from /home/airflow/.local/lib/python3.12/site-packages/airflow/example_dags/example_workday_timetable.py
[2025-09-17T11:49:42.396+0000] {processor.py:925} INFO - DAG(s) 'example_workday_timetable' retrieved from /home/airflow/.local/lib/python3.12/site-packages/airflow/example_dags/example_workday_timetable.py
[2025-09-17T11:49:42.423+0000] {logging_mixin.py:190} INFO - [2025-09-17T11:49:42.422+0000] {dag.py:3239} INFO - Sync 1 DAGs
[2025-09-17T11:49:42.510+0000] {logging_mixin.py:190} INFO - [2025-09-17T11:49:42.510+0000] {dag.py:4180} INFO - Setting next_dagrun for example_workday_timetable to 2021-01-04 00:00:00+00:00, run_after=2021-01-05 00:00:00+00:00
[2025-09-17T11:49:42.538+0000] {processor.py:208} INFO - Processing /home/airflow/.local/lib/python3.12/site-packages/airflow/example_dags/example_workday_timetable.py took 0.164 seconds
[2025-09-17T11:50:13.301+0000] {processor.py:186} INFO - Started process (PID=843) to work on /home/airflow/.local/lib/python3.12/site-packages/airflow/example_dags/example_workday_timetable.py
[2025-09-17T11:50:13.303+0000] {processor.py:914} INFO - Processing file /home/airflow/.local/lib/python3.12/site-packages/airflow/example_dags/example_workday_timetable.py for tasks to queue
[2025-09-17T11:50:13.310+0000] {logging_mixin.py:190} INFO - [2025-09-17T11:50:13.310+0000] {dagbag.py:588} INFO - Filling up the DagBag from /home/airflow/.local/lib/python3.12/site-packages/airflow/example_dags/example_workday_timetable.py
[2025-09-17T11:50:13.318+0000] {processor.py:925} INFO - DAG(s) 'example_workday_timetable' retrieved from /home/airflow/.local/lib/python3.12/site-packages/airflow/example_dags/example_workday_timetable.py
[2025-09-17T11:50:13.347+0000] {logging_mixin.py:190} INFO - [2025-09-17T11:50:13.346+0000] {dag.py:3239} INFO - Sync 1 DAGs
[2025-09-17T11:50:13.464+0000] {logging_mixin.py:190} INFO - [2025-09-17T11:50:13.464+0000] {dag.py:4180} INFO - Setting next_dagrun for example_workday_timetable to 2021-01-04 00:00:00+00:00, run_after=2021-01-05 00:00:00+00:00
[2025-09-17T11:50:13.492+0000] {processor.py:208} INFO - Processing /home/airflow/.local/lib/python3.12/site-packages/airflow/example_dags/example_workday_timetable.py took 0.198 seconds
[2025-09-17T11:50:44.988+0000] {processor.py:186} INFO - Started process (PID=904) to work on /home/airflow/.local/lib/python3.12/site-packages/airflow/example_dags/example_workday_timetable.py
[2025-09-17T11:50:44.989+0000] {processor.py:914} INFO - Processing file /home/airflow/.local/lib/python3.12/site-packages/airflow/example_dags/example_workday_timetable.py for tasks to queue
[2025-09-17T11:50:44.993+0000] {logging_mixin.py:190} INFO - [2025-09-17T11:50:44.992+0000] {dagbag.py:588} INFO - Filling up the DagBag from /home/airflow/.local/lib/python3.12/site-packages/airflow/example_dags/example_workday_timetable.py
[2025-09-17T11:50:45.000+0000] {processor.py:925} INFO - DAG(s) 'example_workday_timetable' retrieved from /home/airflow/.local/lib/python3.12/site-packages/airflow/example_dags/example_workday_timetable.py
[2025-09-17T11:50:45.028+0000] {logging_mixin.py:190} INFO - [2025-09-17T11:50:45.028+0000] {dag.py:3239} INFO - Sync 1 DAGs
[2025-09-17T11:50:45.125+0000] {logging_mixin.py:190} INFO - [2025-09-17T11:50:45.125+0000] {dag.py:4180} INFO - Setting next_dagrun for example_workday_timetable to 2021-01-04 00:00:00+00:00, run_after=2021-01-05 00:00:00+00:00
[2025-09-17T11:50:45.158+0000] {processor.py:208} INFO - Processing /home/airflow/.local/lib/python3.12/site-packages/airflow/example_dags/example_workday_timetable.py took 0.178 seconds
[2025-09-17T11:51:15.231+0000] {processor.py:186} INFO - Started process (PID=966) to work on /home/airflow/.local/lib/python3.12/site-packages/airflow/example_dags/example_workday_timetable.py
[2025-09-17T11:51:15.233+0000] {processor.py:914} INFO - Processing file /home/airflow/.local/lib/python3.12/site-packages/airflow/example_dags/example_workday_timetable.py for tasks to queue
[2025-09-17T11:51:15.238+0000] {logging_mixin.py:190} INFO - [2025-09-17T11:51:15.237+0000] {dagbag.py:588} INFO - Filling up the DagBag from /home/airflow/.local/lib/python3.12/site-packages/airflow/example_dags/example_workday_timetable.py
[2025-09-17T11:51:15.246+0000] {processor.py:925} INFO - DAG(s) 'example_workday_timetable' retrieved from /home/airflow/.local/lib/python3.12/site-packages/airflow/example_dags/example_workday_timetable.py
[2025-09-17T11:51:15.271+0000] {logging_mixin.py:190} INFO - [2025-09-17T11:51:15.270+0000] {dag.py:3239} INFO - Sync 1 DAGs
[2025-09-17T11:51:15.345+0000] {logging_mixin.py:190} INFO - [2025-09-17T11:51:15.345+0000] {dag.py:4180} INFO - Setting next_dagrun for example_workday_timetable to 2021-01-04 00:00:00+00:00, run_after=2021-01-05 00:00:00+00:00
[2025-09-17T11:51:15.376+0000] {processor.py:208} INFO - Processing /home/airflow/.local/lib/python3.12/site-packages/airflow/example_dags/example_workday_timetable.py took 0.152 seconds
[2025-09-17T11:51:45.685+0000] {processor.py:186} INFO - Started process (PID=1028) to work on /home/airflow/.local/lib/python3.12/site-packages/airflow/example_dags/example_workday_timetable.py
[2025-09-17T11:51:45.687+0000] {processor.py:914} INFO - Processing file /home/airflow/.local/lib/python3.12/site-packages/airflow/example_dags/example_workday_timetable.py for tasks to queue
[2025-09-17T11:51:45.690+0000] {logging_mixin.py:190} INFO - [2025-09-17T11:51:45.689+0000] {dagbag.py:588} INFO - Filling up the DagBag from /home/airflow/.local/lib/python3.12/site-packages/airflow/example_dags/example_workday_timetable.py
[2025-09-17T11:51:45.697+0000] {processor.py:925} INFO - DAG(s) 'example_workday_timetable' retrieved from /home/airflow/.local/lib/python3.12/site-packages/airflow/example_dags/example_workday_timetable.py
[2025-09-17T11:51:45.722+0000] {logging_mixin.py:190} INFO - [2025-09-17T11:51:45.721+0000] {dag.py:3239} INFO - Sync 1 DAGs
[2025-09-17T11:51:45.792+0000] {logging_mixin.py:190} INFO - [2025-09-17T11:51:45.792+0000] {dag.py:4180} INFO - Setting next_dagrun for example_workday_timetable to 2021-01-04 00:00:00+00:00, run_after=2021-01-05 00:00:00+00:00
[2025-09-17T11:51:45.820+0000] {processor.py:208} INFO - Processing /home/airflow/.local/lib/python3.12/site-packages/airflow/example_dags/example_workday_timetable.py took 0.142 seconds
[2025-09-17T11:52:16.203+0000] {processor.py:186} INFO - Started process (PID=1090) to work on /home/airflow/.local/lib/python3.12/site-packages/airflow/example_dags/example_workday_timetable.py
[2025-09-17T11:52:16.204+0000] {processor.py:914} INFO - Processing file /home/airflow/.local/lib/python3.12/site-packages/airflow/example_dags/example_workday_timetable.py for tasks to queue
[2025-09-17T11:52:16.208+0000] {logging_mixin.py:190} INFO - [2025-09-17T11:52:16.207+0000] {dagbag.py:588} INFO - Filling up the DagBag from /home/airflow/.local/lib/python3.12/site-packages/airflow/example_dags/example_workday_timetable.py
[2025-09-17T11:52:16.215+0000] {processor.py:925} INFO - DAG(s) 'example_workday_timetable' retrieved from /home/airflow/.local/lib/python3.12/site-packages/airflow/example_dags/example_workday_timetable.py
[2025-09-17T11:52:16.241+0000] {logging_mixin.py:190} INFO - [2025-09-17T11:52:16.241+0000] {dag.py:3239} INFO - Sync 1 DAGs
[2025-09-17T11:52:16.318+0000] {logging_mixin.py:190} INFO - [2025-09-17T11:52:16.318+0000] {dag.py:4180} INFO - Setting next_dagrun for example_workday_timetable to 2021-01-04 00:00:00+00:00, run_after=2021-01-05 00:00:00+00:00
[2025-09-17T11:52:16.344+0000] {processor.py:208} INFO - Processing /home/airflow/.local/lib/python3.12/site-packages/airflow/example_dags/example_workday_timetable.py took 0.151 seconds
[2025-09-17T11:52:46.724+0000] {processor.py:186} INFO - Started process (PID=1152) to work on /home/airflow/.local/lib/python3.12/site-packages/airflow/example_dags/example_workday_timetable.py
[2025-09-17T11:52:46.726+0000] {processor.py:914} INFO - Processing file /home/airflow/.local/lib/python3.12/site-packages/airflow/example_dags/example_workday_timetable.py for tasks to queue
[2025-09-17T11:52:46.730+0000] {logging_mixin.py:190} INFO - [2025-09-17T11:52:46.730+0000] {dagbag.py:588} INFO - Filling up the DagBag from /home/airflow/.local/lib/python3.12/site-packages/airflow/example_dags/example_workday_timetable.py
[2025-09-17T11:52:46.738+0000] {processor.py:925} INFO - DAG(s) 'example_workday_timetable' retrieved from /home/airflow/.local/lib/python3.12/site-packages/airflow/example_dags/example_workday_timetable.py
[2025-09-17T11:52:46.765+0000] {logging_mixin.py:190} INFO - [2025-09-17T11:52:46.764+0000] {dag.py:3239} INFO - Sync 1 DAGs
[2025-09-17T11:52:46.841+0000] {logging_mixin.py:190} INFO - [2025-09-17T11:52:46.841+0000] {dag.py:4180} INFO - Setting next_dagrun for example_workday_timetable to 2021-01-04 00:00:00+00:00, run_after=2021-01-05 00:00:00+00:00
[2025-09-17T11:52:46.864+0000] {processor.py:208} INFO - Processing /home/airflow/.local/lib/python3.12/site-packages/airflow/example_dags/example_workday_timetable.py took 0.149 seconds
[2025-09-17T11:53:17.425+0000] {processor.py:186} INFO - Started process (PID=1214) to work on /home/airflow/.local/lib/python3.12/site-packages/airflow/example_dags/example_workday_timetable.py
[2025-09-17T11:53:17.427+0000] {processor.py:914} INFO - Processing file /home/airflow/.local/lib/python3.12/site-packages/airflow/example_dags/example_workday_timetable.py for tasks to queue
[2025-09-17T11:53:17.432+0000] {logging_mixin.py:190} INFO - [2025-09-17T11:53:17.431+0000] {dagbag.py:588} INFO - Filling up the DagBag from /home/airflow/.local/lib/python3.12/site-packages/airflow/example_dags/example_workday_timetable.py
[2025-09-17T11:53:17.442+0000] {processor.py:925} INFO - DAG(s) 'example_workday_timetable' retrieved from /home/airflow/.local/lib/python3.12/site-packages/airflow/example_dags/example_workday_timetable.py
[2025-09-17T11:53:17.474+0000] {logging_mixin.py:190} INFO - [2025-09-17T11:53:17.473+0000] {dag.py:3239} INFO - Sync 1 DAGs
[2025-09-17T11:53:17.566+0000] {logging_mixin.py:190} INFO - [2025-09-17T11:53:17.565+0000] {dag.py:4180} INFO - Setting next_dagrun for example_workday_timetable to 2021-01-04 00:00:00+00:00, run_after=2021-01-05 00:00:00+00:00
[2025-09-17T11:53:17.592+0000] {processor.py:208} INFO - Processing /home/airflow/.local/lib/python3.12/site-packages/airflow/example_dags/example_workday_timetable.py took 0.175 seconds
