[2025-09-17T11:43:32.736+0000] {processor.py:186} INFO - Started process (PID=193) to work on /home/airflow/.local/lib/python3.12/site-packages/airflow/example_dags/example_trigger_target_dag.py
[2025-09-17T11:43:32.738+0000] {processor.py:914} INFO - Processing file /home/airflow/.local/lib/python3.12/site-packages/airflow/example_dags/example_trigger_target_dag.py for tasks to queue
[2025-09-17T11:43:32.742+0000] {logging_mixin.py:190} INFO - [2025-09-17T11:43:32.742+0000] {dagbag.py:588} INFO - Filling up the DagBag from /home/airflow/.local/lib/python3.12/site-packages/airflow/example_dags/example_trigger_target_dag.py
[2025-09-17T11:43:32.766+0000] {processor.py:925} INFO - DAG(s) 'example_trigger_target_dag' retrieved from /home/airflow/.local/lib/python3.12/site-packages/airflow/example_dags/example_trigger_target_dag.py
[2025-09-17T11:43:33.076+0000] {logging_mixin.py:190} INFO - [2025-09-17T11:43:33.075+0000] {override.py:1900} INFO - Created Permission View: can delete on DAG:example_trigger_target_dag
[2025-09-17T11:43:33.095+0000] {logging_mixin.py:190} INFO - [2025-09-17T11:43:33.095+0000] {override.py:1900} INFO - Created Permission View: can edit on DAG:example_trigger_target_dag
[2025-09-17T11:43:33.108+0000] {logging_mixin.py:190} INFO - [2025-09-17T11:43:33.108+0000] {override.py:1900} INFO - Created Permission View: can read on DAG:example_trigger_target_dag
[2025-09-17T11:43:33.121+0000] {logging_mixin.py:190} INFO - [2025-09-17T11:43:33.121+0000] {override.py:1900} INFO - Created Permission View: can delete on DAG Run:example_trigger_target_dag
[2025-09-17T11:43:33.133+0000] {logging_mixin.py:190} INFO - [2025-09-17T11:43:33.133+0000] {override.py:1900} INFO - Created Permission View: menu access on DAG Run:example_trigger_target_dag
[2025-09-17T11:43:33.140+0000] {logging_mixin.py:190} INFO - [2025-09-17T11:43:33.140+0000] {override.py:1900} INFO - Created Permission View: can read on DAG Run:example_trigger_target_dag
[2025-09-17T11:43:33.149+0000] {logging_mixin.py:190} INFO - [2025-09-17T11:43:33.148+0000] {override.py:1900} INFO - Created Permission View: can create on DAG Run:example_trigger_target_dag
[2025-09-17T11:43:33.149+0000] {logging_mixin.py:190} INFO - [2025-09-17T11:43:33.149+0000] {dag.py:3239} INFO - Sync 1 DAGs
[2025-09-17T11:43:33.164+0000] {logging_mixin.py:190} INFO - [2025-09-17T11:43:33.164+0000] {dag.py:3262} INFO - Creating ORM DAG for example_trigger_target_dag
[2025-09-17T11:43:33.165+0000] {logging_mixin.py:190} INFO - [2025-09-17T11:43:33.165+0000] {dag.py:4180} INFO - Setting next_dagrun for example_trigger_target_dag to None, run_after=None
[2025-09-17T11:43:33.186+0000] {processor.py:208} INFO - Processing /home/airflow/.local/lib/python3.12/site-packages/airflow/example_dags/example_trigger_target_dag.py took 0.466 seconds
[2025-09-17T11:44:05.341+0000] {processor.py:186} INFO - Started process (PID=101) to work on /home/airflow/.local/lib/python3.12/site-packages/airflow/example_dags/example_trigger_target_dag.py
[2025-09-17T11:44:05.342+0000] {processor.py:914} INFO - Processing file /home/airflow/.local/lib/python3.12/site-packages/airflow/example_dags/example_trigger_target_dag.py for tasks to queue
[2025-09-17T11:44:05.345+0000] {logging_mixin.py:190} INFO - [2025-09-17T11:44:05.345+0000] {dagbag.py:588} INFO - Filling up the DagBag from /home/airflow/.local/lib/python3.12/site-packages/airflow/example_dags/example_trigger_target_dag.py
[2025-09-17T11:44:05.357+0000] {processor.py:925} INFO - DAG(s) 'example_trigger_target_dag' retrieved from /home/airflow/.local/lib/python3.12/site-packages/airflow/example_dags/example_trigger_target_dag.py
[2025-09-17T11:44:05.383+0000] {logging_mixin.py:190} INFO - [2025-09-17T11:44:05.383+0000] {dag.py:3239} INFO - Sync 1 DAGs
[2025-09-17T11:44:05.402+0000] {logging_mixin.py:190} INFO - [2025-09-17T11:44:05.402+0000] {dag.py:4180} INFO - Setting next_dagrun for example_trigger_target_dag to None, run_after=None
[2025-09-17T11:44:05.446+0000] {processor.py:208} INFO - Processing /home/airflow/.local/lib/python3.12/site-packages/airflow/example_dags/example_trigger_target_dag.py took 0.113 seconds
[2025-09-17T11:44:36.064+0000] {processor.py:186} INFO - Started process (PID=163) to work on /home/airflow/.local/lib/python3.12/site-packages/airflow/example_dags/example_trigger_target_dag.py
[2025-09-17T11:44:36.066+0000] {processor.py:914} INFO - Processing file /home/airflow/.local/lib/python3.12/site-packages/airflow/example_dags/example_trigger_target_dag.py for tasks to queue
[2025-09-17T11:44:36.069+0000] {logging_mixin.py:190} INFO - [2025-09-17T11:44:36.068+0000] {dagbag.py:588} INFO - Filling up the DagBag from /home/airflow/.local/lib/python3.12/site-packages/airflow/example_dags/example_trigger_target_dag.py
[2025-09-17T11:44:36.079+0000] {processor.py:925} INFO - DAG(s) 'example_trigger_target_dag' retrieved from /home/airflow/.local/lib/python3.12/site-packages/airflow/example_dags/example_trigger_target_dag.py
[2025-09-17T11:44:36.106+0000] {logging_mixin.py:190} INFO - [2025-09-17T11:44:36.106+0000] {dag.py:3239} INFO - Sync 1 DAGs
[2025-09-17T11:44:36.127+0000] {logging_mixin.py:190} INFO - [2025-09-17T11:44:36.127+0000] {dag.py:4180} INFO - Setting next_dagrun for example_trigger_target_dag to None, run_after=None
[2025-09-17T11:44:36.152+0000] {processor.py:208} INFO - Processing /home/airflow/.local/lib/python3.12/site-packages/airflow/example_dags/example_trigger_target_dag.py took 0.095 seconds
[2025-09-17T11:45:06.902+0000] {processor.py:186} INFO - Started process (PID=225) to work on /home/airflow/.local/lib/python3.12/site-packages/airflow/example_dags/example_trigger_target_dag.py
[2025-09-17T11:45:06.903+0000] {processor.py:914} INFO - Processing file /home/airflow/.local/lib/python3.12/site-packages/airflow/example_dags/example_trigger_target_dag.py for tasks to queue
[2025-09-17T11:45:06.907+0000] {logging_mixin.py:190} INFO - [2025-09-17T11:45:06.907+0000] {dagbag.py:588} INFO - Filling up the DagBag from /home/airflow/.local/lib/python3.12/site-packages/airflow/example_dags/example_trigger_target_dag.py
[2025-09-17T11:45:06.918+0000] {processor.py:925} INFO - DAG(s) 'example_trigger_target_dag' retrieved from /home/airflow/.local/lib/python3.12/site-packages/airflow/example_dags/example_trigger_target_dag.py
[2025-09-17T11:45:06.944+0000] {logging_mixin.py:190} INFO - [2025-09-17T11:45:06.943+0000] {dag.py:3239} INFO - Sync 1 DAGs
[2025-09-17T11:45:06.960+0000] {logging_mixin.py:190} INFO - [2025-09-17T11:45:06.960+0000] {dag.py:4180} INFO - Setting next_dagrun for example_trigger_target_dag to None, run_after=None
[2025-09-17T11:45:06.985+0000] {processor.py:208} INFO - Processing /home/airflow/.local/lib/python3.12/site-packages/airflow/example_dags/example_trigger_target_dag.py took 0.097 seconds
[2025-09-17T11:45:38.056+0000] {processor.py:186} INFO - Started process (PID=287) to work on /home/airflow/.local/lib/python3.12/site-packages/airflow/example_dags/example_trigger_target_dag.py
[2025-09-17T11:45:38.057+0000] {processor.py:914} INFO - Processing file /home/airflow/.local/lib/python3.12/site-packages/airflow/example_dags/example_trigger_target_dag.py for tasks to queue
[2025-09-17T11:45:38.061+0000] {logging_mixin.py:190} INFO - [2025-09-17T11:45:38.060+0000] {dagbag.py:588} INFO - Filling up the DagBag from /home/airflow/.local/lib/python3.12/site-packages/airflow/example_dags/example_trigger_target_dag.py
[2025-09-17T11:45:38.071+0000] {processor.py:925} INFO - DAG(s) 'example_trigger_target_dag' retrieved from /home/airflow/.local/lib/python3.12/site-packages/airflow/example_dags/example_trigger_target_dag.py
[2025-09-17T11:45:38.096+0000] {logging_mixin.py:190} INFO - [2025-09-17T11:45:38.095+0000] {dag.py:3239} INFO - Sync 1 DAGs
[2025-09-17T11:45:38.111+0000] {logging_mixin.py:190} INFO - [2025-09-17T11:45:38.110+0000] {dag.py:4180} INFO - Setting next_dagrun for example_trigger_target_dag to None, run_after=None
[2025-09-17T11:45:38.131+0000] {processor.py:208} INFO - Processing /home/airflow/.local/lib/python3.12/site-packages/airflow/example_dags/example_trigger_target_dag.py took 0.082 seconds
[2025-09-17T11:46:09.072+0000] {processor.py:186} INFO - Started process (PID=350) to work on /home/airflow/.local/lib/python3.12/site-packages/airflow/example_dags/example_trigger_target_dag.py
[2025-09-17T11:46:09.074+0000] {processor.py:914} INFO - Processing file /home/airflow/.local/lib/python3.12/site-packages/airflow/example_dags/example_trigger_target_dag.py for tasks to queue
[2025-09-17T11:46:09.077+0000] {logging_mixin.py:190} INFO - [2025-09-17T11:46:09.076+0000] {dagbag.py:588} INFO - Filling up the DagBag from /home/airflow/.local/lib/python3.12/site-packages/airflow/example_dags/example_trigger_target_dag.py
[2025-09-17T11:46:09.087+0000] {processor.py:925} INFO - DAG(s) 'example_trigger_target_dag' retrieved from /home/airflow/.local/lib/python3.12/site-packages/airflow/example_dags/example_trigger_target_dag.py
[2025-09-17T11:46:09.112+0000] {logging_mixin.py:190} INFO - [2025-09-17T11:46:09.112+0000] {dag.py:3239} INFO - Sync 1 DAGs
[2025-09-17T11:46:09.129+0000] {logging_mixin.py:190} INFO - [2025-09-17T11:46:09.129+0000] {dag.py:4180} INFO - Setting next_dagrun for example_trigger_target_dag to None, run_after=None
[2025-09-17T11:46:09.154+0000] {processor.py:208} INFO - Processing /home/airflow/.local/lib/python3.12/site-packages/airflow/example_dags/example_trigger_target_dag.py took 0.089 seconds
[2025-09-17T11:46:39.474+0000] {processor.py:186} INFO - Started process (PID=412) to work on /home/airflow/.local/lib/python3.12/site-packages/airflow/example_dags/example_trigger_target_dag.py
[2025-09-17T11:46:39.475+0000] {processor.py:914} INFO - Processing file /home/airflow/.local/lib/python3.12/site-packages/airflow/example_dags/example_trigger_target_dag.py for tasks to queue
[2025-09-17T11:46:39.480+0000] {logging_mixin.py:190} INFO - [2025-09-17T11:46:39.479+0000] {dagbag.py:588} INFO - Filling up the DagBag from /home/airflow/.local/lib/python3.12/site-packages/airflow/example_dags/example_trigger_target_dag.py
[2025-09-17T11:46:39.496+0000] {processor.py:925} INFO - DAG(s) 'example_trigger_target_dag' retrieved from /home/airflow/.local/lib/python3.12/site-packages/airflow/example_dags/example_trigger_target_dag.py
[2025-09-17T11:46:39.530+0000] {logging_mixin.py:190} INFO - [2025-09-17T11:46:39.530+0000] {dag.py:3239} INFO - Sync 1 DAGs
[2025-09-17T11:46:39.550+0000] {logging_mixin.py:190} INFO - [2025-09-17T11:46:39.549+0000] {dag.py:4180} INFO - Setting next_dagrun for example_trigger_target_dag to None, run_after=None
[2025-09-17T11:46:39.575+0000] {processor.py:208} INFO - Processing /home/airflow/.local/lib/python3.12/site-packages/airflow/example_dags/example_trigger_target_dag.py took 0.111 seconds
[2025-09-17T11:47:10.239+0000] {processor.py:186} INFO - Started process (PID=474) to work on /home/airflow/.local/lib/python3.12/site-packages/airflow/example_dags/example_trigger_target_dag.py
[2025-09-17T11:47:10.240+0000] {processor.py:914} INFO - Processing file /home/airflow/.local/lib/python3.12/site-packages/airflow/example_dags/example_trigger_target_dag.py for tasks to queue
[2025-09-17T11:47:10.244+0000] {logging_mixin.py:190} INFO - [2025-09-17T11:47:10.244+0000] {dagbag.py:588} INFO - Filling up the DagBag from /home/airflow/.local/lib/python3.12/site-packages/airflow/example_dags/example_trigger_target_dag.py
[2025-09-17T11:47:10.256+0000] {processor.py:925} INFO - DAG(s) 'example_trigger_target_dag' retrieved from /home/airflow/.local/lib/python3.12/site-packages/airflow/example_dags/example_trigger_target_dag.py
[2025-09-17T11:47:10.282+0000] {logging_mixin.py:190} INFO - [2025-09-17T11:47:10.281+0000] {dag.py:3239} INFO - Sync 1 DAGs
[2025-09-17T11:47:10.301+0000] {logging_mixin.py:190} INFO - [2025-09-17T11:47:10.301+0000] {dag.py:4180} INFO - Setting next_dagrun for example_trigger_target_dag to None, run_after=None
[2025-09-17T11:47:10.325+0000] {processor.py:208} INFO - Processing /home/airflow/.local/lib/python3.12/site-packages/airflow/example_dags/example_trigger_target_dag.py took 0.096 seconds
[2025-09-17T11:47:40.935+0000] {processor.py:186} INFO - Started process (PID=537) to work on /home/airflow/.local/lib/python3.12/site-packages/airflow/example_dags/example_trigger_target_dag.py
[2025-09-17T11:47:40.937+0000] {processor.py:914} INFO - Processing file /home/airflow/.local/lib/python3.12/site-packages/airflow/example_dags/example_trigger_target_dag.py for tasks to queue
[2025-09-17T11:47:40.940+0000] {logging_mixin.py:190} INFO - [2025-09-17T11:47:40.940+0000] {dagbag.py:588} INFO - Filling up the DagBag from /home/airflow/.local/lib/python3.12/site-packages/airflow/example_dags/example_trigger_target_dag.py
[2025-09-17T11:47:40.954+0000] {processor.py:925} INFO - DAG(s) 'example_trigger_target_dag' retrieved from /home/airflow/.local/lib/python3.12/site-packages/airflow/example_dags/example_trigger_target_dag.py
[2025-09-17T11:47:40.983+0000] {logging_mixin.py:190} INFO - [2025-09-17T11:47:40.983+0000] {dag.py:3239} INFO - Sync 1 DAGs
[2025-09-17T11:47:41.007+0000] {logging_mixin.py:190} INFO - [2025-09-17T11:47:41.007+0000] {dag.py:4180} INFO - Setting next_dagrun for example_trigger_target_dag to None, run_after=None
[2025-09-17T11:47:41.034+0000] {processor.py:208} INFO - Processing /home/airflow/.local/lib/python3.12/site-packages/airflow/example_dags/example_trigger_target_dag.py took 0.106 seconds
[2025-09-17T11:48:11.236+0000] {processor.py:186} INFO - Started process (PID=599) to work on /home/airflow/.local/lib/python3.12/site-packages/airflow/example_dags/example_trigger_target_dag.py
[2025-09-17T11:48:11.237+0000] {processor.py:914} INFO - Processing file /home/airflow/.local/lib/python3.12/site-packages/airflow/example_dags/example_trigger_target_dag.py for tasks to queue
[2025-09-17T11:48:11.241+0000] {logging_mixin.py:190} INFO - [2025-09-17T11:48:11.241+0000] {dagbag.py:588} INFO - Filling up the DagBag from /home/airflow/.local/lib/python3.12/site-packages/airflow/example_dags/example_trigger_target_dag.py
[2025-09-17T11:48:11.252+0000] {processor.py:925} INFO - DAG(s) 'example_trigger_target_dag' retrieved from /home/airflow/.local/lib/python3.12/site-packages/airflow/example_dags/example_trigger_target_dag.py
[2025-09-17T11:48:11.281+0000] {logging_mixin.py:190} INFO - [2025-09-17T11:48:11.281+0000] {dag.py:3239} INFO - Sync 1 DAGs
[2025-09-17T11:48:11.303+0000] {logging_mixin.py:190} INFO - [2025-09-17T11:48:11.303+0000] {dag.py:4180} INFO - Setting next_dagrun for example_trigger_target_dag to None, run_after=None
[2025-09-17T11:48:11.328+0000] {processor.py:208} INFO - Processing /home/airflow/.local/lib/python3.12/site-packages/airflow/example_dags/example_trigger_target_dag.py took 0.102 seconds
[2025-09-17T11:48:41.973+0000] {processor.py:186} INFO - Started process (PID=661) to work on /home/airflow/.local/lib/python3.12/site-packages/airflow/example_dags/example_trigger_target_dag.py
[2025-09-17T11:48:41.975+0000] {processor.py:914} INFO - Processing file /home/airflow/.local/lib/python3.12/site-packages/airflow/example_dags/example_trigger_target_dag.py for tasks to queue
[2025-09-17T11:48:41.978+0000] {logging_mixin.py:190} INFO - [2025-09-17T11:48:41.978+0000] {dagbag.py:588} INFO - Filling up the DagBag from /home/airflow/.local/lib/python3.12/site-packages/airflow/example_dags/example_trigger_target_dag.py
[2025-09-17T11:48:41.989+0000] {processor.py:925} INFO - DAG(s) 'example_trigger_target_dag' retrieved from /home/airflow/.local/lib/python3.12/site-packages/airflow/example_dags/example_trigger_target_dag.py
[2025-09-17T11:48:42.015+0000] {logging_mixin.py:190} INFO - [2025-09-17T11:48:42.015+0000] {dag.py:3239} INFO - Sync 1 DAGs
[2025-09-17T11:48:42.031+0000] {logging_mixin.py:190} INFO - [2025-09-17T11:48:42.031+0000] {dag.py:4180} INFO - Setting next_dagrun for example_trigger_target_dag to None, run_after=None
[2025-09-17T11:48:42.053+0000] {processor.py:208} INFO - Processing /home/airflow/.local/lib/python3.12/site-packages/airflow/example_dags/example_trigger_target_dag.py took 0.087 seconds
[2025-09-17T11:49:12.639+0000] {processor.py:186} INFO - Started process (PID=724) to work on /home/airflow/.local/lib/python3.12/site-packages/airflow/example_dags/example_trigger_target_dag.py
[2025-09-17T11:49:12.641+0000] {processor.py:914} INFO - Processing file /home/airflow/.local/lib/python3.12/site-packages/airflow/example_dags/example_trigger_target_dag.py for tasks to queue
[2025-09-17T11:49:12.647+0000] {logging_mixin.py:190} INFO - [2025-09-17T11:49:12.646+0000] {dagbag.py:588} INFO - Filling up the DagBag from /home/airflow/.local/lib/python3.12/site-packages/airflow/example_dags/example_trigger_target_dag.py
[2025-09-17T11:49:12.667+0000] {processor.py:925} INFO - DAG(s) 'example_trigger_target_dag' retrieved from /home/airflow/.local/lib/python3.12/site-packages/airflow/example_dags/example_trigger_target_dag.py
[2025-09-17T11:49:12.706+0000] {logging_mixin.py:190} INFO - [2025-09-17T11:49:12.706+0000] {dag.py:3239} INFO - Sync 1 DAGs
[2025-09-17T11:49:12.741+0000] {logging_mixin.py:190} INFO - [2025-09-17T11:49:12.741+0000] {dag.py:4180} INFO - Setting next_dagrun for example_trigger_target_dag to None, run_after=None
[2025-09-17T11:49:12.781+0000] {processor.py:208} INFO - Processing /home/airflow/.local/lib/python3.12/site-packages/airflow/example_dags/example_trigger_target_dag.py took 0.158 seconds
[2025-09-17T11:49:42.893+0000] {processor.py:186} INFO - Started process (PID=786) to work on /home/airflow/.local/lib/python3.12/site-packages/airflow/example_dags/example_trigger_target_dag.py
[2025-09-17T11:49:42.894+0000] {processor.py:914} INFO - Processing file /home/airflow/.local/lib/python3.12/site-packages/airflow/example_dags/example_trigger_target_dag.py for tasks to queue
[2025-09-17T11:49:42.898+0000] {logging_mixin.py:190} INFO - [2025-09-17T11:49:42.897+0000] {dagbag.py:588} INFO - Filling up the DagBag from /home/airflow/.local/lib/python3.12/site-packages/airflow/example_dags/example_trigger_target_dag.py
[2025-09-17T11:49:42.909+0000] {processor.py:925} INFO - DAG(s) 'example_trigger_target_dag' retrieved from /home/airflow/.local/lib/python3.12/site-packages/airflow/example_dags/example_trigger_target_dag.py
[2025-09-17T11:49:42.937+0000] {logging_mixin.py:190} INFO - [2025-09-17T11:49:42.937+0000] {dag.py:3239} INFO - Sync 1 DAGs
[2025-09-17T11:49:42.958+0000] {logging_mixin.py:190} INFO - [2025-09-17T11:49:42.958+0000] {dag.py:4180} INFO - Setting next_dagrun for example_trigger_target_dag to None, run_after=None
[2025-09-17T11:49:42.986+0000] {processor.py:208} INFO - Processing /home/airflow/.local/lib/python3.12/site-packages/airflow/example_dags/example_trigger_target_dag.py took 0.101 seconds
[2025-09-17T11:50:13.864+0000] {processor.py:186} INFO - Started process (PID=848) to work on /home/airflow/.local/lib/python3.12/site-packages/airflow/example_dags/example_trigger_target_dag.py
[2025-09-17T11:50:13.866+0000] {processor.py:914} INFO - Processing file /home/airflow/.local/lib/python3.12/site-packages/airflow/example_dags/example_trigger_target_dag.py for tasks to queue
[2025-09-17T11:50:13.869+0000] {logging_mixin.py:190} INFO - [2025-09-17T11:50:13.869+0000] {dagbag.py:588} INFO - Filling up the DagBag from /home/airflow/.local/lib/python3.12/site-packages/airflow/example_dags/example_trigger_target_dag.py
[2025-09-17T11:50:13.879+0000] {processor.py:925} INFO - DAG(s) 'example_trigger_target_dag' retrieved from /home/airflow/.local/lib/python3.12/site-packages/airflow/example_dags/example_trigger_target_dag.py
[2025-09-17T11:50:13.907+0000] {logging_mixin.py:190} INFO - [2025-09-17T11:50:13.906+0000] {dag.py:3239} INFO - Sync 1 DAGs
[2025-09-17T11:50:13.926+0000] {logging_mixin.py:190} INFO - [2025-09-17T11:50:13.926+0000] {dag.py:4180} INFO - Setting next_dagrun for example_trigger_target_dag to None, run_after=None
[2025-09-17T11:50:13.951+0000] {processor.py:208} INFO - Processing /home/airflow/.local/lib/python3.12/site-packages/airflow/example_dags/example_trigger_target_dag.py took 0.097 seconds
[2025-09-17T11:50:45.493+0000] {processor.py:186} INFO - Started process (PID=910) to work on /home/airflow/.local/lib/python3.12/site-packages/airflow/example_dags/example_trigger_target_dag.py
[2025-09-17T11:50:45.495+0000] {processor.py:914} INFO - Processing file /home/airflow/.local/lib/python3.12/site-packages/airflow/example_dags/example_trigger_target_dag.py for tasks to queue
[2025-09-17T11:50:45.498+0000] {logging_mixin.py:190} INFO - [2025-09-17T11:50:45.498+0000] {dagbag.py:588} INFO - Filling up the DagBag from /home/airflow/.local/lib/python3.12/site-packages/airflow/example_dags/example_trigger_target_dag.py
[2025-09-17T11:50:45.509+0000] {processor.py:925} INFO - DAG(s) 'example_trigger_target_dag' retrieved from /home/airflow/.local/lib/python3.12/site-packages/airflow/example_dags/example_trigger_target_dag.py
[2025-09-17T11:50:45.536+0000] {logging_mixin.py:190} INFO - [2025-09-17T11:50:45.536+0000] {dag.py:3239} INFO - Sync 1 DAGs
[2025-09-17T11:50:45.555+0000] {logging_mixin.py:190} INFO - [2025-09-17T11:50:45.555+0000] {dag.py:4180} INFO - Setting next_dagrun for example_trigger_target_dag to None, run_after=None
[2025-09-17T11:50:45.578+0000] {processor.py:208} INFO - Processing /home/airflow/.local/lib/python3.12/site-packages/airflow/example_dags/example_trigger_target_dag.py took 0.093 seconds
[2025-09-17T11:51:15.686+0000] {processor.py:186} INFO - Started process (PID=972) to work on /home/airflow/.local/lib/python3.12/site-packages/airflow/example_dags/example_trigger_target_dag.py
[2025-09-17T11:51:15.687+0000] {processor.py:914} INFO - Processing file /home/airflow/.local/lib/python3.12/site-packages/airflow/example_dags/example_trigger_target_dag.py for tasks to queue
[2025-09-17T11:51:15.691+0000] {logging_mixin.py:190} INFO - [2025-09-17T11:51:15.690+0000] {dagbag.py:588} INFO - Filling up the DagBag from /home/airflow/.local/lib/python3.12/site-packages/airflow/example_dags/example_trigger_target_dag.py
[2025-09-17T11:51:15.702+0000] {processor.py:925} INFO - DAG(s) 'example_trigger_target_dag' retrieved from /home/airflow/.local/lib/python3.12/site-packages/airflow/example_dags/example_trigger_target_dag.py
[2025-09-17T11:51:15.727+0000] {logging_mixin.py:190} INFO - [2025-09-17T11:51:15.727+0000] {dag.py:3239} INFO - Sync 1 DAGs
[2025-09-17T11:51:15.742+0000] {logging_mixin.py:190} INFO - [2025-09-17T11:51:15.742+0000] {dag.py:4180} INFO - Setting next_dagrun for example_trigger_target_dag to None, run_after=None
[2025-09-17T11:51:15.766+0000] {processor.py:208} INFO - Processing /home/airflow/.local/lib/python3.12/site-packages/airflow/example_dags/example_trigger_target_dag.py took 0.088 seconds
[2025-09-17T11:51:46.367+0000] {processor.py:186} INFO - Started process (PID=1034) to work on /home/airflow/.local/lib/python3.12/site-packages/airflow/example_dags/example_trigger_target_dag.py
[2025-09-17T11:51:46.369+0000] {processor.py:914} INFO - Processing file /home/airflow/.local/lib/python3.12/site-packages/airflow/example_dags/example_trigger_target_dag.py for tasks to queue
[2025-09-17T11:51:46.372+0000] {logging_mixin.py:190} INFO - [2025-09-17T11:51:46.371+0000] {dagbag.py:588} INFO - Filling up the DagBag from /home/airflow/.local/lib/python3.12/site-packages/airflow/example_dags/example_trigger_target_dag.py
[2025-09-17T11:51:46.383+0000] {processor.py:925} INFO - DAG(s) 'example_trigger_target_dag' retrieved from /home/airflow/.local/lib/python3.12/site-packages/airflow/example_dags/example_trigger_target_dag.py
[2025-09-17T11:51:46.410+0000] {logging_mixin.py:190} INFO - [2025-09-17T11:51:46.410+0000] {dag.py:3239} INFO - Sync 1 DAGs
[2025-09-17T11:51:46.427+0000] {logging_mixin.py:190} INFO - [2025-09-17T11:51:46.427+0000] {dag.py:4180} INFO - Setting next_dagrun for example_trigger_target_dag to None, run_after=None
[2025-09-17T11:51:46.451+0000] {processor.py:208} INFO - Processing /home/airflow/.local/lib/python3.12/site-packages/airflow/example_dags/example_trigger_target_dag.py took 0.091 seconds
[2025-09-17T11:52:16.632+0000] {processor.py:186} INFO - Started process (PID=1096) to work on /home/airflow/.local/lib/python3.12/site-packages/airflow/example_dags/example_trigger_target_dag.py
[2025-09-17T11:52:16.634+0000] {processor.py:914} INFO - Processing file /home/airflow/.local/lib/python3.12/site-packages/airflow/example_dags/example_trigger_target_dag.py for tasks to queue
[2025-09-17T11:52:16.637+0000] {logging_mixin.py:190} INFO - [2025-09-17T11:52:16.637+0000] {dagbag.py:588} INFO - Filling up the DagBag from /home/airflow/.local/lib/python3.12/site-packages/airflow/example_dags/example_trigger_target_dag.py
[2025-09-17T11:52:16.648+0000] {processor.py:925} INFO - DAG(s) 'example_trigger_target_dag' retrieved from /home/airflow/.local/lib/python3.12/site-packages/airflow/example_dags/example_trigger_target_dag.py
[2025-09-17T11:52:16.673+0000] {logging_mixin.py:190} INFO - [2025-09-17T11:52:16.673+0000] {dag.py:3239} INFO - Sync 1 DAGs
[2025-09-17T11:52:16.693+0000] {logging_mixin.py:190} INFO - [2025-09-17T11:52:16.693+0000] {dag.py:4180} INFO - Setting next_dagrun for example_trigger_target_dag to None, run_after=None
[2025-09-17T11:52:16.720+0000] {processor.py:208} INFO - Processing /home/airflow/.local/lib/python3.12/site-packages/airflow/example_dags/example_trigger_target_dag.py took 0.095 seconds
[2025-09-17T11:52:47.191+0000] {processor.py:186} INFO - Started process (PID=1158) to work on /home/airflow/.local/lib/python3.12/site-packages/airflow/example_dags/example_trigger_target_dag.py
[2025-09-17T11:52:47.192+0000] {processor.py:914} INFO - Processing file /home/airflow/.local/lib/python3.12/site-packages/airflow/example_dags/example_trigger_target_dag.py for tasks to queue
[2025-09-17T11:52:47.196+0000] {logging_mixin.py:190} INFO - [2025-09-17T11:52:47.195+0000] {dagbag.py:588} INFO - Filling up the DagBag from /home/airflow/.local/lib/python3.12/site-packages/airflow/example_dags/example_trigger_target_dag.py
[2025-09-17T11:52:47.207+0000] {processor.py:925} INFO - DAG(s) 'example_trigger_target_dag' retrieved from /home/airflow/.local/lib/python3.12/site-packages/airflow/example_dags/example_trigger_target_dag.py
[2025-09-17T11:52:47.233+0000] {logging_mixin.py:190} INFO - [2025-09-17T11:52:47.232+0000] {dag.py:3239} INFO - Sync 1 DAGs
[2025-09-17T11:52:47.251+0000] {logging_mixin.py:190} INFO - [2025-09-17T11:52:47.250+0000] {dag.py:4180} INFO - Setting next_dagrun for example_trigger_target_dag to None, run_after=None
[2025-09-17T11:52:47.276+0000] {processor.py:208} INFO - Processing /home/airflow/.local/lib/python3.12/site-packages/airflow/example_dags/example_trigger_target_dag.py took 0.093 seconds
[2025-09-17T11:53:17.977+0000] {processor.py:186} INFO - Started process (PID=1220) to work on /home/airflow/.local/lib/python3.12/site-packages/airflow/example_dags/example_trigger_target_dag.py
[2025-09-17T11:53:17.979+0000] {processor.py:914} INFO - Processing file /home/airflow/.local/lib/python3.12/site-packages/airflow/example_dags/example_trigger_target_dag.py for tasks to queue
[2025-09-17T11:53:17.983+0000] {logging_mixin.py:190} INFO - [2025-09-17T11:53:17.982+0000] {dagbag.py:588} INFO - Filling up the DagBag from /home/airflow/.local/lib/python3.12/site-packages/airflow/example_dags/example_trigger_target_dag.py
[2025-09-17T11:53:17.995+0000] {processor.py:925} INFO - DAG(s) 'example_trigger_target_dag' retrieved from /home/airflow/.local/lib/python3.12/site-packages/airflow/example_dags/example_trigger_target_dag.py
[2025-09-17T11:53:18.024+0000] {logging_mixin.py:190} INFO - [2025-09-17T11:53:18.024+0000] {dag.py:3239} INFO - Sync 1 DAGs
[2025-09-17T11:53:18.044+0000] {logging_mixin.py:190} INFO - [2025-09-17T11:53:18.044+0000] {dag.py:4180} INFO - Setting next_dagrun for example_trigger_target_dag to None, run_after=None
[2025-09-17T11:53:18.069+0000] {processor.py:208} INFO - Processing /home/airflow/.local/lib/python3.12/site-packages/airflow/example_dags/example_trigger_target_dag.py took 0.101 seconds
