[2025-09-17T11:43:35.854+0000] {processor.py:186} INFO - Started process (PID=204) to work on /home/airflow/.local/lib/python3.12/site-packages/airflow/example_dags/example_latest_only_with_trigger.py
[2025-09-17T11:43:35.856+0000] {processor.py:914} INFO - Processing file /home/airflow/.local/lib/python3.12/site-packages/airflow/example_dags/example_latest_only_with_trigger.py for tasks to queue
[2025-09-17T11:43:35.861+0000] {logging_mixin.py:190} INFO - [2025-09-17T11:43:35.860+0000] {dagbag.py:588} INFO - Filling up the DagBag from /home/airflow/.local/lib/python3.12/site-packages/airflow/example_dags/example_latest_only_with_trigger.py
[2025-09-17T11:43:35.878+0000] {processor.py:925} INFO - DAG(s) 'latest_only_with_trigger' retrieved from /home/airflow/.local/lib/python3.12/site-packages/airflow/example_dags/example_latest_only_with_trigger.py
[2025-09-17T11:43:36.044+0000] {logging_mixin.py:190} INFO - [2025-09-17T11:43:36.043+0000] {override.py:1900} INFO - Created Permission View: can delete on DAG:latest_only_with_trigger
[2025-09-17T11:43:36.059+0000] {logging_mixin.py:190} INFO - [2025-09-17T11:43:36.058+0000] {override.py:1900} INFO - Created Permission View: can edit on DAG:latest_only_with_trigger
[2025-09-17T11:43:36.068+0000] {logging_mixin.py:190} INFO - [2025-09-17T11:43:36.067+0000] {override.py:1900} INFO - Created Permission View: can read on DAG:latest_only_with_trigger
[2025-09-17T11:43:36.076+0000] {logging_mixin.py:190} INFO - [2025-09-17T11:43:36.076+0000] {override.py:1900} INFO - Created Permission View: can delete on DAG Run:latest_only_with_trigger
[2025-09-17T11:43:36.085+0000] {logging_mixin.py:190} INFO - [2025-09-17T11:43:36.085+0000] {override.py:1900} INFO - Created Permission View: menu access on DAG Run:latest_only_with_trigger
[2025-09-17T11:43:36.094+0000] {logging_mixin.py:190} INFO - [2025-09-17T11:43:36.094+0000] {override.py:1900} INFO - Created Permission View: can read on DAG Run:latest_only_with_trigger
[2025-09-17T11:43:36.106+0000] {logging_mixin.py:190} INFO - [2025-09-17T11:43:36.105+0000] {override.py:1900} INFO - Created Permission View: can create on DAG Run:latest_only_with_trigger
[2025-09-17T11:43:36.106+0000] {logging_mixin.py:190} INFO - [2025-09-17T11:43:36.106+0000] {dag.py:3239} INFO - Sync 1 DAGs
[2025-09-17T11:43:36.125+0000] {logging_mixin.py:190} INFO - [2025-09-17T11:43:36.124+0000] {dag.py:3262} INFO - Creating ORM DAG for latest_only_with_trigger
[2025-09-17T11:43:36.136+0000] {logging_mixin.py:190} INFO - [2025-09-17T11:43:36.136+0000] {dag.py:4180} INFO - Setting next_dagrun for latest_only_with_trigger to 2025-09-17 04:00:00+00:00, run_after=2025-09-17 08:00:00+00:00
[2025-09-17T11:43:36.159+0000] {processor.py:208} INFO - Processing /home/airflow/.local/lib/python3.12/site-packages/airflow/example_dags/example_latest_only_with_trigger.py took 0.316 seconds
[2025-09-17T11:44:06.680+0000] {processor.py:186} INFO - Started process (PID=112) to work on /home/airflow/.local/lib/python3.12/site-packages/airflow/example_dags/example_latest_only_with_trigger.py
[2025-09-17T11:44:06.681+0000] {processor.py:914} INFO - Processing file /home/airflow/.local/lib/python3.12/site-packages/airflow/example_dags/example_latest_only_with_trigger.py for tasks to queue
[2025-09-17T11:44:06.685+0000] {logging_mixin.py:190} INFO - [2025-09-17T11:44:06.684+0000] {dagbag.py:588} INFO - Filling up the DagBag from /home/airflow/.local/lib/python3.12/site-packages/airflow/example_dags/example_latest_only_with_trigger.py
[2025-09-17T11:44:06.696+0000] {processor.py:925} INFO - DAG(s) 'latest_only_with_trigger' retrieved from /home/airflow/.local/lib/python3.12/site-packages/airflow/example_dags/example_latest_only_with_trigger.py
[2025-09-17T11:44:06.722+0000] {logging_mixin.py:190} INFO - [2025-09-17T11:44:06.722+0000] {dag.py:3239} INFO - Sync 1 DAGs
[2025-09-17T11:44:06.753+0000] {logging_mixin.py:190} INFO - [2025-09-17T11:44:06.753+0000] {dag.py:4180} INFO - Setting next_dagrun for latest_only_with_trigger to 2025-09-17 04:00:00+00:00, run_after=2025-09-17 08:00:00+00:00
[2025-09-17T11:44:06.784+0000] {processor.py:208} INFO - Processing /home/airflow/.local/lib/python3.12/site-packages/airflow/example_dags/example_latest_only_with_trigger.py took 0.112 seconds
[2025-09-17T11:44:37.483+0000] {processor.py:186} INFO - Started process (PID=174) to work on /home/airflow/.local/lib/python3.12/site-packages/airflow/example_dags/example_latest_only_with_trigger.py
[2025-09-17T11:44:37.484+0000] {processor.py:914} INFO - Processing file /home/airflow/.local/lib/python3.12/site-packages/airflow/example_dags/example_latest_only_with_trigger.py for tasks to queue
[2025-09-17T11:44:37.502+0000] {logging_mixin.py:190} INFO - [2025-09-17T11:44:37.501+0000] {dagbag.py:588} INFO - Filling up the DagBag from /home/airflow/.local/lib/python3.12/site-packages/airflow/example_dags/example_latest_only_with_trigger.py
[2025-09-17T11:44:37.516+0000] {processor.py:925} INFO - DAG(s) 'latest_only_with_trigger' retrieved from /home/airflow/.local/lib/python3.12/site-packages/airflow/example_dags/example_latest_only_with_trigger.py
[2025-09-17T11:44:37.552+0000] {logging_mixin.py:190} INFO - [2025-09-17T11:44:37.551+0000] {dag.py:3239} INFO - Sync 1 DAGs
[2025-09-17T11:44:37.608+0000] {logging_mixin.py:190} INFO - [2025-09-17T11:44:37.608+0000] {dag.py:4180} INFO - Setting next_dagrun for latest_only_with_trigger to 2025-09-17 04:00:00+00:00, run_after=2025-09-17 08:00:00+00:00
[2025-09-17T11:44:37.653+0000] {processor.py:208} INFO - Processing /home/airflow/.local/lib/python3.12/site-packages/airflow/example_dags/example_latest_only_with_trigger.py took 0.186 seconds
[2025-09-17T11:45:08.347+0000] {processor.py:186} INFO - Started process (PID=236) to work on /home/airflow/.local/lib/python3.12/site-packages/airflow/example_dags/example_latest_only_with_trigger.py
[2025-09-17T11:45:08.348+0000] {processor.py:914} INFO - Processing file /home/airflow/.local/lib/python3.12/site-packages/airflow/example_dags/example_latest_only_with_trigger.py for tasks to queue
[2025-09-17T11:45:08.352+0000] {logging_mixin.py:190} INFO - [2025-09-17T11:45:08.351+0000] {dagbag.py:588} INFO - Filling up the DagBag from /home/airflow/.local/lib/python3.12/site-packages/airflow/example_dags/example_latest_only_with_trigger.py
[2025-09-17T11:45:08.363+0000] {processor.py:925} INFO - DAG(s) 'latest_only_with_trigger' retrieved from /home/airflow/.local/lib/python3.12/site-packages/airflow/example_dags/example_latest_only_with_trigger.py
[2025-09-17T11:45:08.395+0000] {logging_mixin.py:190} INFO - [2025-09-17T11:45:08.394+0000] {dag.py:3239} INFO - Sync 1 DAGs
[2025-09-17T11:45:08.433+0000] {logging_mixin.py:190} INFO - [2025-09-17T11:45:08.432+0000] {dag.py:4180} INFO - Setting next_dagrun for latest_only_with_trigger to 2025-09-17 04:00:00+00:00, run_after=2025-09-17 08:00:00+00:00
[2025-09-17T11:45:08.458+0000] {processor.py:208} INFO - Processing /home/airflow/.local/lib/python3.12/site-packages/airflow/example_dags/example_latest_only_with_trigger.py took 0.119 seconds
[2025-09-17T11:45:39.533+0000] {processor.py:186} INFO - Started process (PID=298) to work on /home/airflow/.local/lib/python3.12/site-packages/airflow/example_dags/example_latest_only_with_trigger.py
[2025-09-17T11:45:39.535+0000] {processor.py:914} INFO - Processing file /home/airflow/.local/lib/python3.12/site-packages/airflow/example_dags/example_latest_only_with_trigger.py for tasks to queue
[2025-09-17T11:45:39.539+0000] {logging_mixin.py:190} INFO - [2025-09-17T11:45:39.538+0000] {dagbag.py:588} INFO - Filling up the DagBag from /home/airflow/.local/lib/python3.12/site-packages/airflow/example_dags/example_latest_only_with_trigger.py
[2025-09-17T11:45:39.551+0000] {processor.py:925} INFO - DAG(s) 'latest_only_with_trigger' retrieved from /home/airflow/.local/lib/python3.12/site-packages/airflow/example_dags/example_latest_only_with_trigger.py
[2025-09-17T11:45:39.577+0000] {logging_mixin.py:190} INFO - [2025-09-17T11:45:39.576+0000] {dag.py:3239} INFO - Sync 1 DAGs
[2025-09-17T11:45:39.606+0000] {logging_mixin.py:190} INFO - [2025-09-17T11:45:39.605+0000] {dag.py:4180} INFO - Setting next_dagrun for latest_only_with_trigger to 2025-09-17 04:00:00+00:00, run_after=2025-09-17 08:00:00+00:00
[2025-09-17T11:45:39.632+0000] {processor.py:208} INFO - Processing /home/airflow/.local/lib/python3.12/site-packages/airflow/example_dags/example_latest_only_with_trigger.py took 0.108 seconds
[2025-09-17T11:46:10.747+0000] {processor.py:186} INFO - Started process (PID=361) to work on /home/airflow/.local/lib/python3.12/site-packages/airflow/example_dags/example_latest_only_with_trigger.py
[2025-09-17T11:46:10.748+0000] {processor.py:914} INFO - Processing file /home/airflow/.local/lib/python3.12/site-packages/airflow/example_dags/example_latest_only_with_trigger.py for tasks to queue
[2025-09-17T11:46:10.752+0000] {logging_mixin.py:190} INFO - [2025-09-17T11:46:10.751+0000] {dagbag.py:588} INFO - Filling up the DagBag from /home/airflow/.local/lib/python3.12/site-packages/airflow/example_dags/example_latest_only_with_trigger.py
[2025-09-17T11:46:10.765+0000] {processor.py:925} INFO - DAG(s) 'latest_only_with_trigger' retrieved from /home/airflow/.local/lib/python3.12/site-packages/airflow/example_dags/example_latest_only_with_trigger.py
[2025-09-17T11:46:10.804+0000] {logging_mixin.py:190} INFO - [2025-09-17T11:46:10.803+0000] {dag.py:3239} INFO - Sync 1 DAGs
[2025-09-17T11:46:10.867+0000] {logging_mixin.py:190} INFO - [2025-09-17T11:46:10.867+0000] {dag.py:4180} INFO - Setting next_dagrun for latest_only_with_trigger to 2025-09-17 04:00:00+00:00, run_after=2025-09-17 08:00:00+00:00
[2025-09-17T11:46:10.922+0000] {processor.py:208} INFO - Processing /home/airflow/.local/lib/python3.12/site-packages/airflow/example_dags/example_latest_only_with_trigger.py took 0.186 seconds
[2025-09-17T11:46:41.895+0000] {processor.py:186} INFO - Started process (PID=423) to work on /home/airflow/.local/lib/python3.12/site-packages/airflow/example_dags/example_latest_only_with_trigger.py
[2025-09-17T11:46:41.896+0000] {processor.py:914} INFO - Processing file /home/airflow/.local/lib/python3.12/site-packages/airflow/example_dags/example_latest_only_with_trigger.py for tasks to queue
[2025-09-17T11:46:41.899+0000] {logging_mixin.py:190} INFO - [2025-09-17T11:46:41.899+0000] {dagbag.py:588} INFO - Filling up the DagBag from /home/airflow/.local/lib/python3.12/site-packages/airflow/example_dags/example_latest_only_with_trigger.py
[2025-09-17T11:46:41.909+0000] {processor.py:925} INFO - DAG(s) 'latest_only_with_trigger' retrieved from /home/airflow/.local/lib/python3.12/site-packages/airflow/example_dags/example_latest_only_with_trigger.py
[2025-09-17T11:46:41.935+0000] {logging_mixin.py:190} INFO - [2025-09-17T11:46:41.934+0000] {dag.py:3239} INFO - Sync 1 DAGs
[2025-09-17T11:46:41.972+0000] {logging_mixin.py:190} INFO - [2025-09-17T11:46:41.972+0000] {dag.py:4180} INFO - Setting next_dagrun for latest_only_with_trigger to 2025-09-17 04:00:00+00:00, run_after=2025-09-17 08:00:00+00:00
[2025-09-17T11:46:41.998+0000] {processor.py:208} INFO - Processing /home/airflow/.local/lib/python3.12/site-packages/airflow/example_dags/example_latest_only_with_trigger.py took 0.111 seconds
[2025-09-17T11:47:12.423+0000] {processor.py:186} INFO - Started process (PID=485) to work on /home/airflow/.local/lib/python3.12/site-packages/airflow/example_dags/example_latest_only_with_trigger.py
[2025-09-17T11:47:12.425+0000] {processor.py:914} INFO - Processing file /home/airflow/.local/lib/python3.12/site-packages/airflow/example_dags/example_latest_only_with_trigger.py for tasks to queue
[2025-09-17T11:47:12.428+0000] {logging_mixin.py:190} INFO - [2025-09-17T11:47:12.428+0000] {dagbag.py:588} INFO - Filling up the DagBag from /home/airflow/.local/lib/python3.12/site-packages/airflow/example_dags/example_latest_only_with_trigger.py
[2025-09-17T11:47:12.438+0000] {processor.py:925} INFO - DAG(s) 'latest_only_with_trigger' retrieved from /home/airflow/.local/lib/python3.12/site-packages/airflow/example_dags/example_latest_only_with_trigger.py
[2025-09-17T11:47:12.465+0000] {logging_mixin.py:190} INFO - [2025-09-17T11:47:12.464+0000] {dag.py:3239} INFO - Sync 1 DAGs
[2025-09-17T11:47:12.494+0000] {logging_mixin.py:190} INFO - [2025-09-17T11:47:12.494+0000] {dag.py:4180} INFO - Setting next_dagrun for latest_only_with_trigger to 2025-09-17 04:00:00+00:00, run_after=2025-09-17 08:00:00+00:00
[2025-09-17T11:47:12.524+0000] {processor.py:208} INFO - Processing /home/airflow/.local/lib/python3.12/site-packages/airflow/example_dags/example_latest_only_with_trigger.py took 0.108 seconds
[2025-09-17T11:47:43.145+0000] {processor.py:186} INFO - Started process (PID=548) to work on /home/airflow/.local/lib/python3.12/site-packages/airflow/example_dags/example_latest_only_with_trigger.py
[2025-09-17T11:47:43.147+0000] {processor.py:914} INFO - Processing file /home/airflow/.local/lib/python3.12/site-packages/airflow/example_dags/example_latest_only_with_trigger.py for tasks to queue
[2025-09-17T11:47:43.150+0000] {logging_mixin.py:190} INFO - [2025-09-17T11:47:43.150+0000] {dagbag.py:588} INFO - Filling up the DagBag from /home/airflow/.local/lib/python3.12/site-packages/airflow/example_dags/example_latest_only_with_trigger.py
[2025-09-17T11:47:43.160+0000] {processor.py:925} INFO - DAG(s) 'latest_only_with_trigger' retrieved from /home/airflow/.local/lib/python3.12/site-packages/airflow/example_dags/example_latest_only_with_trigger.py
[2025-09-17T11:47:43.187+0000] {logging_mixin.py:190} INFO - [2025-09-17T11:47:43.187+0000] {dag.py:3239} INFO - Sync 1 DAGs
[2025-09-17T11:47:43.217+0000] {logging_mixin.py:190} INFO - [2025-09-17T11:47:43.217+0000] {dag.py:4180} INFO - Setting next_dagrun for latest_only_with_trigger to 2025-09-17 04:00:00+00:00, run_after=2025-09-17 08:00:00+00:00
[2025-09-17T11:47:43.245+0000] {processor.py:208} INFO - Processing /home/airflow/.local/lib/python3.12/site-packages/airflow/example_dags/example_latest_only_with_trigger.py took 0.108 seconds
[2025-09-17T11:48:13.661+0000] {processor.py:186} INFO - Started process (PID=610) to work on /home/airflow/.local/lib/python3.12/site-packages/airflow/example_dags/example_latest_only_with_trigger.py
[2025-09-17T11:48:13.663+0000] {processor.py:914} INFO - Processing file /home/airflow/.local/lib/python3.12/site-packages/airflow/example_dags/example_latest_only_with_trigger.py for tasks to queue
[2025-09-17T11:48:13.666+0000] {logging_mixin.py:190} INFO - [2025-09-17T11:48:13.666+0000] {dagbag.py:588} INFO - Filling up the DagBag from /home/airflow/.local/lib/python3.12/site-packages/airflow/example_dags/example_latest_only_with_trigger.py
[2025-09-17T11:48:13.676+0000] {processor.py:925} INFO - DAG(s) 'latest_only_with_trigger' retrieved from /home/airflow/.local/lib/python3.12/site-packages/airflow/example_dags/example_latest_only_with_trigger.py
[2025-09-17T11:48:13.707+0000] {logging_mixin.py:190} INFO - [2025-09-17T11:48:13.707+0000] {dag.py:3239} INFO - Sync 1 DAGs
[2025-09-17T11:48:13.738+0000] {logging_mixin.py:190} INFO - [2025-09-17T11:48:13.738+0000] {dag.py:4180} INFO - Setting next_dagrun for latest_only_with_trigger to 2025-09-17 04:00:00+00:00, run_after=2025-09-17 08:00:00+00:00
[2025-09-17T11:48:13.762+0000] {processor.py:208} INFO - Processing /home/airflow/.local/lib/python3.12/site-packages/airflow/example_dags/example_latest_only_with_trigger.py took 0.108 seconds
[2025-09-17T11:48:44.309+0000] {processor.py:186} INFO - Started process (PID=672) to work on /home/airflow/.local/lib/python3.12/site-packages/airflow/example_dags/example_latest_only_with_trigger.py
[2025-09-17T11:48:44.311+0000] {processor.py:914} INFO - Processing file /home/airflow/.local/lib/python3.12/site-packages/airflow/example_dags/example_latest_only_with_trigger.py for tasks to queue
[2025-09-17T11:48:44.315+0000] {logging_mixin.py:190} INFO - [2025-09-17T11:48:44.314+0000] {dagbag.py:588} INFO - Filling up the DagBag from /home/airflow/.local/lib/python3.12/site-packages/airflow/example_dags/example_latest_only_with_trigger.py
[2025-09-17T11:48:44.325+0000] {processor.py:925} INFO - DAG(s) 'latest_only_with_trigger' retrieved from /home/airflow/.local/lib/python3.12/site-packages/airflow/example_dags/example_latest_only_with_trigger.py
[2025-09-17T11:48:44.353+0000] {logging_mixin.py:190} INFO - [2025-09-17T11:48:44.353+0000] {dag.py:3239} INFO - Sync 1 DAGs
[2025-09-17T11:48:44.386+0000] {logging_mixin.py:190} INFO - [2025-09-17T11:48:44.386+0000] {dag.py:4180} INFO - Setting next_dagrun for latest_only_with_trigger to 2025-09-17 04:00:00+00:00, run_after=2025-09-17 08:00:00+00:00
[2025-09-17T11:48:44.415+0000] {processor.py:208} INFO - Processing /home/airflow/.local/lib/python3.12/site-packages/airflow/example_dags/example_latest_only_with_trigger.py took 0.113 seconds
[2025-09-17T11:49:15.123+0000] {processor.py:186} INFO - Started process (PID=735) to work on /home/airflow/.local/lib/python3.12/site-packages/airflow/example_dags/example_latest_only_with_trigger.py
[2025-09-17T11:49:15.125+0000] {processor.py:914} INFO - Processing file /home/airflow/.local/lib/python3.12/site-packages/airflow/example_dags/example_latest_only_with_trigger.py for tasks to queue
[2025-09-17T11:49:15.129+0000] {logging_mixin.py:190} INFO - [2025-09-17T11:49:15.128+0000] {dagbag.py:588} INFO - Filling up the DagBag from /home/airflow/.local/lib/python3.12/site-packages/airflow/example_dags/example_latest_only_with_trigger.py
[2025-09-17T11:49:15.141+0000] {processor.py:925} INFO - DAG(s) 'latest_only_with_trigger' retrieved from /home/airflow/.local/lib/python3.12/site-packages/airflow/example_dags/example_latest_only_with_trigger.py
[2025-09-17T11:49:15.173+0000] {logging_mixin.py:190} INFO - [2025-09-17T11:49:15.172+0000] {dag.py:3239} INFO - Sync 1 DAGs
[2025-09-17T11:49:15.204+0000] {logging_mixin.py:190} INFO - [2025-09-17T11:49:15.203+0000] {dag.py:4180} INFO - Setting next_dagrun for latest_only_with_trigger to 2025-09-17 04:00:00+00:00, run_after=2025-09-17 08:00:00+00:00
[2025-09-17T11:49:15.230+0000] {processor.py:208} INFO - Processing /home/airflow/.local/lib/python3.12/site-packages/airflow/example_dags/example_latest_only_with_trigger.py took 0.117 seconds
[2025-09-17T11:49:45.409+0000] {processor.py:186} INFO - Started process (PID=797) to work on /home/airflow/.local/lib/python3.12/site-packages/airflow/example_dags/example_latest_only_with_trigger.py
[2025-09-17T11:49:45.411+0000] {processor.py:914} INFO - Processing file /home/airflow/.local/lib/python3.12/site-packages/airflow/example_dags/example_latest_only_with_trigger.py for tasks to queue
[2025-09-17T11:49:45.415+0000] {logging_mixin.py:190} INFO - [2025-09-17T11:49:45.415+0000] {dagbag.py:588} INFO - Filling up the DagBag from /home/airflow/.local/lib/python3.12/site-packages/airflow/example_dags/example_latest_only_with_trigger.py
[2025-09-17T11:49:45.425+0000] {processor.py:925} INFO - DAG(s) 'latest_only_with_trigger' retrieved from /home/airflow/.local/lib/python3.12/site-packages/airflow/example_dags/example_latest_only_with_trigger.py
[2025-09-17T11:49:45.451+0000] {logging_mixin.py:190} INFO - [2025-09-17T11:49:45.451+0000] {dag.py:3239} INFO - Sync 1 DAGs
[2025-09-17T11:49:45.481+0000] {logging_mixin.py:190} INFO - [2025-09-17T11:49:45.480+0000] {dag.py:4180} INFO - Setting next_dagrun for latest_only_with_trigger to 2025-09-17 04:00:00+00:00, run_after=2025-09-17 08:00:00+00:00
[2025-09-17T11:49:45.507+0000] {processor.py:208} INFO - Processing /home/airflow/.local/lib/python3.12/site-packages/airflow/example_dags/example_latest_only_with_trigger.py took 0.105 seconds
[2025-09-17T11:50:16.391+0000] {processor.py:186} INFO - Started process (PID=859) to work on /home/airflow/.local/lib/python3.12/site-packages/airflow/example_dags/example_latest_only_with_trigger.py
[2025-09-17T11:50:16.394+0000] {processor.py:914} INFO - Processing file /home/airflow/.local/lib/python3.12/site-packages/airflow/example_dags/example_latest_only_with_trigger.py for tasks to queue
[2025-09-17T11:50:16.397+0000] {logging_mixin.py:190} INFO - [2025-09-17T11:50:16.396+0000] {dagbag.py:588} INFO - Filling up the DagBag from /home/airflow/.local/lib/python3.12/site-packages/airflow/example_dags/example_latest_only_with_trigger.py
[2025-09-17T11:50:16.407+0000] {processor.py:925} INFO - DAG(s) 'latest_only_with_trigger' retrieved from /home/airflow/.local/lib/python3.12/site-packages/airflow/example_dags/example_latest_only_with_trigger.py
[2025-09-17T11:50:16.438+0000] {logging_mixin.py:190} INFO - [2025-09-17T11:50:16.438+0000] {dag.py:3239} INFO - Sync 1 DAGs
[2025-09-17T11:50:16.470+0000] {logging_mixin.py:190} INFO - [2025-09-17T11:50:16.470+0000] {dag.py:4180} INFO - Setting next_dagrun for latest_only_with_trigger to 2025-09-17 04:00:00+00:00, run_after=2025-09-17 08:00:00+00:00
[2025-09-17T11:50:16.496+0000] {processor.py:208} INFO - Processing /home/airflow/.local/lib/python3.12/site-packages/airflow/example_dags/example_latest_only_with_trigger.py took 0.113 seconds
[2025-09-17T11:50:47.221+0000] {processor.py:186} INFO - Started process (PID=921) to work on /home/airflow/.local/lib/python3.12/site-packages/airflow/example_dags/example_latest_only_with_trigger.py
[2025-09-17T11:50:47.223+0000] {processor.py:914} INFO - Processing file /home/airflow/.local/lib/python3.12/site-packages/airflow/example_dags/example_latest_only_with_trigger.py for tasks to queue
[2025-09-17T11:50:47.227+0000] {logging_mixin.py:190} INFO - [2025-09-17T11:50:47.226+0000] {dagbag.py:588} INFO - Filling up the DagBag from /home/airflow/.local/lib/python3.12/site-packages/airflow/example_dags/example_latest_only_with_trigger.py
[2025-09-17T11:50:47.237+0000] {processor.py:925} INFO - DAG(s) 'latest_only_with_trigger' retrieved from /home/airflow/.local/lib/python3.12/site-packages/airflow/example_dags/example_latest_only_with_trigger.py
[2025-09-17T11:50:47.267+0000] {logging_mixin.py:190} INFO - [2025-09-17T11:50:47.266+0000] {dag.py:3239} INFO - Sync 1 DAGs
[2025-09-17T11:50:47.300+0000] {logging_mixin.py:190} INFO - [2025-09-17T11:50:47.299+0000] {dag.py:4180} INFO - Setting next_dagrun for latest_only_with_trigger to 2025-09-17 04:00:00+00:00, run_after=2025-09-17 08:00:00+00:00
[2025-09-17T11:50:47.327+0000] {processor.py:208} INFO - Processing /home/airflow/.local/lib/python3.12/site-packages/airflow/example_dags/example_latest_only_with_trigger.py took 0.113 seconds
[2025-09-17T11:51:17.958+0000] {processor.py:186} INFO - Started process (PID=983) to work on /home/airflow/.local/lib/python3.12/site-packages/airflow/example_dags/example_latest_only_with_trigger.py
[2025-09-17T11:51:17.959+0000] {processor.py:914} INFO - Processing file /home/airflow/.local/lib/python3.12/site-packages/airflow/example_dags/example_latest_only_with_trigger.py for tasks to queue
[2025-09-17T11:51:17.962+0000] {logging_mixin.py:190} INFO - [2025-09-17T11:51:17.962+0000] {dagbag.py:588} INFO - Filling up the DagBag from /home/airflow/.local/lib/python3.12/site-packages/airflow/example_dags/example_latest_only_with_trigger.py
[2025-09-17T11:51:17.973+0000] {processor.py:925} INFO - DAG(s) 'latest_only_with_trigger' retrieved from /home/airflow/.local/lib/python3.12/site-packages/airflow/example_dags/example_latest_only_with_trigger.py
[2025-09-17T11:51:18.002+0000] {logging_mixin.py:190} INFO - [2025-09-17T11:51:18.002+0000] {dag.py:3239} INFO - Sync 1 DAGs
[2025-09-17T11:51:18.030+0000] {logging_mixin.py:190} INFO - [2025-09-17T11:51:18.030+0000] {dag.py:4180} INFO - Setting next_dagrun for latest_only_with_trigger to 2025-09-17 04:00:00+00:00, run_after=2025-09-17 08:00:00+00:00
[2025-09-17T11:51:18.057+0000] {processor.py:208} INFO - Processing /home/airflow/.local/lib/python3.12/site-packages/airflow/example_dags/example_latest_only_with_trigger.py took 0.107 seconds
[2025-09-17T11:51:48.632+0000] {processor.py:186} INFO - Started process (PID=1045) to work on /home/airflow/.local/lib/python3.12/site-packages/airflow/example_dags/example_latest_only_with_trigger.py
[2025-09-17T11:51:48.633+0000] {processor.py:914} INFO - Processing file /home/airflow/.local/lib/python3.12/site-packages/airflow/example_dags/example_latest_only_with_trigger.py for tasks to queue
[2025-09-17T11:51:48.636+0000] {logging_mixin.py:190} INFO - [2025-09-17T11:51:48.636+0000] {dagbag.py:588} INFO - Filling up the DagBag from /home/airflow/.local/lib/python3.12/site-packages/airflow/example_dags/example_latest_only_with_trigger.py
[2025-09-17T11:51:48.645+0000] {processor.py:925} INFO - DAG(s) 'latest_only_with_trigger' retrieved from /home/airflow/.local/lib/python3.12/site-packages/airflow/example_dags/example_latest_only_with_trigger.py
[2025-09-17T11:51:48.672+0000] {logging_mixin.py:190} INFO - [2025-09-17T11:51:48.672+0000] {dag.py:3239} INFO - Sync 1 DAGs
[2025-09-17T11:51:48.701+0000] {logging_mixin.py:190} INFO - [2025-09-17T11:51:48.700+0000] {dag.py:4180} INFO - Setting next_dagrun for latest_only_with_trigger to 2025-09-17 04:00:00+00:00, run_after=2025-09-17 08:00:00+00:00
[2025-09-17T11:51:48.722+0000] {processor.py:208} INFO - Processing /home/airflow/.local/lib/python3.12/site-packages/airflow/example_dags/example_latest_only_with_trigger.py took 0.097 seconds
[2025-09-17T11:52:19.052+0000] {processor.py:186} INFO - Started process (PID=1107) to work on /home/airflow/.local/lib/python3.12/site-packages/airflow/example_dags/example_latest_only_with_trigger.py
[2025-09-17T11:52:19.053+0000] {processor.py:914} INFO - Processing file /home/airflow/.local/lib/python3.12/site-packages/airflow/example_dags/example_latest_only_with_trigger.py for tasks to queue
[2025-09-17T11:52:19.057+0000] {logging_mixin.py:190} INFO - [2025-09-17T11:52:19.056+0000] {dagbag.py:588} INFO - Filling up the DagBag from /home/airflow/.local/lib/python3.12/site-packages/airflow/example_dags/example_latest_only_with_trigger.py
[2025-09-17T11:52:19.069+0000] {processor.py:925} INFO - DAG(s) 'latest_only_with_trigger' retrieved from /home/airflow/.local/lib/python3.12/site-packages/airflow/example_dags/example_latest_only_with_trigger.py
[2025-09-17T11:52:19.096+0000] {logging_mixin.py:190} INFO - [2025-09-17T11:52:19.096+0000] {dag.py:3239} INFO - Sync 1 DAGs
[2025-09-17T11:52:19.140+0000] {logging_mixin.py:190} INFO - [2025-09-17T11:52:19.140+0000] {dag.py:4180} INFO - Setting next_dagrun for latest_only_with_trigger to 2025-09-17 04:00:00+00:00, run_after=2025-09-17 08:00:00+00:00
[2025-09-17T11:52:19.190+0000] {processor.py:208} INFO - Processing /home/airflow/.local/lib/python3.12/site-packages/airflow/example_dags/example_latest_only_with_trigger.py took 0.145 seconds
[2025-09-17T11:52:49.401+0000] {processor.py:186} INFO - Started process (PID=1169) to work on /home/airflow/.local/lib/python3.12/site-packages/airflow/example_dags/example_latest_only_with_trigger.py
[2025-09-17T11:52:49.403+0000] {processor.py:914} INFO - Processing file /home/airflow/.local/lib/python3.12/site-packages/airflow/example_dags/example_latest_only_with_trigger.py for tasks to queue
[2025-09-17T11:52:49.406+0000] {logging_mixin.py:190} INFO - [2025-09-17T11:52:49.405+0000] {dagbag.py:588} INFO - Filling up the DagBag from /home/airflow/.local/lib/python3.12/site-packages/airflow/example_dags/example_latest_only_with_trigger.py
[2025-09-17T11:52:49.415+0000] {processor.py:925} INFO - DAG(s) 'latest_only_with_trigger' retrieved from /home/airflow/.local/lib/python3.12/site-packages/airflow/example_dags/example_latest_only_with_trigger.py
[2025-09-17T11:52:49.443+0000] {logging_mixin.py:190} INFO - [2025-09-17T11:52:49.442+0000] {dag.py:3239} INFO - Sync 1 DAGs
[2025-09-17T11:52:49.471+0000] {logging_mixin.py:190} INFO - [2025-09-17T11:52:49.471+0000] {dag.py:4180} INFO - Setting next_dagrun for latest_only_with_trigger to 2025-09-17 04:00:00+00:00, run_after=2025-09-17 08:00:00+00:00
[2025-09-17T11:52:49.498+0000] {processor.py:208} INFO - Processing /home/airflow/.local/lib/python3.12/site-packages/airflow/example_dags/example_latest_only_with_trigger.py took 0.104 seconds
[2025-09-17T11:53:20.448+0000] {processor.py:186} INFO - Started process (PID=1231) to work on /home/airflow/.local/lib/python3.12/site-packages/airflow/example_dags/example_latest_only_with_trigger.py
[2025-09-17T11:53:20.449+0000] {processor.py:914} INFO - Processing file /home/airflow/.local/lib/python3.12/site-packages/airflow/example_dags/example_latest_only_with_trigger.py for tasks to queue
[2025-09-17T11:53:20.452+0000] {logging_mixin.py:190} INFO - [2025-09-17T11:53:20.452+0000] {dagbag.py:588} INFO - Filling up the DagBag from /home/airflow/.local/lib/python3.12/site-packages/airflow/example_dags/example_latest_only_with_trigger.py
[2025-09-17T11:53:20.462+0000] {processor.py:925} INFO - DAG(s) 'latest_only_with_trigger' retrieved from /home/airflow/.local/lib/python3.12/site-packages/airflow/example_dags/example_latest_only_with_trigger.py
[2025-09-17T11:53:20.489+0000] {logging_mixin.py:190} INFO - [2025-09-17T11:53:20.488+0000] {dag.py:3239} INFO - Sync 1 DAGs
[2025-09-17T11:53:20.520+0000] {logging_mixin.py:190} INFO - [2025-09-17T11:53:20.519+0000] {dag.py:4180} INFO - Setting next_dagrun for latest_only_with_trigger to 2025-09-17 04:00:00+00:00, run_after=2025-09-17 08:00:00+00:00
[2025-09-17T11:53:20.544+0000] {processor.py:208} INFO - Processing /home/airflow/.local/lib/python3.12/site-packages/airflow/example_dags/example_latest_only_with_trigger.py took 0.105 seconds
