[2025-09-17T11:43:19.906+0000] {processor.py:186} INFO - Started process (PID=148) to work on /home/airflow/.local/lib/python3.12/site-packages/airflow/example_dags/example_dataset_alias_with_no_taskflow.py
[2025-09-17T11:43:19.916+0000] {processor.py:914} INFO - Processing file /home/airflow/.local/lib/python3.12/site-packages/airflow/example_dags/example_dataset_alias_with_no_taskflow.py for tasks to queue
[2025-09-17T11:43:19.929+0000] {logging_mixin.py:190} INFO - [2025-09-17T11:43:19.924+0000] {dagbag.py:588} INFO - Filling up the DagBag from /home/airflow/.local/lib/python3.12/site-packages/airflow/example_dags/example_dataset_alias_with_no_taskflow.py
[2025-09-17T11:43:21.718+0000] {processor.py:925} INFO - DAG(s) 'dataset_alias_example_alias_producer_with_no_taskflow', 'dataset_s3_bucket_producer_with_no_taskflow', 'dataset_s3_bucket_consumer_with_no_taskflow', 'dataset_alias_example_alias_consumer_with_no_taskflow' retrieved from /home/airflow/.local/lib/python3.12/site-packages/airflow/example_dags/example_dataset_alias_with_no_taskflow.py
[2025-09-17T11:43:21.955+0000] {logging_mixin.py:190} INFO - [2025-09-17T11:43:21.954+0000] {override.py:1900} INFO - Created Permission View: can delete on DAG:dataset_alias_example_alias_producer_with_no_taskflow
[2025-09-17T11:43:21.973+0000] {logging_mixin.py:190} INFO - [2025-09-17T11:43:21.973+0000] {override.py:1900} INFO - Created Permission View: can edit on DAG:dataset_alias_example_alias_producer_with_no_taskflow
[2025-09-17T11:43:21.987+0000] {logging_mixin.py:190} INFO - [2025-09-17T11:43:21.986+0000] {override.py:1900} INFO - Created Permission View: can read on DAG:dataset_alias_example_alias_producer_with_no_taskflow
[2025-09-17T11:43:22.003+0000] {logging_mixin.py:190} INFO - [2025-09-17T11:43:22.003+0000] {override.py:1900} INFO - Created Permission View: can delete on DAG Run:dataset_alias_example_alias_producer_with_no_taskflow
[2025-09-17T11:43:22.021+0000] {logging_mixin.py:190} INFO - [2025-09-17T11:43:22.020+0000] {override.py:1900} INFO - Created Permission View: menu access on DAG Run:dataset_alias_example_alias_producer_with_no_taskflow
[2025-09-17T11:43:22.046+0000] {logging_mixin.py:190} INFO - [2025-09-17T11:43:22.046+0000] {override.py:1900} INFO - Created Permission View: can read on DAG Run:dataset_alias_example_alias_producer_with_no_taskflow
[2025-09-17T11:43:22.062+0000] {logging_mixin.py:190} INFO - [2025-09-17T11:43:22.061+0000] {override.py:1900} INFO - Created Permission View: can create on DAG Run:dataset_alias_example_alias_producer_with_no_taskflow
[2025-09-17T11:43:22.094+0000] {logging_mixin.py:190} INFO - [2025-09-17T11:43:22.093+0000] {override.py:1900} INFO - Created Permission View: can delete on DAG:dataset_s3_bucket_producer_with_no_taskflow
[2025-09-17T11:43:22.107+0000] {logging_mixin.py:190} INFO - [2025-09-17T11:43:22.106+0000] {override.py:1900} INFO - Created Permission View: can edit on DAG:dataset_s3_bucket_producer_with_no_taskflow
[2025-09-17T11:43:22.121+0000] {logging_mixin.py:190} INFO - [2025-09-17T11:43:22.121+0000] {override.py:1900} INFO - Created Permission View: can read on DAG:dataset_s3_bucket_producer_with_no_taskflow
[2025-09-17T11:43:22.148+0000] {logging_mixin.py:190} INFO - [2025-09-17T11:43:22.147+0000] {override.py:1900} INFO - Created Permission View: can delete on DAG Run:dataset_s3_bucket_producer_with_no_taskflow
[2025-09-17T11:43:22.170+0000] {logging_mixin.py:190} INFO - [2025-09-17T11:43:22.169+0000] {override.py:1900} INFO - Created Permission View: menu access on DAG Run:dataset_s3_bucket_producer_with_no_taskflow
[2025-09-17T11:43:22.196+0000] {logging_mixin.py:190} INFO - [2025-09-17T11:43:22.195+0000] {override.py:1900} INFO - Created Permission View: can read on DAG Run:dataset_s3_bucket_producer_with_no_taskflow
[2025-09-17T11:43:22.221+0000] {logging_mixin.py:190} INFO - [2025-09-17T11:43:22.220+0000] {override.py:1900} INFO - Created Permission View: can create on DAG Run:dataset_s3_bucket_producer_with_no_taskflow
[2025-09-17T11:43:22.259+0000] {logging_mixin.py:190} INFO - [2025-09-17T11:43:22.259+0000] {override.py:1900} INFO - Created Permission View: can delete on DAG:dataset_s3_bucket_consumer_with_no_taskflow
[2025-09-17T11:43:22.283+0000] {logging_mixin.py:190} INFO - [2025-09-17T11:43:22.282+0000] {override.py:1900} INFO - Created Permission View: can edit on DAG:dataset_s3_bucket_consumer_with_no_taskflow
[2025-09-17T11:43:22.303+0000] {logging_mixin.py:190} INFO - [2025-09-17T11:43:22.302+0000] {override.py:1900} INFO - Created Permission View: can read on DAG:dataset_s3_bucket_consumer_with_no_taskflow
[2025-09-17T11:43:22.338+0000] {logging_mixin.py:190} INFO - [2025-09-17T11:43:22.337+0000] {override.py:1900} INFO - Created Permission View: can delete on DAG Run:dataset_s3_bucket_consumer_with_no_taskflow
[2025-09-17T11:43:22.366+0000] {logging_mixin.py:190} INFO - [2025-09-17T11:43:22.365+0000] {override.py:1900} INFO - Created Permission View: menu access on DAG Run:dataset_s3_bucket_consumer_with_no_taskflow
[2025-09-17T11:43:22.382+0000] {logging_mixin.py:190} INFO - [2025-09-17T11:43:22.382+0000] {override.py:1900} INFO - Created Permission View: can read on DAG Run:dataset_s3_bucket_consumer_with_no_taskflow
[2025-09-17T11:43:22.410+0000] {logging_mixin.py:190} INFO - [2025-09-17T11:43:22.409+0000] {override.py:1900} INFO - Created Permission View: can create on DAG Run:dataset_s3_bucket_consumer_with_no_taskflow
[2025-09-17T11:43:22.438+0000] {logging_mixin.py:190} INFO - [2025-09-17T11:43:22.437+0000] {override.py:1900} INFO - Created Permission View: can delete on DAG:dataset_alias_example_alias_consumer_with_no_taskflow
[2025-09-17T11:43:22.460+0000] {logging_mixin.py:190} INFO - [2025-09-17T11:43:22.459+0000] {override.py:1900} INFO - Created Permission View: can edit on DAG:dataset_alias_example_alias_consumer_with_no_taskflow
[2025-09-17T11:43:22.477+0000] {logging_mixin.py:190} INFO - [2025-09-17T11:43:22.476+0000] {override.py:1900} INFO - Created Permission View: can read on DAG:dataset_alias_example_alias_consumer_with_no_taskflow
[2025-09-17T11:43:22.493+0000] {logging_mixin.py:190} INFO - [2025-09-17T11:43:22.492+0000] {override.py:1900} INFO - Created Permission View: can delete on DAG Run:dataset_alias_example_alias_consumer_with_no_taskflow
[2025-09-17T11:43:22.508+0000] {logging_mixin.py:190} INFO - [2025-09-17T11:43:22.508+0000] {override.py:1900} INFO - Created Permission View: menu access on DAG Run:dataset_alias_example_alias_consumer_with_no_taskflow
[2025-09-17T11:43:22.531+0000] {logging_mixin.py:190} INFO - [2025-09-17T11:43:22.530+0000] {override.py:1900} INFO - Created Permission View: can read on DAG Run:dataset_alias_example_alias_consumer_with_no_taskflow
[2025-09-17T11:43:22.554+0000] {logging_mixin.py:190} INFO - [2025-09-17T11:43:22.554+0000] {override.py:1900} INFO - Created Permission View: can create on DAG Run:dataset_alias_example_alias_consumer_with_no_taskflow
[2025-09-17T11:43:22.557+0000] {logging_mixin.py:190} INFO - [2025-09-17T11:43:22.556+0000] {dag.py:3239} INFO - Sync 4 DAGs
[2025-09-17T11:43:22.614+0000] {logging_mixin.py:190} INFO - [2025-09-17T11:43:22.613+0000] {dag.py:3262} INFO - Creating ORM DAG for dataset_s3_bucket_producer_with_no_taskflow
[2025-09-17T11:43:22.617+0000] {logging_mixin.py:190} INFO - [2025-09-17T11:43:22.616+0000] {dag.py:3262} INFO - Creating ORM DAG for dataset_alias_example_alias_consumer_with_no_taskflow
[2025-09-17T11:43:22.619+0000] {logging_mixin.py:190} INFO - [2025-09-17T11:43:22.618+0000] {dag.py:3262} INFO - Creating ORM DAG for dataset_s3_bucket_consumer_with_no_taskflow
[2025-09-17T11:43:22.621+0000] {logging_mixin.py:190} INFO - [2025-09-17T11:43:22.620+0000] {dag.py:3262} INFO - Creating ORM DAG for dataset_alias_example_alias_producer_with_no_taskflow
[2025-09-17T11:43:22.641+0000] {logging_mixin.py:190} INFO - [2025-09-17T11:43:22.641+0000] {dag.py:4180} INFO - Setting next_dagrun for dataset_alias_example_alias_consumer_with_no_taskflow to None, run_after=None
[2025-09-17T11:43:22.643+0000] {logging_mixin.py:190} INFO - [2025-09-17T11:43:22.643+0000] {dag.py:4180} INFO - Setting next_dagrun for dataset_alias_example_alias_producer_with_no_taskflow to None, run_after=None
[2025-09-17T11:43:22.645+0000] {logging_mixin.py:190} INFO - [2025-09-17T11:43:22.645+0000] {dag.py:4180} INFO - Setting next_dagrun for dataset_s3_bucket_consumer_with_no_taskflow to None, run_after=None
[2025-09-17T11:43:22.647+0000] {logging_mixin.py:190} INFO - [2025-09-17T11:43:22.646+0000] {dag.py:4180} INFO - Setting next_dagrun for dataset_s3_bucket_producer_with_no_taskflow to None, run_after=None
[2025-09-17T11:43:22.725+0000] {processor.py:208} INFO - Processing /home/airflow/.local/lib/python3.12/site-packages/airflow/example_dags/example_dataset_alias_with_no_taskflow.py took 2.844 seconds
[2025-09-17T11:43:59.559+0000] {processor.py:186} INFO - Started process (PID=55) to work on /home/airflow/.local/lib/python3.12/site-packages/airflow/example_dags/example_dataset_alias_with_no_taskflow.py
[2025-09-17T11:43:59.561+0000] {processor.py:914} INFO - Processing file /home/airflow/.local/lib/python3.12/site-packages/airflow/example_dags/example_dataset_alias_with_no_taskflow.py for tasks to queue
[2025-09-17T11:43:59.565+0000] {logging_mixin.py:190} INFO - [2025-09-17T11:43:59.564+0000] {dagbag.py:588} INFO - Filling up the DagBag from /home/airflow/.local/lib/python3.12/site-packages/airflow/example_dags/example_dataset_alias_with_no_taskflow.py
[2025-09-17T11:43:59.887+0000] {processor.py:925} INFO - DAG(s) 'dataset_s3_bucket_producer_with_no_taskflow', 'dataset_s3_bucket_consumer_with_no_taskflow', 'dataset_alias_example_alias_producer_with_no_taskflow', 'dataset_alias_example_alias_consumer_with_no_taskflow' retrieved from /home/airflow/.local/lib/python3.12/site-packages/airflow/example_dags/example_dataset_alias_with_no_taskflow.py
[2025-09-17T11:43:59.941+0000] {logging_mixin.py:190} INFO - [2025-09-17T11:43:59.941+0000] {dag.py:3239} INFO - Sync 4 DAGs
[2025-09-17T11:43:59.995+0000] {logging_mixin.py:190} INFO - [2025-09-17T11:43:59.995+0000] {dag.py:4180} INFO - Setting next_dagrun for dataset_alias_example_alias_consumer_with_no_taskflow to None, run_after=None
[2025-09-17T11:44:00.001+0000] {logging_mixin.py:190} INFO - [2025-09-17T11:44:00.001+0000] {dag.py:4180} INFO - Setting next_dagrun for dataset_alias_example_alias_producer_with_no_taskflow to None, run_after=None
[2025-09-17T11:44:00.007+0000] {logging_mixin.py:190} INFO - [2025-09-17T11:44:00.006+0000] {dag.py:4180} INFO - Setting next_dagrun for dataset_s3_bucket_consumer_with_no_taskflow to None, run_after=None
[2025-09-17T11:44:00.015+0000] {logging_mixin.py:190} INFO - [2025-09-17T11:44:00.015+0000] {dag.py:4180} INFO - Setting next_dagrun for dataset_s3_bucket_producer_with_no_taskflow to None, run_after=None
[2025-09-17T11:44:00.094+0000] {processor.py:208} INFO - Processing /home/airflow/.local/lib/python3.12/site-packages/airflow/example_dags/example_dataset_alias_with_no_taskflow.py took 0.544 seconds
[2025-09-17T11:44:30.196+0000] {processor.py:186} INFO - Started process (PID=118) to work on /home/airflow/.local/lib/python3.12/site-packages/airflow/example_dags/example_dataset_alias_with_no_taskflow.py
[2025-09-17T11:44:30.197+0000] {processor.py:914} INFO - Processing file /home/airflow/.local/lib/python3.12/site-packages/airflow/example_dags/example_dataset_alias_with_no_taskflow.py for tasks to queue
[2025-09-17T11:44:30.203+0000] {logging_mixin.py:190} INFO - [2025-09-17T11:44:30.202+0000] {dagbag.py:588} INFO - Filling up the DagBag from /home/airflow/.local/lib/python3.12/site-packages/airflow/example_dags/example_dataset_alias_with_no_taskflow.py
[2025-09-17T11:44:30.434+0000] {processor.py:925} INFO - DAG(s) 'dataset_s3_bucket_producer_with_no_taskflow', 'dataset_s3_bucket_consumer_with_no_taskflow', 'dataset_alias_example_alias_consumer_with_no_taskflow', 'dataset_alias_example_alias_producer_with_no_taskflow' retrieved from /home/airflow/.local/lib/python3.12/site-packages/airflow/example_dags/example_dataset_alias_with_no_taskflow.py
[2025-09-17T11:44:30.471+0000] {logging_mixin.py:190} INFO - [2025-09-17T11:44:30.470+0000] {dag.py:3239} INFO - Sync 4 DAGs
[2025-09-17T11:44:30.510+0000] {logging_mixin.py:190} INFO - [2025-09-17T11:44:30.509+0000] {dag.py:4180} INFO - Setting next_dagrun for dataset_alias_example_alias_consumer_with_no_taskflow to None, run_after=None
[2025-09-17T11:44:30.514+0000] {logging_mixin.py:190} INFO - [2025-09-17T11:44:30.513+0000] {dag.py:4180} INFO - Setting next_dagrun for dataset_alias_example_alias_producer_with_no_taskflow to None, run_after=None
[2025-09-17T11:44:30.516+0000] {logging_mixin.py:190} INFO - [2025-09-17T11:44:30.516+0000] {dag.py:4180} INFO - Setting next_dagrun for dataset_s3_bucket_consumer_with_no_taskflow to None, run_after=None
[2025-09-17T11:44:30.519+0000] {logging_mixin.py:190} INFO - [2025-09-17T11:44:30.518+0000] {dag.py:4180} INFO - Setting next_dagrun for dataset_s3_bucket_producer_with_no_taskflow to None, run_after=None
[2025-09-17T11:44:30.551+0000] {processor.py:208} INFO - Processing /home/airflow/.local/lib/python3.12/site-packages/airflow/example_dags/example_dataset_alias_with_no_taskflow.py took 0.365 seconds
[2025-09-17T11:45:01.191+0000] {processor.py:186} INFO - Started process (PID=180) to work on /home/airflow/.local/lib/python3.12/site-packages/airflow/example_dags/example_dataset_alias_with_no_taskflow.py
[2025-09-17T11:45:01.192+0000] {processor.py:914} INFO - Processing file /home/airflow/.local/lib/python3.12/site-packages/airflow/example_dags/example_dataset_alias_with_no_taskflow.py for tasks to queue
[2025-09-17T11:45:01.195+0000] {logging_mixin.py:190} INFO - [2025-09-17T11:45:01.195+0000] {dagbag.py:588} INFO - Filling up the DagBag from /home/airflow/.local/lib/python3.12/site-packages/airflow/example_dags/example_dataset_alias_with_no_taskflow.py
[2025-09-17T11:45:01.395+0000] {processor.py:925} INFO - DAG(s) 'dataset_s3_bucket_consumer_with_no_taskflow', 'dataset_s3_bucket_producer_with_no_taskflow', 'dataset_alias_example_alias_consumer_with_no_taskflow', 'dataset_alias_example_alias_producer_with_no_taskflow' retrieved from /home/airflow/.local/lib/python3.12/site-packages/airflow/example_dags/example_dataset_alias_with_no_taskflow.py
[2025-09-17T11:45:01.422+0000] {logging_mixin.py:190} INFO - [2025-09-17T11:45:01.421+0000] {dag.py:3239} INFO - Sync 4 DAGs
[2025-09-17T11:45:01.457+0000] {logging_mixin.py:190} INFO - [2025-09-17T11:45:01.456+0000] {dag.py:4180} INFO - Setting next_dagrun for dataset_alias_example_alias_consumer_with_no_taskflow to None, run_after=None
[2025-09-17T11:45:01.461+0000] {logging_mixin.py:190} INFO - [2025-09-17T11:45:01.461+0000] {dag.py:4180} INFO - Setting next_dagrun for dataset_alias_example_alias_producer_with_no_taskflow to None, run_after=None
[2025-09-17T11:45:01.463+0000] {logging_mixin.py:190} INFO - [2025-09-17T11:45:01.463+0000] {dag.py:4180} INFO - Setting next_dagrun for dataset_s3_bucket_consumer_with_no_taskflow to None, run_after=None
[2025-09-17T11:45:01.465+0000] {logging_mixin.py:190} INFO - [2025-09-17T11:45:01.465+0000] {dag.py:4180} INFO - Setting next_dagrun for dataset_s3_bucket_producer_with_no_taskflow to None, run_after=None
[2025-09-17T11:45:01.495+0000] {processor.py:208} INFO - Processing /home/airflow/.local/lib/python3.12/site-packages/airflow/example_dags/example_dataset_alias_with_no_taskflow.py took 0.313 seconds
[2025-09-17T11:45:32.028+0000] {processor.py:186} INFO - Started process (PID=242) to work on /home/airflow/.local/lib/python3.12/site-packages/airflow/example_dags/example_dataset_alias_with_no_taskflow.py
[2025-09-17T11:45:32.029+0000] {processor.py:914} INFO - Processing file /home/airflow/.local/lib/python3.12/site-packages/airflow/example_dags/example_dataset_alias_with_no_taskflow.py for tasks to queue
[2025-09-17T11:45:32.033+0000] {logging_mixin.py:190} INFO - [2025-09-17T11:45:32.032+0000] {dagbag.py:588} INFO - Filling up the DagBag from /home/airflow/.local/lib/python3.12/site-packages/airflow/example_dags/example_dataset_alias_with_no_taskflow.py
[2025-09-17T11:45:32.258+0000] {processor.py:925} INFO - DAG(s) 'dataset_alias_example_alias_producer_with_no_taskflow', 'dataset_s3_bucket_producer_with_no_taskflow', 'dataset_alias_example_alias_consumer_with_no_taskflow', 'dataset_s3_bucket_consumer_with_no_taskflow' retrieved from /home/airflow/.local/lib/python3.12/site-packages/airflow/example_dags/example_dataset_alias_with_no_taskflow.py
[2025-09-17T11:45:32.294+0000] {logging_mixin.py:190} INFO - [2025-09-17T11:45:32.294+0000] {dag.py:3239} INFO - Sync 4 DAGs
[2025-09-17T11:45:32.331+0000] {logging_mixin.py:190} INFO - [2025-09-17T11:45:32.331+0000] {dag.py:4180} INFO - Setting next_dagrun for dataset_alias_example_alias_consumer_with_no_taskflow to None, run_after=None
[2025-09-17T11:45:32.335+0000] {logging_mixin.py:190} INFO - [2025-09-17T11:45:32.335+0000] {dag.py:4180} INFO - Setting next_dagrun for dataset_alias_example_alias_producer_with_no_taskflow to None, run_after=None
[2025-09-17T11:45:32.338+0000] {logging_mixin.py:190} INFO - [2025-09-17T11:45:32.337+0000] {dag.py:4180} INFO - Setting next_dagrun for dataset_s3_bucket_consumer_with_no_taskflow to None, run_after=None
[2025-09-17T11:45:32.340+0000] {logging_mixin.py:190} INFO - [2025-09-17T11:45:32.340+0000] {dag.py:4180} INFO - Setting next_dagrun for dataset_s3_bucket_producer_with_no_taskflow to None, run_after=None
[2025-09-17T11:45:32.377+0000] {processor.py:208} INFO - Processing /home/airflow/.local/lib/python3.12/site-packages/airflow/example_dags/example_dataset_alias_with_no_taskflow.py took 0.359 seconds
[2025-09-17T11:46:03.057+0000] {processor.py:186} INFO - Started process (PID=304) to work on /home/airflow/.local/lib/python3.12/site-packages/airflow/example_dags/example_dataset_alias_with_no_taskflow.py
[2025-09-17T11:46:03.059+0000] {processor.py:914} INFO - Processing file /home/airflow/.local/lib/python3.12/site-packages/airflow/example_dags/example_dataset_alias_with_no_taskflow.py for tasks to queue
[2025-09-17T11:46:03.064+0000] {logging_mixin.py:190} INFO - [2025-09-17T11:46:03.063+0000] {dagbag.py:588} INFO - Filling up the DagBag from /home/airflow/.local/lib/python3.12/site-packages/airflow/example_dags/example_dataset_alias_with_no_taskflow.py
[2025-09-17T11:46:03.265+0000] {processor.py:925} INFO - DAG(s) 'dataset_s3_bucket_consumer_with_no_taskflow', 'dataset_alias_example_alias_producer_with_no_taskflow', 'dataset_alias_example_alias_consumer_with_no_taskflow', 'dataset_s3_bucket_producer_with_no_taskflow' retrieved from /home/airflow/.local/lib/python3.12/site-packages/airflow/example_dags/example_dataset_alias_with_no_taskflow.py
[2025-09-17T11:46:03.293+0000] {logging_mixin.py:190} INFO - [2025-09-17T11:46:03.293+0000] {dag.py:3239} INFO - Sync 4 DAGs
[2025-09-17T11:46:03.328+0000] {logging_mixin.py:190} INFO - [2025-09-17T11:46:03.327+0000] {dag.py:4180} INFO - Setting next_dagrun for dataset_alias_example_alias_consumer_with_no_taskflow to None, run_after=None
[2025-09-17T11:46:03.331+0000] {logging_mixin.py:190} INFO - [2025-09-17T11:46:03.331+0000] {dag.py:4180} INFO - Setting next_dagrun for dataset_alias_example_alias_producer_with_no_taskflow to None, run_after=None
[2025-09-17T11:46:03.333+0000] {logging_mixin.py:190} INFO - [2025-09-17T11:46:03.333+0000] {dag.py:4180} INFO - Setting next_dagrun for dataset_s3_bucket_consumer_with_no_taskflow to None, run_after=None
[2025-09-17T11:46:03.335+0000] {logging_mixin.py:190} INFO - [2025-09-17T11:46:03.335+0000] {dag.py:4180} INFO - Setting next_dagrun for dataset_s3_bucket_producer_with_no_taskflow to None, run_after=None
[2025-09-17T11:46:03.370+0000] {processor.py:208} INFO - Processing /home/airflow/.local/lib/python3.12/site-packages/airflow/example_dags/example_dataset_alias_with_no_taskflow.py took 0.321 seconds
[2025-09-17T11:46:33.486+0000] {processor.py:186} INFO - Started process (PID=367) to work on /home/airflow/.local/lib/python3.12/site-packages/airflow/example_dags/example_dataset_alias_with_no_taskflow.py
[2025-09-17T11:46:33.487+0000] {processor.py:914} INFO - Processing file /home/airflow/.local/lib/python3.12/site-packages/airflow/example_dags/example_dataset_alias_with_no_taskflow.py for tasks to queue
[2025-09-17T11:46:33.491+0000] {logging_mixin.py:190} INFO - [2025-09-17T11:46:33.491+0000] {dagbag.py:588} INFO - Filling up the DagBag from /home/airflow/.local/lib/python3.12/site-packages/airflow/example_dags/example_dataset_alias_with_no_taskflow.py
[2025-09-17T11:46:33.729+0000] {processor.py:925} INFO - DAG(s) 'dataset_alias_example_alias_producer_with_no_taskflow', 'dataset_alias_example_alias_consumer_with_no_taskflow', 'dataset_s3_bucket_consumer_with_no_taskflow', 'dataset_s3_bucket_producer_with_no_taskflow' retrieved from /home/airflow/.local/lib/python3.12/site-packages/airflow/example_dags/example_dataset_alias_with_no_taskflow.py
[2025-09-17T11:46:33.764+0000] {logging_mixin.py:190} INFO - [2025-09-17T11:46:33.763+0000] {dag.py:3239} INFO - Sync 4 DAGs
[2025-09-17T11:46:33.800+0000] {logging_mixin.py:190} INFO - [2025-09-17T11:46:33.800+0000] {dag.py:4180} INFO - Setting next_dagrun for dataset_alias_example_alias_consumer_with_no_taskflow to None, run_after=None
[2025-09-17T11:46:33.805+0000] {logging_mixin.py:190} INFO - [2025-09-17T11:46:33.805+0000] {dag.py:4180} INFO - Setting next_dagrun for dataset_alias_example_alias_producer_with_no_taskflow to None, run_after=None
[2025-09-17T11:46:33.808+0000] {logging_mixin.py:190} INFO - [2025-09-17T11:46:33.808+0000] {dag.py:4180} INFO - Setting next_dagrun for dataset_s3_bucket_consumer_with_no_taskflow to None, run_after=None
[2025-09-17T11:46:33.811+0000] {logging_mixin.py:190} INFO - [2025-09-17T11:46:33.810+0000] {dag.py:4180} INFO - Setting next_dagrun for dataset_s3_bucket_producer_with_no_taskflow to None, run_after=None
[2025-09-17T11:46:33.846+0000] {processor.py:208} INFO - Processing /home/airflow/.local/lib/python3.12/site-packages/airflow/example_dags/example_dataset_alias_with_no_taskflow.py took 0.375 seconds
[2025-09-17T11:47:04.535+0000] {processor.py:186} INFO - Started process (PID=435) to work on /home/airflow/.local/lib/python3.12/site-packages/airflow/example_dags/example_dataset_alias_with_no_taskflow.py
[2025-09-17T11:47:04.536+0000] {processor.py:914} INFO - Processing file /home/airflow/.local/lib/python3.12/site-packages/airflow/example_dags/example_dataset_alias_with_no_taskflow.py for tasks to queue
[2025-09-17T11:47:04.544+0000] {logging_mixin.py:190} INFO - [2025-09-17T11:47:04.543+0000] {dagbag.py:588} INFO - Filling up the DagBag from /home/airflow/.local/lib/python3.12/site-packages/airflow/example_dags/example_dataset_alias_with_no_taskflow.py
[2025-09-17T11:47:04.778+0000] {processor.py:925} INFO - DAG(s) 'dataset_alias_example_alias_consumer_with_no_taskflow', 'dataset_s3_bucket_consumer_with_no_taskflow', 'dataset_s3_bucket_producer_with_no_taskflow', 'dataset_alias_example_alias_producer_with_no_taskflow' retrieved from /home/airflow/.local/lib/python3.12/site-packages/airflow/example_dags/example_dataset_alias_with_no_taskflow.py
[2025-09-17T11:47:04.807+0000] {logging_mixin.py:190} INFO - [2025-09-17T11:47:04.807+0000] {dag.py:3239} INFO - Sync 4 DAGs
[2025-09-17T11:47:04.840+0000] {logging_mixin.py:190} INFO - [2025-09-17T11:47:04.839+0000] {dag.py:4180} INFO - Setting next_dagrun for dataset_alias_example_alias_consumer_with_no_taskflow to None, run_after=None
[2025-09-17T11:47:04.843+0000] {logging_mixin.py:190} INFO - [2025-09-17T11:47:04.843+0000] {dag.py:4180} INFO - Setting next_dagrun for dataset_alias_example_alias_producer_with_no_taskflow to None, run_after=None
[2025-09-17T11:47:04.845+0000] {logging_mixin.py:190} INFO - [2025-09-17T11:47:04.845+0000] {dag.py:4180} INFO - Setting next_dagrun for dataset_s3_bucket_consumer_with_no_taskflow to None, run_after=None
[2025-09-17T11:47:04.847+0000] {logging_mixin.py:190} INFO - [2025-09-17T11:47:04.847+0000] {dag.py:4180} INFO - Setting next_dagrun for dataset_s3_bucket_producer_with_no_taskflow to None, run_after=None
[2025-09-17T11:47:04.878+0000] {processor.py:208} INFO - Processing /home/airflow/.local/lib/python3.12/site-packages/airflow/example_dags/example_dataset_alias_with_no_taskflow.py took 0.353 seconds
[2025-09-17T11:47:35.035+0000] {processor.py:186} INFO - Started process (PID=498) to work on /home/airflow/.local/lib/python3.12/site-packages/airflow/example_dags/example_dataset_alias_with_no_taskflow.py
[2025-09-17T11:47:35.037+0000] {processor.py:914} INFO - Processing file /home/airflow/.local/lib/python3.12/site-packages/airflow/example_dags/example_dataset_alias_with_no_taskflow.py for tasks to queue
[2025-09-17T11:47:35.040+0000] {logging_mixin.py:190} INFO - [2025-09-17T11:47:35.039+0000] {dagbag.py:588} INFO - Filling up the DagBag from /home/airflow/.local/lib/python3.12/site-packages/airflow/example_dags/example_dataset_alias_with_no_taskflow.py
[2025-09-17T11:47:35.239+0000] {processor.py:925} INFO - DAG(s) 'dataset_alias_example_alias_consumer_with_no_taskflow', 'dataset_s3_bucket_consumer_with_no_taskflow', 'dataset_s3_bucket_producer_with_no_taskflow', 'dataset_alias_example_alias_producer_with_no_taskflow' retrieved from /home/airflow/.local/lib/python3.12/site-packages/airflow/example_dags/example_dataset_alias_with_no_taskflow.py
[2025-09-17T11:47:35.270+0000] {logging_mixin.py:190} INFO - [2025-09-17T11:47:35.269+0000] {dag.py:3239} INFO - Sync 4 DAGs
[2025-09-17T11:47:35.313+0000] {logging_mixin.py:190} INFO - [2025-09-17T11:47:35.313+0000] {dag.py:4180} INFO - Setting next_dagrun for dataset_alias_example_alias_consumer_with_no_taskflow to None, run_after=None
[2025-09-17T11:47:35.322+0000] {logging_mixin.py:190} INFO - [2025-09-17T11:47:35.322+0000] {dag.py:4180} INFO - Setting next_dagrun for dataset_alias_example_alias_producer_with_no_taskflow to None, run_after=None
[2025-09-17T11:47:35.325+0000] {logging_mixin.py:190} INFO - [2025-09-17T11:47:35.325+0000] {dag.py:4180} INFO - Setting next_dagrun for dataset_s3_bucket_consumer_with_no_taskflow to None, run_after=None
[2025-09-17T11:47:35.328+0000] {logging_mixin.py:190} INFO - [2025-09-17T11:47:35.328+0000] {dag.py:4180} INFO - Setting next_dagrun for dataset_s3_bucket_producer_with_no_taskflow to None, run_after=None
[2025-09-17T11:47:35.362+0000] {processor.py:208} INFO - Processing /home/airflow/.local/lib/python3.12/site-packages/airflow/example_dags/example_dataset_alias_with_no_taskflow.py took 0.335 seconds
[2025-09-17T11:48:05.829+0000] {processor.py:186} INFO - Started process (PID=560) to work on /home/airflow/.local/lib/python3.12/site-packages/airflow/example_dags/example_dataset_alias_with_no_taskflow.py
[2025-09-17T11:48:05.831+0000] {processor.py:914} INFO - Processing file /home/airflow/.local/lib/python3.12/site-packages/airflow/example_dags/example_dataset_alias_with_no_taskflow.py for tasks to queue
[2025-09-17T11:48:05.834+0000] {logging_mixin.py:190} INFO - [2025-09-17T11:48:05.834+0000] {dagbag.py:588} INFO - Filling up the DagBag from /home/airflow/.local/lib/python3.12/site-packages/airflow/example_dags/example_dataset_alias_with_no_taskflow.py
[2025-09-17T11:48:06.070+0000] {processor.py:925} INFO - DAG(s) 'dataset_s3_bucket_producer_with_no_taskflow', 'dataset_alias_example_alias_producer_with_no_taskflow', 'dataset_alias_example_alias_consumer_with_no_taskflow', 'dataset_s3_bucket_consumer_with_no_taskflow' retrieved from /home/airflow/.local/lib/python3.12/site-packages/airflow/example_dags/example_dataset_alias_with_no_taskflow.py
[2025-09-17T11:48:06.097+0000] {logging_mixin.py:190} INFO - [2025-09-17T11:48:06.096+0000] {dag.py:3239} INFO - Sync 4 DAGs
[2025-09-17T11:48:06.143+0000] {logging_mixin.py:190} INFO - [2025-09-17T11:48:06.142+0000] {dag.py:4180} INFO - Setting next_dagrun for dataset_alias_example_alias_consumer_with_no_taskflow to None, run_after=None
[2025-09-17T11:48:06.146+0000] {logging_mixin.py:190} INFO - [2025-09-17T11:48:06.146+0000] {dag.py:4180} INFO - Setting next_dagrun for dataset_alias_example_alias_producer_with_no_taskflow to None, run_after=None
[2025-09-17T11:48:06.148+0000] {logging_mixin.py:190} INFO - [2025-09-17T11:48:06.148+0000] {dag.py:4180} INFO - Setting next_dagrun for dataset_s3_bucket_consumer_with_no_taskflow to None, run_after=None
[2025-09-17T11:48:06.150+0000] {logging_mixin.py:190} INFO - [2025-09-17T11:48:06.150+0000] {dag.py:4180} INFO - Setting next_dagrun for dataset_s3_bucket_producer_with_no_taskflow to None, run_after=None
[2025-09-17T11:48:06.179+0000] {processor.py:208} INFO - Processing /home/airflow/.local/lib/python3.12/site-packages/airflow/example_dags/example_dataset_alias_with_no_taskflow.py took 0.360 seconds
[2025-09-17T11:48:36.301+0000] {processor.py:186} INFO - Started process (PID=622) to work on /home/airflow/.local/lib/python3.12/site-packages/airflow/example_dags/example_dataset_alias_with_no_taskflow.py
[2025-09-17T11:48:36.302+0000] {processor.py:914} INFO - Processing file /home/airflow/.local/lib/python3.12/site-packages/airflow/example_dags/example_dataset_alias_with_no_taskflow.py for tasks to queue
[2025-09-17T11:48:36.306+0000] {logging_mixin.py:190} INFO - [2025-09-17T11:48:36.305+0000] {dagbag.py:588} INFO - Filling up the DagBag from /home/airflow/.local/lib/python3.12/site-packages/airflow/example_dags/example_dataset_alias_with_no_taskflow.py
[2025-09-17T11:48:36.512+0000] {processor.py:925} INFO - DAG(s) 'dataset_alias_example_alias_consumer_with_no_taskflow', 'dataset_alias_example_alias_producer_with_no_taskflow', 'dataset_s3_bucket_producer_with_no_taskflow', 'dataset_s3_bucket_consumer_with_no_taskflow' retrieved from /home/airflow/.local/lib/python3.12/site-packages/airflow/example_dags/example_dataset_alias_with_no_taskflow.py
[2025-09-17T11:48:36.538+0000] {logging_mixin.py:190} INFO - [2025-09-17T11:48:36.538+0000] {dag.py:3239} INFO - Sync 4 DAGs
[2025-09-17T11:48:36.567+0000] {logging_mixin.py:190} INFO - [2025-09-17T11:48:36.567+0000] {dag.py:4180} INFO - Setting next_dagrun for dataset_alias_example_alias_consumer_with_no_taskflow to None, run_after=None
[2025-09-17T11:48:36.572+0000] {logging_mixin.py:190} INFO - [2025-09-17T11:48:36.572+0000] {dag.py:4180} INFO - Setting next_dagrun for dataset_alias_example_alias_producer_with_no_taskflow to None, run_after=None
[2025-09-17T11:48:36.574+0000] {logging_mixin.py:190} INFO - [2025-09-17T11:48:36.574+0000] {dag.py:4180} INFO - Setting next_dagrun for dataset_s3_bucket_consumer_with_no_taskflow to None, run_after=None
[2025-09-17T11:48:36.576+0000] {logging_mixin.py:190} INFO - [2025-09-17T11:48:36.576+0000] {dag.py:4180} INFO - Setting next_dagrun for dataset_s3_bucket_producer_with_no_taskflow to None, run_after=None
[2025-09-17T11:48:36.605+0000] {processor.py:208} INFO - Processing /home/airflow/.local/lib/python3.12/site-packages/airflow/example_dags/example_dataset_alias_with_no_taskflow.py took 0.312 seconds
[2025-09-17T11:49:06.983+0000] {processor.py:186} INFO - Started process (PID=685) to work on /home/airflow/.local/lib/python3.12/site-packages/airflow/example_dags/example_dataset_alias_with_no_taskflow.py
[2025-09-17T11:49:06.986+0000] {processor.py:914} INFO - Processing file /home/airflow/.local/lib/python3.12/site-packages/airflow/example_dags/example_dataset_alias_with_no_taskflow.py for tasks to queue
[2025-09-17T11:49:06.994+0000] {logging_mixin.py:190} INFO - [2025-09-17T11:49:06.993+0000] {dagbag.py:588} INFO - Filling up the DagBag from /home/airflow/.local/lib/python3.12/site-packages/airflow/example_dags/example_dataset_alias_with_no_taskflow.py
[2025-09-17T11:49:07.371+0000] {processor.py:925} INFO - DAG(s) 'dataset_alias_example_alias_consumer_with_no_taskflow', 'dataset_s3_bucket_producer_with_no_taskflow', 'dataset_s3_bucket_consumer_with_no_taskflow', 'dataset_alias_example_alias_producer_with_no_taskflow' retrieved from /home/airflow/.local/lib/python3.12/site-packages/airflow/example_dags/example_dataset_alias_with_no_taskflow.py
[2025-09-17T11:49:07.406+0000] {logging_mixin.py:190} INFO - [2025-09-17T11:49:07.405+0000] {dag.py:3239} INFO - Sync 4 DAGs
[2025-09-17T11:49:07.443+0000] {logging_mixin.py:190} INFO - [2025-09-17T11:49:07.443+0000] {dag.py:4180} INFO - Setting next_dagrun for dataset_alias_example_alias_consumer_with_no_taskflow to None, run_after=None
[2025-09-17T11:49:07.448+0000] {logging_mixin.py:190} INFO - [2025-09-17T11:49:07.448+0000] {dag.py:4180} INFO - Setting next_dagrun for dataset_alias_example_alias_producer_with_no_taskflow to None, run_after=None
[2025-09-17T11:49:07.451+0000] {logging_mixin.py:190} INFO - [2025-09-17T11:49:07.450+0000] {dag.py:4180} INFO - Setting next_dagrun for dataset_s3_bucket_consumer_with_no_taskflow to None, run_after=None
[2025-09-17T11:49:07.454+0000] {logging_mixin.py:190} INFO - [2025-09-17T11:49:07.454+0000] {dag.py:4180} INFO - Setting next_dagrun for dataset_s3_bucket_producer_with_no_taskflow to None, run_after=None
[2025-09-17T11:49:07.494+0000] {processor.py:208} INFO - Processing /home/airflow/.local/lib/python3.12/site-packages/airflow/example_dags/example_dataset_alias_with_no_taskflow.py took 0.522 seconds
[2025-09-17T11:49:37.730+0000] {processor.py:186} INFO - Started process (PID=747) to work on /home/airflow/.local/lib/python3.12/site-packages/airflow/example_dags/example_dataset_alias_with_no_taskflow.py
[2025-09-17T11:49:37.732+0000] {processor.py:914} INFO - Processing file /home/airflow/.local/lib/python3.12/site-packages/airflow/example_dags/example_dataset_alias_with_no_taskflow.py for tasks to queue
[2025-09-17T11:49:37.736+0000] {logging_mixin.py:190} INFO - [2025-09-17T11:49:37.735+0000] {dagbag.py:588} INFO - Filling up the DagBag from /home/airflow/.local/lib/python3.12/site-packages/airflow/example_dags/example_dataset_alias_with_no_taskflow.py
[2025-09-17T11:49:37.967+0000] {processor.py:925} INFO - DAG(s) 'dataset_alias_example_alias_producer_with_no_taskflow', 'dataset_s3_bucket_producer_with_no_taskflow', 'dataset_alias_example_alias_consumer_with_no_taskflow', 'dataset_s3_bucket_consumer_with_no_taskflow' retrieved from /home/airflow/.local/lib/python3.12/site-packages/airflow/example_dags/example_dataset_alias_with_no_taskflow.py
[2025-09-17T11:49:38.028+0000] {logging_mixin.py:190} INFO - [2025-09-17T11:49:38.028+0000] {dag.py:3239} INFO - Sync 4 DAGs
[2025-09-17T11:49:38.076+0000] {logging_mixin.py:190} INFO - [2025-09-17T11:49:38.076+0000] {dag.py:4180} INFO - Setting next_dagrun for dataset_alias_example_alias_consumer_with_no_taskflow to None, run_after=None
[2025-09-17T11:49:38.082+0000] {logging_mixin.py:190} INFO - [2025-09-17T11:49:38.081+0000] {dag.py:4180} INFO - Setting next_dagrun for dataset_alias_example_alias_producer_with_no_taskflow to None, run_after=None
[2025-09-17T11:49:38.085+0000] {logging_mixin.py:190} INFO - [2025-09-17T11:49:38.085+0000] {dag.py:4180} INFO - Setting next_dagrun for dataset_s3_bucket_consumer_with_no_taskflow to None, run_after=None
[2025-09-17T11:49:38.087+0000] {logging_mixin.py:190} INFO - [2025-09-17T11:49:38.087+0000] {dag.py:4180} INFO - Setting next_dagrun for dataset_s3_bucket_producer_with_no_taskflow to None, run_after=None
[2025-09-17T11:49:38.122+0000] {processor.py:208} INFO - Processing /home/airflow/.local/lib/python3.12/site-packages/airflow/example_dags/example_dataset_alias_with_no_taskflow.py took 0.401 seconds
[2025-09-17T11:50:08.213+0000] {processor.py:186} INFO - Started process (PID=811) to work on /home/airflow/.local/lib/python3.12/site-packages/airflow/example_dags/example_dataset_alias_with_no_taskflow.py
[2025-09-17T11:50:08.215+0000] {processor.py:914} INFO - Processing file /home/airflow/.local/lib/python3.12/site-packages/airflow/example_dags/example_dataset_alias_with_no_taskflow.py for tasks to queue
[2025-09-17T11:50:08.218+0000] {logging_mixin.py:190} INFO - [2025-09-17T11:50:08.218+0000] {dagbag.py:588} INFO - Filling up the DagBag from /home/airflow/.local/lib/python3.12/site-packages/airflow/example_dags/example_dataset_alias_with_no_taskflow.py
[2025-09-17T11:50:08.454+0000] {processor.py:925} INFO - DAG(s) 'dataset_s3_bucket_producer_with_no_taskflow', 'dataset_alias_example_alias_producer_with_no_taskflow', 'dataset_alias_example_alias_consumer_with_no_taskflow', 'dataset_s3_bucket_consumer_with_no_taskflow' retrieved from /home/airflow/.local/lib/python3.12/site-packages/airflow/example_dags/example_dataset_alias_with_no_taskflow.py
[2025-09-17T11:50:08.486+0000] {logging_mixin.py:190} INFO - [2025-09-17T11:50:08.485+0000] {dag.py:3239} INFO - Sync 4 DAGs
[2025-09-17T11:50:08.526+0000] {logging_mixin.py:190} INFO - [2025-09-17T11:50:08.526+0000] {dag.py:4180} INFO - Setting next_dagrun for dataset_alias_example_alias_consumer_with_no_taskflow to None, run_after=None
[2025-09-17T11:50:08.532+0000] {logging_mixin.py:190} INFO - [2025-09-17T11:50:08.531+0000] {dag.py:4180} INFO - Setting next_dagrun for dataset_alias_example_alias_producer_with_no_taskflow to None, run_after=None
[2025-09-17T11:50:08.534+0000] {logging_mixin.py:190} INFO - [2025-09-17T11:50:08.534+0000] {dag.py:4180} INFO - Setting next_dagrun for dataset_s3_bucket_consumer_with_no_taskflow to None, run_after=None
[2025-09-17T11:50:08.536+0000] {logging_mixin.py:190} INFO - [2025-09-17T11:50:08.536+0000] {dag.py:4180} INFO - Setting next_dagrun for dataset_s3_bucket_producer_with_no_taskflow to None, run_after=None
[2025-09-17T11:50:08.574+0000] {processor.py:208} INFO - Processing /home/airflow/.local/lib/python3.12/site-packages/airflow/example_dags/example_dataset_alias_with_no_taskflow.py took 0.373 seconds
[2025-09-17T11:50:38.957+0000] {processor.py:186} INFO - Started process (PID=871) to work on /home/airflow/.local/lib/python3.12/site-packages/airflow/example_dags/example_dataset_alias_with_no_taskflow.py
[2025-09-17T11:50:38.959+0000] {processor.py:914} INFO - Processing file /home/airflow/.local/lib/python3.12/site-packages/airflow/example_dags/example_dataset_alias_with_no_taskflow.py for tasks to queue
[2025-09-17T11:50:38.964+0000] {logging_mixin.py:190} INFO - [2025-09-17T11:50:38.964+0000] {dagbag.py:588} INFO - Filling up the DagBag from /home/airflow/.local/lib/python3.12/site-packages/airflow/example_dags/example_dataset_alias_with_no_taskflow.py
[2025-09-17T11:50:39.209+0000] {processor.py:925} INFO - DAG(s) 'dataset_alias_example_alias_consumer_with_no_taskflow', 'dataset_alias_example_alias_producer_with_no_taskflow', 'dataset_s3_bucket_consumer_with_no_taskflow', 'dataset_s3_bucket_producer_with_no_taskflow' retrieved from /home/airflow/.local/lib/python3.12/site-packages/airflow/example_dags/example_dataset_alias_with_no_taskflow.py
[2025-09-17T11:50:39.236+0000] {logging_mixin.py:190} INFO - [2025-09-17T11:50:39.235+0000] {dag.py:3239} INFO - Sync 4 DAGs
[2025-09-17T11:50:39.265+0000] {logging_mixin.py:190} INFO - [2025-09-17T11:50:39.265+0000] {dag.py:4180} INFO - Setting next_dagrun for dataset_alias_example_alias_consumer_with_no_taskflow to None, run_after=None
[2025-09-17T11:50:39.270+0000] {logging_mixin.py:190} INFO - [2025-09-17T11:50:39.269+0000] {dag.py:4180} INFO - Setting next_dagrun for dataset_alias_example_alias_producer_with_no_taskflow to None, run_after=None
[2025-09-17T11:50:39.272+0000] {logging_mixin.py:190} INFO - [2025-09-17T11:50:39.271+0000] {dag.py:4180} INFO - Setting next_dagrun for dataset_s3_bucket_consumer_with_no_taskflow to None, run_after=None
[2025-09-17T11:50:39.274+0000] {logging_mixin.py:190} INFO - [2025-09-17T11:50:39.273+0000] {dag.py:4180} INFO - Setting next_dagrun for dataset_s3_bucket_producer_with_no_taskflow to None, run_after=None
[2025-09-17T11:50:39.303+0000] {processor.py:208} INFO - Processing /home/airflow/.local/lib/python3.12/site-packages/airflow/example_dags/example_dataset_alias_with_no_taskflow.py took 0.356 seconds
[2025-09-17T11:51:09.939+0000] {processor.py:186} INFO - Started process (PID=933) to work on /home/airflow/.local/lib/python3.12/site-packages/airflow/example_dags/example_dataset_alias_with_no_taskflow.py
[2025-09-17T11:51:09.940+0000] {processor.py:914} INFO - Processing file /home/airflow/.local/lib/python3.12/site-packages/airflow/example_dags/example_dataset_alias_with_no_taskflow.py for tasks to queue
[2025-09-17T11:51:09.943+0000] {logging_mixin.py:190} INFO - [2025-09-17T11:51:09.943+0000] {dagbag.py:588} INFO - Filling up the DagBag from /home/airflow/.local/lib/python3.12/site-packages/airflow/example_dags/example_dataset_alias_with_no_taskflow.py
[2025-09-17T11:51:10.143+0000] {processor.py:925} INFO - DAG(s) 'dataset_alias_example_alias_consumer_with_no_taskflow', 'dataset_s3_bucket_consumer_with_no_taskflow', 'dataset_alias_example_alias_producer_with_no_taskflow', 'dataset_s3_bucket_producer_with_no_taskflow' retrieved from /home/airflow/.local/lib/python3.12/site-packages/airflow/example_dags/example_dataset_alias_with_no_taskflow.py
[2025-09-17T11:51:10.170+0000] {logging_mixin.py:190} INFO - [2025-09-17T11:51:10.170+0000] {dag.py:3239} INFO - Sync 4 DAGs
[2025-09-17T11:51:10.200+0000] {logging_mixin.py:190} INFO - [2025-09-17T11:51:10.200+0000] {dag.py:4180} INFO - Setting next_dagrun for dataset_alias_example_alias_consumer_with_no_taskflow to None, run_after=None
[2025-09-17T11:51:10.205+0000] {logging_mixin.py:190} INFO - [2025-09-17T11:51:10.204+0000] {dag.py:4180} INFO - Setting next_dagrun for dataset_alias_example_alias_producer_with_no_taskflow to None, run_after=None
[2025-09-17T11:51:10.206+0000] {logging_mixin.py:190} INFO - [2025-09-17T11:51:10.206+0000] {dag.py:4180} INFO - Setting next_dagrun for dataset_s3_bucket_consumer_with_no_taskflow to None, run_after=None
[2025-09-17T11:51:10.209+0000] {logging_mixin.py:190} INFO - [2025-09-17T11:51:10.209+0000] {dag.py:4180} INFO - Setting next_dagrun for dataset_s3_bucket_producer_with_no_taskflow to None, run_after=None
[2025-09-17T11:51:10.241+0000] {processor.py:208} INFO - Processing /home/airflow/.local/lib/python3.12/site-packages/airflow/example_dags/example_dataset_alias_with_no_taskflow.py took 0.310 seconds
[2025-09-17T11:51:40.600+0000] {processor.py:186} INFO - Started process (PID=995) to work on /home/airflow/.local/lib/python3.12/site-packages/airflow/example_dags/example_dataset_alias_with_no_taskflow.py
[2025-09-17T11:51:40.601+0000] {processor.py:914} INFO - Processing file /home/airflow/.local/lib/python3.12/site-packages/airflow/example_dags/example_dataset_alias_with_no_taskflow.py for tasks to queue
[2025-09-17T11:51:40.604+0000] {logging_mixin.py:190} INFO - [2025-09-17T11:51:40.604+0000] {dagbag.py:588} INFO - Filling up the DagBag from /home/airflow/.local/lib/python3.12/site-packages/airflow/example_dags/example_dataset_alias_with_no_taskflow.py
[2025-09-17T11:51:40.800+0000] {processor.py:925} INFO - DAG(s) 'dataset_alias_example_alias_producer_with_no_taskflow', 'dataset_s3_bucket_producer_with_no_taskflow', 'dataset_s3_bucket_consumer_with_no_taskflow', 'dataset_alias_example_alias_consumer_with_no_taskflow' retrieved from /home/airflow/.local/lib/python3.12/site-packages/airflow/example_dags/example_dataset_alias_with_no_taskflow.py
[2025-09-17T11:51:40.834+0000] {logging_mixin.py:190} INFO - [2025-09-17T11:51:40.834+0000] {dag.py:3239} INFO - Sync 4 DAGs
[2025-09-17T11:51:40.875+0000] {logging_mixin.py:190} INFO - [2025-09-17T11:51:40.875+0000] {dag.py:4180} INFO - Setting next_dagrun for dataset_alias_example_alias_consumer_with_no_taskflow to None, run_after=None
[2025-09-17T11:51:40.881+0000] {logging_mixin.py:190} INFO - [2025-09-17T11:51:40.881+0000] {dag.py:4180} INFO - Setting next_dagrun for dataset_alias_example_alias_producer_with_no_taskflow to None, run_after=None
[2025-09-17T11:51:40.885+0000] {logging_mixin.py:190} INFO - [2025-09-17T11:51:40.884+0000] {dag.py:4180} INFO - Setting next_dagrun for dataset_s3_bucket_consumer_with_no_taskflow to None, run_after=None
[2025-09-17T11:51:40.887+0000] {logging_mixin.py:190} INFO - [2025-09-17T11:51:40.887+0000] {dag.py:4180} INFO - Setting next_dagrun for dataset_s3_bucket_producer_with_no_taskflow to None, run_after=None
[2025-09-17T11:51:40.924+0000] {processor.py:208} INFO - Processing /home/airflow/.local/lib/python3.12/site-packages/airflow/example_dags/example_dataset_alias_with_no_taskflow.py took 0.332 seconds
[2025-09-17T11:52:11.199+0000] {processor.py:186} INFO - Started process (PID=1057) to work on /home/airflow/.local/lib/python3.12/site-packages/airflow/example_dags/example_dataset_alias_with_no_taskflow.py
[2025-09-17T11:52:11.200+0000] {processor.py:914} INFO - Processing file /home/airflow/.local/lib/python3.12/site-packages/airflow/example_dags/example_dataset_alias_with_no_taskflow.py for tasks to queue
[2025-09-17T11:52:11.204+0000] {logging_mixin.py:190} INFO - [2025-09-17T11:52:11.203+0000] {dagbag.py:588} INFO - Filling up the DagBag from /home/airflow/.local/lib/python3.12/site-packages/airflow/example_dags/example_dataset_alias_with_no_taskflow.py
[2025-09-17T11:52:11.401+0000] {processor.py:925} INFO - DAG(s) 'dataset_alias_example_alias_consumer_with_no_taskflow', 'dataset_alias_example_alias_producer_with_no_taskflow', 'dataset_s3_bucket_consumer_with_no_taskflow', 'dataset_s3_bucket_producer_with_no_taskflow' retrieved from /home/airflow/.local/lib/python3.12/site-packages/airflow/example_dags/example_dataset_alias_with_no_taskflow.py
[2025-09-17T11:52:11.431+0000] {logging_mixin.py:190} INFO - [2025-09-17T11:52:11.431+0000] {dag.py:3239} INFO - Sync 4 DAGs
[2025-09-17T11:52:11.460+0000] {logging_mixin.py:190} INFO - [2025-09-17T11:52:11.460+0000] {dag.py:4180} INFO - Setting next_dagrun for dataset_alias_example_alias_consumer_with_no_taskflow to None, run_after=None
[2025-09-17T11:52:11.464+0000] {logging_mixin.py:190} INFO - [2025-09-17T11:52:11.463+0000] {dag.py:4180} INFO - Setting next_dagrun for dataset_alias_example_alias_producer_with_no_taskflow to None, run_after=None
[2025-09-17T11:52:11.466+0000] {logging_mixin.py:190} INFO - [2025-09-17T11:52:11.465+0000] {dag.py:4180} INFO - Setting next_dagrun for dataset_s3_bucket_consumer_with_no_taskflow to None, run_after=None
[2025-09-17T11:52:11.467+0000] {logging_mixin.py:190} INFO - [2025-09-17T11:52:11.467+0000] {dag.py:4180} INFO - Setting next_dagrun for dataset_s3_bucket_producer_with_no_taskflow to None, run_after=None
[2025-09-17T11:52:11.497+0000] {processor.py:208} INFO - Processing /home/airflow/.local/lib/python3.12/site-packages/airflow/example_dags/example_dataset_alias_with_no_taskflow.py took 0.307 seconds
[2025-09-17T11:52:41.730+0000] {processor.py:186} INFO - Started process (PID=1119) to work on /home/airflow/.local/lib/python3.12/site-packages/airflow/example_dags/example_dataset_alias_with_no_taskflow.py
[2025-09-17T11:52:41.731+0000] {processor.py:914} INFO - Processing file /home/airflow/.local/lib/python3.12/site-packages/airflow/example_dags/example_dataset_alias_with_no_taskflow.py for tasks to queue
[2025-09-17T11:52:41.735+0000] {logging_mixin.py:190} INFO - [2025-09-17T11:52:41.735+0000] {dagbag.py:588} INFO - Filling up the DagBag from /home/airflow/.local/lib/python3.12/site-packages/airflow/example_dags/example_dataset_alias_with_no_taskflow.py
[2025-09-17T11:52:41.925+0000] {processor.py:925} INFO - DAG(s) 'dataset_s3_bucket_producer_with_no_taskflow', 'dataset_s3_bucket_consumer_with_no_taskflow', 'dataset_alias_example_alias_producer_with_no_taskflow', 'dataset_alias_example_alias_consumer_with_no_taskflow' retrieved from /home/airflow/.local/lib/python3.12/site-packages/airflow/example_dags/example_dataset_alias_with_no_taskflow.py
[2025-09-17T11:52:41.950+0000] {logging_mixin.py:190} INFO - [2025-09-17T11:52:41.950+0000] {dag.py:3239} INFO - Sync 4 DAGs
[2025-09-17T11:52:41.981+0000] {logging_mixin.py:190} INFO - [2025-09-17T11:52:41.981+0000] {dag.py:4180} INFO - Setting next_dagrun for dataset_alias_example_alias_consumer_with_no_taskflow to None, run_after=None
[2025-09-17T11:52:41.985+0000] {logging_mixin.py:190} INFO - [2025-09-17T11:52:41.985+0000] {dag.py:4180} INFO - Setting next_dagrun for dataset_alias_example_alias_producer_with_no_taskflow to None, run_after=None
[2025-09-17T11:52:41.987+0000] {logging_mixin.py:190} INFO - [2025-09-17T11:52:41.987+0000] {dag.py:4180} INFO - Setting next_dagrun for dataset_s3_bucket_consumer_with_no_taskflow to None, run_after=None
[2025-09-17T11:52:41.989+0000] {logging_mixin.py:190} INFO - [2025-09-17T11:52:41.989+0000] {dag.py:4180} INFO - Setting next_dagrun for dataset_s3_bucket_producer_with_no_taskflow to None, run_after=None
[2025-09-17T11:52:42.018+0000] {processor.py:208} INFO - Processing /home/airflow/.local/lib/python3.12/site-packages/airflow/example_dags/example_dataset_alias_with_no_taskflow.py took 0.303 seconds
[2025-09-17T11:53:12.186+0000] {processor.py:186} INFO - Started process (PID=1181) to work on /home/airflow/.local/lib/python3.12/site-packages/airflow/example_dags/example_dataset_alias_with_no_taskflow.py
[2025-09-17T11:53:12.188+0000] {processor.py:914} INFO - Processing file /home/airflow/.local/lib/python3.12/site-packages/airflow/example_dags/example_dataset_alias_with_no_taskflow.py for tasks to queue
[2025-09-17T11:53:12.194+0000] {logging_mixin.py:190} INFO - [2025-09-17T11:53:12.193+0000] {dagbag.py:588} INFO - Filling up the DagBag from /home/airflow/.local/lib/python3.12/site-packages/airflow/example_dags/example_dataset_alias_with_no_taskflow.py
[2025-09-17T11:53:12.445+0000] {processor.py:925} INFO - DAG(s) 'dataset_alias_example_alias_producer_with_no_taskflow', 'dataset_s3_bucket_consumer_with_no_taskflow', 'dataset_alias_example_alias_consumer_with_no_taskflow', 'dataset_s3_bucket_producer_with_no_taskflow' retrieved from /home/airflow/.local/lib/python3.12/site-packages/airflow/example_dags/example_dataset_alias_with_no_taskflow.py
[2025-09-17T11:53:12.479+0000] {logging_mixin.py:190} INFO - [2025-09-17T11:53:12.478+0000] {dag.py:3239} INFO - Sync 4 DAGs
[2025-09-17T11:53:12.512+0000] {logging_mixin.py:190} INFO - [2025-09-17T11:53:12.512+0000] {dag.py:4180} INFO - Setting next_dagrun for dataset_alias_example_alias_consumer_with_no_taskflow to None, run_after=None
[2025-09-17T11:53:12.516+0000] {logging_mixin.py:190} INFO - [2025-09-17T11:53:12.516+0000] {dag.py:4180} INFO - Setting next_dagrun for dataset_alias_example_alias_producer_with_no_taskflow to None, run_after=None
[2025-09-17T11:53:12.518+0000] {logging_mixin.py:190} INFO - [2025-09-17T11:53:12.518+0000] {dag.py:4180} INFO - Setting next_dagrun for dataset_s3_bucket_consumer_with_no_taskflow to None, run_after=None
[2025-09-17T11:53:12.527+0000] {logging_mixin.py:190} INFO - [2025-09-17T11:53:12.527+0000] {dag.py:4180} INFO - Setting next_dagrun for dataset_s3_bucket_producer_with_no_taskflow to None, run_after=None
[2025-09-17T11:53:12.563+0000] {processor.py:208} INFO - Processing /home/airflow/.local/lib/python3.12/site-packages/airflow/example_dags/example_dataset_alias_with_no_taskflow.py took 0.389 seconds
