[2025-09-17T11:43:34.051+0000] {processor.py:186} INFO - Started process (PID=200) to work on /home/airflow/.local/lib/python3.12/site-packages/airflow/example_dags/example_datasets.py
[2025-09-17T11:43:34.053+0000] {processor.py:914} INFO - Processing file /home/airflow/.local/lib/python3.12/site-packages/airflow/example_dags/example_datasets.py for tasks to queue
[2025-09-17T11:43:34.059+0000] {logging_mixin.py:190} INFO - [2025-09-17T11:43:34.058+0000] {dagbag.py:588} INFO - Filling up the DagBag from /home/airflow/.local/lib/python3.12/site-packages/airflow/example_dags/example_datasets.py
[2025-09-17T11:43:34.261+0000] {processor.py:925} INFO - DAG(s) 'consume_1_or_2_with_dataset_expressions', 'dataset_consumes_1_never_scheduled', 'dataset_consumes_1', 'consume_1_or_both_2_and_3_with_dataset_expressions', 'dataset_consumes_1_and_2', 'dataset_consumes_unknown_never_scheduled', 'dataset_produces_2', 'dataset_produces_1', 'consume_1_and_2_with_dataset_expressions', 'conditional_dataset_and_time_based_timetable' retrieved from /home/airflow/.local/lib/python3.12/site-packages/airflow/example_dags/example_datasets.py
[2025-09-17T11:43:34.404+0000] {logging_mixin.py:190} INFO - [2025-09-17T11:43:34.403+0000] {override.py:1900} INFO - Created Permission View: can delete on DAG:consume_1_or_2_with_dataset_expressions
[2025-09-17T11:43:34.420+0000] {logging_mixin.py:190} INFO - [2025-09-17T11:43:34.420+0000] {override.py:1900} INFO - Created Permission View: can edit on DAG:consume_1_or_2_with_dataset_expressions
[2025-09-17T11:43:34.431+0000] {logging_mixin.py:190} INFO - [2025-09-17T11:43:34.430+0000] {override.py:1900} INFO - Created Permission View: can read on DAG:consume_1_or_2_with_dataset_expressions
[2025-09-17T11:43:34.446+0000] {logging_mixin.py:190} INFO - [2025-09-17T11:43:34.446+0000] {override.py:1900} INFO - Created Permission View: can delete on DAG Run:consume_1_or_2_with_dataset_expressions
[2025-09-17T11:43:34.458+0000] {logging_mixin.py:190} INFO - [2025-09-17T11:43:34.457+0000] {override.py:1900} INFO - Created Permission View: menu access on DAG Run:consume_1_or_2_with_dataset_expressions
[2025-09-17T11:43:34.469+0000] {logging_mixin.py:190} INFO - [2025-09-17T11:43:34.469+0000] {override.py:1900} INFO - Created Permission View: can read on DAG Run:consume_1_or_2_with_dataset_expressions
[2025-09-17T11:43:34.480+0000] {logging_mixin.py:190} INFO - [2025-09-17T11:43:34.480+0000] {override.py:1900} INFO - Created Permission View: can create on DAG Run:consume_1_or_2_with_dataset_expressions
[2025-09-17T11:43:34.500+0000] {logging_mixin.py:190} INFO - [2025-09-17T11:43:34.499+0000] {override.py:1900} INFO - Created Permission View: can delete on DAG:dataset_consumes_1_never_scheduled
[2025-09-17T11:43:34.511+0000] {logging_mixin.py:190} INFO - [2025-09-17T11:43:34.510+0000] {override.py:1900} INFO - Created Permission View: can edit on DAG:dataset_consumes_1_never_scheduled
[2025-09-17T11:43:34.523+0000] {logging_mixin.py:190} INFO - [2025-09-17T11:43:34.523+0000] {override.py:1900} INFO - Created Permission View: can read on DAG:dataset_consumes_1_never_scheduled
[2025-09-17T11:43:34.535+0000] {logging_mixin.py:190} INFO - [2025-09-17T11:43:34.535+0000] {override.py:1900} INFO - Created Permission View: can delete on DAG Run:dataset_consumes_1_never_scheduled
[2025-09-17T11:43:34.546+0000] {logging_mixin.py:190} INFO - [2025-09-17T11:43:34.545+0000] {override.py:1900} INFO - Created Permission View: menu access on DAG Run:dataset_consumes_1_never_scheduled
[2025-09-17T11:43:34.556+0000] {logging_mixin.py:190} INFO - [2025-09-17T11:43:34.555+0000] {override.py:1900} INFO - Created Permission View: can read on DAG Run:dataset_consumes_1_never_scheduled
[2025-09-17T11:43:34.567+0000] {logging_mixin.py:190} INFO - [2025-09-17T11:43:34.566+0000] {override.py:1900} INFO - Created Permission View: can create on DAG Run:dataset_consumes_1_never_scheduled
[2025-09-17T11:43:34.594+0000] {logging_mixin.py:190} INFO - [2025-09-17T11:43:34.594+0000] {override.py:1900} INFO - Created Permission View: can delete on DAG:dataset_consumes_1
[2025-09-17T11:43:34.609+0000] {logging_mixin.py:190} INFO - [2025-09-17T11:43:34.609+0000] {override.py:1900} INFO - Created Permission View: can edit on DAG:dataset_consumes_1
[2025-09-17T11:43:34.624+0000] {logging_mixin.py:190} INFO - [2025-09-17T11:43:34.623+0000] {override.py:1900} INFO - Created Permission View: can read on DAG:dataset_consumes_1
[2025-09-17T11:43:34.642+0000] {logging_mixin.py:190} INFO - [2025-09-17T11:43:34.642+0000] {override.py:1900} INFO - Created Permission View: can delete on DAG Run:dataset_consumes_1
[2025-09-17T11:43:34.659+0000] {logging_mixin.py:190} INFO - [2025-09-17T11:43:34.658+0000] {override.py:1900} INFO - Created Permission View: menu access on DAG Run:dataset_consumes_1
[2025-09-17T11:43:34.676+0000] {logging_mixin.py:190} INFO - [2025-09-17T11:43:34.676+0000] {override.py:1900} INFO - Created Permission View: can read on DAG Run:dataset_consumes_1
[2025-09-17T11:43:34.688+0000] {logging_mixin.py:190} INFO - [2025-09-17T11:43:34.688+0000] {override.py:1900} INFO - Created Permission View: can create on DAG Run:dataset_consumes_1
[2025-09-17T11:43:34.712+0000] {logging_mixin.py:190} INFO - [2025-09-17T11:43:34.711+0000] {override.py:1900} INFO - Created Permission View: can delete on DAG:consume_1_or_both_2_and_3_with_dataset_expressions
[2025-09-17T11:43:34.725+0000] {logging_mixin.py:190} INFO - [2025-09-17T11:43:34.724+0000] {override.py:1900} INFO - Created Permission View: can edit on DAG:consume_1_or_both_2_and_3_with_dataset_expressions
[2025-09-17T11:43:34.738+0000] {logging_mixin.py:190} INFO - [2025-09-17T11:43:34.737+0000] {override.py:1900} INFO - Created Permission View: can read on DAG:consume_1_or_both_2_and_3_with_dataset_expressions
[2025-09-17T11:43:34.752+0000] {logging_mixin.py:190} INFO - [2025-09-17T11:43:34.751+0000] {override.py:1900} INFO - Created Permission View: can delete on DAG Run:consume_1_or_both_2_and_3_with_dataset_expressions
[2025-09-17T11:43:34.765+0000] {logging_mixin.py:190} INFO - [2025-09-17T11:43:34.765+0000] {override.py:1900} INFO - Created Permission View: menu access on DAG Run:consume_1_or_both_2_and_3_with_dataset_expressions
[2025-09-17T11:43:34.778+0000] {logging_mixin.py:190} INFO - [2025-09-17T11:43:34.778+0000] {override.py:1900} INFO - Created Permission View: can read on DAG Run:consume_1_or_both_2_and_3_with_dataset_expressions
[2025-09-17T11:43:34.795+0000] {logging_mixin.py:190} INFO - [2025-09-17T11:43:34.793+0000] {override.py:1900} INFO - Created Permission View: can create on DAG Run:consume_1_or_both_2_and_3_with_dataset_expressions
[2025-09-17T11:43:34.827+0000] {logging_mixin.py:190} INFO - [2025-09-17T11:43:34.826+0000] {override.py:1900} INFO - Created Permission View: can delete on DAG:dataset_consumes_1_and_2
[2025-09-17T11:43:34.844+0000] {logging_mixin.py:190} INFO - [2025-09-17T11:43:34.843+0000] {override.py:1900} INFO - Created Permission View: can edit on DAG:dataset_consumes_1_and_2
[2025-09-17T11:43:34.855+0000] {logging_mixin.py:190} INFO - [2025-09-17T11:43:34.854+0000] {override.py:1900} INFO - Created Permission View: can read on DAG:dataset_consumes_1_and_2
[2025-09-17T11:43:34.867+0000] {logging_mixin.py:190} INFO - [2025-09-17T11:43:34.867+0000] {override.py:1900} INFO - Created Permission View: can delete on DAG Run:dataset_consumes_1_and_2
[2025-09-17T11:43:34.876+0000] {logging_mixin.py:190} INFO - [2025-09-17T11:43:34.875+0000] {override.py:1900} INFO - Created Permission View: menu access on DAG Run:dataset_consumes_1_and_2
[2025-09-17T11:43:34.884+0000] {logging_mixin.py:190} INFO - [2025-09-17T11:43:34.883+0000] {override.py:1900} INFO - Created Permission View: can read on DAG Run:dataset_consumes_1_and_2
[2025-09-17T11:43:34.891+0000] {logging_mixin.py:190} INFO - [2025-09-17T11:43:34.891+0000] {override.py:1900} INFO - Created Permission View: can create on DAG Run:dataset_consumes_1_and_2
[2025-09-17T11:43:34.910+0000] {logging_mixin.py:190} INFO - [2025-09-17T11:43:34.909+0000] {override.py:1900} INFO - Created Permission View: can delete on DAG:dataset_consumes_unknown_never_scheduled
[2025-09-17T11:43:34.917+0000] {logging_mixin.py:190} INFO - [2025-09-17T11:43:34.917+0000] {override.py:1900} INFO - Created Permission View: can edit on DAG:dataset_consumes_unknown_never_scheduled
[2025-09-17T11:43:34.925+0000] {logging_mixin.py:190} INFO - [2025-09-17T11:43:34.925+0000] {override.py:1900} INFO - Created Permission View: can read on DAG:dataset_consumes_unknown_never_scheduled
[2025-09-17T11:43:34.933+0000] {logging_mixin.py:190} INFO - [2025-09-17T11:43:34.933+0000] {override.py:1900} INFO - Created Permission View: can delete on DAG Run:dataset_consumes_unknown_never_scheduled
[2025-09-17T11:43:34.941+0000] {logging_mixin.py:190} INFO - [2025-09-17T11:43:34.940+0000] {override.py:1900} INFO - Created Permission View: menu access on DAG Run:dataset_consumes_unknown_never_scheduled
[2025-09-17T11:43:34.948+0000] {logging_mixin.py:190} INFO - [2025-09-17T11:43:34.948+0000] {override.py:1900} INFO - Created Permission View: can read on DAG Run:dataset_consumes_unknown_never_scheduled
[2025-09-17T11:43:34.956+0000] {logging_mixin.py:190} INFO - [2025-09-17T11:43:34.956+0000] {override.py:1900} INFO - Created Permission View: can create on DAG Run:dataset_consumes_unknown_never_scheduled
[2025-09-17T11:43:34.970+0000] {logging_mixin.py:190} INFO - [2025-09-17T11:43:34.970+0000] {override.py:1900} INFO - Created Permission View: can delete on DAG:dataset_produces_2
[2025-09-17T11:43:34.979+0000] {logging_mixin.py:190} INFO - [2025-09-17T11:43:34.979+0000] {override.py:1900} INFO - Created Permission View: can edit on DAG:dataset_produces_2
[2025-09-17T11:43:34.987+0000] {logging_mixin.py:190} INFO - [2025-09-17T11:43:34.987+0000] {override.py:1900} INFO - Created Permission View: can read on DAG:dataset_produces_2
[2025-09-17T11:43:34.997+0000] {logging_mixin.py:190} INFO - [2025-09-17T11:43:34.997+0000] {override.py:1900} INFO - Created Permission View: can delete on DAG Run:dataset_produces_2
[2025-09-17T11:43:35.006+0000] {logging_mixin.py:190} INFO - [2025-09-17T11:43:35.006+0000] {override.py:1900} INFO - Created Permission View: menu access on DAG Run:dataset_produces_2
[2025-09-17T11:43:35.017+0000] {logging_mixin.py:190} INFO - [2025-09-17T11:43:35.017+0000] {override.py:1900} INFO - Created Permission View: can read on DAG Run:dataset_produces_2
[2025-09-17T11:43:35.027+0000] {logging_mixin.py:190} INFO - [2025-09-17T11:43:35.027+0000] {override.py:1900} INFO - Created Permission View: can create on DAG Run:dataset_produces_2
[2025-09-17T11:43:35.050+0000] {logging_mixin.py:190} INFO - [2025-09-17T11:43:35.050+0000] {override.py:1900} INFO - Created Permission View: can delete on DAG:dataset_produces_1
[2025-09-17T11:43:35.062+0000] {logging_mixin.py:190} INFO - [2025-09-17T11:43:35.061+0000] {override.py:1900} INFO - Created Permission View: can edit on DAG:dataset_produces_1
[2025-09-17T11:43:35.070+0000] {logging_mixin.py:190} INFO - [2025-09-17T11:43:35.070+0000] {override.py:1900} INFO - Created Permission View: can read on DAG:dataset_produces_1
[2025-09-17T11:43:35.086+0000] {logging_mixin.py:190} INFO - [2025-09-17T11:43:35.086+0000] {override.py:1900} INFO - Created Permission View: can delete on DAG Run:dataset_produces_1
[2025-09-17T11:43:35.100+0000] {logging_mixin.py:190} INFO - [2025-09-17T11:43:35.099+0000] {override.py:1900} INFO - Created Permission View: menu access on DAG Run:dataset_produces_1
[2025-09-17T11:43:35.114+0000] {logging_mixin.py:190} INFO - [2025-09-17T11:43:35.114+0000] {override.py:1900} INFO - Created Permission View: can read on DAG Run:dataset_produces_1
[2025-09-17T11:43:35.124+0000] {logging_mixin.py:190} INFO - [2025-09-17T11:43:35.123+0000] {override.py:1900} INFO - Created Permission View: can create on DAG Run:dataset_produces_1
[2025-09-17T11:43:35.148+0000] {logging_mixin.py:190} INFO - [2025-09-17T11:43:35.148+0000] {override.py:1900} INFO - Created Permission View: can delete on DAG:consume_1_and_2_with_dataset_expressions
[2025-09-17T11:43:35.160+0000] {logging_mixin.py:190} INFO - [2025-09-17T11:43:35.159+0000] {override.py:1900} INFO - Created Permission View: can edit on DAG:consume_1_and_2_with_dataset_expressions
[2025-09-17T11:43:35.177+0000] {logging_mixin.py:190} INFO - [2025-09-17T11:43:35.177+0000] {override.py:1900} INFO - Created Permission View: can read on DAG:consume_1_and_2_with_dataset_expressions
[2025-09-17T11:43:35.187+0000] {logging_mixin.py:190} INFO - [2025-09-17T11:43:35.187+0000] {override.py:1900} INFO - Created Permission View: can delete on DAG Run:consume_1_and_2_with_dataset_expressions
[2025-09-17T11:43:35.195+0000] {logging_mixin.py:190} INFO - [2025-09-17T11:43:35.195+0000] {override.py:1900} INFO - Created Permission View: menu access on DAG Run:consume_1_and_2_with_dataset_expressions
[2025-09-17T11:43:35.203+0000] {logging_mixin.py:190} INFO - [2025-09-17T11:43:35.202+0000] {override.py:1900} INFO - Created Permission View: can read on DAG Run:consume_1_and_2_with_dataset_expressions
[2025-09-17T11:43:35.211+0000] {logging_mixin.py:190} INFO - [2025-09-17T11:43:35.210+0000] {override.py:1900} INFO - Created Permission View: can create on DAG Run:consume_1_and_2_with_dataset_expressions
[2025-09-17T11:43:35.299+0000] {logging_mixin.py:190} INFO - [2025-09-17T11:43:35.298+0000] {override.py:1900} INFO - Created Permission View: can delete on DAG:conditional_dataset_and_time_based_timetable
[2025-09-17T11:43:35.307+0000] {logging_mixin.py:190} INFO - [2025-09-17T11:43:35.306+0000] {override.py:1900} INFO - Created Permission View: can edit on DAG:conditional_dataset_and_time_based_timetable
[2025-09-17T11:43:35.314+0000] {logging_mixin.py:190} INFO - [2025-09-17T11:43:35.313+0000] {override.py:1900} INFO - Created Permission View: can read on DAG:conditional_dataset_and_time_based_timetable
[2025-09-17T11:43:35.321+0000] {logging_mixin.py:190} INFO - [2025-09-17T11:43:35.321+0000] {override.py:1900} INFO - Created Permission View: can delete on DAG Run:conditional_dataset_and_time_based_timetable
[2025-09-17T11:43:35.328+0000] {logging_mixin.py:190} INFO - [2025-09-17T11:43:35.328+0000] {override.py:1900} INFO - Created Permission View: menu access on DAG Run:conditional_dataset_and_time_based_timetable
[2025-09-17T11:43:35.335+0000] {logging_mixin.py:190} INFO - [2025-09-17T11:43:35.335+0000] {override.py:1900} INFO - Created Permission View: can read on DAG Run:conditional_dataset_and_time_based_timetable
[2025-09-17T11:43:35.343+0000] {logging_mixin.py:190} INFO - [2025-09-17T11:43:35.343+0000] {override.py:1900} INFO - Created Permission View: can create on DAG Run:conditional_dataset_and_time_based_timetable
[2025-09-17T11:43:35.344+0000] {logging_mixin.py:190} INFO - [2025-09-17T11:43:35.344+0000] {dag.py:3239} INFO - Sync 10 DAGs
[2025-09-17T11:43:35.358+0000] {logging_mixin.py:190} INFO - [2025-09-17T11:43:35.357+0000] {dag.py:3262} INFO - Creating ORM DAG for dataset_consumes_unknown_never_scheduled
[2025-09-17T11:43:35.359+0000] {logging_mixin.py:190} INFO - [2025-09-17T11:43:35.359+0000] {dag.py:3262} INFO - Creating ORM DAG for consume_1_or_2_with_dataset_expressions
[2025-09-17T11:43:35.360+0000] {logging_mixin.py:190} INFO - [2025-09-17T11:43:35.359+0000] {dag.py:3262} INFO - Creating ORM DAG for dataset_produces_1
[2025-09-17T11:43:35.360+0000] {logging_mixin.py:190} INFO - [2025-09-17T11:43:35.360+0000] {dag.py:3262} INFO - Creating ORM DAG for dataset_consumes_1_and_2
[2025-09-17T11:43:35.361+0000] {logging_mixin.py:190} INFO - [2025-09-17T11:43:35.361+0000] {dag.py:3262} INFO - Creating ORM DAG for dataset_produces_2
[2025-09-17T11:43:35.362+0000] {logging_mixin.py:190} INFO - [2025-09-17T11:43:35.362+0000] {dag.py:3262} INFO - Creating ORM DAG for conditional_dataset_and_time_based_timetable
[2025-09-17T11:43:35.363+0000] {logging_mixin.py:190} INFO - [2025-09-17T11:43:35.362+0000] {dag.py:3262} INFO - Creating ORM DAG for dataset_consumes_1
[2025-09-17T11:43:35.363+0000] {logging_mixin.py:190} INFO - [2025-09-17T11:43:35.363+0000] {dag.py:3262} INFO - Creating ORM DAG for consume_1_and_2_with_dataset_expressions
[2025-09-17T11:43:35.364+0000] {logging_mixin.py:190} INFO - [2025-09-17T11:43:35.364+0000] {dag.py:3262} INFO - Creating ORM DAG for consume_1_or_both_2_and_3_with_dataset_expressions
[2025-09-17T11:43:35.365+0000] {logging_mixin.py:190} INFO - [2025-09-17T11:43:35.365+0000] {dag.py:3262} INFO - Creating ORM DAG for dataset_consumes_1_never_scheduled
[2025-09-17T11:43:35.377+0000] {logging_mixin.py:190} INFO - [2025-09-17T11:43:35.377+0000] {dag.py:4180} INFO - Setting next_dagrun for conditional_dataset_and_time_based_timetable to 2025-09-17 01:00:00+00:00, run_after=2025-09-17 01:00:00+00:00
[2025-09-17T11:43:35.378+0000] {logging_mixin.py:190} INFO - [2025-09-17T11:43:35.378+0000] {dag.py:4180} INFO - Setting next_dagrun for consume_1_and_2_with_dataset_expressions to None, run_after=None
[2025-09-17T11:43:35.379+0000] {logging_mixin.py:190} INFO - [2025-09-17T11:43:35.379+0000] {dag.py:4180} INFO - Setting next_dagrun for consume_1_or_2_with_dataset_expressions to None, run_after=None
[2025-09-17T11:43:35.380+0000] {logging_mixin.py:190} INFO - [2025-09-17T11:43:35.380+0000] {dag.py:4180} INFO - Setting next_dagrun for consume_1_or_both_2_and_3_with_dataset_expressions to None, run_after=None
[2025-09-17T11:43:35.381+0000] {logging_mixin.py:190} INFO - [2025-09-17T11:43:35.381+0000] {dag.py:4180} INFO - Setting next_dagrun for dataset_consumes_1 to None, run_after=None
[2025-09-17T11:43:35.382+0000] {logging_mixin.py:190} INFO - [2025-09-17T11:43:35.382+0000] {dag.py:4180} INFO - Setting next_dagrun for dataset_consumes_1_and_2 to None, run_after=None
[2025-09-17T11:43:35.383+0000] {logging_mixin.py:190} INFO - [2025-09-17T11:43:35.383+0000] {dag.py:4180} INFO - Setting next_dagrun for dataset_consumes_1_never_scheduled to None, run_after=None
[2025-09-17T11:43:35.384+0000] {logging_mixin.py:190} INFO - [2025-09-17T11:43:35.384+0000] {dag.py:4180} INFO - Setting next_dagrun for dataset_consumes_unknown_never_scheduled to None, run_after=None
[2025-09-17T11:43:35.387+0000] {logging_mixin.py:190} INFO - [2025-09-17T11:43:35.387+0000] {dag.py:4180} INFO - Setting next_dagrun for dataset_produces_1 to 2025-09-16 00:00:00+00:00, run_after=2025-09-17 00:00:00+00:00
[2025-09-17T11:43:35.388+0000] {logging_mixin.py:190} INFO - [2025-09-17T11:43:35.388+0000] {dag.py:4180} INFO - Setting next_dagrun for dataset_produces_2 to None, run_after=None
[2025-09-17T11:43:35.445+0000] {processor.py:208} INFO - Processing /home/airflow/.local/lib/python3.12/site-packages/airflow/example_dags/example_datasets.py took 1.403 seconds
[2025-09-17T11:44:06.098+0000] {processor.py:186} INFO - Started process (PID=108) to work on /home/airflow/.local/lib/python3.12/site-packages/airflow/example_dags/example_datasets.py
[2025-09-17T11:44:06.101+0000] {processor.py:914} INFO - Processing file /home/airflow/.local/lib/python3.12/site-packages/airflow/example_dags/example_datasets.py for tasks to queue
[2025-09-17T11:44:06.104+0000] {logging_mixin.py:190} INFO - [2025-09-17T11:44:06.104+0000] {dagbag.py:588} INFO - Filling up the DagBag from /home/airflow/.local/lib/python3.12/site-packages/airflow/example_dags/example_datasets.py
[2025-09-17T11:44:06.313+0000] {processor.py:925} INFO - DAG(s) 'dataset_produces_1', 'dataset_consumes_unknown_never_scheduled', 'consume_1_and_2_with_dataset_expressions', 'consume_1_or_both_2_and_3_with_dataset_expressions', 'dataset_consumes_1', 'dataset_produces_2', 'dataset_consumes_1_never_scheduled', 'conditional_dataset_and_time_based_timetable', 'consume_1_or_2_with_dataset_expressions', 'dataset_consumes_1_and_2' retrieved from /home/airflow/.local/lib/python3.12/site-packages/airflow/example_dags/example_datasets.py
[2025-09-17T11:44:06.377+0000] {logging_mixin.py:190} INFO - [2025-09-17T11:44:06.377+0000] {dag.py:3239} INFO - Sync 10 DAGs
[2025-09-17T11:44:06.409+0000] {logging_mixin.py:190} INFO - [2025-09-17T11:44:06.409+0000] {dag.py:4180} INFO - Setting next_dagrun for conditional_dataset_and_time_based_timetable to 2025-09-17 01:00:00+00:00, run_after=2025-09-17 01:00:00+00:00
[2025-09-17T11:44:06.414+0000] {logging_mixin.py:190} INFO - [2025-09-17T11:44:06.414+0000] {dag.py:4180} INFO - Setting next_dagrun for consume_1_and_2_with_dataset_expressions to None, run_after=None
[2025-09-17T11:44:06.416+0000] {logging_mixin.py:190} INFO - [2025-09-17T11:44:06.416+0000] {dag.py:4180} INFO - Setting next_dagrun for consume_1_or_2_with_dataset_expressions to None, run_after=None
[2025-09-17T11:44:06.418+0000] {logging_mixin.py:190} INFO - [2025-09-17T11:44:06.418+0000] {dag.py:4180} INFO - Setting next_dagrun for consume_1_or_both_2_and_3_with_dataset_expressions to None, run_after=None
[2025-09-17T11:44:06.420+0000] {logging_mixin.py:190} INFO - [2025-09-17T11:44:06.420+0000] {dag.py:4180} INFO - Setting next_dagrun for dataset_consumes_1 to None, run_after=None
[2025-09-17T11:44:06.424+0000] {logging_mixin.py:190} INFO - [2025-09-17T11:44:06.423+0000] {dag.py:4180} INFO - Setting next_dagrun for dataset_consumes_1_and_2 to None, run_after=None
[2025-09-17T11:44:06.426+0000] {logging_mixin.py:190} INFO - [2025-09-17T11:44:06.426+0000] {dag.py:4180} INFO - Setting next_dagrun for dataset_consumes_1_never_scheduled to None, run_after=None
[2025-09-17T11:44:06.428+0000] {logging_mixin.py:190} INFO - [2025-09-17T11:44:06.428+0000] {dag.py:4180} INFO - Setting next_dagrun for dataset_consumes_unknown_never_scheduled to None, run_after=None
[2025-09-17T11:44:06.431+0000] {logging_mixin.py:190} INFO - [2025-09-17T11:44:06.431+0000] {dag.py:4180} INFO - Setting next_dagrun for dataset_produces_1 to 2025-09-16 00:00:00+00:00, run_after=2025-09-17 00:00:00+00:00
[2025-09-17T11:44:06.433+0000] {logging_mixin.py:190} INFO - [2025-09-17T11:44:06.433+0000] {dag.py:4180} INFO - Setting next_dagrun for dataset_produces_2 to None, run_after=None
[2025-09-17T11:44:06.474+0000] {processor.py:208} INFO - Processing /home/airflow/.local/lib/python3.12/site-packages/airflow/example_dags/example_datasets.py took 0.383 seconds
[2025-09-17T11:44:36.869+0000] {processor.py:186} INFO - Started process (PID=171) to work on /home/airflow/.local/lib/python3.12/site-packages/airflow/example_dags/example_datasets.py
[2025-09-17T11:44:36.870+0000] {processor.py:914} INFO - Processing file /home/airflow/.local/lib/python3.12/site-packages/airflow/example_dags/example_datasets.py for tasks to queue
[2025-09-17T11:44:36.873+0000] {logging_mixin.py:190} INFO - [2025-09-17T11:44:36.873+0000] {dagbag.py:588} INFO - Filling up the DagBag from /home/airflow/.local/lib/python3.12/site-packages/airflow/example_dags/example_datasets.py
[2025-09-17T11:44:37.084+0000] {processor.py:925} INFO - DAG(s) 'dataset_produces_2', 'dataset_produces_1', 'dataset_consumes_1_and_2', 'consume_1_and_2_with_dataset_expressions', 'conditional_dataset_and_time_based_timetable', 'dataset_consumes_unknown_never_scheduled', 'consume_1_or_both_2_and_3_with_dataset_expressions', 'consume_1_or_2_with_dataset_expressions', 'dataset_consumes_1', 'dataset_consumes_1_never_scheduled' retrieved from /home/airflow/.local/lib/python3.12/site-packages/airflow/example_dags/example_datasets.py
[2025-09-17T11:44:37.136+0000] {logging_mixin.py:190} INFO - [2025-09-17T11:44:37.136+0000] {dag.py:3239} INFO - Sync 10 DAGs
[2025-09-17T11:44:37.168+0000] {logging_mixin.py:190} INFO - [2025-09-17T11:44:37.167+0000] {dag.py:4180} INFO - Setting next_dagrun for conditional_dataset_and_time_based_timetable to 2025-09-17 01:00:00+00:00, run_after=2025-09-17 01:00:00+00:00
[2025-09-17T11:44:37.172+0000] {logging_mixin.py:190} INFO - [2025-09-17T11:44:37.172+0000] {dag.py:4180} INFO - Setting next_dagrun for consume_1_and_2_with_dataset_expressions to None, run_after=None
[2025-09-17T11:44:37.174+0000] {logging_mixin.py:190} INFO - [2025-09-17T11:44:37.173+0000] {dag.py:4180} INFO - Setting next_dagrun for consume_1_or_2_with_dataset_expressions to None, run_after=None
[2025-09-17T11:44:37.175+0000] {logging_mixin.py:190} INFO - [2025-09-17T11:44:37.175+0000] {dag.py:4180} INFO - Setting next_dagrun for consume_1_or_both_2_and_3_with_dataset_expressions to None, run_after=None
[2025-09-17T11:44:37.177+0000] {logging_mixin.py:190} INFO - [2025-09-17T11:44:37.177+0000] {dag.py:4180} INFO - Setting next_dagrun for dataset_consumes_1 to None, run_after=None
[2025-09-17T11:44:37.179+0000] {logging_mixin.py:190} INFO - [2025-09-17T11:44:37.179+0000] {dag.py:4180} INFO - Setting next_dagrun for dataset_consumes_1_and_2 to None, run_after=None
[2025-09-17T11:44:37.181+0000] {logging_mixin.py:190} INFO - [2025-09-17T11:44:37.181+0000] {dag.py:4180} INFO - Setting next_dagrun for dataset_consumes_1_never_scheduled to None, run_after=None
[2025-09-17T11:44:37.184+0000] {logging_mixin.py:190} INFO - [2025-09-17T11:44:37.183+0000] {dag.py:4180} INFO - Setting next_dagrun for dataset_consumes_unknown_never_scheduled to None, run_after=None
[2025-09-17T11:44:37.187+0000] {logging_mixin.py:190} INFO - [2025-09-17T11:44:37.186+0000] {dag.py:4180} INFO - Setting next_dagrun for dataset_produces_1 to 2025-09-16 00:00:00+00:00, run_after=2025-09-17 00:00:00+00:00
[2025-09-17T11:44:37.189+0000] {logging_mixin.py:190} INFO - [2025-09-17T11:44:37.188+0000] {dag.py:4180} INFO - Setting next_dagrun for dataset_produces_2 to None, run_after=None
[2025-09-17T11:44:37.236+0000] {processor.py:208} INFO - Processing /home/airflow/.local/lib/python3.12/site-packages/airflow/example_dags/example_datasets.py took 0.375 seconds
[2025-09-17T11:45:07.947+0000] {processor.py:186} INFO - Started process (PID=233) to work on /home/airflow/.local/lib/python3.12/site-packages/airflow/example_dags/example_datasets.py
[2025-09-17T11:45:07.948+0000] {processor.py:914} INFO - Processing file /home/airflow/.local/lib/python3.12/site-packages/airflow/example_dags/example_datasets.py for tasks to queue
[2025-09-17T11:45:07.951+0000] {logging_mixin.py:190} INFO - [2025-09-17T11:45:07.951+0000] {dagbag.py:588} INFO - Filling up the DagBag from /home/airflow/.local/lib/python3.12/site-packages/airflow/example_dags/example_datasets.py
[2025-09-17T11:45:08.152+0000] {processor.py:925} INFO - DAG(s) 'dataset_consumes_1_and_2', 'dataset_consumes_unknown_never_scheduled', 'consume_1_and_2_with_dataset_expressions', 'consume_1_or_both_2_and_3_with_dataset_expressions', 'conditional_dataset_and_time_based_timetable', 'dataset_consumes_1_never_scheduled', 'dataset_produces_1', 'dataset_consumes_1', 'dataset_produces_2', 'consume_1_or_2_with_dataset_expressions' retrieved from /home/airflow/.local/lib/python3.12/site-packages/airflow/example_dags/example_datasets.py
[2025-09-17T11:45:08.204+0000] {logging_mixin.py:190} INFO - [2025-09-17T11:45:08.204+0000] {dag.py:3239} INFO - Sync 10 DAGs
[2025-09-17T11:45:08.234+0000] {logging_mixin.py:190} INFO - [2025-09-17T11:45:08.233+0000] {dag.py:4180} INFO - Setting next_dagrun for conditional_dataset_and_time_based_timetable to 2025-09-17 01:00:00+00:00, run_after=2025-09-17 01:00:00+00:00
[2025-09-17T11:45:08.238+0000] {logging_mixin.py:190} INFO - [2025-09-17T11:45:08.238+0000] {dag.py:4180} INFO - Setting next_dagrun for consume_1_and_2_with_dataset_expressions to None, run_after=None
[2025-09-17T11:45:08.240+0000] {logging_mixin.py:190} INFO - [2025-09-17T11:45:08.240+0000] {dag.py:4180} INFO - Setting next_dagrun for consume_1_or_2_with_dataset_expressions to None, run_after=None
[2025-09-17T11:45:08.242+0000] {logging_mixin.py:190} INFO - [2025-09-17T11:45:08.242+0000] {dag.py:4180} INFO - Setting next_dagrun for consume_1_or_both_2_and_3_with_dataset_expressions to None, run_after=None
[2025-09-17T11:45:08.243+0000] {logging_mixin.py:190} INFO - [2025-09-17T11:45:08.243+0000] {dag.py:4180} INFO - Setting next_dagrun for dataset_consumes_1 to None, run_after=None
[2025-09-17T11:45:08.246+0000] {logging_mixin.py:190} INFO - [2025-09-17T11:45:08.245+0000] {dag.py:4180} INFO - Setting next_dagrun for dataset_consumes_1_and_2 to None, run_after=None
[2025-09-17T11:45:08.247+0000] {logging_mixin.py:190} INFO - [2025-09-17T11:45:08.247+0000] {dag.py:4180} INFO - Setting next_dagrun for dataset_consumes_1_never_scheduled to None, run_after=None
[2025-09-17T11:45:08.249+0000] {logging_mixin.py:190} INFO - [2025-09-17T11:45:08.249+0000] {dag.py:4180} INFO - Setting next_dagrun for dataset_consumes_unknown_never_scheduled to None, run_after=None
[2025-09-17T11:45:08.252+0000] {logging_mixin.py:190} INFO - [2025-09-17T11:45:08.252+0000] {dag.py:4180} INFO - Setting next_dagrun for dataset_produces_1 to 2025-09-16 00:00:00+00:00, run_after=2025-09-17 00:00:00+00:00
[2025-09-17T11:45:08.254+0000] {logging_mixin.py:190} INFO - [2025-09-17T11:45:08.254+0000] {dag.py:4180} INFO - Setting next_dagrun for dataset_produces_2 to None, run_after=None
[2025-09-17T11:45:08.293+0000] {processor.py:208} INFO - Processing /home/airflow/.local/lib/python3.12/site-packages/airflow/example_dags/example_datasets.py took 0.355 seconds
[2025-09-17T11:45:38.932+0000] {processor.py:186} INFO - Started process (PID=294) to work on /home/airflow/.local/lib/python3.12/site-packages/airflow/example_dags/example_datasets.py
[2025-09-17T11:45:38.934+0000] {processor.py:914} INFO - Processing file /home/airflow/.local/lib/python3.12/site-packages/airflow/example_dags/example_datasets.py for tasks to queue
[2025-09-17T11:45:38.937+0000] {logging_mixin.py:190} INFO - [2025-09-17T11:45:38.936+0000] {dagbag.py:588} INFO - Filling up the DagBag from /home/airflow/.local/lib/python3.12/site-packages/airflow/example_dags/example_datasets.py
[2025-09-17T11:45:39.160+0000] {processor.py:925} INFO - DAG(s) 'consume_1_or_2_with_dataset_expressions', 'consume_1_or_both_2_and_3_with_dataset_expressions', 'dataset_produces_2', 'dataset_consumes_1_and_2', 'dataset_consumes_unknown_never_scheduled', 'dataset_consumes_1', 'dataset_consumes_1_never_scheduled', 'dataset_produces_1', 'consume_1_and_2_with_dataset_expressions', 'conditional_dataset_and_time_based_timetable' retrieved from /home/airflow/.local/lib/python3.12/site-packages/airflow/example_dags/example_datasets.py
[2025-09-17T11:45:39.227+0000] {logging_mixin.py:190} INFO - [2025-09-17T11:45:39.227+0000] {dag.py:3239} INFO - Sync 10 DAGs
[2025-09-17T11:45:39.264+0000] {logging_mixin.py:190} INFO - [2025-09-17T11:45:39.264+0000] {dag.py:4180} INFO - Setting next_dagrun for conditional_dataset_and_time_based_timetable to 2025-09-17 01:00:00+00:00, run_after=2025-09-17 01:00:00+00:00
[2025-09-17T11:45:39.271+0000] {logging_mixin.py:190} INFO - [2025-09-17T11:45:39.270+0000] {dag.py:4180} INFO - Setting next_dagrun for consume_1_and_2_with_dataset_expressions to None, run_after=None
[2025-09-17T11:45:39.273+0000] {logging_mixin.py:190} INFO - [2025-09-17T11:45:39.273+0000] {dag.py:4180} INFO - Setting next_dagrun for consume_1_or_2_with_dataset_expressions to None, run_after=None
[2025-09-17T11:45:39.275+0000] {logging_mixin.py:190} INFO - [2025-09-17T11:45:39.275+0000] {dag.py:4180} INFO - Setting next_dagrun for consume_1_or_both_2_and_3_with_dataset_expressions to None, run_after=None
[2025-09-17T11:45:39.277+0000] {logging_mixin.py:190} INFO - [2025-09-17T11:45:39.277+0000] {dag.py:4180} INFO - Setting next_dagrun for dataset_consumes_1 to None, run_after=None
[2025-09-17T11:45:39.279+0000] {logging_mixin.py:190} INFO - [2025-09-17T11:45:39.279+0000] {dag.py:4180} INFO - Setting next_dagrun for dataset_consumes_1_and_2 to None, run_after=None
[2025-09-17T11:45:39.282+0000] {logging_mixin.py:190} INFO - [2025-09-17T11:45:39.281+0000] {dag.py:4180} INFO - Setting next_dagrun for dataset_consumes_1_never_scheduled to None, run_after=None
[2025-09-17T11:45:39.284+0000] {logging_mixin.py:190} INFO - [2025-09-17T11:45:39.284+0000] {dag.py:4180} INFO - Setting next_dagrun for dataset_consumes_unknown_never_scheduled to None, run_after=None
[2025-09-17T11:45:39.288+0000] {logging_mixin.py:190} INFO - [2025-09-17T11:45:39.288+0000] {dag.py:4180} INFO - Setting next_dagrun for dataset_produces_1 to 2025-09-16 00:00:00+00:00, run_after=2025-09-17 00:00:00+00:00
[2025-09-17T11:45:39.290+0000] {logging_mixin.py:190} INFO - [2025-09-17T11:45:39.290+0000] {dag.py:4180} INFO - Setting next_dagrun for dataset_produces_2 to None, run_after=None
[2025-09-17T11:45:39.340+0000] {processor.py:208} INFO - Processing /home/airflow/.local/lib/python3.12/site-packages/airflow/example_dags/example_datasets.py took 0.415 seconds
[2025-09-17T11:46:10.203+0000] {processor.py:186} INFO - Started process (PID=358) to work on /home/airflow/.local/lib/python3.12/site-packages/airflow/example_dags/example_datasets.py
[2025-09-17T11:46:10.204+0000] {processor.py:914} INFO - Processing file /home/airflow/.local/lib/python3.12/site-packages/airflow/example_dags/example_datasets.py for tasks to queue
[2025-09-17T11:46:10.212+0000] {logging_mixin.py:190} INFO - [2025-09-17T11:46:10.212+0000] {dagbag.py:588} INFO - Filling up the DagBag from /home/airflow/.local/lib/python3.12/site-packages/airflow/example_dags/example_datasets.py
[2025-09-17T11:46:10.485+0000] {processor.py:925} INFO - DAG(s) 'consume_1_or_2_with_dataset_expressions', 'consume_1_and_2_with_dataset_expressions', 'dataset_produces_2', 'dataset_consumes_1', 'consume_1_or_both_2_and_3_with_dataset_expressions', 'dataset_consumes_1_and_2', 'conditional_dataset_and_time_based_timetable', 'dataset_consumes_unknown_never_scheduled', 'dataset_consumes_1_never_scheduled', 'dataset_produces_1' retrieved from /home/airflow/.local/lib/python3.12/site-packages/airflow/example_dags/example_datasets.py
[2025-09-17T11:46:10.563+0000] {logging_mixin.py:190} INFO - [2025-09-17T11:46:10.563+0000] {dag.py:3239} INFO - Sync 10 DAGs
[2025-09-17T11:46:10.600+0000] {logging_mixin.py:190} INFO - [2025-09-17T11:46:10.600+0000] {dag.py:4180} INFO - Setting next_dagrun for conditional_dataset_and_time_based_timetable to 2025-09-17 01:00:00+00:00, run_after=2025-09-17 01:00:00+00:00
[2025-09-17T11:46:10.607+0000] {logging_mixin.py:190} INFO - [2025-09-17T11:46:10.607+0000] {dag.py:4180} INFO - Setting next_dagrun for consume_1_and_2_with_dataset_expressions to None, run_after=None
[2025-09-17T11:46:10.612+0000] {logging_mixin.py:190} INFO - [2025-09-17T11:46:10.611+0000] {dag.py:4180} INFO - Setting next_dagrun for consume_1_or_2_with_dataset_expressions to None, run_after=None
[2025-09-17T11:46:10.614+0000] {logging_mixin.py:190} INFO - [2025-09-17T11:46:10.613+0000] {dag.py:4180} INFO - Setting next_dagrun for consume_1_or_both_2_and_3_with_dataset_expressions to None, run_after=None
[2025-09-17T11:46:10.615+0000] {logging_mixin.py:190} INFO - [2025-09-17T11:46:10.615+0000] {dag.py:4180} INFO - Setting next_dagrun for dataset_consumes_1 to None, run_after=None
[2025-09-17T11:46:10.619+0000] {logging_mixin.py:190} INFO - [2025-09-17T11:46:10.618+0000] {dag.py:4180} INFO - Setting next_dagrun for dataset_consumes_1_and_2 to None, run_after=None
[2025-09-17T11:46:10.621+0000] {logging_mixin.py:190} INFO - [2025-09-17T11:46:10.620+0000] {dag.py:4180} INFO - Setting next_dagrun for dataset_consumes_1_never_scheduled to None, run_after=None
[2025-09-17T11:46:10.622+0000] {logging_mixin.py:190} INFO - [2025-09-17T11:46:10.622+0000] {dag.py:4180} INFO - Setting next_dagrun for dataset_consumes_unknown_never_scheduled to None, run_after=None
[2025-09-17T11:46:10.631+0000] {logging_mixin.py:190} INFO - [2025-09-17T11:46:10.631+0000] {dag.py:4180} INFO - Setting next_dagrun for dataset_produces_1 to 2025-09-16 00:00:00+00:00, run_after=2025-09-17 00:00:00+00:00
[2025-09-17T11:46:10.634+0000] {logging_mixin.py:190} INFO - [2025-09-17T11:46:10.633+0000] {dag.py:4180} INFO - Setting next_dagrun for dataset_produces_2 to None, run_after=None
[2025-09-17T11:46:10.686+0000] {processor.py:208} INFO - Processing /home/airflow/.local/lib/python3.12/site-packages/airflow/example_dags/example_datasets.py took 0.500 seconds
[2025-09-17T11:46:41.242+0000] {processor.py:186} INFO - Started process (PID=419) to work on /home/airflow/.local/lib/python3.12/site-packages/airflow/example_dags/example_datasets.py
[2025-09-17T11:46:41.244+0000] {processor.py:914} INFO - Processing file /home/airflow/.local/lib/python3.12/site-packages/airflow/example_dags/example_datasets.py for tasks to queue
[2025-09-17T11:46:41.247+0000] {logging_mixin.py:190} INFO - [2025-09-17T11:46:41.246+0000] {dagbag.py:588} INFO - Filling up the DagBag from /home/airflow/.local/lib/python3.12/site-packages/airflow/example_dags/example_datasets.py
[2025-09-17T11:46:41.463+0000] {processor.py:925} INFO - DAG(s) 'conditional_dataset_and_time_based_timetable', 'dataset_produces_2', 'dataset_consumes_1_never_scheduled', 'dataset_consumes_1', 'consume_1_or_both_2_and_3_with_dataset_expressions', 'dataset_consumes_1_and_2', 'dataset_consumes_unknown_never_scheduled', 'dataset_produces_1', 'consume_1_and_2_with_dataset_expressions', 'consume_1_or_2_with_dataset_expressions' retrieved from /home/airflow/.local/lib/python3.12/site-packages/airflow/example_dags/example_datasets.py
[2025-09-17T11:46:41.524+0000] {logging_mixin.py:190} INFO - [2025-09-17T11:46:41.523+0000] {dag.py:3239} INFO - Sync 10 DAGs
[2025-09-17T11:46:41.560+0000] {logging_mixin.py:190} INFO - [2025-09-17T11:46:41.559+0000] {dag.py:4180} INFO - Setting next_dagrun for conditional_dataset_and_time_based_timetable to 2025-09-17 01:00:00+00:00, run_after=2025-09-17 01:00:00+00:00
[2025-09-17T11:46:41.564+0000] {logging_mixin.py:190} INFO - [2025-09-17T11:46:41.564+0000] {dag.py:4180} INFO - Setting next_dagrun for consume_1_and_2_with_dataset_expressions to None, run_after=None
[2025-09-17T11:46:41.567+0000] {logging_mixin.py:190} INFO - [2025-09-17T11:46:41.566+0000] {dag.py:4180} INFO - Setting next_dagrun for consume_1_or_2_with_dataset_expressions to None, run_after=None
[2025-09-17T11:46:41.568+0000] {logging_mixin.py:190} INFO - [2025-09-17T11:46:41.568+0000] {dag.py:4180} INFO - Setting next_dagrun for consume_1_or_both_2_and_3_with_dataset_expressions to None, run_after=None
[2025-09-17T11:46:41.570+0000] {logging_mixin.py:190} INFO - [2025-09-17T11:46:41.570+0000] {dag.py:4180} INFO - Setting next_dagrun for dataset_consumes_1 to None, run_after=None
[2025-09-17T11:46:41.573+0000] {logging_mixin.py:190} INFO - [2025-09-17T11:46:41.573+0000] {dag.py:4180} INFO - Setting next_dagrun for dataset_consumes_1_and_2 to None, run_after=None
[2025-09-17T11:46:41.576+0000] {logging_mixin.py:190} INFO - [2025-09-17T11:46:41.576+0000] {dag.py:4180} INFO - Setting next_dagrun for dataset_consumes_1_never_scheduled to None, run_after=None
[2025-09-17T11:46:41.578+0000] {logging_mixin.py:190} INFO - [2025-09-17T11:46:41.578+0000] {dag.py:4180} INFO - Setting next_dagrun for dataset_consumes_unknown_never_scheduled to None, run_after=None
[2025-09-17T11:46:41.581+0000] {logging_mixin.py:190} INFO - [2025-09-17T11:46:41.581+0000] {dag.py:4180} INFO - Setting next_dagrun for dataset_produces_1 to 2025-09-16 00:00:00+00:00, run_after=2025-09-17 00:00:00+00:00
[2025-09-17T11:46:41.583+0000] {logging_mixin.py:190} INFO - [2025-09-17T11:46:41.583+0000] {dag.py:4180} INFO - Setting next_dagrun for dataset_produces_2 to None, run_after=None
[2025-09-17T11:46:41.631+0000] {processor.py:208} INFO - Processing /home/airflow/.local/lib/python3.12/site-packages/airflow/example_dags/example_datasets.py took 0.398 seconds
[2025-09-17T11:47:12.001+0000] {processor.py:186} INFO - Started process (PID=482) to work on /home/airflow/.local/lib/python3.12/site-packages/airflow/example_dags/example_datasets.py
[2025-09-17T11:47:12.002+0000] {processor.py:914} INFO - Processing file /home/airflow/.local/lib/python3.12/site-packages/airflow/example_dags/example_datasets.py for tasks to queue
[2025-09-17T11:47:12.007+0000] {logging_mixin.py:190} INFO - [2025-09-17T11:47:12.006+0000] {dagbag.py:588} INFO - Filling up the DagBag from /home/airflow/.local/lib/python3.12/site-packages/airflow/example_dags/example_datasets.py
[2025-09-17T11:47:12.194+0000] {processor.py:925} INFO - DAG(s) 'conditional_dataset_and_time_based_timetable', 'dataset_produces_2', 'dataset_consumes_unknown_never_scheduled', 'dataset_consumes_1_never_scheduled', 'dataset_produces_1', 'dataset_consumes_1_and_2', 'consume_1_or_both_2_and_3_with_dataset_expressions', 'consume_1_or_2_with_dataset_expressions', 'consume_1_and_2_with_dataset_expressions', 'dataset_consumes_1' retrieved from /home/airflow/.local/lib/python3.12/site-packages/airflow/example_dags/example_datasets.py
[2025-09-17T11:47:12.257+0000] {logging_mixin.py:190} INFO - [2025-09-17T11:47:12.257+0000] {dag.py:3239} INFO - Sync 10 DAGs
[2025-09-17T11:47:12.299+0000] {logging_mixin.py:190} INFO - [2025-09-17T11:47:12.299+0000] {dag.py:4180} INFO - Setting next_dagrun for conditional_dataset_and_time_based_timetable to 2025-09-17 01:00:00+00:00, run_after=2025-09-17 01:00:00+00:00
[2025-09-17T11:47:12.305+0000] {logging_mixin.py:190} INFO - [2025-09-17T11:47:12.305+0000] {dag.py:4180} INFO - Setting next_dagrun for consume_1_and_2_with_dataset_expressions to None, run_after=None
[2025-09-17T11:47:12.308+0000] {logging_mixin.py:190} INFO - [2025-09-17T11:47:12.308+0000] {dag.py:4180} INFO - Setting next_dagrun for consume_1_or_2_with_dataset_expressions to None, run_after=None
[2025-09-17T11:47:12.311+0000] {logging_mixin.py:190} INFO - [2025-09-17T11:47:12.310+0000] {dag.py:4180} INFO - Setting next_dagrun for consume_1_or_both_2_and_3_with_dataset_expressions to None, run_after=None
[2025-09-17T11:47:12.314+0000] {logging_mixin.py:190} INFO - [2025-09-17T11:47:12.313+0000] {dag.py:4180} INFO - Setting next_dagrun for dataset_consumes_1 to None, run_after=None
[2025-09-17T11:47:12.316+0000] {logging_mixin.py:190} INFO - [2025-09-17T11:47:12.316+0000] {dag.py:4180} INFO - Setting next_dagrun for dataset_consumes_1_and_2 to None, run_after=None
[2025-09-17T11:47:12.318+0000] {logging_mixin.py:190} INFO - [2025-09-17T11:47:12.318+0000] {dag.py:4180} INFO - Setting next_dagrun for dataset_consumes_1_never_scheduled to None, run_after=None
[2025-09-17T11:47:12.320+0000] {logging_mixin.py:190} INFO - [2025-09-17T11:47:12.320+0000] {dag.py:4180} INFO - Setting next_dagrun for dataset_consumes_unknown_never_scheduled to None, run_after=None
[2025-09-17T11:47:12.324+0000] {logging_mixin.py:190} INFO - [2025-09-17T11:47:12.323+0000] {dag.py:4180} INFO - Setting next_dagrun for dataset_produces_1 to 2025-09-16 00:00:00+00:00, run_after=2025-09-17 00:00:00+00:00
[2025-09-17T11:47:12.326+0000] {logging_mixin.py:190} INFO - [2025-09-17T11:47:12.325+0000] {dag.py:4180} INFO - Setting next_dagrun for dataset_produces_2 to None, run_after=None
[2025-09-17T11:47:12.374+0000] {processor.py:208} INFO - Processing /home/airflow/.local/lib/python3.12/site-packages/airflow/example_dags/example_datasets.py took 0.382 seconds
[2025-09-17T11:47:42.734+0000] {processor.py:186} INFO - Started process (PID=545) to work on /home/airflow/.local/lib/python3.12/site-packages/airflow/example_dags/example_datasets.py
[2025-09-17T11:47:42.735+0000] {processor.py:914} INFO - Processing file /home/airflow/.local/lib/python3.12/site-packages/airflow/example_dags/example_datasets.py for tasks to queue
[2025-09-17T11:47:42.739+0000] {logging_mixin.py:190} INFO - [2025-09-17T11:47:42.739+0000] {dagbag.py:588} INFO - Filling up the DagBag from /home/airflow/.local/lib/python3.12/site-packages/airflow/example_dags/example_datasets.py
[2025-09-17T11:47:42.948+0000] {processor.py:925} INFO - DAG(s) 'dataset_consumes_unknown_never_scheduled', 'dataset_produces_1', 'dataset_consumes_1_never_scheduled', 'consume_1_or_both_2_and_3_with_dataset_expressions', 'dataset_produces_2', 'consume_1_and_2_with_dataset_expressions', 'conditional_dataset_and_time_based_timetable', 'dataset_consumes_1_and_2', 'consume_1_or_2_with_dataset_expressions', 'dataset_consumes_1' retrieved from /home/airflow/.local/lib/python3.12/site-packages/airflow/example_dags/example_datasets.py
[2025-09-17T11:47:42.998+0000] {logging_mixin.py:190} INFO - [2025-09-17T11:47:42.997+0000] {dag.py:3239} INFO - Sync 10 DAGs
[2025-09-17T11:47:43.028+0000] {logging_mixin.py:190} INFO - [2025-09-17T11:47:43.028+0000] {dag.py:4180} INFO - Setting next_dagrun for conditional_dataset_and_time_based_timetable to 2025-09-17 01:00:00+00:00, run_after=2025-09-17 01:00:00+00:00
[2025-09-17T11:47:43.034+0000] {logging_mixin.py:190} INFO - [2025-09-17T11:47:43.033+0000] {dag.py:4180} INFO - Setting next_dagrun for consume_1_and_2_with_dataset_expressions to None, run_after=None
[2025-09-17T11:47:43.036+0000] {logging_mixin.py:190} INFO - [2025-09-17T11:47:43.036+0000] {dag.py:4180} INFO - Setting next_dagrun for consume_1_or_2_with_dataset_expressions to None, run_after=None
[2025-09-17T11:47:43.038+0000] {logging_mixin.py:190} INFO - [2025-09-17T11:47:43.038+0000] {dag.py:4180} INFO - Setting next_dagrun for consume_1_or_both_2_and_3_with_dataset_expressions to None, run_after=None
[2025-09-17T11:47:43.040+0000] {logging_mixin.py:190} INFO - [2025-09-17T11:47:43.040+0000] {dag.py:4180} INFO - Setting next_dagrun for dataset_consumes_1 to None, run_after=None
[2025-09-17T11:47:43.043+0000] {logging_mixin.py:190} INFO - [2025-09-17T11:47:43.042+0000] {dag.py:4180} INFO - Setting next_dagrun for dataset_consumes_1_and_2 to None, run_after=None
[2025-09-17T11:47:43.044+0000] {logging_mixin.py:190} INFO - [2025-09-17T11:47:43.044+0000] {dag.py:4180} INFO - Setting next_dagrun for dataset_consumes_1_never_scheduled to None, run_after=None
[2025-09-17T11:47:43.047+0000] {logging_mixin.py:190} INFO - [2025-09-17T11:47:43.046+0000] {dag.py:4180} INFO - Setting next_dagrun for dataset_consumes_unknown_never_scheduled to None, run_after=None
[2025-09-17T11:47:43.050+0000] {logging_mixin.py:190} INFO - [2025-09-17T11:47:43.050+0000] {dag.py:4180} INFO - Setting next_dagrun for dataset_produces_1 to 2025-09-16 00:00:00+00:00, run_after=2025-09-17 00:00:00+00:00
[2025-09-17T11:47:43.052+0000] {logging_mixin.py:190} INFO - [2025-09-17T11:47:43.052+0000] {dag.py:4180} INFO - Setting next_dagrun for dataset_produces_2 to None, run_after=None
[2025-09-17T11:47:43.095+0000] {processor.py:208} INFO - Processing /home/airflow/.local/lib/python3.12/site-packages/airflow/example_dags/example_datasets.py took 0.369 seconds
[2025-09-17T11:48:13.293+0000] {processor.py:186} INFO - Started process (PID=608) to work on /home/airflow/.local/lib/python3.12/site-packages/airflow/example_dags/example_datasets.py
[2025-09-17T11:48:13.295+0000] {processor.py:914} INFO - Processing file /home/airflow/.local/lib/python3.12/site-packages/airflow/example_dags/example_datasets.py for tasks to queue
[2025-09-17T11:48:13.300+0000] {logging_mixin.py:190} INFO - [2025-09-17T11:48:13.299+0000] {dagbag.py:588} INFO - Filling up the DagBag from /home/airflow/.local/lib/python3.12/site-packages/airflow/example_dags/example_datasets.py
[2025-09-17T11:48:13.525+0000] {processor.py:925} INFO - DAG(s) 'consume_1_or_2_with_dataset_expressions', 'conditional_dataset_and_time_based_timetable', 'dataset_consumes_1_and_2', 'dataset_produces_2', 'dataset_produces_1', 'dataset_consumes_unknown_never_scheduled', 'dataset_consumes_1', 'dataset_consumes_1_never_scheduled', 'consume_1_and_2_with_dataset_expressions', 'consume_1_or_both_2_and_3_with_dataset_expressions' retrieved from /home/airflow/.local/lib/python3.12/site-packages/airflow/example_dags/example_datasets.py
[2025-09-17T11:48:13.581+0000] {logging_mixin.py:190} INFO - [2025-09-17T11:48:13.581+0000] {dag.py:3239} INFO - Sync 10 DAGs
[2025-09-17T11:48:13.611+0000] {logging_mixin.py:190} INFO - [2025-09-17T11:48:13.611+0000] {dag.py:4180} INFO - Setting next_dagrun for conditional_dataset_and_time_based_timetable to 2025-09-17 01:00:00+00:00, run_after=2025-09-17 01:00:00+00:00
[2025-09-17T11:48:13.616+0000] {logging_mixin.py:190} INFO - [2025-09-17T11:48:13.616+0000] {dag.py:4180} INFO - Setting next_dagrun for consume_1_and_2_with_dataset_expressions to None, run_after=None
[2025-09-17T11:48:13.618+0000] {logging_mixin.py:190} INFO - [2025-09-17T11:48:13.618+0000] {dag.py:4180} INFO - Setting next_dagrun for consume_1_or_2_with_dataset_expressions to None, run_after=None
[2025-09-17T11:48:13.620+0000] {logging_mixin.py:190} INFO - [2025-09-17T11:48:13.620+0000] {dag.py:4180} INFO - Setting next_dagrun for consume_1_or_both_2_and_3_with_dataset_expressions to None, run_after=None
[2025-09-17T11:48:13.623+0000] {logging_mixin.py:190} INFO - [2025-09-17T11:48:13.622+0000] {dag.py:4180} INFO - Setting next_dagrun for dataset_consumes_1 to None, run_after=None
[2025-09-17T11:48:13.625+0000] {logging_mixin.py:190} INFO - [2025-09-17T11:48:13.625+0000] {dag.py:4180} INFO - Setting next_dagrun for dataset_consumes_1_and_2 to None, run_after=None
[2025-09-17T11:48:13.627+0000] {logging_mixin.py:190} INFO - [2025-09-17T11:48:13.627+0000] {dag.py:4180} INFO - Setting next_dagrun for dataset_consumes_1_never_scheduled to None, run_after=None
[2025-09-17T11:48:13.629+0000] {logging_mixin.py:190} INFO - [2025-09-17T11:48:13.629+0000] {dag.py:4180} INFO - Setting next_dagrun for dataset_consumes_unknown_never_scheduled to None, run_after=None
[2025-09-17T11:48:13.633+0000] {logging_mixin.py:190} INFO - [2025-09-17T11:48:13.632+0000] {dag.py:4180} INFO - Setting next_dagrun for dataset_produces_1 to 2025-09-16 00:00:00+00:00, run_after=2025-09-17 00:00:00+00:00
[2025-09-17T11:48:13.635+0000] {logging_mixin.py:190} INFO - [2025-09-17T11:48:13.635+0000] {dag.py:4180} INFO - Setting next_dagrun for dataset_produces_2 to None, run_after=None
[2025-09-17T11:48:13.681+0000] {processor.py:208} INFO - Processing /home/airflow/.local/lib/python3.12/site-packages/airflow/example_dags/example_datasets.py took 0.396 seconds
[2025-09-17T11:48:43.839+0000] {processor.py:186} INFO - Started process (PID=669) to work on /home/airflow/.local/lib/python3.12/site-packages/airflow/example_dags/example_datasets.py
[2025-09-17T11:48:43.841+0000] {processor.py:914} INFO - Processing file /home/airflow/.local/lib/python3.12/site-packages/airflow/example_dags/example_datasets.py for tasks to queue
[2025-09-17T11:48:43.845+0000] {logging_mixin.py:190} INFO - [2025-09-17T11:48:43.844+0000] {dagbag.py:588} INFO - Filling up the DagBag from /home/airflow/.local/lib/python3.12/site-packages/airflow/example_dags/example_datasets.py
[2025-09-17T11:48:44.088+0000] {processor.py:925} INFO - DAG(s) 'dataset_consumes_unknown_never_scheduled', 'consume_1_or_2_with_dataset_expressions', 'dataset_produces_2', 'consume_1_and_2_with_dataset_expressions', 'dataset_produces_1', 'consume_1_or_both_2_and_3_with_dataset_expressions', 'dataset_consumes_1_and_2', 'conditional_dataset_and_time_based_timetable', 'dataset_consumes_1_never_scheduled', 'dataset_consumes_1' retrieved from /home/airflow/.local/lib/python3.12/site-packages/airflow/example_dags/example_datasets.py
[2025-09-17T11:48:44.145+0000] {logging_mixin.py:190} INFO - [2025-09-17T11:48:44.145+0000] {dag.py:3239} INFO - Sync 10 DAGs
[2025-09-17T11:48:44.179+0000] {logging_mixin.py:190} INFO - [2025-09-17T11:48:44.178+0000] {dag.py:4180} INFO - Setting next_dagrun for conditional_dataset_and_time_based_timetable to 2025-09-17 01:00:00+00:00, run_after=2025-09-17 01:00:00+00:00
[2025-09-17T11:48:44.184+0000] {logging_mixin.py:190} INFO - [2025-09-17T11:48:44.184+0000] {dag.py:4180} INFO - Setting next_dagrun for consume_1_and_2_with_dataset_expressions to None, run_after=None
[2025-09-17T11:48:44.186+0000] {logging_mixin.py:190} INFO - [2025-09-17T11:48:44.186+0000] {dag.py:4180} INFO - Setting next_dagrun for consume_1_or_2_with_dataset_expressions to None, run_after=None
[2025-09-17T11:48:44.188+0000] {logging_mixin.py:190} INFO - [2025-09-17T11:48:44.188+0000] {dag.py:4180} INFO - Setting next_dagrun for consume_1_or_both_2_and_3_with_dataset_expressions to None, run_after=None
[2025-09-17T11:48:44.190+0000] {logging_mixin.py:190} INFO - [2025-09-17T11:48:44.190+0000] {dag.py:4180} INFO - Setting next_dagrun for dataset_consumes_1 to None, run_after=None
[2025-09-17T11:48:44.193+0000] {logging_mixin.py:190} INFO - [2025-09-17T11:48:44.192+0000] {dag.py:4180} INFO - Setting next_dagrun for dataset_consumes_1_and_2 to None, run_after=None
[2025-09-17T11:48:44.195+0000] {logging_mixin.py:190} INFO - [2025-09-17T11:48:44.195+0000] {dag.py:4180} INFO - Setting next_dagrun for dataset_consumes_1_never_scheduled to None, run_after=None
[2025-09-17T11:48:44.198+0000] {logging_mixin.py:190} INFO - [2025-09-17T11:48:44.197+0000] {dag.py:4180} INFO - Setting next_dagrun for dataset_consumes_unknown_never_scheduled to None, run_after=None
[2025-09-17T11:48:44.203+0000] {logging_mixin.py:190} INFO - [2025-09-17T11:48:44.202+0000] {dag.py:4180} INFO - Setting next_dagrun for dataset_produces_1 to 2025-09-16 00:00:00+00:00, run_after=2025-09-17 00:00:00+00:00
[2025-09-17T11:48:44.205+0000] {logging_mixin.py:190} INFO - [2025-09-17T11:48:44.205+0000] {dag.py:4180} INFO - Setting next_dagrun for dataset_produces_2 to None, run_after=None
[2025-09-17T11:48:44.257+0000] {processor.py:208} INFO - Processing /home/airflow/.local/lib/python3.12/site-packages/airflow/example_dags/example_datasets.py took 0.426 seconds
[2025-09-17T11:49:14.479+0000] {processor.py:186} INFO - Started process (PID=732) to work on /home/airflow/.local/lib/python3.12/site-packages/airflow/example_dags/example_datasets.py
[2025-09-17T11:49:14.481+0000] {processor.py:914} INFO - Processing file /home/airflow/.local/lib/python3.12/site-packages/airflow/example_dags/example_datasets.py for tasks to queue
[2025-09-17T11:49:14.485+0000] {logging_mixin.py:190} INFO - [2025-09-17T11:49:14.484+0000] {dagbag.py:588} INFO - Filling up the DagBag from /home/airflow/.local/lib/python3.12/site-packages/airflow/example_dags/example_datasets.py
[2025-09-17T11:49:14.701+0000] {processor.py:925} INFO - DAG(s) 'dataset_produces_1', 'consume_1_or_both_2_and_3_with_dataset_expressions', 'conditional_dataset_and_time_based_timetable', 'dataset_consumes_1_never_scheduled', 'dataset_produces_2', 'dataset_consumes_1', 'dataset_consumes_1_and_2', 'consume_1_and_2_with_dataset_expressions', 'consume_1_or_2_with_dataset_expressions', 'dataset_consumes_unknown_never_scheduled' retrieved from /home/airflow/.local/lib/python3.12/site-packages/airflow/example_dags/example_datasets.py
[2025-09-17T11:49:14.757+0000] {logging_mixin.py:190} INFO - [2025-09-17T11:49:14.757+0000] {dag.py:3239} INFO - Sync 10 DAGs
[2025-09-17T11:49:14.789+0000] {logging_mixin.py:190} INFO - [2025-09-17T11:49:14.789+0000] {dag.py:4180} INFO - Setting next_dagrun for conditional_dataset_and_time_based_timetable to 2025-09-17 01:00:00+00:00, run_after=2025-09-17 01:00:00+00:00
[2025-09-17T11:49:14.794+0000] {logging_mixin.py:190} INFO - [2025-09-17T11:49:14.793+0000] {dag.py:4180} INFO - Setting next_dagrun for consume_1_and_2_with_dataset_expressions to None, run_after=None
[2025-09-17T11:49:14.796+0000] {logging_mixin.py:190} INFO - [2025-09-17T11:49:14.795+0000] {dag.py:4180} INFO - Setting next_dagrun for consume_1_or_2_with_dataset_expressions to None, run_after=None
[2025-09-17T11:49:14.797+0000] {logging_mixin.py:190} INFO - [2025-09-17T11:49:14.797+0000] {dag.py:4180} INFO - Setting next_dagrun for consume_1_or_both_2_and_3_with_dataset_expressions to None, run_after=None
[2025-09-17T11:49:14.799+0000] {logging_mixin.py:190} INFO - [2025-09-17T11:49:14.799+0000] {dag.py:4180} INFO - Setting next_dagrun for dataset_consumes_1 to None, run_after=None
[2025-09-17T11:49:14.801+0000] {logging_mixin.py:190} INFO - [2025-09-17T11:49:14.801+0000] {dag.py:4180} INFO - Setting next_dagrun for dataset_consumes_1_and_2 to None, run_after=None
[2025-09-17T11:49:14.803+0000] {logging_mixin.py:190} INFO - [2025-09-17T11:49:14.803+0000] {dag.py:4180} INFO - Setting next_dagrun for dataset_consumes_1_never_scheduled to None, run_after=None
[2025-09-17T11:49:14.805+0000] {logging_mixin.py:190} INFO - [2025-09-17T11:49:14.804+0000] {dag.py:4180} INFO - Setting next_dagrun for dataset_consumes_unknown_never_scheduled to None, run_after=None
[2025-09-17T11:49:14.808+0000] {logging_mixin.py:190} INFO - [2025-09-17T11:49:14.808+0000] {dag.py:4180} INFO - Setting next_dagrun for dataset_produces_1 to 2025-09-16 00:00:00+00:00, run_after=2025-09-17 00:00:00+00:00
[2025-09-17T11:49:14.810+0000] {logging_mixin.py:190} INFO - [2025-09-17T11:49:14.810+0000] {dag.py:4180} INFO - Setting next_dagrun for dataset_produces_2 to None, run_after=None
[2025-09-17T11:49:14.850+0000] {processor.py:208} INFO - Processing /home/airflow/.local/lib/python3.12/site-packages/airflow/example_dags/example_datasets.py took 0.380 seconds
[2025-09-17T11:49:44.929+0000] {processor.py:186} INFO - Started process (PID=794) to work on /home/airflow/.local/lib/python3.12/site-packages/airflow/example_dags/example_datasets.py
[2025-09-17T11:49:44.930+0000] {processor.py:914} INFO - Processing file /home/airflow/.local/lib/python3.12/site-packages/airflow/example_dags/example_datasets.py for tasks to queue
[2025-09-17T11:49:44.934+0000] {logging_mixin.py:190} INFO - [2025-09-17T11:49:44.934+0000] {dagbag.py:588} INFO - Filling up the DagBag from /home/airflow/.local/lib/python3.12/site-packages/airflow/example_dags/example_datasets.py
[2025-09-17T11:49:45.188+0000] {processor.py:925} INFO - DAG(s) 'dataset_produces_1', 'consume_1_and_2_with_dataset_expressions', 'dataset_produces_2', 'consume_1_or_both_2_and_3_with_dataset_expressions', 'dataset_consumes_1_and_2', 'dataset_consumes_1_never_scheduled', 'dataset_consumes_unknown_never_scheduled', 'consume_1_or_2_with_dataset_expressions', 'conditional_dataset_and_time_based_timetable', 'dataset_consumes_1' retrieved from /home/airflow/.local/lib/python3.12/site-packages/airflow/example_dags/example_datasets.py
[2025-09-17T11:49:45.246+0000] {logging_mixin.py:190} INFO - [2025-09-17T11:49:45.246+0000] {dag.py:3239} INFO - Sync 10 DAGs
[2025-09-17T11:49:45.281+0000] {logging_mixin.py:190} INFO - [2025-09-17T11:49:45.281+0000] {dag.py:4180} INFO - Setting next_dagrun for conditional_dataset_and_time_based_timetable to 2025-09-17 01:00:00+00:00, run_after=2025-09-17 01:00:00+00:00
[2025-09-17T11:49:45.286+0000] {logging_mixin.py:190} INFO - [2025-09-17T11:49:45.286+0000] {dag.py:4180} INFO - Setting next_dagrun for consume_1_and_2_with_dataset_expressions to None, run_after=None
[2025-09-17T11:49:45.289+0000] {logging_mixin.py:190} INFO - [2025-09-17T11:49:45.289+0000] {dag.py:4180} INFO - Setting next_dagrun for consume_1_or_2_with_dataset_expressions to None, run_after=None
[2025-09-17T11:49:45.292+0000] {logging_mixin.py:190} INFO - [2025-09-17T11:49:45.291+0000] {dag.py:4180} INFO - Setting next_dagrun for consume_1_or_both_2_and_3_with_dataset_expressions to None, run_after=None
[2025-09-17T11:49:45.294+0000] {logging_mixin.py:190} INFO - [2025-09-17T11:49:45.294+0000] {dag.py:4180} INFO - Setting next_dagrun for dataset_consumes_1 to None, run_after=None
[2025-09-17T11:49:45.297+0000] {logging_mixin.py:190} INFO - [2025-09-17T11:49:45.297+0000] {dag.py:4180} INFO - Setting next_dagrun for dataset_consumes_1_and_2 to None, run_after=None
[2025-09-17T11:49:45.301+0000] {logging_mixin.py:190} INFO - [2025-09-17T11:49:45.301+0000] {dag.py:4180} INFO - Setting next_dagrun for dataset_consumes_1_never_scheduled to None, run_after=None
[2025-09-17T11:49:45.303+0000] {logging_mixin.py:190} INFO - [2025-09-17T11:49:45.303+0000] {dag.py:4180} INFO - Setting next_dagrun for dataset_consumes_unknown_never_scheduled to None, run_after=None
[2025-09-17T11:49:45.306+0000] {logging_mixin.py:190} INFO - [2025-09-17T11:49:45.306+0000] {dag.py:4180} INFO - Setting next_dagrun for dataset_produces_1 to 2025-09-16 00:00:00+00:00, run_after=2025-09-17 00:00:00+00:00
[2025-09-17T11:49:45.308+0000] {logging_mixin.py:190} INFO - [2025-09-17T11:49:45.308+0000] {dag.py:4180} INFO - Setting next_dagrun for dataset_produces_2 to None, run_after=None
[2025-09-17T11:49:45.355+0000] {processor.py:208} INFO - Processing /home/airflow/.local/lib/python3.12/site-packages/airflow/example_dags/example_datasets.py took 0.437 seconds
[2025-09-17T11:50:15.724+0000] {processor.py:186} INFO - Started process (PID=856) to work on /home/airflow/.local/lib/python3.12/site-packages/airflow/example_dags/example_datasets.py
[2025-09-17T11:50:15.725+0000] {processor.py:914} INFO - Processing file /home/airflow/.local/lib/python3.12/site-packages/airflow/example_dags/example_datasets.py for tasks to queue
[2025-09-17T11:50:15.729+0000] {logging_mixin.py:190} INFO - [2025-09-17T11:50:15.728+0000] {dagbag.py:588} INFO - Filling up the DagBag from /home/airflow/.local/lib/python3.12/site-packages/airflow/example_dags/example_datasets.py
[2025-09-17T11:50:16.142+0000] {processor.py:925} INFO - DAG(s) 'dataset_produces_2', 'consume_1_or_both_2_and_3_with_dataset_expressions', 'dataset_consumes_1', 'dataset_consumes_1_never_scheduled', 'dataset_consumes_unknown_never_scheduled', 'dataset_produces_1', 'consume_1_or_2_with_dataset_expressions', 'dataset_consumes_1_and_2', 'conditional_dataset_and_time_based_timetable', 'consume_1_and_2_with_dataset_expressions' retrieved from /home/airflow/.local/lib/python3.12/site-packages/airflow/example_dags/example_datasets.py
[2025-09-17T11:50:16.203+0000] {logging_mixin.py:190} INFO - [2025-09-17T11:50:16.203+0000] {dag.py:3239} INFO - Sync 10 DAGs
[2025-09-17T11:50:16.240+0000] {logging_mixin.py:190} INFO - [2025-09-17T11:50:16.239+0000] {dag.py:4180} INFO - Setting next_dagrun for conditional_dataset_and_time_based_timetable to 2025-09-17 01:00:00+00:00, run_after=2025-09-17 01:00:00+00:00
[2025-09-17T11:50:16.245+0000] {logging_mixin.py:190} INFO - [2025-09-17T11:50:16.244+0000] {dag.py:4180} INFO - Setting next_dagrun for consume_1_and_2_with_dataset_expressions to None, run_after=None
[2025-09-17T11:50:16.247+0000] {logging_mixin.py:190} INFO - [2025-09-17T11:50:16.246+0000] {dag.py:4180} INFO - Setting next_dagrun for consume_1_or_2_with_dataset_expressions to None, run_after=None
[2025-09-17T11:50:16.249+0000] {logging_mixin.py:190} INFO - [2025-09-17T11:50:16.249+0000] {dag.py:4180} INFO - Setting next_dagrun for consume_1_or_both_2_and_3_with_dataset_expressions to None, run_after=None
[2025-09-17T11:50:16.252+0000] {logging_mixin.py:190} INFO - [2025-09-17T11:50:16.252+0000] {dag.py:4180} INFO - Setting next_dagrun for dataset_consumes_1 to None, run_after=None
[2025-09-17T11:50:16.255+0000] {logging_mixin.py:190} INFO - [2025-09-17T11:50:16.255+0000] {dag.py:4180} INFO - Setting next_dagrun for dataset_consumes_1_and_2 to None, run_after=None
[2025-09-17T11:50:16.257+0000] {logging_mixin.py:190} INFO - [2025-09-17T11:50:16.257+0000] {dag.py:4180} INFO - Setting next_dagrun for dataset_consumes_1_never_scheduled to None, run_after=None
[2025-09-17T11:50:16.259+0000] {logging_mixin.py:190} INFO - [2025-09-17T11:50:16.259+0000] {dag.py:4180} INFO - Setting next_dagrun for dataset_consumes_unknown_never_scheduled to None, run_after=None
[2025-09-17T11:50:16.264+0000] {logging_mixin.py:190} INFO - [2025-09-17T11:50:16.263+0000] {dag.py:4180} INFO - Setting next_dagrun for dataset_produces_1 to 2025-09-16 00:00:00+00:00, run_after=2025-09-17 00:00:00+00:00
[2025-09-17T11:50:16.266+0000] {logging_mixin.py:190} INFO - [2025-09-17T11:50:16.266+0000] {dag.py:4180} INFO - Setting next_dagrun for dataset_produces_2 to None, run_after=None
[2025-09-17T11:50:16.333+0000] {processor.py:208} INFO - Processing /home/airflow/.local/lib/python3.12/site-packages/airflow/example_dags/example_datasets.py took 0.617 seconds
[2025-09-17T11:50:46.410+0000] {processor.py:186} INFO - Started process (PID=918) to work on /home/airflow/.local/lib/python3.12/site-packages/airflow/example_dags/example_datasets.py
[2025-09-17T11:50:46.412+0000] {processor.py:914} INFO - Processing file /home/airflow/.local/lib/python3.12/site-packages/airflow/example_dags/example_datasets.py for tasks to queue
[2025-09-17T11:50:46.416+0000] {logging_mixin.py:190} INFO - [2025-09-17T11:50:46.415+0000] {dagbag.py:588} INFO - Filling up the DagBag from /home/airflow/.local/lib/python3.12/site-packages/airflow/example_dags/example_datasets.py
[2025-09-17T11:50:46.589+0000] {processor.py:925} INFO - DAG(s) 'dataset_consumes_1_and_2', 'consume_1_or_both_2_and_3_with_dataset_expressions', 'dataset_consumes_unknown_never_scheduled', 'consume_1_and_2_with_dataset_expressions', 'dataset_produces_2', 'dataset_consumes_1_never_scheduled', 'consume_1_or_2_with_dataset_expressions', 'conditional_dataset_and_time_based_timetable', 'dataset_produces_1', 'dataset_consumes_1' retrieved from /home/airflow/.local/lib/python3.12/site-packages/airflow/example_dags/example_datasets.py
[2025-09-17T11:50:46.645+0000] {logging_mixin.py:190} INFO - [2025-09-17T11:50:46.644+0000] {dag.py:3239} INFO - Sync 10 DAGs
[2025-09-17T11:50:46.688+0000] {logging_mixin.py:190} INFO - [2025-09-17T11:50:46.688+0000] {dag.py:4180} INFO - Setting next_dagrun for conditional_dataset_and_time_based_timetable to 2025-09-17 01:00:00+00:00, run_after=2025-09-17 01:00:00+00:00
[2025-09-17T11:50:46.694+0000] {logging_mixin.py:190} INFO - [2025-09-17T11:50:46.693+0000] {dag.py:4180} INFO - Setting next_dagrun for consume_1_and_2_with_dataset_expressions to None, run_after=None
[2025-09-17T11:50:46.698+0000] {logging_mixin.py:190} INFO - [2025-09-17T11:50:46.697+0000] {dag.py:4180} INFO - Setting next_dagrun for consume_1_or_2_with_dataset_expressions to None, run_after=None
[2025-09-17T11:50:46.701+0000] {logging_mixin.py:190} INFO - [2025-09-17T11:50:46.701+0000] {dag.py:4180} INFO - Setting next_dagrun for consume_1_or_both_2_and_3_with_dataset_expressions to None, run_after=None
[2025-09-17T11:50:46.704+0000] {logging_mixin.py:190} INFO - [2025-09-17T11:50:46.704+0000] {dag.py:4180} INFO - Setting next_dagrun for dataset_consumes_1 to None, run_after=None
[2025-09-17T11:50:46.706+0000] {logging_mixin.py:190} INFO - [2025-09-17T11:50:46.706+0000] {dag.py:4180} INFO - Setting next_dagrun for dataset_consumes_1_and_2 to None, run_after=None
[2025-09-17T11:50:46.709+0000] {logging_mixin.py:190} INFO - [2025-09-17T11:50:46.708+0000] {dag.py:4180} INFO - Setting next_dagrun for dataset_consumes_1_never_scheduled to None, run_after=None
[2025-09-17T11:50:46.712+0000] {logging_mixin.py:190} INFO - [2025-09-17T11:50:46.712+0000] {dag.py:4180} INFO - Setting next_dagrun for dataset_consumes_unknown_never_scheduled to None, run_after=None
[2025-09-17T11:50:46.720+0000] {logging_mixin.py:190} INFO - [2025-09-17T11:50:46.719+0000] {dag.py:4180} INFO - Setting next_dagrun for dataset_produces_1 to 2025-09-16 00:00:00+00:00, run_after=2025-09-17 00:00:00+00:00
[2025-09-17T11:50:46.722+0000] {logging_mixin.py:190} INFO - [2025-09-17T11:50:46.722+0000] {dag.py:4180} INFO - Setting next_dagrun for dataset_produces_2 to None, run_after=None
[2025-09-17T11:50:46.776+0000] {processor.py:208} INFO - Processing /home/airflow/.local/lib/python3.12/site-packages/airflow/example_dags/example_datasets.py took 0.374 seconds
[2025-09-17T11:51:17.383+0000] {processor.py:186} INFO - Started process (PID=979) to work on /home/airflow/.local/lib/python3.12/site-packages/airflow/example_dags/example_datasets.py
[2025-09-17T11:51:17.385+0000] {processor.py:914} INFO - Processing file /home/airflow/.local/lib/python3.12/site-packages/airflow/example_dags/example_datasets.py for tasks to queue
[2025-09-17T11:51:17.389+0000] {logging_mixin.py:190} INFO - [2025-09-17T11:51:17.388+0000] {dagbag.py:588} INFO - Filling up the DagBag from /home/airflow/.local/lib/python3.12/site-packages/airflow/example_dags/example_datasets.py
[2025-09-17T11:51:17.584+0000] {processor.py:925} INFO - DAG(s) 'consume_1_and_2_with_dataset_expressions', 'dataset_consumes_unknown_never_scheduled', 'consume_1_or_both_2_and_3_with_dataset_expressions', 'dataset_produces_1', 'dataset_consumes_1_and_2', 'dataset_consumes_1_never_scheduled', 'conditional_dataset_and_time_based_timetable', 'dataset_produces_2', 'consume_1_or_2_with_dataset_expressions', 'dataset_consumes_1' retrieved from /home/airflow/.local/lib/python3.12/site-packages/airflow/example_dags/example_datasets.py
[2025-09-17T11:51:17.644+0000] {logging_mixin.py:190} INFO - [2025-09-17T11:51:17.644+0000] {dag.py:3239} INFO - Sync 10 DAGs
[2025-09-17T11:51:17.683+0000] {logging_mixin.py:190} INFO - [2025-09-17T11:51:17.682+0000] {dag.py:4180} INFO - Setting next_dagrun for conditional_dataset_and_time_based_timetable to 2025-09-17 01:00:00+00:00, run_after=2025-09-17 01:00:00+00:00
[2025-09-17T11:51:17.688+0000] {logging_mixin.py:190} INFO - [2025-09-17T11:51:17.688+0000] {dag.py:4180} INFO - Setting next_dagrun for consume_1_and_2_with_dataset_expressions to None, run_after=None
[2025-09-17T11:51:17.690+0000] {logging_mixin.py:190} INFO - [2025-09-17T11:51:17.690+0000] {dag.py:4180} INFO - Setting next_dagrun for consume_1_or_2_with_dataset_expressions to None, run_after=None
[2025-09-17T11:51:17.692+0000] {logging_mixin.py:190} INFO - [2025-09-17T11:51:17.692+0000] {dag.py:4180} INFO - Setting next_dagrun for consume_1_or_both_2_and_3_with_dataset_expressions to None, run_after=None
[2025-09-17T11:51:17.694+0000] {logging_mixin.py:190} INFO - [2025-09-17T11:51:17.694+0000] {dag.py:4180} INFO - Setting next_dagrun for dataset_consumes_1 to None, run_after=None
[2025-09-17T11:51:17.696+0000] {logging_mixin.py:190} INFO - [2025-09-17T11:51:17.696+0000] {dag.py:4180} INFO - Setting next_dagrun for dataset_consumes_1_and_2 to None, run_after=None
[2025-09-17T11:51:17.699+0000] {logging_mixin.py:190} INFO - [2025-09-17T11:51:17.698+0000] {dag.py:4180} INFO - Setting next_dagrun for dataset_consumes_1_never_scheduled to None, run_after=None
[2025-09-17T11:51:17.701+0000] {logging_mixin.py:190} INFO - [2025-09-17T11:51:17.700+0000] {dag.py:4180} INFO - Setting next_dagrun for dataset_consumes_unknown_never_scheduled to None, run_after=None
[2025-09-17T11:51:17.704+0000] {logging_mixin.py:190} INFO - [2025-09-17T11:51:17.704+0000] {dag.py:4180} INFO - Setting next_dagrun for dataset_produces_1 to 2025-09-16 00:00:00+00:00, run_after=2025-09-17 00:00:00+00:00
[2025-09-17T11:51:17.706+0000] {logging_mixin.py:190} INFO - [2025-09-17T11:51:17.706+0000] {dag.py:4180} INFO - Setting next_dagrun for dataset_produces_2 to None, run_after=None
[2025-09-17T11:51:17.751+0000] {processor.py:208} INFO - Processing /home/airflow/.local/lib/python3.12/site-packages/airflow/example_dags/example_datasets.py took 0.377 seconds
[2025-09-17T11:51:48.090+0000] {processor.py:186} INFO - Started process (PID=1041) to work on /home/airflow/.local/lib/python3.12/site-packages/airflow/example_dags/example_datasets.py
[2025-09-17T11:51:48.091+0000] {processor.py:914} INFO - Processing file /home/airflow/.local/lib/python3.12/site-packages/airflow/example_dags/example_datasets.py for tasks to queue
[2025-09-17T11:51:48.095+0000] {logging_mixin.py:190} INFO - [2025-09-17T11:51:48.094+0000] {dagbag.py:588} INFO - Filling up the DagBag from /home/airflow/.local/lib/python3.12/site-packages/airflow/example_dags/example_datasets.py
[2025-09-17T11:51:48.294+0000] {processor.py:925} INFO - DAG(s) 'dataset_consumes_1_never_scheduled', 'dataset_consumes_unknown_never_scheduled', 'dataset_produces_1', 'consume_1_and_2_with_dataset_expressions', 'dataset_consumes_1_and_2', 'consume_1_or_2_with_dataset_expressions', 'dataset_consumes_1', 'consume_1_or_both_2_and_3_with_dataset_expressions', 'conditional_dataset_and_time_based_timetable', 'dataset_produces_2' retrieved from /home/airflow/.local/lib/python3.12/site-packages/airflow/example_dags/example_datasets.py
[2025-09-17T11:51:48.346+0000] {logging_mixin.py:190} INFO - [2025-09-17T11:51:48.346+0000] {dag.py:3239} INFO - Sync 10 DAGs
[2025-09-17T11:51:48.376+0000] {logging_mixin.py:190} INFO - [2025-09-17T11:51:48.376+0000] {dag.py:4180} INFO - Setting next_dagrun for conditional_dataset_and_time_based_timetable to 2025-09-17 01:00:00+00:00, run_after=2025-09-17 01:00:00+00:00
[2025-09-17T11:51:48.380+0000] {logging_mixin.py:190} INFO - [2025-09-17T11:51:48.380+0000] {dag.py:4180} INFO - Setting next_dagrun for consume_1_and_2_with_dataset_expressions to None, run_after=None
[2025-09-17T11:51:48.383+0000] {logging_mixin.py:190} INFO - [2025-09-17T11:51:48.382+0000] {dag.py:4180} INFO - Setting next_dagrun for consume_1_or_2_with_dataset_expressions to None, run_after=None
[2025-09-17T11:51:48.384+0000] {logging_mixin.py:190} INFO - [2025-09-17T11:51:48.384+0000] {dag.py:4180} INFO - Setting next_dagrun for consume_1_or_both_2_and_3_with_dataset_expressions to None, run_after=None
[2025-09-17T11:51:48.386+0000] {logging_mixin.py:190} INFO - [2025-09-17T11:51:48.386+0000] {dag.py:4180} INFO - Setting next_dagrun for dataset_consumes_1 to None, run_after=None
[2025-09-17T11:51:48.388+0000] {logging_mixin.py:190} INFO - [2025-09-17T11:51:48.388+0000] {dag.py:4180} INFO - Setting next_dagrun for dataset_consumes_1_and_2 to None, run_after=None
[2025-09-17T11:51:48.390+0000] {logging_mixin.py:190} INFO - [2025-09-17T11:51:48.390+0000] {dag.py:4180} INFO - Setting next_dagrun for dataset_consumes_1_never_scheduled to None, run_after=None
[2025-09-17T11:51:48.392+0000] {logging_mixin.py:190} INFO - [2025-09-17T11:51:48.391+0000] {dag.py:4180} INFO - Setting next_dagrun for dataset_consumes_unknown_never_scheduled to None, run_after=None
[2025-09-17T11:51:48.395+0000] {logging_mixin.py:190} INFO - [2025-09-17T11:51:48.395+0000] {dag.py:4180} INFO - Setting next_dagrun for dataset_produces_1 to 2025-09-16 00:00:00+00:00, run_after=2025-09-17 00:00:00+00:00
[2025-09-17T11:51:48.397+0000] {logging_mixin.py:190} INFO - [2025-09-17T11:51:48.397+0000] {dag.py:4180} INFO - Setting next_dagrun for dataset_produces_2 to None, run_after=None
[2025-09-17T11:51:48.439+0000] {processor.py:208} INFO - Processing /home/airflow/.local/lib/python3.12/site-packages/airflow/example_dags/example_datasets.py took 0.356 seconds
[2025-09-17T11:52:18.538+0000] {processor.py:186} INFO - Started process (PID=1104) to work on /home/airflow/.local/lib/python3.12/site-packages/airflow/example_dags/example_datasets.py
[2025-09-17T11:52:18.540+0000] {processor.py:914} INFO - Processing file /home/airflow/.local/lib/python3.12/site-packages/airflow/example_dags/example_datasets.py for tasks to queue
[2025-09-17T11:52:18.543+0000] {logging_mixin.py:190} INFO - [2025-09-17T11:52:18.543+0000] {dagbag.py:588} INFO - Filling up the DagBag from /home/airflow/.local/lib/python3.12/site-packages/airflow/example_dags/example_datasets.py
[2025-09-17T11:52:18.715+0000] {processor.py:925} INFO - DAG(s) 'dataset_consumes_1_never_scheduled', 'dataset_produces_1', 'dataset_consumes_1', 'dataset_produces_2', 'conditional_dataset_and_time_based_timetable', 'dataset_consumes_1_and_2', 'consume_1_and_2_with_dataset_expressions', 'consume_1_or_2_with_dataset_expressions', 'dataset_consumes_unknown_never_scheduled', 'consume_1_or_both_2_and_3_with_dataset_expressions' retrieved from /home/airflow/.local/lib/python3.12/site-packages/airflow/example_dags/example_datasets.py
[2025-09-17T11:52:18.761+0000] {logging_mixin.py:190} INFO - [2025-09-17T11:52:18.761+0000] {dag.py:3239} INFO - Sync 10 DAGs
[2025-09-17T11:52:18.789+0000] {logging_mixin.py:190} INFO - [2025-09-17T11:52:18.789+0000] {dag.py:4180} INFO - Setting next_dagrun for conditional_dataset_and_time_based_timetable to 2025-09-17 01:00:00+00:00, run_after=2025-09-17 01:00:00+00:00
[2025-09-17T11:52:18.794+0000] {logging_mixin.py:190} INFO - [2025-09-17T11:52:18.793+0000] {dag.py:4180} INFO - Setting next_dagrun for consume_1_and_2_with_dataset_expressions to None, run_after=None
[2025-09-17T11:52:18.796+0000] {logging_mixin.py:190} INFO - [2025-09-17T11:52:18.795+0000] {dag.py:4180} INFO - Setting next_dagrun for consume_1_or_2_with_dataset_expressions to None, run_after=None
[2025-09-17T11:52:18.797+0000] {logging_mixin.py:190} INFO - [2025-09-17T11:52:18.797+0000] {dag.py:4180} INFO - Setting next_dagrun for consume_1_or_both_2_and_3_with_dataset_expressions to None, run_after=None
[2025-09-17T11:52:18.799+0000] {logging_mixin.py:190} INFO - [2025-09-17T11:52:18.799+0000] {dag.py:4180} INFO - Setting next_dagrun for dataset_consumes_1 to None, run_after=None
[2025-09-17T11:52:18.801+0000] {logging_mixin.py:190} INFO - [2025-09-17T11:52:18.801+0000] {dag.py:4180} INFO - Setting next_dagrun for dataset_consumes_1_and_2 to None, run_after=None
[2025-09-17T11:52:18.802+0000] {logging_mixin.py:190} INFO - [2025-09-17T11:52:18.802+0000] {dag.py:4180} INFO - Setting next_dagrun for dataset_consumes_1_never_scheduled to None, run_after=None
[2025-09-17T11:52:18.804+0000] {logging_mixin.py:190} INFO - [2025-09-17T11:52:18.804+0000] {dag.py:4180} INFO - Setting next_dagrun for dataset_consumes_unknown_never_scheduled to None, run_after=None
[2025-09-17T11:52:18.807+0000] {logging_mixin.py:190} INFO - [2025-09-17T11:52:18.807+0000] {dag.py:4180} INFO - Setting next_dagrun for dataset_produces_1 to 2025-09-16 00:00:00+00:00, run_after=2025-09-17 00:00:00+00:00
[2025-09-17T11:52:18.809+0000] {logging_mixin.py:190} INFO - [2025-09-17T11:52:18.809+0000] {dag.py:4180} INFO - Setting next_dagrun for dataset_produces_2 to None, run_after=None
[2025-09-17T11:52:18.847+0000] {processor.py:208} INFO - Processing /home/airflow/.local/lib/python3.12/site-packages/airflow/example_dags/example_datasets.py took 0.316 seconds
[2025-09-17T11:52:48.995+0000] {processor.py:186} INFO - Started process (PID=1166) to work on /home/airflow/.local/lib/python3.12/site-packages/airflow/example_dags/example_datasets.py
[2025-09-17T11:52:48.996+0000] {processor.py:914} INFO - Processing file /home/airflow/.local/lib/python3.12/site-packages/airflow/example_dags/example_datasets.py for tasks to queue
[2025-09-17T11:52:49.000+0000] {logging_mixin.py:190} INFO - [2025-09-17T11:52:49.000+0000] {dagbag.py:588} INFO - Filling up the DagBag from /home/airflow/.local/lib/python3.12/site-packages/airflow/example_dags/example_datasets.py
[2025-09-17T11:52:49.203+0000] {processor.py:925} INFO - DAG(s) 'dataset_produces_1', 'dataset_produces_2', 'consume_1_or_both_2_and_3_with_dataset_expressions', 'dataset_consumes_1_never_scheduled', 'dataset_consumes_unknown_never_scheduled', 'consume_1_or_2_with_dataset_expressions', 'dataset_consumes_1', 'dataset_consumes_1_and_2', 'conditional_dataset_and_time_based_timetable', 'consume_1_and_2_with_dataset_expressions' retrieved from /home/airflow/.local/lib/python3.12/site-packages/airflow/example_dags/example_datasets.py
[2025-09-17T11:52:49.250+0000] {logging_mixin.py:190} INFO - [2025-09-17T11:52:49.250+0000] {dag.py:3239} INFO - Sync 10 DAGs
[2025-09-17T11:52:49.278+0000] {logging_mixin.py:190} INFO - [2025-09-17T11:52:49.277+0000] {dag.py:4180} INFO - Setting next_dagrun for conditional_dataset_and_time_based_timetable to 2025-09-17 01:00:00+00:00, run_after=2025-09-17 01:00:00+00:00
[2025-09-17T11:52:49.282+0000] {logging_mixin.py:190} INFO - [2025-09-17T11:52:49.282+0000] {dag.py:4180} INFO - Setting next_dagrun for consume_1_and_2_with_dataset_expressions to None, run_after=None
[2025-09-17T11:52:49.284+0000] {logging_mixin.py:190} INFO - [2025-09-17T11:52:49.284+0000] {dag.py:4180} INFO - Setting next_dagrun for consume_1_or_2_with_dataset_expressions to None, run_after=None
[2025-09-17T11:52:49.286+0000] {logging_mixin.py:190} INFO - [2025-09-17T11:52:49.286+0000] {dag.py:4180} INFO - Setting next_dagrun for consume_1_or_both_2_and_3_with_dataset_expressions to None, run_after=None
[2025-09-17T11:52:49.288+0000] {logging_mixin.py:190} INFO - [2025-09-17T11:52:49.287+0000] {dag.py:4180} INFO - Setting next_dagrun for dataset_consumes_1 to None, run_after=None
[2025-09-17T11:52:49.290+0000] {logging_mixin.py:190} INFO - [2025-09-17T11:52:49.289+0000] {dag.py:4180} INFO - Setting next_dagrun for dataset_consumes_1_and_2 to None, run_after=None
[2025-09-17T11:52:49.292+0000] {logging_mixin.py:190} INFO - [2025-09-17T11:52:49.291+0000] {dag.py:4180} INFO - Setting next_dagrun for dataset_consumes_1_never_scheduled to None, run_after=None
[2025-09-17T11:52:49.294+0000] {logging_mixin.py:190} INFO - [2025-09-17T11:52:49.294+0000] {dag.py:4180} INFO - Setting next_dagrun for dataset_consumes_unknown_never_scheduled to None, run_after=None
[2025-09-17T11:52:49.297+0000] {logging_mixin.py:190} INFO - [2025-09-17T11:52:49.297+0000] {dag.py:4180} INFO - Setting next_dagrun for dataset_produces_1 to 2025-09-16 00:00:00+00:00, run_after=2025-09-17 00:00:00+00:00
[2025-09-17T11:52:49.300+0000] {logging_mixin.py:190} INFO - [2025-09-17T11:52:49.299+0000] {dag.py:4180} INFO - Setting next_dagrun for dataset_produces_2 to None, run_after=None
[2025-09-17T11:52:49.339+0000] {processor.py:208} INFO - Processing /home/airflow/.local/lib/python3.12/site-packages/airflow/example_dags/example_datasets.py took 0.351 seconds
[2025-09-17T11:53:19.949+0000] {processor.py:186} INFO - Started process (PID=1229) to work on /home/airflow/.local/lib/python3.12/site-packages/airflow/example_dags/example_datasets.py
[2025-09-17T11:53:19.950+0000] {processor.py:914} INFO - Processing file /home/airflow/.local/lib/python3.12/site-packages/airflow/example_dags/example_datasets.py for tasks to queue
[2025-09-17T11:53:19.954+0000] {logging_mixin.py:190} INFO - [2025-09-17T11:53:19.953+0000] {dagbag.py:588} INFO - Filling up the DagBag from /home/airflow/.local/lib/python3.12/site-packages/airflow/example_dags/example_datasets.py
[2025-09-17T11:53:20.165+0000] {processor.py:925} INFO - DAG(s) 'dataset_consumes_unknown_never_scheduled', 'dataset_consumes_1_and_2', 'conditional_dataset_and_time_based_timetable', 'dataset_produces_1', 'consume_1_or_both_2_and_3_with_dataset_expressions', 'dataset_produces_2', 'consume_1_and_2_with_dataset_expressions', 'consume_1_or_2_with_dataset_expressions', 'dataset_consumes_1', 'dataset_consumes_1_never_scheduled' retrieved from /home/airflow/.local/lib/python3.12/site-packages/airflow/example_dags/example_datasets.py
[2025-09-17T11:53:20.231+0000] {logging_mixin.py:190} INFO - [2025-09-17T11:53:20.231+0000] {dag.py:3239} INFO - Sync 10 DAGs
[2025-09-17T11:53:20.277+0000] {logging_mixin.py:190} INFO - [2025-09-17T11:53:20.277+0000] {dag.py:4180} INFO - Setting next_dagrun for conditional_dataset_and_time_based_timetable to 2025-09-17 01:00:00+00:00, run_after=2025-09-17 01:00:00+00:00
[2025-09-17T11:53:20.285+0000] {logging_mixin.py:190} INFO - [2025-09-17T11:53:20.285+0000] {dag.py:4180} INFO - Setting next_dagrun for consume_1_and_2_with_dataset_expressions to None, run_after=None
[2025-09-17T11:53:20.292+0000] {logging_mixin.py:190} INFO - [2025-09-17T11:53:20.292+0000] {dag.py:4180} INFO - Setting next_dagrun for consume_1_or_2_with_dataset_expressions to None, run_after=None
[2025-09-17T11:53:20.296+0000] {logging_mixin.py:190} INFO - [2025-09-17T11:53:20.295+0000] {dag.py:4180} INFO - Setting next_dagrun for consume_1_or_both_2_and_3_with_dataset_expressions to None, run_after=None
[2025-09-17T11:53:20.299+0000] {logging_mixin.py:190} INFO - [2025-09-17T11:53:20.298+0000] {dag.py:4180} INFO - Setting next_dagrun for dataset_consumes_1 to None, run_after=None
[2025-09-17T11:53:20.302+0000] {logging_mixin.py:190} INFO - [2025-09-17T11:53:20.302+0000] {dag.py:4180} INFO - Setting next_dagrun for dataset_consumes_1_and_2 to None, run_after=None
[2025-09-17T11:53:20.308+0000] {logging_mixin.py:190} INFO - [2025-09-17T11:53:20.308+0000] {dag.py:4180} INFO - Setting next_dagrun for dataset_consumes_1_never_scheduled to None, run_after=None
[2025-09-17T11:53:20.314+0000] {logging_mixin.py:190} INFO - [2025-09-17T11:53:20.314+0000] {dag.py:4180} INFO - Setting next_dagrun for dataset_consumes_unknown_never_scheduled to None, run_after=None
[2025-09-17T11:53:20.324+0000] {logging_mixin.py:190} INFO - [2025-09-17T11:53:20.324+0000] {dag.py:4180} INFO - Setting next_dagrun for dataset_produces_1 to 2025-09-16 00:00:00+00:00, run_after=2025-09-17 00:00:00+00:00
[2025-09-17T11:53:20.327+0000] {logging_mixin.py:190} INFO - [2025-09-17T11:53:20.327+0000] {dag.py:4180} INFO - Setting next_dagrun for dataset_produces_2 to None, run_after=None
[2025-09-17T11:53:20.392+0000] {processor.py:208} INFO - Processing /home/airflow/.local/lib/python3.12/site-packages/airflow/example_dags/example_datasets.py took 0.452 seconds
