[2025-09-17T11:43:30.149+0000] {processor.py:186} INFO - Started process (PID=182) to work on /home/airflow/.local/lib/python3.12/site-packages/airflow/example_dags/example_bash_operator.py
[2025-09-17T11:43:30.151+0000] {processor.py:914} INFO - Processing file /home/airflow/.local/lib/python3.12/site-packages/airflow/example_dags/example_bash_operator.py for tasks to queue
[2025-09-17T11:43:30.154+0000] {logging_mixin.py:190} INFO - [2025-09-17T11:43:30.153+0000] {dagbag.py:588} INFO - Filling up the DagBag from /home/airflow/.local/lib/python3.12/site-packages/airflow/example_dags/example_bash_operator.py
[2025-09-17T11:43:30.177+0000] {processor.py:925} INFO - DAG(s) 'example_bash_operator' retrieved from /home/airflow/.local/lib/python3.12/site-packages/airflow/example_dags/example_bash_operator.py
[2025-09-17T11:43:30.342+0000] {logging_mixin.py:190} INFO - [2025-09-17T11:43:30.341+0000] {override.py:1900} INFO - Created Permission View: can delete on DAG:example_bash_operator
[2025-09-17T11:43:30.356+0000] {logging_mixin.py:190} INFO - [2025-09-17T11:43:30.356+0000] {override.py:1900} INFO - Created Permission View: can edit on DAG:example_bash_operator
[2025-09-17T11:43:30.367+0000] {logging_mixin.py:190} INFO - [2025-09-17T11:43:30.366+0000] {override.py:1900} INFO - Created Permission View: can read on DAG:example_bash_operator
[2025-09-17T11:43:30.378+0000] {logging_mixin.py:190} INFO - [2025-09-17T11:43:30.378+0000] {override.py:1900} INFO - Created Permission View: can delete on DAG Run:example_bash_operator
[2025-09-17T11:43:30.388+0000] {logging_mixin.py:190} INFO - [2025-09-17T11:43:30.388+0000] {override.py:1900} INFO - Created Permission View: menu access on DAG Run:example_bash_operator
[2025-09-17T11:43:30.398+0000] {logging_mixin.py:190} INFO - [2025-09-17T11:43:30.398+0000] {override.py:1900} INFO - Created Permission View: can read on DAG Run:example_bash_operator
[2025-09-17T11:43:30.406+0000] {logging_mixin.py:190} INFO - [2025-09-17T11:43:30.406+0000] {override.py:1900} INFO - Created Permission View: can create on DAG Run:example_bash_operator
[2025-09-17T11:43:30.408+0000] {logging_mixin.py:190} INFO - [2025-09-17T11:43:30.407+0000] {dag.py:3239} INFO - Sync 1 DAGs
[2025-09-17T11:43:30.423+0000] {logging_mixin.py:190} INFO - [2025-09-17T11:43:30.423+0000] {dag.py:3262} INFO - Creating ORM DAG for example_bash_operator
[2025-09-17T11:43:30.439+0000] {logging_mixin.py:190} INFO - [2025-09-17T11:43:30.438+0000] {dag.py:4180} INFO - Setting next_dagrun for example_bash_operator to 2025-09-16 00:00:00+00:00, run_after=2025-09-17 00:00:00+00:00
[2025-09-17T11:43:30.477+0000] {processor.py:208} INFO - Processing /home/airflow/.local/lib/python3.12/site-packages/airflow/example_dags/example_bash_operator.py took 0.335 seconds
[2025-09-17T11:44:03.984+0000] {processor.py:186} INFO - Started process (PID=90) to work on /home/airflow/.local/lib/python3.12/site-packages/airflow/example_dags/example_bash_operator.py
[2025-09-17T11:44:03.987+0000] {processor.py:914} INFO - Processing file /home/airflow/.local/lib/python3.12/site-packages/airflow/example_dags/example_bash_operator.py for tasks to queue
[2025-09-17T11:44:03.993+0000] {logging_mixin.py:190} INFO - [2025-09-17T11:44:03.992+0000] {dagbag.py:588} INFO - Filling up the DagBag from /home/airflow/.local/lib/python3.12/site-packages/airflow/example_dags/example_bash_operator.py
[2025-09-17T11:44:04.023+0000] {processor.py:925} INFO - DAG(s) 'example_bash_operator' retrieved from /home/airflow/.local/lib/python3.12/site-packages/airflow/example_dags/example_bash_operator.py
[2025-09-17T11:44:04.074+0000] {logging_mixin.py:190} INFO - [2025-09-17T11:44:04.074+0000] {dag.py:3239} INFO - Sync 1 DAGs
[2025-09-17T11:44:04.113+0000] {logging_mixin.py:190} INFO - [2025-09-17T11:44:04.113+0000] {dag.py:4180} INFO - Setting next_dagrun for example_bash_operator to 2025-09-16 00:00:00+00:00, run_after=2025-09-17 00:00:00+00:00
[2025-09-17T11:44:04.147+0000] {processor.py:208} INFO - Processing /home/airflow/.local/lib/python3.12/site-packages/airflow/example_dags/example_bash_operator.py took 0.180 seconds
[2025-09-17T11:44:34.894+0000] {processor.py:186} INFO - Started process (PID=152) to work on /home/airflow/.local/lib/python3.12/site-packages/airflow/example_dags/example_bash_operator.py
[2025-09-17T11:44:34.895+0000] {processor.py:914} INFO - Processing file /home/airflow/.local/lib/python3.12/site-packages/airflow/example_dags/example_bash_operator.py for tasks to queue
[2025-09-17T11:44:34.899+0000] {logging_mixin.py:190} INFO - [2025-09-17T11:44:34.899+0000] {dagbag.py:588} INFO - Filling up the DagBag from /home/airflow/.local/lib/python3.12/site-packages/airflow/example_dags/example_bash_operator.py
[2025-09-17T11:44:34.918+0000] {processor.py:925} INFO - DAG(s) 'example_bash_operator' retrieved from /home/airflow/.local/lib/python3.12/site-packages/airflow/example_dags/example_bash_operator.py
[2025-09-17T11:44:34.952+0000] {logging_mixin.py:190} INFO - [2025-09-17T11:44:34.952+0000] {dag.py:3239} INFO - Sync 1 DAGs
[2025-09-17T11:44:34.983+0000] {logging_mixin.py:190} INFO - [2025-09-17T11:44:34.983+0000] {dag.py:4180} INFO - Setting next_dagrun for example_bash_operator to 2025-09-16 00:00:00+00:00, run_after=2025-09-17 00:00:00+00:00
[2025-09-17T11:44:35.012+0000] {processor.py:208} INFO - Processing /home/airflow/.local/lib/python3.12/site-packages/airflow/example_dags/example_bash_operator.py took 0.127 seconds
[2025-09-17T11:45:05.739+0000] {processor.py:186} INFO - Started process (PID=214) to work on /home/airflow/.local/lib/python3.12/site-packages/airflow/example_dags/example_bash_operator.py
[2025-09-17T11:45:05.740+0000] {processor.py:914} INFO - Processing file /home/airflow/.local/lib/python3.12/site-packages/airflow/example_dags/example_bash_operator.py for tasks to queue
[2025-09-17T11:45:05.744+0000] {logging_mixin.py:190} INFO - [2025-09-17T11:45:05.743+0000] {dagbag.py:588} INFO - Filling up the DagBag from /home/airflow/.local/lib/python3.12/site-packages/airflow/example_dags/example_bash_operator.py
[2025-09-17T11:45:05.759+0000] {processor.py:925} INFO - DAG(s) 'example_bash_operator' retrieved from /home/airflow/.local/lib/python3.12/site-packages/airflow/example_dags/example_bash_operator.py
[2025-09-17T11:45:05.792+0000] {logging_mixin.py:190} INFO - [2025-09-17T11:45:05.792+0000] {dag.py:3239} INFO - Sync 1 DAGs
[2025-09-17T11:45:05.824+0000] {logging_mixin.py:190} INFO - [2025-09-17T11:45:05.824+0000] {dag.py:4180} INFO - Setting next_dagrun for example_bash_operator to 2025-09-16 00:00:00+00:00, run_after=2025-09-17 00:00:00+00:00
[2025-09-17T11:45:05.860+0000] {processor.py:208} INFO - Processing /home/airflow/.local/lib/python3.12/site-packages/airflow/example_dags/example_bash_operator.py took 0.129 seconds
[2025-09-17T11:45:36.723+0000] {processor.py:186} INFO - Started process (PID=276) to work on /home/airflow/.local/lib/python3.12/site-packages/airflow/example_dags/example_bash_operator.py
[2025-09-17T11:45:36.725+0000] {processor.py:914} INFO - Processing file /home/airflow/.local/lib/python3.12/site-packages/airflow/example_dags/example_bash_operator.py for tasks to queue
[2025-09-17T11:45:36.729+0000] {logging_mixin.py:190} INFO - [2025-09-17T11:45:36.728+0000] {dagbag.py:588} INFO - Filling up the DagBag from /home/airflow/.local/lib/python3.12/site-packages/airflow/example_dags/example_bash_operator.py
[2025-09-17T11:45:36.745+0000] {processor.py:925} INFO - DAG(s) 'example_bash_operator' retrieved from /home/airflow/.local/lib/python3.12/site-packages/airflow/example_dags/example_bash_operator.py
[2025-09-17T11:45:36.780+0000] {logging_mixin.py:190} INFO - [2025-09-17T11:45:36.780+0000] {dag.py:3239} INFO - Sync 1 DAGs
[2025-09-17T11:45:36.809+0000] {logging_mixin.py:190} INFO - [2025-09-17T11:45:36.809+0000] {dag.py:4180} INFO - Setting next_dagrun for example_bash_operator to 2025-09-16 00:00:00+00:00, run_after=2025-09-17 00:00:00+00:00
[2025-09-17T11:45:36.832+0000] {processor.py:208} INFO - Processing /home/airflow/.local/lib/python3.12/site-packages/airflow/example_dags/example_bash_operator.py took 0.121 seconds
[2025-09-17T11:46:07.657+0000] {processor.py:186} INFO - Started process (PID=339) to work on /home/airflow/.local/lib/python3.12/site-packages/airflow/example_dags/example_bash_operator.py
[2025-09-17T11:46:07.659+0000] {processor.py:914} INFO - Processing file /home/airflow/.local/lib/python3.12/site-packages/airflow/example_dags/example_bash_operator.py for tasks to queue
[2025-09-17T11:46:07.664+0000] {logging_mixin.py:190} INFO - [2025-09-17T11:46:07.664+0000] {dagbag.py:588} INFO - Filling up the DagBag from /home/airflow/.local/lib/python3.12/site-packages/airflow/example_dags/example_bash_operator.py
[2025-09-17T11:46:07.687+0000] {processor.py:925} INFO - DAG(s) 'example_bash_operator' retrieved from /home/airflow/.local/lib/python3.12/site-packages/airflow/example_dags/example_bash_operator.py
[2025-09-17T11:46:07.752+0000] {logging_mixin.py:190} INFO - [2025-09-17T11:46:07.751+0000] {dag.py:3239} INFO - Sync 1 DAGs
[2025-09-17T11:46:07.790+0000] {logging_mixin.py:190} INFO - [2025-09-17T11:46:07.790+0000] {dag.py:4180} INFO - Setting next_dagrun for example_bash_operator to 2025-09-16 00:00:00+00:00, run_after=2025-09-17 00:00:00+00:00
[2025-09-17T11:46:07.816+0000] {processor.py:208} INFO - Processing /home/airflow/.local/lib/python3.12/site-packages/airflow/example_dags/example_bash_operator.py took 0.172 seconds
[2025-09-17T11:46:38.293+0000] {processor.py:186} INFO - Started process (PID=400) to work on /home/airflow/.local/lib/python3.12/site-packages/airflow/example_dags/example_bash_operator.py
[2025-09-17T11:46:38.294+0000] {processor.py:914} INFO - Processing file /home/airflow/.local/lib/python3.12/site-packages/airflow/example_dags/example_bash_operator.py for tasks to queue
[2025-09-17T11:46:38.299+0000] {logging_mixin.py:190} INFO - [2025-09-17T11:46:38.298+0000] {dagbag.py:588} INFO - Filling up the DagBag from /home/airflow/.local/lib/python3.12/site-packages/airflow/example_dags/example_bash_operator.py
[2025-09-17T11:46:38.316+0000] {processor.py:925} INFO - DAG(s) 'example_bash_operator' retrieved from /home/airflow/.local/lib/python3.12/site-packages/airflow/example_dags/example_bash_operator.py
[2025-09-17T11:46:38.351+0000] {logging_mixin.py:190} INFO - [2025-09-17T11:46:38.351+0000] {dag.py:3239} INFO - Sync 1 DAGs
[2025-09-17T11:46:38.382+0000] {logging_mixin.py:190} INFO - [2025-09-17T11:46:38.381+0000] {dag.py:4180} INFO - Setting next_dagrun for example_bash_operator to 2025-09-16 00:00:00+00:00, run_after=2025-09-17 00:00:00+00:00
[2025-09-17T11:46:38.407+0000] {processor.py:208} INFO - Processing /home/airflow/.local/lib/python3.12/site-packages/airflow/example_dags/example_bash_operator.py took 0.122 seconds
[2025-09-17T11:47:09.030+0000] {processor.py:186} INFO - Started process (PID=462) to work on /home/airflow/.local/lib/python3.12/site-packages/airflow/example_dags/example_bash_operator.py
[2025-09-17T11:47:09.032+0000] {processor.py:914} INFO - Processing file /home/airflow/.local/lib/python3.12/site-packages/airflow/example_dags/example_bash_operator.py for tasks to queue
[2025-09-17T11:47:09.036+0000] {logging_mixin.py:190} INFO - [2025-09-17T11:47:09.035+0000] {dagbag.py:588} INFO - Filling up the DagBag from /home/airflow/.local/lib/python3.12/site-packages/airflow/example_dags/example_bash_operator.py
[2025-09-17T11:47:09.052+0000] {processor.py:925} INFO - DAG(s) 'example_bash_operator' retrieved from /home/airflow/.local/lib/python3.12/site-packages/airflow/example_dags/example_bash_operator.py
[2025-09-17T11:47:09.086+0000] {logging_mixin.py:190} INFO - [2025-09-17T11:47:09.085+0000] {dag.py:3239} INFO - Sync 1 DAGs
[2025-09-17T11:47:09.114+0000] {logging_mixin.py:190} INFO - [2025-09-17T11:47:09.113+0000] {dag.py:4180} INFO - Setting next_dagrun for example_bash_operator to 2025-09-16 00:00:00+00:00, run_after=2025-09-17 00:00:00+00:00
[2025-09-17T11:47:09.140+0000] {processor.py:208} INFO - Processing /home/airflow/.local/lib/python3.12/site-packages/airflow/example_dags/example_bash_operator.py took 0.119 seconds
[2025-09-17T11:47:39.763+0000] {processor.py:186} INFO - Started process (PID=525) to work on /home/airflow/.local/lib/python3.12/site-packages/airflow/example_dags/example_bash_operator.py
[2025-09-17T11:47:39.765+0000] {processor.py:914} INFO - Processing file /home/airflow/.local/lib/python3.12/site-packages/airflow/example_dags/example_bash_operator.py for tasks to queue
[2025-09-17T11:47:39.771+0000] {logging_mixin.py:190} INFO - [2025-09-17T11:47:39.769+0000] {dagbag.py:588} INFO - Filling up the DagBag from /home/airflow/.local/lib/python3.12/site-packages/airflow/example_dags/example_bash_operator.py
[2025-09-17T11:47:39.793+0000] {processor.py:925} INFO - DAG(s) 'example_bash_operator' retrieved from /home/airflow/.local/lib/python3.12/site-packages/airflow/example_dags/example_bash_operator.py
[2025-09-17T11:47:39.828+0000] {logging_mixin.py:190} INFO - [2025-09-17T11:47:39.828+0000] {dag.py:3239} INFO - Sync 1 DAGs
[2025-09-17T11:47:39.865+0000] {logging_mixin.py:190} INFO - [2025-09-17T11:47:39.865+0000] {dag.py:4180} INFO - Setting next_dagrun for example_bash_operator to 2025-09-16 00:00:00+00:00, run_after=2025-09-17 00:00:00+00:00
[2025-09-17T11:47:39.889+0000] {processor.py:208} INFO - Processing /home/airflow/.local/lib/python3.12/site-packages/airflow/example_dags/example_bash_operator.py took 0.136 seconds
[2025-09-17T11:48:10.116+0000] {processor.py:186} INFO - Started process (PID=587) to work on /home/airflow/.local/lib/python3.12/site-packages/airflow/example_dags/example_bash_operator.py
[2025-09-17T11:48:10.117+0000] {processor.py:914} INFO - Processing file /home/airflow/.local/lib/python3.12/site-packages/airflow/example_dags/example_bash_operator.py for tasks to queue
[2025-09-17T11:48:10.120+0000] {logging_mixin.py:190} INFO - [2025-09-17T11:48:10.120+0000] {dagbag.py:588} INFO - Filling up the DagBag from /home/airflow/.local/lib/python3.12/site-packages/airflow/example_dags/example_bash_operator.py
[2025-09-17T11:48:10.137+0000] {processor.py:925} INFO - DAG(s) 'example_bash_operator' retrieved from /home/airflow/.local/lib/python3.12/site-packages/airflow/example_dags/example_bash_operator.py
[2025-09-17T11:48:10.176+0000] {logging_mixin.py:190} INFO - [2025-09-17T11:48:10.176+0000] {dag.py:3239} INFO - Sync 1 DAGs
[2025-09-17T11:48:10.205+0000] {logging_mixin.py:190} INFO - [2025-09-17T11:48:10.205+0000] {dag.py:4180} INFO - Setting next_dagrun for example_bash_operator to 2025-09-16 00:00:00+00:00, run_after=2025-09-17 00:00:00+00:00
[2025-09-17T11:48:10.232+0000] {processor.py:208} INFO - Processing /home/airflow/.local/lib/python3.12/site-packages/airflow/example_dags/example_bash_operator.py took 0.124 seconds
[2025-09-17T11:48:40.644+0000] {processor.py:186} INFO - Started process (PID=649) to work on /home/airflow/.local/lib/python3.12/site-packages/airflow/example_dags/example_bash_operator.py
[2025-09-17T11:48:40.646+0000] {processor.py:914} INFO - Processing file /home/airflow/.local/lib/python3.12/site-packages/airflow/example_dags/example_bash_operator.py for tasks to queue
[2025-09-17T11:48:40.649+0000] {logging_mixin.py:190} INFO - [2025-09-17T11:48:40.648+0000] {dagbag.py:588} INFO - Filling up the DagBag from /home/airflow/.local/lib/python3.12/site-packages/airflow/example_dags/example_bash_operator.py
[2025-09-17T11:48:40.664+0000] {processor.py:925} INFO - DAG(s) 'example_bash_operator' retrieved from /home/airflow/.local/lib/python3.12/site-packages/airflow/example_dags/example_bash_operator.py
[2025-09-17T11:48:40.695+0000] {logging_mixin.py:190} INFO - [2025-09-17T11:48:40.695+0000] {dag.py:3239} INFO - Sync 1 DAGs
[2025-09-17T11:48:40.720+0000] {logging_mixin.py:190} INFO - [2025-09-17T11:48:40.720+0000] {dag.py:4180} INFO - Setting next_dagrun for example_bash_operator to 2025-09-16 00:00:00+00:00, run_after=2025-09-17 00:00:00+00:00
[2025-09-17T11:48:40.746+0000] {processor.py:208} INFO - Processing /home/airflow/.local/lib/python3.12/site-packages/airflow/example_dags/example_bash_operator.py took 0.108 seconds
[2025-09-17T11:49:11.198+0000] {processor.py:186} INFO - Started process (PID=712) to work on /home/airflow/.local/lib/python3.12/site-packages/airflow/example_dags/example_bash_operator.py
[2025-09-17T11:49:11.199+0000] {processor.py:914} INFO - Processing file /home/airflow/.local/lib/python3.12/site-packages/airflow/example_dags/example_bash_operator.py for tasks to queue
[2025-09-17T11:49:11.203+0000] {logging_mixin.py:190} INFO - [2025-09-17T11:49:11.203+0000] {dagbag.py:588} INFO - Filling up the DagBag from /home/airflow/.local/lib/python3.12/site-packages/airflow/example_dags/example_bash_operator.py
[2025-09-17T11:49:11.229+0000] {processor.py:925} INFO - DAG(s) 'example_bash_operator' retrieved from /home/airflow/.local/lib/python3.12/site-packages/airflow/example_dags/example_bash_operator.py
[2025-09-17T11:49:11.278+0000] {logging_mixin.py:190} INFO - [2025-09-17T11:49:11.277+0000] {dag.py:3239} INFO - Sync 1 DAGs
[2025-09-17T11:49:11.316+0000] {logging_mixin.py:190} INFO - [2025-09-17T11:49:11.315+0000] {dag.py:4180} INFO - Setting next_dagrun for example_bash_operator to 2025-09-16 00:00:00+00:00, run_after=2025-09-17 00:00:00+00:00
[2025-09-17T11:49:11.349+0000] {processor.py:208} INFO - Processing /home/airflow/.local/lib/python3.12/site-packages/airflow/example_dags/example_bash_operator.py took 0.164 seconds
[2025-09-17T11:49:41.667+0000] {processor.py:186} INFO - Started process (PID=774) to work on /home/airflow/.local/lib/python3.12/site-packages/airflow/example_dags/example_bash_operator.py
[2025-09-17T11:49:41.668+0000] {processor.py:914} INFO - Processing file /home/airflow/.local/lib/python3.12/site-packages/airflow/example_dags/example_bash_operator.py for tasks to queue
[2025-09-17T11:49:41.672+0000] {logging_mixin.py:190} INFO - [2025-09-17T11:49:41.671+0000] {dagbag.py:588} INFO - Filling up the DagBag from /home/airflow/.local/lib/python3.12/site-packages/airflow/example_dags/example_bash_operator.py
[2025-09-17T11:49:41.691+0000] {processor.py:925} INFO - DAG(s) 'example_bash_operator' retrieved from /home/airflow/.local/lib/python3.12/site-packages/airflow/example_dags/example_bash_operator.py
[2025-09-17T11:49:41.731+0000] {logging_mixin.py:190} INFO - [2025-09-17T11:49:41.730+0000] {dag.py:3239} INFO - Sync 1 DAGs
[2025-09-17T11:49:41.763+0000] {logging_mixin.py:190} INFO - [2025-09-17T11:49:41.762+0000] {dag.py:4180} INFO - Setting next_dagrun for example_bash_operator to 2025-09-16 00:00:00+00:00, run_after=2025-09-17 00:00:00+00:00
[2025-09-17T11:49:41.793+0000] {processor.py:208} INFO - Processing /home/airflow/.local/lib/python3.12/site-packages/airflow/example_dags/example_bash_operator.py took 0.134 seconds
[2025-09-17T11:50:12.643+0000] {processor.py:186} INFO - Started process (PID=837) to work on /home/airflow/.local/lib/python3.12/site-packages/airflow/example_dags/example_bash_operator.py
[2025-09-17T11:50:12.645+0000] {processor.py:914} INFO - Processing file /home/airflow/.local/lib/python3.12/site-packages/airflow/example_dags/example_bash_operator.py for tasks to queue
[2025-09-17T11:50:12.650+0000] {logging_mixin.py:190} INFO - [2025-09-17T11:50:12.649+0000] {dagbag.py:588} INFO - Filling up the DagBag from /home/airflow/.local/lib/python3.12/site-packages/airflow/example_dags/example_bash_operator.py
[2025-09-17T11:50:12.670+0000] {processor.py:925} INFO - DAG(s) 'example_bash_operator' retrieved from /home/airflow/.local/lib/python3.12/site-packages/airflow/example_dags/example_bash_operator.py
[2025-09-17T11:50:12.707+0000] {logging_mixin.py:190} INFO - [2025-09-17T11:50:12.707+0000] {dag.py:3239} INFO - Sync 1 DAGs
[2025-09-17T11:50:12.740+0000] {logging_mixin.py:190} INFO - [2025-09-17T11:50:12.739+0000] {dag.py:4180} INFO - Setting next_dagrun for example_bash_operator to 2025-09-16 00:00:00+00:00, run_after=2025-09-17 00:00:00+00:00
[2025-09-17T11:50:12.767+0000] {processor.py:208} INFO - Processing /home/airflow/.local/lib/python3.12/site-packages/airflow/example_dags/example_bash_operator.py took 0.133 seconds
[2025-09-17T11:50:44.258+0000] {processor.py:186} INFO - Started process (PID=899) to work on /home/airflow/.local/lib/python3.12/site-packages/airflow/example_dags/example_bash_operator.py
[2025-09-17T11:50:44.260+0000] {processor.py:914} INFO - Processing file /home/airflow/.local/lib/python3.12/site-packages/airflow/example_dags/example_bash_operator.py for tasks to queue
[2025-09-17T11:50:44.265+0000] {logging_mixin.py:190} INFO - [2025-09-17T11:50:44.264+0000] {dagbag.py:588} INFO - Filling up the DagBag from /home/airflow/.local/lib/python3.12/site-packages/airflow/example_dags/example_bash_operator.py
[2025-09-17T11:50:44.288+0000] {processor.py:925} INFO - DAG(s) 'example_bash_operator' retrieved from /home/airflow/.local/lib/python3.12/site-packages/airflow/example_dags/example_bash_operator.py
[2025-09-17T11:50:44.327+0000] {logging_mixin.py:190} INFO - [2025-09-17T11:50:44.327+0000] {dag.py:3239} INFO - Sync 1 DAGs
[2025-09-17T11:50:44.357+0000] {logging_mixin.py:190} INFO - [2025-09-17T11:50:44.357+0000] {dag.py:4180} INFO - Setting next_dagrun for example_bash_operator to 2025-09-16 00:00:00+00:00, run_after=2025-09-17 00:00:00+00:00
[2025-09-17T11:50:44.389+0000] {processor.py:208} INFO - Processing /home/airflow/.local/lib/python3.12/site-packages/airflow/example_dags/example_bash_operator.py took 0.140 seconds
[2025-09-17T11:51:14.564+0000] {processor.py:186} INFO - Started process (PID=960) to work on /home/airflow/.local/lib/python3.12/site-packages/airflow/example_dags/example_bash_operator.py
[2025-09-17T11:51:14.565+0000] {processor.py:914} INFO - Processing file /home/airflow/.local/lib/python3.12/site-packages/airflow/example_dags/example_bash_operator.py for tasks to queue
[2025-09-17T11:51:14.570+0000] {logging_mixin.py:190} INFO - [2025-09-17T11:51:14.570+0000] {dagbag.py:588} INFO - Filling up the DagBag from /home/airflow/.local/lib/python3.12/site-packages/airflow/example_dags/example_bash_operator.py
[2025-09-17T11:51:14.591+0000] {processor.py:925} INFO - DAG(s) 'example_bash_operator' retrieved from /home/airflow/.local/lib/python3.12/site-packages/airflow/example_dags/example_bash_operator.py
[2025-09-17T11:51:14.627+0000] {logging_mixin.py:190} INFO - [2025-09-17T11:51:14.627+0000] {dag.py:3239} INFO - Sync 1 DAGs
[2025-09-17T11:51:14.659+0000] {logging_mixin.py:190} INFO - [2025-09-17T11:51:14.658+0000] {dag.py:4180} INFO - Setting next_dagrun for example_bash_operator to 2025-09-16 00:00:00+00:00, run_after=2025-09-17 00:00:00+00:00
[2025-09-17T11:51:14.682+0000] {processor.py:208} INFO - Processing /home/airflow/.local/lib/python3.12/site-packages/airflow/example_dags/example_bash_operator.py took 0.127 seconds
[2025-09-17T11:51:45.092+0000] {processor.py:186} INFO - Started process (PID=1022) to work on /home/airflow/.local/lib/python3.12/site-packages/airflow/example_dags/example_bash_operator.py
[2025-09-17T11:51:45.093+0000] {processor.py:914} INFO - Processing file /home/airflow/.local/lib/python3.12/site-packages/airflow/example_dags/example_bash_operator.py for tasks to queue
[2025-09-17T11:51:45.096+0000] {logging_mixin.py:190} INFO - [2025-09-17T11:51:45.095+0000] {dagbag.py:588} INFO - Filling up the DagBag from /home/airflow/.local/lib/python3.12/site-packages/airflow/example_dags/example_bash_operator.py
[2025-09-17T11:51:45.111+0000] {processor.py:925} INFO - DAG(s) 'example_bash_operator' retrieved from /home/airflow/.local/lib/python3.12/site-packages/airflow/example_dags/example_bash_operator.py
[2025-09-17T11:51:45.143+0000] {logging_mixin.py:190} INFO - [2025-09-17T11:51:45.143+0000] {dag.py:3239} INFO - Sync 1 DAGs
[2025-09-17T11:51:45.174+0000] {logging_mixin.py:190} INFO - [2025-09-17T11:51:45.173+0000] {dag.py:4180} INFO - Setting next_dagrun for example_bash_operator to 2025-09-16 00:00:00+00:00, run_after=2025-09-17 00:00:00+00:00
[2025-09-17T11:51:45.200+0000] {processor.py:208} INFO - Processing /home/airflow/.local/lib/python3.12/site-packages/airflow/example_dags/example_bash_operator.py took 0.116 seconds
[2025-09-17T11:52:15.263+0000] {processor.py:186} INFO - Started process (PID=1084) to work on /home/airflow/.local/lib/python3.12/site-packages/airflow/example_dags/example_bash_operator.py
[2025-09-17T11:52:15.265+0000] {processor.py:914} INFO - Processing file /home/airflow/.local/lib/python3.12/site-packages/airflow/example_dags/example_bash_operator.py for tasks to queue
[2025-09-17T11:52:15.268+0000] {logging_mixin.py:190} INFO - [2025-09-17T11:52:15.268+0000] {dagbag.py:588} INFO - Filling up the DagBag from /home/airflow/.local/lib/python3.12/site-packages/airflow/example_dags/example_bash_operator.py
[2025-09-17T11:52:15.285+0000] {processor.py:925} INFO - DAG(s) 'example_bash_operator' retrieved from /home/airflow/.local/lib/python3.12/site-packages/airflow/example_dags/example_bash_operator.py
[2025-09-17T11:52:15.319+0000] {logging_mixin.py:190} INFO - [2025-09-17T11:52:15.319+0000] {dag.py:3239} INFO - Sync 1 DAGs
[2025-09-17T11:52:15.351+0000] {logging_mixin.py:190} INFO - [2025-09-17T11:52:15.351+0000] {dag.py:4180} INFO - Setting next_dagrun for example_bash_operator to 2025-09-16 00:00:00+00:00, run_after=2025-09-17 00:00:00+00:00
[2025-09-17T11:52:15.374+0000] {processor.py:208} INFO - Processing /home/airflow/.local/lib/python3.12/site-packages/airflow/example_dags/example_bash_operator.py took 0.118 seconds
[2025-09-17T11:52:46.108+0000] {processor.py:186} INFO - Started process (PID=1146) to work on /home/airflow/.local/lib/python3.12/site-packages/airflow/example_dags/example_bash_operator.py
[2025-09-17T11:52:46.109+0000] {processor.py:914} INFO - Processing file /home/airflow/.local/lib/python3.12/site-packages/airflow/example_dags/example_bash_operator.py for tasks to queue
[2025-09-17T11:52:46.113+0000] {logging_mixin.py:190} INFO - [2025-09-17T11:52:46.112+0000] {dagbag.py:588} INFO - Filling up the DagBag from /home/airflow/.local/lib/python3.12/site-packages/airflow/example_dags/example_bash_operator.py
[2025-09-17T11:52:46.134+0000] {processor.py:925} INFO - DAG(s) 'example_bash_operator' retrieved from /home/airflow/.local/lib/python3.12/site-packages/airflow/example_dags/example_bash_operator.py
[2025-09-17T11:52:46.174+0000] {logging_mixin.py:190} INFO - [2025-09-17T11:52:46.173+0000] {dag.py:3239} INFO - Sync 1 DAGs
[2025-09-17T11:52:46.210+0000] {logging_mixin.py:190} INFO - [2025-09-17T11:52:46.210+0000] {dag.py:4180} INFO - Setting next_dagrun for example_bash_operator to 2025-09-16 00:00:00+00:00, run_after=2025-09-17 00:00:00+00:00
[2025-09-17T11:52:46.240+0000] {processor.py:208} INFO - Processing /home/airflow/.local/lib/python3.12/site-packages/airflow/example_dags/example_bash_operator.py took 0.141 seconds
[2025-09-17T11:53:16.767+0000] {processor.py:186} INFO - Started process (PID=1208) to work on /home/airflow/.local/lib/python3.12/site-packages/airflow/example_dags/example_bash_operator.py
[2025-09-17T11:53:16.769+0000] {processor.py:914} INFO - Processing file /home/airflow/.local/lib/python3.12/site-packages/airflow/example_dags/example_bash_operator.py for tasks to queue
[2025-09-17T11:53:16.774+0000] {logging_mixin.py:190} INFO - [2025-09-17T11:53:16.773+0000] {dagbag.py:588} INFO - Filling up the DagBag from /home/airflow/.local/lib/python3.12/site-packages/airflow/example_dags/example_bash_operator.py
[2025-09-17T11:53:16.803+0000] {processor.py:925} INFO - DAG(s) 'example_bash_operator' retrieved from /home/airflow/.local/lib/python3.12/site-packages/airflow/example_dags/example_bash_operator.py
[2025-09-17T11:53:16.865+0000] {logging_mixin.py:190} INFO - [2025-09-17T11:53:16.864+0000] {dag.py:3239} INFO - Sync 1 DAGs
[2025-09-17T11:53:16.902+0000] {logging_mixin.py:190} INFO - [2025-09-17T11:53:16.902+0000] {dag.py:4180} INFO - Setting next_dagrun for example_bash_operator to 2025-09-16 00:00:00+00:00, run_after=2025-09-17 00:00:00+00:00
[2025-09-17T11:53:16.926+0000] {processor.py:208} INFO - Processing /home/airflow/.local/lib/python3.12/site-packages/airflow/example_dags/example_bash_operator.py took 0.173 seconds
