[2025-09-17T11:43:27.028+0000] {processor.py:186} INFO - Started process (PID=170) to work on /home/airflow/.local/lib/python3.12/site-packages/airflow/example_dags/example_dynamic_task_mapping.py
[2025-09-17T11:43:27.030+0000] {processor.py:914} INFO - Processing file /home/airflow/.local/lib/python3.12/site-packages/airflow/example_dags/example_dynamic_task_mapping.py for tasks to queue
[2025-09-17T11:43:27.034+0000] {logging_mixin.py:190} INFO - [2025-09-17T11:43:27.033+0000] {dagbag.py:588} INFO - Filling up the DagBag from /home/airflow/.local/lib/python3.12/site-packages/airflow/example_dags/example_dynamic_task_mapping.py
[2025-09-17T11:43:27.050+0000] {processor.py:925} INFO - DAG(s) 'example_dynamic_task_mapping' retrieved from /home/airflow/.local/lib/python3.12/site-packages/airflow/example_dags/example_dynamic_task_mapping.py
[2025-09-17T11:43:27.318+0000] {logging_mixin.py:190} INFO - [2025-09-17T11:43:27.316+0000] {override.py:1900} INFO - Created Permission View: can delete on DAG:example_dynamic_task_mapping
[2025-09-17T11:43:27.342+0000] {logging_mixin.py:190} INFO - [2025-09-17T11:43:27.341+0000] {override.py:1900} INFO - Created Permission View: can edit on DAG:example_dynamic_task_mapping
[2025-09-17T11:43:27.363+0000] {logging_mixin.py:190} INFO - [2025-09-17T11:43:27.362+0000] {override.py:1900} INFO - Created Permission View: can read on DAG:example_dynamic_task_mapping
[2025-09-17T11:43:27.401+0000] {logging_mixin.py:190} INFO - [2025-09-17T11:43:27.399+0000] {override.py:1900} INFO - Created Permission View: can delete on DAG Run:example_dynamic_task_mapping
[2025-09-17T11:43:27.446+0000] {logging_mixin.py:190} INFO - [2025-09-17T11:43:27.445+0000] {override.py:1900} INFO - Created Permission View: menu access on DAG Run:example_dynamic_task_mapping
[2025-09-17T11:43:27.461+0000] {logging_mixin.py:190} INFO - [2025-09-17T11:43:27.461+0000] {override.py:1900} INFO - Created Permission View: can read on DAG Run:example_dynamic_task_mapping
[2025-09-17T11:43:27.474+0000] {logging_mixin.py:190} INFO - [2025-09-17T11:43:27.474+0000] {override.py:1900} INFO - Created Permission View: can create on DAG Run:example_dynamic_task_mapping
[2025-09-17T11:43:27.475+0000] {logging_mixin.py:190} INFO - [2025-09-17T11:43:27.475+0000] {dag.py:3239} INFO - Sync 1 DAGs
[2025-09-17T11:43:27.503+0000] {logging_mixin.py:190} INFO - [2025-09-17T11:43:27.503+0000] {dag.py:3262} INFO - Creating ORM DAG for example_dynamic_task_mapping
[2025-09-17T11:43:27.506+0000] {logging_mixin.py:190} INFO - [2025-09-17T11:43:27.505+0000] {dag.py:4180} INFO - Setting next_dagrun for example_dynamic_task_mapping to None, run_after=None
[2025-09-17T11:43:27.555+0000] {processor.py:208} INFO - Processing /home/airflow/.local/lib/python3.12/site-packages/airflow/example_dags/example_dynamic_task_mapping.py took 0.539 seconds
[2025-09-17T11:44:02.013+0000] {processor.py:186} INFO - Started process (PID=71) to work on /home/airflow/.local/lib/python3.12/site-packages/airflow/example_dags/example_dynamic_task_mapping.py
[2025-09-17T11:44:02.015+0000] {processor.py:914} INFO - Processing file /home/airflow/.local/lib/python3.12/site-packages/airflow/example_dags/example_dynamic_task_mapping.py for tasks to queue
[2025-09-17T11:44:02.021+0000] {logging_mixin.py:190} INFO - [2025-09-17T11:44:02.020+0000] {dagbag.py:588} INFO - Filling up the DagBag from /home/airflow/.local/lib/python3.12/site-packages/airflow/example_dags/example_dynamic_task_mapping.py
[2025-09-17T11:44:02.041+0000] {processor.py:925} INFO - DAG(s) 'example_dynamic_task_mapping' retrieved from /home/airflow/.local/lib/python3.12/site-packages/airflow/example_dags/example_dynamic_task_mapping.py
[2025-09-17T11:44:02.134+0000] {logging_mixin.py:190} INFO - [2025-09-17T11:44:02.133+0000] {dag.py:3239} INFO - Sync 1 DAGs
[2025-09-17T11:44:02.226+0000] {logging_mixin.py:190} INFO - [2025-09-17T11:44:02.226+0000] {dag.py:4180} INFO - Setting next_dagrun for example_dynamic_task_mapping to None, run_after=None
[2025-09-17T11:44:02.271+0000] {processor.py:208} INFO - Processing /home/airflow/.local/lib/python3.12/site-packages/airflow/example_dags/example_dynamic_task_mapping.py took 0.273 seconds
[2025-09-17T11:44:32.761+0000] {processor.py:186} INFO - Started process (PID=134) to work on /home/airflow/.local/lib/python3.12/site-packages/airflow/example_dags/example_dynamic_task_mapping.py
[2025-09-17T11:44:32.762+0000] {processor.py:914} INFO - Processing file /home/airflow/.local/lib/python3.12/site-packages/airflow/example_dags/example_dynamic_task_mapping.py for tasks to queue
[2025-09-17T11:44:32.766+0000] {logging_mixin.py:190} INFO - [2025-09-17T11:44:32.766+0000] {dagbag.py:588} INFO - Filling up the DagBag from /home/airflow/.local/lib/python3.12/site-packages/airflow/example_dags/example_dynamic_task_mapping.py
[2025-09-17T11:44:32.781+0000] {processor.py:925} INFO - DAG(s) 'example_dynamic_task_mapping' retrieved from /home/airflow/.local/lib/python3.12/site-packages/airflow/example_dags/example_dynamic_task_mapping.py
[2025-09-17T11:44:32.807+0000] {logging_mixin.py:190} INFO - [2025-09-17T11:44:32.806+0000] {dag.py:3239} INFO - Sync 1 DAGs
[2025-09-17T11:44:32.824+0000] {logging_mixin.py:190} INFO - [2025-09-17T11:44:32.824+0000] {dag.py:4180} INFO - Setting next_dagrun for example_dynamic_task_mapping to None, run_after=None
[2025-09-17T11:44:32.846+0000] {processor.py:208} INFO - Processing /home/airflow/.local/lib/python3.12/site-packages/airflow/example_dags/example_dynamic_task_mapping.py took 0.095 seconds
[2025-09-17T11:45:03.604+0000] {processor.py:186} INFO - Started process (PID=196) to work on /home/airflow/.local/lib/python3.12/site-packages/airflow/example_dags/example_dynamic_task_mapping.py
[2025-09-17T11:45:03.606+0000] {processor.py:914} INFO - Processing file /home/airflow/.local/lib/python3.12/site-packages/airflow/example_dags/example_dynamic_task_mapping.py for tasks to queue
[2025-09-17T11:45:03.609+0000] {logging_mixin.py:190} INFO - [2025-09-17T11:45:03.609+0000] {dagbag.py:588} INFO - Filling up the DagBag from /home/airflow/.local/lib/python3.12/site-packages/airflow/example_dags/example_dynamic_task_mapping.py
[2025-09-17T11:45:03.621+0000] {processor.py:925} INFO - DAG(s) 'example_dynamic_task_mapping' retrieved from /home/airflow/.local/lib/python3.12/site-packages/airflow/example_dags/example_dynamic_task_mapping.py
[2025-09-17T11:45:03.649+0000] {logging_mixin.py:190} INFO - [2025-09-17T11:45:03.649+0000] {dag.py:3239} INFO - Sync 1 DAGs
[2025-09-17T11:45:03.667+0000] {logging_mixin.py:190} INFO - [2025-09-17T11:45:03.666+0000] {dag.py:4180} INFO - Setting next_dagrun for example_dynamic_task_mapping to None, run_after=None
[2025-09-17T11:45:03.695+0000] {processor.py:208} INFO - Processing /home/airflow/.local/lib/python3.12/site-packages/airflow/example_dags/example_dynamic_task_mapping.py took 0.098 seconds
[2025-09-17T11:45:34.597+0000] {processor.py:186} INFO - Started process (PID=264) to work on /home/airflow/.local/lib/python3.12/site-packages/airflow/example_dags/example_dynamic_task_mapping.py
[2025-09-17T11:45:34.599+0000] {processor.py:914} INFO - Processing file /home/airflow/.local/lib/python3.12/site-packages/airflow/example_dags/example_dynamic_task_mapping.py for tasks to queue
[2025-09-17T11:45:34.603+0000] {logging_mixin.py:190} INFO - [2025-09-17T11:45:34.602+0000] {dagbag.py:588} INFO - Filling up the DagBag from /home/airflow/.local/lib/python3.12/site-packages/airflow/example_dags/example_dynamic_task_mapping.py
[2025-09-17T11:45:34.616+0000] {processor.py:925} INFO - DAG(s) 'example_dynamic_task_mapping' retrieved from /home/airflow/.local/lib/python3.12/site-packages/airflow/example_dags/example_dynamic_task_mapping.py
[2025-09-17T11:45:34.643+0000] {logging_mixin.py:190} INFO - [2025-09-17T11:45:34.642+0000] {dag.py:3239} INFO - Sync 1 DAGs
[2025-09-17T11:45:34.660+0000] {logging_mixin.py:190} INFO - [2025-09-17T11:45:34.659+0000] {dag.py:4180} INFO - Setting next_dagrun for example_dynamic_task_mapping to None, run_after=None
[2025-09-17T11:45:34.682+0000] {processor.py:208} INFO - Processing /home/airflow/.local/lib/python3.12/site-packages/airflow/example_dags/example_dynamic_task_mapping.py took 0.092 seconds
[2025-09-17T11:46:05.473+0000] {processor.py:186} INFO - Started process (PID=327) to work on /home/airflow/.local/lib/python3.12/site-packages/airflow/example_dags/example_dynamic_task_mapping.py
[2025-09-17T11:46:05.475+0000] {processor.py:914} INFO - Processing file /home/airflow/.local/lib/python3.12/site-packages/airflow/example_dags/example_dynamic_task_mapping.py for tasks to queue
[2025-09-17T11:46:05.479+0000] {logging_mixin.py:190} INFO - [2025-09-17T11:46:05.478+0000] {dagbag.py:588} INFO - Filling up the DagBag from /home/airflow/.local/lib/python3.12/site-packages/airflow/example_dags/example_dynamic_task_mapping.py
[2025-09-17T11:46:05.490+0000] {processor.py:925} INFO - DAG(s) 'example_dynamic_task_mapping' retrieved from /home/airflow/.local/lib/python3.12/site-packages/airflow/example_dags/example_dynamic_task_mapping.py
[2025-09-17T11:46:05.517+0000] {logging_mixin.py:190} INFO - [2025-09-17T11:46:05.516+0000] {dag.py:3239} INFO - Sync 1 DAGs
[2025-09-17T11:46:05.536+0000] {logging_mixin.py:190} INFO - [2025-09-17T11:46:05.535+0000] {dag.py:4180} INFO - Setting next_dagrun for example_dynamic_task_mapping to None, run_after=None
[2025-09-17T11:46:05.564+0000] {processor.py:208} INFO - Processing /home/airflow/.local/lib/python3.12/site-packages/airflow/example_dags/example_dynamic_task_mapping.py took 0.098 seconds
[2025-09-17T11:46:36.222+0000] {processor.py:186} INFO - Started process (PID=389) to work on /home/airflow/.local/lib/python3.12/site-packages/airflow/example_dags/example_dynamic_task_mapping.py
[2025-09-17T11:46:36.224+0000] {processor.py:914} INFO - Processing file /home/airflow/.local/lib/python3.12/site-packages/airflow/example_dags/example_dynamic_task_mapping.py for tasks to queue
[2025-09-17T11:46:36.228+0000] {logging_mixin.py:190} INFO - [2025-09-17T11:46:36.228+0000] {dagbag.py:588} INFO - Filling up the DagBag from /home/airflow/.local/lib/python3.12/site-packages/airflow/example_dags/example_dynamic_task_mapping.py
[2025-09-17T11:46:36.239+0000] {processor.py:925} INFO - DAG(s) 'example_dynamic_task_mapping' retrieved from /home/airflow/.local/lib/python3.12/site-packages/airflow/example_dags/example_dynamic_task_mapping.py
[2025-09-17T11:46:36.266+0000] {logging_mixin.py:190} INFO - [2025-09-17T11:46:36.266+0000] {dag.py:3239} INFO - Sync 1 DAGs
[2025-09-17T11:46:36.285+0000] {logging_mixin.py:190} INFO - [2025-09-17T11:46:36.285+0000] {dag.py:4180} INFO - Setting next_dagrun for example_dynamic_task_mapping to None, run_after=None
[2025-09-17T11:46:36.313+0000] {processor.py:208} INFO - Processing /home/airflow/.local/lib/python3.12/site-packages/airflow/example_dags/example_dynamic_task_mapping.py took 0.099 seconds
[2025-09-17T11:47:07.020+0000] {processor.py:186} INFO - Started process (PID=451) to work on /home/airflow/.local/lib/python3.12/site-packages/airflow/example_dags/example_dynamic_task_mapping.py
[2025-09-17T11:47:07.022+0000] {processor.py:914} INFO - Processing file /home/airflow/.local/lib/python3.12/site-packages/airflow/example_dags/example_dynamic_task_mapping.py for tasks to queue
[2025-09-17T11:47:07.025+0000] {logging_mixin.py:190} INFO - [2025-09-17T11:47:07.025+0000] {dagbag.py:588} INFO - Filling up the DagBag from /home/airflow/.local/lib/python3.12/site-packages/airflow/example_dags/example_dynamic_task_mapping.py
[2025-09-17T11:47:07.036+0000] {processor.py:925} INFO - DAG(s) 'example_dynamic_task_mapping' retrieved from /home/airflow/.local/lib/python3.12/site-packages/airflow/example_dags/example_dynamic_task_mapping.py
[2025-09-17T11:47:07.061+0000] {logging_mixin.py:190} INFO - [2025-09-17T11:47:07.061+0000] {dag.py:3239} INFO - Sync 1 DAGs
[2025-09-17T11:47:07.078+0000] {logging_mixin.py:190} INFO - [2025-09-17T11:47:07.078+0000] {dag.py:4180} INFO - Setting next_dagrun for example_dynamic_task_mapping to None, run_after=None
[2025-09-17T11:47:07.104+0000] {processor.py:208} INFO - Processing /home/airflow/.local/lib/python3.12/site-packages/airflow/example_dags/example_dynamic_task_mapping.py took 0.092 seconds
[2025-09-17T11:47:37.630+0000] {processor.py:186} INFO - Started process (PID=514) to work on /home/airflow/.local/lib/python3.12/site-packages/airflow/example_dags/example_dynamic_task_mapping.py
[2025-09-17T11:47:37.631+0000] {processor.py:914} INFO - Processing file /home/airflow/.local/lib/python3.12/site-packages/airflow/example_dags/example_dynamic_task_mapping.py for tasks to queue
[2025-09-17T11:47:37.635+0000] {logging_mixin.py:190} INFO - [2025-09-17T11:47:37.634+0000] {dagbag.py:588} INFO - Filling up the DagBag from /home/airflow/.local/lib/python3.12/site-packages/airflow/example_dags/example_dynamic_task_mapping.py
[2025-09-17T11:47:37.645+0000] {processor.py:925} INFO - DAG(s) 'example_dynamic_task_mapping' retrieved from /home/airflow/.local/lib/python3.12/site-packages/airflow/example_dags/example_dynamic_task_mapping.py
[2025-09-17T11:47:37.676+0000] {logging_mixin.py:190} INFO - [2025-09-17T11:47:37.676+0000] {dag.py:3239} INFO - Sync 1 DAGs
[2025-09-17T11:47:37.695+0000] {logging_mixin.py:190} INFO - [2025-09-17T11:47:37.694+0000] {dag.py:4180} INFO - Setting next_dagrun for example_dynamic_task_mapping to None, run_after=None
[2025-09-17T11:47:37.720+0000] {processor.py:208} INFO - Processing /home/airflow/.local/lib/python3.12/site-packages/airflow/example_dags/example_dynamic_task_mapping.py took 0.098 seconds
[2025-09-17T11:48:08.290+0000] {processor.py:186} INFO - Started process (PID=576) to work on /home/airflow/.local/lib/python3.12/site-packages/airflow/example_dags/example_dynamic_task_mapping.py
[2025-09-17T11:48:08.291+0000] {processor.py:914} INFO - Processing file /home/airflow/.local/lib/python3.12/site-packages/airflow/example_dags/example_dynamic_task_mapping.py for tasks to queue
[2025-09-17T11:48:08.295+0000] {logging_mixin.py:190} INFO - [2025-09-17T11:48:08.294+0000] {dagbag.py:588} INFO - Filling up the DagBag from /home/airflow/.local/lib/python3.12/site-packages/airflow/example_dags/example_dynamic_task_mapping.py
[2025-09-17T11:48:08.307+0000] {processor.py:925} INFO - DAG(s) 'example_dynamic_task_mapping' retrieved from /home/airflow/.local/lib/python3.12/site-packages/airflow/example_dags/example_dynamic_task_mapping.py
[2025-09-17T11:48:08.331+0000] {logging_mixin.py:190} INFO - [2025-09-17T11:48:08.331+0000] {dag.py:3239} INFO - Sync 1 DAGs
[2025-09-17T11:48:08.348+0000] {logging_mixin.py:190} INFO - [2025-09-17T11:48:08.348+0000] {dag.py:4180} INFO - Setting next_dagrun for example_dynamic_task_mapping to None, run_after=None
[2025-09-17T11:48:08.373+0000] {processor.py:208} INFO - Processing /home/airflow/.local/lib/python3.12/site-packages/airflow/example_dags/example_dynamic_task_mapping.py took 0.091 seconds
[2025-09-17T11:48:38.714+0000] {processor.py:186} INFO - Started process (PID=638) to work on /home/airflow/.local/lib/python3.12/site-packages/airflow/example_dags/example_dynamic_task_mapping.py
[2025-09-17T11:48:38.716+0000] {processor.py:914} INFO - Processing file /home/airflow/.local/lib/python3.12/site-packages/airflow/example_dags/example_dynamic_task_mapping.py for tasks to queue
[2025-09-17T11:48:38.719+0000] {logging_mixin.py:190} INFO - [2025-09-17T11:48:38.719+0000] {dagbag.py:588} INFO - Filling up the DagBag from /home/airflow/.local/lib/python3.12/site-packages/airflow/example_dags/example_dynamic_task_mapping.py
[2025-09-17T11:48:38.731+0000] {processor.py:925} INFO - DAG(s) 'example_dynamic_task_mapping' retrieved from /home/airflow/.local/lib/python3.12/site-packages/airflow/example_dags/example_dynamic_task_mapping.py
[2025-09-17T11:48:38.760+0000] {logging_mixin.py:190} INFO - [2025-09-17T11:48:38.760+0000] {dag.py:3239} INFO - Sync 1 DAGs
[2025-09-17T11:48:38.782+0000] {logging_mixin.py:190} INFO - [2025-09-17T11:48:38.781+0000] {dag.py:4180} INFO - Setting next_dagrun for example_dynamic_task_mapping to None, run_after=None
[2025-09-17T11:48:38.810+0000] {processor.py:208} INFO - Processing /home/airflow/.local/lib/python3.12/site-packages/airflow/example_dags/example_dynamic_task_mapping.py took 0.104 seconds
[2025-09-17T11:49:09.758+0000] {processor.py:186} INFO - Started process (PID=701) to work on /home/airflow/.local/lib/python3.12/site-packages/airflow/example_dags/example_dynamic_task_mapping.py
[2025-09-17T11:49:09.759+0000] {processor.py:914} INFO - Processing file /home/airflow/.local/lib/python3.12/site-packages/airflow/example_dags/example_dynamic_task_mapping.py for tasks to queue
[2025-09-17T11:49:09.763+0000] {logging_mixin.py:190} INFO - [2025-09-17T11:49:09.762+0000] {dagbag.py:588} INFO - Filling up the DagBag from /home/airflow/.local/lib/python3.12/site-packages/airflow/example_dags/example_dynamic_task_mapping.py
[2025-09-17T11:49:09.773+0000] {processor.py:925} INFO - DAG(s) 'example_dynamic_task_mapping' retrieved from /home/airflow/.local/lib/python3.12/site-packages/airflow/example_dags/example_dynamic_task_mapping.py
[2025-09-17T11:49:09.798+0000] {logging_mixin.py:190} INFO - [2025-09-17T11:49:09.798+0000] {dag.py:3239} INFO - Sync 1 DAGs
[2025-09-17T11:49:09.815+0000] {logging_mixin.py:190} INFO - [2025-09-17T11:49:09.815+0000] {dag.py:4180} INFO - Setting next_dagrun for example_dynamic_task_mapping to None, run_after=None
[2025-09-17T11:49:09.837+0000] {processor.py:208} INFO - Processing /home/airflow/.local/lib/python3.12/site-packages/airflow/example_dags/example_dynamic_task_mapping.py took 0.087 seconds
[2025-09-17T11:49:40.597+0000] {processor.py:186} INFO - Started process (PID=763) to work on /home/airflow/.local/lib/python3.12/site-packages/airflow/example_dags/example_dynamic_task_mapping.py
[2025-09-17T11:49:40.599+0000] {processor.py:914} INFO - Processing file /home/airflow/.local/lib/python3.12/site-packages/airflow/example_dags/example_dynamic_task_mapping.py for tasks to queue
[2025-09-17T11:49:40.603+0000] {logging_mixin.py:190} INFO - [2025-09-17T11:49:40.603+0000] {dagbag.py:588} INFO - Filling up the DagBag from /home/airflow/.local/lib/python3.12/site-packages/airflow/example_dags/example_dynamic_task_mapping.py
[2025-09-17T11:49:40.616+0000] {processor.py:925} INFO - DAG(s) 'example_dynamic_task_mapping' retrieved from /home/airflow/.local/lib/python3.12/site-packages/airflow/example_dags/example_dynamic_task_mapping.py
[2025-09-17T11:49:40.644+0000] {logging_mixin.py:190} INFO - [2025-09-17T11:49:40.644+0000] {dag.py:3239} INFO - Sync 1 DAGs
[2025-09-17T11:49:40.671+0000] {logging_mixin.py:190} INFO - [2025-09-17T11:49:40.671+0000] {dag.py:4180} INFO - Setting next_dagrun for example_dynamic_task_mapping to None, run_after=None
[2025-09-17T11:49:40.703+0000] {processor.py:208} INFO - Processing /home/airflow/.local/lib/python3.12/site-packages/airflow/example_dags/example_dynamic_task_mapping.py took 0.115 seconds
[2025-09-17T11:50:11.629+0000] {processor.py:186} INFO - Started process (PID=825) to work on /home/airflow/.local/lib/python3.12/site-packages/airflow/example_dags/example_dynamic_task_mapping.py
[2025-09-17T11:50:11.630+0000] {processor.py:914} INFO - Processing file /home/airflow/.local/lib/python3.12/site-packages/airflow/example_dags/example_dynamic_task_mapping.py for tasks to queue
[2025-09-17T11:50:11.633+0000] {logging_mixin.py:190} INFO - [2025-09-17T11:50:11.633+0000] {dagbag.py:588} INFO - Filling up the DagBag from /home/airflow/.local/lib/python3.12/site-packages/airflow/example_dags/example_dynamic_task_mapping.py
[2025-09-17T11:50:11.646+0000] {processor.py:925} INFO - DAG(s) 'example_dynamic_task_mapping' retrieved from /home/airflow/.local/lib/python3.12/site-packages/airflow/example_dags/example_dynamic_task_mapping.py
[2025-09-17T11:50:11.672+0000] {logging_mixin.py:190} INFO - [2025-09-17T11:50:11.672+0000] {dag.py:3239} INFO - Sync 1 DAGs
[2025-09-17T11:50:11.689+0000] {logging_mixin.py:190} INFO - [2025-09-17T11:50:11.689+0000] {dag.py:4180} INFO - Setting next_dagrun for example_dynamic_task_mapping to None, run_after=None
[2025-09-17T11:50:11.716+0000] {processor.py:208} INFO - Processing /home/airflow/.local/lib/python3.12/site-packages/airflow/example_dags/example_dynamic_task_mapping.py took 0.097 seconds
[2025-09-17T11:50:42.648+0000] {processor.py:186} INFO - Started process (PID=887) to work on /home/airflow/.local/lib/python3.12/site-packages/airflow/example_dags/example_dynamic_task_mapping.py
[2025-09-17T11:50:42.650+0000] {processor.py:914} INFO - Processing file /home/airflow/.local/lib/python3.12/site-packages/airflow/example_dags/example_dynamic_task_mapping.py for tasks to queue
[2025-09-17T11:50:42.654+0000] {logging_mixin.py:190} INFO - [2025-09-17T11:50:42.653+0000] {dagbag.py:588} INFO - Filling up the DagBag from /home/airflow/.local/lib/python3.12/site-packages/airflow/example_dags/example_dynamic_task_mapping.py
[2025-09-17T11:50:42.671+0000] {processor.py:925} INFO - DAG(s) 'example_dynamic_task_mapping' retrieved from /home/airflow/.local/lib/python3.12/site-packages/airflow/example_dags/example_dynamic_task_mapping.py
[2025-09-17T11:50:42.702+0000] {logging_mixin.py:190} INFO - [2025-09-17T11:50:42.701+0000] {dag.py:3239} INFO - Sync 1 DAGs
[2025-09-17T11:50:42.729+0000] {logging_mixin.py:190} INFO - [2025-09-17T11:50:42.729+0000] {dag.py:4180} INFO - Setting next_dagrun for example_dynamic_task_mapping to None, run_after=None
[2025-09-17T11:50:42.761+0000] {processor.py:208} INFO - Processing /home/airflow/.local/lib/python3.12/site-packages/airflow/example_dags/example_dynamic_task_mapping.py took 0.125 seconds
[2025-09-17T11:51:13.284+0000] {processor.py:186} INFO - Started process (PID=949) to work on /home/airflow/.local/lib/python3.12/site-packages/airflow/example_dags/example_dynamic_task_mapping.py
[2025-09-17T11:51:13.286+0000] {processor.py:914} INFO - Processing file /home/airflow/.local/lib/python3.12/site-packages/airflow/example_dags/example_dynamic_task_mapping.py for tasks to queue
[2025-09-17T11:51:13.289+0000] {logging_mixin.py:190} INFO - [2025-09-17T11:51:13.289+0000] {dagbag.py:588} INFO - Filling up the DagBag from /home/airflow/.local/lib/python3.12/site-packages/airflow/example_dags/example_dynamic_task_mapping.py
[2025-09-17T11:51:13.301+0000] {processor.py:925} INFO - DAG(s) 'example_dynamic_task_mapping' retrieved from /home/airflow/.local/lib/python3.12/site-packages/airflow/example_dags/example_dynamic_task_mapping.py
[2025-09-17T11:51:13.330+0000] {logging_mixin.py:190} INFO - [2025-09-17T11:51:13.329+0000] {dag.py:3239} INFO - Sync 1 DAGs
[2025-09-17T11:51:13.349+0000] {logging_mixin.py:190} INFO - [2025-09-17T11:51:13.348+0000] {dag.py:4180} INFO - Setting next_dagrun for example_dynamic_task_mapping to None, run_after=None
[2025-09-17T11:51:13.379+0000] {processor.py:208} INFO - Processing /home/airflow/.local/lib/python3.12/site-packages/airflow/example_dags/example_dynamic_task_mapping.py took 0.103 seconds
[2025-09-17T11:51:44.030+0000] {processor.py:186} INFO - Started process (PID=1011) to work on /home/airflow/.local/lib/python3.12/site-packages/airflow/example_dags/example_dynamic_task_mapping.py
[2025-09-17T11:51:44.032+0000] {processor.py:914} INFO - Processing file /home/airflow/.local/lib/python3.12/site-packages/airflow/example_dags/example_dynamic_task_mapping.py for tasks to queue
[2025-09-17T11:51:44.035+0000] {logging_mixin.py:190} INFO - [2025-09-17T11:51:44.035+0000] {dagbag.py:588} INFO - Filling up the DagBag from /home/airflow/.local/lib/python3.12/site-packages/airflow/example_dags/example_dynamic_task_mapping.py
[2025-09-17T11:51:44.047+0000] {processor.py:925} INFO - DAG(s) 'example_dynamic_task_mapping' retrieved from /home/airflow/.local/lib/python3.12/site-packages/airflow/example_dags/example_dynamic_task_mapping.py
[2025-09-17T11:51:44.079+0000] {logging_mixin.py:190} INFO - [2025-09-17T11:51:44.079+0000] {dag.py:3239} INFO - Sync 1 DAGs
[2025-09-17T11:51:44.099+0000] {logging_mixin.py:190} INFO - [2025-09-17T11:51:44.099+0000] {dag.py:4180} INFO - Setting next_dagrun for example_dynamic_task_mapping to None, run_after=None
[2025-09-17T11:51:44.128+0000] {processor.py:208} INFO - Processing /home/airflow/.local/lib/python3.12/site-packages/airflow/example_dags/example_dynamic_task_mapping.py took 0.107 seconds
[2025-09-17T11:52:14.401+0000] {processor.py:186} INFO - Started process (PID=1073) to work on /home/airflow/.local/lib/python3.12/site-packages/airflow/example_dags/example_dynamic_task_mapping.py
[2025-09-17T11:52:14.402+0000] {processor.py:914} INFO - Processing file /home/airflow/.local/lib/python3.12/site-packages/airflow/example_dags/example_dynamic_task_mapping.py for tasks to queue
[2025-09-17T11:52:14.406+0000] {logging_mixin.py:190} INFO - [2025-09-17T11:52:14.406+0000] {dagbag.py:588} INFO - Filling up the DagBag from /home/airflow/.local/lib/python3.12/site-packages/airflow/example_dags/example_dynamic_task_mapping.py
[2025-09-17T11:52:14.417+0000] {processor.py:925} INFO - DAG(s) 'example_dynamic_task_mapping' retrieved from /home/airflow/.local/lib/python3.12/site-packages/airflow/example_dags/example_dynamic_task_mapping.py
[2025-09-17T11:52:14.443+0000] {logging_mixin.py:190} INFO - [2025-09-17T11:52:14.443+0000] {dag.py:3239} INFO - Sync 1 DAGs
[2025-09-17T11:52:14.462+0000] {logging_mixin.py:190} INFO - [2025-09-17T11:52:14.462+0000] {dag.py:4180} INFO - Setting next_dagrun for example_dynamic_task_mapping to None, run_after=None
[2025-09-17T11:52:14.485+0000] {processor.py:208} INFO - Processing /home/airflow/.local/lib/python3.12/site-packages/airflow/example_dags/example_dynamic_task_mapping.py took 0.093 seconds
[2025-09-17T11:52:45.013+0000] {processor.py:186} INFO - Started process (PID=1135) to work on /home/airflow/.local/lib/python3.12/site-packages/airflow/example_dags/example_dynamic_task_mapping.py
[2025-09-17T11:52:45.015+0000] {processor.py:914} INFO - Processing file /home/airflow/.local/lib/python3.12/site-packages/airflow/example_dags/example_dynamic_task_mapping.py for tasks to queue
[2025-09-17T11:52:45.019+0000] {logging_mixin.py:190} INFO - [2025-09-17T11:52:45.018+0000] {dagbag.py:588} INFO - Filling up the DagBag from /home/airflow/.local/lib/python3.12/site-packages/airflow/example_dags/example_dynamic_task_mapping.py
[2025-09-17T11:52:45.029+0000] {processor.py:925} INFO - DAG(s) 'example_dynamic_task_mapping' retrieved from /home/airflow/.local/lib/python3.12/site-packages/airflow/example_dags/example_dynamic_task_mapping.py
[2025-09-17T11:52:45.057+0000] {logging_mixin.py:190} INFO - [2025-09-17T11:52:45.056+0000] {dag.py:3239} INFO - Sync 1 DAGs
[2025-09-17T11:52:45.077+0000] {logging_mixin.py:190} INFO - [2025-09-17T11:52:45.076+0000] {dag.py:4180} INFO - Setting next_dagrun for example_dynamic_task_mapping to None, run_after=None
[2025-09-17T11:52:45.110+0000] {processor.py:208} INFO - Processing /home/airflow/.local/lib/python3.12/site-packages/airflow/example_dags/example_dynamic_task_mapping.py took 0.104 seconds
[2025-09-17T11:53:15.667+0000] {processor.py:186} INFO - Started process (PID=1197) to work on /home/airflow/.local/lib/python3.12/site-packages/airflow/example_dags/example_dynamic_task_mapping.py
[2025-09-17T11:53:15.669+0000] {processor.py:914} INFO - Processing file /home/airflow/.local/lib/python3.12/site-packages/airflow/example_dags/example_dynamic_task_mapping.py for tasks to queue
[2025-09-17T11:53:15.672+0000] {logging_mixin.py:190} INFO - [2025-09-17T11:53:15.672+0000] {dagbag.py:588} INFO - Filling up the DagBag from /home/airflow/.local/lib/python3.12/site-packages/airflow/example_dags/example_dynamic_task_mapping.py
[2025-09-17T11:53:15.687+0000] {processor.py:925} INFO - DAG(s) 'example_dynamic_task_mapping' retrieved from /home/airflow/.local/lib/python3.12/site-packages/airflow/example_dags/example_dynamic_task_mapping.py
[2025-09-17T11:53:15.721+0000] {logging_mixin.py:190} INFO - [2025-09-17T11:53:15.721+0000] {dag.py:3239} INFO - Sync 1 DAGs
[2025-09-17T11:53:15.742+0000] {logging_mixin.py:190} INFO - [2025-09-17T11:53:15.741+0000] {dag.py:4180} INFO - Setting next_dagrun for example_dynamic_task_mapping to None, run_after=None
[2025-09-17T11:53:15.775+0000] {processor.py:208} INFO - Processing /home/airflow/.local/lib/python3.12/site-packages/airflow/example_dags/example_dynamic_task_mapping.py took 0.118 seconds
