[2025-09-17T11:43:28.565+0000] {processor.py:186} INFO - Started process (PID=175) to work on /home/airflow/.local/lib/python3.12/site-packages/airflow/example_dags/example_sensors.py
[2025-09-17T11:43:28.567+0000] {processor.py:914} INFO - Processing file /home/airflow/.local/lib/python3.12/site-packages/airflow/example_dags/example_sensors.py for tasks to queue
[2025-09-17T11:43:28.572+0000] {logging_mixin.py:190} INFO - [2025-09-17T11:43:28.571+0000] {dagbag.py:588} INFO - Filling up the DagBag from /home/airflow/.local/lib/python3.12/site-packages/airflow/example_dags/example_sensors.py
[2025-09-17T11:43:28.598+0000] {processor.py:925} INFO - DAG(s) 'example_sensors' retrieved from /home/airflow/.local/lib/python3.12/site-packages/airflow/example_dags/example_sensors.py
[2025-09-17T11:43:28.793+0000] {logging_mixin.py:190} INFO - [2025-09-17T11:43:28.792+0000] {override.py:1900} INFO - Created Permission View: can delete on DAG:example_sensors
[2025-09-17T11:43:28.816+0000] {logging_mixin.py:190} INFO - [2025-09-17T11:43:28.815+0000] {override.py:1900} INFO - Created Permission View: can edit on DAG:example_sensors
[2025-09-17T11:43:28.831+0000] {logging_mixin.py:190} INFO - [2025-09-17T11:43:28.830+0000] {override.py:1900} INFO - Created Permission View: can read on DAG:example_sensors
[2025-09-17T11:43:28.844+0000] {logging_mixin.py:190} INFO - [2025-09-17T11:43:28.844+0000] {override.py:1900} INFO - Created Permission View: can delete on DAG Run:example_sensors
[2025-09-17T11:43:28.860+0000] {logging_mixin.py:190} INFO - [2025-09-17T11:43:28.859+0000] {override.py:1900} INFO - Created Permission View: menu access on DAG Run:example_sensors
[2025-09-17T11:43:28.874+0000] {logging_mixin.py:190} INFO - [2025-09-17T11:43:28.874+0000] {override.py:1900} INFO - Created Permission View: can read on DAG Run:example_sensors
[2025-09-17T11:43:28.890+0000] {logging_mixin.py:190} INFO - [2025-09-17T11:43:28.889+0000] {override.py:1900} INFO - Created Permission View: can create on DAG Run:example_sensors
[2025-09-17T11:43:28.891+0000] {logging_mixin.py:190} INFO - [2025-09-17T11:43:28.891+0000] {dag.py:3239} INFO - Sync 1 DAGs
[2025-09-17T11:43:28.920+0000] {logging_mixin.py:190} INFO - [2025-09-17T11:43:28.919+0000] {dag.py:3262} INFO - Creating ORM DAG for example_sensors
[2025-09-17T11:43:28.921+0000] {logging_mixin.py:190} INFO - [2025-09-17T11:43:28.921+0000] {dag.py:4180} INFO - Setting next_dagrun for example_sensors to None, run_after=None
[2025-09-17T11:43:28.954+0000] {processor.py:208} INFO - Processing /home/airflow/.local/lib/python3.12/site-packages/airflow/example_dags/example_sensors.py took 0.401 seconds
[2025-09-17T11:44:02.807+0000] {processor.py:186} INFO - Started process (PID=76) to work on /home/airflow/.local/lib/python3.12/site-packages/airflow/example_dags/example_sensors.py
[2025-09-17T11:44:02.809+0000] {processor.py:914} INFO - Processing file /home/airflow/.local/lib/python3.12/site-packages/airflow/example_dags/example_sensors.py for tasks to queue
[2025-09-17T11:44:02.815+0000] {logging_mixin.py:190} INFO - [2025-09-17T11:44:02.814+0000] {dagbag.py:588} INFO - Filling up the DagBag from /home/airflow/.local/lib/python3.12/site-packages/airflow/example_dags/example_sensors.py
[2025-09-17T11:44:02.841+0000] {processor.py:925} INFO - DAG(s) 'example_sensors' retrieved from /home/airflow/.local/lib/python3.12/site-packages/airflow/example_dags/example_sensors.py
[2025-09-17T11:44:02.909+0000] {logging_mixin.py:190} INFO - [2025-09-17T11:44:02.908+0000] {dag.py:3239} INFO - Sync 1 DAGs
[2025-09-17T11:44:02.945+0000] {logging_mixin.py:190} INFO - [2025-09-17T11:44:02.944+0000] {dag.py:4180} INFO - Setting next_dagrun for example_sensors to None, run_after=None
[2025-09-17T11:44:02.987+0000] {processor.py:208} INFO - Processing /home/airflow/.local/lib/python3.12/site-packages/airflow/example_dags/example_sensors.py took 0.193 seconds
[2025-09-17T11:44:33.190+0000] {processor.py:186} INFO - Started process (PID=139) to work on /home/airflow/.local/lib/python3.12/site-packages/airflow/example_dags/example_sensors.py
[2025-09-17T11:44:33.192+0000] {processor.py:914} INFO - Processing file /home/airflow/.local/lib/python3.12/site-packages/airflow/example_dags/example_sensors.py for tasks to queue
[2025-09-17T11:44:33.195+0000] {logging_mixin.py:190} INFO - [2025-09-17T11:44:33.195+0000] {dagbag.py:588} INFO - Filling up the DagBag from /home/airflow/.local/lib/python3.12/site-packages/airflow/example_dags/example_sensors.py
[2025-09-17T11:44:33.209+0000] {processor.py:925} INFO - DAG(s) 'example_sensors' retrieved from /home/airflow/.local/lib/python3.12/site-packages/airflow/example_dags/example_sensors.py
[2025-09-17T11:44:33.244+0000] {logging_mixin.py:190} INFO - [2025-09-17T11:44:33.243+0000] {dag.py:3239} INFO - Sync 1 DAGs
[2025-09-17T11:44:33.261+0000] {logging_mixin.py:190} INFO - [2025-09-17T11:44:33.260+0000] {dag.py:4180} INFO - Setting next_dagrun for example_sensors to None, run_after=None
[2025-09-17T11:44:33.290+0000] {processor.py:208} INFO - Processing /home/airflow/.local/lib/python3.12/site-packages/airflow/example_dags/example_sensors.py took 0.107 seconds
[2025-09-17T11:45:04.061+0000] {processor.py:186} INFO - Started process (PID=207) to work on /home/airflow/.local/lib/python3.12/site-packages/airflow/example_dags/example_sensors.py
[2025-09-17T11:45:04.062+0000] {processor.py:914} INFO - Processing file /home/airflow/.local/lib/python3.12/site-packages/airflow/example_dags/example_sensors.py for tasks to queue
[2025-09-17T11:45:04.065+0000] {logging_mixin.py:190} INFO - [2025-09-17T11:45:04.065+0000] {dagbag.py:588} INFO - Filling up the DagBag from /home/airflow/.local/lib/python3.12/site-packages/airflow/example_dags/example_sensors.py
[2025-09-17T11:45:04.079+0000] {processor.py:925} INFO - DAG(s) 'example_sensors' retrieved from /home/airflow/.local/lib/python3.12/site-packages/airflow/example_dags/example_sensors.py
[2025-09-17T11:45:04.111+0000] {logging_mixin.py:190} INFO - [2025-09-17T11:45:04.110+0000] {dag.py:3239} INFO - Sync 1 DAGs
[2025-09-17T11:45:04.129+0000] {logging_mixin.py:190} INFO - [2025-09-17T11:45:04.129+0000] {dag.py:4180} INFO - Setting next_dagrun for example_sensors to None, run_after=None
[2025-09-17T11:45:04.153+0000] {processor.py:208} INFO - Processing /home/airflow/.local/lib/python3.12/site-packages/airflow/example_dags/example_sensors.py took 0.100 seconds
[2025-09-17T11:45:35.189+0000] {processor.py:186} INFO - Started process (PID=269) to work on /home/airflow/.local/lib/python3.12/site-packages/airflow/example_dags/example_sensors.py
[2025-09-17T11:45:35.190+0000] {processor.py:914} INFO - Processing file /home/airflow/.local/lib/python3.12/site-packages/airflow/example_dags/example_sensors.py for tasks to queue
[2025-09-17T11:45:35.194+0000] {logging_mixin.py:190} INFO - [2025-09-17T11:45:35.194+0000] {dagbag.py:588} INFO - Filling up the DagBag from /home/airflow/.local/lib/python3.12/site-packages/airflow/example_dags/example_sensors.py
[2025-09-17T11:45:35.209+0000] {processor.py:925} INFO - DAG(s) 'example_sensors' retrieved from /home/airflow/.local/lib/python3.12/site-packages/airflow/example_dags/example_sensors.py
[2025-09-17T11:45:35.241+0000] {logging_mixin.py:190} INFO - [2025-09-17T11:45:35.241+0000] {dag.py:3239} INFO - Sync 1 DAGs
[2025-09-17T11:45:35.260+0000] {logging_mixin.py:190} INFO - [2025-09-17T11:45:35.260+0000] {dag.py:4180} INFO - Setting next_dagrun for example_sensors to None, run_after=None
[2025-09-17T11:45:35.290+0000] {processor.py:208} INFO - Processing /home/airflow/.local/lib/python3.12/site-packages/airflow/example_dags/example_sensors.py took 0.113 seconds
[2025-09-17T11:46:05.923+0000] {processor.py:186} INFO - Started process (PID=332) to work on /home/airflow/.local/lib/python3.12/site-packages/airflow/example_dags/example_sensors.py
[2025-09-17T11:46:05.925+0000] {processor.py:914} INFO - Processing file /home/airflow/.local/lib/python3.12/site-packages/airflow/example_dags/example_sensors.py for tasks to queue
[2025-09-17T11:46:05.930+0000] {logging_mixin.py:190} INFO - [2025-09-17T11:46:05.929+0000] {dagbag.py:588} INFO - Filling up the DagBag from /home/airflow/.local/lib/python3.12/site-packages/airflow/example_dags/example_sensors.py
[2025-09-17T11:46:05.958+0000] {processor.py:925} INFO - DAG(s) 'example_sensors' retrieved from /home/airflow/.local/lib/python3.12/site-packages/airflow/example_dags/example_sensors.py
[2025-09-17T11:46:06.028+0000] {logging_mixin.py:190} INFO - [2025-09-17T11:46:06.027+0000] {dag.py:3239} INFO - Sync 1 DAGs
[2025-09-17T11:46:06.048+0000] {logging_mixin.py:190} INFO - [2025-09-17T11:46:06.047+0000] {dag.py:4180} INFO - Setting next_dagrun for example_sensors to None, run_after=None
[2025-09-17T11:46:06.073+0000] {processor.py:208} INFO - Processing /home/airflow/.local/lib/python3.12/site-packages/airflow/example_dags/example_sensors.py took 0.160 seconds
[2025-09-17T11:46:36.767+0000] {processor.py:186} INFO - Started process (PID=394) to work on /home/airflow/.local/lib/python3.12/site-packages/airflow/example_dags/example_sensors.py
[2025-09-17T11:46:36.768+0000] {processor.py:914} INFO - Processing file /home/airflow/.local/lib/python3.12/site-packages/airflow/example_dags/example_sensors.py for tasks to queue
[2025-09-17T11:46:36.773+0000] {logging_mixin.py:190} INFO - [2025-09-17T11:46:36.772+0000] {dagbag.py:588} INFO - Filling up the DagBag from /home/airflow/.local/lib/python3.12/site-packages/airflow/example_dags/example_sensors.py
[2025-09-17T11:46:36.790+0000] {processor.py:925} INFO - DAG(s) 'example_sensors' retrieved from /home/airflow/.local/lib/python3.12/site-packages/airflow/example_dags/example_sensors.py
[2025-09-17T11:46:36.825+0000] {logging_mixin.py:190} INFO - [2025-09-17T11:46:36.824+0000] {dag.py:3239} INFO - Sync 1 DAGs
[2025-09-17T11:46:36.842+0000] {logging_mixin.py:190} INFO - [2025-09-17T11:46:36.842+0000] {dag.py:4180} INFO - Setting next_dagrun for example_sensors to None, run_after=None
[2025-09-17T11:46:36.871+0000] {processor.py:208} INFO - Processing /home/airflow/.local/lib/python3.12/site-packages/airflow/example_dags/example_sensors.py took 0.112 seconds
[2025-09-17T11:47:07.532+0000] {processor.py:186} INFO - Started process (PID=456) to work on /home/airflow/.local/lib/python3.12/site-packages/airflow/example_dags/example_sensors.py
[2025-09-17T11:47:07.534+0000] {processor.py:914} INFO - Processing file /home/airflow/.local/lib/python3.12/site-packages/airflow/example_dags/example_sensors.py for tasks to queue
[2025-09-17T11:47:07.538+0000] {logging_mixin.py:190} INFO - [2025-09-17T11:47:07.537+0000] {dagbag.py:588} INFO - Filling up the DagBag from /home/airflow/.local/lib/python3.12/site-packages/airflow/example_dags/example_sensors.py
[2025-09-17T11:47:07.550+0000] {processor.py:925} INFO - DAG(s) 'example_sensors' retrieved from /home/airflow/.local/lib/python3.12/site-packages/airflow/example_dags/example_sensors.py
[2025-09-17T11:47:07.583+0000] {logging_mixin.py:190} INFO - [2025-09-17T11:47:07.583+0000] {dag.py:3239} INFO - Sync 1 DAGs
[2025-09-17T11:47:07.601+0000] {logging_mixin.py:190} INFO - [2025-09-17T11:47:07.601+0000] {dag.py:4180} INFO - Setting next_dagrun for example_sensors to None, run_after=None
[2025-09-17T11:47:07.626+0000] {processor.py:208} INFO - Processing /home/airflow/.local/lib/python3.12/site-packages/airflow/example_dags/example_sensors.py took 0.101 seconds
[2025-09-17T11:47:38.217+0000] {processor.py:186} INFO - Started process (PID=519) to work on /home/airflow/.local/lib/python3.12/site-packages/airflow/example_dags/example_sensors.py
[2025-09-17T11:47:38.218+0000] {processor.py:914} INFO - Processing file /home/airflow/.local/lib/python3.12/site-packages/airflow/example_dags/example_sensors.py for tasks to queue
[2025-09-17T11:47:38.222+0000] {logging_mixin.py:190} INFO - [2025-09-17T11:47:38.221+0000] {dagbag.py:588} INFO - Filling up the DagBag from /home/airflow/.local/lib/python3.12/site-packages/airflow/example_dags/example_sensors.py
[2025-09-17T11:47:38.238+0000] {processor.py:925} INFO - DAG(s) 'example_sensors' retrieved from /home/airflow/.local/lib/python3.12/site-packages/airflow/example_dags/example_sensors.py
[2025-09-17T11:47:38.281+0000] {logging_mixin.py:190} INFO - [2025-09-17T11:47:38.280+0000] {dag.py:3239} INFO - Sync 1 DAGs
[2025-09-17T11:47:38.302+0000] {logging_mixin.py:190} INFO - [2025-09-17T11:47:38.301+0000] {dag.py:4180} INFO - Setting next_dagrun for example_sensors to None, run_after=None
[2025-09-17T11:47:38.333+0000] {processor.py:208} INFO - Processing /home/airflow/.local/lib/python3.12/site-packages/airflow/example_dags/example_sensors.py took 0.124 seconds
[2025-09-17T11:48:08.726+0000] {processor.py:186} INFO - Started process (PID=581) to work on /home/airflow/.local/lib/python3.12/site-packages/airflow/example_dags/example_sensors.py
[2025-09-17T11:48:08.728+0000] {processor.py:914} INFO - Processing file /home/airflow/.local/lib/python3.12/site-packages/airflow/example_dags/example_sensors.py for tasks to queue
[2025-09-17T11:48:08.732+0000] {logging_mixin.py:190} INFO - [2025-09-17T11:48:08.732+0000] {dagbag.py:588} INFO - Filling up the DagBag from /home/airflow/.local/lib/python3.12/site-packages/airflow/example_dags/example_sensors.py
[2025-09-17T11:48:08.746+0000] {processor.py:925} INFO - DAG(s) 'example_sensors' retrieved from /home/airflow/.local/lib/python3.12/site-packages/airflow/example_dags/example_sensors.py
[2025-09-17T11:48:08.778+0000] {logging_mixin.py:190} INFO - [2025-09-17T11:48:08.778+0000] {dag.py:3239} INFO - Sync 1 DAGs
[2025-09-17T11:48:08.796+0000] {logging_mixin.py:190} INFO - [2025-09-17T11:48:08.796+0000] {dag.py:4180} INFO - Setting next_dagrun for example_sensors to None, run_after=None
[2025-09-17T11:48:08.821+0000] {processor.py:208} INFO - Processing /home/airflow/.local/lib/python3.12/site-packages/airflow/example_dags/example_sensors.py took 0.102 seconds
[2025-09-17T11:48:39.109+0000] {processor.py:186} INFO - Started process (PID=643) to work on /home/airflow/.local/lib/python3.12/site-packages/airflow/example_dags/example_sensors.py
[2025-09-17T11:48:39.111+0000] {processor.py:914} INFO - Processing file /home/airflow/.local/lib/python3.12/site-packages/airflow/example_dags/example_sensors.py for tasks to queue
[2025-09-17T11:48:39.114+0000] {logging_mixin.py:190} INFO - [2025-09-17T11:48:39.114+0000] {dagbag.py:588} INFO - Filling up the DagBag from /home/airflow/.local/lib/python3.12/site-packages/airflow/example_dags/example_sensors.py
[2025-09-17T11:48:39.128+0000] {processor.py:925} INFO - DAG(s) 'example_sensors' retrieved from /home/airflow/.local/lib/python3.12/site-packages/airflow/example_dags/example_sensors.py
[2025-09-17T11:48:39.162+0000] {logging_mixin.py:190} INFO - [2025-09-17T11:48:39.161+0000] {dag.py:3239} INFO - Sync 1 DAGs
[2025-09-17T11:48:39.179+0000] {logging_mixin.py:190} INFO - [2025-09-17T11:48:39.179+0000] {dag.py:4180} INFO - Setting next_dagrun for example_sensors to None, run_after=None
[2025-09-17T11:48:39.205+0000] {processor.py:208} INFO - Processing /home/airflow/.local/lib/python3.12/site-packages/airflow/example_dags/example_sensors.py took 0.103 seconds
[2025-09-17T11:49:10.189+0000] {processor.py:186} INFO - Started process (PID=706) to work on /home/airflow/.local/lib/python3.12/site-packages/airflow/example_dags/example_sensors.py
[2025-09-17T11:49:10.191+0000] {processor.py:914} INFO - Processing file /home/airflow/.local/lib/python3.12/site-packages/airflow/example_dags/example_sensors.py for tasks to queue
[2025-09-17T11:49:10.194+0000] {logging_mixin.py:190} INFO - [2025-09-17T11:49:10.193+0000] {dagbag.py:588} INFO - Filling up the DagBag from /home/airflow/.local/lib/python3.12/site-packages/airflow/example_dags/example_sensors.py
[2025-09-17T11:49:10.207+0000] {processor.py:925} INFO - DAG(s) 'example_sensors' retrieved from /home/airflow/.local/lib/python3.12/site-packages/airflow/example_dags/example_sensors.py
[2025-09-17T11:49:10.239+0000] {logging_mixin.py:190} INFO - [2025-09-17T11:49:10.239+0000] {dag.py:3239} INFO - Sync 1 DAGs
[2025-09-17T11:49:10.256+0000] {logging_mixin.py:190} INFO - [2025-09-17T11:49:10.255+0000] {dag.py:4180} INFO - Setting next_dagrun for example_sensors to None, run_after=None
[2025-09-17T11:49:10.286+0000] {processor.py:208} INFO - Processing /home/airflow/.local/lib/python3.12/site-packages/airflow/example_dags/example_sensors.py took 0.104 seconds
[2025-09-17T11:49:41.167+0000] {processor.py:186} INFO - Started process (PID=768) to work on /home/airflow/.local/lib/python3.12/site-packages/airflow/example_dags/example_sensors.py
[2025-09-17T11:49:41.168+0000] {processor.py:914} INFO - Processing file /home/airflow/.local/lib/python3.12/site-packages/airflow/example_dags/example_sensors.py for tasks to queue
[2025-09-17T11:49:41.171+0000] {logging_mixin.py:190} INFO - [2025-09-17T11:49:41.171+0000] {dagbag.py:588} INFO - Filling up the DagBag from /home/airflow/.local/lib/python3.12/site-packages/airflow/example_dags/example_sensors.py
[2025-09-17T11:49:41.191+0000] {processor.py:925} INFO - DAG(s) 'example_sensors' retrieved from /home/airflow/.local/lib/python3.12/site-packages/airflow/example_dags/example_sensors.py
[2025-09-17T11:49:41.223+0000] {logging_mixin.py:190} INFO - [2025-09-17T11:49:41.223+0000] {dag.py:3239} INFO - Sync 1 DAGs
[2025-09-17T11:49:41.246+0000] {logging_mixin.py:190} INFO - [2025-09-17T11:49:41.246+0000] {dag.py:4180} INFO - Setting next_dagrun for example_sensors to None, run_after=None
[2025-09-17T11:49:41.267+0000] {processor.py:208} INFO - Processing /home/airflow/.local/lib/python3.12/site-packages/airflow/example_dags/example_sensors.py took 0.110 seconds
[2025-09-17T11:50:12.060+0000] {processor.py:186} INFO - Started process (PID=830) to work on /home/airflow/.local/lib/python3.12/site-packages/airflow/example_dags/example_sensors.py
[2025-09-17T11:50:12.062+0000] {processor.py:914} INFO - Processing file /home/airflow/.local/lib/python3.12/site-packages/airflow/example_dags/example_sensors.py for tasks to queue
[2025-09-17T11:50:12.067+0000] {logging_mixin.py:190} INFO - [2025-09-17T11:50:12.066+0000] {dagbag.py:588} INFO - Filling up the DagBag from /home/airflow/.local/lib/python3.12/site-packages/airflow/example_dags/example_sensors.py
[2025-09-17T11:50:12.085+0000] {processor.py:925} INFO - DAG(s) 'example_sensors' retrieved from /home/airflow/.local/lib/python3.12/site-packages/airflow/example_dags/example_sensors.py
[2025-09-17T11:50:12.135+0000] {logging_mixin.py:190} INFO - [2025-09-17T11:50:12.135+0000] {dag.py:3239} INFO - Sync 1 DAGs
[2025-09-17T11:50:12.165+0000] {logging_mixin.py:190} INFO - [2025-09-17T11:50:12.164+0000] {dag.py:4180} INFO - Setting next_dagrun for example_sensors to None, run_after=None
[2025-09-17T11:50:12.197+0000] {processor.py:208} INFO - Processing /home/airflow/.local/lib/python3.12/site-packages/airflow/example_dags/example_sensors.py took 0.146 seconds
[2025-09-17T11:50:43.369+0000] {processor.py:186} INFO - Started process (PID=892) to work on /home/airflow/.local/lib/python3.12/site-packages/airflow/example_dags/example_sensors.py
[2025-09-17T11:50:43.370+0000] {processor.py:914} INFO - Processing file /home/airflow/.local/lib/python3.12/site-packages/airflow/example_dags/example_sensors.py for tasks to queue
[2025-09-17T11:50:43.374+0000] {logging_mixin.py:190} INFO - [2025-09-17T11:50:43.374+0000] {dagbag.py:588} INFO - Filling up the DagBag from /home/airflow/.local/lib/python3.12/site-packages/airflow/example_dags/example_sensors.py
[2025-09-17T11:50:43.390+0000] {processor.py:925} INFO - DAG(s) 'example_sensors' retrieved from /home/airflow/.local/lib/python3.12/site-packages/airflow/example_dags/example_sensors.py
[2025-09-17T11:50:43.431+0000] {logging_mixin.py:190} INFO - [2025-09-17T11:50:43.431+0000] {dag.py:3239} INFO - Sync 1 DAGs
[2025-09-17T11:50:43.450+0000] {logging_mixin.py:190} INFO - [2025-09-17T11:50:43.450+0000] {dag.py:4180} INFO - Setting next_dagrun for example_sensors to None, run_after=None
[2025-09-17T11:50:43.476+0000] {processor.py:208} INFO - Processing /home/airflow/.local/lib/python3.12/site-packages/airflow/example_dags/example_sensors.py took 0.116 seconds
[2025-09-17T11:51:13.591+0000] {processor.py:186} INFO - Started process (PID=953) to work on /home/airflow/.local/lib/python3.12/site-packages/airflow/example_dags/example_sensors.py
[2025-09-17T11:51:13.592+0000] {processor.py:914} INFO - Processing file /home/airflow/.local/lib/python3.12/site-packages/airflow/example_dags/example_sensors.py for tasks to queue
[2025-09-17T11:51:13.596+0000] {logging_mixin.py:190} INFO - [2025-09-17T11:51:13.595+0000] {dagbag.py:588} INFO - Filling up the DagBag from /home/airflow/.local/lib/python3.12/site-packages/airflow/example_dags/example_sensors.py
[2025-09-17T11:51:13.609+0000] {processor.py:925} INFO - DAG(s) 'example_sensors' retrieved from /home/airflow/.local/lib/python3.12/site-packages/airflow/example_dags/example_sensors.py
[2025-09-17T11:51:13.642+0000] {logging_mixin.py:190} INFO - [2025-09-17T11:51:13.641+0000] {dag.py:3239} INFO - Sync 1 DAGs
[2025-09-17T11:51:13.660+0000] {logging_mixin.py:190} INFO - [2025-09-17T11:51:13.660+0000] {dag.py:4180} INFO - Setting next_dagrun for example_sensors to None, run_after=None
[2025-09-17T11:51:13.689+0000] {processor.py:208} INFO - Processing /home/airflow/.local/lib/python3.12/site-packages/airflow/example_dags/example_sensors.py took 0.106 seconds
[2025-09-17T11:51:44.537+0000] {processor.py:186} INFO - Started process (PID=1016) to work on /home/airflow/.local/lib/python3.12/site-packages/airflow/example_dags/example_sensors.py
[2025-09-17T11:51:44.538+0000] {processor.py:914} INFO - Processing file /home/airflow/.local/lib/python3.12/site-packages/airflow/example_dags/example_sensors.py for tasks to queue
[2025-09-17T11:51:44.542+0000] {logging_mixin.py:190} INFO - [2025-09-17T11:51:44.542+0000] {dagbag.py:588} INFO - Filling up the DagBag from /home/airflow/.local/lib/python3.12/site-packages/airflow/example_dags/example_sensors.py
[2025-09-17T11:51:44.561+0000] {processor.py:925} INFO - DAG(s) 'example_sensors' retrieved from /home/airflow/.local/lib/python3.12/site-packages/airflow/example_dags/example_sensors.py
[2025-09-17T11:51:44.601+0000] {logging_mixin.py:190} INFO - [2025-09-17T11:51:44.600+0000] {dag.py:3239} INFO - Sync 1 DAGs
[2025-09-17T11:51:44.631+0000] {logging_mixin.py:190} INFO - [2025-09-17T11:51:44.631+0000] {dag.py:4180} INFO - Setting next_dagrun for example_sensors to None, run_after=None
[2025-09-17T11:51:44.661+0000] {processor.py:208} INFO - Processing /home/airflow/.local/lib/python3.12/site-packages/airflow/example_dags/example_sensors.py took 0.133 seconds
[2025-09-17T11:52:14.771+0000] {processor.py:186} INFO - Started process (PID=1078) to work on /home/airflow/.local/lib/python3.12/site-packages/airflow/example_dags/example_sensors.py
[2025-09-17T11:52:14.773+0000] {processor.py:914} INFO - Processing file /home/airflow/.local/lib/python3.12/site-packages/airflow/example_dags/example_sensors.py for tasks to queue
[2025-09-17T11:52:14.777+0000] {logging_mixin.py:190} INFO - [2025-09-17T11:52:14.776+0000] {dagbag.py:588} INFO - Filling up the DagBag from /home/airflow/.local/lib/python3.12/site-packages/airflow/example_dags/example_sensors.py
[2025-09-17T11:52:14.791+0000] {processor.py:925} INFO - DAG(s) 'example_sensors' retrieved from /home/airflow/.local/lib/python3.12/site-packages/airflow/example_dags/example_sensors.py
[2025-09-17T11:52:14.824+0000] {logging_mixin.py:190} INFO - [2025-09-17T11:52:14.824+0000] {dag.py:3239} INFO - Sync 1 DAGs
[2025-09-17T11:52:14.842+0000] {logging_mixin.py:190} INFO - [2025-09-17T11:52:14.841+0000] {dag.py:4180} INFO - Setting next_dagrun for example_sensors to None, run_after=None
[2025-09-17T11:52:14.877+0000] {processor.py:208} INFO - Processing /home/airflow/.local/lib/python3.12/site-packages/airflow/example_dags/example_sensors.py took 0.113 seconds
[2025-09-17T11:52:45.547+0000] {processor.py:186} INFO - Started process (PID=1140) to work on /home/airflow/.local/lib/python3.12/site-packages/airflow/example_dags/example_sensors.py
[2025-09-17T11:52:45.549+0000] {processor.py:914} INFO - Processing file /home/airflow/.local/lib/python3.12/site-packages/airflow/example_dags/example_sensors.py for tasks to queue
[2025-09-17T11:52:45.552+0000] {logging_mixin.py:190} INFO - [2025-09-17T11:52:45.552+0000] {dagbag.py:588} INFO - Filling up the DagBag from /home/airflow/.local/lib/python3.12/site-packages/airflow/example_dags/example_sensors.py
[2025-09-17T11:52:45.567+0000] {processor.py:925} INFO - DAG(s) 'example_sensors' retrieved from /home/airflow/.local/lib/python3.12/site-packages/airflow/example_dags/example_sensors.py
[2025-09-17T11:52:45.605+0000] {logging_mixin.py:190} INFO - [2025-09-17T11:52:45.604+0000] {dag.py:3239} INFO - Sync 1 DAGs
[2025-09-17T11:52:45.624+0000] {logging_mixin.py:190} INFO - [2025-09-17T11:52:45.624+0000] {dag.py:4180} INFO - Setting next_dagrun for example_sensors to None, run_after=None
[2025-09-17T11:52:45.652+0000] {processor.py:208} INFO - Processing /home/airflow/.local/lib/python3.12/site-packages/airflow/example_dags/example_sensors.py took 0.113 seconds
[2025-09-17T11:53:16.112+0000] {processor.py:186} INFO - Started process (PID=1202) to work on /home/airflow/.local/lib/python3.12/site-packages/airflow/example_dags/example_sensors.py
[2025-09-17T11:53:16.113+0000] {processor.py:914} INFO - Processing file /home/airflow/.local/lib/python3.12/site-packages/airflow/example_dags/example_sensors.py for tasks to queue
[2025-09-17T11:53:16.117+0000] {logging_mixin.py:190} INFO - [2025-09-17T11:53:16.116+0000] {dagbag.py:588} INFO - Filling up the DagBag from /home/airflow/.local/lib/python3.12/site-packages/airflow/example_dags/example_sensors.py
[2025-09-17T11:53:16.132+0000] {processor.py:925} INFO - DAG(s) 'example_sensors' retrieved from /home/airflow/.local/lib/python3.12/site-packages/airflow/example_dags/example_sensors.py
[2025-09-17T11:53:16.164+0000] {logging_mixin.py:190} INFO - [2025-09-17T11:53:16.164+0000] {dag.py:3239} INFO - Sync 1 DAGs
[2025-09-17T11:53:16.181+0000] {logging_mixin.py:190} INFO - [2025-09-17T11:53:16.181+0000] {dag.py:4180} INFO - Setting next_dagrun for example_sensors to None, run_after=None
[2025-09-17T11:53:16.204+0000] {processor.py:208} INFO - Processing /home/airflow/.local/lib/python3.12/site-packages/airflow/example_dags/example_sensors.py took 0.100 seconds
