[2025-09-17T11:43:23.783+0000] {processor.py:186} INFO - Started process (PID=161) to work on /home/airflow/.local/lib/python3.12/site-packages/airflow/example_dags/example_external_task_marker_dag.py
[2025-09-17T11:43:23.787+0000] {processor.py:914} INFO - Processing file /home/airflow/.local/lib/python3.12/site-packages/airflow/example_dags/example_external_task_marker_dag.py for tasks to queue
[2025-09-17T11:43:23.794+0000] {logging_mixin.py:190} INFO - [2025-09-17T11:43:23.793+0000] {dagbag.py:588} INFO - Filling up the DagBag from /home/airflow/.local/lib/python3.12/site-packages/airflow/example_dags/example_external_task_marker_dag.py
[2025-09-17T11:43:23.837+0000] {processor.py:925} INFO - DAG(s) 'example_external_task_marker_child', 'example_external_task_marker_parent' retrieved from /home/airflow/.local/lib/python3.12/site-packages/airflow/example_dags/example_external_task_marker_dag.py
[2025-09-17T11:43:24.123+0000] {logging_mixin.py:190} INFO - [2025-09-17T11:43:24.121+0000] {override.py:1900} INFO - Created Permission View: can delete on DAG:example_external_task_marker_child
[2025-09-17T11:43:24.156+0000] {logging_mixin.py:190} INFO - [2025-09-17T11:43:24.155+0000] {override.py:1900} INFO - Created Permission View: can edit on DAG:example_external_task_marker_child
[2025-09-17T11:43:24.173+0000] {logging_mixin.py:190} INFO - [2025-09-17T11:43:24.172+0000] {override.py:1900} INFO - Created Permission View: can read on DAG:example_external_task_marker_child
[2025-09-17T11:43:24.200+0000] {logging_mixin.py:190} INFO - [2025-09-17T11:43:24.199+0000] {override.py:1900} INFO - Created Permission View: can delete on DAG Run:example_external_task_marker_child
[2025-09-17T11:43:24.214+0000] {logging_mixin.py:190} INFO - [2025-09-17T11:43:24.214+0000] {override.py:1900} INFO - Created Permission View: menu access on DAG Run:example_external_task_marker_child
[2025-09-17T11:43:24.231+0000] {logging_mixin.py:190} INFO - [2025-09-17T11:43:24.231+0000] {override.py:1900} INFO - Created Permission View: can read on DAG Run:example_external_task_marker_child
[2025-09-17T11:43:24.251+0000] {logging_mixin.py:190} INFO - [2025-09-17T11:43:24.250+0000] {override.py:1900} INFO - Created Permission View: can create on DAG Run:example_external_task_marker_child
[2025-09-17T11:43:24.285+0000] {logging_mixin.py:190} INFO - [2025-09-17T11:43:24.285+0000] {override.py:1900} INFO - Created Permission View: can delete on DAG:example_external_task_marker_parent
[2025-09-17T11:43:24.300+0000] {logging_mixin.py:190} INFO - [2025-09-17T11:43:24.299+0000] {override.py:1900} INFO - Created Permission View: can edit on DAG:example_external_task_marker_parent
[2025-09-17T11:43:24.315+0000] {logging_mixin.py:190} INFO - [2025-09-17T11:43:24.314+0000] {override.py:1900} INFO - Created Permission View: can read on DAG:example_external_task_marker_parent
[2025-09-17T11:43:24.344+0000] {logging_mixin.py:190} INFO - [2025-09-17T11:43:24.343+0000] {override.py:1900} INFO - Created Permission View: can delete on DAG Run:example_external_task_marker_parent
[2025-09-17T11:43:24.363+0000] {logging_mixin.py:190} INFO - [2025-09-17T11:43:24.361+0000] {override.py:1900} INFO - Created Permission View: menu access on DAG Run:example_external_task_marker_parent
[2025-09-17T11:43:24.381+0000] {logging_mixin.py:190} INFO - [2025-09-17T11:43:24.381+0000] {override.py:1900} INFO - Created Permission View: can read on DAG Run:example_external_task_marker_parent
[2025-09-17T11:43:24.402+0000] {logging_mixin.py:190} INFO - [2025-09-17T11:43:24.402+0000] {override.py:1900} INFO - Created Permission View: can create on DAG Run:example_external_task_marker_parent
[2025-09-17T11:43:24.404+0000] {logging_mixin.py:190} INFO - [2025-09-17T11:43:24.404+0000] {dag.py:3239} INFO - Sync 2 DAGs
[2025-09-17T11:43:24.443+0000] {logging_mixin.py:190} INFO - [2025-09-17T11:43:24.442+0000] {dag.py:3262} INFO - Creating ORM DAG for example_external_task_marker_parent
[2025-09-17T11:43:24.445+0000] {logging_mixin.py:190} INFO - [2025-09-17T11:43:24.444+0000] {dag.py:3262} INFO - Creating ORM DAG for example_external_task_marker_child
[2025-09-17T11:43:24.447+0000] {logging_mixin.py:190} INFO - [2025-09-17T11:43:24.446+0000] {dag.py:4180} INFO - Setting next_dagrun for example_external_task_marker_child to None, run_after=None
[2025-09-17T11:43:24.448+0000] {logging_mixin.py:190} INFO - [2025-09-17T11:43:24.448+0000] {dag.py:4180} INFO - Setting next_dagrun for example_external_task_marker_parent to None, run_after=None
[2025-09-17T11:43:24.487+0000] {processor.py:208} INFO - Processing /home/airflow/.local/lib/python3.12/site-packages/airflow/example_dags/example_external_task_marker_dag.py took 0.724 seconds
[2025-09-17T11:44:00.655+0000] {processor.py:186} INFO - Started process (PID=62) to work on /home/airflow/.local/lib/python3.12/site-packages/airflow/example_dags/example_external_task_marker_dag.py
[2025-09-17T11:44:00.657+0000] {processor.py:914} INFO - Processing file /home/airflow/.local/lib/python3.12/site-packages/airflow/example_dags/example_external_task_marker_dag.py for tasks to queue
[2025-09-17T11:44:00.663+0000] {logging_mixin.py:190} INFO - [2025-09-17T11:44:00.663+0000] {dagbag.py:588} INFO - Filling up the DagBag from /home/airflow/.local/lib/python3.12/site-packages/airflow/example_dags/example_external_task_marker_dag.py
[2025-09-17T11:44:00.685+0000] {processor.py:925} INFO - DAG(s) 'example_external_task_marker_parent', 'example_external_task_marker_child' retrieved from /home/airflow/.local/lib/python3.12/site-packages/airflow/example_dags/example_external_task_marker_dag.py
[2025-09-17T11:44:00.747+0000] {logging_mixin.py:190} INFO - [2025-09-17T11:44:00.746+0000] {dag.py:3239} INFO - Sync 2 DAGs
[2025-09-17T11:44:00.790+0000] {logging_mixin.py:190} INFO - [2025-09-17T11:44:00.789+0000] {dag.py:4180} INFO - Setting next_dagrun for example_external_task_marker_child to None, run_after=None
[2025-09-17T11:44:00.796+0000] {logging_mixin.py:190} INFO - [2025-09-17T11:44:00.795+0000] {dag.py:4180} INFO - Setting next_dagrun for example_external_task_marker_parent to None, run_after=None
[2025-09-17T11:44:00.847+0000] {processor.py:208} INFO - Processing /home/airflow/.local/lib/python3.12/site-packages/airflow/example_dags/example_external_task_marker_dag.py took 0.205 seconds
[2025-09-17T11:44:31.805+0000] {processor.py:186} INFO - Started process (PID=125) to work on /home/airflow/.local/lib/python3.12/site-packages/airflow/example_dags/example_external_task_marker_dag.py
[2025-09-17T11:44:31.806+0000] {processor.py:914} INFO - Processing file /home/airflow/.local/lib/python3.12/site-packages/airflow/example_dags/example_external_task_marker_dag.py for tasks to queue
[2025-09-17T11:44:31.810+0000] {logging_mixin.py:190} INFO - [2025-09-17T11:44:31.809+0000] {dagbag.py:588} INFO - Filling up the DagBag from /home/airflow/.local/lib/python3.12/site-packages/airflow/example_dags/example_external_task_marker_dag.py
[2025-09-17T11:44:31.824+0000] {processor.py:925} INFO - DAG(s) 'example_external_task_marker_child', 'example_external_task_marker_parent' retrieved from /home/airflow/.local/lib/python3.12/site-packages/airflow/example_dags/example_external_task_marker_dag.py
[2025-09-17T11:44:31.865+0000] {logging_mixin.py:190} INFO - [2025-09-17T11:44:31.864+0000] {dag.py:3239} INFO - Sync 2 DAGs
[2025-09-17T11:44:31.883+0000] {logging_mixin.py:190} INFO - [2025-09-17T11:44:31.882+0000] {dag.py:4180} INFO - Setting next_dagrun for example_external_task_marker_child to None, run_after=None
[2025-09-17T11:44:31.888+0000] {logging_mixin.py:190} INFO - [2025-09-17T11:44:31.888+0000] {dag.py:4180} INFO - Setting next_dagrun for example_external_task_marker_parent to None, run_after=None
[2025-09-17T11:44:31.920+0000] {processor.py:208} INFO - Processing /home/airflow/.local/lib/python3.12/site-packages/airflow/example_dags/example_external_task_marker_dag.py took 0.124 seconds
[2025-09-17T11:45:02.735+0000] {processor.py:186} INFO - Started process (PID=187) to work on /home/airflow/.local/lib/python3.12/site-packages/airflow/example_dags/example_external_task_marker_dag.py
[2025-09-17T11:45:02.736+0000] {processor.py:914} INFO - Processing file /home/airflow/.local/lib/python3.12/site-packages/airflow/example_dags/example_external_task_marker_dag.py for tasks to queue
[2025-09-17T11:45:02.739+0000] {logging_mixin.py:190} INFO - [2025-09-17T11:45:02.739+0000] {dagbag.py:588} INFO - Filling up the DagBag from /home/airflow/.local/lib/python3.12/site-packages/airflow/example_dags/example_external_task_marker_dag.py
[2025-09-17T11:45:02.749+0000] {processor.py:925} INFO - DAG(s) 'example_external_task_marker_parent', 'example_external_task_marker_child' retrieved from /home/airflow/.local/lib/python3.12/site-packages/airflow/example_dags/example_external_task_marker_dag.py
[2025-09-17T11:45:02.779+0000] {logging_mixin.py:190} INFO - [2025-09-17T11:45:02.779+0000] {dag.py:3239} INFO - Sync 2 DAGs
[2025-09-17T11:45:02.798+0000] {logging_mixin.py:190} INFO - [2025-09-17T11:45:02.798+0000] {dag.py:4180} INFO - Setting next_dagrun for example_external_task_marker_child to None, run_after=None
[2025-09-17T11:45:02.803+0000] {logging_mixin.py:190} INFO - [2025-09-17T11:45:02.803+0000] {dag.py:4180} INFO - Setting next_dagrun for example_external_task_marker_parent to None, run_after=None
[2025-09-17T11:45:02.827+0000] {processor.py:208} INFO - Processing /home/airflow/.local/lib/python3.12/site-packages/airflow/example_dags/example_external_task_marker_dag.py took 0.102 seconds
[2025-09-17T11:45:33.668+0000] {processor.py:186} INFO - Started process (PID=249) to work on /home/airflow/.local/lib/python3.12/site-packages/airflow/example_dags/example_external_task_marker_dag.py
[2025-09-17T11:45:33.669+0000] {processor.py:914} INFO - Processing file /home/airflow/.local/lib/python3.12/site-packages/airflow/example_dags/example_external_task_marker_dag.py for tasks to queue
[2025-09-17T11:45:33.673+0000] {logging_mixin.py:190} INFO - [2025-09-17T11:45:33.672+0000] {dagbag.py:588} INFO - Filling up the DagBag from /home/airflow/.local/lib/python3.12/site-packages/airflow/example_dags/example_external_task_marker_dag.py
[2025-09-17T11:45:33.684+0000] {processor.py:925} INFO - DAG(s) 'example_external_task_marker_parent', 'example_external_task_marker_child' retrieved from /home/airflow/.local/lib/python3.12/site-packages/airflow/example_dags/example_external_task_marker_dag.py
[2025-09-17T11:45:33.714+0000] {logging_mixin.py:190} INFO - [2025-09-17T11:45:33.714+0000] {dag.py:3239} INFO - Sync 2 DAGs
[2025-09-17T11:45:33.733+0000] {logging_mixin.py:190} INFO - [2025-09-17T11:45:33.732+0000] {dag.py:4180} INFO - Setting next_dagrun for example_external_task_marker_child to None, run_after=None
[2025-09-17T11:45:33.738+0000] {logging_mixin.py:190} INFO - [2025-09-17T11:45:33.737+0000] {dag.py:4180} INFO - Setting next_dagrun for example_external_task_marker_parent to None, run_after=None
[2025-09-17T11:45:33.761+0000] {processor.py:208} INFO - Processing /home/airflow/.local/lib/python3.12/site-packages/airflow/example_dags/example_external_task_marker_dag.py took 0.101 seconds
[2025-09-17T11:46:04.592+0000] {processor.py:186} INFO - Started process (PID=318) to work on /home/airflow/.local/lib/python3.12/site-packages/airflow/example_dags/example_external_task_marker_dag.py
[2025-09-17T11:46:04.593+0000] {processor.py:914} INFO - Processing file /home/airflow/.local/lib/python3.12/site-packages/airflow/example_dags/example_external_task_marker_dag.py for tasks to queue
[2025-09-17T11:46:04.597+0000] {logging_mixin.py:190} INFO - [2025-09-17T11:46:04.596+0000] {dagbag.py:588} INFO - Filling up the DagBag from /home/airflow/.local/lib/python3.12/site-packages/airflow/example_dags/example_external_task_marker_dag.py
[2025-09-17T11:46:04.608+0000] {processor.py:925} INFO - DAG(s) 'example_external_task_marker_parent', 'example_external_task_marker_child' retrieved from /home/airflow/.local/lib/python3.12/site-packages/airflow/example_dags/example_external_task_marker_dag.py
[2025-09-17T11:46:04.640+0000] {logging_mixin.py:190} INFO - [2025-09-17T11:46:04.639+0000] {dag.py:3239} INFO - Sync 2 DAGs
[2025-09-17T11:46:04.662+0000] {logging_mixin.py:190} INFO - [2025-09-17T11:46:04.662+0000] {dag.py:4180} INFO - Setting next_dagrun for example_external_task_marker_child to None, run_after=None
[2025-09-17T11:46:04.668+0000] {logging_mixin.py:190} INFO - [2025-09-17T11:46:04.668+0000] {dag.py:4180} INFO - Setting next_dagrun for example_external_task_marker_parent to None, run_after=None
[2025-09-17T11:46:04.694+0000] {processor.py:208} INFO - Processing /home/airflow/.local/lib/python3.12/site-packages/airflow/example_dags/example_external_task_marker_dag.py took 0.109 seconds
[2025-09-17T11:46:35.122+0000] {processor.py:186} INFO - Started process (PID=380) to work on /home/airflow/.local/lib/python3.12/site-packages/airflow/example_dags/example_external_task_marker_dag.py
[2025-09-17T11:46:35.124+0000] {processor.py:914} INFO - Processing file /home/airflow/.local/lib/python3.12/site-packages/airflow/example_dags/example_external_task_marker_dag.py for tasks to queue
[2025-09-17T11:46:35.128+0000] {logging_mixin.py:190} INFO - [2025-09-17T11:46:35.127+0000] {dagbag.py:588} INFO - Filling up the DagBag from /home/airflow/.local/lib/python3.12/site-packages/airflow/example_dags/example_external_task_marker_dag.py
[2025-09-17T11:46:35.147+0000] {processor.py:925} INFO - DAG(s) 'example_external_task_marker_child', 'example_external_task_marker_parent' retrieved from /home/airflow/.local/lib/python3.12/site-packages/airflow/example_dags/example_external_task_marker_dag.py
[2025-09-17T11:46:35.184+0000] {logging_mixin.py:190} INFO - [2025-09-17T11:46:35.184+0000] {dag.py:3239} INFO - Sync 2 DAGs
[2025-09-17T11:46:35.205+0000] {logging_mixin.py:190} INFO - [2025-09-17T11:46:35.205+0000] {dag.py:4180} INFO - Setting next_dagrun for example_external_task_marker_child to None, run_after=None
[2025-09-17T11:46:35.212+0000] {logging_mixin.py:190} INFO - [2025-09-17T11:46:35.212+0000] {dag.py:4180} INFO - Setting next_dagrun for example_external_task_marker_parent to None, run_after=None
[2025-09-17T11:46:35.237+0000] {processor.py:208} INFO - Processing /home/airflow/.local/lib/python3.12/site-packages/airflow/example_dags/example_external_task_marker_dag.py took 0.122 seconds
[2025-09-17T11:47:06.151+0000] {processor.py:186} INFO - Started process (PID=442) to work on /home/airflow/.local/lib/python3.12/site-packages/airflow/example_dags/example_external_task_marker_dag.py
[2025-09-17T11:47:06.152+0000] {processor.py:914} INFO - Processing file /home/airflow/.local/lib/python3.12/site-packages/airflow/example_dags/example_external_task_marker_dag.py for tasks to queue
[2025-09-17T11:47:06.157+0000] {logging_mixin.py:190} INFO - [2025-09-17T11:47:06.156+0000] {dagbag.py:588} INFO - Filling up the DagBag from /home/airflow/.local/lib/python3.12/site-packages/airflow/example_dags/example_external_task_marker_dag.py
[2025-09-17T11:47:06.167+0000] {processor.py:925} INFO - DAG(s) 'example_external_task_marker_child', 'example_external_task_marker_parent' retrieved from /home/airflow/.local/lib/python3.12/site-packages/airflow/example_dags/example_external_task_marker_dag.py
[2025-09-17T11:47:06.198+0000] {logging_mixin.py:190} INFO - [2025-09-17T11:47:06.198+0000] {dag.py:3239} INFO - Sync 2 DAGs
[2025-09-17T11:47:06.216+0000] {logging_mixin.py:190} INFO - [2025-09-17T11:47:06.216+0000] {dag.py:4180} INFO - Setting next_dagrun for example_external_task_marker_child to None, run_after=None
[2025-09-17T11:47:06.221+0000] {logging_mixin.py:190} INFO - [2025-09-17T11:47:06.220+0000] {dag.py:4180} INFO - Setting next_dagrun for example_external_task_marker_parent to None, run_after=None
[2025-09-17T11:47:06.242+0000] {processor.py:208} INFO - Processing /home/airflow/.local/lib/python3.12/site-packages/airflow/example_dags/example_external_task_marker_dag.py took 0.102 seconds
[2025-09-17T11:47:36.616+0000] {processor.py:186} INFO - Started process (PID=505) to work on /home/airflow/.local/lib/python3.12/site-packages/airflow/example_dags/example_external_task_marker_dag.py
[2025-09-17T11:47:36.618+0000] {processor.py:914} INFO - Processing file /home/airflow/.local/lib/python3.12/site-packages/airflow/example_dags/example_external_task_marker_dag.py for tasks to queue
[2025-09-17T11:47:36.622+0000] {logging_mixin.py:190} INFO - [2025-09-17T11:47:36.621+0000] {dagbag.py:588} INFO - Filling up the DagBag from /home/airflow/.local/lib/python3.12/site-packages/airflow/example_dags/example_external_task_marker_dag.py
[2025-09-17T11:47:36.634+0000] {processor.py:925} INFO - DAG(s) 'example_external_task_marker_parent', 'example_external_task_marker_child' retrieved from /home/airflow/.local/lib/python3.12/site-packages/airflow/example_dags/example_external_task_marker_dag.py
[2025-09-17T11:47:36.671+0000] {logging_mixin.py:190} INFO - [2025-09-17T11:47:36.671+0000] {dag.py:3239} INFO - Sync 2 DAGs
[2025-09-17T11:47:36.700+0000] {logging_mixin.py:190} INFO - [2025-09-17T11:47:36.700+0000] {dag.py:4180} INFO - Setting next_dagrun for example_external_task_marker_child to None, run_after=None
[2025-09-17T11:47:36.710+0000] {logging_mixin.py:190} INFO - [2025-09-17T11:47:36.709+0000] {dag.py:4180} INFO - Setting next_dagrun for example_external_task_marker_parent to None, run_after=None
[2025-09-17T11:47:36.738+0000] {processor.py:208} INFO - Processing /home/airflow/.local/lib/python3.12/site-packages/airflow/example_dags/example_external_task_marker_dag.py took 0.129 seconds
[2025-09-17T11:48:07.403+0000] {processor.py:186} INFO - Started process (PID=567) to work on /home/airflow/.local/lib/python3.12/site-packages/airflow/example_dags/example_external_task_marker_dag.py
[2025-09-17T11:48:07.405+0000] {processor.py:914} INFO - Processing file /home/airflow/.local/lib/python3.12/site-packages/airflow/example_dags/example_external_task_marker_dag.py for tasks to queue
[2025-09-17T11:48:07.408+0000] {logging_mixin.py:190} INFO - [2025-09-17T11:48:07.407+0000] {dagbag.py:588} INFO - Filling up the DagBag from /home/airflow/.local/lib/python3.12/site-packages/airflow/example_dags/example_external_task_marker_dag.py
[2025-09-17T11:48:07.418+0000] {processor.py:925} INFO - DAG(s) 'example_external_task_marker_child', 'example_external_task_marker_parent' retrieved from /home/airflow/.local/lib/python3.12/site-packages/airflow/example_dags/example_external_task_marker_dag.py
[2025-09-17T11:48:07.450+0000] {logging_mixin.py:190} INFO - [2025-09-17T11:48:07.449+0000] {dag.py:3239} INFO - Sync 2 DAGs
[2025-09-17T11:48:07.468+0000] {logging_mixin.py:190} INFO - [2025-09-17T11:48:07.468+0000] {dag.py:4180} INFO - Setting next_dagrun for example_external_task_marker_child to None, run_after=None
[2025-09-17T11:48:07.473+0000] {logging_mixin.py:190} INFO - [2025-09-17T11:48:07.472+0000] {dag.py:4180} INFO - Setting next_dagrun for example_external_task_marker_parent to None, run_after=None
[2025-09-17T11:48:07.495+0000] {processor.py:208} INFO - Processing /home/airflow/.local/lib/python3.12/site-packages/airflow/example_dags/example_external_task_marker_dag.py took 0.100 seconds
[2025-09-17T11:48:37.829+0000] {processor.py:186} INFO - Started process (PID=629) to work on /home/airflow/.local/lib/python3.12/site-packages/airflow/example_dags/example_external_task_marker_dag.py
[2025-09-17T11:48:37.831+0000] {processor.py:914} INFO - Processing file /home/airflow/.local/lib/python3.12/site-packages/airflow/example_dags/example_external_task_marker_dag.py for tasks to queue
[2025-09-17T11:48:37.835+0000] {logging_mixin.py:190} INFO - [2025-09-17T11:48:37.834+0000] {dagbag.py:588} INFO - Filling up the DagBag from /home/airflow/.local/lib/python3.12/site-packages/airflow/example_dags/example_external_task_marker_dag.py
[2025-09-17T11:48:37.848+0000] {processor.py:925} INFO - DAG(s) 'example_external_task_marker_parent', 'example_external_task_marker_child' retrieved from /home/airflow/.local/lib/python3.12/site-packages/airflow/example_dags/example_external_task_marker_dag.py
[2025-09-17T11:48:37.883+0000] {logging_mixin.py:190} INFO - [2025-09-17T11:48:37.883+0000] {dag.py:3239} INFO - Sync 2 DAGs
[2025-09-17T11:48:37.903+0000] {logging_mixin.py:190} INFO - [2025-09-17T11:48:37.903+0000] {dag.py:4180} INFO - Setting next_dagrun for example_external_task_marker_child to None, run_after=None
[2025-09-17T11:48:37.909+0000] {logging_mixin.py:190} INFO - [2025-09-17T11:48:37.909+0000] {dag.py:4180} INFO - Setting next_dagrun for example_external_task_marker_parent to None, run_after=None
[2025-09-17T11:48:37.935+0000] {processor.py:208} INFO - Processing /home/airflow/.local/lib/python3.12/site-packages/airflow/example_dags/example_external_task_marker_dag.py took 0.117 seconds
[2025-09-17T11:49:08.797+0000] {processor.py:186} INFO - Started process (PID=692) to work on /home/airflow/.local/lib/python3.12/site-packages/airflow/example_dags/example_external_task_marker_dag.py
[2025-09-17T11:49:08.798+0000] {processor.py:914} INFO - Processing file /home/airflow/.local/lib/python3.12/site-packages/airflow/example_dags/example_external_task_marker_dag.py for tasks to queue
[2025-09-17T11:49:08.802+0000] {logging_mixin.py:190} INFO - [2025-09-17T11:49:08.801+0000] {dagbag.py:588} INFO - Filling up the DagBag from /home/airflow/.local/lib/python3.12/site-packages/airflow/example_dags/example_external_task_marker_dag.py
[2025-09-17T11:49:08.814+0000] {processor.py:925} INFO - DAG(s) 'example_external_task_marker_child', 'example_external_task_marker_parent' retrieved from /home/airflow/.local/lib/python3.12/site-packages/airflow/example_dags/example_external_task_marker_dag.py
[2025-09-17T11:49:08.848+0000] {logging_mixin.py:190} INFO - [2025-09-17T11:49:08.848+0000] {dag.py:3239} INFO - Sync 2 DAGs
[2025-09-17T11:49:08.866+0000] {logging_mixin.py:190} INFO - [2025-09-17T11:49:08.866+0000] {dag.py:4180} INFO - Setting next_dagrun for example_external_task_marker_child to None, run_after=None
[2025-09-17T11:49:08.871+0000] {logging_mixin.py:190} INFO - [2025-09-17T11:49:08.871+0000] {dag.py:4180} INFO - Setting next_dagrun for example_external_task_marker_parent to None, run_after=None
[2025-09-17T11:49:08.896+0000] {processor.py:208} INFO - Processing /home/airflow/.local/lib/python3.12/site-packages/airflow/example_dags/example_external_task_marker_dag.py took 0.107 seconds
[2025-09-17T11:49:39.378+0000] {processor.py:186} INFO - Started process (PID=754) to work on /home/airflow/.local/lib/python3.12/site-packages/airflow/example_dags/example_external_task_marker_dag.py
[2025-09-17T11:49:39.380+0000] {processor.py:914} INFO - Processing file /home/airflow/.local/lib/python3.12/site-packages/airflow/example_dags/example_external_task_marker_dag.py for tasks to queue
[2025-09-17T11:49:39.386+0000] {logging_mixin.py:190} INFO - [2025-09-17T11:49:39.385+0000] {dagbag.py:588} INFO - Filling up the DagBag from /home/airflow/.local/lib/python3.12/site-packages/airflow/example_dags/example_external_task_marker_dag.py
[2025-09-17T11:49:39.404+0000] {processor.py:925} INFO - DAG(s) 'example_external_task_marker_child', 'example_external_task_marker_parent' retrieved from /home/airflow/.local/lib/python3.12/site-packages/airflow/example_dags/example_external_task_marker_dag.py
[2025-09-17T11:49:39.442+0000] {logging_mixin.py:190} INFO - [2025-09-17T11:49:39.441+0000] {dag.py:3239} INFO - Sync 2 DAGs
[2025-09-17T11:49:39.471+0000] {logging_mixin.py:190} INFO - [2025-09-17T11:49:39.471+0000] {dag.py:4180} INFO - Setting next_dagrun for example_external_task_marker_child to None, run_after=None
[2025-09-17T11:49:39.477+0000] {logging_mixin.py:190} INFO - [2025-09-17T11:49:39.477+0000] {dag.py:4180} INFO - Setting next_dagrun for example_external_task_marker_parent to None, run_after=None
[2025-09-17T11:49:39.504+0000] {processor.py:208} INFO - Processing /home/airflow/.local/lib/python3.12/site-packages/airflow/example_dags/example_external_task_marker_dag.py took 0.139 seconds
[2025-09-17T11:50:09.679+0000] {processor.py:186} INFO - Started process (PID=816) to work on /home/airflow/.local/lib/python3.12/site-packages/airflow/example_dags/example_external_task_marker_dag.py
[2025-09-17T11:50:09.681+0000] {processor.py:914} INFO - Processing file /home/airflow/.local/lib/python3.12/site-packages/airflow/example_dags/example_external_task_marker_dag.py for tasks to queue
[2025-09-17T11:50:09.684+0000] {logging_mixin.py:190} INFO - [2025-09-17T11:50:09.684+0000] {dagbag.py:588} INFO - Filling up the DagBag from /home/airflow/.local/lib/python3.12/site-packages/airflow/example_dags/example_external_task_marker_dag.py
[2025-09-17T11:50:09.695+0000] {processor.py:925} INFO - DAG(s) 'example_external_task_marker_child', 'example_external_task_marker_parent' retrieved from /home/airflow/.local/lib/python3.12/site-packages/airflow/example_dags/example_external_task_marker_dag.py
[2025-09-17T11:50:09.726+0000] {logging_mixin.py:190} INFO - [2025-09-17T11:50:09.726+0000] {dag.py:3239} INFO - Sync 2 DAGs
[2025-09-17T11:50:09.746+0000] {logging_mixin.py:190} INFO - [2025-09-17T11:50:09.746+0000] {dag.py:4180} INFO - Setting next_dagrun for example_external_task_marker_child to None, run_after=None
[2025-09-17T11:50:09.751+0000] {logging_mixin.py:190} INFO - [2025-09-17T11:50:09.750+0000] {dag.py:4180} INFO - Setting next_dagrun for example_external_task_marker_parent to None, run_after=None
[2025-09-17T11:50:09.774+0000] {processor.py:208} INFO - Processing /home/airflow/.local/lib/python3.12/site-packages/airflow/example_dags/example_external_task_marker_dag.py took 0.102 seconds
[2025-09-17T11:50:40.577+0000] {processor.py:186} INFO - Started process (PID=878) to work on /home/airflow/.local/lib/python3.12/site-packages/airflow/example_dags/example_external_task_marker_dag.py
[2025-09-17T11:50:40.579+0000] {processor.py:914} INFO - Processing file /home/airflow/.local/lib/python3.12/site-packages/airflow/example_dags/example_external_task_marker_dag.py for tasks to queue
[2025-09-17T11:50:40.584+0000] {logging_mixin.py:190} INFO - [2025-09-17T11:50:40.584+0000] {dagbag.py:588} INFO - Filling up the DagBag from /home/airflow/.local/lib/python3.12/site-packages/airflow/example_dags/example_external_task_marker_dag.py
[2025-09-17T11:50:40.599+0000] {processor.py:925} INFO - DAG(s) 'example_external_task_marker_parent', 'example_external_task_marker_child' retrieved from /home/airflow/.local/lib/python3.12/site-packages/airflow/example_dags/example_external_task_marker_dag.py
[2025-09-17T11:50:40.638+0000] {logging_mixin.py:190} INFO - [2025-09-17T11:50:40.638+0000] {dag.py:3239} INFO - Sync 2 DAGs
[2025-09-17T11:50:40.662+0000] {logging_mixin.py:190} INFO - [2025-09-17T11:50:40.662+0000] {dag.py:4180} INFO - Setting next_dagrun for example_external_task_marker_child to None, run_after=None
[2025-09-17T11:50:40.669+0000] {logging_mixin.py:190} INFO - [2025-09-17T11:50:40.669+0000] {dag.py:4180} INFO - Setting next_dagrun for example_external_task_marker_parent to None, run_after=None
[2025-09-17T11:50:40.695+0000] {processor.py:208} INFO - Processing /home/airflow/.local/lib/python3.12/site-packages/airflow/example_dags/example_external_task_marker_dag.py took 0.126 seconds
[2025-09-17T11:51:11.500+0000] {processor.py:186} INFO - Started process (PID=940) to work on /home/airflow/.local/lib/python3.12/site-packages/airflow/example_dags/example_external_task_marker_dag.py
[2025-09-17T11:51:11.501+0000] {processor.py:914} INFO - Processing file /home/airflow/.local/lib/python3.12/site-packages/airflow/example_dags/example_external_task_marker_dag.py for tasks to queue
[2025-09-17T11:51:11.504+0000] {logging_mixin.py:190} INFO - [2025-09-17T11:51:11.504+0000] {dagbag.py:588} INFO - Filling up the DagBag from /home/airflow/.local/lib/python3.12/site-packages/airflow/example_dags/example_external_task_marker_dag.py
[2025-09-17T11:51:11.516+0000] {processor.py:925} INFO - DAG(s) 'example_external_task_marker_parent', 'example_external_task_marker_child' retrieved from /home/airflow/.local/lib/python3.12/site-packages/airflow/example_dags/example_external_task_marker_dag.py
[2025-09-17T11:51:11.555+0000] {logging_mixin.py:190} INFO - [2025-09-17T11:51:11.554+0000] {dag.py:3239} INFO - Sync 2 DAGs
[2025-09-17T11:51:11.573+0000] {logging_mixin.py:190} INFO - [2025-09-17T11:51:11.573+0000] {dag.py:4180} INFO - Setting next_dagrun for example_external_task_marker_child to None, run_after=None
[2025-09-17T11:51:11.579+0000] {logging_mixin.py:190} INFO - [2025-09-17T11:51:11.579+0000] {dag.py:4180} INFO - Setting next_dagrun for example_external_task_marker_parent to None, run_after=None
[2025-09-17T11:51:11.609+0000] {processor.py:208} INFO - Processing /home/airflow/.local/lib/python3.12/site-packages/airflow/example_dags/example_external_task_marker_dag.py took 0.116 seconds
[2025-09-17T11:51:42.180+0000] {processor.py:186} INFO - Started process (PID=1002) to work on /home/airflow/.local/lib/python3.12/site-packages/airflow/example_dags/example_external_task_marker_dag.py
[2025-09-17T11:51:42.182+0000] {processor.py:914} INFO - Processing file /home/airflow/.local/lib/python3.12/site-packages/airflow/example_dags/example_external_task_marker_dag.py for tasks to queue
[2025-09-17T11:51:42.185+0000] {logging_mixin.py:190} INFO - [2025-09-17T11:51:42.185+0000] {dagbag.py:588} INFO - Filling up the DagBag from /home/airflow/.local/lib/python3.12/site-packages/airflow/example_dags/example_external_task_marker_dag.py
[2025-09-17T11:51:42.196+0000] {processor.py:925} INFO - DAG(s) 'example_external_task_marker_child', 'example_external_task_marker_parent' retrieved from /home/airflow/.local/lib/python3.12/site-packages/airflow/example_dags/example_external_task_marker_dag.py
[2025-09-17T11:51:42.228+0000] {logging_mixin.py:190} INFO - [2025-09-17T11:51:42.228+0000] {dag.py:3239} INFO - Sync 2 DAGs
[2025-09-17T11:51:42.250+0000] {logging_mixin.py:190} INFO - [2025-09-17T11:51:42.250+0000] {dag.py:4180} INFO - Setting next_dagrun for example_external_task_marker_child to None, run_after=None
[2025-09-17T11:51:42.255+0000] {logging_mixin.py:190} INFO - [2025-09-17T11:51:42.255+0000] {dag.py:4180} INFO - Setting next_dagrun for example_external_task_marker_parent to None, run_after=None
[2025-09-17T11:51:42.280+0000] {processor.py:208} INFO - Processing /home/airflow/.local/lib/python3.12/site-packages/airflow/example_dags/example_external_task_marker_dag.py took 0.108 seconds
[2025-09-17T11:52:12.736+0000] {processor.py:186} INFO - Started process (PID=1064) to work on /home/airflow/.local/lib/python3.12/site-packages/airflow/example_dags/example_external_task_marker_dag.py
[2025-09-17T11:52:12.738+0000] {processor.py:914} INFO - Processing file /home/airflow/.local/lib/python3.12/site-packages/airflow/example_dags/example_external_task_marker_dag.py for tasks to queue
[2025-09-17T11:52:12.741+0000] {logging_mixin.py:190} INFO - [2025-09-17T11:52:12.741+0000] {dagbag.py:588} INFO - Filling up the DagBag from /home/airflow/.local/lib/python3.12/site-packages/airflow/example_dags/example_external_task_marker_dag.py
[2025-09-17T11:52:12.751+0000] {processor.py:925} INFO - DAG(s) 'example_external_task_marker_child', 'example_external_task_marker_parent' retrieved from /home/airflow/.local/lib/python3.12/site-packages/airflow/example_dags/example_external_task_marker_dag.py
[2025-09-17T11:52:12.782+0000] {logging_mixin.py:190} INFO - [2025-09-17T11:52:12.782+0000] {dag.py:3239} INFO - Sync 2 DAGs
[2025-09-17T11:52:12.799+0000] {logging_mixin.py:190} INFO - [2025-09-17T11:52:12.799+0000] {dag.py:4180} INFO - Setting next_dagrun for example_external_task_marker_child to None, run_after=None
[2025-09-17T11:52:12.804+0000] {logging_mixin.py:190} INFO - [2025-09-17T11:52:12.804+0000] {dag.py:4180} INFO - Setting next_dagrun for example_external_task_marker_parent to None, run_after=None
[2025-09-17T11:52:12.827+0000] {processor.py:208} INFO - Processing /home/airflow/.local/lib/python3.12/site-packages/airflow/example_dags/example_external_task_marker_dag.py took 0.099 seconds
[2025-09-17T11:52:43.242+0000] {processor.py:186} INFO - Started process (PID=1126) to work on /home/airflow/.local/lib/python3.12/site-packages/airflow/example_dags/example_external_task_marker_dag.py
[2025-09-17T11:52:43.244+0000] {processor.py:914} INFO - Processing file /home/airflow/.local/lib/python3.12/site-packages/airflow/example_dags/example_external_task_marker_dag.py for tasks to queue
[2025-09-17T11:52:43.247+0000] {logging_mixin.py:190} INFO - [2025-09-17T11:52:43.246+0000] {dagbag.py:588} INFO - Filling up the DagBag from /home/airflow/.local/lib/python3.12/site-packages/airflow/example_dags/example_external_task_marker_dag.py
[2025-09-17T11:52:43.259+0000] {processor.py:925} INFO - DAG(s) 'example_external_task_marker_parent', 'example_external_task_marker_child' retrieved from /home/airflow/.local/lib/python3.12/site-packages/airflow/example_dags/example_external_task_marker_dag.py
[2025-09-17T11:52:43.289+0000] {logging_mixin.py:190} INFO - [2025-09-17T11:52:43.289+0000] {dag.py:3239} INFO - Sync 2 DAGs
[2025-09-17T11:52:43.307+0000] {logging_mixin.py:190} INFO - [2025-09-17T11:52:43.307+0000] {dag.py:4180} INFO - Setting next_dagrun for example_external_task_marker_child to None, run_after=None
[2025-09-17T11:52:43.312+0000] {logging_mixin.py:190} INFO - [2025-09-17T11:52:43.312+0000] {dag.py:4180} INFO - Setting next_dagrun for example_external_task_marker_parent to None, run_after=None
[2025-09-17T11:52:43.334+0000] {processor.py:208} INFO - Processing /home/airflow/.local/lib/python3.12/site-packages/airflow/example_dags/example_external_task_marker_dag.py took 0.100 seconds
[2025-09-17T11:53:13.809+0000] {processor.py:186} INFO - Started process (PID=1188) to work on /home/airflow/.local/lib/python3.12/site-packages/airflow/example_dags/example_external_task_marker_dag.py
[2025-09-17T11:53:13.811+0000] {processor.py:914} INFO - Processing file /home/airflow/.local/lib/python3.12/site-packages/airflow/example_dags/example_external_task_marker_dag.py for tasks to queue
[2025-09-17T11:53:13.814+0000] {logging_mixin.py:190} INFO - [2025-09-17T11:53:13.814+0000] {dagbag.py:588} INFO - Filling up the DagBag from /home/airflow/.local/lib/python3.12/site-packages/airflow/example_dags/example_external_task_marker_dag.py
[2025-09-17T11:53:13.828+0000] {processor.py:925} INFO - DAG(s) 'example_external_task_marker_child', 'example_external_task_marker_parent' retrieved from /home/airflow/.local/lib/python3.12/site-packages/airflow/example_dags/example_external_task_marker_dag.py
[2025-09-17T11:53:13.870+0000] {logging_mixin.py:190} INFO - [2025-09-17T11:53:13.870+0000] {dag.py:3239} INFO - Sync 2 DAGs
[2025-09-17T11:53:13.896+0000] {logging_mixin.py:190} INFO - [2025-09-17T11:53:13.896+0000] {dag.py:4180} INFO - Setting next_dagrun for example_external_task_marker_child to None, run_after=None
[2025-09-17T11:53:13.902+0000] {logging_mixin.py:190} INFO - [2025-09-17T11:53:13.901+0000] {dag.py:4180} INFO - Setting next_dagrun for example_external_task_marker_parent to None, run_after=None
[2025-09-17T11:53:13.927+0000] {processor.py:208} INFO - Processing /home/airflow/.local/lib/python3.12/site-packages/airflow/example_dags/example_external_task_marker_dag.py took 0.126 seconds
