[2025-09-17T11:43:31.093+0000] {processor.py:186} INFO - Started process (PID=186) to work on /home/airflow/.local/lib/python3.12/site-packages/airflow/example_dags/example_branch_day_of_week_operator.py
[2025-09-17T11:43:31.094+0000] {processor.py:914} INFO - Processing file /home/airflow/.local/lib/python3.12/site-packages/airflow/example_dags/example_branch_day_of_week_operator.py for tasks to queue
[2025-09-17T11:43:31.098+0000] {logging_mixin.py:190} INFO - [2025-09-17T11:43:31.097+0000] {dagbag.py:588} INFO - Filling up the DagBag from /home/airflow/.local/lib/python3.12/site-packages/airflow/example_dags/example_branch_day_of_week_operator.py
[2025-09-17T11:43:31.115+0000] {processor.py:925} INFO - DAG(s) 'example_weekday_branch_operator' retrieved from /home/airflow/.local/lib/python3.12/site-packages/airflow/example_dags/example_branch_day_of_week_operator.py
[2025-09-17T11:43:31.273+0000] {logging_mixin.py:190} INFO - [2025-09-17T11:43:31.272+0000] {override.py:1900} INFO - Created Permission View: can delete on DAG:example_weekday_branch_operator
[2025-09-17T11:43:31.289+0000] {logging_mixin.py:190} INFO - [2025-09-17T11:43:31.288+0000] {override.py:1900} INFO - Created Permission View: can edit on DAG:example_weekday_branch_operator
[2025-09-17T11:43:31.299+0000] {logging_mixin.py:190} INFO - [2025-09-17T11:43:31.298+0000] {override.py:1900} INFO - Created Permission View: can read on DAG:example_weekday_branch_operator
[2025-09-17T11:43:31.311+0000] {logging_mixin.py:190} INFO - [2025-09-17T11:43:31.311+0000] {override.py:1900} INFO - Created Permission View: can delete on DAG Run:example_weekday_branch_operator
[2025-09-17T11:43:31.325+0000] {logging_mixin.py:190} INFO - [2025-09-17T11:43:31.324+0000] {override.py:1900} INFO - Created Permission View: menu access on DAG Run:example_weekday_branch_operator
[2025-09-17T11:43:31.335+0000] {logging_mixin.py:190} INFO - [2025-09-17T11:43:31.335+0000] {override.py:1900} INFO - Created Permission View: can read on DAG Run:example_weekday_branch_operator
[2025-09-17T11:43:31.347+0000] {logging_mixin.py:190} INFO - [2025-09-17T11:43:31.347+0000] {override.py:1900} INFO - Created Permission View: can create on DAG Run:example_weekday_branch_operator
[2025-09-17T11:43:31.348+0000] {logging_mixin.py:190} INFO - [2025-09-17T11:43:31.348+0000] {dag.py:3239} INFO - Sync 1 DAGs
[2025-09-17T11:43:31.369+0000] {logging_mixin.py:190} INFO - [2025-09-17T11:43:31.368+0000] {dag.py:3262} INFO - Creating ORM DAG for example_weekday_branch_operator
[2025-09-17T11:43:31.384+0000] {logging_mixin.py:190} INFO - [2025-09-17T11:43:31.383+0000] {dag.py:4180} INFO - Setting next_dagrun for example_weekday_branch_operator to 2025-09-16 00:00:00+00:00, run_after=2025-09-17 00:00:00+00:00
[2025-09-17T11:43:31.412+0000] {processor.py:208} INFO - Processing /home/airflow/.local/lib/python3.12/site-packages/airflow/example_dags/example_branch_day_of_week_operator.py took 0.328 seconds
[2025-09-17T11:44:04.586+0000] {processor.py:186} INFO - Started process (PID=94) to work on /home/airflow/.local/lib/python3.12/site-packages/airflow/example_dags/example_branch_day_of_week_operator.py
[2025-09-17T11:44:04.588+0000] {processor.py:914} INFO - Processing file /home/airflow/.local/lib/python3.12/site-packages/airflow/example_dags/example_branch_day_of_week_operator.py for tasks to queue
[2025-09-17T11:44:04.591+0000] {logging_mixin.py:190} INFO - [2025-09-17T11:44:04.591+0000] {dagbag.py:588} INFO - Filling up the DagBag from /home/airflow/.local/lib/python3.12/site-packages/airflow/example_dags/example_branch_day_of_week_operator.py
[2025-09-17T11:44:04.610+0000] {processor.py:925} INFO - DAG(s) 'example_weekday_branch_operator' retrieved from /home/airflow/.local/lib/python3.12/site-packages/airflow/example_dags/example_branch_day_of_week_operator.py
[2025-09-17T11:44:04.658+0000] {logging_mixin.py:190} INFO - [2025-09-17T11:44:04.658+0000] {dag.py:3239} INFO - Sync 1 DAGs
[2025-09-17T11:44:04.711+0000] {logging_mixin.py:190} INFO - [2025-09-17T11:44:04.710+0000] {dag.py:4180} INFO - Setting next_dagrun for example_weekday_branch_operator to 2025-09-16 00:00:00+00:00, run_after=2025-09-17 00:00:00+00:00
[2025-09-17T11:44:04.752+0000] {processor.py:208} INFO - Processing /home/airflow/.local/lib/python3.12/site-packages/airflow/example_dags/example_branch_day_of_week_operator.py took 0.174 seconds
[2025-09-17T11:44:35.389+0000] {processor.py:186} INFO - Started process (PID=156) to work on /home/airflow/.local/lib/python3.12/site-packages/airflow/example_dags/example_branch_day_of_week_operator.py
[2025-09-17T11:44:35.391+0000] {processor.py:914} INFO - Processing file /home/airflow/.local/lib/python3.12/site-packages/airflow/example_dags/example_branch_day_of_week_operator.py for tasks to queue
[2025-09-17T11:44:35.395+0000] {logging_mixin.py:190} INFO - [2025-09-17T11:44:35.394+0000] {dagbag.py:588} INFO - Filling up the DagBag from /home/airflow/.local/lib/python3.12/site-packages/airflow/example_dags/example_branch_day_of_week_operator.py
[2025-09-17T11:44:35.407+0000] {processor.py:925} INFO - DAG(s) 'example_weekday_branch_operator' retrieved from /home/airflow/.local/lib/python3.12/site-packages/airflow/example_dags/example_branch_day_of_week_operator.py
[2025-09-17T11:44:35.447+0000] {logging_mixin.py:190} INFO - [2025-09-17T11:44:35.447+0000] {dag.py:3239} INFO - Sync 1 DAGs
[2025-09-17T11:44:35.490+0000] {logging_mixin.py:190} INFO - [2025-09-17T11:44:35.490+0000] {dag.py:4180} INFO - Setting next_dagrun for example_weekday_branch_operator to 2025-09-16 00:00:00+00:00, run_after=2025-09-17 00:00:00+00:00
[2025-09-17T11:44:35.524+0000] {processor.py:208} INFO - Processing /home/airflow/.local/lib/python3.12/site-packages/airflow/example_dags/example_branch_day_of_week_operator.py took 0.143 seconds
[2025-09-17T11:45:06.249+0000] {processor.py:186} INFO - Started process (PID=218) to work on /home/airflow/.local/lib/python3.12/site-packages/airflow/example_dags/example_branch_day_of_week_operator.py
[2025-09-17T11:45:06.251+0000] {processor.py:914} INFO - Processing file /home/airflow/.local/lib/python3.12/site-packages/airflow/example_dags/example_branch_day_of_week_operator.py for tasks to queue
[2025-09-17T11:45:06.254+0000] {logging_mixin.py:190} INFO - [2025-09-17T11:45:06.254+0000] {dagbag.py:588} INFO - Filling up the DagBag from /home/airflow/.local/lib/python3.12/site-packages/airflow/example_dags/example_branch_day_of_week_operator.py
[2025-09-17T11:45:06.267+0000] {processor.py:925} INFO - DAG(s) 'example_weekday_branch_operator' retrieved from /home/airflow/.local/lib/python3.12/site-packages/airflow/example_dags/example_branch_day_of_week_operator.py
[2025-09-17T11:45:06.293+0000] {logging_mixin.py:190} INFO - [2025-09-17T11:45:06.293+0000] {dag.py:3239} INFO - Sync 1 DAGs
[2025-09-17T11:45:06.321+0000] {logging_mixin.py:190} INFO - [2025-09-17T11:45:06.321+0000] {dag.py:4180} INFO - Setting next_dagrun for example_weekday_branch_operator to 2025-09-16 00:00:00+00:00, run_after=2025-09-17 00:00:00+00:00
[2025-09-17T11:45:06.346+0000] {processor.py:208} INFO - Processing /home/airflow/.local/lib/python3.12/site-packages/airflow/example_dags/example_branch_day_of_week_operator.py took 0.104 seconds
[2025-09-17T11:45:37.200+0000] {processor.py:186} INFO - Started process (PID=280) to work on /home/airflow/.local/lib/python3.12/site-packages/airflow/example_dags/example_branch_day_of_week_operator.py
[2025-09-17T11:45:37.201+0000] {processor.py:914} INFO - Processing file /home/airflow/.local/lib/python3.12/site-packages/airflow/example_dags/example_branch_day_of_week_operator.py for tasks to queue
[2025-09-17T11:45:37.204+0000] {logging_mixin.py:190} INFO - [2025-09-17T11:45:37.204+0000] {dagbag.py:588} INFO - Filling up the DagBag from /home/airflow/.local/lib/python3.12/site-packages/airflow/example_dags/example_branch_day_of_week_operator.py
[2025-09-17T11:45:37.220+0000] {processor.py:925} INFO - DAG(s) 'example_weekday_branch_operator' retrieved from /home/airflow/.local/lib/python3.12/site-packages/airflow/example_dags/example_branch_day_of_week_operator.py
[2025-09-17T11:45:37.249+0000] {logging_mixin.py:190} INFO - [2025-09-17T11:45:37.249+0000] {dag.py:3239} INFO - Sync 1 DAGs
[2025-09-17T11:45:37.280+0000] {logging_mixin.py:190} INFO - [2025-09-17T11:45:37.280+0000] {dag.py:4180} INFO - Setting next_dagrun for example_weekday_branch_operator to 2025-09-16 00:00:00+00:00, run_after=2025-09-17 00:00:00+00:00
[2025-09-17T11:45:37.311+0000] {processor.py:208} INFO - Processing /home/airflow/.local/lib/python3.12/site-packages/airflow/example_dags/example_branch_day_of_week_operator.py took 0.120 seconds
[2025-09-17T11:46:08.215+0000] {processor.py:186} INFO - Started process (PID=343) to work on /home/airflow/.local/lib/python3.12/site-packages/airflow/example_dags/example_branch_day_of_week_operator.py
[2025-09-17T11:46:08.217+0000] {processor.py:914} INFO - Processing file /home/airflow/.local/lib/python3.12/site-packages/airflow/example_dags/example_branch_day_of_week_operator.py for tasks to queue
[2025-09-17T11:46:08.220+0000] {logging_mixin.py:190} INFO - [2025-09-17T11:46:08.219+0000] {dagbag.py:588} INFO - Filling up the DagBag from /home/airflow/.local/lib/python3.12/site-packages/airflow/example_dags/example_branch_day_of_week_operator.py
[2025-09-17T11:46:08.233+0000] {processor.py:925} INFO - DAG(s) 'example_weekday_branch_operator' retrieved from /home/airflow/.local/lib/python3.12/site-packages/airflow/example_dags/example_branch_day_of_week_operator.py
[2025-09-17T11:46:08.261+0000] {logging_mixin.py:190} INFO - [2025-09-17T11:46:08.260+0000] {dag.py:3239} INFO - Sync 1 DAGs
[2025-09-17T11:46:08.291+0000] {logging_mixin.py:190} INFO - [2025-09-17T11:46:08.291+0000] {dag.py:4180} INFO - Setting next_dagrun for example_weekday_branch_operator to 2025-09-16 00:00:00+00:00, run_after=2025-09-17 00:00:00+00:00
[2025-09-17T11:46:08.318+0000] {processor.py:208} INFO - Processing /home/airflow/.local/lib/python3.12/site-packages/airflow/example_dags/example_branch_day_of_week_operator.py took 0.110 seconds
[2025-09-17T11:46:38.823+0000] {processor.py:186} INFO - Started process (PID=405) to work on /home/airflow/.local/lib/python3.12/site-packages/airflow/example_dags/example_branch_day_of_week_operator.py
[2025-09-17T11:46:38.825+0000] {processor.py:914} INFO - Processing file /home/airflow/.local/lib/python3.12/site-packages/airflow/example_dags/example_branch_day_of_week_operator.py for tasks to queue
[2025-09-17T11:46:38.829+0000] {logging_mixin.py:190} INFO - [2025-09-17T11:46:38.829+0000] {dagbag.py:588} INFO - Filling up the DagBag from /home/airflow/.local/lib/python3.12/site-packages/airflow/example_dags/example_branch_day_of_week_operator.py
[2025-09-17T11:46:38.849+0000] {processor.py:925} INFO - DAG(s) 'example_weekday_branch_operator' retrieved from /home/airflow/.local/lib/python3.12/site-packages/airflow/example_dags/example_branch_day_of_week_operator.py
[2025-09-17T11:46:38.886+0000] {logging_mixin.py:190} INFO - [2025-09-17T11:46:38.886+0000] {dag.py:3239} INFO - Sync 1 DAGs
[2025-09-17T11:46:38.920+0000] {logging_mixin.py:190} INFO - [2025-09-17T11:46:38.919+0000] {dag.py:4180} INFO - Setting next_dagrun for example_weekday_branch_operator to 2025-09-16 00:00:00+00:00, run_after=2025-09-17 00:00:00+00:00
[2025-09-17T11:46:38.948+0000] {processor.py:208} INFO - Processing /home/airflow/.local/lib/python3.12/site-packages/airflow/example_dags/example_branch_day_of_week_operator.py took 0.133 seconds
[2025-09-17T11:47:09.738+0000] {processor.py:186} INFO - Started process (PID=467) to work on /home/airflow/.local/lib/python3.12/site-packages/airflow/example_dags/example_branch_day_of_week_operator.py
[2025-09-17T11:47:09.740+0000] {processor.py:914} INFO - Processing file /home/airflow/.local/lib/python3.12/site-packages/airflow/example_dags/example_branch_day_of_week_operator.py for tasks to queue
[2025-09-17T11:47:09.743+0000] {logging_mixin.py:190} INFO - [2025-09-17T11:47:09.743+0000] {dagbag.py:588} INFO - Filling up the DagBag from /home/airflow/.local/lib/python3.12/site-packages/airflow/example_dags/example_branch_day_of_week_operator.py
[2025-09-17T11:47:09.759+0000] {processor.py:925} INFO - DAG(s) 'example_weekday_branch_operator' retrieved from /home/airflow/.local/lib/python3.12/site-packages/airflow/example_dags/example_branch_day_of_week_operator.py
[2025-09-17T11:47:09.784+0000] {logging_mixin.py:190} INFO - [2025-09-17T11:47:09.783+0000] {dag.py:3239} INFO - Sync 1 DAGs
[2025-09-17T11:47:09.814+0000] {logging_mixin.py:190} INFO - [2025-09-17T11:47:09.813+0000] {dag.py:4180} INFO - Setting next_dagrun for example_weekday_branch_operator to 2025-09-16 00:00:00+00:00, run_after=2025-09-17 00:00:00+00:00
[2025-09-17T11:47:09.839+0000] {processor.py:208} INFO - Processing /home/airflow/.local/lib/python3.12/site-packages/airflow/example_dags/example_branch_day_of_week_operator.py took 0.109 seconds
[2025-09-17T11:47:40.396+0000] {processor.py:186} INFO - Started process (PID=530) to work on /home/airflow/.local/lib/python3.12/site-packages/airflow/example_dags/example_branch_day_of_week_operator.py
[2025-09-17T11:47:40.397+0000] {processor.py:914} INFO - Processing file /home/airflow/.local/lib/python3.12/site-packages/airflow/example_dags/example_branch_day_of_week_operator.py for tasks to queue
[2025-09-17T11:47:40.401+0000] {logging_mixin.py:190} INFO - [2025-09-17T11:47:40.401+0000] {dagbag.py:588} INFO - Filling up the DagBag from /home/airflow/.local/lib/python3.12/site-packages/airflow/example_dags/example_branch_day_of_week_operator.py
[2025-09-17T11:47:40.415+0000] {processor.py:925} INFO - DAG(s) 'example_weekday_branch_operator' retrieved from /home/airflow/.local/lib/python3.12/site-packages/airflow/example_dags/example_branch_day_of_week_operator.py
[2025-09-17T11:47:40.442+0000] {logging_mixin.py:190} INFO - [2025-09-17T11:47:40.441+0000] {dag.py:3239} INFO - Sync 1 DAGs
[2025-09-17T11:47:40.472+0000] {logging_mixin.py:190} INFO - [2025-09-17T11:47:40.472+0000] {dag.py:4180} INFO - Setting next_dagrun for example_weekday_branch_operator to 2025-09-16 00:00:00+00:00, run_after=2025-09-17 00:00:00+00:00
[2025-09-17T11:47:40.495+0000] {processor.py:208} INFO - Processing /home/airflow/.local/lib/python3.12/site-packages/airflow/example_dags/example_branch_day_of_week_operator.py took 0.109 seconds
[2025-09-17T11:48:10.625+0000] {processor.py:186} INFO - Started process (PID=592) to work on /home/airflow/.local/lib/python3.12/site-packages/airflow/example_dags/example_branch_day_of_week_operator.py
[2025-09-17T11:48:10.626+0000] {processor.py:914} INFO - Processing file /home/airflow/.local/lib/python3.12/site-packages/airflow/example_dags/example_branch_day_of_week_operator.py for tasks to queue
[2025-09-17T11:48:10.630+0000] {logging_mixin.py:190} INFO - [2025-09-17T11:48:10.629+0000] {dagbag.py:588} INFO - Filling up the DagBag from /home/airflow/.local/lib/python3.12/site-packages/airflow/example_dags/example_branch_day_of_week_operator.py
[2025-09-17T11:48:10.642+0000] {processor.py:925} INFO - DAG(s) 'example_weekday_branch_operator' retrieved from /home/airflow/.local/lib/python3.12/site-packages/airflow/example_dags/example_branch_day_of_week_operator.py
[2025-09-17T11:48:10.669+0000] {logging_mixin.py:190} INFO - [2025-09-17T11:48:10.668+0000] {dag.py:3239} INFO - Sync 1 DAGs
[2025-09-17T11:48:10.706+0000] {logging_mixin.py:190} INFO - [2025-09-17T11:48:10.706+0000] {dag.py:4180} INFO - Setting next_dagrun for example_weekday_branch_operator to 2025-09-16 00:00:00+00:00, run_after=2025-09-17 00:00:00+00:00
[2025-09-17T11:48:10.732+0000] {processor.py:208} INFO - Processing /home/airflow/.local/lib/python3.12/site-packages/airflow/example_dags/example_branch_day_of_week_operator.py took 0.115 seconds
[2025-09-17T11:48:41.186+0000] {processor.py:186} INFO - Started process (PID=654) to work on /home/airflow/.local/lib/python3.12/site-packages/airflow/example_dags/example_branch_day_of_week_operator.py
[2025-09-17T11:48:41.188+0000] {processor.py:914} INFO - Processing file /home/airflow/.local/lib/python3.12/site-packages/airflow/example_dags/example_branch_day_of_week_operator.py for tasks to queue
[2025-09-17T11:48:41.192+0000] {logging_mixin.py:190} INFO - [2025-09-17T11:48:41.192+0000] {dagbag.py:588} INFO - Filling up the DagBag from /home/airflow/.local/lib/python3.12/site-packages/airflow/example_dags/example_branch_day_of_week_operator.py
[2025-09-17T11:48:41.206+0000] {processor.py:925} INFO - DAG(s) 'example_weekday_branch_operator' retrieved from /home/airflow/.local/lib/python3.12/site-packages/airflow/example_dags/example_branch_day_of_week_operator.py
[2025-09-17T11:48:41.231+0000] {logging_mixin.py:190} INFO - [2025-09-17T11:48:41.231+0000] {dag.py:3239} INFO - Sync 1 DAGs
[2025-09-17T11:48:41.260+0000] {logging_mixin.py:190} INFO - [2025-09-17T11:48:41.260+0000] {dag.py:4180} INFO - Setting next_dagrun for example_weekday_branch_operator to 2025-09-16 00:00:00+00:00, run_after=2025-09-17 00:00:00+00:00
[2025-09-17T11:48:41.283+0000] {processor.py:208} INFO - Processing /home/airflow/.local/lib/python3.12/site-packages/airflow/example_dags/example_branch_day_of_week_operator.py took 0.104 seconds
[2025-09-17T11:49:11.967+0000] {processor.py:186} INFO - Started process (PID=717) to work on /home/airflow/.local/lib/python3.12/site-packages/airflow/example_dags/example_branch_day_of_week_operator.py
[2025-09-17T11:49:11.968+0000] {processor.py:914} INFO - Processing file /home/airflow/.local/lib/python3.12/site-packages/airflow/example_dags/example_branch_day_of_week_operator.py for tasks to queue
[2025-09-17T11:49:11.972+0000] {logging_mixin.py:190} INFO - [2025-09-17T11:49:11.971+0000] {dagbag.py:588} INFO - Filling up the DagBag from /home/airflow/.local/lib/python3.12/site-packages/airflow/example_dags/example_branch_day_of_week_operator.py
[2025-09-17T11:49:11.986+0000] {processor.py:925} INFO - DAG(s) 'example_weekday_branch_operator' retrieved from /home/airflow/.local/lib/python3.12/site-packages/airflow/example_dags/example_branch_day_of_week_operator.py
[2025-09-17T11:49:12.016+0000] {logging_mixin.py:190} INFO - [2025-09-17T11:49:12.015+0000] {dag.py:3239} INFO - Sync 1 DAGs
[2025-09-17T11:49:12.046+0000] {logging_mixin.py:190} INFO - [2025-09-17T11:49:12.046+0000] {dag.py:4180} INFO - Setting next_dagrun for example_weekday_branch_operator to 2025-09-16 00:00:00+00:00, run_after=2025-09-17 00:00:00+00:00
[2025-09-17T11:49:12.075+0000] {processor.py:208} INFO - Processing /home/airflow/.local/lib/python3.12/site-packages/airflow/example_dags/example_branch_day_of_week_operator.py took 0.118 seconds
[2025-09-17T11:49:42.225+0000] {processor.py:186} INFO - Started process (PID=779) to work on /home/airflow/.local/lib/python3.12/site-packages/airflow/example_dags/example_branch_day_of_week_operator.py
[2025-09-17T11:49:42.227+0000] {processor.py:914} INFO - Processing file /home/airflow/.local/lib/python3.12/site-packages/airflow/example_dags/example_branch_day_of_week_operator.py for tasks to queue
[2025-09-17T11:49:42.230+0000] {logging_mixin.py:190} INFO - [2025-09-17T11:49:42.230+0000] {dagbag.py:588} INFO - Filling up the DagBag from /home/airflow/.local/lib/python3.12/site-packages/airflow/example_dags/example_branch_day_of_week_operator.py
[2025-09-17T11:49:42.243+0000] {processor.py:925} INFO - DAG(s) 'example_weekday_branch_operator' retrieved from /home/airflow/.local/lib/python3.12/site-packages/airflow/example_dags/example_branch_day_of_week_operator.py
[2025-09-17T11:49:42.274+0000] {logging_mixin.py:190} INFO - [2025-09-17T11:49:42.274+0000] {dag.py:3239} INFO - Sync 1 DAGs
[2025-09-17T11:49:42.303+0000] {logging_mixin.py:190} INFO - [2025-09-17T11:49:42.303+0000] {dag.py:4180} INFO - Setting next_dagrun for example_weekday_branch_operator to 2025-09-16 00:00:00+00:00, run_after=2025-09-17 00:00:00+00:00
[2025-09-17T11:49:42.325+0000] {processor.py:208} INFO - Processing /home/airflow/.local/lib/python3.12/site-packages/airflow/example_dags/example_branch_day_of_week_operator.py took 0.108 seconds
[2025-09-17T11:50:13.137+0000] {processor.py:186} INFO - Started process (PID=841) to work on /home/airflow/.local/lib/python3.12/site-packages/airflow/example_dags/example_branch_day_of_week_operator.py
[2025-09-17T11:50:13.139+0000] {processor.py:914} INFO - Processing file /home/airflow/.local/lib/python3.12/site-packages/airflow/example_dags/example_branch_day_of_week_operator.py for tasks to queue
[2025-09-17T11:50:13.142+0000] {logging_mixin.py:190} INFO - [2025-09-17T11:50:13.142+0000] {dagbag.py:588} INFO - Filling up the DagBag from /home/airflow/.local/lib/python3.12/site-packages/airflow/example_dags/example_branch_day_of_week_operator.py
[2025-09-17T11:50:13.159+0000] {processor.py:925} INFO - DAG(s) 'example_weekday_branch_operator' retrieved from /home/airflow/.local/lib/python3.12/site-packages/airflow/example_dags/example_branch_day_of_week_operator.py
[2025-09-17T11:50:13.188+0000] {logging_mixin.py:190} INFO - [2025-09-17T11:50:13.187+0000] {dag.py:3239} INFO - Sync 1 DAGs
[2025-09-17T11:50:13.225+0000] {logging_mixin.py:190} INFO - [2025-09-17T11:50:13.224+0000] {dag.py:4180} INFO - Setting next_dagrun for example_weekday_branch_operator to 2025-09-16 00:00:00+00:00, run_after=2025-09-17 00:00:00+00:00
[2025-09-17T11:50:13.252+0000] {processor.py:208} INFO - Processing /home/airflow/.local/lib/python3.12/site-packages/airflow/example_dags/example_branch_day_of_week_operator.py took 0.123 seconds
[2025-09-17T11:50:44.828+0000] {processor.py:186} INFO - Started process (PID=903) to work on /home/airflow/.local/lib/python3.12/site-packages/airflow/example_dags/example_branch_day_of_week_operator.py
[2025-09-17T11:50:44.830+0000] {processor.py:914} INFO - Processing file /home/airflow/.local/lib/python3.12/site-packages/airflow/example_dags/example_branch_day_of_week_operator.py for tasks to queue
[2025-09-17T11:50:44.834+0000] {logging_mixin.py:190} INFO - [2025-09-17T11:50:44.833+0000] {dagbag.py:588} INFO - Filling up the DagBag from /home/airflow/.local/lib/python3.12/site-packages/airflow/example_dags/example_branch_day_of_week_operator.py
[2025-09-17T11:50:44.847+0000] {processor.py:925} INFO - DAG(s) 'example_weekday_branch_operator' retrieved from /home/airflow/.local/lib/python3.12/site-packages/airflow/example_dags/example_branch_day_of_week_operator.py
[2025-09-17T11:50:44.874+0000] {logging_mixin.py:190} INFO - [2025-09-17T11:50:44.873+0000] {dag.py:3239} INFO - Sync 1 DAGs
[2025-09-17T11:50:44.907+0000] {logging_mixin.py:190} INFO - [2025-09-17T11:50:44.906+0000] {dag.py:4180} INFO - Setting next_dagrun for example_weekday_branch_operator to 2025-09-16 00:00:00+00:00, run_after=2025-09-17 00:00:00+00:00
[2025-09-17T11:50:44.933+0000] {processor.py:208} INFO - Processing /home/airflow/.local/lib/python3.12/site-packages/airflow/example_dags/example_branch_day_of_week_operator.py took 0.114 seconds
[2025-09-17T11:51:15.110+0000] {processor.py:186} INFO - Started process (PID=965) to work on /home/airflow/.local/lib/python3.12/site-packages/airflow/example_dags/example_branch_day_of_week_operator.py
[2025-09-17T11:51:15.112+0000] {processor.py:914} INFO - Processing file /home/airflow/.local/lib/python3.12/site-packages/airflow/example_dags/example_branch_day_of_week_operator.py for tasks to queue
[2025-09-17T11:51:15.115+0000] {logging_mixin.py:190} INFO - [2025-09-17T11:51:15.114+0000] {dagbag.py:588} INFO - Filling up the DagBag from /home/airflow/.local/lib/python3.12/site-packages/airflow/example_dags/example_branch_day_of_week_operator.py
[2025-09-17T11:51:15.128+0000] {processor.py:925} INFO - DAG(s) 'example_weekday_branch_operator' retrieved from /home/airflow/.local/lib/python3.12/site-packages/airflow/example_dags/example_branch_day_of_week_operator.py
[2025-09-17T11:51:15.157+0000] {logging_mixin.py:190} INFO - [2025-09-17T11:51:15.157+0000] {dag.py:3239} INFO - Sync 1 DAGs
[2025-09-17T11:51:15.187+0000] {logging_mixin.py:190} INFO - [2025-09-17T11:51:15.187+0000] {dag.py:4180} INFO - Setting next_dagrun for example_weekday_branch_operator to 2025-09-16 00:00:00+00:00, run_after=2025-09-17 00:00:00+00:00
[2025-09-17T11:51:15.211+0000] {processor.py:208} INFO - Processing /home/airflow/.local/lib/python3.12/site-packages/airflow/example_dags/example_branch_day_of_week_operator.py took 0.110 seconds
[2025-09-17T11:51:45.534+0000] {processor.py:186} INFO - Started process (PID=1027) to work on /home/airflow/.local/lib/python3.12/site-packages/airflow/example_dags/example_branch_day_of_week_operator.py
[2025-09-17T11:51:45.535+0000] {processor.py:914} INFO - Processing file /home/airflow/.local/lib/python3.12/site-packages/airflow/example_dags/example_branch_day_of_week_operator.py for tasks to queue
[2025-09-17T11:51:45.539+0000] {logging_mixin.py:190} INFO - [2025-09-17T11:51:45.538+0000] {dagbag.py:588} INFO - Filling up the DagBag from /home/airflow/.local/lib/python3.12/site-packages/airflow/example_dags/example_branch_day_of_week_operator.py
[2025-09-17T11:51:45.552+0000] {processor.py:925} INFO - DAG(s) 'example_weekday_branch_operator' retrieved from /home/airflow/.local/lib/python3.12/site-packages/airflow/example_dags/example_branch_day_of_week_operator.py
[2025-09-17T11:51:45.579+0000] {logging_mixin.py:190} INFO - [2025-09-17T11:51:45.578+0000] {dag.py:3239} INFO - Sync 1 DAGs
[2025-09-17T11:51:45.607+0000] {logging_mixin.py:190} INFO - [2025-09-17T11:51:45.606+0000] {dag.py:4180} INFO - Setting next_dagrun for example_weekday_branch_operator to 2025-09-16 00:00:00+00:00, run_after=2025-09-17 00:00:00+00:00
[2025-09-17T11:51:45.633+0000] {processor.py:208} INFO - Processing /home/airflow/.local/lib/python3.12/site-packages/airflow/example_dags/example_branch_day_of_week_operator.py took 0.106 seconds
[2025-09-17T11:52:15.686+0000] {processor.py:186} INFO - Started process (PID=1088) to work on /home/airflow/.local/lib/python3.12/site-packages/airflow/example_dags/example_branch_day_of_week_operator.py
[2025-09-17T11:52:15.688+0000] {processor.py:914} INFO - Processing file /home/airflow/.local/lib/python3.12/site-packages/airflow/example_dags/example_branch_day_of_week_operator.py for tasks to queue
[2025-09-17T11:52:15.691+0000] {logging_mixin.py:190} INFO - [2025-09-17T11:52:15.690+0000] {dagbag.py:588} INFO - Filling up the DagBag from /home/airflow/.local/lib/python3.12/site-packages/airflow/example_dags/example_branch_day_of_week_operator.py
[2025-09-17T11:52:15.702+0000] {processor.py:925} INFO - DAG(s) 'example_weekday_branch_operator' retrieved from /home/airflow/.local/lib/python3.12/site-packages/airflow/example_dags/example_branch_day_of_week_operator.py
[2025-09-17T11:52:15.728+0000] {logging_mixin.py:190} INFO - [2025-09-17T11:52:15.727+0000] {dag.py:3239} INFO - Sync 1 DAGs
[2025-09-17T11:52:15.753+0000] {logging_mixin.py:190} INFO - [2025-09-17T11:52:15.753+0000] {dag.py:4180} INFO - Setting next_dagrun for example_weekday_branch_operator to 2025-09-16 00:00:00+00:00, run_after=2025-09-17 00:00:00+00:00
[2025-09-17T11:52:15.775+0000] {processor.py:208} INFO - Processing /home/airflow/.local/lib/python3.12/site-packages/airflow/example_dags/example_branch_day_of_week_operator.py took 0.096 seconds
[2025-09-17T11:52:46.699+0000] {processor.py:186} INFO - Started process (PID=1151) to work on /home/airflow/.local/lib/python3.12/site-packages/airflow/example_dags/example_branch_day_of_week_operator.py
[2025-09-17T11:52:46.700+0000] {processor.py:914} INFO - Processing file /home/airflow/.local/lib/python3.12/site-packages/airflow/example_dags/example_branch_day_of_week_operator.py for tasks to queue
[2025-09-17T11:52:46.704+0000] {logging_mixin.py:190} INFO - [2025-09-17T11:52:46.703+0000] {dagbag.py:588} INFO - Filling up the DagBag from /home/airflow/.local/lib/python3.12/site-packages/airflow/example_dags/example_branch_day_of_week_operator.py
[2025-09-17T11:52:46.718+0000] {processor.py:925} INFO - DAG(s) 'example_weekday_branch_operator' retrieved from /home/airflow/.local/lib/python3.12/site-packages/airflow/example_dags/example_branch_day_of_week_operator.py
[2025-09-17T11:52:46.746+0000] {logging_mixin.py:190} INFO - [2025-09-17T11:52:46.745+0000] {dag.py:3239} INFO - Sync 1 DAGs
[2025-09-17T11:52:46.776+0000] {logging_mixin.py:190} INFO - [2025-09-17T11:52:46.776+0000] {dag.py:4180} INFO - Setting next_dagrun for example_weekday_branch_operator to 2025-09-16 00:00:00+00:00, run_after=2025-09-17 00:00:00+00:00
[2025-09-17T11:52:46.802+0000] {processor.py:208} INFO - Processing /home/airflow/.local/lib/python3.12/site-packages/airflow/example_dags/example_branch_day_of_week_operator.py took 0.112 seconds
[2025-09-17T11:53:17.375+0000] {processor.py:186} INFO - Started process (PID=1213) to work on /home/airflow/.local/lib/python3.12/site-packages/airflow/example_dags/example_branch_day_of_week_operator.py
[2025-09-17T11:53:17.377+0000] {processor.py:914} INFO - Processing file /home/airflow/.local/lib/python3.12/site-packages/airflow/example_dags/example_branch_day_of_week_operator.py for tasks to queue
[2025-09-17T11:53:17.383+0000] {logging_mixin.py:190} INFO - [2025-09-17T11:53:17.382+0000] {dagbag.py:588} INFO - Filling up the DagBag from /home/airflow/.local/lib/python3.12/site-packages/airflow/example_dags/example_branch_day_of_week_operator.py
[2025-09-17T11:53:17.403+0000] {processor.py:925} INFO - DAG(s) 'example_weekday_branch_operator' retrieved from /home/airflow/.local/lib/python3.12/site-packages/airflow/example_dags/example_branch_day_of_week_operator.py
[2025-09-17T11:53:17.435+0000] {logging_mixin.py:190} INFO - [2025-09-17T11:53:17.435+0000] {dag.py:3239} INFO - Sync 1 DAGs
[2025-09-17T11:53:17.471+0000] {logging_mixin.py:190} INFO - [2025-09-17T11:53:17.470+0000] {dag.py:4180} INFO - Setting next_dagrun for example_weekday_branch_operator to 2025-09-16 00:00:00+00:00, run_after=2025-09-17 00:00:00+00:00
[2025-09-17T11:53:17.500+0000] {processor.py:208} INFO - Processing /home/airflow/.local/lib/python3.12/site-packages/airflow/example_dags/example_branch_day_of_week_operator.py took 0.135 seconds
