[2025-09-17T11:43:24.621+0000] {processor.py:186} INFO - Started process (PID=163) to work on /home/airflow/.local/lib/python3.12/site-packages/airflow/example_dags/example_skip_dag.py
[2025-09-17T11:43:24.624+0000] {processor.py:914} INFO - Processing file /home/airflow/.local/lib/python3.12/site-packages/airflow/example_dags/example_skip_dag.py for tasks to queue
[2025-09-17T11:43:24.632+0000] {logging_mixin.py:190} INFO - [2025-09-17T11:43:24.631+0000] {dagbag.py:588} INFO - Filling up the DagBag from /home/airflow/.local/lib/python3.12/site-packages/airflow/example_dags/example_skip_dag.py
[2025-09-17T11:43:24.694+0000] {processor.py:925} INFO - DAG(s) 'example_skip_dag' retrieved from /home/airflow/.local/lib/python3.12/site-packages/airflow/example_dags/example_skip_dag.py
[2025-09-17T11:43:25.106+0000] {logging_mixin.py:190} INFO - [2025-09-17T11:43:25.105+0000] {override.py:1900} INFO - Created Permission View: can delete on DAG:example_skip_dag
[2025-09-17T11:43:25.131+0000] {logging_mixin.py:190} INFO - [2025-09-17T11:43:25.130+0000] {override.py:1900} INFO - Created Permission View: can edit on DAG:example_skip_dag
[2025-09-17T11:43:25.151+0000] {logging_mixin.py:190} INFO - [2025-09-17T11:43:25.150+0000] {override.py:1900} INFO - Created Permission View: can read on DAG:example_skip_dag
[2025-09-17T11:43:25.179+0000] {logging_mixin.py:190} INFO - [2025-09-17T11:43:25.179+0000] {override.py:1900} INFO - Created Permission View: can delete on DAG Run:example_skip_dag
[2025-09-17T11:43:25.195+0000] {logging_mixin.py:190} INFO - [2025-09-17T11:43:25.195+0000] {override.py:1900} INFO - Created Permission View: menu access on DAG Run:example_skip_dag
[2025-09-17T11:43:25.213+0000] {logging_mixin.py:190} INFO - [2025-09-17T11:43:25.213+0000] {override.py:1900} INFO - Created Permission View: can read on DAG Run:example_skip_dag
[2025-09-17T11:43:25.229+0000] {logging_mixin.py:190} INFO - [2025-09-17T11:43:25.228+0000] {override.py:1900} INFO - Created Permission View: can create on DAG Run:example_skip_dag
[2025-09-17T11:43:25.230+0000] {logging_mixin.py:190} INFO - [2025-09-17T11:43:25.230+0000] {dag.py:3239} INFO - Sync 1 DAGs
[2025-09-17T11:43:25.265+0000] {logging_mixin.py:190} INFO - [2025-09-17T11:43:25.264+0000] {dag.py:3262} INFO - Creating ORM DAG for example_skip_dag
[2025-09-17T11:43:25.293+0000] {logging_mixin.py:190} INFO - [2025-09-17T11:43:25.289+0000] {dag.py:4180} INFO - Setting next_dagrun for example_skip_dag to 2025-09-16 00:00:00+00:00, run_after=2025-09-17 00:00:00+00:00
[2025-09-17T11:43:25.334+0000] {processor.py:208} INFO - Processing /home/airflow/.local/lib/python3.12/site-packages/airflow/example_dags/example_skip_dag.py took 0.751 seconds
[2025-09-17T11:44:01.090+0000] {processor.py:186} INFO - Started process (PID=64) to work on /home/airflow/.local/lib/python3.12/site-packages/airflow/example_dags/example_skip_dag.py
[2025-09-17T11:44:01.093+0000] {processor.py:914} INFO - Processing file /home/airflow/.local/lib/python3.12/site-packages/airflow/example_dags/example_skip_dag.py for tasks to queue
[2025-09-17T11:44:01.099+0000] {logging_mixin.py:190} INFO - [2025-09-17T11:44:01.098+0000] {dagbag.py:588} INFO - Filling up the DagBag from /home/airflow/.local/lib/python3.12/site-packages/airflow/example_dags/example_skip_dag.py
[2025-09-17T11:44:01.121+0000] {processor.py:925} INFO - DAG(s) 'example_skip_dag' retrieved from /home/airflow/.local/lib/python3.12/site-packages/airflow/example_dags/example_skip_dag.py
[2025-09-17T11:44:01.173+0000] {logging_mixin.py:190} INFO - [2025-09-17T11:44:01.172+0000] {dag.py:3239} INFO - Sync 1 DAGs
[2025-09-17T11:44:01.231+0000] {logging_mixin.py:190} INFO - [2025-09-17T11:44:01.230+0000] {dag.py:4180} INFO - Setting next_dagrun for example_skip_dag to 2025-09-16 00:00:00+00:00, run_after=2025-09-17 00:00:00+00:00
[2025-09-17T11:44:01.276+0000] {processor.py:208} INFO - Processing /home/airflow/.local/lib/python3.12/site-packages/airflow/example_dags/example_skip_dag.py took 0.201 seconds
[2025-09-17T11:44:31.996+0000] {processor.py:186} INFO - Started process (PID=127) to work on /home/airflow/.local/lib/python3.12/site-packages/airflow/example_dags/example_skip_dag.py
[2025-09-17T11:44:31.998+0000] {processor.py:914} INFO - Processing file /home/airflow/.local/lib/python3.12/site-packages/airflow/example_dags/example_skip_dag.py for tasks to queue
[2025-09-17T11:44:32.001+0000] {logging_mixin.py:190} INFO - [2025-09-17T11:44:32.001+0000] {dagbag.py:588} INFO - Filling up the DagBag from /home/airflow/.local/lib/python3.12/site-packages/airflow/example_dags/example_skip_dag.py
[2025-09-17T11:44:32.012+0000] {processor.py:925} INFO - DAG(s) 'example_skip_dag' retrieved from /home/airflow/.local/lib/python3.12/site-packages/airflow/example_dags/example_skip_dag.py
[2025-09-17T11:44:32.038+0000] {logging_mixin.py:190} INFO - [2025-09-17T11:44:32.038+0000] {dag.py:3239} INFO - Sync 1 DAGs
[2025-09-17T11:44:32.071+0000] {logging_mixin.py:190} INFO - [2025-09-17T11:44:32.071+0000] {dag.py:4180} INFO - Setting next_dagrun for example_skip_dag to 2025-09-16 00:00:00+00:00, run_after=2025-09-17 00:00:00+00:00
[2025-09-17T11:44:32.094+0000] {processor.py:208} INFO - Processing /home/airflow/.local/lib/python3.12/site-packages/airflow/example_dags/example_skip_dag.py took 0.109 seconds
[2025-09-17T11:45:03.026+0000] {processor.py:186} INFO - Started process (PID=189) to work on /home/airflow/.local/lib/python3.12/site-packages/airflow/example_dags/example_skip_dag.py
[2025-09-17T11:45:03.027+0000] {processor.py:914} INFO - Processing file /home/airflow/.local/lib/python3.12/site-packages/airflow/example_dags/example_skip_dag.py for tasks to queue
[2025-09-17T11:45:03.031+0000] {logging_mixin.py:190} INFO - [2025-09-17T11:45:03.030+0000] {dagbag.py:588} INFO - Filling up the DagBag from /home/airflow/.local/lib/python3.12/site-packages/airflow/example_dags/example_skip_dag.py
[2025-09-17T11:45:03.041+0000] {processor.py:925} INFO - DAG(s) 'example_skip_dag' retrieved from /home/airflow/.local/lib/python3.12/site-packages/airflow/example_dags/example_skip_dag.py
[2025-09-17T11:45:03.070+0000] {logging_mixin.py:190} INFO - [2025-09-17T11:45:03.069+0000] {dag.py:3239} INFO - Sync 1 DAGs
[2025-09-17T11:45:03.099+0000] {logging_mixin.py:190} INFO - [2025-09-17T11:45:03.098+0000] {dag.py:4180} INFO - Setting next_dagrun for example_skip_dag to 2025-09-16 00:00:00+00:00, run_after=2025-09-17 00:00:00+00:00
[2025-09-17T11:45:03.122+0000] {processor.py:208} INFO - Processing /home/airflow/.local/lib/python3.12/site-packages/airflow/example_dags/example_skip_dag.py took 0.103 seconds
[2025-09-17T11:45:33.825+0000] {processor.py:186} INFO - Started process (PID=251) to work on /home/airflow/.local/lib/python3.12/site-packages/airflow/example_dags/example_skip_dag.py
[2025-09-17T11:45:33.826+0000] {processor.py:914} INFO - Processing file /home/airflow/.local/lib/python3.12/site-packages/airflow/example_dags/example_skip_dag.py for tasks to queue
[2025-09-17T11:45:33.831+0000] {logging_mixin.py:190} INFO - [2025-09-17T11:45:33.830+0000] {dagbag.py:588} INFO - Filling up the DagBag from /home/airflow/.local/lib/python3.12/site-packages/airflow/example_dags/example_skip_dag.py
[2025-09-17T11:45:33.843+0000] {processor.py:925} INFO - DAG(s) 'example_skip_dag' retrieved from /home/airflow/.local/lib/python3.12/site-packages/airflow/example_dags/example_skip_dag.py
[2025-09-17T11:45:33.873+0000] {logging_mixin.py:190} INFO - [2025-09-17T11:45:33.873+0000] {dag.py:3239} INFO - Sync 1 DAGs
[2025-09-17T11:45:33.918+0000] {logging_mixin.py:190} INFO - [2025-09-17T11:45:33.917+0000] {dag.py:4180} INFO - Setting next_dagrun for example_skip_dag to 2025-09-16 00:00:00+00:00, run_after=2025-09-17 00:00:00+00:00
[2025-09-17T11:45:33.943+0000] {processor.py:208} INFO - Processing /home/airflow/.local/lib/python3.12/site-packages/airflow/example_dags/example_skip_dag.py took 0.132 seconds
[2025-09-17T11:46:04.997+0000] {processor.py:186} INFO - Started process (PID=320) to work on /home/airflow/.local/lib/python3.12/site-packages/airflow/example_dags/example_skip_dag.py
[2025-09-17T11:46:04.998+0000] {processor.py:914} INFO - Processing file /home/airflow/.local/lib/python3.12/site-packages/airflow/example_dags/example_skip_dag.py for tasks to queue
[2025-09-17T11:46:05.001+0000] {logging_mixin.py:190} INFO - [2025-09-17T11:46:05.001+0000] {dagbag.py:588} INFO - Filling up the DagBag from /home/airflow/.local/lib/python3.12/site-packages/airflow/example_dags/example_skip_dag.py
[2025-09-17T11:46:05.012+0000] {processor.py:925} INFO - DAG(s) 'example_skip_dag' retrieved from /home/airflow/.local/lib/python3.12/site-packages/airflow/example_dags/example_skip_dag.py
[2025-09-17T11:46:05.038+0000] {logging_mixin.py:190} INFO - [2025-09-17T11:46:05.038+0000] {dag.py:3239} INFO - Sync 1 DAGs
[2025-09-17T11:46:05.064+0000] {logging_mixin.py:190} INFO - [2025-09-17T11:46:05.063+0000] {dag.py:4180} INFO - Setting next_dagrun for example_skip_dag to 2025-09-16 00:00:00+00:00, run_after=2025-09-17 00:00:00+00:00
[2025-09-17T11:46:05.087+0000] {processor.py:208} INFO - Processing /home/airflow/.local/lib/python3.12/site-packages/airflow/example_dags/example_skip_dag.py took 0.098 seconds
[2025-09-17T11:46:35.468+0000] {processor.py:186} INFO - Started process (PID=382) to work on /home/airflow/.local/lib/python3.12/site-packages/airflow/example_dags/example_skip_dag.py
[2025-09-17T11:46:35.470+0000] {processor.py:914} INFO - Processing file /home/airflow/.local/lib/python3.12/site-packages/airflow/example_dags/example_skip_dag.py for tasks to queue
[2025-09-17T11:46:35.474+0000] {logging_mixin.py:190} INFO - [2025-09-17T11:46:35.474+0000] {dagbag.py:588} INFO - Filling up the DagBag from /home/airflow/.local/lib/python3.12/site-packages/airflow/example_dags/example_skip_dag.py
[2025-09-17T11:46:35.485+0000] {processor.py:925} INFO - DAG(s) 'example_skip_dag' retrieved from /home/airflow/.local/lib/python3.12/site-packages/airflow/example_dags/example_skip_dag.py
[2025-09-17T11:46:35.514+0000] {logging_mixin.py:190} INFO - [2025-09-17T11:46:35.514+0000] {dag.py:3239} INFO - Sync 1 DAGs
[2025-09-17T11:46:35.543+0000] {logging_mixin.py:190} INFO - [2025-09-17T11:46:35.543+0000] {dag.py:4180} INFO - Setting next_dagrun for example_skip_dag to 2025-09-16 00:00:00+00:00, run_after=2025-09-17 00:00:00+00:00
[2025-09-17T11:46:35.572+0000] {processor.py:208} INFO - Processing /home/airflow/.local/lib/python3.12/site-packages/airflow/example_dags/example_skip_dag.py took 0.113 seconds
[2025-09-17T11:47:06.442+0000] {processor.py:186} INFO - Started process (PID=444) to work on /home/airflow/.local/lib/python3.12/site-packages/airflow/example_dags/example_skip_dag.py
[2025-09-17T11:47:06.443+0000] {processor.py:914} INFO - Processing file /home/airflow/.local/lib/python3.12/site-packages/airflow/example_dags/example_skip_dag.py for tasks to queue
[2025-09-17T11:47:06.447+0000] {logging_mixin.py:190} INFO - [2025-09-17T11:47:06.447+0000] {dagbag.py:588} INFO - Filling up the DagBag from /home/airflow/.local/lib/python3.12/site-packages/airflow/example_dags/example_skip_dag.py
[2025-09-17T11:47:06.459+0000] {processor.py:925} INFO - DAG(s) 'example_skip_dag' retrieved from /home/airflow/.local/lib/python3.12/site-packages/airflow/example_dags/example_skip_dag.py
[2025-09-17T11:47:06.487+0000] {logging_mixin.py:190} INFO - [2025-09-17T11:47:06.487+0000] {dag.py:3239} INFO - Sync 1 DAGs
[2025-09-17T11:47:06.514+0000] {logging_mixin.py:190} INFO - [2025-09-17T11:47:06.514+0000] {dag.py:4180} INFO - Setting next_dagrun for example_skip_dag to 2025-09-16 00:00:00+00:00, run_after=2025-09-17 00:00:00+00:00
[2025-09-17T11:47:06.541+0000] {processor.py:208} INFO - Processing /home/airflow/.local/lib/python3.12/site-packages/airflow/example_dags/example_skip_dag.py took 0.108 seconds
[2025-09-17T11:47:36.800+0000] {processor.py:186} INFO - Started process (PID=507) to work on /home/airflow/.local/lib/python3.12/site-packages/airflow/example_dags/example_skip_dag.py
[2025-09-17T11:47:36.802+0000] {processor.py:914} INFO - Processing file /home/airflow/.local/lib/python3.12/site-packages/airflow/example_dags/example_skip_dag.py for tasks to queue
[2025-09-17T11:47:36.805+0000] {logging_mixin.py:190} INFO - [2025-09-17T11:47:36.804+0000] {dagbag.py:588} INFO - Filling up the DagBag from /home/airflow/.local/lib/python3.12/site-packages/airflow/example_dags/example_skip_dag.py
[2025-09-17T11:47:36.820+0000] {processor.py:925} INFO - DAG(s) 'example_skip_dag' retrieved from /home/airflow/.local/lib/python3.12/site-packages/airflow/example_dags/example_skip_dag.py
[2025-09-17T11:47:36.854+0000] {logging_mixin.py:190} INFO - [2025-09-17T11:47:36.853+0000] {dag.py:3239} INFO - Sync 1 DAGs
[2025-09-17T11:47:36.894+0000] {logging_mixin.py:190} INFO - [2025-09-17T11:47:36.893+0000] {dag.py:4180} INFO - Setting next_dagrun for example_skip_dag to 2025-09-16 00:00:00+00:00, run_after=2025-09-17 00:00:00+00:00
[2025-09-17T11:47:36.923+0000] {processor.py:208} INFO - Processing /home/airflow/.local/lib/python3.12/site-packages/airflow/example_dags/example_skip_dag.py took 0.138 seconds
[2025-09-17T11:48:07.701+0000] {processor.py:186} INFO - Started process (PID=569) to work on /home/airflow/.local/lib/python3.12/site-packages/airflow/example_dags/example_skip_dag.py
[2025-09-17T11:48:07.702+0000] {processor.py:914} INFO - Processing file /home/airflow/.local/lib/python3.12/site-packages/airflow/example_dags/example_skip_dag.py for tasks to queue
[2025-09-17T11:48:07.705+0000] {logging_mixin.py:190} INFO - [2025-09-17T11:48:07.705+0000] {dagbag.py:588} INFO - Filling up the DagBag from /home/airflow/.local/lib/python3.12/site-packages/airflow/example_dags/example_skip_dag.py
[2025-09-17T11:48:07.720+0000] {processor.py:925} INFO - DAG(s) 'example_skip_dag' retrieved from /home/airflow/.local/lib/python3.12/site-packages/airflow/example_dags/example_skip_dag.py
[2025-09-17T11:48:07.750+0000] {logging_mixin.py:190} INFO - [2025-09-17T11:48:07.750+0000] {dag.py:3239} INFO - Sync 1 DAGs
[2025-09-17T11:48:07.777+0000] {logging_mixin.py:190} INFO - [2025-09-17T11:48:07.777+0000] {dag.py:4180} INFO - Setting next_dagrun for example_skip_dag to 2025-09-16 00:00:00+00:00, run_after=2025-09-17 00:00:00+00:00
[2025-09-17T11:48:07.802+0000] {processor.py:208} INFO - Processing /home/airflow/.local/lib/python3.12/site-packages/airflow/example_dags/example_skip_dag.py took 0.108 seconds
[2025-09-17T11:48:38.160+0000] {processor.py:186} INFO - Started process (PID=631) to work on /home/airflow/.local/lib/python3.12/site-packages/airflow/example_dags/example_skip_dag.py
[2025-09-17T11:48:38.162+0000] {processor.py:914} INFO - Processing file /home/airflow/.local/lib/python3.12/site-packages/airflow/example_dags/example_skip_dag.py for tasks to queue
[2025-09-17T11:48:38.166+0000] {logging_mixin.py:190} INFO - [2025-09-17T11:48:38.165+0000] {dagbag.py:588} INFO - Filling up the DagBag from /home/airflow/.local/lib/python3.12/site-packages/airflow/example_dags/example_skip_dag.py
[2025-09-17T11:48:38.178+0000] {processor.py:925} INFO - DAG(s) 'example_skip_dag' retrieved from /home/airflow/.local/lib/python3.12/site-packages/airflow/example_dags/example_skip_dag.py
[2025-09-17T11:48:38.214+0000] {logging_mixin.py:190} INFO - [2025-09-17T11:48:38.214+0000] {dag.py:3239} INFO - Sync 1 DAGs
[2025-09-17T11:48:38.248+0000] {logging_mixin.py:190} INFO - [2025-09-17T11:48:38.247+0000] {dag.py:4180} INFO - Setting next_dagrun for example_skip_dag to 2025-09-16 00:00:00+00:00, run_after=2025-09-17 00:00:00+00:00
[2025-09-17T11:48:38.278+0000] {processor.py:208} INFO - Processing /home/airflow/.local/lib/python3.12/site-packages/airflow/example_dags/example_skip_dag.py took 0.126 seconds
[2025-09-17T11:49:09.125+0000] {processor.py:186} INFO - Started process (PID=694) to work on /home/airflow/.local/lib/python3.12/site-packages/airflow/example_dags/example_skip_dag.py
[2025-09-17T11:49:09.127+0000] {processor.py:914} INFO - Processing file /home/airflow/.local/lib/python3.12/site-packages/airflow/example_dags/example_skip_dag.py for tasks to queue
[2025-09-17T11:49:09.130+0000] {logging_mixin.py:190} INFO - [2025-09-17T11:49:09.130+0000] {dagbag.py:588} INFO - Filling up the DagBag from /home/airflow/.local/lib/python3.12/site-packages/airflow/example_dags/example_skip_dag.py
[2025-09-17T11:49:09.143+0000] {processor.py:925} INFO - DAG(s) 'example_skip_dag' retrieved from /home/airflow/.local/lib/python3.12/site-packages/airflow/example_dags/example_skip_dag.py
[2025-09-17T11:49:09.175+0000] {logging_mixin.py:190} INFO - [2025-09-17T11:49:09.175+0000] {dag.py:3239} INFO - Sync 1 DAGs
[2025-09-17T11:49:09.206+0000] {logging_mixin.py:190} INFO - [2025-09-17T11:49:09.206+0000] {dag.py:4180} INFO - Setting next_dagrun for example_skip_dag to 2025-09-16 00:00:00+00:00, run_after=2025-09-17 00:00:00+00:00
[2025-09-17T11:49:09.233+0000] {processor.py:208} INFO - Processing /home/airflow/.local/lib/python3.12/site-packages/airflow/example_dags/example_skip_dag.py took 0.117 seconds
[2025-09-17T11:49:39.785+0000] {processor.py:186} INFO - Started process (PID=756) to work on /home/airflow/.local/lib/python3.12/site-packages/airflow/example_dags/example_skip_dag.py
[2025-09-17T11:49:39.787+0000] {processor.py:914} INFO - Processing file /home/airflow/.local/lib/python3.12/site-packages/airflow/example_dags/example_skip_dag.py for tasks to queue
[2025-09-17T11:49:39.793+0000] {logging_mixin.py:190} INFO - [2025-09-17T11:49:39.792+0000] {dagbag.py:588} INFO - Filling up the DagBag from /home/airflow/.local/lib/python3.12/site-packages/airflow/example_dags/example_skip_dag.py
[2025-09-17T11:49:39.807+0000] {processor.py:925} INFO - DAG(s) 'example_skip_dag' retrieved from /home/airflow/.local/lib/python3.12/site-packages/airflow/example_dags/example_skip_dag.py
[2025-09-17T11:49:39.868+0000] {logging_mixin.py:190} INFO - [2025-09-17T11:49:39.868+0000] {dag.py:3239} INFO - Sync 1 DAGs
[2025-09-17T11:49:39.916+0000] {logging_mixin.py:190} INFO - [2025-09-17T11:49:39.914+0000] {dag.py:4180} INFO - Setting next_dagrun for example_skip_dag to 2025-09-16 00:00:00+00:00, run_after=2025-09-17 00:00:00+00:00
[2025-09-17T11:49:39.953+0000] {processor.py:208} INFO - Processing /home/airflow/.local/lib/python3.12/site-packages/airflow/example_dags/example_skip_dag.py took 0.181 seconds
[2025-09-17T11:50:10.865+0000] {processor.py:186} INFO - Started process (PID=818) to work on /home/airflow/.local/lib/python3.12/site-packages/airflow/example_dags/example_skip_dag.py
[2025-09-17T11:50:10.867+0000] {processor.py:914} INFO - Processing file /home/airflow/.local/lib/python3.12/site-packages/airflow/example_dags/example_skip_dag.py for tasks to queue
[2025-09-17T11:50:10.874+0000] {logging_mixin.py:190} INFO - [2025-09-17T11:50:10.872+0000] {dagbag.py:588} INFO - Filling up the DagBag from /home/airflow/.local/lib/python3.12/site-packages/airflow/example_dags/example_skip_dag.py
[2025-09-17T11:50:10.894+0000] {processor.py:925} INFO - DAG(s) 'example_skip_dag' retrieved from /home/airflow/.local/lib/python3.12/site-packages/airflow/example_dags/example_skip_dag.py
[2025-09-17T11:50:10.940+0000] {logging_mixin.py:190} INFO - [2025-09-17T11:50:10.940+0000] {dag.py:3239} INFO - Sync 1 DAGs
[2025-09-17T11:50:10.978+0000] {logging_mixin.py:190} INFO - [2025-09-17T11:50:10.977+0000] {dag.py:4180} INFO - Setting next_dagrun for example_skip_dag to 2025-09-16 00:00:00+00:00, run_after=2025-09-17 00:00:00+00:00
[2025-09-17T11:50:11.022+0000] {processor.py:208} INFO - Processing /home/airflow/.local/lib/python3.12/site-packages/airflow/example_dags/example_skip_dag.py took 0.174 seconds
[2025-09-17T11:50:41.777+0000] {processor.py:186} INFO - Started process (PID=880) to work on /home/airflow/.local/lib/python3.12/site-packages/airflow/example_dags/example_skip_dag.py
[2025-09-17T11:50:41.779+0000] {processor.py:914} INFO - Processing file /home/airflow/.local/lib/python3.12/site-packages/airflow/example_dags/example_skip_dag.py for tasks to queue
[2025-09-17T11:50:41.783+0000] {logging_mixin.py:190} INFO - [2025-09-17T11:50:41.782+0000] {dagbag.py:588} INFO - Filling up the DagBag from /home/airflow/.local/lib/python3.12/site-packages/airflow/example_dags/example_skip_dag.py
[2025-09-17T11:50:41.796+0000] {processor.py:925} INFO - DAG(s) 'example_skip_dag' retrieved from /home/airflow/.local/lib/python3.12/site-packages/airflow/example_dags/example_skip_dag.py
[2025-09-17T11:50:41.829+0000] {logging_mixin.py:190} INFO - [2025-09-17T11:50:41.828+0000] {dag.py:3239} INFO - Sync 1 DAGs
[2025-09-17T11:50:41.861+0000] {logging_mixin.py:190} INFO - [2025-09-17T11:50:41.861+0000] {dag.py:4180} INFO - Setting next_dagrun for example_skip_dag to 2025-09-16 00:00:00+00:00, run_after=2025-09-17 00:00:00+00:00
[2025-09-17T11:50:41.891+0000] {processor.py:208} INFO - Processing /home/airflow/.local/lib/python3.12/site-packages/airflow/example_dags/example_skip_dag.py took 0.122 seconds
[2025-09-17T11:51:12.720+0000] {processor.py:186} INFO - Started process (PID=942) to work on /home/airflow/.local/lib/python3.12/site-packages/airflow/example_dags/example_skip_dag.py
[2025-09-17T11:51:12.722+0000] {processor.py:914} INFO - Processing file /home/airflow/.local/lib/python3.12/site-packages/airflow/example_dags/example_skip_dag.py for tasks to queue
[2025-09-17T11:51:12.725+0000] {logging_mixin.py:190} INFO - [2025-09-17T11:51:12.725+0000] {dagbag.py:588} INFO - Filling up the DagBag from /home/airflow/.local/lib/python3.12/site-packages/airflow/example_dags/example_skip_dag.py
[2025-09-17T11:51:12.740+0000] {processor.py:925} INFO - DAG(s) 'example_skip_dag' retrieved from /home/airflow/.local/lib/python3.12/site-packages/airflow/example_dags/example_skip_dag.py
[2025-09-17T11:51:12.786+0000] {logging_mixin.py:190} INFO - [2025-09-17T11:51:12.786+0000] {dag.py:3239} INFO - Sync 1 DAGs
[2025-09-17T11:51:12.822+0000] {logging_mixin.py:190} INFO - [2025-09-17T11:51:12.822+0000] {dag.py:4180} INFO - Setting next_dagrun for example_skip_dag to 2025-09-16 00:00:00+00:00, run_after=2025-09-17 00:00:00+00:00
[2025-09-17T11:51:12.852+0000] {processor.py:208} INFO - Processing /home/airflow/.local/lib/python3.12/site-packages/airflow/example_dags/example_skip_dag.py took 0.142 seconds
[2025-09-17T11:51:43.352+0000] {processor.py:186} INFO - Started process (PID=1004) to work on /home/airflow/.local/lib/python3.12/site-packages/airflow/example_dags/example_skip_dag.py
[2025-09-17T11:51:43.354+0000] {processor.py:914} INFO - Processing file /home/airflow/.local/lib/python3.12/site-packages/airflow/example_dags/example_skip_dag.py for tasks to queue
[2025-09-17T11:51:43.358+0000] {logging_mixin.py:190} INFO - [2025-09-17T11:51:43.357+0000] {dagbag.py:588} INFO - Filling up the DagBag from /home/airflow/.local/lib/python3.12/site-packages/airflow/example_dags/example_skip_dag.py
[2025-09-17T11:51:43.371+0000] {processor.py:925} INFO - DAG(s) 'example_skip_dag' retrieved from /home/airflow/.local/lib/python3.12/site-packages/airflow/example_dags/example_skip_dag.py
[2025-09-17T11:51:43.404+0000] {logging_mixin.py:190} INFO - [2025-09-17T11:51:43.403+0000] {dag.py:3239} INFO - Sync 1 DAGs
[2025-09-17T11:51:43.436+0000] {logging_mixin.py:190} INFO - [2025-09-17T11:51:43.436+0000] {dag.py:4180} INFO - Setting next_dagrun for example_skip_dag to 2025-09-16 00:00:00+00:00, run_after=2025-09-17 00:00:00+00:00
[2025-09-17T11:51:43.466+0000] {processor.py:208} INFO - Processing /home/airflow/.local/lib/python3.12/site-packages/airflow/example_dags/example_skip_dag.py took 0.123 seconds
[2025-09-17T11:52:13.928+0000] {processor.py:186} INFO - Started process (PID=1066) to work on /home/airflow/.local/lib/python3.12/site-packages/airflow/example_dags/example_skip_dag.py
[2025-09-17T11:52:13.929+0000] {processor.py:914} INFO - Processing file /home/airflow/.local/lib/python3.12/site-packages/airflow/example_dags/example_skip_dag.py for tasks to queue
[2025-09-17T11:52:13.932+0000] {logging_mixin.py:190} INFO - [2025-09-17T11:52:13.932+0000] {dagbag.py:588} INFO - Filling up the DagBag from /home/airflow/.local/lib/python3.12/site-packages/airflow/example_dags/example_skip_dag.py
[2025-09-17T11:52:13.942+0000] {processor.py:925} INFO - DAG(s) 'example_skip_dag' retrieved from /home/airflow/.local/lib/python3.12/site-packages/airflow/example_dags/example_skip_dag.py
[2025-09-17T11:52:13.971+0000] {logging_mixin.py:190} INFO - [2025-09-17T11:52:13.971+0000] {dag.py:3239} INFO - Sync 1 DAGs
[2025-09-17T11:52:13.999+0000] {logging_mixin.py:190} INFO - [2025-09-17T11:52:13.999+0000] {dag.py:4180} INFO - Setting next_dagrun for example_skip_dag to 2025-09-16 00:00:00+00:00, run_after=2025-09-17 00:00:00+00:00
[2025-09-17T11:52:14.025+0000] {processor.py:208} INFO - Processing /home/airflow/.local/lib/python3.12/site-packages/airflow/example_dags/example_skip_dag.py took 0.105 seconds
[2025-09-17T11:52:44.432+0000] {processor.py:186} INFO - Started process (PID=1128) to work on /home/airflow/.local/lib/python3.12/site-packages/airflow/example_dags/example_skip_dag.py
[2025-09-17T11:52:44.433+0000] {processor.py:914} INFO - Processing file /home/airflow/.local/lib/python3.12/site-packages/airflow/example_dags/example_skip_dag.py for tasks to queue
[2025-09-17T11:52:44.437+0000] {logging_mixin.py:190} INFO - [2025-09-17T11:52:44.436+0000] {dagbag.py:588} INFO - Filling up the DagBag from /home/airflow/.local/lib/python3.12/site-packages/airflow/example_dags/example_skip_dag.py
[2025-09-17T11:52:44.447+0000] {processor.py:925} INFO - DAG(s) 'example_skip_dag' retrieved from /home/airflow/.local/lib/python3.12/site-packages/airflow/example_dags/example_skip_dag.py
[2025-09-17T11:52:44.475+0000] {logging_mixin.py:190} INFO - [2025-09-17T11:52:44.475+0000] {dag.py:3239} INFO - Sync 1 DAGs
[2025-09-17T11:52:44.502+0000] {logging_mixin.py:190} INFO - [2025-09-17T11:52:44.502+0000] {dag.py:4180} INFO - Setting next_dagrun for example_skip_dag to 2025-09-16 00:00:00+00:00, run_after=2025-09-17 00:00:00+00:00
[2025-09-17T11:52:44.528+0000] {processor.py:208} INFO - Processing /home/airflow/.local/lib/python3.12/site-packages/airflow/example_dags/example_skip_dag.py took 0.104 seconds
[2025-09-17T11:53:15.008+0000] {processor.py:186} INFO - Started process (PID=1190) to work on /home/airflow/.local/lib/python3.12/site-packages/airflow/example_dags/example_skip_dag.py
[2025-09-17T11:53:15.010+0000] {processor.py:914} INFO - Processing file /home/airflow/.local/lib/python3.12/site-packages/airflow/example_dags/example_skip_dag.py for tasks to queue
[2025-09-17T11:53:15.014+0000] {logging_mixin.py:190} INFO - [2025-09-17T11:53:15.013+0000] {dagbag.py:588} INFO - Filling up the DagBag from /home/airflow/.local/lib/python3.12/site-packages/airflow/example_dags/example_skip_dag.py
[2025-09-17T11:53:15.028+0000] {processor.py:925} INFO - DAG(s) 'example_skip_dag' retrieved from /home/airflow/.local/lib/python3.12/site-packages/airflow/example_dags/example_skip_dag.py
[2025-09-17T11:53:15.071+0000] {logging_mixin.py:190} INFO - [2025-09-17T11:53:15.070+0000] {dag.py:3239} INFO - Sync 1 DAGs
[2025-09-17T11:53:15.111+0000] {logging_mixin.py:190} INFO - [2025-09-17T11:53:15.110+0000] {dag.py:4180} INFO - Setting next_dagrun for example_skip_dag to 2025-09-16 00:00:00+00:00, run_after=2025-09-17 00:00:00+00:00
[2025-09-17T11:53:15.147+0000] {processor.py:208} INFO - Processing /home/airflow/.local/lib/python3.12/site-packages/airflow/example_dags/example_skip_dag.py took 0.149 seconds
