[2025-09-17T11:43:29.420+0000] {processor.py:186} INFO - Started process (PID=179) to work on /home/airflow/.local/lib/python3.12/site-packages/airflow/example_dags/example_sla_dag.py
[2025-09-17T11:43:29.422+0000] {processor.py:914} INFO - Processing file /home/airflow/.local/lib/python3.12/site-packages/airflow/example_dags/example_sla_dag.py for tasks to queue
[2025-09-17T11:43:29.426+0000] {logging_mixin.py:190} INFO - [2025-09-17T11:43:29.425+0000] {dagbag.py:588} INFO - Filling up the DagBag from /home/airflow/.local/lib/python3.12/site-packages/airflow/example_dags/example_sla_dag.py
[2025-09-17T11:43:29.446+0000] {processor.py:925} INFO - DAG(s) 'example_sla_dag' retrieved from /home/airflow/.local/lib/python3.12/site-packages/airflow/example_dags/example_sla_dag.py
[2025-09-17T11:43:29.627+0000] {logging_mixin.py:190} INFO - [2025-09-17T11:43:29.626+0000] {override.py:1900} INFO - Created Permission View: can delete on DAG:example_sla_dag
[2025-09-17T11:43:29.648+0000] {logging_mixin.py:190} INFO - [2025-09-17T11:43:29.647+0000] {override.py:1900} INFO - Created Permission View: can edit on DAG:example_sla_dag
[2025-09-17T11:43:29.659+0000] {logging_mixin.py:190} INFO - [2025-09-17T11:43:29.658+0000] {override.py:1900} INFO - Created Permission View: can read on DAG:example_sla_dag
[2025-09-17T11:43:29.674+0000] {logging_mixin.py:190} INFO - [2025-09-17T11:43:29.673+0000] {override.py:1900} INFO - Created Permission View: can delete on DAG Run:example_sla_dag
[2025-09-17T11:43:29.687+0000] {logging_mixin.py:190} INFO - [2025-09-17T11:43:29.686+0000] {override.py:1900} INFO - Created Permission View: menu access on DAG Run:example_sla_dag
[2025-09-17T11:43:29.703+0000] {logging_mixin.py:190} INFO - [2025-09-17T11:43:29.703+0000] {override.py:1900} INFO - Created Permission View: can read on DAG Run:example_sla_dag
[2025-09-17T11:43:29.719+0000] {logging_mixin.py:190} INFO - [2025-09-17T11:43:29.718+0000] {override.py:1900} INFO - Created Permission View: can create on DAG Run:example_sla_dag
[2025-09-17T11:43:29.720+0000] {logging_mixin.py:190} INFO - [2025-09-17T11:43:29.720+0000] {dag.py:3239} INFO - Sync 1 DAGs
[2025-09-17T11:43:29.749+0000] {logging_mixin.py:190} INFO - [2025-09-17T11:43:29.749+0000] {dag.py:3262} INFO - Creating ORM DAG for example_sla_dag
[2025-09-17T11:43:29.775+0000] {logging_mixin.py:190} INFO - [2025-09-17T11:43:29.774+0000] {dag.py:4180} INFO - Setting next_dagrun for example_sla_dag to 2025-09-17 11:40:00+00:00, run_after=2025-09-17 11:42:00+00:00
[2025-09-17T11:43:29.806+0000] {processor.py:208} INFO - Processing /home/airflow/.local/lib/python3.12/site-packages/airflow/example_dags/example_sla_dag.py took 0.395 seconds
[2025-09-17T11:44:03.393+0000] {processor.py:186} INFO - Started process (PID=80) to work on /home/airflow/.local/lib/python3.12/site-packages/airflow/example_dags/example_sla_dag.py
[2025-09-17T11:44:03.395+0000] {processor.py:914} INFO - Processing file /home/airflow/.local/lib/python3.12/site-packages/airflow/example_dags/example_sla_dag.py for tasks to queue
[2025-09-17T11:44:03.400+0000] {logging_mixin.py:190} INFO - [2025-09-17T11:44:03.399+0000] {dagbag.py:588} INFO - Filling up the DagBag from /home/airflow/.local/lib/python3.12/site-packages/airflow/example_dags/example_sla_dag.py
[2025-09-17T11:44:03.422+0000] {processor.py:925} INFO - DAG(s) 'example_sla_dag' retrieved from /home/airflow/.local/lib/python3.12/site-packages/airflow/example_dags/example_sla_dag.py
[2025-09-17T11:44:03.460+0000] {logging_mixin.py:190} INFO - [2025-09-17T11:44:03.460+0000] {dag.py:3239} INFO - Sync 1 DAGs
[2025-09-17T11:44:03.541+0000] {logging_mixin.py:190} INFO - [2025-09-17T11:44:03.541+0000] {dag.py:4180} INFO - Setting next_dagrun for example_sla_dag to 2025-09-17 11:42:00+00:00, run_after=2025-09-17 11:44:00+00:00
[2025-09-17T11:44:03.587+0000] {processor.py:208} INFO - Processing /home/airflow/.local/lib/python3.12/site-packages/airflow/example_dags/example_sla_dag.py took 0.205 seconds
[2025-09-17T11:44:34.492+0000] {processor.py:186} INFO - Started process (PID=149) to work on /home/airflow/.local/lib/python3.12/site-packages/airflow/example_dags/example_sla_dag.py
[2025-09-17T11:44:34.494+0000] {processor.py:914} INFO - Processing file /home/airflow/.local/lib/python3.12/site-packages/airflow/example_dags/example_sla_dag.py for tasks to queue
[2025-09-17T11:44:34.497+0000] {logging_mixin.py:190} INFO - [2025-09-17T11:44:34.497+0000] {dagbag.py:588} INFO - Filling up the DagBag from /home/airflow/.local/lib/python3.12/site-packages/airflow/example_dags/example_sla_dag.py
[2025-09-17T11:44:34.511+0000] {processor.py:925} INFO - DAG(s) 'example_sla_dag' retrieved from /home/airflow/.local/lib/python3.12/site-packages/airflow/example_dags/example_sla_dag.py
[2025-09-17T11:44:34.541+0000] {logging_mixin.py:190} INFO - [2025-09-17T11:44:34.541+0000] {dag.py:3239} INFO - Sync 1 DAGs
[2025-09-17T11:44:34.573+0000] {logging_mixin.py:190} INFO - [2025-09-17T11:44:34.573+0000] {dag.py:4180} INFO - Setting next_dagrun for example_sla_dag to 2025-09-17 11:42:00+00:00, run_after=2025-09-17 11:44:00+00:00
[2025-09-17T11:44:34.598+0000] {processor.py:208} INFO - Processing /home/airflow/.local/lib/python3.12/site-packages/airflow/example_dags/example_sla_dag.py took 0.113 seconds
[2025-09-17T11:45:05.422+0000] {processor.py:186} INFO - Started process (PID=211) to work on /home/airflow/.local/lib/python3.12/site-packages/airflow/example_dags/example_sla_dag.py
[2025-09-17T11:45:05.423+0000] {processor.py:914} INFO - Processing file /home/airflow/.local/lib/python3.12/site-packages/airflow/example_dags/example_sla_dag.py for tasks to queue
[2025-09-17T11:45:05.427+0000] {logging_mixin.py:190} INFO - [2025-09-17T11:45:05.427+0000] {dagbag.py:588} INFO - Filling up the DagBag from /home/airflow/.local/lib/python3.12/site-packages/airflow/example_dags/example_sla_dag.py
[2025-09-17T11:45:05.441+0000] {processor.py:925} INFO - DAG(s) 'example_sla_dag' retrieved from /home/airflow/.local/lib/python3.12/site-packages/airflow/example_dags/example_sla_dag.py
[2025-09-17T11:45:05.468+0000] {logging_mixin.py:190} INFO - [2025-09-17T11:45:05.468+0000] {dag.py:3239} INFO - Sync 1 DAGs
[2025-09-17T11:45:05.498+0000] {logging_mixin.py:190} INFO - [2025-09-17T11:45:05.498+0000] {dag.py:4180} INFO - Setting next_dagrun for example_sla_dag to 2025-09-17 11:42:00+00:00, run_after=2025-09-17 11:44:00+00:00
[2025-09-17T11:45:05.537+0000] {processor.py:208} INFO - Processing /home/airflow/.local/lib/python3.12/site-packages/airflow/example_dags/example_sla_dag.py took 0.123 seconds
[2025-09-17T11:45:36.431+0000] {processor.py:186} INFO - Started process (PID=273) to work on /home/airflow/.local/lib/python3.12/site-packages/airflow/example_dags/example_sla_dag.py
[2025-09-17T11:45:36.432+0000] {processor.py:914} INFO - Processing file /home/airflow/.local/lib/python3.12/site-packages/airflow/example_dags/example_sla_dag.py for tasks to queue
[2025-09-17T11:45:36.436+0000] {logging_mixin.py:190} INFO - [2025-09-17T11:45:36.435+0000] {dagbag.py:588} INFO - Filling up the DagBag from /home/airflow/.local/lib/python3.12/site-packages/airflow/example_dags/example_sla_dag.py
[2025-09-17T11:45:36.449+0000] {processor.py:925} INFO - DAG(s) 'example_sla_dag' retrieved from /home/airflow/.local/lib/python3.12/site-packages/airflow/example_dags/example_sla_dag.py
[2025-09-17T11:45:36.475+0000] {logging_mixin.py:190} INFO - [2025-09-17T11:45:36.474+0000] {dag.py:3239} INFO - Sync 1 DAGs
[2025-09-17T11:45:36.504+0000] {logging_mixin.py:190} INFO - [2025-09-17T11:45:36.504+0000] {dag.py:4180} INFO - Setting next_dagrun for example_sla_dag to 2025-09-17 11:42:00+00:00, run_after=2025-09-17 11:44:00+00:00
[2025-09-17T11:45:36.529+0000] {processor.py:208} INFO - Processing /home/airflow/.local/lib/python3.12/site-packages/airflow/example_dags/example_sla_dag.py took 0.108 seconds
[2025-09-17T11:46:07.298+0000] {processor.py:186} INFO - Started process (PID=336) to work on /home/airflow/.local/lib/python3.12/site-packages/airflow/example_dags/example_sla_dag.py
[2025-09-17T11:46:07.300+0000] {processor.py:914} INFO - Processing file /home/airflow/.local/lib/python3.12/site-packages/airflow/example_dags/example_sla_dag.py for tasks to queue
[2025-09-17T11:46:07.322+0000] {logging_mixin.py:190} INFO - [2025-09-17T11:46:07.322+0000] {dagbag.py:588} INFO - Filling up the DagBag from /home/airflow/.local/lib/python3.12/site-packages/airflow/example_dags/example_sla_dag.py
[2025-09-17T11:46:07.344+0000] {processor.py:925} INFO - DAG(s) 'example_sla_dag' retrieved from /home/airflow/.local/lib/python3.12/site-packages/airflow/example_dags/example_sla_dag.py
[2025-09-17T11:46:07.373+0000] {logging_mixin.py:190} INFO - [2025-09-17T11:46:07.373+0000] {dag.py:3239} INFO - Sync 1 DAGs
[2025-09-17T11:46:07.404+0000] {logging_mixin.py:190} INFO - [2025-09-17T11:46:07.404+0000] {dag.py:4180} INFO - Setting next_dagrun for example_sla_dag to 2025-09-17 11:44:00+00:00, run_after=2025-09-17 11:46:00+00:00
[2025-09-17T11:46:07.429+0000] {processor.py:208} INFO - Processing /home/airflow/.local/lib/python3.12/site-packages/airflow/example_dags/example_sla_dag.py took 0.162 seconds
[2025-09-17T11:46:37.969+0000] {processor.py:186} INFO - Started process (PID=398) to work on /home/airflow/.local/lib/python3.12/site-packages/airflow/example_dags/example_sla_dag.py
[2025-09-17T11:46:37.970+0000] {processor.py:914} INFO - Processing file /home/airflow/.local/lib/python3.12/site-packages/airflow/example_dags/example_sla_dag.py for tasks to queue
[2025-09-17T11:46:37.973+0000] {logging_mixin.py:190} INFO - [2025-09-17T11:46:37.973+0000] {dagbag.py:588} INFO - Filling up the DagBag from /home/airflow/.local/lib/python3.12/site-packages/airflow/example_dags/example_sla_dag.py
[2025-09-17T11:46:37.988+0000] {processor.py:925} INFO - DAG(s) 'example_sla_dag' retrieved from /home/airflow/.local/lib/python3.12/site-packages/airflow/example_dags/example_sla_dag.py
[2025-09-17T11:46:38.019+0000] {logging_mixin.py:190} INFO - [2025-09-17T11:46:38.019+0000] {dag.py:3239} INFO - Sync 1 DAGs
[2025-09-17T11:46:38.053+0000] {logging_mixin.py:190} INFO - [2025-09-17T11:46:38.053+0000] {dag.py:4180} INFO - Setting next_dagrun for example_sla_dag to 2025-09-17 11:44:00+00:00, run_after=2025-09-17 11:46:00+00:00
[2025-09-17T11:46:38.080+0000] {processor.py:208} INFO - Processing /home/airflow/.local/lib/python3.12/site-packages/airflow/example_dags/example_sla_dag.py took 0.120 seconds
[2025-09-17T11:47:08.735+0000] {processor.py:186} INFO - Started process (PID=460) to work on /home/airflow/.local/lib/python3.12/site-packages/airflow/example_dags/example_sla_dag.py
[2025-09-17T11:47:08.737+0000] {processor.py:914} INFO - Processing file /home/airflow/.local/lib/python3.12/site-packages/airflow/example_dags/example_sla_dag.py for tasks to queue
[2025-09-17T11:47:08.740+0000] {logging_mixin.py:190} INFO - [2025-09-17T11:47:08.740+0000] {dagbag.py:588} INFO - Filling up the DagBag from /home/airflow/.local/lib/python3.12/site-packages/airflow/example_dags/example_sla_dag.py
[2025-09-17T11:47:08.753+0000] {processor.py:925} INFO - DAG(s) 'example_sla_dag' retrieved from /home/airflow/.local/lib/python3.12/site-packages/airflow/example_dags/example_sla_dag.py
[2025-09-17T11:47:08.781+0000] {logging_mixin.py:190} INFO - [2025-09-17T11:47:08.781+0000] {dag.py:3239} INFO - Sync 1 DAGs
[2025-09-17T11:47:08.811+0000] {logging_mixin.py:190} INFO - [2025-09-17T11:47:08.811+0000] {dag.py:4180} INFO - Setting next_dagrun for example_sla_dag to 2025-09-17 11:44:00+00:00, run_after=2025-09-17 11:46:00+00:00
[2025-09-17T11:47:08.833+0000] {processor.py:208} INFO - Processing /home/airflow/.local/lib/python3.12/site-packages/airflow/example_dags/example_sla_dag.py took 0.106 seconds
[2025-09-17T11:47:39.430+0000] {processor.py:186} INFO - Started process (PID=523) to work on /home/airflow/.local/lib/python3.12/site-packages/airflow/example_dags/example_sla_dag.py
[2025-09-17T11:47:39.432+0000] {processor.py:914} INFO - Processing file /home/airflow/.local/lib/python3.12/site-packages/airflow/example_dags/example_sla_dag.py for tasks to queue
[2025-09-17T11:47:39.436+0000] {logging_mixin.py:190} INFO - [2025-09-17T11:47:39.435+0000] {dagbag.py:588} INFO - Filling up the DagBag from /home/airflow/.local/lib/python3.12/site-packages/airflow/example_dags/example_sla_dag.py
[2025-09-17T11:47:39.450+0000] {processor.py:925} INFO - DAG(s) 'example_sla_dag' retrieved from /home/airflow/.local/lib/python3.12/site-packages/airflow/example_dags/example_sla_dag.py
[2025-09-17T11:47:39.485+0000] {logging_mixin.py:190} INFO - [2025-09-17T11:47:39.485+0000] {dag.py:3239} INFO - Sync 1 DAGs
[2025-09-17T11:47:39.520+0000] {logging_mixin.py:190} INFO - [2025-09-17T11:47:39.520+0000] {dag.py:4180} INFO - Setting next_dagrun for example_sla_dag to 2025-09-17 11:44:00+00:00, run_after=2025-09-17 11:46:00+00:00
[2025-09-17T11:47:39.551+0000] {processor.py:208} INFO - Processing /home/airflow/.local/lib/python3.12/site-packages/airflow/example_dags/example_sla_dag.py took 0.129 seconds
[2025-09-17T11:48:09.940+0000] {processor.py:186} INFO - Started process (PID=585) to work on /home/airflow/.local/lib/python3.12/site-packages/airflow/example_dags/example_sla_dag.py
[2025-09-17T11:48:09.942+0000] {processor.py:914} INFO - Processing file /home/airflow/.local/lib/python3.12/site-packages/airflow/example_dags/example_sla_dag.py for tasks to queue
[2025-09-17T11:48:09.948+0000] {logging_mixin.py:190} INFO - [2025-09-17T11:48:09.947+0000] {dagbag.py:588} INFO - Filling up the DagBag from /home/airflow/.local/lib/python3.12/site-packages/airflow/example_dags/example_sla_dag.py
[2025-09-17T11:48:09.969+0000] {processor.py:925} INFO - DAG(s) 'example_sla_dag' retrieved from /home/airflow/.local/lib/python3.12/site-packages/airflow/example_dags/example_sla_dag.py
[2025-09-17T11:48:09.995+0000] {logging_mixin.py:190} INFO - [2025-09-17T11:48:09.995+0000] {dag.py:3239} INFO - Sync 1 DAGs
[2025-09-17T11:48:10.039+0000] {logging_mixin.py:190} INFO - [2025-09-17T11:48:10.038+0000] {dag.py:4180} INFO - Setting next_dagrun for example_sla_dag to 2025-09-17 11:46:00+00:00, run_after=2025-09-17 11:48:00+00:00
[2025-09-17T11:48:10.065+0000] {processor.py:208} INFO - Processing /home/airflow/.local/lib/python3.12/site-packages/airflow/example_dags/example_sla_dag.py took 0.139 seconds
[2025-09-17T11:48:40.358+0000] {processor.py:186} INFO - Started process (PID=647) to work on /home/airflow/.local/lib/python3.12/site-packages/airflow/example_dags/example_sla_dag.py
[2025-09-17T11:48:40.359+0000] {processor.py:914} INFO - Processing file /home/airflow/.local/lib/python3.12/site-packages/airflow/example_dags/example_sla_dag.py for tasks to queue
[2025-09-17T11:48:40.363+0000] {logging_mixin.py:190} INFO - [2025-09-17T11:48:40.362+0000] {dagbag.py:588} INFO - Filling up the DagBag from /home/airflow/.local/lib/python3.12/site-packages/airflow/example_dags/example_sla_dag.py
[2025-09-17T11:48:40.375+0000] {processor.py:925} INFO - DAG(s) 'example_sla_dag' retrieved from /home/airflow/.local/lib/python3.12/site-packages/airflow/example_dags/example_sla_dag.py
[2025-09-17T11:48:40.401+0000] {logging_mixin.py:190} INFO - [2025-09-17T11:48:40.400+0000] {dag.py:3239} INFO - Sync 1 DAGs
[2025-09-17T11:48:40.432+0000] {logging_mixin.py:190} INFO - [2025-09-17T11:48:40.432+0000] {dag.py:4180} INFO - Setting next_dagrun for example_sla_dag to 2025-09-17 11:46:00+00:00, run_after=2025-09-17 11:48:00+00:00
[2025-09-17T11:48:40.456+0000] {processor.py:208} INFO - Processing /home/airflow/.local/lib/python3.12/site-packages/airflow/example_dags/example_sla_dag.py took 0.106 seconds
[2025-09-17T11:49:10.930+0000] {processor.py:186} INFO - Started process (PID=710) to work on /home/airflow/.local/lib/python3.12/site-packages/airflow/example_dags/example_sla_dag.py
[2025-09-17T11:49:10.933+0000] {processor.py:914} INFO - Processing file /home/airflow/.local/lib/python3.12/site-packages/airflow/example_dags/example_sla_dag.py for tasks to queue
[2025-09-17T11:49:10.939+0000] {logging_mixin.py:190} INFO - [2025-09-17T11:49:10.938+0000] {dagbag.py:588} INFO - Filling up the DagBag from /home/airflow/.local/lib/python3.12/site-packages/airflow/example_dags/example_sla_dag.py
[2025-09-17T11:49:10.961+0000] {processor.py:925} INFO - DAG(s) 'example_sla_dag' retrieved from /home/airflow/.local/lib/python3.12/site-packages/airflow/example_dags/example_sla_dag.py
[2025-09-17T11:49:11.021+0000] {logging_mixin.py:190} INFO - [2025-09-17T11:49:11.021+0000] {dag.py:3239} INFO - Sync 1 DAGs
[2025-09-17T11:49:11.097+0000] {logging_mixin.py:190} INFO - [2025-09-17T11:49:11.096+0000] {dag.py:4180} INFO - Setting next_dagrun for example_sla_dag to 2025-09-17 11:46:00+00:00, run_after=2025-09-17 11:48:00+00:00
[2025-09-17T11:49:11.133+0000] {processor.py:208} INFO - Processing /home/airflow/.local/lib/python3.12/site-packages/airflow/example_dags/example_sla_dag.py took 0.217 seconds
[2025-09-17T11:49:41.459+0000] {processor.py:186} INFO - Started process (PID=772) to work on /home/airflow/.local/lib/python3.12/site-packages/airflow/example_dags/example_sla_dag.py
[2025-09-17T11:49:41.461+0000] {processor.py:914} INFO - Processing file /home/airflow/.local/lib/python3.12/site-packages/airflow/example_dags/example_sla_dag.py for tasks to queue
[2025-09-17T11:49:41.466+0000] {logging_mixin.py:190} INFO - [2025-09-17T11:49:41.465+0000] {dagbag.py:588} INFO - Filling up the DagBag from /home/airflow/.local/lib/python3.12/site-packages/airflow/example_dags/example_sla_dag.py
[2025-09-17T11:49:41.488+0000] {processor.py:925} INFO - DAG(s) 'example_sla_dag' retrieved from /home/airflow/.local/lib/python3.12/site-packages/airflow/example_dags/example_sla_dag.py
[2025-09-17T11:49:41.536+0000] {logging_mixin.py:190} INFO - [2025-09-17T11:49:41.536+0000] {dag.py:3239} INFO - Sync 1 DAGs
[2025-09-17T11:49:41.587+0000] {logging_mixin.py:190} INFO - [2025-09-17T11:49:41.587+0000] {dag.py:4180} INFO - Setting next_dagrun for example_sla_dag to 2025-09-17 11:46:00+00:00, run_after=2025-09-17 11:48:00+00:00
[2025-09-17T11:49:41.620+0000] {processor.py:208} INFO - Processing /home/airflow/.local/lib/python3.12/site-packages/airflow/example_dags/example_sla_dag.py took 0.173 seconds
[2025-09-17T11:50:12.410+0000] {processor.py:186} INFO - Started process (PID=834) to work on /home/airflow/.local/lib/python3.12/site-packages/airflow/example_dags/example_sla_dag.py
[2025-09-17T11:50:12.413+0000] {processor.py:914} INFO - Processing file /home/airflow/.local/lib/python3.12/site-packages/airflow/example_dags/example_sla_dag.py for tasks to queue
[2025-09-17T11:50:12.416+0000] {logging_mixin.py:190} INFO - [2025-09-17T11:50:12.416+0000] {dagbag.py:588} INFO - Filling up the DagBag from /home/airflow/.local/lib/python3.12/site-packages/airflow/example_dags/example_sla_dag.py
[2025-09-17T11:50:12.434+0000] {processor.py:925} INFO - DAG(s) 'example_sla_dag' retrieved from /home/airflow/.local/lib/python3.12/site-packages/airflow/example_dags/example_sla_dag.py
[2025-09-17T11:50:12.465+0000] {logging_mixin.py:190} INFO - [2025-09-17T11:50:12.464+0000] {dag.py:3239} INFO - Sync 1 DAGs
[2025-09-17T11:50:12.496+0000] {logging_mixin.py:190} INFO - [2025-09-17T11:50:12.496+0000] {dag.py:4180} INFO - Setting next_dagrun for example_sla_dag to 2025-09-17 11:48:00+00:00, run_after=2025-09-17 11:50:00+00:00
[2025-09-17T11:50:12.520+0000] {processor.py:208} INFO - Processing /home/airflow/.local/lib/python3.12/site-packages/airflow/example_dags/example_sla_dag.py took 0.119 seconds
[2025-09-17T11:50:43.916+0000] {processor.py:186} INFO - Started process (PID=896) to work on /home/airflow/.local/lib/python3.12/site-packages/airflow/example_dags/example_sla_dag.py
[2025-09-17T11:50:43.918+0000] {processor.py:914} INFO - Processing file /home/airflow/.local/lib/python3.12/site-packages/airflow/example_dags/example_sla_dag.py for tasks to queue
[2025-09-17T11:50:43.921+0000] {logging_mixin.py:190} INFO - [2025-09-17T11:50:43.921+0000] {dagbag.py:588} INFO - Filling up the DagBag from /home/airflow/.local/lib/python3.12/site-packages/airflow/example_dags/example_sla_dag.py
[2025-09-17T11:50:43.937+0000] {processor.py:925} INFO - DAG(s) 'example_sla_dag' retrieved from /home/airflow/.local/lib/python3.12/site-packages/airflow/example_dags/example_sla_dag.py
[2025-09-17T11:50:43.963+0000] {logging_mixin.py:190} INFO - [2025-09-17T11:50:43.962+0000] {dag.py:3239} INFO - Sync 1 DAGs
[2025-09-17T11:50:43.994+0000] {logging_mixin.py:190} INFO - [2025-09-17T11:50:43.994+0000] {dag.py:4180} INFO - Setting next_dagrun for example_sla_dag to 2025-09-17 11:48:00+00:00, run_after=2025-09-17 11:50:00+00:00
[2025-09-17T11:50:44.016+0000] {processor.py:208} INFO - Processing /home/airflow/.local/lib/python3.12/site-packages/airflow/example_dags/example_sla_dag.py took 0.107 seconds
[2025-09-17T11:51:14.225+0000] {processor.py:186} INFO - Started process (PID=958) to work on /home/airflow/.local/lib/python3.12/site-packages/airflow/example_dags/example_sla_dag.py
[2025-09-17T11:51:14.226+0000] {processor.py:914} INFO - Processing file /home/airflow/.local/lib/python3.12/site-packages/airflow/example_dags/example_sla_dag.py for tasks to queue
[2025-09-17T11:51:14.229+0000] {logging_mixin.py:190} INFO - [2025-09-17T11:51:14.229+0000] {dagbag.py:588} INFO - Filling up the DagBag from /home/airflow/.local/lib/python3.12/site-packages/airflow/example_dags/example_sla_dag.py
[2025-09-17T11:51:14.244+0000] {processor.py:925} INFO - DAG(s) 'example_sla_dag' retrieved from /home/airflow/.local/lib/python3.12/site-packages/airflow/example_dags/example_sla_dag.py
[2025-09-17T11:51:14.270+0000] {logging_mixin.py:190} INFO - [2025-09-17T11:51:14.269+0000] {dag.py:3239} INFO - Sync 1 DAGs
[2025-09-17T11:51:14.314+0000] {logging_mixin.py:190} INFO - [2025-09-17T11:51:14.314+0000] {dag.py:4180} INFO - Setting next_dagrun for example_sla_dag to 2025-09-17 11:48:00+00:00, run_after=2025-09-17 11:50:00+00:00
[2025-09-17T11:51:14.342+0000] {processor.py:208} INFO - Processing /home/airflow/.local/lib/python3.12/site-packages/airflow/example_dags/example_sla_dag.py took 0.125 seconds
[2025-09-17T11:51:44.926+0000] {processor.py:186} INFO - Started process (PID=1020) to work on /home/airflow/.local/lib/python3.12/site-packages/airflow/example_dags/example_sla_dag.py
[2025-09-17T11:51:44.928+0000] {processor.py:914} INFO - Processing file /home/airflow/.local/lib/python3.12/site-packages/airflow/example_dags/example_sla_dag.py for tasks to queue
[2025-09-17T11:51:44.932+0000] {logging_mixin.py:190} INFO - [2025-09-17T11:51:44.931+0000] {dagbag.py:588} INFO - Filling up the DagBag from /home/airflow/.local/lib/python3.12/site-packages/airflow/example_dags/example_sla_dag.py
[2025-09-17T11:51:44.947+0000] {processor.py:925} INFO - DAG(s) 'example_sla_dag' retrieved from /home/airflow/.local/lib/python3.12/site-packages/airflow/example_dags/example_sla_dag.py
[2025-09-17T11:51:44.974+0000] {logging_mixin.py:190} INFO - [2025-09-17T11:51:44.973+0000] {dag.py:3239} INFO - Sync 1 DAGs
[2025-09-17T11:51:45.012+0000] {logging_mixin.py:190} INFO - [2025-09-17T11:51:45.012+0000] {dag.py:4180} INFO - Setting next_dagrun for example_sla_dag to 2025-09-17 11:48:00+00:00, run_after=2025-09-17 11:50:00+00:00
[2025-09-17T11:51:45.042+0000] {processor.py:208} INFO - Processing /home/airflow/.local/lib/python3.12/site-packages/airflow/example_dags/example_sla_dag.py took 0.130 seconds
[2025-09-17T11:52:15.113+0000] {processor.py:186} INFO - Started process (PID=1082) to work on /home/airflow/.local/lib/python3.12/site-packages/airflow/example_dags/example_sla_dag.py
[2025-09-17T11:52:15.114+0000] {processor.py:914} INFO - Processing file /home/airflow/.local/lib/python3.12/site-packages/airflow/example_dags/example_sla_dag.py for tasks to queue
[2025-09-17T11:52:15.118+0000] {logging_mixin.py:190} INFO - [2025-09-17T11:52:15.117+0000] {dagbag.py:588} INFO - Filling up the DagBag from /home/airflow/.local/lib/python3.12/site-packages/airflow/example_dags/example_sla_dag.py
[2025-09-17T11:52:15.131+0000] {processor.py:925} INFO - DAG(s) 'example_sla_dag' retrieved from /home/airflow/.local/lib/python3.12/site-packages/airflow/example_dags/example_sla_dag.py
[2025-09-17T11:52:15.156+0000] {logging_mixin.py:190} INFO - [2025-09-17T11:52:15.156+0000] {dag.py:3239} INFO - Sync 1 DAGs
[2025-09-17T11:52:15.189+0000] {logging_mixin.py:190} INFO - [2025-09-17T11:52:15.189+0000] {dag.py:4180} INFO - Setting next_dagrun for example_sla_dag to 2025-09-17 11:50:00+00:00, run_after=2025-09-17 11:52:00+00:00
[2025-09-17T11:52:15.214+0000] {processor.py:208} INFO - Processing /home/airflow/.local/lib/python3.12/site-packages/airflow/example_dags/example_sla_dag.py took 0.108 seconds
[2025-09-17T11:52:45.929+0000] {processor.py:186} INFO - Started process (PID=1144) to work on /home/airflow/.local/lib/python3.12/site-packages/airflow/example_dags/example_sla_dag.py
[2025-09-17T11:52:45.930+0000] {processor.py:914} INFO - Processing file /home/airflow/.local/lib/python3.12/site-packages/airflow/example_dags/example_sla_dag.py for tasks to queue
[2025-09-17T11:52:45.934+0000] {logging_mixin.py:190} INFO - [2025-09-17T11:52:45.933+0000] {dagbag.py:588} INFO - Filling up the DagBag from /home/airflow/.local/lib/python3.12/site-packages/airflow/example_dags/example_sla_dag.py
[2025-09-17T11:52:45.947+0000] {processor.py:925} INFO - DAG(s) 'example_sla_dag' retrieved from /home/airflow/.local/lib/python3.12/site-packages/airflow/example_dags/example_sla_dag.py
[2025-09-17T11:52:45.979+0000] {logging_mixin.py:190} INFO - [2025-09-17T11:52:45.979+0000] {dag.py:3239} INFO - Sync 1 DAGs
[2025-09-17T11:52:46.031+0000] {logging_mixin.py:190} INFO - [2025-09-17T11:52:46.030+0000] {dag.py:4180} INFO - Setting next_dagrun for example_sla_dag to 2025-09-17 11:50:00+00:00, run_after=2025-09-17 11:52:00+00:00
[2025-09-17T11:52:46.057+0000] {processor.py:208} INFO - Processing /home/airflow/.local/lib/python3.12/site-packages/airflow/example_dags/example_sla_dag.py took 0.136 seconds
[2025-09-17T11:53:16.385+0000] {processor.py:186} INFO - Started process (PID=1206) to work on /home/airflow/.local/lib/python3.12/site-packages/airflow/example_dags/example_sla_dag.py
[2025-09-17T11:53:16.387+0000] {processor.py:914} INFO - Processing file /home/airflow/.local/lib/python3.12/site-packages/airflow/example_dags/example_sla_dag.py for tasks to queue
[2025-09-17T11:53:16.392+0000] {logging_mixin.py:190} INFO - [2025-09-17T11:53:16.391+0000] {dagbag.py:588} INFO - Filling up the DagBag from /home/airflow/.local/lib/python3.12/site-packages/airflow/example_dags/example_sla_dag.py
[2025-09-17T11:53:16.417+0000] {processor.py:925} INFO - DAG(s) 'example_sla_dag' retrieved from /home/airflow/.local/lib/python3.12/site-packages/airflow/example_dags/example_sla_dag.py
[2025-09-17T11:53:16.467+0000] {logging_mixin.py:190} INFO - [2025-09-17T11:53:16.466+0000] {dag.py:3239} INFO - Sync 1 DAGs
[2025-09-17T11:53:16.540+0000] {logging_mixin.py:190} INFO - [2025-09-17T11:53:16.540+0000] {dag.py:4180} INFO - Setting next_dagrun for example_sla_dag to 2025-09-17 11:50:00+00:00, run_after=2025-09-17 11:52:00+00:00
[2025-09-17T11:53:16.574+0000] {processor.py:208} INFO - Processing /home/airflow/.local/lib/python3.12/site-packages/airflow/example_dags/example_sla_dag.py took 0.201 seconds
