[2025-09-17T11:43:32.378+0000] {processor.py:186} INFO - Started process (PID=192) to work on /home/airflow/.local/lib/python3.12/site-packages/airflow/example_dags/example_branch_labels.py
[2025-09-17T11:43:32.380+0000] {processor.py:914} INFO - Processing file /home/airflow/.local/lib/python3.12/site-packages/airflow/example_dags/example_branch_labels.py for tasks to queue
[2025-09-17T11:43:32.413+0000] {logging_mixin.py:190} INFO - [2025-09-17T11:43:32.413+0000] {dagbag.py:588} INFO - Filling up the DagBag from /home/airflow/.local/lib/python3.12/site-packages/airflow/example_dags/example_branch_labels.py
[2025-09-17T11:43:32.438+0000] {processor.py:925} INFO - DAG(s) 'example_branch_labels' retrieved from /home/airflow/.local/lib/python3.12/site-packages/airflow/example_dags/example_branch_labels.py
[2025-09-17T11:43:32.586+0000] {logging_mixin.py:190} INFO - [2025-09-17T11:43:32.585+0000] {override.py:1900} INFO - Created Permission View: can delete on DAG:example_branch_labels
[2025-09-17T11:43:32.599+0000] {logging_mixin.py:190} INFO - [2025-09-17T11:43:32.599+0000] {override.py:1900} INFO - Created Permission View: can edit on DAG:example_branch_labels
[2025-09-17T11:43:32.607+0000] {logging_mixin.py:190} INFO - [2025-09-17T11:43:32.607+0000] {override.py:1900} INFO - Created Permission View: can read on DAG:example_branch_labels
[2025-09-17T11:43:32.617+0000] {logging_mixin.py:190} INFO - [2025-09-17T11:43:32.617+0000] {override.py:1900} INFO - Created Permission View: can delete on DAG Run:example_branch_labels
[2025-09-17T11:43:32.627+0000] {logging_mixin.py:190} INFO - [2025-09-17T11:43:32.627+0000] {override.py:1900} INFO - Created Permission View: menu access on DAG Run:example_branch_labels
[2025-09-17T11:43:32.637+0000] {logging_mixin.py:190} INFO - [2025-09-17T11:43:32.636+0000] {override.py:1900} INFO - Created Permission View: can read on DAG Run:example_branch_labels
[2025-09-17T11:43:32.657+0000] {logging_mixin.py:190} INFO - [2025-09-17T11:43:32.656+0000] {override.py:1900} INFO - Created Permission View: can create on DAG Run:example_branch_labels
[2025-09-17T11:43:32.659+0000] {logging_mixin.py:190} INFO - [2025-09-17T11:43:32.658+0000] {dag.py:3239} INFO - Sync 1 DAGs
[2025-09-17T11:43:32.706+0000] {logging_mixin.py:190} INFO - [2025-09-17T11:43:32.705+0000] {dag.py:3262} INFO - Creating ORM DAG for example_branch_labels
[2025-09-17T11:43:32.737+0000] {logging_mixin.py:190} INFO - [2025-09-17T11:43:32.737+0000] {dag.py:4180} INFO - Setting next_dagrun for example_branch_labels to 2025-09-16 00:00:00+00:00, run_after=2025-09-17 00:00:00+00:00
[2025-09-17T11:43:32.773+0000] {processor.py:208} INFO - Processing /home/airflow/.local/lib/python3.12/site-packages/airflow/example_dags/example_branch_labels.py took 0.407 seconds
[2025-09-17T11:44:05.172+0000] {processor.py:186} INFO - Started process (PID=100) to work on /home/airflow/.local/lib/python3.12/site-packages/airflow/example_dags/example_branch_labels.py
[2025-09-17T11:44:05.173+0000] {processor.py:914} INFO - Processing file /home/airflow/.local/lib/python3.12/site-packages/airflow/example_dags/example_branch_labels.py for tasks to queue
[2025-09-17T11:44:05.178+0000] {logging_mixin.py:190} INFO - [2025-09-17T11:44:05.178+0000] {dagbag.py:588} INFO - Filling up the DagBag from /home/airflow/.local/lib/python3.12/site-packages/airflow/example_dags/example_branch_labels.py
[2025-09-17T11:44:05.197+0000] {processor.py:925} INFO - DAG(s) 'example_branch_labels' retrieved from /home/airflow/.local/lib/python3.12/site-packages/airflow/example_dags/example_branch_labels.py
[2025-09-17T11:44:05.223+0000] {logging_mixin.py:190} INFO - [2025-09-17T11:44:05.223+0000] {dag.py:3239} INFO - Sync 1 DAGs
[2025-09-17T11:44:05.251+0000] {logging_mixin.py:190} INFO - [2025-09-17T11:44:05.251+0000] {dag.py:4180} INFO - Setting next_dagrun for example_branch_labels to 2025-09-16 00:00:00+00:00, run_after=2025-09-17 00:00:00+00:00
[2025-09-17T11:44:05.276+0000] {processor.py:208} INFO - Processing /home/airflow/.local/lib/python3.12/site-packages/airflow/example_dags/example_branch_labels.py took 0.111 seconds
[2025-09-17T11:44:35.971+0000] {processor.py:186} INFO - Started process (PID=162) to work on /home/airflow/.local/lib/python3.12/site-packages/airflow/example_dags/example_branch_labels.py
[2025-09-17T11:44:35.973+0000] {processor.py:914} INFO - Processing file /home/airflow/.local/lib/python3.12/site-packages/airflow/example_dags/example_branch_labels.py for tasks to queue
[2025-09-17T11:44:35.977+0000] {logging_mixin.py:190} INFO - [2025-09-17T11:44:35.977+0000] {dagbag.py:588} INFO - Filling up the DagBag from /home/airflow/.local/lib/python3.12/site-packages/airflow/example_dags/example_branch_labels.py
[2025-09-17T11:44:35.995+0000] {processor.py:925} INFO - DAG(s) 'example_branch_labels' retrieved from /home/airflow/.local/lib/python3.12/site-packages/airflow/example_dags/example_branch_labels.py
[2025-09-17T11:44:36.031+0000] {logging_mixin.py:190} INFO - [2025-09-17T11:44:36.030+0000] {dag.py:3239} INFO - Sync 1 DAGs
[2025-09-17T11:44:36.065+0000] {logging_mixin.py:190} INFO - [2025-09-17T11:44:36.064+0000] {dag.py:4180} INFO - Setting next_dagrun for example_branch_labels to 2025-09-16 00:00:00+00:00, run_after=2025-09-17 00:00:00+00:00
[2025-09-17T11:44:36.087+0000] {processor.py:208} INFO - Processing /home/airflow/.local/lib/python3.12/site-packages/airflow/example_dags/example_branch_labels.py took 0.124 seconds
[2025-09-17T11:45:06.875+0000] {processor.py:186} INFO - Started process (PID=224) to work on /home/airflow/.local/lib/python3.12/site-packages/airflow/example_dags/example_branch_labels.py
[2025-09-17T11:45:06.879+0000] {processor.py:914} INFO - Processing file /home/airflow/.local/lib/python3.12/site-packages/airflow/example_dags/example_branch_labels.py for tasks to queue
[2025-09-17T11:45:06.887+0000] {logging_mixin.py:190} INFO - [2025-09-17T11:45:06.886+0000] {dagbag.py:588} INFO - Filling up the DagBag from /home/airflow/.local/lib/python3.12/site-packages/airflow/example_dags/example_branch_labels.py
[2025-09-17T11:45:06.908+0000] {processor.py:925} INFO - DAG(s) 'example_branch_labels' retrieved from /home/airflow/.local/lib/python3.12/site-packages/airflow/example_dags/example_branch_labels.py
[2025-09-17T11:45:06.934+0000] {logging_mixin.py:190} INFO - [2025-09-17T11:45:06.933+0000] {dag.py:3239} INFO - Sync 1 DAGs
[2025-09-17T11:45:06.961+0000] {logging_mixin.py:190} INFO - [2025-09-17T11:45:06.961+0000] {dag.py:4180} INFO - Setting next_dagrun for example_branch_labels to 2025-09-16 00:00:00+00:00, run_after=2025-09-17 00:00:00+00:00
[2025-09-17T11:45:06.983+0000] {processor.py:208} INFO - Processing /home/airflow/.local/lib/python3.12/site-packages/airflow/example_dags/example_branch_labels.py took 0.116 seconds
[2025-09-17T11:45:37.906+0000] {processor.py:186} INFO - Started process (PID=286) to work on /home/airflow/.local/lib/python3.12/site-packages/airflow/example_dags/example_branch_labels.py
[2025-09-17T11:45:37.908+0000] {processor.py:914} INFO - Processing file /home/airflow/.local/lib/python3.12/site-packages/airflow/example_dags/example_branch_labels.py for tasks to queue
[2025-09-17T11:45:37.911+0000] {logging_mixin.py:190} INFO - [2025-09-17T11:45:37.911+0000] {dagbag.py:588} INFO - Filling up the DagBag from /home/airflow/.local/lib/python3.12/site-packages/airflow/example_dags/example_branch_labels.py
[2025-09-17T11:45:37.923+0000] {processor.py:925} INFO - DAG(s) 'example_branch_labels' retrieved from /home/airflow/.local/lib/python3.12/site-packages/airflow/example_dags/example_branch_labels.py
[2025-09-17T11:45:37.952+0000] {logging_mixin.py:190} INFO - [2025-09-17T11:45:37.951+0000] {dag.py:3239} INFO - Sync 1 DAGs
[2025-09-17T11:45:37.980+0000] {logging_mixin.py:190} INFO - [2025-09-17T11:45:37.980+0000] {dag.py:4180} INFO - Setting next_dagrun for example_branch_labels to 2025-09-16 00:00:00+00:00, run_after=2025-09-17 00:00:00+00:00
[2025-09-17T11:45:38.003+0000] {processor.py:208} INFO - Processing /home/airflow/.local/lib/python3.12/site-packages/airflow/example_dags/example_branch_labels.py took 0.104 seconds
[2025-09-17T11:46:08.902+0000] {processor.py:186} INFO - Started process (PID=349) to work on /home/airflow/.local/lib/python3.12/site-packages/airflow/example_dags/example_branch_labels.py
[2025-09-17T11:46:08.903+0000] {processor.py:914} INFO - Processing file /home/airflow/.local/lib/python3.12/site-packages/airflow/example_dags/example_branch_labels.py for tasks to queue
[2025-09-17T11:46:08.906+0000] {logging_mixin.py:190} INFO - [2025-09-17T11:46:08.906+0000] {dagbag.py:588} INFO - Filling up the DagBag from /home/airflow/.local/lib/python3.12/site-packages/airflow/example_dags/example_branch_labels.py
[2025-09-17T11:46:08.920+0000] {processor.py:925} INFO - DAG(s) 'example_branch_labels' retrieved from /home/airflow/.local/lib/python3.12/site-packages/airflow/example_dags/example_branch_labels.py
[2025-09-17T11:46:08.964+0000] {logging_mixin.py:190} INFO - [2025-09-17T11:46:08.964+0000] {dag.py:3239} INFO - Sync 1 DAGs
[2025-09-17T11:46:09.001+0000] {logging_mixin.py:190} INFO - [2025-09-17T11:46:09.000+0000] {dag.py:4180} INFO - Setting next_dagrun for example_branch_labels to 2025-09-16 00:00:00+00:00, run_after=2025-09-17 00:00:00+00:00
[2025-09-17T11:46:09.028+0000] {processor.py:208} INFO - Processing /home/airflow/.local/lib/python3.12/site-packages/airflow/example_dags/example_branch_labels.py took 0.133 seconds
[2025-09-17T11:46:39.357+0000] {processor.py:186} INFO - Started process (PID=411) to work on /home/airflow/.local/lib/python3.12/site-packages/airflow/example_dags/example_branch_labels.py
[2025-09-17T11:46:39.358+0000] {processor.py:914} INFO - Processing file /home/airflow/.local/lib/python3.12/site-packages/airflow/example_dags/example_branch_labels.py for tasks to queue
[2025-09-17T11:46:39.362+0000] {logging_mixin.py:190} INFO - [2025-09-17T11:46:39.361+0000] {dagbag.py:588} INFO - Filling up the DagBag from /home/airflow/.local/lib/python3.12/site-packages/airflow/example_dags/example_branch_labels.py
[2025-09-17T11:46:39.378+0000] {processor.py:925} INFO - DAG(s) 'example_branch_labels' retrieved from /home/airflow/.local/lib/python3.12/site-packages/airflow/example_dags/example_branch_labels.py
[2025-09-17T11:46:39.413+0000] {logging_mixin.py:190} INFO - [2025-09-17T11:46:39.413+0000] {dag.py:3239} INFO - Sync 1 DAGs
[2025-09-17T11:46:39.456+0000] {logging_mixin.py:190} INFO - [2025-09-17T11:46:39.456+0000] {dag.py:4180} INFO - Setting next_dagrun for example_branch_labels to 2025-09-16 00:00:00+00:00, run_after=2025-09-17 00:00:00+00:00
[2025-09-17T11:46:39.487+0000] {processor.py:208} INFO - Processing /home/airflow/.local/lib/python3.12/site-packages/airflow/example_dags/example_branch_labels.py took 0.138 seconds
[2025-09-17T11:47:10.182+0000] {processor.py:186} INFO - Started process (PID=473) to work on /home/airflow/.local/lib/python3.12/site-packages/airflow/example_dags/example_branch_labels.py
[2025-09-17T11:47:10.183+0000] {processor.py:914} INFO - Processing file /home/airflow/.local/lib/python3.12/site-packages/airflow/example_dags/example_branch_labels.py for tasks to queue
[2025-09-17T11:47:10.186+0000] {logging_mixin.py:190} INFO - [2025-09-17T11:47:10.186+0000] {dagbag.py:588} INFO - Filling up the DagBag from /home/airflow/.local/lib/python3.12/site-packages/airflow/example_dags/example_branch_labels.py
[2025-09-17T11:47:10.205+0000] {processor.py:925} INFO - DAG(s) 'example_branch_labels' retrieved from /home/airflow/.local/lib/python3.12/site-packages/airflow/example_dags/example_branch_labels.py
[2025-09-17T11:47:10.234+0000] {logging_mixin.py:190} INFO - [2025-09-17T11:47:10.234+0000] {dag.py:3239} INFO - Sync 1 DAGs
[2025-09-17T11:47:10.263+0000] {logging_mixin.py:190} INFO - [2025-09-17T11:47:10.263+0000] {dag.py:4180} INFO - Setting next_dagrun for example_branch_labels to 2025-09-16 00:00:00+00:00, run_after=2025-09-17 00:00:00+00:00
[2025-09-17T11:47:10.288+0000] {processor.py:208} INFO - Processing /home/airflow/.local/lib/python3.12/site-packages/airflow/example_dags/example_branch_labels.py took 0.115 seconds
[2025-09-17T11:47:40.855+0000] {processor.py:186} INFO - Started process (PID=536) to work on /home/airflow/.local/lib/python3.12/site-packages/airflow/example_dags/example_branch_labels.py
[2025-09-17T11:47:40.857+0000] {processor.py:914} INFO - Processing file /home/airflow/.local/lib/python3.12/site-packages/airflow/example_dags/example_branch_labels.py for tasks to queue
[2025-09-17T11:47:40.862+0000] {logging_mixin.py:190} INFO - [2025-09-17T11:47:40.862+0000] {dagbag.py:588} INFO - Filling up the DagBag from /home/airflow/.local/lib/python3.12/site-packages/airflow/example_dags/example_branch_labels.py
[2025-09-17T11:47:40.880+0000] {processor.py:925} INFO - DAG(s) 'example_branch_labels' retrieved from /home/airflow/.local/lib/python3.12/site-packages/airflow/example_dags/example_branch_labels.py
[2025-09-17T11:47:40.919+0000] {logging_mixin.py:190} INFO - [2025-09-17T11:47:40.919+0000] {dag.py:3239} INFO - Sync 1 DAGs
[2025-09-17T11:47:40.953+0000] {logging_mixin.py:190} INFO - [2025-09-17T11:47:40.953+0000] {dag.py:4180} INFO - Setting next_dagrun for example_branch_labels to 2025-09-16 00:00:00+00:00, run_after=2025-09-17 00:00:00+00:00
[2025-09-17T11:47:40.981+0000] {processor.py:208} INFO - Processing /home/airflow/.local/lib/python3.12/site-packages/airflow/example_dags/example_branch_labels.py took 0.136 seconds
[2025-09-17T11:48:11.135+0000] {processor.py:186} INFO - Started process (PID=598) to work on /home/airflow/.local/lib/python3.12/site-packages/airflow/example_dags/example_branch_labels.py
[2025-09-17T11:48:11.137+0000] {processor.py:914} INFO - Processing file /home/airflow/.local/lib/python3.12/site-packages/airflow/example_dags/example_branch_labels.py for tasks to queue
[2025-09-17T11:48:11.140+0000] {logging_mixin.py:190} INFO - [2025-09-17T11:48:11.139+0000] {dagbag.py:588} INFO - Filling up the DagBag from /home/airflow/.local/lib/python3.12/site-packages/airflow/example_dags/example_branch_labels.py
[2025-09-17T11:48:11.152+0000] {processor.py:925} INFO - DAG(s) 'example_branch_labels' retrieved from /home/airflow/.local/lib/python3.12/site-packages/airflow/example_dags/example_branch_labels.py
[2025-09-17T11:48:11.179+0000] {logging_mixin.py:190} INFO - [2025-09-17T11:48:11.178+0000] {dag.py:3239} INFO - Sync 1 DAGs
[2025-09-17T11:48:11.231+0000] {logging_mixin.py:190} INFO - [2025-09-17T11:48:11.231+0000] {dag.py:4180} INFO - Setting next_dagrun for example_branch_labels to 2025-09-16 00:00:00+00:00, run_after=2025-09-17 00:00:00+00:00
[2025-09-17T11:48:11.256+0000] {processor.py:208} INFO - Processing /home/airflow/.local/lib/python3.12/site-packages/airflow/example_dags/example_branch_labels.py took 0.128 seconds
[2025-09-17T11:48:41.823+0000] {processor.py:186} INFO - Started process (PID=660) to work on /home/airflow/.local/lib/python3.12/site-packages/airflow/example_dags/example_branch_labels.py
[2025-09-17T11:48:41.824+0000] {processor.py:914} INFO - Processing file /home/airflow/.local/lib/python3.12/site-packages/airflow/example_dags/example_branch_labels.py for tasks to queue
[2025-09-17T11:48:41.829+0000] {logging_mixin.py:190} INFO - [2025-09-17T11:48:41.828+0000] {dagbag.py:588} INFO - Filling up the DagBag from /home/airflow/.local/lib/python3.12/site-packages/airflow/example_dags/example_branch_labels.py
[2025-09-17T11:48:41.845+0000] {processor.py:925} INFO - DAG(s) 'example_branch_labels' retrieved from /home/airflow/.local/lib/python3.12/site-packages/airflow/example_dags/example_branch_labels.py
[2025-09-17T11:48:41.873+0000] {logging_mixin.py:190} INFO - [2025-09-17T11:48:41.873+0000] {dag.py:3239} INFO - Sync 1 DAGs
[2025-09-17T11:48:41.902+0000] {logging_mixin.py:190} INFO - [2025-09-17T11:48:41.902+0000] {dag.py:4180} INFO - Setting next_dagrun for example_branch_labels to 2025-09-16 00:00:00+00:00, run_after=2025-09-17 00:00:00+00:00
[2025-09-17T11:48:41.926+0000] {processor.py:208} INFO - Processing /home/airflow/.local/lib/python3.12/site-packages/airflow/example_dags/example_branch_labels.py took 0.111 seconds
[2025-09-17T11:49:12.560+0000] {processor.py:186} INFO - Started process (PID=723) to work on /home/airflow/.local/lib/python3.12/site-packages/airflow/example_dags/example_branch_labels.py
[2025-09-17T11:49:12.562+0000] {processor.py:914} INFO - Processing file /home/airflow/.local/lib/python3.12/site-packages/airflow/example_dags/example_branch_labels.py for tasks to queue
[2025-09-17T11:49:12.568+0000] {logging_mixin.py:190} INFO - [2025-09-17T11:49:12.567+0000] {dagbag.py:588} INFO - Filling up the DagBag from /home/airflow/.local/lib/python3.12/site-packages/airflow/example_dags/example_branch_labels.py
[2025-09-17T11:49:12.586+0000] {processor.py:925} INFO - DAG(s) 'example_branch_labels' retrieved from /home/airflow/.local/lib/python3.12/site-packages/airflow/example_dags/example_branch_labels.py
[2025-09-17T11:49:12.627+0000] {logging_mixin.py:190} INFO - [2025-09-17T11:49:12.627+0000] {dag.py:3239} INFO - Sync 1 DAGs
[2025-09-17T11:49:12.685+0000] {logging_mixin.py:190} INFO - [2025-09-17T11:49:12.685+0000] {dag.py:4180} INFO - Setting next_dagrun for example_branch_labels to 2025-09-16 00:00:00+00:00, run_after=2025-09-17 00:00:00+00:00
[2025-09-17T11:49:12.718+0000] {processor.py:208} INFO - Processing /home/airflow/.local/lib/python3.12/site-packages/airflow/example_dags/example_branch_labels.py took 0.167 seconds
[2025-09-17T11:49:42.776+0000] {processor.py:186} INFO - Started process (PID=785) to work on /home/airflow/.local/lib/python3.12/site-packages/airflow/example_dags/example_branch_labels.py
[2025-09-17T11:49:42.778+0000] {processor.py:914} INFO - Processing file /home/airflow/.local/lib/python3.12/site-packages/airflow/example_dags/example_branch_labels.py for tasks to queue
[2025-09-17T11:49:42.784+0000] {logging_mixin.py:190} INFO - [2025-09-17T11:49:42.783+0000] {dagbag.py:588} INFO - Filling up the DagBag from /home/airflow/.local/lib/python3.12/site-packages/airflow/example_dags/example_branch_labels.py
[2025-09-17T11:49:42.805+0000] {processor.py:925} INFO - DAG(s) 'example_branch_labels' retrieved from /home/airflow/.local/lib/python3.12/site-packages/airflow/example_dags/example_branch_labels.py
[2025-09-17T11:49:42.843+0000] {logging_mixin.py:190} INFO - [2025-09-17T11:49:42.843+0000] {dag.py:3239} INFO - Sync 1 DAGs
[2025-09-17T11:49:42.888+0000] {logging_mixin.py:190} INFO - [2025-09-17T11:49:42.888+0000] {dag.py:4180} INFO - Setting next_dagrun for example_branch_labels to 2025-09-16 00:00:00+00:00, run_after=2025-09-17 00:00:00+00:00
[2025-09-17T11:49:42.914+0000] {processor.py:208} INFO - Processing /home/airflow/.local/lib/python3.12/site-packages/airflow/example_dags/example_branch_labels.py took 0.153 seconds
[2025-09-17T11:50:13.706+0000] {processor.py:186} INFO - Started process (PID=847) to work on /home/airflow/.local/lib/python3.12/site-packages/airflow/example_dags/example_branch_labels.py
[2025-09-17T11:50:13.708+0000] {processor.py:914} INFO - Processing file /home/airflow/.local/lib/python3.12/site-packages/airflow/example_dags/example_branch_labels.py for tasks to queue
[2025-09-17T11:50:13.711+0000] {logging_mixin.py:190} INFO - [2025-09-17T11:50:13.711+0000] {dagbag.py:588} INFO - Filling up the DagBag from /home/airflow/.local/lib/python3.12/site-packages/airflow/example_dags/example_branch_labels.py
[2025-09-17T11:50:13.728+0000] {processor.py:925} INFO - DAG(s) 'example_branch_labels' retrieved from /home/airflow/.local/lib/python3.12/site-packages/airflow/example_dags/example_branch_labels.py
[2025-09-17T11:50:13.757+0000] {logging_mixin.py:190} INFO - [2025-09-17T11:50:13.756+0000] {dag.py:3239} INFO - Sync 1 DAGs
[2025-09-17T11:50:13.787+0000] {logging_mixin.py:190} INFO - [2025-09-17T11:50:13.786+0000] {dag.py:4180} INFO - Setting next_dagrun for example_branch_labels to 2025-09-16 00:00:00+00:00, run_after=2025-09-17 00:00:00+00:00
[2025-09-17T11:50:13.809+0000] {processor.py:208} INFO - Processing /home/airflow/.local/lib/python3.12/site-packages/airflow/example_dags/example_branch_labels.py took 0.110 seconds
[2025-09-17T11:50:45.406+0000] {processor.py:186} INFO - Started process (PID=909) to work on /home/airflow/.local/lib/python3.12/site-packages/airflow/example_dags/example_branch_labels.py
[2025-09-17T11:50:45.408+0000] {processor.py:914} INFO - Processing file /home/airflow/.local/lib/python3.12/site-packages/airflow/example_dags/example_branch_labels.py for tasks to queue
[2025-09-17T11:50:45.411+0000] {logging_mixin.py:190} INFO - [2025-09-17T11:50:45.411+0000] {dagbag.py:588} INFO - Filling up the DagBag from /home/airflow/.local/lib/python3.12/site-packages/airflow/example_dags/example_branch_labels.py
[2025-09-17T11:50:45.423+0000] {processor.py:925} INFO - DAG(s) 'example_branch_labels' retrieved from /home/airflow/.local/lib/python3.12/site-packages/airflow/example_dags/example_branch_labels.py
[2025-09-17T11:50:45.449+0000] {logging_mixin.py:190} INFO - [2025-09-17T11:50:45.449+0000] {dag.py:3239} INFO - Sync 1 DAGs
[2025-09-17T11:50:45.481+0000] {logging_mixin.py:190} INFO - [2025-09-17T11:50:45.480+0000] {dag.py:4180} INFO - Setting next_dagrun for example_branch_labels to 2025-09-16 00:00:00+00:00, run_after=2025-09-17 00:00:00+00:00
[2025-09-17T11:50:45.506+0000] {processor.py:208} INFO - Processing /home/airflow/.local/lib/python3.12/site-packages/airflow/example_dags/example_branch_labels.py took 0.108 seconds
[2025-09-17T11:51:15.587+0000] {processor.py:186} INFO - Started process (PID=971) to work on /home/airflow/.local/lib/python3.12/site-packages/airflow/example_dags/example_branch_labels.py
[2025-09-17T11:51:15.589+0000] {processor.py:914} INFO - Processing file /home/airflow/.local/lib/python3.12/site-packages/airflow/example_dags/example_branch_labels.py for tasks to queue
[2025-09-17T11:51:15.592+0000] {logging_mixin.py:190} INFO - [2025-09-17T11:51:15.591+0000] {dagbag.py:588} INFO - Filling up the DagBag from /home/airflow/.local/lib/python3.12/site-packages/airflow/example_dags/example_branch_labels.py
[2025-09-17T11:51:15.604+0000] {processor.py:925} INFO - DAG(s) 'example_branch_labels' retrieved from /home/airflow/.local/lib/python3.12/site-packages/airflow/example_dags/example_branch_labels.py
[2025-09-17T11:51:15.632+0000] {logging_mixin.py:190} INFO - [2025-09-17T11:51:15.632+0000] {dag.py:3239} INFO - Sync 1 DAGs
[2025-09-17T11:51:15.664+0000] {logging_mixin.py:190} INFO - [2025-09-17T11:51:15.663+0000] {dag.py:4180} INFO - Setting next_dagrun for example_branch_labels to 2025-09-16 00:00:00+00:00, run_after=2025-09-17 00:00:00+00:00
[2025-09-17T11:51:15.686+0000] {processor.py:208} INFO - Processing /home/airflow/.local/lib/python3.12/site-packages/airflow/example_dags/example_branch_labels.py took 0.106 seconds
[2025-09-17T11:51:46.367+0000] {processor.py:186} INFO - Started process (PID=1033) to work on /home/airflow/.local/lib/python3.12/site-packages/airflow/example_dags/example_branch_labels.py
[2025-09-17T11:51:46.369+0000] {processor.py:914} INFO - Processing file /home/airflow/.local/lib/python3.12/site-packages/airflow/example_dags/example_branch_labels.py for tasks to queue
[2025-09-17T11:51:46.372+0000] {logging_mixin.py:190} INFO - [2025-09-17T11:51:46.371+0000] {dagbag.py:588} INFO - Filling up the DagBag from /home/airflow/.local/lib/python3.12/site-packages/airflow/example_dags/example_branch_labels.py
[2025-09-17T11:51:46.389+0000] {processor.py:925} INFO - DAG(s) 'example_branch_labels' retrieved from /home/airflow/.local/lib/python3.12/site-packages/airflow/example_dags/example_branch_labels.py
[2025-09-17T11:51:46.417+0000] {logging_mixin.py:190} INFO - [2025-09-17T11:51:46.416+0000] {dag.py:3239} INFO - Sync 1 DAGs
[2025-09-17T11:51:46.446+0000] {logging_mixin.py:190} INFO - [2025-09-17T11:51:46.445+0000] {dag.py:4180} INFO - Setting next_dagrun for example_branch_labels to 2025-09-16 00:00:00+00:00, run_after=2025-09-17 00:00:00+00:00
[2025-09-17T11:51:46.473+0000] {processor.py:208} INFO - Processing /home/airflow/.local/lib/python3.12/site-packages/airflow/example_dags/example_branch_labels.py took 0.113 seconds
[2025-09-17T11:52:16.569+0000] {processor.py:186} INFO - Started process (PID=1095) to work on /home/airflow/.local/lib/python3.12/site-packages/airflow/example_dags/example_branch_labels.py
[2025-09-17T11:52:16.571+0000] {processor.py:914} INFO - Processing file /home/airflow/.local/lib/python3.12/site-packages/airflow/example_dags/example_branch_labels.py for tasks to queue
[2025-09-17T11:52:16.574+0000] {logging_mixin.py:190} INFO - [2025-09-17T11:52:16.574+0000] {dagbag.py:588} INFO - Filling up the DagBag from /home/airflow/.local/lib/python3.12/site-packages/airflow/example_dags/example_branch_labels.py
[2025-09-17T11:52:16.589+0000] {processor.py:925} INFO - DAG(s) 'example_branch_labels' retrieved from /home/airflow/.local/lib/python3.12/site-packages/airflow/example_dags/example_branch_labels.py
[2025-09-17T11:52:16.617+0000] {logging_mixin.py:190} INFO - [2025-09-17T11:52:16.617+0000] {dag.py:3239} INFO - Sync 1 DAGs
[2025-09-17T11:52:16.647+0000] {logging_mixin.py:190} INFO - [2025-09-17T11:52:16.646+0000] {dag.py:4180} INFO - Setting next_dagrun for example_branch_labels to 2025-09-16 00:00:00+00:00, run_after=2025-09-17 00:00:00+00:00
[2025-09-17T11:52:16.671+0000] {processor.py:208} INFO - Processing /home/airflow/.local/lib/python3.12/site-packages/airflow/example_dags/example_branch_labels.py took 0.110 seconds
[2025-09-17T11:52:47.144+0000] {processor.py:186} INFO - Started process (PID=1157) to work on /home/airflow/.local/lib/python3.12/site-packages/airflow/example_dags/example_branch_labels.py
[2025-09-17T11:52:47.146+0000] {processor.py:914} INFO - Processing file /home/airflow/.local/lib/python3.12/site-packages/airflow/example_dags/example_branch_labels.py for tasks to queue
[2025-09-17T11:52:47.150+0000] {logging_mixin.py:190} INFO - [2025-09-17T11:52:47.149+0000] {dagbag.py:588} INFO - Filling up the DagBag from /home/airflow/.local/lib/python3.12/site-packages/airflow/example_dags/example_branch_labels.py
[2025-09-17T11:52:47.164+0000] {processor.py:925} INFO - DAG(s) 'example_branch_labels' retrieved from /home/airflow/.local/lib/python3.12/site-packages/airflow/example_dags/example_branch_labels.py
[2025-09-17T11:52:47.190+0000] {logging_mixin.py:190} INFO - [2025-09-17T11:52:47.190+0000] {dag.py:3239} INFO - Sync 1 DAGs
[2025-09-17T11:52:47.219+0000] {logging_mixin.py:190} INFO - [2025-09-17T11:52:47.218+0000] {dag.py:4180} INFO - Setting next_dagrun for example_branch_labels to 2025-09-16 00:00:00+00:00, run_after=2025-09-17 00:00:00+00:00
[2025-09-17T11:52:47.243+0000] {processor.py:208} INFO - Processing /home/airflow/.local/lib/python3.12/site-packages/airflow/example_dags/example_branch_labels.py took 0.107 seconds
[2025-09-17T11:53:17.895+0000] {processor.py:186} INFO - Started process (PID=1219) to work on /home/airflow/.local/lib/python3.12/site-packages/airflow/example_dags/example_branch_labels.py
[2025-09-17T11:53:17.897+0000] {processor.py:914} INFO - Processing file /home/airflow/.local/lib/python3.12/site-packages/airflow/example_dags/example_branch_labels.py for tasks to queue
[2025-09-17T11:53:17.900+0000] {logging_mixin.py:190} INFO - [2025-09-17T11:53:17.900+0000] {dagbag.py:588} INFO - Filling up the DagBag from /home/airflow/.local/lib/python3.12/site-packages/airflow/example_dags/example_branch_labels.py
[2025-09-17T11:53:17.915+0000] {processor.py:925} INFO - DAG(s) 'example_branch_labels' retrieved from /home/airflow/.local/lib/python3.12/site-packages/airflow/example_dags/example_branch_labels.py
[2025-09-17T11:53:17.947+0000] {logging_mixin.py:190} INFO - [2025-09-17T11:53:17.947+0000] {dag.py:3239} INFO - Sync 1 DAGs
[2025-09-17T11:53:17.986+0000] {logging_mixin.py:190} INFO - [2025-09-17T11:53:17.985+0000] {dag.py:4180} INFO - Setting next_dagrun for example_branch_labels to 2025-09-16 00:00:00+00:00, run_after=2025-09-17 00:00:00+00:00
[2025-09-17T11:53:18.013+0000] {processor.py:208} INFO - Processing /home/airflow/.local/lib/python3.12/site-packages/airflow/example_dags/example_branch_labels.py took 0.126 seconds
