[2025-09-17T11:43:29.771+0000] {processor.py:186} INFO - Started process (PID=180) to work on /home/airflow/.local/lib/python3.12/site-packages/airflow/example_dags/example_task_group_decorator.py
[2025-09-17T11:43:29.773+0000] {processor.py:914} INFO - Processing file /home/airflow/.local/lib/python3.12/site-packages/airflow/example_dags/example_task_group_decorator.py for tasks to queue
[2025-09-17T11:43:29.778+0000] {logging_mixin.py:190} INFO - [2025-09-17T11:43:29.778+0000] {dagbag.py:588} INFO - Filling up the DagBag from /home/airflow/.local/lib/python3.12/site-packages/airflow/example_dags/example_task_group_decorator.py
[2025-09-17T11:43:29.817+0000] {processor.py:925} INFO - DAG(s) 'example_task_group_decorator' retrieved from /home/airflow/.local/lib/python3.12/site-packages/airflow/example_dags/example_task_group_decorator.py
[2025-09-17T11:43:29.989+0000] {logging_mixin.py:190} INFO - [2025-09-17T11:43:29.989+0000] {override.py:1900} INFO - Created Permission View: can delete on DAG:example_task_group_decorator
[2025-09-17T11:43:30.004+0000] {logging_mixin.py:190} INFO - [2025-09-17T11:43:30.004+0000] {override.py:1900} INFO - Created Permission View: can edit on DAG:example_task_group_decorator
[2025-09-17T11:43:30.017+0000] {logging_mixin.py:190} INFO - [2025-09-17T11:43:30.016+0000] {override.py:1900} INFO - Created Permission View: can read on DAG:example_task_group_decorator
[2025-09-17T11:43:30.029+0000] {logging_mixin.py:190} INFO - [2025-09-17T11:43:30.028+0000] {override.py:1900} INFO - Created Permission View: can delete on DAG Run:example_task_group_decorator
[2025-09-17T11:43:30.039+0000] {logging_mixin.py:190} INFO - [2025-09-17T11:43:30.039+0000] {override.py:1900} INFO - Created Permission View: menu access on DAG Run:example_task_group_decorator
[2025-09-17T11:43:30.049+0000] {logging_mixin.py:190} INFO - [2025-09-17T11:43:30.049+0000] {override.py:1900} INFO - Created Permission View: can read on DAG Run:example_task_group_decorator
[2025-09-17T11:43:30.059+0000] {logging_mixin.py:190} INFO - [2025-09-17T11:43:30.058+0000] {override.py:1900} INFO - Created Permission View: can create on DAG Run:example_task_group_decorator
[2025-09-17T11:43:30.060+0000] {logging_mixin.py:190} INFO - [2025-09-17T11:43:30.059+0000] {dag.py:3239} INFO - Sync 1 DAGs
[2025-09-17T11:43:30.079+0000] {logging_mixin.py:190} INFO - [2025-09-17T11:43:30.078+0000] {dag.py:3262} INFO - Creating ORM DAG for example_task_group_decorator
[2025-09-17T11:43:30.080+0000] {logging_mixin.py:190} INFO - [2025-09-17T11:43:30.080+0000] {dag.py:4180} INFO - Setting next_dagrun for example_task_group_decorator to None, run_after=None
[2025-09-17T11:43:30.101+0000] {processor.py:208} INFO - Processing /home/airflow/.local/lib/python3.12/site-packages/airflow/example_dags/example_task_group_decorator.py took 0.343 seconds
[2025-09-17T11:44:03.681+0000] {processor.py:186} INFO - Started process (PID=88) to work on /home/airflow/.local/lib/python3.12/site-packages/airflow/example_dags/example_task_group_decorator.py
[2025-09-17T11:44:03.685+0000] {processor.py:914} INFO - Processing file /home/airflow/.local/lib/python3.12/site-packages/airflow/example_dags/example_task_group_decorator.py for tasks to queue
[2025-09-17T11:44:03.695+0000] {logging_mixin.py:190} INFO - [2025-09-17T11:44:03.691+0000] {dagbag.py:588} INFO - Filling up the DagBag from /home/airflow/.local/lib/python3.12/site-packages/airflow/example_dags/example_task_group_decorator.py
[2025-09-17T11:44:03.769+0000] {processor.py:925} INFO - DAG(s) 'example_task_group_decorator' retrieved from /home/airflow/.local/lib/python3.12/site-packages/airflow/example_dags/example_task_group_decorator.py
[2025-09-17T11:44:03.822+0000] {logging_mixin.py:190} INFO - [2025-09-17T11:44:03.822+0000] {dag.py:3239} INFO - Sync 1 DAGs
[2025-09-17T11:44:03.850+0000] {logging_mixin.py:190} INFO - [2025-09-17T11:44:03.849+0000] {dag.py:4180} INFO - Setting next_dagrun for example_task_group_decorator to None, run_after=None
[2025-09-17T11:44:03.890+0000] {processor.py:208} INFO - Processing /home/airflow/.local/lib/python3.12/site-packages/airflow/example_dags/example_task_group_decorator.py took 0.225 seconds
[2025-09-17T11:44:34.640+0000] {processor.py:186} INFO - Started process (PID=150) to work on /home/airflow/.local/lib/python3.12/site-packages/airflow/example_dags/example_task_group_decorator.py
[2025-09-17T11:44:34.642+0000] {processor.py:914} INFO - Processing file /home/airflow/.local/lib/python3.12/site-packages/airflow/example_dags/example_task_group_decorator.py for tasks to queue
[2025-09-17T11:44:34.648+0000] {logging_mixin.py:190} INFO - [2025-09-17T11:44:34.647+0000] {dagbag.py:588} INFO - Filling up the DagBag from /home/airflow/.local/lib/python3.12/site-packages/airflow/example_dags/example_task_group_decorator.py
[2025-09-17T11:44:34.678+0000] {processor.py:925} INFO - DAG(s) 'example_task_group_decorator' retrieved from /home/airflow/.local/lib/python3.12/site-packages/airflow/example_dags/example_task_group_decorator.py
[2025-09-17T11:44:34.737+0000] {logging_mixin.py:190} INFO - [2025-09-17T11:44:34.736+0000] {dag.py:3239} INFO - Sync 1 DAGs
[2025-09-17T11:44:34.767+0000] {logging_mixin.py:190} INFO - [2025-09-17T11:44:34.767+0000] {dag.py:4180} INFO - Setting next_dagrun for example_task_group_decorator to None, run_after=None
[2025-09-17T11:44:34.803+0000] {processor.py:208} INFO - Processing /home/airflow/.local/lib/python3.12/site-packages/airflow/example_dags/example_task_group_decorator.py took 0.174 seconds
[2025-09-17T11:45:05.584+0000] {processor.py:186} INFO - Started process (PID=212) to work on /home/airflow/.local/lib/python3.12/site-packages/airflow/example_dags/example_task_group_decorator.py
[2025-09-17T11:45:05.585+0000] {processor.py:914} INFO - Processing file /home/airflow/.local/lib/python3.12/site-packages/airflow/example_dags/example_task_group_decorator.py for tasks to queue
[2025-09-17T11:45:05.588+0000] {logging_mixin.py:190} INFO - [2025-09-17T11:45:05.588+0000] {dagbag.py:588} INFO - Filling up the DagBag from /home/airflow/.local/lib/python3.12/site-packages/airflow/example_dags/example_task_group_decorator.py
[2025-09-17T11:45:05.617+0000] {processor.py:925} INFO - DAG(s) 'example_task_group_decorator' retrieved from /home/airflow/.local/lib/python3.12/site-packages/airflow/example_dags/example_task_group_decorator.py
[2025-09-17T11:45:05.649+0000] {logging_mixin.py:190} INFO - [2025-09-17T11:45:05.649+0000] {dag.py:3239} INFO - Sync 1 DAGs
[2025-09-17T11:45:05.667+0000] {logging_mixin.py:190} INFO - [2025-09-17T11:45:05.666+0000] {dag.py:4180} INFO - Setting next_dagrun for example_task_group_decorator to None, run_after=None
[2025-09-17T11:45:05.689+0000] {processor.py:208} INFO - Processing /home/airflow/.local/lib/python3.12/site-packages/airflow/example_dags/example_task_group_decorator.py took 0.114 seconds
[2025-09-17T11:45:36.568+0000] {processor.py:186} INFO - Started process (PID=274) to work on /home/airflow/.local/lib/python3.12/site-packages/airflow/example_dags/example_task_group_decorator.py
[2025-09-17T11:45:36.569+0000] {processor.py:914} INFO - Processing file /home/airflow/.local/lib/python3.12/site-packages/airflow/example_dags/example_task_group_decorator.py for tasks to queue
[2025-09-17T11:45:36.573+0000] {logging_mixin.py:190} INFO - [2025-09-17T11:45:36.572+0000] {dagbag.py:588} INFO - Filling up the DagBag from /home/airflow/.local/lib/python3.12/site-packages/airflow/example_dags/example_task_group_decorator.py
[2025-09-17T11:45:36.591+0000] {processor.py:925} INFO - DAG(s) 'example_task_group_decorator' retrieved from /home/airflow/.local/lib/python3.12/site-packages/airflow/example_dags/example_task_group_decorator.py
[2025-09-17T11:45:36.624+0000] {logging_mixin.py:190} INFO - [2025-09-17T11:45:36.624+0000] {dag.py:3239} INFO - Sync 1 DAGs
[2025-09-17T11:45:36.641+0000] {logging_mixin.py:190} INFO - [2025-09-17T11:45:36.641+0000] {dag.py:4180} INFO - Setting next_dagrun for example_task_group_decorator to None, run_after=None
[2025-09-17T11:45:36.665+0000] {processor.py:208} INFO - Processing /home/airflow/.local/lib/python3.12/site-packages/airflow/example_dags/example_task_group_decorator.py took 0.104 seconds
[2025-09-17T11:46:07.465+0000] {processor.py:186} INFO - Started process (PID=337) to work on /home/airflow/.local/lib/python3.12/site-packages/airflow/example_dags/example_task_group_decorator.py
[2025-09-17T11:46:07.467+0000] {processor.py:914} INFO - Processing file /home/airflow/.local/lib/python3.12/site-packages/airflow/example_dags/example_task_group_decorator.py for tasks to queue
[2025-09-17T11:46:07.470+0000] {logging_mixin.py:190} INFO - [2025-09-17T11:46:07.470+0000] {dagbag.py:588} INFO - Filling up the DagBag from /home/airflow/.local/lib/python3.12/site-packages/airflow/example_dags/example_task_group_decorator.py
[2025-09-17T11:46:07.490+0000] {processor.py:925} INFO - DAG(s) 'example_task_group_decorator' retrieved from /home/airflow/.local/lib/python3.12/site-packages/airflow/example_dags/example_task_group_decorator.py
[2025-09-17T11:46:07.530+0000] {logging_mixin.py:190} INFO - [2025-09-17T11:46:07.529+0000] {dag.py:3239} INFO - Sync 1 DAGs
[2025-09-17T11:46:07.548+0000] {logging_mixin.py:190} INFO - [2025-09-17T11:46:07.548+0000] {dag.py:4180} INFO - Setting next_dagrun for example_task_group_decorator to None, run_after=None
[2025-09-17T11:46:07.589+0000] {processor.py:208} INFO - Processing /home/airflow/.local/lib/python3.12/site-packages/airflow/example_dags/example_task_group_decorator.py took 0.131 seconds
[2025-09-17T11:46:38.131+0000] {processor.py:186} INFO - Started process (PID=399) to work on /home/airflow/.local/lib/python3.12/site-packages/airflow/example_dags/example_task_group_decorator.py
[2025-09-17T11:46:38.133+0000] {processor.py:914} INFO - Processing file /home/airflow/.local/lib/python3.12/site-packages/airflow/example_dags/example_task_group_decorator.py for tasks to queue
[2025-09-17T11:46:38.136+0000] {logging_mixin.py:190} INFO - [2025-09-17T11:46:38.136+0000] {dagbag.py:588} INFO - Filling up the DagBag from /home/airflow/.local/lib/python3.12/site-packages/airflow/example_dags/example_task_group_decorator.py
[2025-09-17T11:46:38.156+0000] {processor.py:925} INFO - DAG(s) 'example_task_group_decorator' retrieved from /home/airflow/.local/lib/python3.12/site-packages/airflow/example_dags/example_task_group_decorator.py
[2025-09-17T11:46:38.190+0000] {logging_mixin.py:190} INFO - [2025-09-17T11:46:38.190+0000] {dag.py:3239} INFO - Sync 1 DAGs
[2025-09-17T11:46:38.208+0000] {logging_mixin.py:190} INFO - [2025-09-17T11:46:38.208+0000] {dag.py:4180} INFO - Setting next_dagrun for example_task_group_decorator to None, run_after=None
[2025-09-17T11:46:38.235+0000] {processor.py:208} INFO - Processing /home/airflow/.local/lib/python3.12/site-packages/airflow/example_dags/example_task_group_decorator.py took 0.112 seconds
[2025-09-17T11:47:08.877+0000] {processor.py:186} INFO - Started process (PID=461) to work on /home/airflow/.local/lib/python3.12/site-packages/airflow/example_dags/example_task_group_decorator.py
[2025-09-17T11:47:08.878+0000] {processor.py:914} INFO - Processing file /home/airflow/.local/lib/python3.12/site-packages/airflow/example_dags/example_task_group_decorator.py for tasks to queue
[2025-09-17T11:47:08.881+0000] {logging_mixin.py:190} INFO - [2025-09-17T11:47:08.881+0000] {dagbag.py:588} INFO - Filling up the DagBag from /home/airflow/.local/lib/python3.12/site-packages/airflow/example_dags/example_task_group_decorator.py
[2025-09-17T11:47:08.898+0000] {processor.py:925} INFO - DAG(s) 'example_task_group_decorator' retrieved from /home/airflow/.local/lib/python3.12/site-packages/airflow/example_dags/example_task_group_decorator.py
[2025-09-17T11:47:08.928+0000] {logging_mixin.py:190} INFO - [2025-09-17T11:47:08.928+0000] {dag.py:3239} INFO - Sync 1 DAGs
[2025-09-17T11:47:08.944+0000] {logging_mixin.py:190} INFO - [2025-09-17T11:47:08.944+0000] {dag.py:4180} INFO - Setting next_dagrun for example_task_group_decorator to None, run_after=None
[2025-09-17T11:47:08.976+0000] {processor.py:208} INFO - Processing /home/airflow/.local/lib/python3.12/site-packages/airflow/example_dags/example_task_group_decorator.py took 0.106 seconds
[2025-09-17T11:47:39.598+0000] {processor.py:186} INFO - Started process (PID=524) to work on /home/airflow/.local/lib/python3.12/site-packages/airflow/example_dags/example_task_group_decorator.py
[2025-09-17T11:47:39.599+0000] {processor.py:914} INFO - Processing file /home/airflow/.local/lib/python3.12/site-packages/airflow/example_dags/example_task_group_decorator.py for tasks to queue
[2025-09-17T11:47:39.603+0000] {logging_mixin.py:190} INFO - [2025-09-17T11:47:39.603+0000] {dagbag.py:588} INFO - Filling up the DagBag from /home/airflow/.local/lib/python3.12/site-packages/airflow/example_dags/example_task_group_decorator.py
[2025-09-17T11:47:39.622+0000] {processor.py:925} INFO - DAG(s) 'example_task_group_decorator' retrieved from /home/airflow/.local/lib/python3.12/site-packages/airflow/example_dags/example_task_group_decorator.py
[2025-09-17T11:47:39.653+0000] {logging_mixin.py:190} INFO - [2025-09-17T11:47:39.653+0000] {dag.py:3239} INFO - Sync 1 DAGs
[2025-09-17T11:47:39.679+0000] {logging_mixin.py:190} INFO - [2025-09-17T11:47:39.679+0000] {dag.py:4180} INFO - Setting next_dagrun for example_task_group_decorator to None, run_after=None
[2025-09-17T11:47:39.706+0000] {processor.py:208} INFO - Processing /home/airflow/.local/lib/python3.12/site-packages/airflow/example_dags/example_task_group_decorator.py took 0.116 seconds
[2025-09-17T11:48:10.096+0000] {processor.py:186} INFO - Started process (PID=586) to work on /home/airflow/.local/lib/python3.12/site-packages/airflow/example_dags/example_task_group_decorator.py
[2025-09-17T11:48:10.098+0000] {processor.py:914} INFO - Processing file /home/airflow/.local/lib/python3.12/site-packages/airflow/example_dags/example_task_group_decorator.py for tasks to queue
[2025-09-17T11:48:10.102+0000] {logging_mixin.py:190} INFO - [2025-09-17T11:48:10.102+0000] {dagbag.py:588} INFO - Filling up the DagBag from /home/airflow/.local/lib/python3.12/site-packages/airflow/example_dags/example_task_group_decorator.py
[2025-09-17T11:48:10.122+0000] {processor.py:925} INFO - DAG(s) 'example_task_group_decorator' retrieved from /home/airflow/.local/lib/python3.12/site-packages/airflow/example_dags/example_task_group_decorator.py
[2025-09-17T11:48:10.154+0000] {logging_mixin.py:190} INFO - [2025-09-17T11:48:10.153+0000] {dag.py:3239} INFO - Sync 1 DAGs
[2025-09-17T11:48:10.175+0000] {logging_mixin.py:190} INFO - [2025-09-17T11:48:10.175+0000] {dag.py:4180} INFO - Setting next_dagrun for example_task_group_decorator to None, run_after=None
[2025-09-17T11:48:10.199+0000] {processor.py:208} INFO - Processing /home/airflow/.local/lib/python3.12/site-packages/airflow/example_dags/example_task_group_decorator.py took 0.111 seconds
[2025-09-17T11:48:40.499+0000] {processor.py:186} INFO - Started process (PID=648) to work on /home/airflow/.local/lib/python3.12/site-packages/airflow/example_dags/example_task_group_decorator.py
[2025-09-17T11:48:40.500+0000] {processor.py:914} INFO - Processing file /home/airflow/.local/lib/python3.12/site-packages/airflow/example_dags/example_task_group_decorator.py for tasks to queue
[2025-09-17T11:48:40.503+0000] {logging_mixin.py:190} INFO - [2025-09-17T11:48:40.503+0000] {dagbag.py:588} INFO - Filling up the DagBag from /home/airflow/.local/lib/python3.12/site-packages/airflow/example_dags/example_task_group_decorator.py
[2025-09-17T11:48:40.524+0000] {processor.py:925} INFO - DAG(s) 'example_task_group_decorator' retrieved from /home/airflow/.local/lib/python3.12/site-packages/airflow/example_dags/example_task_group_decorator.py
[2025-09-17T11:48:40.558+0000] {logging_mixin.py:190} INFO - [2025-09-17T11:48:40.558+0000] {dag.py:3239} INFO - Sync 1 DAGs
[2025-09-17T11:48:40.575+0000] {logging_mixin.py:190} INFO - [2025-09-17T11:48:40.574+0000] {dag.py:4180} INFO - Setting next_dagrun for example_task_group_decorator to None, run_after=None
[2025-09-17T11:48:40.597+0000] {processor.py:208} INFO - Processing /home/airflow/.local/lib/python3.12/site-packages/airflow/example_dags/example_task_group_decorator.py took 0.108 seconds
[2025-09-17T11:49:11.156+0000] {processor.py:186} INFO - Started process (PID=711) to work on /home/airflow/.local/lib/python3.12/site-packages/airflow/example_dags/example_task_group_decorator.py
[2025-09-17T11:49:11.161+0000] {processor.py:914} INFO - Processing file /home/airflow/.local/lib/python3.12/site-packages/airflow/example_dags/example_task_group_decorator.py for tasks to queue
[2025-09-17T11:49:11.166+0000] {logging_mixin.py:190} INFO - [2025-09-17T11:49:11.165+0000] {dagbag.py:588} INFO - Filling up the DagBag from /home/airflow/.local/lib/python3.12/site-packages/airflow/example_dags/example_task_group_decorator.py
[2025-09-17T11:49:11.196+0000] {processor.py:925} INFO - DAG(s) 'example_task_group_decorator' retrieved from /home/airflow/.local/lib/python3.12/site-packages/airflow/example_dags/example_task_group_decorator.py
[2025-09-17T11:49:11.236+0000] {logging_mixin.py:190} INFO - [2025-09-17T11:49:11.236+0000] {dag.py:3239} INFO - Sync 1 DAGs
[2025-09-17T11:49:11.265+0000] {logging_mixin.py:190} INFO - [2025-09-17T11:49:11.265+0000] {dag.py:4180} INFO - Setting next_dagrun for example_task_group_decorator to None, run_after=None
[2025-09-17T11:49:11.299+0000] {processor.py:208} INFO - Processing /home/airflow/.local/lib/python3.12/site-packages/airflow/example_dags/example_task_group_decorator.py took 0.153 seconds
[2025-09-17T11:49:41.548+0000] {processor.py:186} INFO - Started process (PID=773) to work on /home/airflow/.local/lib/python3.12/site-packages/airflow/example_dags/example_task_group_decorator.py
[2025-09-17T11:49:41.550+0000] {processor.py:914} INFO - Processing file /home/airflow/.local/lib/python3.12/site-packages/airflow/example_dags/example_task_group_decorator.py for tasks to queue
[2025-09-17T11:49:41.555+0000] {logging_mixin.py:190} INFO - [2025-09-17T11:49:41.554+0000] {dagbag.py:588} INFO - Filling up the DagBag from /home/airflow/.local/lib/python3.12/site-packages/airflow/example_dags/example_task_group_decorator.py
[2025-09-17T11:49:41.589+0000] {processor.py:925} INFO - DAG(s) 'example_task_group_decorator' retrieved from /home/airflow/.local/lib/python3.12/site-packages/airflow/example_dags/example_task_group_decorator.py
[2025-09-17T11:49:41.630+0000] {logging_mixin.py:190} INFO - [2025-09-17T11:49:41.630+0000] {dag.py:3239} INFO - Sync 1 DAGs
[2025-09-17T11:49:41.651+0000] {logging_mixin.py:190} INFO - [2025-09-17T11:49:41.651+0000] {dag.py:4180} INFO - Setting next_dagrun for example_task_group_decorator to None, run_after=None
[2025-09-17T11:49:41.676+0000] {processor.py:208} INFO - Processing /home/airflow/.local/lib/python3.12/site-packages/airflow/example_dags/example_task_group_decorator.py took 0.138 seconds
[2025-09-17T11:50:12.484+0000] {processor.py:186} INFO - Started process (PID=835) to work on /home/airflow/.local/lib/python3.12/site-packages/airflow/example_dags/example_task_group_decorator.py
[2025-09-17T11:50:12.486+0000] {processor.py:914} INFO - Processing file /home/airflow/.local/lib/python3.12/site-packages/airflow/example_dags/example_task_group_decorator.py for tasks to queue
[2025-09-17T11:50:12.489+0000] {logging_mixin.py:190} INFO - [2025-09-17T11:50:12.488+0000] {dagbag.py:588} INFO - Filling up the DagBag from /home/airflow/.local/lib/python3.12/site-packages/airflow/example_dags/example_task_group_decorator.py
[2025-09-17T11:50:12.508+0000] {processor.py:925} INFO - DAG(s) 'example_task_group_decorator' retrieved from /home/airflow/.local/lib/python3.12/site-packages/airflow/example_dags/example_task_group_decorator.py
[2025-09-17T11:50:12.540+0000] {logging_mixin.py:190} INFO - [2025-09-17T11:50:12.540+0000] {dag.py:3239} INFO - Sync 1 DAGs
[2025-09-17T11:50:12.565+0000] {logging_mixin.py:190} INFO - [2025-09-17T11:50:12.565+0000] {dag.py:4180} INFO - Setting next_dagrun for example_task_group_decorator to None, run_after=None
[2025-09-17T11:50:12.590+0000] {processor.py:208} INFO - Processing /home/airflow/.local/lib/python3.12/site-packages/airflow/example_dags/example_task_group_decorator.py took 0.115 seconds
[2025-09-17T11:50:44.072+0000] {processor.py:186} INFO - Started process (PID=897) to work on /home/airflow/.local/lib/python3.12/site-packages/airflow/example_dags/example_task_group_decorator.py
[2025-09-17T11:50:44.074+0000] {processor.py:914} INFO - Processing file /home/airflow/.local/lib/python3.12/site-packages/airflow/example_dags/example_task_group_decorator.py for tasks to queue
[2025-09-17T11:50:44.078+0000] {logging_mixin.py:190} INFO - [2025-09-17T11:50:44.078+0000] {dagbag.py:588} INFO - Filling up the DagBag from /home/airflow/.local/lib/python3.12/site-packages/airflow/example_dags/example_task_group_decorator.py
[2025-09-17T11:50:44.101+0000] {processor.py:925} INFO - DAG(s) 'example_task_group_decorator' retrieved from /home/airflow/.local/lib/python3.12/site-packages/airflow/example_dags/example_task_group_decorator.py
[2025-09-17T11:50:44.140+0000] {logging_mixin.py:190} INFO - [2025-09-17T11:50:44.140+0000] {dag.py:3239} INFO - Sync 1 DAGs
[2025-09-17T11:50:44.165+0000] {logging_mixin.py:190} INFO - [2025-09-17T11:50:44.164+0000] {dag.py:4180} INFO - Setting next_dagrun for example_task_group_decorator to None, run_after=None
[2025-09-17T11:50:44.196+0000] {processor.py:208} INFO - Processing /home/airflow/.local/lib/python3.12/site-packages/airflow/example_dags/example_task_group_decorator.py took 0.132 seconds
[2025-09-17T11:51:14.397+0000] {processor.py:186} INFO - Started process (PID=959) to work on /home/airflow/.local/lib/python3.12/site-packages/airflow/example_dags/example_task_group_decorator.py
[2025-09-17T11:51:14.398+0000] {processor.py:914} INFO - Processing file /home/airflow/.local/lib/python3.12/site-packages/airflow/example_dags/example_task_group_decorator.py for tasks to queue
[2025-09-17T11:51:14.402+0000] {logging_mixin.py:190} INFO - [2025-09-17T11:51:14.401+0000] {dagbag.py:588} INFO - Filling up the DagBag from /home/airflow/.local/lib/python3.12/site-packages/airflow/example_dags/example_task_group_decorator.py
[2025-09-17T11:51:14.424+0000] {processor.py:925} INFO - DAG(s) 'example_task_group_decorator' retrieved from /home/airflow/.local/lib/python3.12/site-packages/airflow/example_dags/example_task_group_decorator.py
[2025-09-17T11:51:14.458+0000] {logging_mixin.py:190} INFO - [2025-09-17T11:51:14.457+0000] {dag.py:3239} INFO - Sync 1 DAGs
[2025-09-17T11:51:14.476+0000] {logging_mixin.py:190} INFO - [2025-09-17T11:51:14.476+0000] {dag.py:4180} INFO - Setting next_dagrun for example_task_group_decorator to None, run_after=None
[2025-09-17T11:51:14.505+0000] {processor.py:208} INFO - Processing /home/airflow/.local/lib/python3.12/site-packages/airflow/example_dags/example_task_group_decorator.py took 0.116 seconds
[2025-09-17T11:51:45.040+0000] {processor.py:186} INFO - Started process (PID=1021) to work on /home/airflow/.local/lib/python3.12/site-packages/airflow/example_dags/example_task_group_decorator.py
[2025-09-17T11:51:45.041+0000] {processor.py:914} INFO - Processing file /home/airflow/.local/lib/python3.12/site-packages/airflow/example_dags/example_task_group_decorator.py for tasks to queue
[2025-09-17T11:51:45.045+0000] {logging_mixin.py:190} INFO - [2025-09-17T11:51:45.044+0000] {dagbag.py:588} INFO - Filling up the DagBag from /home/airflow/.local/lib/python3.12/site-packages/airflow/example_dags/example_task_group_decorator.py
[2025-09-17T11:51:45.071+0000] {processor.py:925} INFO - DAG(s) 'example_task_group_decorator' retrieved from /home/airflow/.local/lib/python3.12/site-packages/airflow/example_dags/example_task_group_decorator.py
[2025-09-17T11:51:45.101+0000] {logging_mixin.py:190} INFO - [2025-09-17T11:51:45.101+0000] {dag.py:3239} INFO - Sync 1 DAGs
[2025-09-17T11:51:45.119+0000] {logging_mixin.py:190} INFO - [2025-09-17T11:51:45.119+0000] {dag.py:4180} INFO - Setting next_dagrun for example_task_group_decorator to None, run_after=None
[2025-09-17T11:51:45.142+0000] {processor.py:208} INFO - Processing /home/airflow/.local/lib/python3.12/site-packages/airflow/example_dags/example_task_group_decorator.py took 0.111 seconds
[2025-09-17T11:52:15.206+0000] {processor.py:186} INFO - Started process (PID=1083) to work on /home/airflow/.local/lib/python3.12/site-packages/airflow/example_dags/example_task_group_decorator.py
[2025-09-17T11:52:15.208+0000] {processor.py:914} INFO - Processing file /home/airflow/.local/lib/python3.12/site-packages/airflow/example_dags/example_task_group_decorator.py for tasks to queue
[2025-09-17T11:52:15.212+0000] {logging_mixin.py:190} INFO - [2025-09-17T11:52:15.211+0000] {dagbag.py:588} INFO - Filling up the DagBag from /home/airflow/.local/lib/python3.12/site-packages/airflow/example_dags/example_task_group_decorator.py
[2025-09-17T11:52:15.234+0000] {processor.py:925} INFO - DAG(s) 'example_task_group_decorator' retrieved from /home/airflow/.local/lib/python3.12/site-packages/airflow/example_dags/example_task_group_decorator.py
[2025-09-17T11:52:15.265+0000] {logging_mixin.py:190} INFO - [2025-09-17T11:52:15.265+0000] {dag.py:3239} INFO - Sync 1 DAGs
[2025-09-17T11:52:15.283+0000] {logging_mixin.py:190} INFO - [2025-09-17T11:52:15.282+0000] {dag.py:4180} INFO - Setting next_dagrun for example_task_group_decorator to None, run_after=None
[2025-09-17T11:52:15.307+0000] {processor.py:208} INFO - Processing /home/airflow/.local/lib/python3.12/site-packages/airflow/example_dags/example_task_group_decorator.py took 0.108 seconds
[2025-09-17T11:52:46.041+0000] {processor.py:186} INFO - Started process (PID=1145) to work on /home/airflow/.local/lib/python3.12/site-packages/airflow/example_dags/example_task_group_decorator.py
[2025-09-17T11:52:46.043+0000] {processor.py:914} INFO - Processing file /home/airflow/.local/lib/python3.12/site-packages/airflow/example_dags/example_task_group_decorator.py for tasks to queue
[2025-09-17T11:52:46.047+0000] {logging_mixin.py:190} INFO - [2025-09-17T11:52:46.047+0000] {dagbag.py:588} INFO - Filling up the DagBag from /home/airflow/.local/lib/python3.12/site-packages/airflow/example_dags/example_task_group_decorator.py
[2025-09-17T11:52:46.070+0000] {processor.py:925} INFO - DAG(s) 'example_task_group_decorator' retrieved from /home/airflow/.local/lib/python3.12/site-packages/airflow/example_dags/example_task_group_decorator.py
[2025-09-17T11:52:46.106+0000] {logging_mixin.py:190} INFO - [2025-09-17T11:52:46.106+0000] {dag.py:3239} INFO - Sync 1 DAGs
[2025-09-17T11:52:46.131+0000] {logging_mixin.py:190} INFO - [2025-09-17T11:52:46.130+0000] {dag.py:4180} INFO - Setting next_dagrun for example_task_group_decorator to None, run_after=None
[2025-09-17T11:52:46.161+0000] {processor.py:208} INFO - Processing /home/airflow/.local/lib/python3.12/site-packages/airflow/example_dags/example_task_group_decorator.py took 0.128 seconds
[2025-09-17T11:53:16.558+0000] {processor.py:186} INFO - Started process (PID=1207) to work on /home/airflow/.local/lib/python3.12/site-packages/airflow/example_dags/example_task_group_decorator.py
[2025-09-17T11:53:16.560+0000] {processor.py:914} INFO - Processing file /home/airflow/.local/lib/python3.12/site-packages/airflow/example_dags/example_task_group_decorator.py for tasks to queue
[2025-09-17T11:53:16.566+0000] {logging_mixin.py:190} INFO - [2025-09-17T11:53:16.565+0000] {dagbag.py:588} INFO - Filling up the DagBag from /home/airflow/.local/lib/python3.12/site-packages/airflow/example_dags/example_task_group_decorator.py
[2025-09-17T11:53:16.637+0000] {processor.py:925} INFO - DAG(s) 'example_task_group_decorator' retrieved from /home/airflow/.local/lib/python3.12/site-packages/airflow/example_dags/example_task_group_decorator.py
[2025-09-17T11:53:16.745+0000] {logging_mixin.py:190} INFO - [2025-09-17T11:53:16.744+0000] {dag.py:3239} INFO - Sync 1 DAGs
[2025-09-17T11:53:16.776+0000] {logging_mixin.py:190} INFO - [2025-09-17T11:53:16.776+0000] {dag.py:4180} INFO - Setting next_dagrun for example_task_group_decorator to None, run_after=None
[2025-09-17T11:53:16.822+0000] {processor.py:208} INFO - Processing /home/airflow/.local/lib/python3.12/site-packages/airflow/example_dags/example_task_group_decorator.py took 0.273 seconds
