[2025-09-17T11:43:31.472+0000] {processor.py:186} INFO - Started process (PID=188) to work on /home/airflow/.local/lib/python3.12/site-packages/airflow/example_dags/example_trigger_controller_dag.py
[2025-09-17T11:43:31.473+0000] {processor.py:914} INFO - Processing file /home/airflow/.local/lib/python3.12/site-packages/airflow/example_dags/example_trigger_controller_dag.py for tasks to queue
[2025-09-17T11:43:31.477+0000] {logging_mixin.py:190} INFO - [2025-09-17T11:43:31.477+0000] {dagbag.py:588} INFO - Filling up the DagBag from /home/airflow/.local/lib/python3.12/site-packages/airflow/example_dags/example_trigger_controller_dag.py
[2025-09-17T11:43:31.490+0000] {processor.py:925} INFO - DAG(s) 'example_trigger_controller_dag' retrieved from /home/airflow/.local/lib/python3.12/site-packages/airflow/example_dags/example_trigger_controller_dag.py
[2025-09-17T11:43:31.642+0000] {logging_mixin.py:190} INFO - [2025-09-17T11:43:31.641+0000] {override.py:1900} INFO - Created Permission View: can delete on DAG:example_trigger_controller_dag
[2025-09-17T11:43:31.656+0000] {logging_mixin.py:190} INFO - [2025-09-17T11:43:31.656+0000] {override.py:1900} INFO - Created Permission View: can edit on DAG:example_trigger_controller_dag
[2025-09-17T11:43:31.664+0000] {logging_mixin.py:190} INFO - [2025-09-17T11:43:31.664+0000] {override.py:1900} INFO - Created Permission View: can read on DAG:example_trigger_controller_dag
[2025-09-17T11:43:31.675+0000] {logging_mixin.py:190} INFO - [2025-09-17T11:43:31.675+0000] {override.py:1900} INFO - Created Permission View: can delete on DAG Run:example_trigger_controller_dag
[2025-09-17T11:43:31.683+0000] {logging_mixin.py:190} INFO - [2025-09-17T11:43:31.683+0000] {override.py:1900} INFO - Created Permission View: menu access on DAG Run:example_trigger_controller_dag
[2025-09-17T11:43:31.694+0000] {logging_mixin.py:190} INFO - [2025-09-17T11:43:31.693+0000] {override.py:1900} INFO - Created Permission View: can read on DAG Run:example_trigger_controller_dag
[2025-09-17T11:43:31.704+0000] {logging_mixin.py:190} INFO - [2025-09-17T11:43:31.703+0000] {override.py:1900} INFO - Created Permission View: can create on DAG Run:example_trigger_controller_dag
[2025-09-17T11:43:31.705+0000] {logging_mixin.py:190} INFO - [2025-09-17T11:43:31.705+0000] {dag.py:3239} INFO - Sync 1 DAGs
[2025-09-17T11:43:31.721+0000] {logging_mixin.py:190} INFO - [2025-09-17T11:43:31.721+0000] {dag.py:3262} INFO - Creating ORM DAG for example_trigger_controller_dag
[2025-09-17T11:43:31.732+0000] {logging_mixin.py:190} INFO - [2025-09-17T11:43:31.732+0000] {dag.py:4180} INFO - Setting next_dagrun for example_trigger_controller_dag to 2021-01-01 00:00:00+00:00, run_after=2021-01-01 00:00:00+00:00
[2025-09-17T11:43:31.755+0000] {processor.py:208} INFO - Processing /home/airflow/.local/lib/python3.12/site-packages/airflow/example_dags/example_trigger_controller_dag.py took 0.292 seconds
[2025-09-17T11:44:04.827+0000] {processor.py:186} INFO - Started process (PID=96) to work on /home/airflow/.local/lib/python3.12/site-packages/airflow/example_dags/example_trigger_controller_dag.py
[2025-09-17T11:44:04.831+0000] {processor.py:914} INFO - Processing file /home/airflow/.local/lib/python3.12/site-packages/airflow/example_dags/example_trigger_controller_dag.py for tasks to queue
[2025-09-17T11:44:04.844+0000] {logging_mixin.py:190} INFO - [2025-09-17T11:44:04.839+0000] {dagbag.py:588} INFO - Filling up the DagBag from /home/airflow/.local/lib/python3.12/site-packages/airflow/example_dags/example_trigger_controller_dag.py
[2025-09-17T11:44:04.864+0000] {processor.py:925} INFO - DAG(s) 'example_trigger_controller_dag' retrieved from /home/airflow/.local/lib/python3.12/site-packages/airflow/example_dags/example_trigger_controller_dag.py
[2025-09-17T11:44:04.896+0000] {logging_mixin.py:190} INFO - [2025-09-17T11:44:04.896+0000] {dag.py:3239} INFO - Sync 1 DAGs
[2025-09-17T11:44:04.927+0000] {logging_mixin.py:190} INFO - [2025-09-17T11:44:04.927+0000] {dag.py:4180} INFO - Setting next_dagrun for example_trigger_controller_dag to 2021-01-01 00:00:00+00:00, run_after=2021-01-01 00:00:00+00:00
[2025-09-17T11:44:04.955+0000] {processor.py:208} INFO - Processing /home/airflow/.local/lib/python3.12/site-packages/airflow/example_dags/example_trigger_controller_dag.py took 0.143 seconds
[2025-09-17T11:44:35.597+0000] {processor.py:186} INFO - Started process (PID=158) to work on /home/airflow/.local/lib/python3.12/site-packages/airflow/example_dags/example_trigger_controller_dag.py
[2025-09-17T11:44:35.598+0000] {processor.py:914} INFO - Processing file /home/airflow/.local/lib/python3.12/site-packages/airflow/example_dags/example_trigger_controller_dag.py for tasks to queue
[2025-09-17T11:44:35.601+0000] {logging_mixin.py:190} INFO - [2025-09-17T11:44:35.601+0000] {dagbag.py:588} INFO - Filling up the DagBag from /home/airflow/.local/lib/python3.12/site-packages/airflow/example_dags/example_trigger_controller_dag.py
[2025-09-17T11:44:35.610+0000] {processor.py:925} INFO - DAG(s) 'example_trigger_controller_dag' retrieved from /home/airflow/.local/lib/python3.12/site-packages/airflow/example_dags/example_trigger_controller_dag.py
[2025-09-17T11:44:35.635+0000] {logging_mixin.py:190} INFO - [2025-09-17T11:44:35.634+0000] {dag.py:3239} INFO - Sync 1 DAGs
[2025-09-17T11:44:35.662+0000] {logging_mixin.py:190} INFO - [2025-09-17T11:44:35.662+0000] {dag.py:4180} INFO - Setting next_dagrun for example_trigger_controller_dag to 2021-01-01 00:00:00+00:00, run_after=2021-01-01 00:00:00+00:00
[2025-09-17T11:44:35.686+0000] {processor.py:208} INFO - Processing /home/airflow/.local/lib/python3.12/site-packages/airflow/example_dags/example_trigger_controller_dag.py took 0.098 seconds
[2025-09-17T11:45:06.575+0000] {processor.py:186} INFO - Started process (PID=220) to work on /home/airflow/.local/lib/python3.12/site-packages/airflow/example_dags/example_trigger_controller_dag.py
[2025-09-17T11:45:06.577+0000] {processor.py:914} INFO - Processing file /home/airflow/.local/lib/python3.12/site-packages/airflow/example_dags/example_trigger_controller_dag.py for tasks to queue
[2025-09-17T11:45:06.580+0000] {logging_mixin.py:190} INFO - [2025-09-17T11:45:06.580+0000] {dagbag.py:588} INFO - Filling up the DagBag from /home/airflow/.local/lib/python3.12/site-packages/airflow/example_dags/example_trigger_controller_dag.py
[2025-09-17T11:45:06.589+0000] {processor.py:925} INFO - DAG(s) 'example_trigger_controller_dag' retrieved from /home/airflow/.local/lib/python3.12/site-packages/airflow/example_dags/example_trigger_controller_dag.py
[2025-09-17T11:45:06.614+0000] {logging_mixin.py:190} INFO - [2025-09-17T11:45:06.614+0000] {dag.py:3239} INFO - Sync 1 DAGs
[2025-09-17T11:45:06.641+0000] {logging_mixin.py:190} INFO - [2025-09-17T11:45:06.640+0000] {dag.py:4180} INFO - Setting next_dagrun for example_trigger_controller_dag to 2021-01-01 00:00:00+00:00, run_after=2021-01-01 00:00:00+00:00
[2025-09-17T11:45:06.667+0000] {processor.py:208} INFO - Processing /home/airflow/.local/lib/python3.12/site-packages/airflow/example_dags/example_trigger_controller_dag.py took 0.100 seconds
[2025-09-17T11:45:37.546+0000] {processor.py:186} INFO - Started process (PID=282) to work on /home/airflow/.local/lib/python3.12/site-packages/airflow/example_dags/example_trigger_controller_dag.py
[2025-09-17T11:45:37.554+0000] {processor.py:914} INFO - Processing file /home/airflow/.local/lib/python3.12/site-packages/airflow/example_dags/example_trigger_controller_dag.py for tasks to queue
[2025-09-17T11:45:37.559+0000] {logging_mixin.py:190} INFO - [2025-09-17T11:45:37.559+0000] {dagbag.py:588} INFO - Filling up the DagBag from /home/airflow/.local/lib/python3.12/site-packages/airflow/example_dags/example_trigger_controller_dag.py
[2025-09-17T11:45:37.580+0000] {processor.py:925} INFO - DAG(s) 'example_trigger_controller_dag' retrieved from /home/airflow/.local/lib/python3.12/site-packages/airflow/example_dags/example_trigger_controller_dag.py
[2025-09-17T11:45:37.618+0000] {logging_mixin.py:190} INFO - [2025-09-17T11:45:37.617+0000] {dag.py:3239} INFO - Sync 1 DAGs
[2025-09-17T11:45:37.647+0000] {logging_mixin.py:190} INFO - [2025-09-17T11:45:37.647+0000] {dag.py:4180} INFO - Setting next_dagrun for example_trigger_controller_dag to 2021-01-01 00:00:00+00:00, run_after=2021-01-01 00:00:00+00:00
[2025-09-17T11:45:37.676+0000] {processor.py:208} INFO - Processing /home/airflow/.local/lib/python3.12/site-packages/airflow/example_dags/example_trigger_controller_dag.py took 0.137 seconds
[2025-09-17T11:46:08.570+0000] {processor.py:186} INFO - Started process (PID=345) to work on /home/airflow/.local/lib/python3.12/site-packages/airflow/example_dags/example_trigger_controller_dag.py
[2025-09-17T11:46:08.571+0000] {processor.py:914} INFO - Processing file /home/airflow/.local/lib/python3.12/site-packages/airflow/example_dags/example_trigger_controller_dag.py for tasks to queue
[2025-09-17T11:46:08.575+0000] {logging_mixin.py:190} INFO - [2025-09-17T11:46:08.574+0000] {dagbag.py:588} INFO - Filling up the DagBag from /home/airflow/.local/lib/python3.12/site-packages/airflow/example_dags/example_trigger_controller_dag.py
[2025-09-17T11:46:08.584+0000] {processor.py:925} INFO - DAG(s) 'example_trigger_controller_dag' retrieved from /home/airflow/.local/lib/python3.12/site-packages/airflow/example_dags/example_trigger_controller_dag.py
[2025-09-17T11:46:08.617+0000] {logging_mixin.py:190} INFO - [2025-09-17T11:46:08.616+0000] {dag.py:3239} INFO - Sync 1 DAGs
[2025-09-17T11:46:08.650+0000] {logging_mixin.py:190} INFO - [2025-09-17T11:46:08.650+0000] {dag.py:4180} INFO - Setting next_dagrun for example_trigger_controller_dag to 2021-01-01 00:00:00+00:00, run_after=2021-01-01 00:00:00+00:00
[2025-09-17T11:46:08.679+0000] {processor.py:208} INFO - Processing /home/airflow/.local/lib/python3.12/site-packages/airflow/example_dags/example_trigger_controller_dag.py took 0.118 seconds
[2025-09-17T11:46:39.001+0000] {processor.py:186} INFO - Started process (PID=407) to work on /home/airflow/.local/lib/python3.12/site-packages/airflow/example_dags/example_trigger_controller_dag.py
[2025-09-17T11:46:39.002+0000] {processor.py:914} INFO - Processing file /home/airflow/.local/lib/python3.12/site-packages/airflow/example_dags/example_trigger_controller_dag.py for tasks to queue
[2025-09-17T11:46:39.006+0000] {logging_mixin.py:190} INFO - [2025-09-17T11:46:39.006+0000] {dagbag.py:588} INFO - Filling up the DagBag from /home/airflow/.local/lib/python3.12/site-packages/airflow/example_dags/example_trigger_controller_dag.py
[2025-09-17T11:46:39.015+0000] {processor.py:925} INFO - DAG(s) 'example_trigger_controller_dag' retrieved from /home/airflow/.local/lib/python3.12/site-packages/airflow/example_dags/example_trigger_controller_dag.py
[2025-09-17T11:46:39.043+0000] {logging_mixin.py:190} INFO - [2025-09-17T11:46:39.042+0000] {dag.py:3239} INFO - Sync 1 DAGs
[2025-09-17T11:46:39.075+0000] {logging_mixin.py:190} INFO - [2025-09-17T11:46:39.075+0000] {dag.py:4180} INFO - Setting next_dagrun for example_trigger_controller_dag to 2021-01-01 00:00:00+00:00, run_after=2021-01-01 00:00:00+00:00
[2025-09-17T11:46:39.098+0000] {processor.py:208} INFO - Processing /home/airflow/.local/lib/python3.12/site-packages/airflow/example_dags/example_trigger_controller_dag.py took 0.106 seconds
[2025-09-17T11:47:09.883+0000] {processor.py:186} INFO - Started process (PID=469) to work on /home/airflow/.local/lib/python3.12/site-packages/airflow/example_dags/example_trigger_controller_dag.py
[2025-09-17T11:47:09.885+0000] {processor.py:914} INFO - Processing file /home/airflow/.local/lib/python3.12/site-packages/airflow/example_dags/example_trigger_controller_dag.py for tasks to queue
[2025-09-17T11:47:09.888+0000] {logging_mixin.py:190} INFO - [2025-09-17T11:47:09.887+0000] {dagbag.py:588} INFO - Filling up the DagBag from /home/airflow/.local/lib/python3.12/site-packages/airflow/example_dags/example_trigger_controller_dag.py
[2025-09-17T11:47:09.897+0000] {processor.py:925} INFO - DAG(s) 'example_trigger_controller_dag' retrieved from /home/airflow/.local/lib/python3.12/site-packages/airflow/example_dags/example_trigger_controller_dag.py
[2025-09-17T11:47:09.923+0000] {logging_mixin.py:190} INFO - [2025-09-17T11:47:09.922+0000] {dag.py:3239} INFO - Sync 1 DAGs
[2025-09-17T11:47:09.954+0000] {logging_mixin.py:190} INFO - [2025-09-17T11:47:09.953+0000] {dag.py:4180} INFO - Setting next_dagrun for example_trigger_controller_dag to 2021-01-01 00:00:00+00:00, run_after=2021-01-01 00:00:00+00:00
[2025-09-17T11:47:09.981+0000] {processor.py:208} INFO - Processing /home/airflow/.local/lib/python3.12/site-packages/airflow/example_dags/example_trigger_controller_dag.py took 0.105 seconds
[2025-09-17T11:47:40.539+0000] {processor.py:186} INFO - Started process (PID=532) to work on /home/airflow/.local/lib/python3.12/site-packages/airflow/example_dags/example_trigger_controller_dag.py
[2025-09-17T11:47:40.540+0000] {processor.py:914} INFO - Processing file /home/airflow/.local/lib/python3.12/site-packages/airflow/example_dags/example_trigger_controller_dag.py for tasks to queue
[2025-09-17T11:47:40.543+0000] {logging_mixin.py:190} INFO - [2025-09-17T11:47:40.543+0000] {dagbag.py:588} INFO - Filling up the DagBag from /home/airflow/.local/lib/python3.12/site-packages/airflow/example_dags/example_trigger_controller_dag.py
[2025-09-17T11:47:40.552+0000] {processor.py:925} INFO - DAG(s) 'example_trigger_controller_dag' retrieved from /home/airflow/.local/lib/python3.12/site-packages/airflow/example_dags/example_trigger_controller_dag.py
[2025-09-17T11:47:40.578+0000] {logging_mixin.py:190} INFO - [2025-09-17T11:47:40.578+0000] {dag.py:3239} INFO - Sync 1 DAGs
[2025-09-17T11:47:40.611+0000] {logging_mixin.py:190} INFO - [2025-09-17T11:47:40.610+0000] {dag.py:4180} INFO - Setting next_dagrun for example_trigger_controller_dag to 2021-01-01 00:00:00+00:00, run_after=2021-01-01 00:00:00+00:00
[2025-09-17T11:47:40.636+0000] {processor.py:208} INFO - Processing /home/airflow/.local/lib/python3.12/site-packages/airflow/example_dags/example_trigger_controller_dag.py took 0.106 seconds
[2025-09-17T11:48:10.782+0000] {processor.py:186} INFO - Started process (PID=594) to work on /home/airflow/.local/lib/python3.12/site-packages/airflow/example_dags/example_trigger_controller_dag.py
[2025-09-17T11:48:10.783+0000] {processor.py:914} INFO - Processing file /home/airflow/.local/lib/python3.12/site-packages/airflow/example_dags/example_trigger_controller_dag.py for tasks to queue
[2025-09-17T11:48:10.788+0000] {logging_mixin.py:190} INFO - [2025-09-17T11:48:10.787+0000] {dagbag.py:588} INFO - Filling up the DagBag from /home/airflow/.local/lib/python3.12/site-packages/airflow/example_dags/example_trigger_controller_dag.py
[2025-09-17T11:48:10.799+0000] {processor.py:925} INFO - DAG(s) 'example_trigger_controller_dag' retrieved from /home/airflow/.local/lib/python3.12/site-packages/airflow/example_dags/example_trigger_controller_dag.py
[2025-09-17T11:48:10.834+0000] {logging_mixin.py:190} INFO - [2025-09-17T11:48:10.834+0000] {dag.py:3239} INFO - Sync 1 DAGs
[2025-09-17T11:48:10.871+0000] {logging_mixin.py:190} INFO - [2025-09-17T11:48:10.870+0000] {dag.py:4180} INFO - Setting next_dagrun for example_trigger_controller_dag to 2021-01-01 00:00:00+00:00, run_after=2021-01-01 00:00:00+00:00
[2025-09-17T11:48:10.910+0000] {processor.py:208} INFO - Processing /home/airflow/.local/lib/python3.12/site-packages/airflow/example_dags/example_trigger_controller_dag.py took 0.137 seconds
[2025-09-17T11:48:41.509+0000] {processor.py:186} INFO - Started process (PID=656) to work on /home/airflow/.local/lib/python3.12/site-packages/airflow/example_dags/example_trigger_controller_dag.py
[2025-09-17T11:48:41.511+0000] {processor.py:914} INFO - Processing file /home/airflow/.local/lib/python3.12/site-packages/airflow/example_dags/example_trigger_controller_dag.py for tasks to queue
[2025-09-17T11:48:41.515+0000] {logging_mixin.py:190} INFO - [2025-09-17T11:48:41.514+0000] {dagbag.py:588} INFO - Filling up the DagBag from /home/airflow/.local/lib/python3.12/site-packages/airflow/example_dags/example_trigger_controller_dag.py
[2025-09-17T11:48:41.524+0000] {processor.py:925} INFO - DAG(s) 'example_trigger_controller_dag' retrieved from /home/airflow/.local/lib/python3.12/site-packages/airflow/example_dags/example_trigger_controller_dag.py
[2025-09-17T11:48:41.551+0000] {logging_mixin.py:190} INFO - [2025-09-17T11:48:41.551+0000] {dag.py:3239} INFO - Sync 1 DAGs
[2025-09-17T11:48:41.580+0000] {logging_mixin.py:190} INFO - [2025-09-17T11:48:41.580+0000] {dag.py:4180} INFO - Setting next_dagrun for example_trigger_controller_dag to 2021-01-01 00:00:00+00:00, run_after=2021-01-01 00:00:00+00:00
[2025-09-17T11:48:41.606+0000] {processor.py:208} INFO - Processing /home/airflow/.local/lib/python3.12/site-packages/airflow/example_dags/example_trigger_controller_dag.py took 0.105 seconds
[2025-09-17T11:49:12.135+0000] {processor.py:186} INFO - Started process (PID=719) to work on /home/airflow/.local/lib/python3.12/site-packages/airflow/example_dags/example_trigger_controller_dag.py
[2025-09-17T11:49:12.137+0000] {processor.py:914} INFO - Processing file /home/airflow/.local/lib/python3.12/site-packages/airflow/example_dags/example_trigger_controller_dag.py for tasks to queue
[2025-09-17T11:49:12.140+0000] {logging_mixin.py:190} INFO - [2025-09-17T11:49:12.140+0000] {dagbag.py:588} INFO - Filling up the DagBag from /home/airflow/.local/lib/python3.12/site-packages/airflow/example_dags/example_trigger_controller_dag.py
[2025-09-17T11:49:12.151+0000] {processor.py:925} INFO - DAG(s) 'example_trigger_controller_dag' retrieved from /home/airflow/.local/lib/python3.12/site-packages/airflow/example_dags/example_trigger_controller_dag.py
[2025-09-17T11:49:12.179+0000] {logging_mixin.py:190} INFO - [2025-09-17T11:49:12.179+0000] {dag.py:3239} INFO - Sync 1 DAGs
[2025-09-17T11:49:12.213+0000] {logging_mixin.py:190} INFO - [2025-09-17T11:49:12.213+0000] {dag.py:4180} INFO - Setting next_dagrun for example_trigger_controller_dag to 2021-01-01 00:00:00+00:00, run_after=2021-01-01 00:00:00+00:00
[2025-09-17T11:49:12.248+0000] {processor.py:208} INFO - Processing /home/airflow/.local/lib/python3.12/site-packages/airflow/example_dags/example_trigger_controller_dag.py took 0.120 seconds
[2025-09-17T11:49:42.383+0000] {processor.py:186} INFO - Started process (PID=781) to work on /home/airflow/.local/lib/python3.12/site-packages/airflow/example_dags/example_trigger_controller_dag.py
[2025-09-17T11:49:42.385+0000] {processor.py:914} INFO - Processing file /home/airflow/.local/lib/python3.12/site-packages/airflow/example_dags/example_trigger_controller_dag.py for tasks to queue
[2025-09-17T11:49:42.388+0000] {logging_mixin.py:190} INFO - [2025-09-17T11:49:42.388+0000] {dagbag.py:588} INFO - Filling up the DagBag from /home/airflow/.local/lib/python3.12/site-packages/airflow/example_dags/example_trigger_controller_dag.py
[2025-09-17T11:49:42.397+0000] {processor.py:925} INFO - DAG(s) 'example_trigger_controller_dag' retrieved from /home/airflow/.local/lib/python3.12/site-packages/airflow/example_dags/example_trigger_controller_dag.py
[2025-09-17T11:49:42.423+0000] {logging_mixin.py:190} INFO - [2025-09-17T11:49:42.423+0000] {dag.py:3239} INFO - Sync 1 DAGs
[2025-09-17T11:49:42.451+0000] {logging_mixin.py:190} INFO - [2025-09-17T11:49:42.450+0000] {dag.py:4180} INFO - Setting next_dagrun for example_trigger_controller_dag to 2021-01-01 00:00:00+00:00, run_after=2021-01-01 00:00:00+00:00
[2025-09-17T11:49:42.477+0000] {processor.py:208} INFO - Processing /home/airflow/.local/lib/python3.12/site-packages/airflow/example_dags/example_trigger_controller_dag.py took 0.102 seconds
[2025-09-17T11:50:13.241+0000] {processor.py:186} INFO - Started process (PID=842) to work on /home/airflow/.local/lib/python3.12/site-packages/airflow/example_dags/example_trigger_controller_dag.py
[2025-09-17T11:50:13.242+0000] {processor.py:914} INFO - Processing file /home/airflow/.local/lib/python3.12/site-packages/airflow/example_dags/example_trigger_controller_dag.py for tasks to queue
[2025-09-17T11:50:13.246+0000] {logging_mixin.py:190} INFO - [2025-09-17T11:50:13.246+0000] {dagbag.py:588} INFO - Filling up the DagBag from /home/airflow/.local/lib/python3.12/site-packages/airflow/example_dags/example_trigger_controller_dag.py
[2025-09-17T11:50:13.256+0000] {processor.py:925} INFO - DAG(s) 'example_trigger_controller_dag' retrieved from /home/airflow/.local/lib/python3.12/site-packages/airflow/example_dags/example_trigger_controller_dag.py
[2025-09-17T11:50:13.284+0000] {logging_mixin.py:190} INFO - [2025-09-17T11:50:13.283+0000] {dag.py:3239} INFO - Sync 1 DAGs
[2025-09-17T11:50:13.313+0000] {logging_mixin.py:190} INFO - [2025-09-17T11:50:13.313+0000] {dag.py:4180} INFO - Setting next_dagrun for example_trigger_controller_dag to 2021-01-01 00:00:00+00:00, run_after=2021-01-01 00:00:00+00:00
[2025-09-17T11:50:13.340+0000] {processor.py:208} INFO - Processing /home/airflow/.local/lib/python3.12/site-packages/airflow/example_dags/example_trigger_controller_dag.py took 0.107 seconds
[2025-09-17T11:50:45.000+0000] {processor.py:186} INFO - Started process (PID=905) to work on /home/airflow/.local/lib/python3.12/site-packages/airflow/example_dags/example_trigger_controller_dag.py
[2025-09-17T11:50:45.002+0000] {processor.py:914} INFO - Processing file /home/airflow/.local/lib/python3.12/site-packages/airflow/example_dags/example_trigger_controller_dag.py for tasks to queue
[2025-09-17T11:50:45.007+0000] {logging_mixin.py:190} INFO - [2025-09-17T11:50:45.006+0000] {dagbag.py:588} INFO - Filling up the DagBag from /home/airflow/.local/lib/python3.12/site-packages/airflow/example_dags/example_trigger_controller_dag.py
[2025-09-17T11:50:45.017+0000] {processor.py:925} INFO - DAG(s) 'example_trigger_controller_dag' retrieved from /home/airflow/.local/lib/python3.12/site-packages/airflow/example_dags/example_trigger_controller_dag.py
[2025-09-17T11:50:45.055+0000] {logging_mixin.py:190} INFO - [2025-09-17T11:50:45.055+0000] {dag.py:3239} INFO - Sync 1 DAGs
[2025-09-17T11:50:45.091+0000] {logging_mixin.py:190} INFO - [2025-09-17T11:50:45.090+0000] {dag.py:4180} INFO - Setting next_dagrun for example_trigger_controller_dag to 2021-01-01 00:00:00+00:00, run_after=2021-01-01 00:00:00+00:00
[2025-09-17T11:50:45.122+0000] {processor.py:208} INFO - Processing /home/airflow/.local/lib/python3.12/site-packages/airflow/example_dags/example_trigger_controller_dag.py took 0.130 seconds
[2025-09-17T11:51:15.261+0000] {processor.py:186} INFO - Started process (PID=967) to work on /home/airflow/.local/lib/python3.12/site-packages/airflow/example_dags/example_trigger_controller_dag.py
[2025-09-17T11:51:15.263+0000] {processor.py:914} INFO - Processing file /home/airflow/.local/lib/python3.12/site-packages/airflow/example_dags/example_trigger_controller_dag.py for tasks to queue
[2025-09-17T11:51:15.266+0000] {logging_mixin.py:190} INFO - [2025-09-17T11:51:15.266+0000] {dagbag.py:588} INFO - Filling up the DagBag from /home/airflow/.local/lib/python3.12/site-packages/airflow/example_dags/example_trigger_controller_dag.py
[2025-09-17T11:51:15.275+0000] {processor.py:925} INFO - DAG(s) 'example_trigger_controller_dag' retrieved from /home/airflow/.local/lib/python3.12/site-packages/airflow/example_dags/example_trigger_controller_dag.py
[2025-09-17T11:51:15.300+0000] {logging_mixin.py:190} INFO - [2025-09-17T11:51:15.300+0000] {dag.py:3239} INFO - Sync 1 DAGs
[2025-09-17T11:51:15.326+0000] {logging_mixin.py:190} INFO - [2025-09-17T11:51:15.326+0000] {dag.py:4180} INFO - Setting next_dagrun for example_trigger_controller_dag to 2021-01-01 00:00:00+00:00, run_after=2021-01-01 00:00:00+00:00
[2025-09-17T11:51:15.351+0000] {processor.py:208} INFO - Processing /home/airflow/.local/lib/python3.12/site-packages/airflow/example_dags/example_trigger_controller_dag.py took 0.097 seconds
[2025-09-17T11:51:45.893+0000] {processor.py:186} INFO - Started process (PID=1029) to work on /home/airflow/.local/lib/python3.12/site-packages/airflow/example_dags/example_trigger_controller_dag.py
[2025-09-17T11:51:45.895+0000] {processor.py:914} INFO - Processing file /home/airflow/.local/lib/python3.12/site-packages/airflow/example_dags/example_trigger_controller_dag.py for tasks to queue
[2025-09-17T11:51:45.899+0000] {logging_mixin.py:190} INFO - [2025-09-17T11:51:45.899+0000] {dagbag.py:588} INFO - Filling up the DagBag from /home/airflow/.local/lib/python3.12/site-packages/airflow/example_dags/example_trigger_controller_dag.py
[2025-09-17T11:51:45.913+0000] {processor.py:925} INFO - DAG(s) 'example_trigger_controller_dag' retrieved from /home/airflow/.local/lib/python3.12/site-packages/airflow/example_dags/example_trigger_controller_dag.py
[2025-09-17T11:51:45.940+0000] {logging_mixin.py:190} INFO - [2025-09-17T11:51:45.940+0000] {dag.py:3239} INFO - Sync 1 DAGs
[2025-09-17T11:51:45.979+0000] {logging_mixin.py:190} INFO - [2025-09-17T11:51:45.979+0000] {dag.py:4180} INFO - Setting next_dagrun for example_trigger_controller_dag to 2021-01-01 00:00:00+00:00, run_after=2021-01-01 00:00:00+00:00
[2025-09-17T11:51:46.010+0000] {processor.py:208} INFO - Processing /home/airflow/.local/lib/python3.12/site-packages/airflow/example_dags/example_trigger_controller_dag.py took 0.129 seconds
[2025-09-17T11:52:16.204+0000] {processor.py:186} INFO - Started process (PID=1091) to work on /home/airflow/.local/lib/python3.12/site-packages/airflow/example_dags/example_trigger_controller_dag.py
[2025-09-17T11:52:16.206+0000] {processor.py:914} INFO - Processing file /home/airflow/.local/lib/python3.12/site-packages/airflow/example_dags/example_trigger_controller_dag.py for tasks to queue
[2025-09-17T11:52:16.209+0000] {logging_mixin.py:190} INFO - [2025-09-17T11:52:16.209+0000] {dagbag.py:588} INFO - Filling up the DagBag from /home/airflow/.local/lib/python3.12/site-packages/airflow/example_dags/example_trigger_controller_dag.py
[2025-09-17T11:52:16.218+0000] {processor.py:925} INFO - DAG(s) 'example_trigger_controller_dag' retrieved from /home/airflow/.local/lib/python3.12/site-packages/airflow/example_dags/example_trigger_controller_dag.py
[2025-09-17T11:52:16.242+0000] {logging_mixin.py:190} INFO - [2025-09-17T11:52:16.242+0000] {dag.py:3239} INFO - Sync 1 DAGs
[2025-09-17T11:52:16.268+0000] {logging_mixin.py:190} INFO - [2025-09-17T11:52:16.268+0000] {dag.py:4180} INFO - Setting next_dagrun for example_trigger_controller_dag to 2021-01-01 00:00:00+00:00, run_after=2021-01-01 00:00:00+00:00
[2025-09-17T11:52:16.295+0000] {processor.py:208} INFO - Processing /home/airflow/.local/lib/python3.12/site-packages/airflow/example_dags/example_trigger_controller_dag.py took 0.099 seconds
[2025-09-17T11:52:46.845+0000] {processor.py:186} INFO - Started process (PID=1153) to work on /home/airflow/.local/lib/python3.12/site-packages/airflow/example_dags/example_trigger_controller_dag.py
[2025-09-17T11:52:46.847+0000] {processor.py:914} INFO - Processing file /home/airflow/.local/lib/python3.12/site-packages/airflow/example_dags/example_trigger_controller_dag.py for tasks to queue
[2025-09-17T11:52:46.850+0000] {logging_mixin.py:190} INFO - [2025-09-17T11:52:46.849+0000] {dagbag.py:588} INFO - Filling up the DagBag from /home/airflow/.local/lib/python3.12/site-packages/airflow/example_dags/example_trigger_controller_dag.py
[2025-09-17T11:52:46.859+0000] {processor.py:925} INFO - DAG(s) 'example_trigger_controller_dag' retrieved from /home/airflow/.local/lib/python3.12/site-packages/airflow/example_dags/example_trigger_controller_dag.py
[2025-09-17T11:52:46.886+0000] {logging_mixin.py:190} INFO - [2025-09-17T11:52:46.886+0000] {dag.py:3239} INFO - Sync 1 DAGs
[2025-09-17T11:52:46.913+0000] {logging_mixin.py:190} INFO - [2025-09-17T11:52:46.913+0000] {dag.py:4180} INFO - Setting next_dagrun for example_trigger_controller_dag to 2021-01-01 00:00:00+00:00, run_after=2021-01-01 00:00:00+00:00
[2025-09-17T11:52:46.935+0000] {processor.py:208} INFO - Processing /home/airflow/.local/lib/python3.12/site-packages/airflow/example_dags/example_trigger_controller_dag.py took 0.098 seconds
[2025-09-17T11:53:17.551+0000] {processor.py:186} INFO - Started process (PID=1215) to work on /home/airflow/.local/lib/python3.12/site-packages/airflow/example_dags/example_trigger_controller_dag.py
[2025-09-17T11:53:17.552+0000] {processor.py:914} INFO - Processing file /home/airflow/.local/lib/python3.12/site-packages/airflow/example_dags/example_trigger_controller_dag.py for tasks to queue
[2025-09-17T11:53:17.556+0000] {logging_mixin.py:190} INFO - [2025-09-17T11:53:17.556+0000] {dagbag.py:588} INFO - Filling up the DagBag from /home/airflow/.local/lib/python3.12/site-packages/airflow/example_dags/example_trigger_controller_dag.py
[2025-09-17T11:53:17.567+0000] {processor.py:925} INFO - DAG(s) 'example_trigger_controller_dag' retrieved from /home/airflow/.local/lib/python3.12/site-packages/airflow/example_dags/example_trigger_controller_dag.py
[2025-09-17T11:53:17.596+0000] {logging_mixin.py:190} INFO - [2025-09-17T11:53:17.596+0000] {dag.py:3239} INFO - Sync 1 DAGs
[2025-09-17T11:53:17.632+0000] {logging_mixin.py:190} INFO - [2025-09-17T11:53:17.632+0000] {dag.py:4180} INFO - Setting next_dagrun for example_trigger_controller_dag to 2021-01-01 00:00:00+00:00, run_after=2021-01-01 00:00:00+00:00
[2025-09-17T11:53:17.662+0000] {processor.py:208} INFO - Processing /home/airflow/.local/lib/python3.12/site-packages/airflow/example_dags/example_trigger_controller_dag.py took 0.121 seconds
