[2025-09-17T11:43:30.691+0000] {processor.py:186} INFO - Started process (PID=184) to work on /home/airflow/.local/lib/python3.12/site-packages/airflow/example_dags/example_sensor_decorator.py
[2025-09-17T11:43:30.693+0000] {processor.py:914} INFO - Processing file /home/airflow/.local/lib/python3.12/site-packages/airflow/example_dags/example_sensor_decorator.py for tasks to queue
[2025-09-17T11:43:30.699+0000] {logging_mixin.py:190} INFO - [2025-09-17T11:43:30.698+0000] {dagbag.py:588} INFO - Filling up the DagBag from /home/airflow/.local/lib/python3.12/site-packages/airflow/example_dags/example_sensor_decorator.py
[2025-09-17T11:43:30.714+0000] {processor.py:925} INFO - DAG(s) 'example_sensor_decorator' retrieved from /home/airflow/.local/lib/python3.12/site-packages/airflow/example_dags/example_sensor_decorator.py
[2025-09-17T11:43:30.911+0000] {logging_mixin.py:190} INFO - [2025-09-17T11:43:30.909+0000] {override.py:1900} INFO - Created Permission View: can delete on DAG:example_sensor_decorator
[2025-09-17T11:43:30.930+0000] {logging_mixin.py:190} INFO - [2025-09-17T11:43:30.930+0000] {override.py:1900} INFO - Created Permission View: can edit on DAG:example_sensor_decorator
[2025-09-17T11:43:30.940+0000] {logging_mixin.py:190} INFO - [2025-09-17T11:43:30.940+0000] {override.py:1900} INFO - Created Permission View: can read on DAG:example_sensor_decorator
[2025-09-17T11:43:30.951+0000] {logging_mixin.py:190} INFO - [2025-09-17T11:43:30.950+0000] {override.py:1900} INFO - Created Permission View: can delete on DAG Run:example_sensor_decorator
[2025-09-17T11:43:30.960+0000] {logging_mixin.py:190} INFO - [2025-09-17T11:43:30.959+0000] {override.py:1900} INFO - Created Permission View: menu access on DAG Run:example_sensor_decorator
[2025-09-17T11:43:30.973+0000] {logging_mixin.py:190} INFO - [2025-09-17T11:43:30.973+0000] {override.py:1900} INFO - Created Permission View: can read on DAG Run:example_sensor_decorator
[2025-09-17T11:43:30.985+0000] {logging_mixin.py:190} INFO - [2025-09-17T11:43:30.985+0000] {override.py:1900} INFO - Created Permission View: can create on DAG Run:example_sensor_decorator
[2025-09-17T11:43:30.986+0000] {logging_mixin.py:190} INFO - [2025-09-17T11:43:30.985+0000] {dag.py:3239} INFO - Sync 1 DAGs
[2025-09-17T11:43:31.003+0000] {logging_mixin.py:190} INFO - [2025-09-17T11:43:31.003+0000] {dag.py:3262} INFO - Creating ORM DAG for example_sensor_decorator
[2025-09-17T11:43:31.005+0000] {logging_mixin.py:190} INFO - [2025-09-17T11:43:31.004+0000] {dag.py:4180} INFO - Setting next_dagrun for example_sensor_decorator to None, run_after=None
[2025-09-17T11:43:31.035+0000] {processor.py:208} INFO - Processing /home/airflow/.local/lib/python3.12/site-packages/airflow/example_dags/example_sensor_decorator.py took 0.352 seconds
[2025-09-17T11:44:04.270+0000] {processor.py:186} INFO - Started process (PID=92) to work on /home/airflow/.local/lib/python3.12/site-packages/airflow/example_dags/example_sensor_decorator.py
[2025-09-17T11:44:04.272+0000] {processor.py:914} INFO - Processing file /home/airflow/.local/lib/python3.12/site-packages/airflow/example_dags/example_sensor_decorator.py for tasks to queue
[2025-09-17T11:44:04.275+0000] {logging_mixin.py:190} INFO - [2025-09-17T11:44:04.275+0000] {dagbag.py:588} INFO - Filling up the DagBag from /home/airflow/.local/lib/python3.12/site-packages/airflow/example_dags/example_sensor_decorator.py
[2025-09-17T11:44:04.286+0000] {processor.py:925} INFO - DAG(s) 'example_sensor_decorator' retrieved from /home/airflow/.local/lib/python3.12/site-packages/airflow/example_dags/example_sensor_decorator.py
[2025-09-17T11:44:04.315+0000] {logging_mixin.py:190} INFO - [2025-09-17T11:44:04.315+0000] {dag.py:3239} INFO - Sync 1 DAGs
[2025-09-17T11:44:04.333+0000] {logging_mixin.py:190} INFO - [2025-09-17T11:44:04.332+0000] {dag.py:4180} INFO - Setting next_dagrun for example_sensor_decorator to None, run_after=None
[2025-09-17T11:44:04.356+0000] {processor.py:208} INFO - Processing /home/airflow/.local/lib/python3.12/site-packages/airflow/example_dags/example_sensor_decorator.py took 0.094 seconds
[2025-09-17T11:44:35.245+0000] {processor.py:186} INFO - Started process (PID=154) to work on /home/airflow/.local/lib/python3.12/site-packages/airflow/example_dags/example_sensor_decorator.py
[2025-09-17T11:44:35.247+0000] {processor.py:914} INFO - Processing file /home/airflow/.local/lib/python3.12/site-packages/airflow/example_dags/example_sensor_decorator.py for tasks to queue
[2025-09-17T11:44:35.252+0000] {logging_mixin.py:190} INFO - [2025-09-17T11:44:35.251+0000] {dagbag.py:588} INFO - Filling up the DagBag from /home/airflow/.local/lib/python3.12/site-packages/airflow/example_dags/example_sensor_decorator.py
[2025-09-17T11:44:35.265+0000] {processor.py:925} INFO - DAG(s) 'example_sensor_decorator' retrieved from /home/airflow/.local/lib/python3.12/site-packages/airflow/example_dags/example_sensor_decorator.py
[2025-09-17T11:44:35.292+0000] {logging_mixin.py:190} INFO - [2025-09-17T11:44:35.291+0000] {dag.py:3239} INFO - Sync 1 DAGs
[2025-09-17T11:44:35.310+0000] {logging_mixin.py:190} INFO - [2025-09-17T11:44:35.310+0000] {dag.py:4180} INFO - Setting next_dagrun for example_sensor_decorator to None, run_after=None
[2025-09-17T11:44:35.332+0000] {processor.py:208} INFO - Processing /home/airflow/.local/lib/python3.12/site-packages/airflow/example_dags/example_sensor_decorator.py took 0.096 seconds
[2025-09-17T11:45:06.120+0000] {processor.py:186} INFO - Started process (PID=216) to work on /home/airflow/.local/lib/python3.12/site-packages/airflow/example_dags/example_sensor_decorator.py
[2025-09-17T11:45:06.121+0000] {processor.py:914} INFO - Processing file /home/airflow/.local/lib/python3.12/site-packages/airflow/example_dags/example_sensor_decorator.py for tasks to queue
[2025-09-17T11:45:06.124+0000] {logging_mixin.py:190} INFO - [2025-09-17T11:45:06.124+0000] {dagbag.py:588} INFO - Filling up the DagBag from /home/airflow/.local/lib/python3.12/site-packages/airflow/example_dags/example_sensor_decorator.py
[2025-09-17T11:45:06.134+0000] {processor.py:925} INFO - DAG(s) 'example_sensor_decorator' retrieved from /home/airflow/.local/lib/python3.12/site-packages/airflow/example_dags/example_sensor_decorator.py
[2025-09-17T11:45:06.157+0000] {logging_mixin.py:190} INFO - [2025-09-17T11:45:06.157+0000] {dag.py:3239} INFO - Sync 1 DAGs
[2025-09-17T11:45:06.172+0000] {logging_mixin.py:190} INFO - [2025-09-17T11:45:06.172+0000] {dag.py:4180} INFO - Setting next_dagrun for example_sensor_decorator to None, run_after=None
[2025-09-17T11:45:06.195+0000] {processor.py:208} INFO - Processing /home/airflow/.local/lib/python3.12/site-packages/airflow/example_dags/example_sensor_decorator.py took 0.082 seconds
[2025-09-17T11:45:37.068+0000] {processor.py:186} INFO - Started process (PID=278) to work on /home/airflow/.local/lib/python3.12/site-packages/airflow/example_dags/example_sensor_decorator.py
[2025-09-17T11:45:37.069+0000] {processor.py:914} INFO - Processing file /home/airflow/.local/lib/python3.12/site-packages/airflow/example_dags/example_sensor_decorator.py for tasks to queue
[2025-09-17T11:45:37.073+0000] {logging_mixin.py:190} INFO - [2025-09-17T11:45:37.072+0000] {dagbag.py:588} INFO - Filling up the DagBag from /home/airflow/.local/lib/python3.12/site-packages/airflow/example_dags/example_sensor_decorator.py
[2025-09-17T11:45:37.082+0000] {processor.py:925} INFO - DAG(s) 'example_sensor_decorator' retrieved from /home/airflow/.local/lib/python3.12/site-packages/airflow/example_dags/example_sensor_decorator.py
[2025-09-17T11:45:37.107+0000] {logging_mixin.py:190} INFO - [2025-09-17T11:45:37.106+0000] {dag.py:3239} INFO - Sync 1 DAGs
[2025-09-17T11:45:37.123+0000] {logging_mixin.py:190} INFO - [2025-09-17T11:45:37.123+0000] {dag.py:4180} INFO - Setting next_dagrun for example_sensor_decorator to None, run_after=None
[2025-09-17T11:45:37.146+0000] {processor.py:208} INFO - Processing /home/airflow/.local/lib/python3.12/site-packages/airflow/example_dags/example_sensor_decorator.py took 0.085 seconds
[2025-09-17T11:46:08.037+0000] {processor.py:186} INFO - Started process (PID=341) to work on /home/airflow/.local/lib/python3.12/site-packages/airflow/example_dags/example_sensor_decorator.py
[2025-09-17T11:46:08.039+0000] {processor.py:914} INFO - Processing file /home/airflow/.local/lib/python3.12/site-packages/airflow/example_dags/example_sensor_decorator.py for tasks to queue
[2025-09-17T11:46:08.044+0000] {logging_mixin.py:190} INFO - [2025-09-17T11:46:08.042+0000] {dagbag.py:588} INFO - Filling up the DagBag from /home/airflow/.local/lib/python3.12/site-packages/airflow/example_dags/example_sensor_decorator.py
[2025-09-17T11:46:08.062+0000] {processor.py:925} INFO - DAG(s) 'example_sensor_decorator' retrieved from /home/airflow/.local/lib/python3.12/site-packages/airflow/example_dags/example_sensor_decorator.py
[2025-09-17T11:46:08.106+0000] {logging_mixin.py:190} INFO - [2025-09-17T11:46:08.106+0000] {dag.py:3239} INFO - Sync 1 DAGs
[2025-09-17T11:46:08.131+0000] {logging_mixin.py:190} INFO - [2025-09-17T11:46:08.131+0000] {dag.py:4180} INFO - Setting next_dagrun for example_sensor_decorator to None, run_after=None
[2025-09-17T11:46:08.159+0000] {processor.py:208} INFO - Processing /home/airflow/.local/lib/python3.12/site-packages/airflow/example_dags/example_sensor_decorator.py took 0.130 seconds
[2025-09-17T11:46:38.646+0000] {processor.py:186} INFO - Started process (PID=403) to work on /home/airflow/.local/lib/python3.12/site-packages/airflow/example_dags/example_sensor_decorator.py
[2025-09-17T11:46:38.648+0000] {processor.py:914} INFO - Processing file /home/airflow/.local/lib/python3.12/site-packages/airflow/example_dags/example_sensor_decorator.py for tasks to queue
[2025-09-17T11:46:38.652+0000] {logging_mixin.py:190} INFO - [2025-09-17T11:46:38.651+0000] {dagbag.py:588} INFO - Filling up the DagBag from /home/airflow/.local/lib/python3.12/site-packages/airflow/example_dags/example_sensor_decorator.py
[2025-09-17T11:46:38.663+0000] {processor.py:925} INFO - DAG(s) 'example_sensor_decorator' retrieved from /home/airflow/.local/lib/python3.12/site-packages/airflow/example_dags/example_sensor_decorator.py
[2025-09-17T11:46:38.689+0000] {logging_mixin.py:190} INFO - [2025-09-17T11:46:38.689+0000] {dag.py:3239} INFO - Sync 1 DAGs
[2025-09-17T11:46:38.706+0000] {logging_mixin.py:190} INFO - [2025-09-17T11:46:38.706+0000] {dag.py:4180} INFO - Setting next_dagrun for example_sensor_decorator to None, run_after=None
[2025-09-17T11:46:38.731+0000] {processor.py:208} INFO - Processing /home/airflow/.local/lib/python3.12/site-packages/airflow/example_dags/example_sensor_decorator.py took 0.092 seconds
[2025-09-17T11:47:09.608+0000] {processor.py:186} INFO - Started process (PID=465) to work on /home/airflow/.local/lib/python3.12/site-packages/airflow/example_dags/example_sensor_decorator.py
[2025-09-17T11:47:09.609+0000] {processor.py:914} INFO - Processing file /home/airflow/.local/lib/python3.12/site-packages/airflow/example_dags/example_sensor_decorator.py for tasks to queue
[2025-09-17T11:47:09.612+0000] {logging_mixin.py:190} INFO - [2025-09-17T11:47:09.612+0000] {dagbag.py:588} INFO - Filling up the DagBag from /home/airflow/.local/lib/python3.12/site-packages/airflow/example_dags/example_sensor_decorator.py
[2025-09-17T11:47:09.622+0000] {processor.py:925} INFO - DAG(s) 'example_sensor_decorator' retrieved from /home/airflow/.local/lib/python3.12/site-packages/airflow/example_dags/example_sensor_decorator.py
[2025-09-17T11:47:09.648+0000] {logging_mixin.py:190} INFO - [2025-09-17T11:47:09.648+0000] {dag.py:3239} INFO - Sync 1 DAGs
[2025-09-17T11:47:09.665+0000] {logging_mixin.py:190} INFO - [2025-09-17T11:47:09.664+0000] {dag.py:4180} INFO - Setting next_dagrun for example_sensor_decorator to None, run_after=None
[2025-09-17T11:47:09.691+0000] {processor.py:208} INFO - Processing /home/airflow/.local/lib/python3.12/site-packages/airflow/example_dags/example_sensor_decorator.py took 0.090 seconds
[2025-09-17T11:47:40.260+0000] {processor.py:186} INFO - Started process (PID=528) to work on /home/airflow/.local/lib/python3.12/site-packages/airflow/example_dags/example_sensor_decorator.py
[2025-09-17T11:47:40.261+0000] {processor.py:914} INFO - Processing file /home/airflow/.local/lib/python3.12/site-packages/airflow/example_dags/example_sensor_decorator.py for tasks to queue
[2025-09-17T11:47:40.265+0000] {logging_mixin.py:190} INFO - [2025-09-17T11:47:40.264+0000] {dagbag.py:588} INFO - Filling up the DagBag from /home/airflow/.local/lib/python3.12/site-packages/airflow/example_dags/example_sensor_decorator.py
[2025-09-17T11:47:40.275+0000] {processor.py:925} INFO - DAG(s) 'example_sensor_decorator' retrieved from /home/airflow/.local/lib/python3.12/site-packages/airflow/example_dags/example_sensor_decorator.py
[2025-09-17T11:47:40.303+0000] {logging_mixin.py:190} INFO - [2025-09-17T11:47:40.302+0000] {dag.py:3239} INFO - Sync 1 DAGs
[2025-09-17T11:47:40.323+0000] {logging_mixin.py:190} INFO - [2025-09-17T11:47:40.323+0000] {dag.py:4180} INFO - Setting next_dagrun for example_sensor_decorator to None, run_after=None
[2025-09-17T11:47:40.350+0000] {processor.py:208} INFO - Processing /home/airflow/.local/lib/python3.12/site-packages/airflow/example_dags/example_sensor_decorator.py took 0.097 seconds
[2025-09-17T11:48:10.423+0000] {processor.py:186} INFO - Started process (PID=590) to work on /home/airflow/.local/lib/python3.12/site-packages/airflow/example_dags/example_sensor_decorator.py
[2025-09-17T11:48:10.424+0000] {processor.py:914} INFO - Processing file /home/airflow/.local/lib/python3.12/site-packages/airflow/example_dags/example_sensor_decorator.py for tasks to queue
[2025-09-17T11:48:10.428+0000] {logging_mixin.py:190} INFO - [2025-09-17T11:48:10.427+0000] {dagbag.py:588} INFO - Filling up the DagBag from /home/airflow/.local/lib/python3.12/site-packages/airflow/example_dags/example_sensor_decorator.py
[2025-09-17T11:48:10.438+0000] {processor.py:925} INFO - DAG(s) 'example_sensor_decorator' retrieved from /home/airflow/.local/lib/python3.12/site-packages/airflow/example_dags/example_sensor_decorator.py
[2025-09-17T11:48:10.461+0000] {logging_mixin.py:190} INFO - [2025-09-17T11:48:10.461+0000] {dag.py:3239} INFO - Sync 1 DAGs
[2025-09-17T11:48:10.478+0000] {logging_mixin.py:190} INFO - [2025-09-17T11:48:10.478+0000] {dag.py:4180} INFO - Setting next_dagrun for example_sensor_decorator to None, run_after=None
[2025-09-17T11:48:10.502+0000] {processor.py:208} INFO - Processing /home/airflow/.local/lib/python3.12/site-packages/airflow/example_dags/example_sensor_decorator.py took 0.086 seconds
[2025-09-17T11:48:41.027+0000] {processor.py:186} INFO - Started process (PID=652) to work on /home/airflow/.local/lib/python3.12/site-packages/airflow/example_dags/example_sensor_decorator.py
[2025-09-17T11:48:41.028+0000] {processor.py:914} INFO - Processing file /home/airflow/.local/lib/python3.12/site-packages/airflow/example_dags/example_sensor_decorator.py for tasks to queue
[2025-09-17T11:48:41.032+0000] {logging_mixin.py:190} INFO - [2025-09-17T11:48:41.031+0000] {dagbag.py:588} INFO - Filling up the DagBag from /home/airflow/.local/lib/python3.12/site-packages/airflow/example_dags/example_sensor_decorator.py
[2025-09-17T11:48:41.043+0000] {processor.py:925} INFO - DAG(s) 'example_sensor_decorator' retrieved from /home/airflow/.local/lib/python3.12/site-packages/airflow/example_dags/example_sensor_decorator.py
[2025-09-17T11:48:41.070+0000] {logging_mixin.py:190} INFO - [2025-09-17T11:48:41.070+0000] {dag.py:3239} INFO - Sync 1 DAGs
[2025-09-17T11:48:41.089+0000] {logging_mixin.py:190} INFO - [2025-09-17T11:48:41.088+0000] {dag.py:4180} INFO - Setting next_dagrun for example_sensor_decorator to None, run_after=None
[2025-09-17T11:48:41.114+0000] {processor.py:208} INFO - Processing /home/airflow/.local/lib/python3.12/site-packages/airflow/example_dags/example_sensor_decorator.py took 0.095 seconds
[2025-09-17T11:49:11.599+0000] {processor.py:186} INFO - Started process (PID=715) to work on /home/airflow/.local/lib/python3.12/site-packages/airflow/example_dags/example_sensor_decorator.py
[2025-09-17T11:49:11.601+0000] {processor.py:914} INFO - Processing file /home/airflow/.local/lib/python3.12/site-packages/airflow/example_dags/example_sensor_decorator.py for tasks to queue
[2025-09-17T11:49:11.605+0000] {logging_mixin.py:190} INFO - [2025-09-17T11:49:11.604+0000] {dagbag.py:588} INFO - Filling up the DagBag from /home/airflow/.local/lib/python3.12/site-packages/airflow/example_dags/example_sensor_decorator.py
[2025-09-17T11:49:11.619+0000] {processor.py:925} INFO - DAG(s) 'example_sensor_decorator' retrieved from /home/airflow/.local/lib/python3.12/site-packages/airflow/example_dags/example_sensor_decorator.py
[2025-09-17T11:49:11.652+0000] {logging_mixin.py:190} INFO - [2025-09-17T11:49:11.652+0000] {dag.py:3239} INFO - Sync 1 DAGs
[2025-09-17T11:49:11.676+0000] {logging_mixin.py:190} INFO - [2025-09-17T11:49:11.674+0000] {dag.py:4180} INFO - Setting next_dagrun for example_sensor_decorator to None, run_after=None
[2025-09-17T11:49:11.706+0000] {processor.py:208} INFO - Processing /home/airflow/.local/lib/python3.12/site-packages/airflow/example_dags/example_sensor_decorator.py took 0.117 seconds
[2025-09-17T11:49:41.904+0000] {processor.py:186} INFO - Started process (PID=777) to work on /home/airflow/.local/lib/python3.12/site-packages/airflow/example_dags/example_sensor_decorator.py
[2025-09-17T11:49:41.906+0000] {processor.py:914} INFO - Processing file /home/airflow/.local/lib/python3.12/site-packages/airflow/example_dags/example_sensor_decorator.py for tasks to queue
[2025-09-17T11:49:41.909+0000] {logging_mixin.py:190} INFO - [2025-09-17T11:49:41.909+0000] {dagbag.py:588} INFO - Filling up the DagBag from /home/airflow/.local/lib/python3.12/site-packages/airflow/example_dags/example_sensor_decorator.py
[2025-09-17T11:49:41.923+0000] {processor.py:925} INFO - DAG(s) 'example_sensor_decorator' retrieved from /home/airflow/.local/lib/python3.12/site-packages/airflow/example_dags/example_sensor_decorator.py
[2025-09-17T11:49:41.948+0000] {logging_mixin.py:190} INFO - [2025-09-17T11:49:41.948+0000] {dag.py:3239} INFO - Sync 1 DAGs
[2025-09-17T11:49:41.967+0000] {logging_mixin.py:190} INFO - [2025-09-17T11:49:41.966+0000] {dag.py:4180} INFO - Setting next_dagrun for example_sensor_decorator to None, run_after=None
[2025-09-17T11:49:41.997+0000] {processor.py:208} INFO - Processing /home/airflow/.local/lib/python3.12/site-packages/airflow/example_dags/example_sensor_decorator.py took 0.103 seconds
[2025-09-17T11:50:13.007+0000] {processor.py:186} INFO - Started process (PID=839) to work on /home/airflow/.local/lib/python3.12/site-packages/airflow/example_dags/example_sensor_decorator.py
[2025-09-17T11:50:13.008+0000] {processor.py:914} INFO - Processing file /home/airflow/.local/lib/python3.12/site-packages/airflow/example_dags/example_sensor_decorator.py for tasks to queue
[2025-09-17T11:50:13.012+0000] {logging_mixin.py:190} INFO - [2025-09-17T11:50:13.011+0000] {dagbag.py:588} INFO - Filling up the DagBag from /home/airflow/.local/lib/python3.12/site-packages/airflow/example_dags/example_sensor_decorator.py
[2025-09-17T11:50:13.024+0000] {processor.py:925} INFO - DAG(s) 'example_sensor_decorator' retrieved from /home/airflow/.local/lib/python3.12/site-packages/airflow/example_dags/example_sensor_decorator.py
[2025-09-17T11:50:13.052+0000] {logging_mixin.py:190} INFO - [2025-09-17T11:50:13.051+0000] {dag.py:3239} INFO - Sync 1 DAGs
[2025-09-17T11:50:13.069+0000] {logging_mixin.py:190} INFO - [2025-09-17T11:50:13.069+0000] {dag.py:4180} INFO - Setting next_dagrun for example_sensor_decorator to None, run_after=None
[2025-09-17T11:50:13.095+0000] {processor.py:208} INFO - Processing /home/airflow/.local/lib/python3.12/site-packages/airflow/example_dags/example_sensor_decorator.py took 0.098 seconds
[2025-09-17T11:50:44.665+0000] {processor.py:186} INFO - Started process (PID=901) to work on /home/airflow/.local/lib/python3.12/site-packages/airflow/example_dags/example_sensor_decorator.py
[2025-09-17T11:50:44.666+0000] {processor.py:914} INFO - Processing file /home/airflow/.local/lib/python3.12/site-packages/airflow/example_dags/example_sensor_decorator.py for tasks to queue
[2025-09-17T11:50:44.670+0000] {logging_mixin.py:190} INFO - [2025-09-17T11:50:44.670+0000] {dagbag.py:588} INFO - Filling up the DagBag from /home/airflow/.local/lib/python3.12/site-packages/airflow/example_dags/example_sensor_decorator.py
[2025-09-17T11:50:44.683+0000] {processor.py:925} INFO - DAG(s) 'example_sensor_decorator' retrieved from /home/airflow/.local/lib/python3.12/site-packages/airflow/example_dags/example_sensor_decorator.py
[2025-09-17T11:50:44.715+0000] {logging_mixin.py:190} INFO - [2025-09-17T11:50:44.714+0000] {dag.py:3239} INFO - Sync 1 DAGs
[2025-09-17T11:50:44.736+0000] {logging_mixin.py:190} INFO - [2025-09-17T11:50:44.735+0000] {dag.py:4180} INFO - Setting next_dagrun for example_sensor_decorator to None, run_after=None
[2025-09-17T11:50:44.762+0000] {processor.py:208} INFO - Processing /home/airflow/.local/lib/python3.12/site-packages/airflow/example_dags/example_sensor_decorator.py took 0.107 seconds
[2025-09-17T11:51:14.926+0000] {processor.py:186} INFO - Started process (PID=963) to work on /home/airflow/.local/lib/python3.12/site-packages/airflow/example_dags/example_sensor_decorator.py
[2025-09-17T11:51:14.928+0000] {processor.py:914} INFO - Processing file /home/airflow/.local/lib/python3.12/site-packages/airflow/example_dags/example_sensor_decorator.py for tasks to queue
[2025-09-17T11:51:14.931+0000] {logging_mixin.py:190} INFO - [2025-09-17T11:51:14.931+0000] {dagbag.py:588} INFO - Filling up the DagBag from /home/airflow/.local/lib/python3.12/site-packages/airflow/example_dags/example_sensor_decorator.py
[2025-09-17T11:51:14.944+0000] {processor.py:925} INFO - DAG(s) 'example_sensor_decorator' retrieved from /home/airflow/.local/lib/python3.12/site-packages/airflow/example_dags/example_sensor_decorator.py
[2025-09-17T11:51:14.971+0000] {logging_mixin.py:190} INFO - [2025-09-17T11:51:14.970+0000] {dag.py:3239} INFO - Sync 1 DAGs
[2025-09-17T11:51:14.989+0000] {logging_mixin.py:190} INFO - [2025-09-17T11:51:14.989+0000] {dag.py:4180} INFO - Setting next_dagrun for example_sensor_decorator to None, run_after=None
[2025-09-17T11:51:15.014+0000] {processor.py:208} INFO - Processing /home/airflow/.local/lib/python3.12/site-packages/airflow/example_dags/example_sensor_decorator.py took 0.095 seconds
[2025-09-17T11:51:45.248+0000] {processor.py:186} INFO - Started process (PID=1024) to work on /home/airflow/.local/lib/python3.12/site-packages/airflow/example_dags/example_sensor_decorator.py
[2025-09-17T11:51:45.249+0000] {processor.py:914} INFO - Processing file /home/airflow/.local/lib/python3.12/site-packages/airflow/example_dags/example_sensor_decorator.py for tasks to queue
[2025-09-17T11:51:45.252+0000] {logging_mixin.py:190} INFO - [2025-09-17T11:51:45.252+0000] {dagbag.py:588} INFO - Filling up the DagBag from /home/airflow/.local/lib/python3.12/site-packages/airflow/example_dags/example_sensor_decorator.py
[2025-09-17T11:51:45.262+0000] {processor.py:925} INFO - DAG(s) 'example_sensor_decorator' retrieved from /home/airflow/.local/lib/python3.12/site-packages/airflow/example_dags/example_sensor_decorator.py
[2025-09-17T11:51:45.288+0000] {logging_mixin.py:190} INFO - [2025-09-17T11:51:45.288+0000] {dag.py:3239} INFO - Sync 1 DAGs
[2025-09-17T11:51:45.305+0000] {logging_mixin.py:190} INFO - [2025-09-17T11:51:45.305+0000] {dag.py:4180} INFO - Setting next_dagrun for example_sensor_decorator to None, run_after=None
[2025-09-17T11:51:45.334+0000] {processor.py:208} INFO - Processing /home/airflow/.local/lib/python3.12/site-packages/airflow/example_dags/example_sensor_decorator.py took 0.094 seconds
[2025-09-17T11:52:15.423+0000] {processor.py:186} INFO - Started process (PID=1086) to work on /home/airflow/.local/lib/python3.12/site-packages/airflow/example_dags/example_sensor_decorator.py
[2025-09-17T11:52:15.425+0000] {processor.py:914} INFO - Processing file /home/airflow/.local/lib/python3.12/site-packages/airflow/example_dags/example_sensor_decorator.py for tasks to queue
[2025-09-17T11:52:15.428+0000] {logging_mixin.py:190} INFO - [2025-09-17T11:52:15.428+0000] {dagbag.py:588} INFO - Filling up the DagBag from /home/airflow/.local/lib/python3.12/site-packages/airflow/example_dags/example_sensor_decorator.py
[2025-09-17T11:52:15.438+0000] {processor.py:925} INFO - DAG(s) 'example_sensor_decorator' retrieved from /home/airflow/.local/lib/python3.12/site-packages/airflow/example_dags/example_sensor_decorator.py
[2025-09-17T11:52:15.464+0000] {logging_mixin.py:190} INFO - [2025-09-17T11:52:15.463+0000] {dag.py:3239} INFO - Sync 1 DAGs
[2025-09-17T11:52:15.481+0000] {logging_mixin.py:190} INFO - [2025-09-17T11:52:15.481+0000] {dag.py:4180} INFO - Setting next_dagrun for example_sensor_decorator to None, run_after=None
[2025-09-17T11:52:15.505+0000] {processor.py:208} INFO - Processing /home/airflow/.local/lib/python3.12/site-packages/airflow/example_dags/example_sensor_decorator.py took 0.090 seconds
[2025-09-17T11:52:46.416+0000] {processor.py:186} INFO - Started process (PID=1149) to work on /home/airflow/.local/lib/python3.12/site-packages/airflow/example_dags/example_sensor_decorator.py
[2025-09-17T11:52:46.417+0000] {processor.py:914} INFO - Processing file /home/airflow/.local/lib/python3.12/site-packages/airflow/example_dags/example_sensor_decorator.py for tasks to queue
[2025-09-17T11:52:46.421+0000] {logging_mixin.py:190} INFO - [2025-09-17T11:52:46.420+0000] {dagbag.py:588} INFO - Filling up the DagBag from /home/airflow/.local/lib/python3.12/site-packages/airflow/example_dags/example_sensor_decorator.py
[2025-09-17T11:52:46.432+0000] {processor.py:925} INFO - DAG(s) 'example_sensor_decorator' retrieved from /home/airflow/.local/lib/python3.12/site-packages/airflow/example_dags/example_sensor_decorator.py
[2025-09-17T11:52:46.461+0000] {logging_mixin.py:190} INFO - [2025-09-17T11:52:46.461+0000] {dag.py:3239} INFO - Sync 1 DAGs
[2025-09-17T11:52:46.480+0000] {logging_mixin.py:190} INFO - [2025-09-17T11:52:46.480+0000] {dag.py:4180} INFO - Setting next_dagrun for example_sensor_decorator to None, run_after=None
[2025-09-17T11:52:46.507+0000] {processor.py:208} INFO - Processing /home/airflow/.local/lib/python3.12/site-packages/airflow/example_dags/example_sensor_decorator.py took 0.099 seconds
[2025-09-17T11:53:17.097+0000] {processor.py:186} INFO - Started process (PID=1211) to work on /home/airflow/.local/lib/python3.12/site-packages/airflow/example_dags/example_sensor_decorator.py
[2025-09-17T11:53:17.100+0000] {processor.py:914} INFO - Processing file /home/airflow/.local/lib/python3.12/site-packages/airflow/example_dags/example_sensor_decorator.py for tasks to queue
[2025-09-17T11:53:17.103+0000] {logging_mixin.py:190} INFO - [2025-09-17T11:53:17.103+0000] {dagbag.py:588} INFO - Filling up the DagBag from /home/airflow/.local/lib/python3.12/site-packages/airflow/example_dags/example_sensor_decorator.py
[2025-09-17T11:53:17.116+0000] {processor.py:925} INFO - DAG(s) 'example_sensor_decorator' retrieved from /home/airflow/.local/lib/python3.12/site-packages/airflow/example_dags/example_sensor_decorator.py
[2025-09-17T11:53:17.145+0000] {logging_mixin.py:190} INFO - [2025-09-17T11:53:17.144+0000] {dag.py:3239} INFO - Sync 1 DAGs
[2025-09-17T11:53:17.165+0000] {logging_mixin.py:190} INFO - [2025-09-17T11:53:17.165+0000] {dag.py:4180} INFO - Setting next_dagrun for example_sensor_decorator to None, run_after=None
[2025-09-17T11:53:17.190+0000] {processor.py:208} INFO - Processing /home/airflow/.local/lib/python3.12/site-packages/airflow/example_dags/example_sensor_decorator.py took 0.103 seconds
