[2025-09-17T11:43:22.835+0000] {processor.py:186} INFO - Started process (PID=158) to work on /home/airflow/.local/lib/python3.12/site-packages/airflow/example_dags/example_complex.py
[2025-09-17T11:43:22.838+0000] {processor.py:914} INFO - Processing file /home/airflow/.local/lib/python3.12/site-packages/airflow/example_dags/example_complex.py for tasks to queue
[2025-09-17T11:43:22.844+0000] {logging_mixin.py:190} INFO - [2025-09-17T11:43:22.843+0000] {dagbag.py:588} INFO - Filling up the DagBag from /home/airflow/.local/lib/python3.12/site-packages/airflow/example_dags/example_complex.py
[2025-09-17T11:43:22.879+0000] {processor.py:925} INFO - DAG(s) 'example_complex' retrieved from /home/airflow/.local/lib/python3.12/site-packages/airflow/example_dags/example_complex.py
[2025-09-17T11:43:23.260+0000] {logging_mixin.py:190} INFO - [2025-09-17T11:43:23.258+0000] {override.py:1900} INFO - Created Permission View: can delete on DAG:example_complex
[2025-09-17T11:43:23.289+0000] {logging_mixin.py:190} INFO - [2025-09-17T11:43:23.288+0000] {override.py:1900} INFO - Created Permission View: can edit on DAG:example_complex
[2025-09-17T11:43:23.303+0000] {logging_mixin.py:190} INFO - [2025-09-17T11:43:23.302+0000] {override.py:1900} INFO - Created Permission View: can read on DAG:example_complex
[2025-09-17T11:43:23.321+0000] {logging_mixin.py:190} INFO - [2025-09-17T11:43:23.320+0000] {override.py:1900} INFO - Created Permission View: can delete on DAG Run:example_complex
[2025-09-17T11:43:23.340+0000] {logging_mixin.py:190} INFO - [2025-09-17T11:43:23.339+0000] {override.py:1900} INFO - Created Permission View: menu access on DAG Run:example_complex
[2025-09-17T11:43:23.356+0000] {logging_mixin.py:190} INFO - [2025-09-17T11:43:23.356+0000] {override.py:1900} INFO - Created Permission View: can read on DAG Run:example_complex
[2025-09-17T11:43:23.371+0000] {logging_mixin.py:190} INFO - [2025-09-17T11:43:23.371+0000] {override.py:1900} INFO - Created Permission View: can create on DAG Run:example_complex
[2025-09-17T11:43:23.372+0000] {logging_mixin.py:190} INFO - [2025-09-17T11:43:23.372+0000] {dag.py:3239} INFO - Sync 1 DAGs
[2025-09-17T11:43:23.404+0000] {logging_mixin.py:190} INFO - [2025-09-17T11:43:23.403+0000] {dag.py:3262} INFO - Creating ORM DAG for example_complex
[2025-09-17T11:43:23.407+0000] {logging_mixin.py:190} INFO - [2025-09-17T11:43:23.406+0000] {dag.py:4180} INFO - Setting next_dagrun for example_complex to None, run_after=None
[2025-09-17T11:43:23.456+0000] {processor.py:208} INFO - Processing /home/airflow/.local/lib/python3.12/site-packages/airflow/example_dags/example_complex.py took 0.635 seconds
[2025-09-17T11:44:00.198+0000] {processor.py:186} INFO - Started process (PID=59) to work on /home/airflow/.local/lib/python3.12/site-packages/airflow/example_dags/example_complex.py
[2025-09-17T11:44:00.202+0000] {processor.py:914} INFO - Processing file /home/airflow/.local/lib/python3.12/site-packages/airflow/example_dags/example_complex.py for tasks to queue
[2025-09-17T11:44:00.207+0000] {logging_mixin.py:190} INFO - [2025-09-17T11:44:00.207+0000] {dagbag.py:588} INFO - Filling up the DagBag from /home/airflow/.local/lib/python3.12/site-packages/airflow/example_dags/example_complex.py
[2025-09-17T11:44:00.248+0000] {processor.py:925} INFO - DAG(s) 'example_complex' retrieved from /home/airflow/.local/lib/python3.12/site-packages/airflow/example_dags/example_complex.py
[2025-09-17T11:44:00.358+0000] {logging_mixin.py:190} INFO - [2025-09-17T11:44:00.357+0000] {dag.py:3239} INFO - Sync 1 DAGs
[2025-09-17T11:44:00.390+0000] {logging_mixin.py:190} INFO - [2025-09-17T11:44:00.390+0000] {dag.py:4180} INFO - Setting next_dagrun for example_complex to None, run_after=None
[2025-09-17T11:44:00.434+0000] {processor.py:208} INFO - Processing /home/airflow/.local/lib/python3.12/site-packages/airflow/example_dags/example_complex.py took 0.261 seconds
[2025-09-17T11:44:30.607+0000] {processor.py:186} INFO - Started process (PID=122) to work on /home/airflow/.local/lib/python3.12/site-packages/airflow/example_dags/example_complex.py
[2025-09-17T11:44:30.609+0000] {processor.py:914} INFO - Processing file /home/airflow/.local/lib/python3.12/site-packages/airflow/example_dags/example_complex.py for tasks to queue
[2025-09-17T11:44:30.613+0000] {logging_mixin.py:190} INFO - [2025-09-17T11:44:30.612+0000] {dagbag.py:588} INFO - Filling up the DagBag from /home/airflow/.local/lib/python3.12/site-packages/airflow/example_dags/example_complex.py
[2025-09-17T11:44:30.629+0000] {processor.py:925} INFO - DAG(s) 'example_complex' retrieved from /home/airflow/.local/lib/python3.12/site-packages/airflow/example_dags/example_complex.py
[2025-09-17T11:44:30.684+0000] {logging_mixin.py:190} INFO - [2025-09-17T11:44:30.683+0000] {dag.py:3239} INFO - Sync 1 DAGs
[2025-09-17T11:44:30.709+0000] {logging_mixin.py:190} INFO - [2025-09-17T11:44:30.708+0000] {dag.py:4180} INFO - Setting next_dagrun for example_complex to None, run_after=None
[2025-09-17T11:44:30.734+0000] {processor.py:208} INFO - Processing /home/airflow/.local/lib/python3.12/site-packages/airflow/example_dags/example_complex.py took 0.136 seconds
[2025-09-17T11:45:01.544+0000] {processor.py:186} INFO - Started process (PID=184) to work on /home/airflow/.local/lib/python3.12/site-packages/airflow/example_dags/example_complex.py
[2025-09-17T11:45:01.545+0000] {processor.py:914} INFO - Processing file /home/airflow/.local/lib/python3.12/site-packages/airflow/example_dags/example_complex.py for tasks to queue
[2025-09-17T11:45:01.549+0000] {logging_mixin.py:190} INFO - [2025-09-17T11:45:01.548+0000] {dagbag.py:588} INFO - Filling up the DagBag from /home/airflow/.local/lib/python3.12/site-packages/airflow/example_dags/example_complex.py
[2025-09-17T11:45:01.564+0000] {processor.py:925} INFO - DAG(s) 'example_complex' retrieved from /home/airflow/.local/lib/python3.12/site-packages/airflow/example_dags/example_complex.py
[2025-09-17T11:45:01.605+0000] {logging_mixin.py:190} INFO - [2025-09-17T11:45:01.605+0000] {dag.py:3239} INFO - Sync 1 DAGs
[2025-09-17T11:45:01.622+0000] {logging_mixin.py:190} INFO - [2025-09-17T11:45:01.621+0000] {dag.py:4180} INFO - Setting next_dagrun for example_complex to None, run_after=None
[2025-09-17T11:45:01.649+0000] {processor.py:208} INFO - Processing /home/airflow/.local/lib/python3.12/site-packages/airflow/example_dags/example_complex.py took 0.113 seconds
[2025-09-17T11:45:32.434+0000] {processor.py:186} INFO - Started process (PID=246) to work on /home/airflow/.local/lib/python3.12/site-packages/airflow/example_dags/example_complex.py
[2025-09-17T11:45:32.436+0000] {processor.py:914} INFO - Processing file /home/airflow/.local/lib/python3.12/site-packages/airflow/example_dags/example_complex.py for tasks to queue
[2025-09-17T11:45:32.441+0000] {logging_mixin.py:190} INFO - [2025-09-17T11:45:32.440+0000] {dagbag.py:588} INFO - Filling up the DagBag from /home/airflow/.local/lib/python3.12/site-packages/airflow/example_dags/example_complex.py
[2025-09-17T11:45:32.459+0000] {processor.py:925} INFO - DAG(s) 'example_complex' retrieved from /home/airflow/.local/lib/python3.12/site-packages/airflow/example_dags/example_complex.py
[2025-09-17T11:45:32.507+0000] {logging_mixin.py:190} INFO - [2025-09-17T11:45:32.507+0000] {dag.py:3239} INFO - Sync 1 DAGs
[2025-09-17T11:45:32.533+0000] {logging_mixin.py:190} INFO - [2025-09-17T11:45:32.533+0000] {dag.py:4180} INFO - Setting next_dagrun for example_complex to None, run_after=None
[2025-09-17T11:45:32.565+0000] {processor.py:208} INFO - Processing /home/airflow/.local/lib/python3.12/site-packages/airflow/example_dags/example_complex.py took 0.140 seconds
[2025-09-17T11:46:03.420+0000] {processor.py:186} INFO - Started process (PID=308) to work on /home/airflow/.local/lib/python3.12/site-packages/airflow/example_dags/example_complex.py
[2025-09-17T11:46:03.421+0000] {processor.py:914} INFO - Processing file /home/airflow/.local/lib/python3.12/site-packages/airflow/example_dags/example_complex.py for tasks to queue
[2025-09-17T11:46:03.425+0000] {logging_mixin.py:190} INFO - [2025-09-17T11:46:03.425+0000] {dagbag.py:588} INFO - Filling up the DagBag from /home/airflow/.local/lib/python3.12/site-packages/airflow/example_dags/example_complex.py
[2025-09-17T11:46:03.442+0000] {processor.py:925} INFO - DAG(s) 'example_complex' retrieved from /home/airflow/.local/lib/python3.12/site-packages/airflow/example_dags/example_complex.py
[2025-09-17T11:46:03.485+0000] {logging_mixin.py:190} INFO - [2025-09-17T11:46:03.485+0000] {dag.py:3239} INFO - Sync 1 DAGs
[2025-09-17T11:46:03.502+0000] {logging_mixin.py:190} INFO - [2025-09-17T11:46:03.502+0000] {dag.py:4180} INFO - Setting next_dagrun for example_complex to None, run_after=None
[2025-09-17T11:46:03.529+0000] {processor.py:208} INFO - Processing /home/airflow/.local/lib/python3.12/site-packages/airflow/example_dags/example_complex.py took 0.118 seconds
[2025-09-17T11:46:33.903+0000] {processor.py:186} INFO - Started process (PID=371) to work on /home/airflow/.local/lib/python3.12/site-packages/airflow/example_dags/example_complex.py
[2025-09-17T11:46:33.905+0000] {processor.py:914} INFO - Processing file /home/airflow/.local/lib/python3.12/site-packages/airflow/example_dags/example_complex.py for tasks to queue
[2025-09-17T11:46:33.909+0000] {logging_mixin.py:190} INFO - [2025-09-17T11:46:33.909+0000] {dagbag.py:588} INFO - Filling up the DagBag from /home/airflow/.local/lib/python3.12/site-packages/airflow/example_dags/example_complex.py
[2025-09-17T11:46:33.926+0000] {processor.py:925} INFO - DAG(s) 'example_complex' retrieved from /home/airflow/.local/lib/python3.12/site-packages/airflow/example_dags/example_complex.py
[2025-09-17T11:46:33.974+0000] {logging_mixin.py:190} INFO - [2025-09-17T11:46:33.973+0000] {dag.py:3239} INFO - Sync 1 DAGs
[2025-09-17T11:46:34.016+0000] {logging_mixin.py:190} INFO - [2025-09-17T11:46:34.016+0000] {dag.py:4180} INFO - Setting next_dagrun for example_complex to None, run_after=None
[2025-09-17T11:46:34.047+0000] {processor.py:208} INFO - Processing /home/airflow/.local/lib/python3.12/site-packages/airflow/example_dags/example_complex.py took 0.154 seconds
[2025-09-17T11:47:04.932+0000] {processor.py:186} INFO - Started process (PID=439) to work on /home/airflow/.local/lib/python3.12/site-packages/airflow/example_dags/example_complex.py
[2025-09-17T11:47:04.934+0000] {processor.py:914} INFO - Processing file /home/airflow/.local/lib/python3.12/site-packages/airflow/example_dags/example_complex.py for tasks to queue
[2025-09-17T11:47:04.938+0000] {logging_mixin.py:190} INFO - [2025-09-17T11:47:04.937+0000] {dagbag.py:588} INFO - Filling up the DagBag from /home/airflow/.local/lib/python3.12/site-packages/airflow/example_dags/example_complex.py
[2025-09-17T11:47:04.954+0000] {processor.py:925} INFO - DAG(s) 'example_complex' retrieved from /home/airflow/.local/lib/python3.12/site-packages/airflow/example_dags/example_complex.py
[2025-09-17T11:47:05.002+0000] {logging_mixin.py:190} INFO - [2025-09-17T11:47:05.002+0000] {dag.py:3239} INFO - Sync 1 DAGs
[2025-09-17T11:47:05.022+0000] {logging_mixin.py:190} INFO - [2025-09-17T11:47:05.022+0000] {dag.py:4180} INFO - Setting next_dagrun for example_complex to None, run_after=None
[2025-09-17T11:47:05.048+0000] {processor.py:208} INFO - Processing /home/airflow/.local/lib/python3.12/site-packages/airflow/example_dags/example_complex.py took 0.125 seconds
[2025-09-17T11:47:35.421+0000] {processor.py:186} INFO - Started process (PID=502) to work on /home/airflow/.local/lib/python3.12/site-packages/airflow/example_dags/example_complex.py
[2025-09-17T11:47:35.423+0000] {processor.py:914} INFO - Processing file /home/airflow/.local/lib/python3.12/site-packages/airflow/example_dags/example_complex.py for tasks to queue
[2025-09-17T11:47:35.427+0000] {logging_mixin.py:190} INFO - [2025-09-17T11:47:35.426+0000] {dagbag.py:588} INFO - Filling up the DagBag from /home/airflow/.local/lib/python3.12/site-packages/airflow/example_dags/example_complex.py
[2025-09-17T11:47:35.447+0000] {processor.py:925} INFO - DAG(s) 'example_complex' retrieved from /home/airflow/.local/lib/python3.12/site-packages/airflow/example_dags/example_complex.py
[2025-09-17T11:47:35.493+0000] {logging_mixin.py:190} INFO - [2025-09-17T11:47:35.493+0000] {dag.py:3239} INFO - Sync 1 DAGs
[2025-09-17T11:47:35.513+0000] {logging_mixin.py:190} INFO - [2025-09-17T11:47:35.513+0000] {dag.py:4180} INFO - Setting next_dagrun for example_complex to None, run_after=None
[2025-09-17T11:47:35.545+0000] {processor.py:208} INFO - Processing /home/airflow/.local/lib/python3.12/site-packages/airflow/example_dags/example_complex.py took 0.133 seconds
[2025-09-17T11:48:06.244+0000] {processor.py:186} INFO - Started process (PID=564) to work on /home/airflow/.local/lib/python3.12/site-packages/airflow/example_dags/example_complex.py
[2025-09-17T11:48:06.245+0000] {processor.py:914} INFO - Processing file /home/airflow/.local/lib/python3.12/site-packages/airflow/example_dags/example_complex.py for tasks to queue
[2025-09-17T11:48:06.249+0000] {logging_mixin.py:190} INFO - [2025-09-17T11:48:06.248+0000] {dagbag.py:588} INFO - Filling up the DagBag from /home/airflow/.local/lib/python3.12/site-packages/airflow/example_dags/example_complex.py
[2025-09-17T11:48:06.269+0000] {processor.py:925} INFO - DAG(s) 'example_complex' retrieved from /home/airflow/.local/lib/python3.12/site-packages/airflow/example_dags/example_complex.py
[2025-09-17T11:48:06.307+0000] {logging_mixin.py:190} INFO - [2025-09-17T11:48:06.307+0000] {dag.py:3239} INFO - Sync 1 DAGs
[2025-09-17T11:48:06.325+0000] {logging_mixin.py:190} INFO - [2025-09-17T11:48:06.325+0000] {dag.py:4180} INFO - Setting next_dagrun for example_complex to None, run_after=None
[2025-09-17T11:48:06.345+0000] {processor.py:208} INFO - Processing /home/airflow/.local/lib/python3.12/site-packages/airflow/example_dags/example_complex.py took 0.111 seconds
[2025-09-17T11:48:36.653+0000] {processor.py:186} INFO - Started process (PID=626) to work on /home/airflow/.local/lib/python3.12/site-packages/airflow/example_dags/example_complex.py
[2025-09-17T11:48:36.654+0000] {processor.py:914} INFO - Processing file /home/airflow/.local/lib/python3.12/site-packages/airflow/example_dags/example_complex.py for tasks to queue
[2025-09-17T11:48:36.657+0000] {logging_mixin.py:190} INFO - [2025-09-17T11:48:36.657+0000] {dagbag.py:588} INFO - Filling up the DagBag from /home/airflow/.local/lib/python3.12/site-packages/airflow/example_dags/example_complex.py
[2025-09-17T11:48:36.673+0000] {processor.py:925} INFO - DAG(s) 'example_complex' retrieved from /home/airflow/.local/lib/python3.12/site-packages/airflow/example_dags/example_complex.py
[2025-09-17T11:48:36.715+0000] {logging_mixin.py:190} INFO - [2025-09-17T11:48:36.714+0000] {dag.py:3239} INFO - Sync 1 DAGs
[2025-09-17T11:48:36.733+0000] {logging_mixin.py:190} INFO - [2025-09-17T11:48:36.733+0000] {dag.py:4180} INFO - Setting next_dagrun for example_complex to None, run_after=None
[2025-09-17T11:48:36.762+0000] {processor.py:208} INFO - Processing /home/airflow/.local/lib/python3.12/site-packages/airflow/example_dags/example_complex.py took 0.117 seconds
[2025-09-17T11:49:07.568+0000] {processor.py:186} INFO - Started process (PID=689) to work on /home/airflow/.local/lib/python3.12/site-packages/airflow/example_dags/example_complex.py
[2025-09-17T11:49:07.570+0000] {processor.py:914} INFO - Processing file /home/airflow/.local/lib/python3.12/site-packages/airflow/example_dags/example_complex.py for tasks to queue
[2025-09-17T11:49:07.575+0000] {logging_mixin.py:190} INFO - [2025-09-17T11:49:07.574+0000] {dagbag.py:588} INFO - Filling up the DagBag from /home/airflow/.local/lib/python3.12/site-packages/airflow/example_dags/example_complex.py
[2025-09-17T11:49:07.600+0000] {processor.py:925} INFO - DAG(s) 'example_complex' retrieved from /home/airflow/.local/lib/python3.12/site-packages/airflow/example_dags/example_complex.py
[2025-09-17T11:49:07.647+0000] {logging_mixin.py:190} INFO - [2025-09-17T11:49:07.646+0000] {dag.py:3239} INFO - Sync 1 DAGs
[2025-09-17T11:49:07.673+0000] {logging_mixin.py:190} INFO - [2025-09-17T11:49:07.673+0000] {dag.py:4180} INFO - Setting next_dagrun for example_complex to None, run_after=None
[2025-09-17T11:49:07.708+0000] {processor.py:208} INFO - Processing /home/airflow/.local/lib/python3.12/site-packages/airflow/example_dags/example_complex.py took 0.150 seconds
[2025-09-17T11:49:38.179+0000] {processor.py:186} INFO - Started process (PID=751) to work on /home/airflow/.local/lib/python3.12/site-packages/airflow/example_dags/example_complex.py
[2025-09-17T11:49:38.181+0000] {processor.py:914} INFO - Processing file /home/airflow/.local/lib/python3.12/site-packages/airflow/example_dags/example_complex.py for tasks to queue
[2025-09-17T11:49:38.185+0000] {logging_mixin.py:190} INFO - [2025-09-17T11:49:38.185+0000] {dagbag.py:588} INFO - Filling up the DagBag from /home/airflow/.local/lib/python3.12/site-packages/airflow/example_dags/example_complex.py
[2025-09-17T11:49:38.202+0000] {processor.py:925} INFO - DAG(s) 'example_complex' retrieved from /home/airflow/.local/lib/python3.12/site-packages/airflow/example_dags/example_complex.py
[2025-09-17T11:49:38.242+0000] {logging_mixin.py:190} INFO - [2025-09-17T11:49:38.242+0000] {dag.py:3239} INFO - Sync 1 DAGs
[2025-09-17T11:49:38.262+0000] {logging_mixin.py:190} INFO - [2025-09-17T11:49:38.262+0000] {dag.py:4180} INFO - Setting next_dagrun for example_complex to None, run_after=None
[2025-09-17T11:49:38.290+0000] {processor.py:208} INFO - Processing /home/airflow/.local/lib/python3.12/site-packages/airflow/example_dags/example_complex.py took 0.120 seconds
[2025-09-17T11:50:08.442+0000] {processor.py:186} INFO - Started process (PID=813) to work on /home/airflow/.local/lib/python3.12/site-packages/airflow/example_dags/example_complex.py
[2025-09-17T11:50:08.444+0000] {processor.py:914} INFO - Processing file /home/airflow/.local/lib/python3.12/site-packages/airflow/example_dags/example_complex.py for tasks to queue
[2025-09-17T11:50:08.448+0000] {logging_mixin.py:190} INFO - [2025-09-17T11:50:08.447+0000] {dagbag.py:588} INFO - Filling up the DagBag from /home/airflow/.local/lib/python3.12/site-packages/airflow/example_dags/example_complex.py
[2025-09-17T11:50:08.466+0000] {processor.py:925} INFO - DAG(s) 'example_complex' retrieved from /home/airflow/.local/lib/python3.12/site-packages/airflow/example_dags/example_complex.py
[2025-09-17T11:50:08.510+0000] {logging_mixin.py:190} INFO - [2025-09-17T11:50:08.510+0000] {dag.py:3239} INFO - Sync 1 DAGs
[2025-09-17T11:50:08.533+0000] {logging_mixin.py:190} INFO - [2025-09-17T11:50:08.532+0000] {dag.py:4180} INFO - Setting next_dagrun for example_complex to None, run_after=None
[2025-09-17T11:50:08.563+0000] {processor.py:208} INFO - Processing /home/airflow/.local/lib/python3.12/site-packages/airflow/example_dags/example_complex.py took 0.134 seconds
[2025-09-17T11:50:39.354+0000] {processor.py:186} INFO - Started process (PID=875) to work on /home/airflow/.local/lib/python3.12/site-packages/airflow/example_dags/example_complex.py
[2025-09-17T11:50:39.356+0000] {processor.py:914} INFO - Processing file /home/airflow/.local/lib/python3.12/site-packages/airflow/example_dags/example_complex.py for tasks to queue
[2025-09-17T11:50:39.360+0000] {logging_mixin.py:190} INFO - [2025-09-17T11:50:39.359+0000] {dagbag.py:588} INFO - Filling up the DagBag from /home/airflow/.local/lib/python3.12/site-packages/airflow/example_dags/example_complex.py
[2025-09-17T11:50:39.383+0000] {processor.py:925} INFO - DAG(s) 'example_complex' retrieved from /home/airflow/.local/lib/python3.12/site-packages/airflow/example_dags/example_complex.py
[2025-09-17T11:50:39.450+0000] {logging_mixin.py:190} INFO - [2025-09-17T11:50:39.449+0000] {dag.py:3239} INFO - Sync 1 DAGs
[2025-09-17T11:50:39.471+0000] {logging_mixin.py:190} INFO - [2025-09-17T11:50:39.471+0000] {dag.py:4180} INFO - Setting next_dagrun for example_complex to None, run_after=None
[2025-09-17T11:50:39.502+0000] {processor.py:208} INFO - Processing /home/airflow/.local/lib/python3.12/site-packages/airflow/example_dags/example_complex.py took 0.157 seconds
[2025-09-17T11:51:10.295+0000] {processor.py:186} INFO - Started process (PID=937) to work on /home/airflow/.local/lib/python3.12/site-packages/airflow/example_dags/example_complex.py
[2025-09-17T11:51:10.297+0000] {processor.py:914} INFO - Processing file /home/airflow/.local/lib/python3.12/site-packages/airflow/example_dags/example_complex.py for tasks to queue
[2025-09-17T11:51:10.300+0000] {logging_mixin.py:190} INFO - [2025-09-17T11:51:10.300+0000] {dagbag.py:588} INFO - Filling up the DagBag from /home/airflow/.local/lib/python3.12/site-packages/airflow/example_dags/example_complex.py
[2025-09-17T11:51:10.317+0000] {processor.py:925} INFO - DAG(s) 'example_complex' retrieved from /home/airflow/.local/lib/python3.12/site-packages/airflow/example_dags/example_complex.py
[2025-09-17T11:51:10.359+0000] {logging_mixin.py:190} INFO - [2025-09-17T11:51:10.358+0000] {dag.py:3239} INFO - Sync 1 DAGs
[2025-09-17T11:51:10.378+0000] {logging_mixin.py:190} INFO - [2025-09-17T11:51:10.378+0000] {dag.py:4180} INFO - Setting next_dagrun for example_complex to None, run_after=None
[2025-09-17T11:51:10.404+0000] {processor.py:208} INFO - Processing /home/airflow/.local/lib/python3.12/site-packages/airflow/example_dags/example_complex.py took 0.117 seconds
[2025-09-17T11:51:40.974+0000] {processor.py:186} INFO - Started process (PID=999) to work on /home/airflow/.local/lib/python3.12/site-packages/airflow/example_dags/example_complex.py
[2025-09-17T11:51:40.976+0000] {processor.py:914} INFO - Processing file /home/airflow/.local/lib/python3.12/site-packages/airflow/example_dags/example_complex.py for tasks to queue
[2025-09-17T11:51:40.979+0000] {logging_mixin.py:190} INFO - [2025-09-17T11:51:40.979+0000] {dagbag.py:588} INFO - Filling up the DagBag from /home/airflow/.local/lib/python3.12/site-packages/airflow/example_dags/example_complex.py
[2025-09-17T11:51:40.995+0000] {processor.py:925} INFO - DAG(s) 'example_complex' retrieved from /home/airflow/.local/lib/python3.12/site-packages/airflow/example_dags/example_complex.py
[2025-09-17T11:51:41.035+0000] {logging_mixin.py:190} INFO - [2025-09-17T11:51:41.035+0000] {dag.py:3239} INFO - Sync 1 DAGs
[2025-09-17T11:51:41.052+0000] {logging_mixin.py:190} INFO - [2025-09-17T11:51:41.052+0000] {dag.py:4180} INFO - Setting next_dagrun for example_complex to None, run_after=None
[2025-09-17T11:51:41.079+0000] {processor.py:208} INFO - Processing /home/airflow/.local/lib/python3.12/site-packages/airflow/example_dags/example_complex.py took 0.115 seconds
[2025-09-17T11:52:11.545+0000] {processor.py:186} INFO - Started process (PID=1061) to work on /home/airflow/.local/lib/python3.12/site-packages/airflow/example_dags/example_complex.py
[2025-09-17T11:52:11.546+0000] {processor.py:914} INFO - Processing file /home/airflow/.local/lib/python3.12/site-packages/airflow/example_dags/example_complex.py for tasks to queue
[2025-09-17T11:52:11.549+0000] {logging_mixin.py:190} INFO - [2025-09-17T11:52:11.549+0000] {dagbag.py:588} INFO - Filling up the DagBag from /home/airflow/.local/lib/python3.12/site-packages/airflow/example_dags/example_complex.py
[2025-09-17T11:52:11.564+0000] {processor.py:925} INFO - DAG(s) 'example_complex' retrieved from /home/airflow/.local/lib/python3.12/site-packages/airflow/example_dags/example_complex.py
[2025-09-17T11:52:11.605+0000] {logging_mixin.py:190} INFO - [2025-09-17T11:52:11.604+0000] {dag.py:3239} INFO - Sync 1 DAGs
[2025-09-17T11:52:11.625+0000] {logging_mixin.py:190} INFO - [2025-09-17T11:52:11.625+0000] {dag.py:4180} INFO - Setting next_dagrun for example_complex to None, run_after=None
[2025-09-17T11:52:11.651+0000] {processor.py:208} INFO - Processing /home/airflow/.local/lib/python3.12/site-packages/airflow/example_dags/example_complex.py took 0.114 seconds
[2025-09-17T11:52:42.067+0000] {processor.py:186} INFO - Started process (PID=1123) to work on /home/airflow/.local/lib/python3.12/site-packages/airflow/example_dags/example_complex.py
[2025-09-17T11:52:42.069+0000] {processor.py:914} INFO - Processing file /home/airflow/.local/lib/python3.12/site-packages/airflow/example_dags/example_complex.py for tasks to queue
[2025-09-17T11:52:42.073+0000] {logging_mixin.py:190} INFO - [2025-09-17T11:52:42.072+0000] {dagbag.py:588} INFO - Filling up the DagBag from /home/airflow/.local/lib/python3.12/site-packages/airflow/example_dags/example_complex.py
[2025-09-17T11:52:42.088+0000] {processor.py:925} INFO - DAG(s) 'example_complex' retrieved from /home/airflow/.local/lib/python3.12/site-packages/airflow/example_dags/example_complex.py
[2025-09-17T11:52:42.133+0000] {logging_mixin.py:190} INFO - [2025-09-17T11:52:42.132+0000] {dag.py:3239} INFO - Sync 1 DAGs
[2025-09-17T11:52:42.155+0000] {logging_mixin.py:190} INFO - [2025-09-17T11:52:42.155+0000] {dag.py:4180} INFO - Setting next_dagrun for example_complex to None, run_after=None
[2025-09-17T11:52:42.180+0000] {processor.py:208} INFO - Processing /home/airflow/.local/lib/python3.12/site-packages/airflow/example_dags/example_complex.py took 0.120 seconds
[2025-09-17T11:53:12.621+0000] {processor.py:186} INFO - Started process (PID=1185) to work on /home/airflow/.local/lib/python3.12/site-packages/airflow/example_dags/example_complex.py
[2025-09-17T11:53:12.623+0000] {processor.py:914} INFO - Processing file /home/airflow/.local/lib/python3.12/site-packages/airflow/example_dags/example_complex.py for tasks to queue
[2025-09-17T11:53:12.626+0000] {logging_mixin.py:190} INFO - [2025-09-17T11:53:12.626+0000] {dagbag.py:588} INFO - Filling up the DagBag from /home/airflow/.local/lib/python3.12/site-packages/airflow/example_dags/example_complex.py
[2025-09-17T11:53:12.646+0000] {processor.py:925} INFO - DAG(s) 'example_complex' retrieved from /home/airflow/.local/lib/python3.12/site-packages/airflow/example_dags/example_complex.py
[2025-09-17T11:53:12.690+0000] {logging_mixin.py:190} INFO - [2025-09-17T11:53:12.690+0000] {dag.py:3239} INFO - Sync 1 DAGs
[2025-09-17T11:53:12.713+0000] {logging_mixin.py:190} INFO - [2025-09-17T11:53:12.712+0000] {dag.py:4180} INFO - Setting next_dagrun for example_complex to None, run_after=None
[2025-09-17T11:53:12.739+0000] {processor.py:208} INFO - Processing /home/airflow/.local/lib/python3.12/site-packages/airflow/example_dags/example_complex.py took 0.126 seconds
