[2025-09-17T11:43:26.747+0000] {processor.py:186} INFO - Started process (PID=169) to work on /home/airflow/.local/lib/python3.12/site-packages/airflow/example_dags/example_display_name.py
[2025-09-17T11:43:26.749+0000] {processor.py:914} INFO - Processing file /home/airflow/.local/lib/python3.12/site-packages/airflow/example_dags/example_display_name.py for tasks to queue
[2025-09-17T11:43:26.753+0000] {logging_mixin.py:190} INFO - [2025-09-17T11:43:26.753+0000] {dagbag.py:588} INFO - Filling up the DagBag from /home/airflow/.local/lib/python3.12/site-packages/airflow/example_dags/example_display_name.py
[2025-09-17T11:43:26.770+0000] {processor.py:925} INFO - DAG(s) 'example_display_name' retrieved from /home/airflow/.local/lib/python3.12/site-packages/airflow/example_dags/example_display_name.py
[2025-09-17T11:43:26.962+0000] {logging_mixin.py:190} INFO - [2025-09-17T11:43:26.961+0000] {override.py:1900} INFO - Created Permission View: can delete on DAG:example_display_name
[2025-09-17T11:43:26.979+0000] {logging_mixin.py:190} INFO - [2025-09-17T11:43:26.978+0000] {override.py:1900} INFO - Created Permission View: can edit on DAG:example_display_name
[2025-09-17T11:43:26.994+0000] {logging_mixin.py:190} INFO - [2025-09-17T11:43:26.993+0000] {override.py:1900} INFO - Created Permission View: can read on DAG:example_display_name
[2025-09-17T11:43:27.010+0000] {logging_mixin.py:190} INFO - [2025-09-17T11:43:27.010+0000] {override.py:1900} INFO - Created Permission View: can delete on DAG Run:example_display_name
[2025-09-17T11:43:27.024+0000] {logging_mixin.py:190} INFO - [2025-09-17T11:43:27.023+0000] {override.py:1900} INFO - Created Permission View: menu access on DAG Run:example_display_name
[2025-09-17T11:43:27.036+0000] {logging_mixin.py:190} INFO - [2025-09-17T11:43:27.035+0000] {override.py:1900} INFO - Created Permission View: can read on DAG Run:example_display_name
[2025-09-17T11:43:27.046+0000] {logging_mixin.py:190} INFO - [2025-09-17T11:43:27.045+0000] {override.py:1900} INFO - Created Permission View: can create on DAG Run:example_display_name
[2025-09-17T11:43:27.047+0000] {logging_mixin.py:190} INFO - [2025-09-17T11:43:27.047+0000] {dag.py:3239} INFO - Sync 1 DAGs
[2025-09-17T11:43:27.067+0000] {logging_mixin.py:190} INFO - [2025-09-17T11:43:27.067+0000] {dag.py:3262} INFO - Creating ORM DAG for example_display_name
[2025-09-17T11:43:27.072+0000] {logging_mixin.py:190} INFO - [2025-09-17T11:43:27.071+0000] {dag.py:4180} INFO - Setting next_dagrun for example_display_name to None, run_after=None
[2025-09-17T11:43:27.119+0000] {processor.py:208} INFO - Processing /home/airflow/.local/lib/python3.12/site-packages/airflow/example_dags/example_display_name.py took 0.381 seconds
[2025-09-17T11:44:01.856+0000] {processor.py:186} INFO - Started process (PID=70) to work on /home/airflow/.local/lib/python3.12/site-packages/airflow/example_dags/example_display_name.py
[2025-09-17T11:44:01.858+0000] {processor.py:914} INFO - Processing file /home/airflow/.local/lib/python3.12/site-packages/airflow/example_dags/example_display_name.py for tasks to queue
[2025-09-17T11:44:01.863+0000] {logging_mixin.py:190} INFO - [2025-09-17T11:44:01.862+0000] {dagbag.py:588} INFO - Filling up the DagBag from /home/airflow/.local/lib/python3.12/site-packages/airflow/example_dags/example_display_name.py
[2025-09-17T11:44:01.884+0000] {processor.py:925} INFO - DAG(s) 'example_display_name' retrieved from /home/airflow/.local/lib/python3.12/site-packages/airflow/example_dags/example_display_name.py
[2025-09-17T11:44:01.936+0000] {logging_mixin.py:190} INFO - [2025-09-17T11:44:01.936+0000] {dag.py:3239} INFO - Sync 1 DAGs
[2025-09-17T11:44:01.971+0000] {logging_mixin.py:190} INFO - [2025-09-17T11:44:01.971+0000] {dag.py:4180} INFO - Setting next_dagrun for example_display_name to None, run_after=None
[2025-09-17T11:44:02.014+0000] {processor.py:208} INFO - Processing /home/airflow/.local/lib/python3.12/site-packages/airflow/example_dags/example_display_name.py took 0.169 seconds
[2025-09-17T11:44:32.616+0000] {processor.py:186} INFO - Started process (PID=133) to work on /home/airflow/.local/lib/python3.12/site-packages/airflow/example_dags/example_display_name.py
[2025-09-17T11:44:32.617+0000] {processor.py:914} INFO - Processing file /home/airflow/.local/lib/python3.12/site-packages/airflow/example_dags/example_display_name.py for tasks to queue
[2025-09-17T11:44:32.621+0000] {logging_mixin.py:190} INFO - [2025-09-17T11:44:32.620+0000] {dagbag.py:588} INFO - Filling up the DagBag from /home/airflow/.local/lib/python3.12/site-packages/airflow/example_dags/example_display_name.py
[2025-09-17T11:44:32.630+0000] {processor.py:925} INFO - DAG(s) 'example_display_name' retrieved from /home/airflow/.local/lib/python3.12/site-packages/airflow/example_dags/example_display_name.py
[2025-09-17T11:44:32.656+0000] {logging_mixin.py:190} INFO - [2025-09-17T11:44:32.655+0000] {dag.py:3239} INFO - Sync 1 DAGs
[2025-09-17T11:44:32.673+0000] {logging_mixin.py:190} INFO - [2025-09-17T11:44:32.673+0000] {dag.py:4180} INFO - Setting next_dagrun for example_display_name to None, run_after=None
[2025-09-17T11:44:32.700+0000] {processor.py:208} INFO - Processing /home/airflow/.local/lib/python3.12/site-packages/airflow/example_dags/example_display_name.py took 0.092 seconds
[2025-09-17T11:45:03.471+0000] {processor.py:186} INFO - Started process (PID=195) to work on /home/airflow/.local/lib/python3.12/site-packages/airflow/example_dags/example_display_name.py
[2025-09-17T11:45:03.473+0000] {processor.py:914} INFO - Processing file /home/airflow/.local/lib/python3.12/site-packages/airflow/example_dags/example_display_name.py for tasks to queue
[2025-09-17T11:45:03.477+0000] {logging_mixin.py:190} INFO - [2025-09-17T11:45:03.477+0000] {dagbag.py:588} INFO - Filling up the DagBag from /home/airflow/.local/lib/python3.12/site-packages/airflow/example_dags/example_display_name.py
[2025-09-17T11:45:03.488+0000] {processor.py:925} INFO - DAG(s) 'example_display_name' retrieved from /home/airflow/.local/lib/python3.12/site-packages/airflow/example_dags/example_display_name.py
[2025-09-17T11:45:03.515+0000] {logging_mixin.py:190} INFO - [2025-09-17T11:45:03.514+0000] {dag.py:3239} INFO - Sync 1 DAGs
[2025-09-17T11:45:03.531+0000] {logging_mixin.py:190} INFO - [2025-09-17T11:45:03.531+0000] {dag.py:4180} INFO - Setting next_dagrun for example_display_name to None, run_after=None
[2025-09-17T11:45:03.554+0000] {processor.py:208} INFO - Processing /home/airflow/.local/lib/python3.12/site-packages/airflow/example_dags/example_display_name.py took 0.090 seconds
[2025-09-17T11:45:34.450+0000] {processor.py:186} INFO - Started process (PID=263) to work on /home/airflow/.local/lib/python3.12/site-packages/airflow/example_dags/example_display_name.py
[2025-09-17T11:45:34.452+0000] {processor.py:914} INFO - Processing file /home/airflow/.local/lib/python3.12/site-packages/airflow/example_dags/example_display_name.py for tasks to queue
[2025-09-17T11:45:34.455+0000] {logging_mixin.py:190} INFO - [2025-09-17T11:45:34.455+0000] {dagbag.py:588} INFO - Filling up the DagBag from /home/airflow/.local/lib/python3.12/site-packages/airflow/example_dags/example_display_name.py
[2025-09-17T11:45:34.465+0000] {processor.py:925} INFO - DAG(s) 'example_display_name' retrieved from /home/airflow/.local/lib/python3.12/site-packages/airflow/example_dags/example_display_name.py
[2025-09-17T11:45:34.492+0000] {logging_mixin.py:190} INFO - [2025-09-17T11:45:34.491+0000] {dag.py:3239} INFO - Sync 1 DAGs
[2025-09-17T11:45:34.517+0000] {logging_mixin.py:190} INFO - [2025-09-17T11:45:34.516+0000] {dag.py:4180} INFO - Setting next_dagrun for example_display_name to None, run_after=None
[2025-09-17T11:45:34.544+0000] {processor.py:208} INFO - Processing /home/airflow/.local/lib/python3.12/site-packages/airflow/example_dags/example_display_name.py took 0.102 seconds
[2025-09-17T11:46:05.451+0000] {processor.py:186} INFO - Started process (PID=326) to work on /home/airflow/.local/lib/python3.12/site-packages/airflow/example_dags/example_display_name.py
[2025-09-17T11:46:05.453+0000] {processor.py:914} INFO - Processing file /home/airflow/.local/lib/python3.12/site-packages/airflow/example_dags/example_display_name.py for tasks to queue
[2025-09-17T11:46:05.457+0000] {logging_mixin.py:190} INFO - [2025-09-17T11:46:05.456+0000] {dagbag.py:588} INFO - Filling up the DagBag from /home/airflow/.local/lib/python3.12/site-packages/airflow/example_dags/example_display_name.py
[2025-09-17T11:46:05.467+0000] {processor.py:925} INFO - DAG(s) 'example_display_name' retrieved from /home/airflow/.local/lib/python3.12/site-packages/airflow/example_dags/example_display_name.py
[2025-09-17T11:46:05.492+0000] {logging_mixin.py:190} INFO - [2025-09-17T11:46:05.491+0000] {dag.py:3239} INFO - Sync 1 DAGs
[2025-09-17T11:46:05.510+0000] {logging_mixin.py:190} INFO - [2025-09-17T11:46:05.510+0000] {dag.py:4180} INFO - Setting next_dagrun for example_display_name to None, run_after=None
[2025-09-17T11:46:05.536+0000] {processor.py:208} INFO - Processing /home/airflow/.local/lib/python3.12/site-packages/airflow/example_dags/example_display_name.py took 0.093 seconds
[2025-09-17T11:46:36.078+0000] {processor.py:186} INFO - Started process (PID=388) to work on /home/airflow/.local/lib/python3.12/site-packages/airflow/example_dags/example_display_name.py
[2025-09-17T11:46:36.079+0000] {processor.py:914} INFO - Processing file /home/airflow/.local/lib/python3.12/site-packages/airflow/example_dags/example_display_name.py for tasks to queue
[2025-09-17T11:46:36.083+0000] {logging_mixin.py:190} INFO - [2025-09-17T11:46:36.082+0000] {dagbag.py:588} INFO - Filling up the DagBag from /home/airflow/.local/lib/python3.12/site-packages/airflow/example_dags/example_display_name.py
[2025-09-17T11:46:36.092+0000] {processor.py:925} INFO - DAG(s) 'example_display_name' retrieved from /home/airflow/.local/lib/python3.12/site-packages/airflow/example_dags/example_display_name.py
[2025-09-17T11:46:36.117+0000] {logging_mixin.py:190} INFO - [2025-09-17T11:46:36.116+0000] {dag.py:3239} INFO - Sync 1 DAGs
[2025-09-17T11:46:36.134+0000] {logging_mixin.py:190} INFO - [2025-09-17T11:46:36.134+0000] {dag.py:4180} INFO - Setting next_dagrun for example_display_name to None, run_after=None
[2025-09-17T11:46:36.158+0000] {processor.py:208} INFO - Processing /home/airflow/.local/lib/python3.12/site-packages/airflow/example_dags/example_display_name.py took 0.088 seconds
[2025-09-17T11:47:06.889+0000] {processor.py:186} INFO - Started process (PID=450) to work on /home/airflow/.local/lib/python3.12/site-packages/airflow/example_dags/example_display_name.py
[2025-09-17T11:47:06.890+0000] {processor.py:914} INFO - Processing file /home/airflow/.local/lib/python3.12/site-packages/airflow/example_dags/example_display_name.py for tasks to queue
[2025-09-17T11:47:06.894+0000] {logging_mixin.py:190} INFO - [2025-09-17T11:47:06.893+0000] {dagbag.py:588} INFO - Filling up the DagBag from /home/airflow/.local/lib/python3.12/site-packages/airflow/example_dags/example_display_name.py
[2025-09-17T11:47:06.903+0000] {processor.py:925} INFO - DAG(s) 'example_display_name' retrieved from /home/airflow/.local/lib/python3.12/site-packages/airflow/example_dags/example_display_name.py
[2025-09-17T11:47:06.927+0000] {logging_mixin.py:190} INFO - [2025-09-17T11:47:06.926+0000] {dag.py:3239} INFO - Sync 1 DAGs
[2025-09-17T11:47:06.942+0000] {logging_mixin.py:190} INFO - [2025-09-17T11:47:06.942+0000] {dag.py:4180} INFO - Setting next_dagrun for example_display_name to None, run_after=None
[2025-09-17T11:47:06.966+0000] {processor.py:208} INFO - Processing /home/airflow/.local/lib/python3.12/site-packages/airflow/example_dags/example_display_name.py took 0.084 seconds
[2025-09-17T11:47:37.628+0000] {processor.py:186} INFO - Started process (PID=513) to work on /home/airflow/.local/lib/python3.12/site-packages/airflow/example_dags/example_display_name.py
[2025-09-17T11:47:37.630+0000] {processor.py:914} INFO - Processing file /home/airflow/.local/lib/python3.12/site-packages/airflow/example_dags/example_display_name.py for tasks to queue
[2025-09-17T11:47:37.633+0000] {logging_mixin.py:190} INFO - [2025-09-17T11:47:37.633+0000] {dagbag.py:588} INFO - Filling up the DagBag from /home/airflow/.local/lib/python3.12/site-packages/airflow/example_dags/example_display_name.py
[2025-09-17T11:47:37.643+0000] {processor.py:925} INFO - DAG(s) 'example_display_name' retrieved from /home/airflow/.local/lib/python3.12/site-packages/airflow/example_dags/example_display_name.py
[2025-09-17T11:47:37.671+0000] {logging_mixin.py:190} INFO - [2025-09-17T11:47:37.670+0000] {dag.py:3239} INFO - Sync 1 DAGs
[2025-09-17T11:47:37.690+0000] {logging_mixin.py:190} INFO - [2025-09-17T11:47:37.690+0000] {dag.py:4180} INFO - Setting next_dagrun for example_display_name to None, run_after=None
[2025-09-17T11:47:37.720+0000] {processor.py:208} INFO - Processing /home/airflow/.local/lib/python3.12/site-packages/airflow/example_dags/example_display_name.py took 0.099 seconds
[2025-09-17T11:48:08.154+0000] {processor.py:186} INFO - Started process (PID=575) to work on /home/airflow/.local/lib/python3.12/site-packages/airflow/example_dags/example_display_name.py
[2025-09-17T11:48:08.156+0000] {processor.py:914} INFO - Processing file /home/airflow/.local/lib/python3.12/site-packages/airflow/example_dags/example_display_name.py for tasks to queue
[2025-09-17T11:48:08.160+0000] {logging_mixin.py:190} INFO - [2025-09-17T11:48:08.159+0000] {dagbag.py:588} INFO - Filling up the DagBag from /home/airflow/.local/lib/python3.12/site-packages/airflow/example_dags/example_display_name.py
[2025-09-17T11:48:08.172+0000] {processor.py:925} INFO - DAG(s) 'example_display_name' retrieved from /home/airflow/.local/lib/python3.12/site-packages/airflow/example_dags/example_display_name.py
[2025-09-17T11:48:08.197+0000] {logging_mixin.py:190} INFO - [2025-09-17T11:48:08.197+0000] {dag.py:3239} INFO - Sync 1 DAGs
[2025-09-17T11:48:08.213+0000] {logging_mixin.py:190} INFO - [2025-09-17T11:48:08.213+0000] {dag.py:4180} INFO - Setting next_dagrun for example_display_name to None, run_after=None
[2025-09-17T11:48:08.235+0000] {processor.py:208} INFO - Processing /home/airflow/.local/lib/python3.12/site-packages/airflow/example_dags/example_display_name.py took 0.090 seconds
[2025-09-17T11:48:38.675+0000] {processor.py:186} INFO - Started process (PID=637) to work on /home/airflow/.local/lib/python3.12/site-packages/airflow/example_dags/example_display_name.py
[2025-09-17T11:48:38.677+0000] {processor.py:914} INFO - Processing file /home/airflow/.local/lib/python3.12/site-packages/airflow/example_dags/example_display_name.py for tasks to queue
[2025-09-17T11:48:38.681+0000] {logging_mixin.py:190} INFO - [2025-09-17T11:48:38.681+0000] {dagbag.py:588} INFO - Filling up the DagBag from /home/airflow/.local/lib/python3.12/site-packages/airflow/example_dags/example_display_name.py
[2025-09-17T11:48:38.695+0000] {processor.py:925} INFO - DAG(s) 'example_display_name' retrieved from /home/airflow/.local/lib/python3.12/site-packages/airflow/example_dags/example_display_name.py
[2025-09-17T11:48:38.721+0000] {logging_mixin.py:190} INFO - [2025-09-17T11:48:38.721+0000] {dag.py:3239} INFO - Sync 1 DAGs
[2025-09-17T11:48:38.740+0000] {logging_mixin.py:190} INFO - [2025-09-17T11:48:38.740+0000] {dag.py:4180} INFO - Setting next_dagrun for example_display_name to None, run_after=None
[2025-09-17T11:48:38.771+0000] {processor.py:208} INFO - Processing /home/airflow/.local/lib/python3.12/site-packages/airflow/example_dags/example_display_name.py took 0.105 seconds
[2025-09-17T11:49:09.623+0000] {processor.py:186} INFO - Started process (PID=700) to work on /home/airflow/.local/lib/python3.12/site-packages/airflow/example_dags/example_display_name.py
[2025-09-17T11:49:09.625+0000] {processor.py:914} INFO - Processing file /home/airflow/.local/lib/python3.12/site-packages/airflow/example_dags/example_display_name.py for tasks to queue
[2025-09-17T11:49:09.628+0000] {logging_mixin.py:190} INFO - [2025-09-17T11:49:09.628+0000] {dagbag.py:588} INFO - Filling up the DagBag from /home/airflow/.local/lib/python3.12/site-packages/airflow/example_dags/example_display_name.py
[2025-09-17T11:49:09.638+0000] {processor.py:925} INFO - DAG(s) 'example_display_name' retrieved from /home/airflow/.local/lib/python3.12/site-packages/airflow/example_dags/example_display_name.py
[2025-09-17T11:49:09.665+0000] {logging_mixin.py:190} INFO - [2025-09-17T11:49:09.665+0000] {dag.py:3239} INFO - Sync 1 DAGs
[2025-09-17T11:49:09.683+0000] {logging_mixin.py:190} INFO - [2025-09-17T11:49:09.682+0000] {dag.py:4180} INFO - Setting next_dagrun for example_display_name to None, run_after=None
[2025-09-17T11:49:09.711+0000] {processor.py:208} INFO - Processing /home/airflow/.local/lib/python3.12/site-packages/airflow/example_dags/example_display_name.py took 0.096 seconds
[2025-09-17T11:49:40.439+0000] {processor.py:186} INFO - Started process (PID=762) to work on /home/airflow/.local/lib/python3.12/site-packages/airflow/example_dags/example_display_name.py
[2025-09-17T11:49:40.440+0000] {processor.py:914} INFO - Processing file /home/airflow/.local/lib/python3.12/site-packages/airflow/example_dags/example_display_name.py for tasks to queue
[2025-09-17T11:49:40.444+0000] {logging_mixin.py:190} INFO - [2025-09-17T11:49:40.443+0000] {dagbag.py:588} INFO - Filling up the DagBag from /home/airflow/.local/lib/python3.12/site-packages/airflow/example_dags/example_display_name.py
[2025-09-17T11:49:40.460+0000] {processor.py:925} INFO - DAG(s) 'example_display_name' retrieved from /home/airflow/.local/lib/python3.12/site-packages/airflow/example_dags/example_display_name.py
[2025-09-17T11:49:40.489+0000] {logging_mixin.py:190} INFO - [2025-09-17T11:49:40.489+0000] {dag.py:3239} INFO - Sync 1 DAGs
[2025-09-17T11:49:40.511+0000] {logging_mixin.py:190} INFO - [2025-09-17T11:49:40.511+0000] {dag.py:4180} INFO - Setting next_dagrun for example_display_name to None, run_after=None
[2025-09-17T11:49:40.543+0000] {processor.py:208} INFO - Processing /home/airflow/.local/lib/python3.12/site-packages/airflow/example_dags/example_display_name.py took 0.113 seconds
[2025-09-17T11:50:11.469+0000] {processor.py:186} INFO - Started process (PID=824) to work on /home/airflow/.local/lib/python3.12/site-packages/airflow/example_dags/example_display_name.py
[2025-09-17T11:50:11.471+0000] {processor.py:914} INFO - Processing file /home/airflow/.local/lib/python3.12/site-packages/airflow/example_dags/example_display_name.py for tasks to queue
[2025-09-17T11:50:11.474+0000] {logging_mixin.py:190} INFO - [2025-09-17T11:50:11.473+0000] {dagbag.py:588} INFO - Filling up the DagBag from /home/airflow/.local/lib/python3.12/site-packages/airflow/example_dags/example_display_name.py
[2025-09-17T11:50:11.487+0000] {processor.py:925} INFO - DAG(s) 'example_display_name' retrieved from /home/airflow/.local/lib/python3.12/site-packages/airflow/example_dags/example_display_name.py
[2025-09-17T11:50:11.518+0000] {logging_mixin.py:190} INFO - [2025-09-17T11:50:11.517+0000] {dag.py:3239} INFO - Sync 1 DAGs
[2025-09-17T11:50:11.540+0000] {logging_mixin.py:190} INFO - [2025-09-17T11:50:11.539+0000] {dag.py:4180} INFO - Setting next_dagrun for example_display_name to None, run_after=None
[2025-09-17T11:50:11.571+0000] {processor.py:208} INFO - Processing /home/airflow/.local/lib/python3.12/site-packages/airflow/example_dags/example_display_name.py took 0.110 seconds
[2025-09-17T11:50:42.465+0000] {processor.py:186} INFO - Started process (PID=886) to work on /home/airflow/.local/lib/python3.12/site-packages/airflow/example_dags/example_display_name.py
[2025-09-17T11:50:42.467+0000] {processor.py:914} INFO - Processing file /home/airflow/.local/lib/python3.12/site-packages/airflow/example_dags/example_display_name.py for tasks to queue
[2025-09-17T11:50:42.470+0000] {logging_mixin.py:190} INFO - [2025-09-17T11:50:42.470+0000] {dagbag.py:588} INFO - Filling up the DagBag from /home/airflow/.local/lib/python3.12/site-packages/airflow/example_dags/example_display_name.py
[2025-09-17T11:50:42.485+0000] {processor.py:925} INFO - DAG(s) 'example_display_name' retrieved from /home/airflow/.local/lib/python3.12/site-packages/airflow/example_dags/example_display_name.py
[2025-09-17T11:50:42.520+0000] {logging_mixin.py:190} INFO - [2025-09-17T11:50:42.519+0000] {dag.py:3239} INFO - Sync 1 DAGs
[2025-09-17T11:50:42.548+0000] {logging_mixin.py:190} INFO - [2025-09-17T11:50:42.547+0000] {dag.py:4180} INFO - Setting next_dagrun for example_display_name to None, run_after=None
[2025-09-17T11:50:42.584+0000] {processor.py:208} INFO - Processing /home/airflow/.local/lib/python3.12/site-packages/airflow/example_dags/example_display_name.py took 0.134 seconds
[2025-09-17T11:51:13.254+0000] {processor.py:186} INFO - Started process (PID=948) to work on /home/airflow/.local/lib/python3.12/site-packages/airflow/example_dags/example_display_name.py
[2025-09-17T11:51:13.255+0000] {processor.py:914} INFO - Processing file /home/airflow/.local/lib/python3.12/site-packages/airflow/example_dags/example_display_name.py for tasks to queue
[2025-09-17T11:51:13.259+0000] {logging_mixin.py:190} INFO - [2025-09-17T11:51:13.258+0000] {dagbag.py:588} INFO - Filling up the DagBag from /home/airflow/.local/lib/python3.12/site-packages/airflow/example_dags/example_display_name.py
[2025-09-17T11:51:13.269+0000] {processor.py:925} INFO - DAG(s) 'example_display_name' retrieved from /home/airflow/.local/lib/python3.12/site-packages/airflow/example_dags/example_display_name.py
[2025-09-17T11:51:13.294+0000] {logging_mixin.py:190} INFO - [2025-09-17T11:51:13.293+0000] {dag.py:3239} INFO - Sync 1 DAGs
[2025-09-17T11:51:13.315+0000] {logging_mixin.py:190} INFO - [2025-09-17T11:51:13.315+0000] {dag.py:4180} INFO - Setting next_dagrun for example_display_name to None, run_after=None
[2025-09-17T11:51:13.338+0000] {processor.py:208} INFO - Processing /home/airflow/.local/lib/python3.12/site-packages/airflow/example_dags/example_display_name.py took 0.094 seconds
[2025-09-17T11:51:43.886+0000] {processor.py:186} INFO - Started process (PID=1010) to work on /home/airflow/.local/lib/python3.12/site-packages/airflow/example_dags/example_display_name.py
[2025-09-17T11:51:43.888+0000] {processor.py:914} INFO - Processing file /home/airflow/.local/lib/python3.12/site-packages/airflow/example_dags/example_display_name.py for tasks to queue
[2025-09-17T11:51:43.891+0000] {logging_mixin.py:190} INFO - [2025-09-17T11:51:43.891+0000] {dagbag.py:588} INFO - Filling up the DagBag from /home/airflow/.local/lib/python3.12/site-packages/airflow/example_dags/example_display_name.py
[2025-09-17T11:51:43.902+0000] {processor.py:925} INFO - DAG(s) 'example_display_name' retrieved from /home/airflow/.local/lib/python3.12/site-packages/airflow/example_dags/example_display_name.py
[2025-09-17T11:51:43.929+0000] {logging_mixin.py:190} INFO - [2025-09-17T11:51:43.929+0000] {dag.py:3239} INFO - Sync 1 DAGs
[2025-09-17T11:51:43.948+0000] {logging_mixin.py:190} INFO - [2025-09-17T11:51:43.947+0000] {dag.py:4180} INFO - Setting next_dagrun for example_display_name to None, run_after=None
[2025-09-17T11:51:43.972+0000] {processor.py:208} INFO - Processing /home/airflow/.local/lib/python3.12/site-packages/airflow/example_dags/example_display_name.py took 0.095 seconds
[2025-09-17T11:52:14.353+0000] {processor.py:186} INFO - Started process (PID=1072) to work on /home/airflow/.local/lib/python3.12/site-packages/airflow/example_dags/example_display_name.py
[2025-09-17T11:52:14.355+0000] {processor.py:914} INFO - Processing file /home/airflow/.local/lib/python3.12/site-packages/airflow/example_dags/example_display_name.py for tasks to queue
[2025-09-17T11:52:14.358+0000] {logging_mixin.py:190} INFO - [2025-09-17T11:52:14.358+0000] {dagbag.py:588} INFO - Filling up the DagBag from /home/airflow/.local/lib/python3.12/site-packages/airflow/example_dags/example_display_name.py
[2025-09-17T11:52:14.369+0000] {processor.py:925} INFO - DAG(s) 'example_display_name' retrieved from /home/airflow/.local/lib/python3.12/site-packages/airflow/example_dags/example_display_name.py
[2025-09-17T11:52:14.396+0000] {logging_mixin.py:190} INFO - [2025-09-17T11:52:14.396+0000] {dag.py:3239} INFO - Sync 1 DAGs
[2025-09-17T11:52:14.414+0000] {logging_mixin.py:190} INFO - [2025-09-17T11:52:14.414+0000] {dag.py:4180} INFO - Setting next_dagrun for example_display_name to None, run_after=None
[2025-09-17T11:52:14.437+0000] {processor.py:208} INFO - Processing /home/airflow/.local/lib/python3.12/site-packages/airflow/example_dags/example_display_name.py took 0.092 seconds
[2025-09-17T11:52:44.883+0000] {processor.py:186} INFO - Started process (PID=1134) to work on /home/airflow/.local/lib/python3.12/site-packages/airflow/example_dags/example_display_name.py
[2025-09-17T11:52:44.885+0000] {processor.py:914} INFO - Processing file /home/airflow/.local/lib/python3.12/site-packages/airflow/example_dags/example_display_name.py for tasks to queue
[2025-09-17T11:52:44.888+0000] {logging_mixin.py:190} INFO - [2025-09-17T11:52:44.887+0000] {dagbag.py:588} INFO - Filling up the DagBag from /home/airflow/.local/lib/python3.12/site-packages/airflow/example_dags/example_display_name.py
[2025-09-17T11:52:44.897+0000] {processor.py:925} INFO - DAG(s) 'example_display_name' retrieved from /home/airflow/.local/lib/python3.12/site-packages/airflow/example_dags/example_display_name.py
[2025-09-17T11:52:44.921+0000] {logging_mixin.py:190} INFO - [2025-09-17T11:52:44.921+0000] {dag.py:3239} INFO - Sync 1 DAGs
[2025-09-17T11:52:44.937+0000] {logging_mixin.py:190} INFO - [2025-09-17T11:52:44.937+0000] {dag.py:4180} INFO - Setting next_dagrun for example_display_name to None, run_after=None
[2025-09-17T11:52:44.960+0000] {processor.py:208} INFO - Processing /home/airflow/.local/lib/python3.12/site-packages/airflow/example_dags/example_display_name.py took 0.085 seconds
[2025-09-17T11:53:15.634+0000] {processor.py:186} INFO - Started process (PID=1196) to work on /home/airflow/.local/lib/python3.12/site-packages/airflow/example_dags/example_display_name.py
[2025-09-17T11:53:15.635+0000] {processor.py:914} INFO - Processing file /home/airflow/.local/lib/python3.12/site-packages/airflow/example_dags/example_display_name.py for tasks to queue
[2025-09-17T11:53:15.639+0000] {logging_mixin.py:190} INFO - [2025-09-17T11:53:15.638+0000] {dagbag.py:588} INFO - Filling up the DagBag from /home/airflow/.local/lib/python3.12/site-packages/airflow/example_dags/example_display_name.py
[2025-09-17T11:53:15.655+0000] {processor.py:925} INFO - DAG(s) 'example_display_name' retrieved from /home/airflow/.local/lib/python3.12/site-packages/airflow/example_dags/example_display_name.py
[2025-09-17T11:53:15.682+0000] {logging_mixin.py:190} INFO - [2025-09-17T11:53:15.681+0000] {dag.py:3239} INFO - Sync 1 DAGs
[2025-09-17T11:53:15.709+0000] {logging_mixin.py:190} INFO - [2025-09-17T11:53:15.708+0000] {dag.py:4180} INFO - Setting next_dagrun for example_display_name to None, run_after=None
[2025-09-17T11:53:15.737+0000] {processor.py:208} INFO - Processing /home/airflow/.local/lib/python3.12/site-packages/airflow/example_dags/example_display_name.py took 0.113 seconds
