[2025-09-17T11:43:26.580+0000] {processor.py:186} INFO - Started process (PID=168) to work on /home/airflow/.local/lib/python3.12/site-packages/airflow/example_dags/example_branch_python_dop_operator_3.py
[2025-09-17T11:43:26.582+0000] {processor.py:914} INFO - Processing file /home/airflow/.local/lib/python3.12/site-packages/airflow/example_dags/example_branch_python_dop_operator_3.py for tasks to queue
[2025-09-17T11:43:26.587+0000] {logging_mixin.py:190} INFO - [2025-09-17T11:43:26.586+0000] {dagbag.py:588} INFO - Filling up the DagBag from /home/airflow/.local/lib/python3.12/site-packages/airflow/example_dags/example_branch_python_dop_operator_3.py
[2025-09-17T11:43:26.614+0000] {processor.py:925} INFO - DAG(s) 'example_branch_dop_operator_v3' retrieved from /home/airflow/.local/lib/python3.12/site-packages/airflow/example_dags/example_branch_python_dop_operator_3.py
[2025-09-17T11:43:26.826+0000] {logging_mixin.py:190} INFO - [2025-09-17T11:43:26.824+0000] {override.py:1900} INFO - Created Permission View: can delete on DAG:example_branch_dop_operator_v3
[2025-09-17T11:43:26.845+0000] {logging_mixin.py:190} INFO - [2025-09-17T11:43:26.845+0000] {override.py:1900} INFO - Created Permission View: can edit on DAG:example_branch_dop_operator_v3
[2025-09-17T11:43:26.857+0000] {logging_mixin.py:190} INFO - [2025-09-17T11:43:26.857+0000] {override.py:1900} INFO - Created Permission View: can read on DAG:example_branch_dop_operator_v3
[2025-09-17T11:43:26.868+0000] {logging_mixin.py:190} INFO - [2025-09-17T11:43:26.867+0000] {override.py:1900} INFO - Created Permission View: can delete on DAG Run:example_branch_dop_operator_v3
[2025-09-17T11:43:26.879+0000] {logging_mixin.py:190} INFO - [2025-09-17T11:43:26.879+0000] {override.py:1900} INFO - Created Permission View: menu access on DAG Run:example_branch_dop_operator_v3
[2025-09-17T11:43:26.888+0000] {logging_mixin.py:190} INFO - [2025-09-17T11:43:26.888+0000] {override.py:1900} INFO - Created Permission View: can read on DAG Run:example_branch_dop_operator_v3
[2025-09-17T11:43:26.897+0000] {logging_mixin.py:190} INFO - [2025-09-17T11:43:26.896+0000] {override.py:1900} INFO - Created Permission View: can create on DAG Run:example_branch_dop_operator_v3
[2025-09-17T11:43:26.898+0000] {logging_mixin.py:190} INFO - [2025-09-17T11:43:26.897+0000] {dag.py:3239} INFO - Sync 1 DAGs
[2025-09-17T11:43:26.917+0000] {logging_mixin.py:190} INFO - [2025-09-17T11:43:26.917+0000] {dag.py:3262} INFO - Creating ORM DAG for example_branch_dop_operator_v3
[2025-09-17T11:43:26.938+0000] {logging_mixin.py:190} INFO - [2025-09-17T11:43:26.937+0000] {dag.py:4180} INFO - Setting next_dagrun for example_branch_dop_operator_v3 to 2025-09-17 11:42:00+00:00, run_after=2025-09-17 11:43:00+00:00
[2025-09-17T11:43:26.964+0000] {processor.py:208} INFO - Processing /home/airflow/.local/lib/python3.12/site-packages/airflow/example_dags/example_branch_python_dop_operator_3.py took 0.396 seconds
[2025-09-17T11:44:01.758+0000] {processor.py:186} INFO - Started process (PID=69) to work on /home/airflow/.local/lib/python3.12/site-packages/airflow/example_dags/example_branch_python_dop_operator_3.py
[2025-09-17T11:44:01.759+0000] {processor.py:914} INFO - Processing file /home/airflow/.local/lib/python3.12/site-packages/airflow/example_dags/example_branch_python_dop_operator_3.py for tasks to queue
[2025-09-17T11:44:01.764+0000] {logging_mixin.py:190} INFO - [2025-09-17T11:44:01.763+0000] {dagbag.py:588} INFO - Filling up the DagBag from /home/airflow/.local/lib/python3.12/site-packages/airflow/example_dags/example_branch_python_dop_operator_3.py
[2025-09-17T11:44:01.784+0000] {processor.py:925} INFO - DAG(s) 'example_branch_dop_operator_v3' retrieved from /home/airflow/.local/lib/python3.12/site-packages/airflow/example_dags/example_branch_python_dop_operator_3.py
[2025-09-17T11:44:01.832+0000] {logging_mixin.py:190} INFO - [2025-09-17T11:44:01.832+0000] {dag.py:3239} INFO - Sync 1 DAGs
[2025-09-17T11:44:01.904+0000] {logging_mixin.py:190} INFO - [2025-09-17T11:44:01.903+0000] {dag.py:4180} INFO - Setting next_dagrun for example_branch_dop_operator_v3 to 2025-09-17 11:43:00+00:00, run_after=2025-09-17 11:44:00+00:00
[2025-09-17T11:44:01.947+0000] {processor.py:208} INFO - Processing /home/airflow/.local/lib/python3.12/site-packages/airflow/example_dags/example_branch_python_dop_operator_3.py took 0.199 seconds
[2025-09-17T11:44:32.615+0000] {processor.py:186} INFO - Started process (PID=132) to work on /home/airflow/.local/lib/python3.12/site-packages/airflow/example_dags/example_branch_python_dop_operator_3.py
[2025-09-17T11:44:32.616+0000] {processor.py:914} INFO - Processing file /home/airflow/.local/lib/python3.12/site-packages/airflow/example_dags/example_branch_python_dop_operator_3.py for tasks to queue
[2025-09-17T11:44:32.620+0000] {logging_mixin.py:190} INFO - [2025-09-17T11:44:32.619+0000] {dagbag.py:588} INFO - Filling up the DagBag from /home/airflow/.local/lib/python3.12/site-packages/airflow/example_dags/example_branch_python_dop_operator_3.py
[2025-09-17T11:44:32.633+0000] {processor.py:925} INFO - DAG(s) 'example_branch_dop_operator_v3' retrieved from /home/airflow/.local/lib/python3.12/site-packages/airflow/example_dags/example_branch_python_dop_operator_3.py
[2025-09-17T11:44:32.658+0000] {logging_mixin.py:190} INFO - [2025-09-17T11:44:32.658+0000] {dag.py:3239} INFO - Sync 1 DAGs
[2025-09-17T11:44:32.689+0000] {logging_mixin.py:190} INFO - [2025-09-17T11:44:32.689+0000] {dag.py:4180} INFO - Setting next_dagrun for example_branch_dop_operator_v3 to 2025-09-17 11:43:00+00:00, run_after=2025-09-17 11:44:00+00:00
[2025-09-17T11:44:32.715+0000] {processor.py:208} INFO - Processing /home/airflow/.local/lib/python3.12/site-packages/airflow/example_dags/example_branch_python_dop_operator_3.py took 0.108 seconds
[2025-09-17T11:45:03.327+0000] {processor.py:186} INFO - Started process (PID=194) to work on /home/airflow/.local/lib/python3.12/site-packages/airflow/example_dags/example_branch_python_dop_operator_3.py
[2025-09-17T11:45:03.328+0000] {processor.py:914} INFO - Processing file /home/airflow/.local/lib/python3.12/site-packages/airflow/example_dags/example_branch_python_dop_operator_3.py for tasks to queue
[2025-09-17T11:45:03.331+0000] {logging_mixin.py:190} INFO - [2025-09-17T11:45:03.331+0000] {dagbag.py:588} INFO - Filling up the DagBag from /home/airflow/.local/lib/python3.12/site-packages/airflow/example_dags/example_branch_python_dop_operator_3.py
[2025-09-17T11:45:03.345+0000] {processor.py:925} INFO - DAG(s) 'example_branch_dop_operator_v3' retrieved from /home/airflow/.local/lib/python3.12/site-packages/airflow/example_dags/example_branch_python_dop_operator_3.py
[2025-09-17T11:45:03.373+0000] {logging_mixin.py:190} INFO - [2025-09-17T11:45:03.372+0000] {dag.py:3239} INFO - Sync 1 DAGs
[2025-09-17T11:45:03.403+0000] {logging_mixin.py:190} INFO - [2025-09-17T11:45:03.402+0000] {dag.py:4180} INFO - Setting next_dagrun for example_branch_dop_operator_v3 to 2025-09-17 11:44:00+00:00, run_after=2025-09-17 11:45:00+00:00
[2025-09-17T11:45:03.428+0000] {processor.py:208} INFO - Processing /home/airflow/.local/lib/python3.12/site-packages/airflow/example_dags/example_branch_python_dop_operator_3.py took 0.108 seconds
[2025-09-17T11:45:34.447+0000] {processor.py:186} INFO - Started process (PID=262) to work on /home/airflow/.local/lib/python3.12/site-packages/airflow/example_dags/example_branch_python_dop_operator_3.py
[2025-09-17T11:45:34.449+0000] {processor.py:914} INFO - Processing file /home/airflow/.local/lib/python3.12/site-packages/airflow/example_dags/example_branch_python_dop_operator_3.py for tasks to queue
[2025-09-17T11:45:34.453+0000] {logging_mixin.py:190} INFO - [2025-09-17T11:45:34.452+0000] {dagbag.py:588} INFO - Filling up the DagBag from /home/airflow/.local/lib/python3.12/site-packages/airflow/example_dags/example_branch_python_dop_operator_3.py
[2025-09-17T11:45:34.465+0000] {processor.py:925} INFO - DAG(s) 'example_branch_dop_operator_v3' retrieved from /home/airflow/.local/lib/python3.12/site-packages/airflow/example_dags/example_branch_python_dop_operator_3.py
[2025-09-17T11:45:34.493+0000] {logging_mixin.py:190} INFO - [2025-09-17T11:45:34.492+0000] {dag.py:3239} INFO - Sync 1 DAGs
[2025-09-17T11:45:34.536+0000] {logging_mixin.py:190} INFO - [2025-09-17T11:45:34.535+0000] {dag.py:4180} INFO - Setting next_dagrun for example_branch_dop_operator_v3 to 2025-09-17 11:44:00+00:00, run_after=2025-09-17 11:45:00+00:00
[2025-09-17T11:45:34.560+0000] {processor.py:208} INFO - Processing /home/airflow/.local/lib/python3.12/site-packages/airflow/example_dags/example_branch_python_dop_operator_3.py took 0.121 seconds
[2025-09-17T11:46:05.310+0000] {processor.py:186} INFO - Started process (PID=325) to work on /home/airflow/.local/lib/python3.12/site-packages/airflow/example_dags/example_branch_python_dop_operator_3.py
[2025-09-17T11:46:05.312+0000] {processor.py:914} INFO - Processing file /home/airflow/.local/lib/python3.12/site-packages/airflow/example_dags/example_branch_python_dop_operator_3.py for tasks to queue
[2025-09-17T11:46:05.316+0000] {logging_mixin.py:190} INFO - [2025-09-17T11:46:05.315+0000] {dagbag.py:588} INFO - Filling up the DagBag from /home/airflow/.local/lib/python3.12/site-packages/airflow/example_dags/example_branch_python_dop_operator_3.py
[2025-09-17T11:46:05.337+0000] {processor.py:925} INFO - DAG(s) 'example_branch_dop_operator_v3' retrieved from /home/airflow/.local/lib/python3.12/site-packages/airflow/example_dags/example_branch_python_dop_operator_3.py
[2025-09-17T11:46:05.365+0000] {logging_mixin.py:190} INFO - [2025-09-17T11:46:05.364+0000] {dag.py:3239} INFO - Sync 1 DAGs
[2025-09-17T11:46:05.397+0000] {logging_mixin.py:190} INFO - [2025-09-17T11:46:05.396+0000] {dag.py:4180} INFO - Setting next_dagrun for example_branch_dop_operator_v3 to 2025-09-17 11:45:00+00:00, run_after=2025-09-17 11:46:00+00:00
[2025-09-17T11:46:05.425+0000] {processor.py:208} INFO - Processing /home/airflow/.local/lib/python3.12/site-packages/airflow/example_dags/example_branch_python_dop_operator_3.py took 0.123 seconds
[2025-09-17T11:46:36.074+0000] {processor.py:186} INFO - Started process (PID=387) to work on /home/airflow/.local/lib/python3.12/site-packages/airflow/example_dags/example_branch_python_dop_operator_3.py
[2025-09-17T11:46:36.075+0000] {processor.py:914} INFO - Processing file /home/airflow/.local/lib/python3.12/site-packages/airflow/example_dags/example_branch_python_dop_operator_3.py for tasks to queue
[2025-09-17T11:46:36.079+0000] {logging_mixin.py:190} INFO - [2025-09-17T11:46:36.079+0000] {dagbag.py:588} INFO - Filling up the DagBag from /home/airflow/.local/lib/python3.12/site-packages/airflow/example_dags/example_branch_python_dop_operator_3.py
[2025-09-17T11:46:36.092+0000] {processor.py:925} INFO - DAG(s) 'example_branch_dop_operator_v3' retrieved from /home/airflow/.local/lib/python3.12/site-packages/airflow/example_dags/example_branch_python_dop_operator_3.py
[2025-09-17T11:46:36.117+0000] {logging_mixin.py:190} INFO - [2025-09-17T11:46:36.117+0000] {dag.py:3239} INFO - Sync 1 DAGs
[2025-09-17T11:46:36.149+0000] {logging_mixin.py:190} INFO - [2025-09-17T11:46:36.149+0000] {dag.py:4180} INFO - Setting next_dagrun for example_branch_dop_operator_v3 to 2025-09-17 11:45:00+00:00, run_after=2025-09-17 11:46:00+00:00
[2025-09-17T11:46:36.175+0000] {processor.py:208} INFO - Processing /home/airflow/.local/lib/python3.12/site-packages/airflow/example_dags/example_branch_python_dop_operator_3.py took 0.108 seconds
[2025-09-17T11:47:06.749+0000] {processor.py:186} INFO - Started process (PID=449) to work on /home/airflow/.local/lib/python3.12/site-packages/airflow/example_dags/example_branch_python_dop_operator_3.py
[2025-09-17T11:47:06.750+0000] {processor.py:914} INFO - Processing file /home/airflow/.local/lib/python3.12/site-packages/airflow/example_dags/example_branch_python_dop_operator_3.py for tasks to queue
[2025-09-17T11:47:06.754+0000] {logging_mixin.py:190} INFO - [2025-09-17T11:47:06.753+0000] {dagbag.py:588} INFO - Filling up the DagBag from /home/airflow/.local/lib/python3.12/site-packages/airflow/example_dags/example_branch_python_dop_operator_3.py
[2025-09-17T11:47:06.767+0000] {processor.py:925} INFO - DAG(s) 'example_branch_dop_operator_v3' retrieved from /home/airflow/.local/lib/python3.12/site-packages/airflow/example_dags/example_branch_python_dop_operator_3.py
[2025-09-17T11:47:06.793+0000] {logging_mixin.py:190} INFO - [2025-09-17T11:47:06.793+0000] {dag.py:3239} INFO - Sync 1 DAGs
[2025-09-17T11:47:06.823+0000] {logging_mixin.py:190} INFO - [2025-09-17T11:47:06.822+0000] {dag.py:4180} INFO - Setting next_dagrun for example_branch_dop_operator_v3 to 2025-09-17 11:46:00+00:00, run_after=2025-09-17 11:47:00+00:00
[2025-09-17T11:47:06.846+0000] {processor.py:208} INFO - Processing /home/airflow/.local/lib/python3.12/site-packages/airflow/example_dags/example_branch_python_dop_operator_3.py took 0.106 seconds
[2025-09-17T11:47:37.474+0000] {processor.py:186} INFO - Started process (PID=512) to work on /home/airflow/.local/lib/python3.12/site-packages/airflow/example_dags/example_branch_python_dop_operator_3.py
[2025-09-17T11:47:37.476+0000] {processor.py:914} INFO - Processing file /home/airflow/.local/lib/python3.12/site-packages/airflow/example_dags/example_branch_python_dop_operator_3.py for tasks to queue
[2025-09-17T11:47:37.479+0000] {logging_mixin.py:190} INFO - [2025-09-17T11:47:37.479+0000] {dagbag.py:588} INFO - Filling up the DagBag from /home/airflow/.local/lib/python3.12/site-packages/airflow/example_dags/example_branch_python_dop_operator_3.py
[2025-09-17T11:47:37.492+0000] {processor.py:925} INFO - DAG(s) 'example_branch_dop_operator_v3' retrieved from /home/airflow/.local/lib/python3.12/site-packages/airflow/example_dags/example_branch_python_dop_operator_3.py
[2025-09-17T11:47:37.517+0000] {logging_mixin.py:190} INFO - [2025-09-17T11:47:37.516+0000] {dag.py:3239} INFO - Sync 1 DAGs
[2025-09-17T11:47:37.548+0000] {logging_mixin.py:190} INFO - [2025-09-17T11:47:37.548+0000] {dag.py:4180} INFO - Setting next_dagrun for example_branch_dop_operator_v3 to 2025-09-17 11:46:00+00:00, run_after=2025-09-17 11:47:00+00:00
[2025-09-17T11:47:37.572+0000] {processor.py:208} INFO - Processing /home/airflow/.local/lib/python3.12/site-packages/airflow/example_dags/example_branch_python_dop_operator_3.py took 0.105 seconds
[2025-09-17T11:48:08.015+0000] {processor.py:186} INFO - Started process (PID=574) to work on /home/airflow/.local/lib/python3.12/site-packages/airflow/example_dags/example_branch_python_dop_operator_3.py
[2025-09-17T11:48:08.016+0000] {processor.py:914} INFO - Processing file /home/airflow/.local/lib/python3.12/site-packages/airflow/example_dags/example_branch_python_dop_operator_3.py for tasks to queue
[2025-09-17T11:48:08.020+0000] {logging_mixin.py:190} INFO - [2025-09-17T11:48:08.020+0000] {dagbag.py:588} INFO - Filling up the DagBag from /home/airflow/.local/lib/python3.12/site-packages/airflow/example_dags/example_branch_python_dop_operator_3.py
[2025-09-17T11:48:08.034+0000] {processor.py:925} INFO - DAG(s) 'example_branch_dop_operator_v3' retrieved from /home/airflow/.local/lib/python3.12/site-packages/airflow/example_dags/example_branch_python_dop_operator_3.py
[2025-09-17T11:48:08.061+0000] {logging_mixin.py:190} INFO - [2025-09-17T11:48:08.061+0000] {dag.py:3239} INFO - Sync 1 DAGs
[2025-09-17T11:48:08.093+0000] {logging_mixin.py:190} INFO - [2025-09-17T11:48:08.093+0000] {dag.py:4180} INFO - Setting next_dagrun for example_branch_dop_operator_v3 to 2025-09-17 11:47:00+00:00, run_after=2025-09-17 11:48:00+00:00
[2025-09-17T11:48:08.117+0000] {processor.py:208} INFO - Processing /home/airflow/.local/lib/python3.12/site-packages/airflow/example_dags/example_branch_python_dop_operator_3.py took 0.110 seconds
[2025-09-17T11:48:38.534+0000] {processor.py:186} INFO - Started process (PID=636) to work on /home/airflow/.local/lib/python3.12/site-packages/airflow/example_dags/example_branch_python_dop_operator_3.py
[2025-09-17T11:48:38.535+0000] {processor.py:914} INFO - Processing file /home/airflow/.local/lib/python3.12/site-packages/airflow/example_dags/example_branch_python_dop_operator_3.py for tasks to queue
[2025-09-17T11:48:38.542+0000] {logging_mixin.py:190} INFO - [2025-09-17T11:48:38.542+0000] {dagbag.py:588} INFO - Filling up the DagBag from /home/airflow/.local/lib/python3.12/site-packages/airflow/example_dags/example_branch_python_dop_operator_3.py
[2025-09-17T11:48:38.563+0000] {processor.py:925} INFO - DAG(s) 'example_branch_dop_operator_v3' retrieved from /home/airflow/.local/lib/python3.12/site-packages/airflow/example_dags/example_branch_python_dop_operator_3.py
[2025-09-17T11:48:38.591+0000] {logging_mixin.py:190} INFO - [2025-09-17T11:48:38.591+0000] {dag.py:3239} INFO - Sync 1 DAGs
[2025-09-17T11:48:38.629+0000] {logging_mixin.py:190} INFO - [2025-09-17T11:48:38.628+0000] {dag.py:4180} INFO - Setting next_dagrun for example_branch_dop_operator_v3 to 2025-09-17 11:47:00+00:00, run_after=2025-09-17 11:48:00+00:00
[2025-09-17T11:48:38.664+0000] {processor.py:208} INFO - Processing /home/airflow/.local/lib/python3.12/site-packages/airflow/example_dags/example_branch_python_dop_operator_3.py took 0.143 seconds
[2025-09-17T11:49:09.590+0000] {processor.py:186} INFO - Started process (PID=699) to work on /home/airflow/.local/lib/python3.12/site-packages/airflow/example_dags/example_branch_python_dop_operator_3.py
[2025-09-17T11:49:09.592+0000] {processor.py:914} INFO - Processing file /home/airflow/.local/lib/python3.12/site-packages/airflow/example_dags/example_branch_python_dop_operator_3.py for tasks to queue
[2025-09-17T11:49:09.596+0000] {logging_mixin.py:190} INFO - [2025-09-17T11:49:09.595+0000] {dagbag.py:588} INFO - Filling up the DagBag from /home/airflow/.local/lib/python3.12/site-packages/airflow/example_dags/example_branch_python_dop_operator_3.py
[2025-09-17T11:49:09.609+0000] {processor.py:925} INFO - DAG(s) 'example_branch_dop_operator_v3' retrieved from /home/airflow/.local/lib/python3.12/site-packages/airflow/example_dags/example_branch_python_dop_operator_3.py
[2025-09-17T11:49:09.635+0000] {logging_mixin.py:190} INFO - [2025-09-17T11:49:09.635+0000] {dag.py:3239} INFO - Sync 1 DAGs
[2025-09-17T11:49:09.669+0000] {logging_mixin.py:190} INFO - [2025-09-17T11:49:09.668+0000] {dag.py:4180} INFO - Setting next_dagrun for example_branch_dop_operator_v3 to 2025-09-17 11:48:00+00:00, run_after=2025-09-17 11:49:00+00:00
[2025-09-17T11:49:09.695+0000] {processor.py:208} INFO - Processing /home/airflow/.local/lib/python3.12/site-packages/airflow/example_dags/example_branch_python_dop_operator_3.py took 0.116 seconds
[2025-09-17T11:49:40.244+0000] {processor.py:186} INFO - Started process (PID=761) to work on /home/airflow/.local/lib/python3.12/site-packages/airflow/example_dags/example_branch_python_dop_operator_3.py
[2025-09-17T11:49:40.246+0000] {processor.py:914} INFO - Processing file /home/airflow/.local/lib/python3.12/site-packages/airflow/example_dags/example_branch_python_dop_operator_3.py for tasks to queue
[2025-09-17T11:49:40.252+0000] {logging_mixin.py:190} INFO - [2025-09-17T11:49:40.250+0000] {dagbag.py:588} INFO - Filling up the DagBag from /home/airflow/.local/lib/python3.12/site-packages/airflow/example_dags/example_branch_python_dop_operator_3.py
[2025-09-17T11:49:40.273+0000] {processor.py:925} INFO - DAG(s) 'example_branch_dop_operator_v3' retrieved from /home/airflow/.local/lib/python3.12/site-packages/airflow/example_dags/example_branch_python_dop_operator_3.py
[2025-09-17T11:49:40.313+0000] {logging_mixin.py:190} INFO - [2025-09-17T11:49:40.312+0000] {dag.py:3239} INFO - Sync 1 DAGs
[2025-09-17T11:49:40.360+0000] {logging_mixin.py:190} INFO - [2025-09-17T11:49:40.360+0000] {dag.py:4180} INFO - Setting next_dagrun for example_branch_dop_operator_v3 to 2025-09-17 11:48:00+00:00, run_after=2025-09-17 11:49:00+00:00
[2025-09-17T11:49:40.393+0000] {processor.py:208} INFO - Processing /home/airflow/.local/lib/python3.12/site-packages/airflow/example_dags/example_branch_python_dop_operator_3.py took 0.159 seconds
[2025-09-17T11:50:11.308+0000] {processor.py:186} INFO - Started process (PID=823) to work on /home/airflow/.local/lib/python3.12/site-packages/airflow/example_dags/example_branch_python_dop_operator_3.py
[2025-09-17T11:50:11.311+0000] {processor.py:914} INFO - Processing file /home/airflow/.local/lib/python3.12/site-packages/airflow/example_dags/example_branch_python_dop_operator_3.py for tasks to queue
[2025-09-17T11:50:11.315+0000] {logging_mixin.py:190} INFO - [2025-09-17T11:50:11.314+0000] {dagbag.py:588} INFO - Filling up the DagBag from /home/airflow/.local/lib/python3.12/site-packages/airflow/example_dags/example_branch_python_dop_operator_3.py
[2025-09-17T11:50:11.331+0000] {processor.py:925} INFO - DAG(s) 'example_branch_dop_operator_v3' retrieved from /home/airflow/.local/lib/python3.12/site-packages/airflow/example_dags/example_branch_python_dop_operator_3.py
[2025-09-17T11:50:11.364+0000] {logging_mixin.py:190} INFO - [2025-09-17T11:50:11.364+0000] {dag.py:3239} INFO - Sync 1 DAGs
[2025-09-17T11:50:11.401+0000] {logging_mixin.py:190} INFO - [2025-09-17T11:50:11.401+0000] {dag.py:4180} INFO - Setting next_dagrun for example_branch_dop_operator_v3 to 2025-09-17 11:49:00+00:00, run_after=2025-09-17 11:50:00+00:00
[2025-09-17T11:50:11.427+0000] {processor.py:208} INFO - Processing /home/airflow/.local/lib/python3.12/site-packages/airflow/example_dags/example_branch_python_dop_operator_3.py took 0.127 seconds
[2025-09-17T11:50:42.247+0000] {processor.py:186} INFO - Started process (PID=885) to work on /home/airflow/.local/lib/python3.12/site-packages/airflow/example_dags/example_branch_python_dop_operator_3.py
[2025-09-17T11:50:42.249+0000] {processor.py:914} INFO - Processing file /home/airflow/.local/lib/python3.12/site-packages/airflow/example_dags/example_branch_python_dop_operator_3.py for tasks to queue
[2025-09-17T11:50:42.252+0000] {logging_mixin.py:190} INFO - [2025-09-17T11:50:42.252+0000] {dagbag.py:588} INFO - Filling up the DagBag from /home/airflow/.local/lib/python3.12/site-packages/airflow/example_dags/example_branch_python_dop_operator_3.py
[2025-09-17T11:50:42.268+0000] {processor.py:925} INFO - DAG(s) 'example_branch_dop_operator_v3' retrieved from /home/airflow/.local/lib/python3.12/site-packages/airflow/example_dags/example_branch_python_dop_operator_3.py
[2025-09-17T11:50:42.302+0000] {logging_mixin.py:190} INFO - [2025-09-17T11:50:42.302+0000] {dag.py:3239} INFO - Sync 1 DAGs
[2025-09-17T11:50:42.342+0000] {logging_mixin.py:190} INFO - [2025-09-17T11:50:42.341+0000] {dag.py:4180} INFO - Setting next_dagrun for example_branch_dop_operator_v3 to 2025-09-17 11:49:00+00:00, run_after=2025-09-17 11:50:00+00:00
[2025-09-17T11:50:42.376+0000] {processor.py:208} INFO - Processing /home/airflow/.local/lib/python3.12/site-packages/airflow/example_dags/example_branch_python_dop_operator_3.py took 0.141 seconds
[2025-09-17T11:51:13.100+0000] {processor.py:186} INFO - Started process (PID=947) to work on /home/airflow/.local/lib/python3.12/site-packages/airflow/example_dags/example_branch_python_dop_operator_3.py
[2025-09-17T11:51:13.102+0000] {processor.py:914} INFO - Processing file /home/airflow/.local/lib/python3.12/site-packages/airflow/example_dags/example_branch_python_dop_operator_3.py for tasks to queue
[2025-09-17T11:51:13.107+0000] {logging_mixin.py:190} INFO - [2025-09-17T11:51:13.107+0000] {dagbag.py:588} INFO - Filling up the DagBag from /home/airflow/.local/lib/python3.12/site-packages/airflow/example_dags/example_branch_python_dop_operator_3.py
[2025-09-17T11:51:13.132+0000] {processor.py:925} INFO - DAG(s) 'example_branch_dop_operator_v3' retrieved from /home/airflow/.local/lib/python3.12/site-packages/airflow/example_dags/example_branch_python_dop_operator_3.py
[2025-09-17T11:51:13.166+0000] {logging_mixin.py:190} INFO - [2025-09-17T11:51:13.166+0000] {dag.py:3239} INFO - Sync 1 DAGs
[2025-09-17T11:51:13.211+0000] {logging_mixin.py:190} INFO - [2025-09-17T11:51:13.210+0000] {dag.py:4180} INFO - Setting next_dagrun for example_branch_dop_operator_v3 to 2025-09-17 11:50:00+00:00, run_after=2025-09-17 11:51:00+00:00
[2025-09-17T11:51:13.236+0000] {processor.py:208} INFO - Processing /home/airflow/.local/lib/python3.12/site-packages/airflow/example_dags/example_branch_python_dop_operator_3.py took 0.147 seconds
[2025-09-17T11:51:43.713+0000] {processor.py:186} INFO - Started process (PID=1009) to work on /home/airflow/.local/lib/python3.12/site-packages/airflow/example_dags/example_branch_python_dop_operator_3.py
[2025-09-17T11:51:43.715+0000] {processor.py:914} INFO - Processing file /home/airflow/.local/lib/python3.12/site-packages/airflow/example_dags/example_branch_python_dop_operator_3.py for tasks to queue
[2025-09-17T11:51:43.718+0000] {logging_mixin.py:190} INFO - [2025-09-17T11:51:43.718+0000] {dagbag.py:588} INFO - Filling up the DagBag from /home/airflow/.local/lib/python3.12/site-packages/airflow/example_dags/example_branch_python_dop_operator_3.py
[2025-09-17T11:51:43.733+0000] {processor.py:925} INFO - DAG(s) 'example_branch_dop_operator_v3' retrieved from /home/airflow/.local/lib/python3.12/site-packages/airflow/example_dags/example_branch_python_dop_operator_3.py
[2025-09-17T11:51:43.761+0000] {logging_mixin.py:190} INFO - [2025-09-17T11:51:43.761+0000] {dag.py:3239} INFO - Sync 1 DAGs
[2025-09-17T11:51:43.800+0000] {logging_mixin.py:190} INFO - [2025-09-17T11:51:43.800+0000] {dag.py:4180} INFO - Setting next_dagrun for example_branch_dop_operator_v3 to 2025-09-17 11:50:00+00:00, run_after=2025-09-17 11:51:00+00:00
[2025-09-17T11:51:43.828+0000] {processor.py:208} INFO - Processing /home/airflow/.local/lib/python3.12/site-packages/airflow/example_dags/example_branch_python_dop_operator_3.py took 0.123 seconds
[2025-09-17T11:52:14.208+0000] {processor.py:186} INFO - Started process (PID=1070) to work on /home/airflow/.local/lib/python3.12/site-packages/airflow/example_dags/example_branch_python_dop_operator_3.py
[2025-09-17T11:52:14.209+0000] {processor.py:914} INFO - Processing file /home/airflow/.local/lib/python3.12/site-packages/airflow/example_dags/example_branch_python_dop_operator_3.py for tasks to queue
[2025-09-17T11:52:14.213+0000] {logging_mixin.py:190} INFO - [2025-09-17T11:52:14.212+0000] {dagbag.py:588} INFO - Filling up the DagBag from /home/airflow/.local/lib/python3.12/site-packages/airflow/example_dags/example_branch_python_dop_operator_3.py
[2025-09-17T11:52:14.226+0000] {processor.py:925} INFO - DAG(s) 'example_branch_dop_operator_v3' retrieved from /home/airflow/.local/lib/python3.12/site-packages/airflow/example_dags/example_branch_python_dop_operator_3.py
[2025-09-17T11:52:14.250+0000] {logging_mixin.py:190} INFO - [2025-09-17T11:52:14.250+0000] {dag.py:3239} INFO - Sync 1 DAGs
[2025-09-17T11:52:14.282+0000] {logging_mixin.py:190} INFO - [2025-09-17T11:52:14.282+0000] {dag.py:4180} INFO - Setting next_dagrun for example_branch_dop_operator_v3 to 2025-09-17 11:51:00+00:00, run_after=2025-09-17 11:52:00+00:00
[2025-09-17T11:52:14.307+0000] {processor.py:208} INFO - Processing /home/airflow/.local/lib/python3.12/site-packages/airflow/example_dags/example_branch_python_dop_operator_3.py took 0.109 seconds
[2025-09-17T11:52:44.736+0000] {processor.py:186} INFO - Started process (PID=1133) to work on /home/airflow/.local/lib/python3.12/site-packages/airflow/example_dags/example_branch_python_dop_operator_3.py
[2025-09-17T11:52:44.737+0000] {processor.py:914} INFO - Processing file /home/airflow/.local/lib/python3.12/site-packages/airflow/example_dags/example_branch_python_dop_operator_3.py for tasks to queue
[2025-09-17T11:52:44.741+0000] {logging_mixin.py:190} INFO - [2025-09-17T11:52:44.740+0000] {dagbag.py:588} INFO - Filling up the DagBag from /home/airflow/.local/lib/python3.12/site-packages/airflow/example_dags/example_branch_python_dop_operator_3.py
[2025-09-17T11:52:44.755+0000] {processor.py:925} INFO - DAG(s) 'example_branch_dop_operator_v3' retrieved from /home/airflow/.local/lib/python3.12/site-packages/airflow/example_dags/example_branch_python_dop_operator_3.py
[2025-09-17T11:52:44.782+0000] {logging_mixin.py:190} INFO - [2025-09-17T11:52:44.781+0000] {dag.py:3239} INFO - Sync 1 DAGs
[2025-09-17T11:52:44.811+0000] {logging_mixin.py:190} INFO - [2025-09-17T11:52:44.810+0000] {dag.py:4180} INFO - Setting next_dagrun for example_branch_dop_operator_v3 to 2025-09-17 11:51:00+00:00, run_after=2025-09-17 11:52:00+00:00
[2025-09-17T11:52:44.835+0000] {processor.py:208} INFO - Processing /home/airflow/.local/lib/python3.12/site-packages/airflow/example_dags/example_branch_python_dop_operator_3.py took 0.106 seconds
[2025-09-17T11:53:15.451+0000] {processor.py:186} INFO - Started process (PID=1195) to work on /home/airflow/.local/lib/python3.12/site-packages/airflow/example_dags/example_branch_python_dop_operator_3.py
[2025-09-17T11:53:15.453+0000] {processor.py:914} INFO - Processing file /home/airflow/.local/lib/python3.12/site-packages/airflow/example_dags/example_branch_python_dop_operator_3.py for tasks to queue
[2025-09-17T11:53:15.459+0000] {logging_mixin.py:190} INFO - [2025-09-17T11:53:15.458+0000] {dagbag.py:588} INFO - Filling up the DagBag from /home/airflow/.local/lib/python3.12/site-packages/airflow/example_dags/example_branch_python_dop_operator_3.py
[2025-09-17T11:53:15.480+0000] {processor.py:925} INFO - DAG(s) 'example_branch_dop_operator_v3' retrieved from /home/airflow/.local/lib/python3.12/site-packages/airflow/example_dags/example_branch_python_dop_operator_3.py
[2025-09-17T11:53:15.520+0000] {logging_mixin.py:190} INFO - [2025-09-17T11:53:15.520+0000] {dag.py:3239} INFO - Sync 1 DAGs
[2025-09-17T11:53:15.570+0000] {logging_mixin.py:190} INFO - [2025-09-17T11:53:15.569+0000] {dag.py:4180} INFO - Setting next_dagrun for example_branch_dop_operator_v3 to 2025-09-17 11:52:00+00:00, run_after=2025-09-17 11:53:00+00:00
[2025-09-17T11:53:15.616+0000] {processor.py:208} INFO - Processing /home/airflow/.local/lib/python3.12/site-packages/airflow/example_dags/example_branch_python_dop_operator_3.py took 0.177 seconds
