[2025-09-17T11:43:29.869+0000] {processor.py:186} INFO - Started process (PID=181) to work on /home/airflow/.local/lib/python3.12/site-packages/airflow/example_dags/example_dataset_alias.py
[2025-09-17T11:43:29.871+0000] {processor.py:914} INFO - Processing file /home/airflow/.local/lib/python3.12/site-packages/airflow/example_dags/example_dataset_alias.py for tasks to queue
[2025-09-17T11:43:29.876+0000] {logging_mixin.py:190} INFO - [2025-09-17T11:43:29.875+0000] {dagbag.py:588} INFO - Filling up the DagBag from /home/airflow/.local/lib/python3.12/site-packages/airflow/example_dags/example_dataset_alias.py
[2025-09-17T11:43:30.092+0000] {processor.py:925} INFO - DAG(s) 'dataset_s3_bucket_producer', 'dataset_alias_example_alias_producer', 'dataset_s3_bucket_consumer', 'dataset_alias_example_alias_consumer' retrieved from /home/airflow/.local/lib/python3.12/site-packages/airflow/example_dags/example_dataset_alias.py
[2025-09-17T11:43:30.217+0000] {logging_mixin.py:190} INFO - [2025-09-17T11:43:30.217+0000] {override.py:1900} INFO - Created Permission View: can delete on DAG:dataset_s3_bucket_producer
[2025-09-17T11:43:30.234+0000] {logging_mixin.py:190} INFO - [2025-09-17T11:43:30.233+0000] {override.py:1900} INFO - Created Permission View: can edit on DAG:dataset_s3_bucket_producer
[2025-09-17T11:43:30.250+0000] {logging_mixin.py:190} INFO - [2025-09-17T11:43:30.249+0000] {override.py:1900} INFO - Created Permission View: can read on DAG:dataset_s3_bucket_producer
[2025-09-17T11:43:30.262+0000] {logging_mixin.py:190} INFO - [2025-09-17T11:43:30.262+0000] {override.py:1900} INFO - Created Permission View: can delete on DAG Run:dataset_s3_bucket_producer
[2025-09-17T11:43:30.273+0000] {logging_mixin.py:190} INFO - [2025-09-17T11:43:30.273+0000] {override.py:1900} INFO - Created Permission View: menu access on DAG Run:dataset_s3_bucket_producer
[2025-09-17T11:43:30.282+0000] {logging_mixin.py:190} INFO - [2025-09-17T11:43:30.282+0000] {override.py:1900} INFO - Created Permission View: can read on DAG Run:dataset_s3_bucket_producer
[2025-09-17T11:43:30.291+0000] {logging_mixin.py:190} INFO - [2025-09-17T11:43:30.291+0000] {override.py:1900} INFO - Created Permission View: can create on DAG Run:dataset_s3_bucket_producer
[2025-09-17T11:43:30.314+0000] {logging_mixin.py:190} INFO - [2025-09-17T11:43:30.313+0000] {override.py:1900} INFO - Created Permission View: can delete on DAG:dataset_alias_example_alias_producer
[2025-09-17T11:43:30.322+0000] {logging_mixin.py:190} INFO - [2025-09-17T11:43:30.322+0000] {override.py:1900} INFO - Created Permission View: can edit on DAG:dataset_alias_example_alias_producer
[2025-09-17T11:43:30.331+0000] {logging_mixin.py:190} INFO - [2025-09-17T11:43:30.331+0000] {override.py:1900} INFO - Created Permission View: can read on DAG:dataset_alias_example_alias_producer
[2025-09-17T11:43:30.342+0000] {logging_mixin.py:190} INFO - [2025-09-17T11:43:30.342+0000] {override.py:1900} INFO - Created Permission View: can delete on DAG Run:dataset_alias_example_alias_producer
[2025-09-17T11:43:30.352+0000] {logging_mixin.py:190} INFO - [2025-09-17T11:43:30.351+0000] {override.py:1900} INFO - Created Permission View: menu access on DAG Run:dataset_alias_example_alias_producer
[2025-09-17T11:43:30.362+0000] {logging_mixin.py:190} INFO - [2025-09-17T11:43:30.361+0000] {override.py:1900} INFO - Created Permission View: can read on DAG Run:dataset_alias_example_alias_producer
[2025-09-17T11:43:30.372+0000] {logging_mixin.py:190} INFO - [2025-09-17T11:43:30.371+0000] {override.py:1900} INFO - Created Permission View: can create on DAG Run:dataset_alias_example_alias_producer
[2025-09-17T11:43:30.389+0000] {logging_mixin.py:190} INFO - [2025-09-17T11:43:30.389+0000] {override.py:1900} INFO - Created Permission View: can delete on DAG:dataset_s3_bucket_consumer
[2025-09-17T11:43:30.399+0000] {logging_mixin.py:190} INFO - [2025-09-17T11:43:30.399+0000] {override.py:1900} INFO - Created Permission View: can edit on DAG:dataset_s3_bucket_consumer
[2025-09-17T11:43:30.408+0000] {logging_mixin.py:190} INFO - [2025-09-17T11:43:30.407+0000] {override.py:1900} INFO - Created Permission View: can read on DAG:dataset_s3_bucket_consumer
[2025-09-17T11:43:30.418+0000] {logging_mixin.py:190} INFO - [2025-09-17T11:43:30.417+0000] {override.py:1900} INFO - Created Permission View: can delete on DAG Run:dataset_s3_bucket_consumer
[2025-09-17T11:43:30.428+0000] {logging_mixin.py:190} INFO - [2025-09-17T11:43:30.428+0000] {override.py:1900} INFO - Created Permission View: menu access on DAG Run:dataset_s3_bucket_consumer
[2025-09-17T11:43:30.438+0000] {logging_mixin.py:190} INFO - [2025-09-17T11:43:30.437+0000] {override.py:1900} INFO - Created Permission View: can read on DAG Run:dataset_s3_bucket_consumer
[2025-09-17T11:43:30.453+0000] {logging_mixin.py:190} INFO - [2025-09-17T11:43:30.453+0000] {override.py:1900} INFO - Created Permission View: can create on DAG Run:dataset_s3_bucket_consumer
[2025-09-17T11:43:30.474+0000] {logging_mixin.py:190} INFO - [2025-09-17T11:43:30.473+0000] {override.py:1900} INFO - Created Permission View: can delete on DAG:dataset_alias_example_alias_consumer
[2025-09-17T11:43:30.490+0000] {logging_mixin.py:190} INFO - [2025-09-17T11:43:30.489+0000] {override.py:1900} INFO - Created Permission View: can edit on DAG:dataset_alias_example_alias_consumer
[2025-09-17T11:43:30.506+0000] {logging_mixin.py:190} INFO - [2025-09-17T11:43:30.505+0000] {override.py:1900} INFO - Created Permission View: can read on DAG:dataset_alias_example_alias_consumer
[2025-09-17T11:43:30.524+0000] {logging_mixin.py:190} INFO - [2025-09-17T11:43:30.524+0000] {override.py:1900} INFO - Created Permission View: can delete on DAG Run:dataset_alias_example_alias_consumer
[2025-09-17T11:43:30.534+0000] {logging_mixin.py:190} INFO - [2025-09-17T11:43:30.534+0000] {override.py:1900} INFO - Created Permission View: menu access on DAG Run:dataset_alias_example_alias_consumer
[2025-09-17T11:43:30.543+0000] {logging_mixin.py:190} INFO - [2025-09-17T11:43:30.542+0000] {override.py:1900} INFO - Created Permission View: can read on DAG Run:dataset_alias_example_alias_consumer
[2025-09-17T11:43:30.553+0000] {logging_mixin.py:190} INFO - [2025-09-17T11:43:30.552+0000] {override.py:1900} INFO - Created Permission View: can create on DAG Run:dataset_alias_example_alias_consumer
[2025-09-17T11:43:30.553+0000] {logging_mixin.py:190} INFO - [2025-09-17T11:43:30.553+0000] {dag.py:3239} INFO - Sync 4 DAGs
[2025-09-17T11:43:30.571+0000] {logging_mixin.py:190} INFO - [2025-09-17T11:43:30.571+0000] {dag.py:3262} INFO - Creating ORM DAG for dataset_alias_example_alias_consumer
[2025-09-17T11:43:30.572+0000] {logging_mixin.py:190} INFO - [2025-09-17T11:43:30.572+0000] {dag.py:3262} INFO - Creating ORM DAG for dataset_alias_example_alias_producer
[2025-09-17T11:43:30.573+0000] {logging_mixin.py:190} INFO - [2025-09-17T11:43:30.573+0000] {dag.py:3262} INFO - Creating ORM DAG for dataset_s3_bucket_producer
[2025-09-17T11:43:30.574+0000] {logging_mixin.py:190} INFO - [2025-09-17T11:43:30.574+0000] {dag.py:3262} INFO - Creating ORM DAG for dataset_s3_bucket_consumer
[2025-09-17T11:43:30.587+0000] {logging_mixin.py:190} INFO - [2025-09-17T11:43:30.587+0000] {dag.py:4180} INFO - Setting next_dagrun for dataset_alias_example_alias_consumer to None, run_after=None
[2025-09-17T11:43:30.589+0000] {logging_mixin.py:190} INFO - [2025-09-17T11:43:30.589+0000] {dag.py:4180} INFO - Setting next_dagrun for dataset_alias_example_alias_producer to None, run_after=None
[2025-09-17T11:43:30.592+0000] {logging_mixin.py:190} INFO - [2025-09-17T11:43:30.591+0000] {dag.py:4180} INFO - Setting next_dagrun for dataset_s3_bucket_consumer to None, run_after=None
[2025-09-17T11:43:30.593+0000] {logging_mixin.py:190} INFO - [2025-09-17T11:43:30.593+0000] {dag.py:4180} INFO - Setting next_dagrun for dataset_s3_bucket_producer to None, run_after=None
[2025-09-17T11:43:30.640+0000] {processor.py:208} INFO - Processing /home/airflow/.local/lib/python3.12/site-packages/airflow/example_dags/example_dataset_alias.py took 0.785 seconds
[2025-09-17T11:44:03.761+0000] {processor.py:186} INFO - Started process (PID=89) to work on /home/airflow/.local/lib/python3.12/site-packages/airflow/example_dags/example_dataset_alias.py
[2025-09-17T11:44:03.763+0000] {processor.py:914} INFO - Processing file /home/airflow/.local/lib/python3.12/site-packages/airflow/example_dags/example_dataset_alias.py for tasks to queue
[2025-09-17T11:44:03.769+0000] {logging_mixin.py:190} INFO - [2025-09-17T11:44:03.769+0000] {dagbag.py:588} INFO - Filling up the DagBag from /home/airflow/.local/lib/python3.12/site-packages/airflow/example_dags/example_dataset_alias.py
[2025-09-17T11:44:04.090+0000] {processor.py:925} INFO - DAG(s) 'dataset_s3_bucket_producer', 'dataset_s3_bucket_consumer', 'dataset_alias_example_alias_consumer', 'dataset_alias_example_alias_producer' retrieved from /home/airflow/.local/lib/python3.12/site-packages/airflow/example_dags/example_dataset_alias.py
[2025-09-17T11:44:04.124+0000] {logging_mixin.py:190} INFO - [2025-09-17T11:44:04.124+0000] {dag.py:3239} INFO - Sync 4 DAGs
[2025-09-17T11:44:04.172+0000] {logging_mixin.py:190} INFO - [2025-09-17T11:44:04.172+0000] {dag.py:4180} INFO - Setting next_dagrun for dataset_alias_example_alias_consumer to None, run_after=None
[2025-09-17T11:44:04.177+0000] {logging_mixin.py:190} INFO - [2025-09-17T11:44:04.177+0000] {dag.py:4180} INFO - Setting next_dagrun for dataset_alias_example_alias_producer to None, run_after=None
[2025-09-17T11:44:04.180+0000] {logging_mixin.py:190} INFO - [2025-09-17T11:44:04.179+0000] {dag.py:4180} INFO - Setting next_dagrun for dataset_s3_bucket_consumer to None, run_after=None
[2025-09-17T11:44:04.182+0000] {logging_mixin.py:190} INFO - [2025-09-17T11:44:04.182+0000] {dag.py:4180} INFO - Setting next_dagrun for dataset_s3_bucket_producer to None, run_after=None
[2025-09-17T11:44:04.224+0000] {processor.py:208} INFO - Processing /home/airflow/.local/lib/python3.12/site-packages/airflow/example_dags/example_dataset_alias.py took 0.483 seconds
[2025-09-17T11:44:34.893+0000] {processor.py:186} INFO - Started process (PID=151) to work on /home/airflow/.local/lib/python3.12/site-packages/airflow/example_dags/example_dataset_alias.py
[2025-09-17T11:44:34.894+0000] {processor.py:914} INFO - Processing file /home/airflow/.local/lib/python3.12/site-packages/airflow/example_dags/example_dataset_alias.py for tasks to queue
[2025-09-17T11:44:34.899+0000] {logging_mixin.py:190} INFO - [2025-09-17T11:44:34.899+0000] {dagbag.py:588} INFO - Filling up the DagBag from /home/airflow/.local/lib/python3.12/site-packages/airflow/example_dags/example_dataset_alias.py
[2025-09-17T11:44:35.097+0000] {processor.py:925} INFO - DAG(s) 'dataset_alias_example_alias_consumer', 'dataset_alias_example_alias_producer', 'dataset_s3_bucket_consumer', 'dataset_s3_bucket_producer' retrieved from /home/airflow/.local/lib/python3.12/site-packages/airflow/example_dags/example_dataset_alias.py
[2025-09-17T11:44:35.124+0000] {logging_mixin.py:190} INFO - [2025-09-17T11:44:35.124+0000] {dag.py:3239} INFO - Sync 4 DAGs
[2025-09-17T11:44:35.151+0000] {logging_mixin.py:190} INFO - [2025-09-17T11:44:35.151+0000] {dag.py:4180} INFO - Setting next_dagrun for dataset_alias_example_alias_consumer to None, run_after=None
[2025-09-17T11:44:35.157+0000] {logging_mixin.py:190} INFO - [2025-09-17T11:44:35.157+0000] {dag.py:4180} INFO - Setting next_dagrun for dataset_alias_example_alias_producer to None, run_after=None
[2025-09-17T11:44:35.160+0000] {logging_mixin.py:190} INFO - [2025-09-17T11:44:35.160+0000] {dag.py:4180} INFO - Setting next_dagrun for dataset_s3_bucket_consumer to None, run_after=None
[2025-09-17T11:44:35.162+0000] {logging_mixin.py:190} INFO - [2025-09-17T11:44:35.161+0000] {dag.py:4180} INFO - Setting next_dagrun for dataset_s3_bucket_producer to None, run_after=None
[2025-09-17T11:44:35.193+0000] {processor.py:208} INFO - Processing /home/airflow/.local/lib/python3.12/site-packages/airflow/example_dags/example_dataset_alias.py took 0.309 seconds
[2025-09-17T11:45:05.737+0000] {processor.py:186} INFO - Started process (PID=213) to work on /home/airflow/.local/lib/python3.12/site-packages/airflow/example_dags/example_dataset_alias.py
[2025-09-17T11:45:05.739+0000] {processor.py:914} INFO - Processing file /home/airflow/.local/lib/python3.12/site-packages/airflow/example_dags/example_dataset_alias.py for tasks to queue
[2025-09-17T11:45:05.742+0000] {logging_mixin.py:190} INFO - [2025-09-17T11:45:05.741+0000] {dagbag.py:588} INFO - Filling up the DagBag from /home/airflow/.local/lib/python3.12/site-packages/airflow/example_dags/example_dataset_alias.py
[2025-09-17T11:45:05.977+0000] {processor.py:925} INFO - DAG(s) 'dataset_s3_bucket_producer', 'dataset_alias_example_alias_consumer', 'dataset_alias_example_alias_producer', 'dataset_s3_bucket_consumer' retrieved from /home/airflow/.local/lib/python3.12/site-packages/airflow/example_dags/example_dataset_alias.py
[2025-09-17T11:45:06.008+0000] {logging_mixin.py:190} INFO - [2025-09-17T11:45:06.007+0000] {dag.py:3239} INFO - Sync 4 DAGs
[2025-09-17T11:45:06.037+0000] {logging_mixin.py:190} INFO - [2025-09-17T11:45:06.037+0000] {dag.py:4180} INFO - Setting next_dagrun for dataset_alias_example_alias_consumer to None, run_after=None
[2025-09-17T11:45:06.041+0000] {logging_mixin.py:190} INFO - [2025-09-17T11:45:06.041+0000] {dag.py:4180} INFO - Setting next_dagrun for dataset_alias_example_alias_producer to None, run_after=None
[2025-09-17T11:45:06.045+0000] {logging_mixin.py:190} INFO - [2025-09-17T11:45:06.044+0000] {dag.py:4180} INFO - Setting next_dagrun for dataset_s3_bucket_consumer to None, run_after=None
[2025-09-17T11:45:06.047+0000] {logging_mixin.py:190} INFO - [2025-09-17T11:45:06.047+0000] {dag.py:4180} INFO - Setting next_dagrun for dataset_s3_bucket_producer to None, run_after=None
[2025-09-17T11:45:06.078+0000] {processor.py:208} INFO - Processing /home/airflow/.local/lib/python3.12/site-packages/airflow/example_dags/example_dataset_alias.py took 0.349 seconds
[2025-09-17T11:45:36.717+0000] {processor.py:186} INFO - Started process (PID=275) to work on /home/airflow/.local/lib/python3.12/site-packages/airflow/example_dags/example_dataset_alias.py
[2025-09-17T11:45:36.719+0000] {processor.py:914} INFO - Processing file /home/airflow/.local/lib/python3.12/site-packages/airflow/example_dags/example_dataset_alias.py for tasks to queue
[2025-09-17T11:45:36.724+0000] {logging_mixin.py:190} INFO - [2025-09-17T11:45:36.724+0000] {dagbag.py:588} INFO - Filling up the DagBag from /home/airflow/.local/lib/python3.12/site-packages/airflow/example_dags/example_dataset_alias.py
[2025-09-17T11:45:36.919+0000] {processor.py:925} INFO - DAG(s) 'dataset_s3_bucket_producer', 'dataset_s3_bucket_consumer', 'dataset_alias_example_alias_consumer', 'dataset_alias_example_alias_producer' retrieved from /home/airflow/.local/lib/python3.12/site-packages/airflow/example_dags/example_dataset_alias.py
[2025-09-17T11:45:36.948+0000] {logging_mixin.py:190} INFO - [2025-09-17T11:45:36.948+0000] {dag.py:3239} INFO - Sync 4 DAGs
[2025-09-17T11:45:36.977+0000] {logging_mixin.py:190} INFO - [2025-09-17T11:45:36.977+0000] {dag.py:4180} INFO - Setting next_dagrun for dataset_alias_example_alias_consumer to None, run_after=None
[2025-09-17T11:45:36.983+0000] {logging_mixin.py:190} INFO - [2025-09-17T11:45:36.982+0000] {dag.py:4180} INFO - Setting next_dagrun for dataset_alias_example_alias_producer to None, run_after=None
[2025-09-17T11:45:36.987+0000] {logging_mixin.py:190} INFO - [2025-09-17T11:45:36.986+0000] {dag.py:4180} INFO - Setting next_dagrun for dataset_s3_bucket_consumer to None, run_after=None
[2025-09-17T11:45:36.990+0000] {logging_mixin.py:190} INFO - [2025-09-17T11:45:36.990+0000] {dag.py:4180} INFO - Setting next_dagrun for dataset_s3_bucket_producer to None, run_after=None
[2025-09-17T11:45:37.025+0000] {processor.py:208} INFO - Processing /home/airflow/.local/lib/python3.12/site-packages/airflow/example_dags/example_dataset_alias.py took 0.319 seconds
[2025-09-17T11:46:07.654+0000] {processor.py:186} INFO - Started process (PID=338) to work on /home/airflow/.local/lib/python3.12/site-packages/airflow/example_dags/example_dataset_alias.py
[2025-09-17T11:46:07.655+0000] {processor.py:914} INFO - Processing file /home/airflow/.local/lib/python3.12/site-packages/airflow/example_dags/example_dataset_alias.py for tasks to queue
[2025-09-17T11:46:07.660+0000] {logging_mixin.py:190} INFO - [2025-09-17T11:46:07.659+0000] {dagbag.py:588} INFO - Filling up the DagBag from /home/airflow/.local/lib/python3.12/site-packages/airflow/example_dags/example_dataset_alias.py
[2025-09-17T11:46:07.895+0000] {processor.py:925} INFO - DAG(s) 'dataset_alias_example_alias_consumer', 'dataset_s3_bucket_consumer', 'dataset_s3_bucket_producer', 'dataset_alias_example_alias_producer' retrieved from /home/airflow/.local/lib/python3.12/site-packages/airflow/example_dags/example_dataset_alias.py
[2025-09-17T11:46:07.918+0000] {logging_mixin.py:190} INFO - [2025-09-17T11:46:07.917+0000] {dag.py:3239} INFO - Sync 4 DAGs
[2025-09-17T11:46:07.946+0000] {logging_mixin.py:190} INFO - [2025-09-17T11:46:07.946+0000] {dag.py:4180} INFO - Setting next_dagrun for dataset_alias_example_alias_consumer to None, run_after=None
[2025-09-17T11:46:07.950+0000] {logging_mixin.py:190} INFO - [2025-09-17T11:46:07.950+0000] {dag.py:4180} INFO - Setting next_dagrun for dataset_alias_example_alias_producer to None, run_after=None
[2025-09-17T11:46:07.952+0000] {logging_mixin.py:190} INFO - [2025-09-17T11:46:07.952+0000] {dag.py:4180} INFO - Setting next_dagrun for dataset_s3_bucket_consumer to None, run_after=None
[2025-09-17T11:46:07.955+0000] {logging_mixin.py:190} INFO - [2025-09-17T11:46:07.955+0000] {dag.py:4180} INFO - Setting next_dagrun for dataset_s3_bucket_producer to None, run_after=None
[2025-09-17T11:46:07.985+0000] {processor.py:208} INFO - Processing /home/airflow/.local/lib/python3.12/site-packages/airflow/example_dags/example_dataset_alias.py took 0.344 seconds
[2025-09-17T11:46:38.469+0000] {processor.py:186} INFO - Started process (PID=401) to work on /home/airflow/.local/lib/python3.12/site-packages/airflow/example_dags/example_dataset_alias.py
[2025-09-17T11:46:38.470+0000] {processor.py:914} INFO - Processing file /home/airflow/.local/lib/python3.12/site-packages/airflow/example_dags/example_dataset_alias.py for tasks to queue
[2025-09-17T11:46:38.473+0000] {logging_mixin.py:190} INFO - [2025-09-17T11:46:38.473+0000] {dagbag.py:588} INFO - Filling up the DagBag from /home/airflow/.local/lib/python3.12/site-packages/airflow/example_dags/example_dataset_alias.py
[2025-09-17T11:46:38.678+0000] {processor.py:925} INFO - DAG(s) 'dataset_alias_example_alias_consumer', 'dataset_s3_bucket_producer', 'dataset_alias_example_alias_producer', 'dataset_s3_bucket_consumer' retrieved from /home/airflow/.local/lib/python3.12/site-packages/airflow/example_dags/example_dataset_alias.py
[2025-09-17T11:46:38.703+0000] {logging_mixin.py:190} INFO - [2025-09-17T11:46:38.703+0000] {dag.py:3239} INFO - Sync 4 DAGs
[2025-09-17T11:46:38.729+0000] {logging_mixin.py:190} INFO - [2025-09-17T11:46:38.729+0000] {dag.py:4180} INFO - Setting next_dagrun for dataset_alias_example_alias_consumer to None, run_after=None
[2025-09-17T11:46:38.734+0000] {logging_mixin.py:190} INFO - [2025-09-17T11:46:38.734+0000] {dag.py:4180} INFO - Setting next_dagrun for dataset_alias_example_alias_producer to None, run_after=None
[2025-09-17T11:46:38.736+0000] {logging_mixin.py:190} INFO - [2025-09-17T11:46:38.736+0000] {dag.py:4180} INFO - Setting next_dagrun for dataset_s3_bucket_consumer to None, run_after=None
[2025-09-17T11:46:38.738+0000] {logging_mixin.py:190} INFO - [2025-09-17T11:46:38.738+0000] {dag.py:4180} INFO - Setting next_dagrun for dataset_s3_bucket_producer to None, run_after=None
[2025-09-17T11:46:38.769+0000] {processor.py:208} INFO - Processing /home/airflow/.local/lib/python3.12/site-packages/airflow/example_dags/example_dataset_alias.py took 0.310 seconds
[2025-09-17T11:47:09.194+0000] {processor.py:186} INFO - Started process (PID=464) to work on /home/airflow/.local/lib/python3.12/site-packages/airflow/example_dags/example_dataset_alias.py
[2025-09-17T11:47:09.196+0000] {processor.py:914} INFO - Processing file /home/airflow/.local/lib/python3.12/site-packages/airflow/example_dags/example_dataset_alias.py for tasks to queue
[2025-09-17T11:47:09.199+0000] {logging_mixin.py:190} INFO - [2025-09-17T11:47:09.199+0000] {dagbag.py:588} INFO - Filling up the DagBag from /home/airflow/.local/lib/python3.12/site-packages/airflow/example_dags/example_dataset_alias.py
[2025-09-17T11:47:09.370+0000] {processor.py:925} INFO - DAG(s) 'dataset_s3_bucket_consumer', 'dataset_s3_bucket_producer', 'dataset_alias_example_alias_consumer', 'dataset_alias_example_alias_producer' retrieved from /home/airflow/.local/lib/python3.12/site-packages/airflow/example_dags/example_dataset_alias.py
[2025-09-17T11:47:09.394+0000] {logging_mixin.py:190} INFO - [2025-09-17T11:47:09.394+0000] {dag.py:3239} INFO - Sync 4 DAGs
[2025-09-17T11:47:09.437+0000] {logging_mixin.py:190} INFO - [2025-09-17T11:47:09.437+0000] {dag.py:4180} INFO - Setting next_dagrun for dataset_alias_example_alias_consumer to None, run_after=None
[2025-09-17T11:47:09.442+0000] {logging_mixin.py:190} INFO - [2025-09-17T11:47:09.441+0000] {dag.py:4180} INFO - Setting next_dagrun for dataset_alias_example_alias_producer to None, run_after=None
[2025-09-17T11:47:09.487+0000] {logging_mixin.py:190} INFO - [2025-09-17T11:47:09.486+0000] {dag.py:4180} INFO - Setting next_dagrun for dataset_s3_bucket_consumer to None, run_after=None
[2025-09-17T11:47:09.520+0000] {logging_mixin.py:190} INFO - [2025-09-17T11:47:09.519+0000] {dag.py:4180} INFO - Setting next_dagrun for dataset_s3_bucket_producer to None, run_after=None
[2025-09-17T11:47:09.557+0000] {processor.py:208} INFO - Processing /home/airflow/.local/lib/python3.12/site-packages/airflow/example_dags/example_dataset_alias.py took 0.370 seconds
[2025-09-17T11:47:39.942+0000] {processor.py:186} INFO - Started process (PID=527) to work on /home/airflow/.local/lib/python3.12/site-packages/airflow/example_dags/example_dataset_alias.py
[2025-09-17T11:47:39.944+0000] {processor.py:914} INFO - Processing file /home/airflow/.local/lib/python3.12/site-packages/airflow/example_dags/example_dataset_alias.py for tasks to queue
[2025-09-17T11:47:39.947+0000] {logging_mixin.py:190} INFO - [2025-09-17T11:47:39.947+0000] {dagbag.py:588} INFO - Filling up the DagBag from /home/airflow/.local/lib/python3.12/site-packages/airflow/example_dags/example_dataset_alias.py
[2025-09-17T11:47:40.125+0000] {processor.py:925} INFO - DAG(s) 'dataset_s3_bucket_producer', 'dataset_s3_bucket_consumer', 'dataset_alias_example_alias_consumer', 'dataset_alias_example_alias_producer' retrieved from /home/airflow/.local/lib/python3.12/site-packages/airflow/example_dags/example_dataset_alias.py
[2025-09-17T11:47:40.147+0000] {logging_mixin.py:190} INFO - [2025-09-17T11:47:40.147+0000] {dag.py:3239} INFO - Sync 4 DAGs
[2025-09-17T11:47:40.172+0000] {logging_mixin.py:190} INFO - [2025-09-17T11:47:40.172+0000] {dag.py:4180} INFO - Setting next_dagrun for dataset_alias_example_alias_consumer to None, run_after=None
[2025-09-17T11:47:40.176+0000] {logging_mixin.py:190} INFO - [2025-09-17T11:47:40.175+0000] {dag.py:4180} INFO - Setting next_dagrun for dataset_alias_example_alias_producer to None, run_after=None
[2025-09-17T11:47:40.177+0000] {logging_mixin.py:190} INFO - [2025-09-17T11:47:40.177+0000] {dag.py:4180} INFO - Setting next_dagrun for dataset_s3_bucket_consumer to None, run_after=None
[2025-09-17T11:47:40.179+0000] {logging_mixin.py:190} INFO - [2025-09-17T11:47:40.179+0000] {dag.py:4180} INFO - Setting next_dagrun for dataset_s3_bucket_producer to None, run_after=None
[2025-09-17T11:47:40.204+0000] {processor.py:208} INFO - Processing /home/airflow/.local/lib/python3.12/site-packages/airflow/example_dags/example_dataset_alias.py took 0.270 seconds
[2025-09-17T11:48:10.283+0000] {processor.py:186} INFO - Started process (PID=589) to work on /home/airflow/.local/lib/python3.12/site-packages/airflow/example_dags/example_dataset_alias.py
[2025-09-17T11:48:10.284+0000] {processor.py:914} INFO - Processing file /home/airflow/.local/lib/python3.12/site-packages/airflow/example_dags/example_dataset_alias.py for tasks to queue
[2025-09-17T11:48:10.288+0000] {logging_mixin.py:190} INFO - [2025-09-17T11:48:10.287+0000] {dagbag.py:588} INFO - Filling up the DagBag from /home/airflow/.local/lib/python3.12/site-packages/airflow/example_dags/example_dataset_alias.py
[2025-09-17T11:48:10.484+0000] {processor.py:925} INFO - DAG(s) 'dataset_alias_example_alias_consumer', 'dataset_s3_bucket_producer', 'dataset_alias_example_alias_producer', 'dataset_s3_bucket_consumer' retrieved from /home/airflow/.local/lib/python3.12/site-packages/airflow/example_dags/example_dataset_alias.py
[2025-09-17T11:48:10.510+0000] {logging_mixin.py:190} INFO - [2025-09-17T11:48:10.510+0000] {dag.py:3239} INFO - Sync 4 DAGs
[2025-09-17T11:48:10.546+0000] {logging_mixin.py:190} INFO - [2025-09-17T11:48:10.545+0000] {dag.py:4180} INFO - Setting next_dagrun for dataset_alias_example_alias_consumer to None, run_after=None
[2025-09-17T11:48:10.549+0000] {logging_mixin.py:190} INFO - [2025-09-17T11:48:10.549+0000] {dag.py:4180} INFO - Setting next_dagrun for dataset_alias_example_alias_producer to None, run_after=None
[2025-09-17T11:48:10.551+0000] {logging_mixin.py:190} INFO - [2025-09-17T11:48:10.551+0000] {dag.py:4180} INFO - Setting next_dagrun for dataset_s3_bucket_consumer to None, run_after=None
[2025-09-17T11:48:10.553+0000] {logging_mixin.py:190} INFO - [2025-09-17T11:48:10.553+0000] {dag.py:4180} INFO - Setting next_dagrun for dataset_s3_bucket_producer to None, run_after=None
[2025-09-17T11:48:10.581+0000] {processor.py:208} INFO - Processing /home/airflow/.local/lib/python3.12/site-packages/airflow/example_dags/example_dataset_alias.py took 0.307 seconds
[2025-09-17T11:48:40.806+0000] {processor.py:186} INFO - Started process (PID=650) to work on /home/airflow/.local/lib/python3.12/site-packages/airflow/example_dags/example_dataset_alias.py
[2025-09-17T11:48:40.808+0000] {processor.py:914} INFO - Processing file /home/airflow/.local/lib/python3.12/site-packages/airflow/example_dags/example_dataset_alias.py for tasks to queue
[2025-09-17T11:48:40.812+0000] {logging_mixin.py:190} INFO - [2025-09-17T11:48:40.812+0000] {dagbag.py:588} INFO - Filling up the DagBag from /home/airflow/.local/lib/python3.12/site-packages/airflow/example_dags/example_dataset_alias.py
[2025-09-17T11:48:41.047+0000] {processor.py:925} INFO - DAG(s) 'dataset_s3_bucket_consumer', 'dataset_alias_example_alias_producer', 'dataset_s3_bucket_producer', 'dataset_alias_example_alias_consumer' retrieved from /home/airflow/.local/lib/python3.12/site-packages/airflow/example_dags/example_dataset_alias.py
[2025-09-17T11:48:41.074+0000] {logging_mixin.py:190} INFO - [2025-09-17T11:48:41.074+0000] {dag.py:3239} INFO - Sync 4 DAGs
[2025-09-17T11:48:41.100+0000] {logging_mixin.py:190} INFO - [2025-09-17T11:48:41.099+0000] {dag.py:4180} INFO - Setting next_dagrun for dataset_alias_example_alias_consumer to None, run_after=None
[2025-09-17T11:48:41.104+0000] {logging_mixin.py:190} INFO - [2025-09-17T11:48:41.104+0000] {dag.py:4180} INFO - Setting next_dagrun for dataset_alias_example_alias_producer to None, run_after=None
[2025-09-17T11:48:41.106+0000] {logging_mixin.py:190} INFO - [2025-09-17T11:48:41.106+0000] {dag.py:4180} INFO - Setting next_dagrun for dataset_s3_bucket_consumer to None, run_after=None
[2025-09-17T11:48:41.108+0000] {logging_mixin.py:190} INFO - [2025-09-17T11:48:41.107+0000] {dag.py:4180} INFO - Setting next_dagrun for dataset_s3_bucket_producer to None, run_after=None
[2025-09-17T11:48:41.139+0000] {processor.py:208} INFO - Processing /home/airflow/.local/lib/python3.12/site-packages/airflow/example_dags/example_dataset_alias.py took 0.340 seconds
[2025-09-17T11:49:11.354+0000] {processor.py:186} INFO - Started process (PID=713) to work on /home/airflow/.local/lib/python3.12/site-packages/airflow/example_dags/example_dataset_alias.py
[2025-09-17T11:49:11.355+0000] {processor.py:914} INFO - Processing file /home/airflow/.local/lib/python3.12/site-packages/airflow/example_dags/example_dataset_alias.py for tasks to queue
[2025-09-17T11:49:11.361+0000] {logging_mixin.py:190} INFO - [2025-09-17T11:49:11.361+0000] {dagbag.py:588} INFO - Filling up the DagBag from /home/airflow/.local/lib/python3.12/site-packages/airflow/example_dags/example_dataset_alias.py
[2025-09-17T11:49:11.589+0000] {processor.py:925} INFO - DAG(s) 'dataset_s3_bucket_producer', 'dataset_alias_example_alias_producer', 'dataset_s3_bucket_consumer', 'dataset_alias_example_alias_consumer' retrieved from /home/airflow/.local/lib/python3.12/site-packages/airflow/example_dags/example_dataset_alias.py
[2025-09-17T11:49:11.625+0000] {logging_mixin.py:190} INFO - [2025-09-17T11:49:11.624+0000] {dag.py:3239} INFO - Sync 4 DAGs
[2025-09-17T11:49:11.658+0000] {logging_mixin.py:190} INFO - [2025-09-17T11:49:11.657+0000] {dag.py:4180} INFO - Setting next_dagrun for dataset_alias_example_alias_consumer to None, run_after=None
[2025-09-17T11:49:11.664+0000] {logging_mixin.py:190} INFO - [2025-09-17T11:49:11.664+0000] {dag.py:4180} INFO - Setting next_dagrun for dataset_alias_example_alias_producer to None, run_after=None
[2025-09-17T11:49:11.666+0000] {logging_mixin.py:190} INFO - [2025-09-17T11:49:11.666+0000] {dag.py:4180} INFO - Setting next_dagrun for dataset_s3_bucket_consumer to None, run_after=None
[2025-09-17T11:49:11.668+0000] {logging_mixin.py:190} INFO - [2025-09-17T11:49:11.668+0000] {dag.py:4180} INFO - Setting next_dagrun for dataset_s3_bucket_producer to None, run_after=None
[2025-09-17T11:49:11.704+0000] {processor.py:208} INFO - Processing /home/airflow/.local/lib/python3.12/site-packages/airflow/example_dags/example_dataset_alias.py took 0.359 seconds
[2025-09-17T11:49:41.839+0000] {processor.py:186} INFO - Started process (PID=776) to work on /home/airflow/.local/lib/python3.12/site-packages/airflow/example_dags/example_dataset_alias.py
[2025-09-17T11:49:41.841+0000] {processor.py:914} INFO - Processing file /home/airflow/.local/lib/python3.12/site-packages/airflow/example_dags/example_dataset_alias.py for tasks to queue
[2025-09-17T11:49:41.844+0000] {logging_mixin.py:190} INFO - [2025-09-17T11:49:41.844+0000] {dagbag.py:588} INFO - Filling up the DagBag from /home/airflow/.local/lib/python3.12/site-packages/airflow/example_dags/example_dataset_alias.py
[2025-09-17T11:49:42.064+0000] {processor.py:925} INFO - DAG(s) 'dataset_alias_example_alias_producer', 'dataset_alias_example_alias_consumer', 'dataset_s3_bucket_producer', 'dataset_s3_bucket_consumer' retrieved from /home/airflow/.local/lib/python3.12/site-packages/airflow/example_dags/example_dataset_alias.py
[2025-09-17T11:49:42.094+0000] {logging_mixin.py:190} INFO - [2025-09-17T11:49:42.094+0000] {dag.py:3239} INFO - Sync 4 DAGs
[2025-09-17T11:49:42.124+0000] {logging_mixin.py:190} INFO - [2025-09-17T11:49:42.124+0000] {dag.py:4180} INFO - Setting next_dagrun for dataset_alias_example_alias_consumer to None, run_after=None
[2025-09-17T11:49:42.127+0000] {logging_mixin.py:190} INFO - [2025-09-17T11:49:42.127+0000] {dag.py:4180} INFO - Setting next_dagrun for dataset_alias_example_alias_producer to None, run_after=None
[2025-09-17T11:49:42.130+0000] {logging_mixin.py:190} INFO - [2025-09-17T11:49:42.129+0000] {dag.py:4180} INFO - Setting next_dagrun for dataset_s3_bucket_consumer to None, run_after=None
[2025-09-17T11:49:42.132+0000] {logging_mixin.py:190} INFO - [2025-09-17T11:49:42.132+0000] {dag.py:4180} INFO - Setting next_dagrun for dataset_s3_bucket_producer to None, run_after=None
[2025-09-17T11:49:42.165+0000] {processor.py:208} INFO - Processing /home/airflow/.local/lib/python3.12/site-packages/airflow/example_dags/example_dataset_alias.py took 0.336 seconds
[2025-09-17T11:50:12.568+0000] {processor.py:186} INFO - Started process (PID=836) to work on /home/airflow/.local/lib/python3.12/site-packages/airflow/example_dags/example_dataset_alias.py
[2025-09-17T11:50:12.569+0000] {processor.py:914} INFO - Processing file /home/airflow/.local/lib/python3.12/site-packages/airflow/example_dags/example_dataset_alias.py for tasks to queue
[2025-09-17T11:50:12.573+0000] {logging_mixin.py:190} INFO - [2025-09-17T11:50:12.572+0000] {dagbag.py:588} INFO - Filling up the DagBag from /home/airflow/.local/lib/python3.12/site-packages/airflow/example_dags/example_dataset_alias.py
[2025-09-17T11:50:12.800+0000] {processor.py:925} INFO - DAG(s) 'dataset_alias_example_alias_producer', 'dataset_s3_bucket_consumer', 'dataset_s3_bucket_producer', 'dataset_alias_example_alias_consumer' retrieved from /home/airflow/.local/lib/python3.12/site-packages/airflow/example_dags/example_dataset_alias.py
[2025-09-17T11:50:12.834+0000] {logging_mixin.py:190} INFO - [2025-09-17T11:50:12.834+0000] {dag.py:3239} INFO - Sync 4 DAGs
[2025-09-17T11:50:12.899+0000] {logging_mixin.py:190} INFO - [2025-09-17T11:50:12.898+0000] {dag.py:4180} INFO - Setting next_dagrun for dataset_alias_example_alias_consumer to None, run_after=None
[2025-09-17T11:50:12.904+0000] {logging_mixin.py:190} INFO - [2025-09-17T11:50:12.903+0000] {dag.py:4180} INFO - Setting next_dagrun for dataset_alias_example_alias_producer to None, run_after=None
[2025-09-17T11:50:12.906+0000] {logging_mixin.py:190} INFO - [2025-09-17T11:50:12.906+0000] {dag.py:4180} INFO - Setting next_dagrun for dataset_s3_bucket_consumer to None, run_after=None
[2025-09-17T11:50:12.910+0000] {logging_mixin.py:190} INFO - [2025-09-17T11:50:12.909+0000] {dag.py:4180} INFO - Setting next_dagrun for dataset_s3_bucket_producer to None, run_after=None
[2025-09-17T11:50:12.954+0000] {processor.py:208} INFO - Processing /home/airflow/.local/lib/python3.12/site-packages/airflow/example_dags/example_dataset_alias.py took 0.396 seconds
[2025-09-17T11:50:44.256+0000] {processor.py:186} INFO - Started process (PID=898) to work on /home/airflow/.local/lib/python3.12/site-packages/airflow/example_dags/example_dataset_alias.py
[2025-09-17T11:50:44.258+0000] {processor.py:914} INFO - Processing file /home/airflow/.local/lib/python3.12/site-packages/airflow/example_dags/example_dataset_alias.py for tasks to queue
[2025-09-17T11:50:44.263+0000] {logging_mixin.py:190} INFO - [2025-09-17T11:50:44.262+0000] {dagbag.py:588} INFO - Filling up the DagBag from /home/airflow/.local/lib/python3.12/site-packages/airflow/example_dags/example_dataset_alias.py
[2025-09-17T11:50:44.489+0000] {processor.py:925} INFO - DAG(s) 'dataset_alias_example_alias_producer', 'dataset_s3_bucket_consumer', 'dataset_alias_example_alias_consumer', 'dataset_s3_bucket_producer' retrieved from /home/airflow/.local/lib/python3.12/site-packages/airflow/example_dags/example_dataset_alias.py
[2025-09-17T11:50:44.523+0000] {logging_mixin.py:190} INFO - [2025-09-17T11:50:44.522+0000] {dag.py:3239} INFO - Sync 4 DAGs
[2025-09-17T11:50:44.562+0000] {logging_mixin.py:190} INFO - [2025-09-17T11:50:44.561+0000] {dag.py:4180} INFO - Setting next_dagrun for dataset_alias_example_alias_consumer to None, run_after=None
[2025-09-17T11:50:44.566+0000] {logging_mixin.py:190} INFO - [2025-09-17T11:50:44.565+0000] {dag.py:4180} INFO - Setting next_dagrun for dataset_alias_example_alias_producer to None, run_after=None
[2025-09-17T11:50:44.569+0000] {logging_mixin.py:190} INFO - [2025-09-17T11:50:44.568+0000] {dag.py:4180} INFO - Setting next_dagrun for dataset_s3_bucket_consumer to None, run_after=None
[2025-09-17T11:50:44.572+0000] {logging_mixin.py:190} INFO - [2025-09-17T11:50:44.571+0000] {dag.py:4180} INFO - Setting next_dagrun for dataset_s3_bucket_producer to None, run_after=None
[2025-09-17T11:50:44.605+0000] {processor.py:208} INFO - Processing /home/airflow/.local/lib/python3.12/site-packages/airflow/example_dags/example_dataset_alias.py took 0.358 seconds
[2025-09-17T11:51:14.741+0000] {processor.py:186} INFO - Started process (PID=961) to work on /home/airflow/.local/lib/python3.12/site-packages/airflow/example_dags/example_dataset_alias.py
[2025-09-17T11:51:14.743+0000] {processor.py:914} INFO - Processing file /home/airflow/.local/lib/python3.12/site-packages/airflow/example_dags/example_dataset_alias.py for tasks to queue
[2025-09-17T11:51:14.746+0000] {logging_mixin.py:190} INFO - [2025-09-17T11:51:14.746+0000] {dagbag.py:588} INFO - Filling up the DagBag from /home/airflow/.local/lib/python3.12/site-packages/airflow/example_dags/example_dataset_alias.py
[2025-09-17T11:51:14.958+0000] {processor.py:925} INFO - DAG(s) 'dataset_s3_bucket_producer', 'dataset_alias_example_alias_consumer', 'dataset_s3_bucket_consumer', 'dataset_alias_example_alias_producer' retrieved from /home/airflow/.local/lib/python3.12/site-packages/airflow/example_dags/example_dataset_alias.py
[2025-09-17T11:51:14.984+0000] {logging_mixin.py:190} INFO - [2025-09-17T11:51:14.984+0000] {dag.py:3239} INFO - Sync 4 DAGs
[2025-09-17T11:51:15.014+0000] {logging_mixin.py:190} INFO - [2025-09-17T11:51:15.014+0000] {dag.py:4180} INFO - Setting next_dagrun for dataset_alias_example_alias_consumer to None, run_after=None
[2025-09-17T11:51:15.021+0000] {logging_mixin.py:190} INFO - [2025-09-17T11:51:15.020+0000] {dag.py:4180} INFO - Setting next_dagrun for dataset_alias_example_alias_producer to None, run_after=None
[2025-09-17T11:51:15.023+0000] {logging_mixin.py:190} INFO - [2025-09-17T11:51:15.023+0000] {dag.py:4180} INFO - Setting next_dagrun for dataset_s3_bucket_consumer to None, run_after=None
[2025-09-17T11:51:15.025+0000] {logging_mixin.py:190} INFO - [2025-09-17T11:51:15.025+0000] {dag.py:4180} INFO - Setting next_dagrun for dataset_s3_bucket_producer to None, run_after=None
[2025-09-17T11:51:15.058+0000] {processor.py:208} INFO - Processing /home/airflow/.local/lib/python3.12/site-packages/airflow/example_dags/example_dataset_alias.py took 0.325 seconds
[2025-09-17T11:51:45.361+0000] {processor.py:186} INFO - Started process (PID=1025) to work on /home/airflow/.local/lib/python3.12/site-packages/airflow/example_dags/example_dataset_alias.py
[2025-09-17T11:51:45.362+0000] {processor.py:914} INFO - Processing file /home/airflow/.local/lib/python3.12/site-packages/airflow/example_dags/example_dataset_alias.py for tasks to queue
[2025-09-17T11:51:45.366+0000] {logging_mixin.py:190} INFO - [2025-09-17T11:51:45.365+0000] {dagbag.py:588} INFO - Filling up the DagBag from /home/airflow/.local/lib/python3.12/site-packages/airflow/example_dags/example_dataset_alias.py
[2025-09-17T11:51:45.559+0000] {processor.py:925} INFO - DAG(s) 'dataset_alias_example_alias_producer', 'dataset_s3_bucket_consumer', 'dataset_alias_example_alias_consumer', 'dataset_s3_bucket_producer' retrieved from /home/airflow/.local/lib/python3.12/site-packages/airflow/example_dags/example_dataset_alias.py
[2025-09-17T11:51:45.585+0000] {logging_mixin.py:190} INFO - [2025-09-17T11:51:45.585+0000] {dag.py:3239} INFO - Sync 4 DAGs
[2025-09-17T11:51:45.610+0000] {logging_mixin.py:190} INFO - [2025-09-17T11:51:45.610+0000] {dag.py:4180} INFO - Setting next_dagrun for dataset_alias_example_alias_consumer to None, run_after=None
[2025-09-17T11:51:45.614+0000] {logging_mixin.py:190} INFO - [2025-09-17T11:51:45.613+0000] {dag.py:4180} INFO - Setting next_dagrun for dataset_alias_example_alias_producer to None, run_after=None
[2025-09-17T11:51:45.616+0000] {logging_mixin.py:190} INFO - [2025-09-17T11:51:45.616+0000] {dag.py:4180} INFO - Setting next_dagrun for dataset_s3_bucket_consumer to None, run_after=None
[2025-09-17T11:51:45.618+0000] {logging_mixin.py:190} INFO - [2025-09-17T11:51:45.618+0000] {dag.py:4180} INFO - Setting next_dagrun for dataset_s3_bucket_producer to None, run_after=None
[2025-09-17T11:51:45.647+0000] {processor.py:208} INFO - Processing /home/airflow/.local/lib/python3.12/site-packages/airflow/example_dags/example_dataset_alias.py took 0.294 seconds
[2025-09-17T11:52:15.834+0000] {processor.py:186} INFO - Started process (PID=1089) to work on /home/airflow/.local/lib/python3.12/site-packages/airflow/example_dags/example_dataset_alias.py
[2025-09-17T11:52:15.837+0000] {processor.py:914} INFO - Processing file /home/airflow/.local/lib/python3.12/site-packages/airflow/example_dags/example_dataset_alias.py for tasks to queue
[2025-09-17T11:52:15.844+0000] {logging_mixin.py:190} INFO - [2025-09-17T11:52:15.843+0000] {dagbag.py:588} INFO - Filling up the DagBag from /home/airflow/.local/lib/python3.12/site-packages/airflow/example_dags/example_dataset_alias.py
[2025-09-17T11:52:16.057+0000] {processor.py:925} INFO - DAG(s) 'dataset_alias_example_alias_producer', 'dataset_s3_bucket_producer', 'dataset_s3_bucket_consumer', 'dataset_alias_example_alias_consumer' retrieved from /home/airflow/.local/lib/python3.12/site-packages/airflow/example_dags/example_dataset_alias.py
[2025-09-17T11:52:16.078+0000] {logging_mixin.py:190} INFO - [2025-09-17T11:52:16.077+0000] {dag.py:3239} INFO - Sync 4 DAGs
[2025-09-17T11:52:16.101+0000] {logging_mixin.py:190} INFO - [2025-09-17T11:52:16.101+0000] {dag.py:4180} INFO - Setting next_dagrun for dataset_alias_example_alias_consumer to None, run_after=None
[2025-09-17T11:52:16.104+0000] {logging_mixin.py:190} INFO - [2025-09-17T11:52:16.104+0000] {dag.py:4180} INFO - Setting next_dagrun for dataset_alias_example_alias_producer to None, run_after=None
[2025-09-17T11:52:16.106+0000] {logging_mixin.py:190} INFO - [2025-09-17T11:52:16.106+0000] {dag.py:4180} INFO - Setting next_dagrun for dataset_s3_bucket_consumer to None, run_after=None
[2025-09-17T11:52:16.108+0000] {logging_mixin.py:190} INFO - [2025-09-17T11:52:16.108+0000] {dag.py:4180} INFO - Setting next_dagrun for dataset_s3_bucket_producer to None, run_after=None
[2025-09-17T11:52:16.134+0000] {processor.py:208} INFO - Processing /home/airflow/.local/lib/python3.12/site-packages/airflow/example_dags/example_dataset_alias.py took 0.310 seconds
[2025-09-17T11:52:46.299+0000] {processor.py:186} INFO - Started process (PID=1148) to work on /home/airflow/.local/lib/python3.12/site-packages/airflow/example_dags/example_dataset_alias.py
[2025-09-17T11:52:46.301+0000] {processor.py:914} INFO - Processing file /home/airflow/.local/lib/python3.12/site-packages/airflow/example_dags/example_dataset_alias.py for tasks to queue
[2025-09-17T11:52:46.305+0000] {logging_mixin.py:190} INFO - [2025-09-17T11:52:46.304+0000] {dagbag.py:588} INFO - Filling up the DagBag from /home/airflow/.local/lib/python3.12/site-packages/airflow/example_dags/example_dataset_alias.py
[2025-09-17T11:52:46.537+0000] {processor.py:925} INFO - DAG(s) 'dataset_alias_example_alias_producer', 'dataset_s3_bucket_consumer', 'dataset_alias_example_alias_consumer', 'dataset_s3_bucket_producer' retrieved from /home/airflow/.local/lib/python3.12/site-packages/airflow/example_dags/example_dataset_alias.py
[2025-09-17T11:52:46.571+0000] {logging_mixin.py:190} INFO - [2025-09-17T11:52:46.570+0000] {dag.py:3239} INFO - Sync 4 DAGs
[2025-09-17T11:52:46.608+0000] {logging_mixin.py:190} INFO - [2025-09-17T11:52:46.608+0000] {dag.py:4180} INFO - Setting next_dagrun for dataset_alias_example_alias_consumer to None, run_after=None
[2025-09-17T11:52:46.612+0000] {logging_mixin.py:190} INFO - [2025-09-17T11:52:46.612+0000] {dag.py:4180} INFO - Setting next_dagrun for dataset_alias_example_alias_producer to None, run_after=None
[2025-09-17T11:52:46.614+0000] {logging_mixin.py:190} INFO - [2025-09-17T11:52:46.614+0000] {dag.py:4180} INFO - Setting next_dagrun for dataset_s3_bucket_consumer to None, run_after=None
[2025-09-17T11:52:46.616+0000] {logging_mixin.py:190} INFO - [2025-09-17T11:52:46.616+0000] {dag.py:4180} INFO - Setting next_dagrun for dataset_s3_bucket_producer to None, run_after=None
[2025-09-17T11:52:46.646+0000] {processor.py:208} INFO - Processing /home/airflow/.local/lib/python3.12/site-packages/airflow/example_dags/example_dataset_alias.py took 0.355 seconds
[2025-09-17T11:53:16.981+0000] {processor.py:186} INFO - Started process (PID=1210) to work on /home/airflow/.local/lib/python3.12/site-packages/airflow/example_dags/example_dataset_alias.py
[2025-09-17T11:53:16.984+0000] {processor.py:914} INFO - Processing file /home/airflow/.local/lib/python3.12/site-packages/airflow/example_dags/example_dataset_alias.py for tasks to queue
[2025-09-17T11:53:16.987+0000] {logging_mixin.py:190} INFO - [2025-09-17T11:53:16.987+0000] {dagbag.py:588} INFO - Filling up the DagBag from /home/airflow/.local/lib/python3.12/site-packages/airflow/example_dags/example_dataset_alias.py
[2025-09-17T11:53:17.220+0000] {processor.py:925} INFO - DAG(s) 'dataset_s3_bucket_producer', 'dataset_alias_example_alias_consumer', 'dataset_alias_example_alias_producer', 'dataset_s3_bucket_consumer' retrieved from /home/airflow/.local/lib/python3.12/site-packages/airflow/example_dags/example_dataset_alias.py
[2025-09-17T11:53:17.251+0000] {logging_mixin.py:190} INFO - [2025-09-17T11:53:17.251+0000] {dag.py:3239} INFO - Sync 4 DAGs
[2025-09-17T11:53:17.281+0000] {logging_mixin.py:190} INFO - [2025-09-17T11:53:17.281+0000] {dag.py:4180} INFO - Setting next_dagrun for dataset_alias_example_alias_consumer to None, run_after=None
[2025-09-17T11:53:17.285+0000] {logging_mixin.py:190} INFO - [2025-09-17T11:53:17.285+0000] {dag.py:4180} INFO - Setting next_dagrun for dataset_alias_example_alias_producer to None, run_after=None
[2025-09-17T11:53:17.287+0000] {logging_mixin.py:190} INFO - [2025-09-17T11:53:17.287+0000] {dag.py:4180} INFO - Setting next_dagrun for dataset_s3_bucket_consumer to None, run_after=None
[2025-09-17T11:53:17.289+0000] {logging_mixin.py:190} INFO - [2025-09-17T11:53:17.289+0000] {dag.py:4180} INFO - Setting next_dagrun for dataset_s3_bucket_producer to None, run_after=None
[2025-09-17T11:53:17.320+0000] {processor.py:208} INFO - Processing /home/airflow/.local/lib/python3.12/site-packages/airflow/example_dags/example_dataset_alias.py took 0.349 seconds
