[2025-09-17T11:43:35.503+0000] {processor.py:186} INFO - Started process (PID=202) to work on /home/airflow/.local/lib/python3.12/site-packages/airflow/example_dags/example_inlet_event_extra.py
[2025-09-17T11:43:35.505+0000] {processor.py:914} INFO - Processing file /home/airflow/.local/lib/python3.12/site-packages/airflow/example_dags/example_inlet_event_extra.py for tasks to queue
[2025-09-17T11:43:35.509+0000] {logging_mixin.py:190} INFO - [2025-09-17T11:43:35.508+0000] {dagbag.py:588} INFO - Filling up the DagBag from /home/airflow/.local/lib/python3.12/site-packages/airflow/example_dags/example_inlet_event_extra.py
[2025-09-17T11:43:35.704+0000] {processor.py:925} INFO - DAG(s) 'read_dataset_event_from_classic', 'read_dataset_event' retrieved from /home/airflow/.local/lib/python3.12/site-packages/airflow/example_dags/example_inlet_event_extra.py
[2025-09-17T11:43:35.873+0000] {logging_mixin.py:190} INFO - [2025-09-17T11:43:35.872+0000] {override.py:1900} INFO - Created Permission View: can delete on DAG:read_dataset_event_from_classic
[2025-09-17T11:43:35.891+0000] {logging_mixin.py:190} INFO - [2025-09-17T11:43:35.890+0000] {override.py:1900} INFO - Created Permission View: can edit on DAG:read_dataset_event_from_classic
[2025-09-17T11:43:35.905+0000] {logging_mixin.py:190} INFO - [2025-09-17T11:43:35.905+0000] {override.py:1900} INFO - Created Permission View: can read on DAG:read_dataset_event_from_classic
[2025-09-17T11:43:35.920+0000] {logging_mixin.py:190} INFO - [2025-09-17T11:43:35.919+0000] {override.py:1900} INFO - Created Permission View: can delete on DAG Run:read_dataset_event_from_classic
[2025-09-17T11:43:35.930+0000] {logging_mixin.py:190} INFO - [2025-09-17T11:43:35.930+0000] {override.py:1900} INFO - Created Permission View: menu access on DAG Run:read_dataset_event_from_classic
[2025-09-17T11:43:35.939+0000] {logging_mixin.py:190} INFO - [2025-09-17T11:43:35.938+0000] {override.py:1900} INFO - Created Permission View: can read on DAG Run:read_dataset_event_from_classic
[2025-09-17T11:43:35.947+0000] {logging_mixin.py:190} INFO - [2025-09-17T11:43:35.946+0000] {override.py:1900} INFO - Created Permission View: can create on DAG Run:read_dataset_event_from_classic
[2025-09-17T11:43:35.965+0000] {logging_mixin.py:190} INFO - [2025-09-17T11:43:35.965+0000] {override.py:1900} INFO - Created Permission View: can delete on DAG:read_dataset_event
[2025-09-17T11:43:35.976+0000] {logging_mixin.py:190} INFO - [2025-09-17T11:43:35.976+0000] {override.py:1900} INFO - Created Permission View: can edit on DAG:read_dataset_event
[2025-09-17T11:43:35.984+0000] {logging_mixin.py:190} INFO - [2025-09-17T11:43:35.984+0000] {override.py:1900} INFO - Created Permission View: can read on DAG:read_dataset_event
[2025-09-17T11:43:35.996+0000] {logging_mixin.py:190} INFO - [2025-09-17T11:43:35.995+0000] {override.py:1900} INFO - Created Permission View: can delete on DAG Run:read_dataset_event
[2025-09-17T11:43:36.008+0000] {logging_mixin.py:190} INFO - [2025-09-17T11:43:36.007+0000] {override.py:1900} INFO - Created Permission View: menu access on DAG Run:read_dataset_event
[2025-09-17T11:43:36.020+0000] {logging_mixin.py:190} INFO - [2025-09-17T11:43:36.019+0000] {override.py:1900} INFO - Created Permission View: can read on DAG Run:read_dataset_event
[2025-09-17T11:43:36.030+0000] {logging_mixin.py:190} INFO - [2025-09-17T11:43:36.030+0000] {override.py:1900} INFO - Created Permission View: can create on DAG Run:read_dataset_event
[2025-09-17T11:43:36.031+0000] {logging_mixin.py:190} INFO - [2025-09-17T11:43:36.031+0000] {dag.py:3239} INFO - Sync 2 DAGs
[2025-09-17T11:43:36.048+0000] {logging_mixin.py:190} INFO - [2025-09-17T11:43:36.048+0000] {dag.py:3262} INFO - Creating ORM DAG for read_dataset_event
[2025-09-17T11:43:36.049+0000] {logging_mixin.py:190} INFO - [2025-09-17T11:43:36.049+0000] {dag.py:3262} INFO - Creating ORM DAG for read_dataset_event_from_classic
[2025-09-17T11:43:36.063+0000] {logging_mixin.py:190} INFO - [2025-09-17T11:43:36.063+0000] {dag.py:4180} INFO - Setting next_dagrun for read_dataset_event to 2025-09-16 00:00:00+00:00, run_after=2025-09-17 00:00:00+00:00
[2025-09-17T11:43:36.066+0000] {logging_mixin.py:190} INFO - [2025-09-17T11:43:36.065+0000] {dag.py:4180} INFO - Setting next_dagrun for read_dataset_event_from_classic to 2025-09-16 00:00:00+00:00, run_after=2025-09-17 00:00:00+00:00
[2025-09-17T11:43:36.086+0000] {processor.py:208} INFO - Processing /home/airflow/.local/lib/python3.12/site-packages/airflow/example_dags/example_inlet_event_extra.py took 0.590 seconds
[2025-09-17T11:44:06.380+0000] {processor.py:186} INFO - Started process (PID=110) to work on /home/airflow/.local/lib/python3.12/site-packages/airflow/example_dags/example_inlet_event_extra.py
[2025-09-17T11:44:06.382+0000] {processor.py:914} INFO - Processing file /home/airflow/.local/lib/python3.12/site-packages/airflow/example_dags/example_inlet_event_extra.py for tasks to queue
[2025-09-17T11:44:06.385+0000] {logging_mixin.py:190} INFO - [2025-09-17T11:44:06.384+0000] {dagbag.py:588} INFO - Filling up the DagBag from /home/airflow/.local/lib/python3.12/site-packages/airflow/example_dags/example_inlet_event_extra.py
[2025-09-17T11:44:06.566+0000] {processor.py:925} INFO - DAG(s) 'read_dataset_event_from_classic', 'read_dataset_event' retrieved from /home/airflow/.local/lib/python3.12/site-packages/airflow/example_dags/example_inlet_event_extra.py
[2025-09-17T11:44:06.594+0000] {logging_mixin.py:190} INFO - [2025-09-17T11:44:06.593+0000] {dag.py:3239} INFO - Sync 2 DAGs
[2025-09-17T11:44:06.622+0000] {logging_mixin.py:190} INFO - [2025-09-17T11:44:06.622+0000] {dag.py:4180} INFO - Setting next_dagrun for read_dataset_event to 2025-09-16 00:00:00+00:00, run_after=2025-09-17 00:00:00+00:00
[2025-09-17T11:44:06.631+0000] {logging_mixin.py:190} INFO - [2025-09-17T11:44:06.630+0000] {dag.py:4180} INFO - Setting next_dagrun for read_dataset_event_from_classic to 2025-09-16 00:00:00+00:00, run_after=2025-09-17 00:00:00+00:00
[2025-09-17T11:44:06.653+0000] {processor.py:208} INFO - Processing /home/airflow/.local/lib/python3.12/site-packages/airflow/example_dags/example_inlet_event_extra.py took 0.280 seconds
[2025-09-17T11:44:37.295+0000] {processor.py:186} INFO - Started process (PID=172) to work on /home/airflow/.local/lib/python3.12/site-packages/airflow/example_dags/example_inlet_event_extra.py
[2025-09-17T11:44:37.297+0000] {processor.py:914} INFO - Processing file /home/airflow/.local/lib/python3.12/site-packages/airflow/example_dags/example_inlet_event_extra.py for tasks to queue
[2025-09-17T11:44:37.300+0000] {logging_mixin.py:190} INFO - [2025-09-17T11:44:37.300+0000] {dagbag.py:588} INFO - Filling up the DagBag from /home/airflow/.local/lib/python3.12/site-packages/airflow/example_dags/example_inlet_event_extra.py
[2025-09-17T11:44:37.553+0000] {processor.py:925} INFO - DAG(s) 'read_dataset_event_from_classic', 'read_dataset_event' retrieved from /home/airflow/.local/lib/python3.12/site-packages/airflow/example_dags/example_inlet_event_extra.py
[2025-09-17T11:44:37.588+0000] {logging_mixin.py:190} INFO - [2025-09-17T11:44:37.588+0000] {dag.py:3239} INFO - Sync 2 DAGs
[2025-09-17T11:44:37.626+0000] {logging_mixin.py:190} INFO - [2025-09-17T11:44:37.626+0000] {dag.py:4180} INFO - Setting next_dagrun for read_dataset_event to 2025-09-16 00:00:00+00:00, run_after=2025-09-17 00:00:00+00:00
[2025-09-17T11:44:37.633+0000] {logging_mixin.py:190} INFO - [2025-09-17T11:44:37.633+0000] {dag.py:4180} INFO - Setting next_dagrun for read_dataset_event_from_classic to 2025-09-16 00:00:00+00:00, run_after=2025-09-17 00:00:00+00:00
[2025-09-17T11:44:37.684+0000] {processor.py:208} INFO - Processing /home/airflow/.local/lib/python3.12/site-packages/airflow/example_dags/example_inlet_event_extra.py took 0.397 seconds
[2025-09-17T11:45:08.025+0000] {processor.py:186} INFO - Started process (PID=234) to work on /home/airflow/.local/lib/python3.12/site-packages/airflow/example_dags/example_inlet_event_extra.py
[2025-09-17T11:45:08.026+0000] {processor.py:914} INFO - Processing file /home/airflow/.local/lib/python3.12/site-packages/airflow/example_dags/example_inlet_event_extra.py for tasks to queue
[2025-09-17T11:45:08.030+0000] {logging_mixin.py:190} INFO - [2025-09-17T11:45:08.029+0000] {dagbag.py:588} INFO - Filling up the DagBag from /home/airflow/.local/lib/python3.12/site-packages/airflow/example_dags/example_inlet_event_extra.py
[2025-09-17T11:45:08.196+0000] {processor.py:925} INFO - DAG(s) 'read_dataset_event', 'read_dataset_event_from_classic' retrieved from /home/airflow/.local/lib/python3.12/site-packages/airflow/example_dags/example_inlet_event_extra.py
[2025-09-17T11:45:08.222+0000] {logging_mixin.py:190} INFO - [2025-09-17T11:45:08.222+0000] {dag.py:3239} INFO - Sync 2 DAGs
[2025-09-17T11:45:08.251+0000] {logging_mixin.py:190} INFO - [2025-09-17T11:45:08.250+0000] {dag.py:4180} INFO - Setting next_dagrun for read_dataset_event to 2025-09-16 00:00:00+00:00, run_after=2025-09-17 00:00:00+00:00
[2025-09-17T11:45:08.256+0000] {logging_mixin.py:190} INFO - [2025-09-17T11:45:08.256+0000] {dag.py:4180} INFO - Setting next_dagrun for read_dataset_event_from_classic to 2025-09-16 00:00:00+00:00, run_after=2025-09-17 00:00:00+00:00
[2025-09-17T11:45:08.276+0000] {processor.py:208} INFO - Processing /home/airflow/.local/lib/python3.12/site-packages/airflow/example_dags/example_inlet_event_extra.py took 0.258 seconds
[2025-09-17T11:45:39.184+0000] {processor.py:186} INFO - Started process (PID=296) to work on /home/airflow/.local/lib/python3.12/site-packages/airflow/example_dags/example_inlet_event_extra.py
[2025-09-17T11:45:39.186+0000] {processor.py:914} INFO - Processing file /home/airflow/.local/lib/python3.12/site-packages/airflow/example_dags/example_inlet_event_extra.py for tasks to queue
[2025-09-17T11:45:39.190+0000] {logging_mixin.py:190} INFO - [2025-09-17T11:45:39.190+0000] {dagbag.py:588} INFO - Filling up the DagBag from /home/airflow/.local/lib/python3.12/site-packages/airflow/example_dags/example_inlet_event_extra.py
[2025-09-17T11:45:39.379+0000] {processor.py:925} INFO - DAG(s) 'read_dataset_event', 'read_dataset_event_from_classic' retrieved from /home/airflow/.local/lib/python3.12/site-packages/airflow/example_dags/example_inlet_event_extra.py
[2025-09-17T11:45:39.410+0000] {logging_mixin.py:190} INFO - [2025-09-17T11:45:39.410+0000] {dag.py:3239} INFO - Sync 2 DAGs
[2025-09-17T11:45:39.446+0000] {logging_mixin.py:190} INFO - [2025-09-17T11:45:39.446+0000] {dag.py:4180} INFO - Setting next_dagrun for read_dataset_event to 2025-09-16 00:00:00+00:00, run_after=2025-09-17 00:00:00+00:00
[2025-09-17T11:45:39.452+0000] {logging_mixin.py:190} INFO - [2025-09-17T11:45:39.452+0000] {dag.py:4180} INFO - Setting next_dagrun for read_dataset_event_from_classic to 2025-09-16 00:00:00+00:00, run_after=2025-09-17 00:00:00+00:00
[2025-09-17T11:45:39.475+0000] {processor.py:208} INFO - Processing /home/airflow/.local/lib/python3.12/site-packages/airflow/example_dags/example_inlet_event_extra.py took 0.300 seconds
[2025-09-17T11:46:10.248+0000] {processor.py:186} INFO - Started process (PID=359) to work on /home/airflow/.local/lib/python3.12/site-packages/airflow/example_dags/example_inlet_event_extra.py
[2025-09-17T11:46:10.249+0000] {processor.py:914} INFO - Processing file /home/airflow/.local/lib/python3.12/site-packages/airflow/example_dags/example_inlet_event_extra.py for tasks to queue
[2025-09-17T11:46:10.252+0000] {logging_mixin.py:190} INFO - [2025-09-17T11:46:10.252+0000] {dagbag.py:588} INFO - Filling up the DagBag from /home/airflow/.local/lib/python3.12/site-packages/airflow/example_dags/example_inlet_event_extra.py
[2025-09-17T11:46:10.500+0000] {processor.py:925} INFO - DAG(s) 'read_dataset_event', 'read_dataset_event_from_classic' retrieved from /home/airflow/.local/lib/python3.12/site-packages/airflow/example_dags/example_inlet_event_extra.py
[2025-09-17T11:46:10.541+0000] {logging_mixin.py:190} INFO - [2025-09-17T11:46:10.540+0000] {dag.py:3239} INFO - Sync 2 DAGs
[2025-09-17T11:46:10.580+0000] {logging_mixin.py:190} INFO - [2025-09-17T11:46:10.579+0000] {dag.py:4180} INFO - Setting next_dagrun for read_dataset_event to 2025-09-16 00:00:00+00:00, run_after=2025-09-17 00:00:00+00:00
[2025-09-17T11:46:10.587+0000] {logging_mixin.py:190} INFO - [2025-09-17T11:46:10.586+0000] {dag.py:4180} INFO - Setting next_dagrun for read_dataset_event_from_classic to 2025-09-16 00:00:00+00:00, run_after=2025-09-17 00:00:00+00:00
[2025-09-17T11:46:10.614+0000] {processor.py:208} INFO - Processing /home/airflow/.local/lib/python3.12/site-packages/airflow/example_dags/example_inlet_event_extra.py took 0.379 seconds
[2025-09-17T11:46:41.497+0000] {processor.py:186} INFO - Started process (PID=421) to work on /home/airflow/.local/lib/python3.12/site-packages/airflow/example_dags/example_inlet_event_extra.py
[2025-09-17T11:46:41.499+0000] {processor.py:914} INFO - Processing file /home/airflow/.local/lib/python3.12/site-packages/airflow/example_dags/example_inlet_event_extra.py for tasks to queue
[2025-09-17T11:46:41.502+0000] {logging_mixin.py:190} INFO - [2025-09-17T11:46:41.501+0000] {dagbag.py:588} INFO - Filling up the DagBag from /home/airflow/.local/lib/python3.12/site-packages/airflow/example_dags/example_inlet_event_extra.py
[2025-09-17T11:46:41.686+0000] {processor.py:925} INFO - DAG(s) 'read_dataset_event', 'read_dataset_event_from_classic' retrieved from /home/airflow/.local/lib/python3.12/site-packages/airflow/example_dags/example_inlet_event_extra.py
[2025-09-17T11:46:41.756+0000] {logging_mixin.py:190} INFO - [2025-09-17T11:46:41.756+0000] {dag.py:3239} INFO - Sync 2 DAGs
[2025-09-17T11:46:41.796+0000] {logging_mixin.py:190} INFO - [2025-09-17T11:46:41.796+0000] {dag.py:4180} INFO - Setting next_dagrun for read_dataset_event to 2025-09-16 00:00:00+00:00, run_after=2025-09-17 00:00:00+00:00
[2025-09-17T11:46:41.802+0000] {logging_mixin.py:190} INFO - [2025-09-17T11:46:41.802+0000] {dag.py:4180} INFO - Setting next_dagrun for read_dataset_event_from_classic to 2025-09-16 00:00:00+00:00, run_after=2025-09-17 00:00:00+00:00
[2025-09-17T11:46:41.832+0000] {processor.py:208} INFO - Processing /home/airflow/.local/lib/python3.12/site-packages/airflow/example_dags/example_inlet_event_extra.py took 0.343 seconds
[2025-09-17T11:47:12.059+0000] {processor.py:186} INFO - Started process (PID=483) to work on /home/airflow/.local/lib/python3.12/site-packages/airflow/example_dags/example_inlet_event_extra.py
[2025-09-17T11:47:12.061+0000] {processor.py:914} INFO - Processing file /home/airflow/.local/lib/python3.12/site-packages/airflow/example_dags/example_inlet_event_extra.py for tasks to queue
[2025-09-17T11:47:12.064+0000] {logging_mixin.py:190} INFO - [2025-09-17T11:47:12.063+0000] {dagbag.py:588} INFO - Filling up the DagBag from /home/airflow/.local/lib/python3.12/site-packages/airflow/example_dags/example_inlet_event_extra.py
[2025-09-17T11:47:12.226+0000] {processor.py:925} INFO - DAG(s) 'read_dataset_event', 'read_dataset_event_from_classic' retrieved from /home/airflow/.local/lib/python3.12/site-packages/airflow/example_dags/example_inlet_event_extra.py
[2025-09-17T11:47:12.261+0000] {logging_mixin.py:190} INFO - [2025-09-17T11:47:12.261+0000] {dag.py:3239} INFO - Sync 2 DAGs
[2025-09-17T11:47:12.300+0000] {logging_mixin.py:190} INFO - [2025-09-17T11:47:12.300+0000] {dag.py:4180} INFO - Setting next_dagrun for read_dataset_event to 2025-09-16 00:00:00+00:00, run_after=2025-09-17 00:00:00+00:00
[2025-09-17T11:47:12.308+0000] {logging_mixin.py:190} INFO - [2025-09-17T11:47:12.308+0000] {dag.py:4180} INFO - Setting next_dagrun for read_dataset_event_from_classic to 2025-09-16 00:00:00+00:00, run_after=2025-09-17 00:00:00+00:00
[2025-09-17T11:47:12.332+0000] {processor.py:208} INFO - Processing /home/airflow/.local/lib/python3.12/site-packages/airflow/example_dags/example_inlet_event_extra.py took 0.284 seconds
[2025-09-17T11:47:42.801+0000] {processor.py:186} INFO - Started process (PID=546) to work on /home/airflow/.local/lib/python3.12/site-packages/airflow/example_dags/example_inlet_event_extra.py
[2025-09-17T11:47:42.803+0000] {processor.py:914} INFO - Processing file /home/airflow/.local/lib/python3.12/site-packages/airflow/example_dags/example_inlet_event_extra.py for tasks to queue
[2025-09-17T11:47:42.806+0000] {logging_mixin.py:190} INFO - [2025-09-17T11:47:42.805+0000] {dagbag.py:588} INFO - Filling up the DagBag from /home/airflow/.local/lib/python3.12/site-packages/airflow/example_dags/example_inlet_event_extra.py
[2025-09-17T11:47:42.985+0000] {processor.py:925} INFO - DAG(s) 'read_dataset_event', 'read_dataset_event_from_classic' retrieved from /home/airflow/.local/lib/python3.12/site-packages/airflow/example_dags/example_inlet_event_extra.py
[2025-09-17T11:47:43.014+0000] {logging_mixin.py:190} INFO - [2025-09-17T11:47:43.013+0000] {dag.py:3239} INFO - Sync 2 DAGs
[2025-09-17T11:47:43.044+0000] {logging_mixin.py:190} INFO - [2025-09-17T11:47:43.044+0000] {dag.py:4180} INFO - Setting next_dagrun for read_dataset_event to 2025-09-16 00:00:00+00:00, run_after=2025-09-17 00:00:00+00:00
[2025-09-17T11:47:43.051+0000] {logging_mixin.py:190} INFO - [2025-09-17T11:47:43.051+0000] {dag.py:4180} INFO - Setting next_dagrun for read_dataset_event_from_classic to 2025-09-16 00:00:00+00:00, run_after=2025-09-17 00:00:00+00:00
[2025-09-17T11:47:43.073+0000] {processor.py:208} INFO - Processing /home/airflow/.local/lib/python3.12/site-packages/airflow/example_dags/example_inlet_event_extra.py took 0.279 seconds
[2025-09-17T11:48:13.144+0000] {processor.py:186} INFO - Started process (PID=607) to work on /home/airflow/.local/lib/python3.12/site-packages/airflow/example_dags/example_inlet_event_extra.py
[2025-09-17T11:48:13.146+0000] {processor.py:914} INFO - Processing file /home/airflow/.local/lib/python3.12/site-packages/airflow/example_dags/example_inlet_event_extra.py for tasks to queue
[2025-09-17T11:48:13.149+0000] {logging_mixin.py:190} INFO - [2025-09-17T11:48:13.149+0000] {dagbag.py:588} INFO - Filling up the DagBag from /home/airflow/.local/lib/python3.12/site-packages/airflow/example_dags/example_inlet_event_extra.py
[2025-09-17T11:48:13.356+0000] {processor.py:925} INFO - DAG(s) 'read_dataset_event_from_classic', 'read_dataset_event' retrieved from /home/airflow/.local/lib/python3.12/site-packages/airflow/example_dags/example_inlet_event_extra.py
[2025-09-17T11:48:13.387+0000] {logging_mixin.py:190} INFO - [2025-09-17T11:48:13.387+0000] {dag.py:3239} INFO - Sync 2 DAGs
[2025-09-17T11:48:13.432+0000] {logging_mixin.py:190} INFO - [2025-09-17T11:48:13.432+0000] {dag.py:4180} INFO - Setting next_dagrun for read_dataset_event to 2025-09-16 00:00:00+00:00, run_after=2025-09-17 00:00:00+00:00
[2025-09-17T11:48:13.441+0000] {logging_mixin.py:190} INFO - [2025-09-17T11:48:13.440+0000] {dag.py:4180} INFO - Setting next_dagrun for read_dataset_event_from_classic to 2025-09-16 00:00:00+00:00, run_after=2025-09-17 00:00:00+00:00
[2025-09-17T11:48:13.463+0000] {processor.py:208} INFO - Processing /home/airflow/.local/lib/python3.12/site-packages/airflow/example_dags/example_inlet_event_extra.py took 0.326 seconds
[2025-09-17T11:48:43.900+0000] {processor.py:186} INFO - Started process (PID=670) to work on /home/airflow/.local/lib/python3.12/site-packages/airflow/example_dags/example_inlet_event_extra.py
[2025-09-17T11:48:43.901+0000] {processor.py:914} INFO - Processing file /home/airflow/.local/lib/python3.12/site-packages/airflow/example_dags/example_inlet_event_extra.py for tasks to queue
[2025-09-17T11:48:43.904+0000] {logging_mixin.py:190} INFO - [2025-09-17T11:48:43.904+0000] {dagbag.py:588} INFO - Filling up the DagBag from /home/airflow/.local/lib/python3.12/site-packages/airflow/example_dags/example_inlet_event_extra.py
[2025-09-17T11:48:44.113+0000] {processor.py:925} INFO - DAG(s) 'read_dataset_event_from_classic', 'read_dataset_event' retrieved from /home/airflow/.local/lib/python3.12/site-packages/airflow/example_dags/example_inlet_event_extra.py
[2025-09-17T11:48:44.142+0000] {logging_mixin.py:190} INFO - [2025-09-17T11:48:44.142+0000] {dag.py:3239} INFO - Sync 2 DAGs
[2025-09-17T11:48:44.173+0000] {logging_mixin.py:190} INFO - [2025-09-17T11:48:44.173+0000] {dag.py:4180} INFO - Setting next_dagrun for read_dataset_event to 2025-09-16 00:00:00+00:00, run_after=2025-09-17 00:00:00+00:00
[2025-09-17T11:48:44.181+0000] {logging_mixin.py:190} INFO - [2025-09-17T11:48:44.180+0000] {dag.py:4180} INFO - Setting next_dagrun for read_dataset_event_from_classic to 2025-09-16 00:00:00+00:00, run_after=2025-09-17 00:00:00+00:00
[2025-09-17T11:48:44.207+0000] {processor.py:208} INFO - Processing /home/airflow/.local/lib/python3.12/site-packages/airflow/example_dags/example_inlet_event_extra.py took 0.316 seconds
[2025-09-17T11:49:14.556+0000] {processor.py:186} INFO - Started process (PID=733) to work on /home/airflow/.local/lib/python3.12/site-packages/airflow/example_dags/example_inlet_event_extra.py
[2025-09-17T11:49:14.558+0000] {processor.py:914} INFO - Processing file /home/airflow/.local/lib/python3.12/site-packages/airflow/example_dags/example_inlet_event_extra.py for tasks to queue
[2025-09-17T11:49:14.562+0000] {logging_mixin.py:190} INFO - [2025-09-17T11:49:14.562+0000] {dagbag.py:588} INFO - Filling up the DagBag from /home/airflow/.local/lib/python3.12/site-packages/airflow/example_dags/example_inlet_event_extra.py
[2025-09-17T11:49:14.748+0000] {processor.py:925} INFO - DAG(s) 'read_dataset_event', 'read_dataset_event_from_classic' retrieved from /home/airflow/.local/lib/python3.12/site-packages/airflow/example_dags/example_inlet_event_extra.py
[2025-09-17T11:49:14.777+0000] {logging_mixin.py:190} INFO - [2025-09-17T11:49:14.777+0000] {dag.py:3239} INFO - Sync 2 DAGs
[2025-09-17T11:49:14.806+0000] {logging_mixin.py:190} INFO - [2025-09-17T11:49:14.806+0000] {dag.py:4180} INFO - Setting next_dagrun for read_dataset_event to 2025-09-16 00:00:00+00:00, run_after=2025-09-17 00:00:00+00:00
[2025-09-17T11:49:14.814+0000] {logging_mixin.py:190} INFO - [2025-09-17T11:49:14.814+0000] {dag.py:4180} INFO - Setting next_dagrun for read_dataset_event_from_classic to 2025-09-16 00:00:00+00:00, run_after=2025-09-17 00:00:00+00:00
[2025-09-17T11:49:14.836+0000] {processor.py:208} INFO - Processing /home/airflow/.local/lib/python3.12/site-packages/airflow/example_dags/example_inlet_event_extra.py took 0.289 seconds
[2025-09-17T11:49:45.047+0000] {processor.py:186} INFO - Started process (PID=795) to work on /home/airflow/.local/lib/python3.12/site-packages/airflow/example_dags/example_inlet_event_extra.py
[2025-09-17T11:49:45.049+0000] {processor.py:914} INFO - Processing file /home/airflow/.local/lib/python3.12/site-packages/airflow/example_dags/example_inlet_event_extra.py for tasks to queue
[2025-09-17T11:49:45.053+0000] {logging_mixin.py:190} INFO - [2025-09-17T11:49:45.052+0000] {dagbag.py:588} INFO - Filling up the DagBag from /home/airflow/.local/lib/python3.12/site-packages/airflow/example_dags/example_inlet_event_extra.py
[2025-09-17T11:49:45.247+0000] {processor.py:925} INFO - DAG(s) 'read_dataset_event_from_classic', 'read_dataset_event' retrieved from /home/airflow/.local/lib/python3.12/site-packages/airflow/example_dags/example_inlet_event_extra.py
[2025-09-17T11:49:45.279+0000] {logging_mixin.py:190} INFO - [2025-09-17T11:49:45.278+0000] {dag.py:3239} INFO - Sync 2 DAGs
[2025-09-17T11:49:45.310+0000] {logging_mixin.py:190} INFO - [2025-09-17T11:49:45.309+0000] {dag.py:4180} INFO - Setting next_dagrun for read_dataset_event to 2025-09-16 00:00:00+00:00, run_after=2025-09-17 00:00:00+00:00
[2025-09-17T11:49:45.316+0000] {logging_mixin.py:190} INFO - [2025-09-17T11:49:45.316+0000] {dag.py:4180} INFO - Setting next_dagrun for read_dataset_event_from_classic to 2025-09-16 00:00:00+00:00, run_after=2025-09-17 00:00:00+00:00
[2025-09-17T11:49:45.337+0000] {processor.py:208} INFO - Processing /home/airflow/.local/lib/python3.12/site-packages/airflow/example_dags/example_inlet_event_extra.py took 0.299 seconds
[2025-09-17T11:50:15.809+0000] {processor.py:186} INFO - Started process (PID=857) to work on /home/airflow/.local/lib/python3.12/site-packages/airflow/example_dags/example_inlet_event_extra.py
[2025-09-17T11:50:15.814+0000] {processor.py:914} INFO - Processing file /home/airflow/.local/lib/python3.12/site-packages/airflow/example_dags/example_inlet_event_extra.py for tasks to queue
[2025-09-17T11:50:15.824+0000] {logging_mixin.py:190} INFO - [2025-09-17T11:50:15.823+0000] {dagbag.py:588} INFO - Filling up the DagBag from /home/airflow/.local/lib/python3.12/site-packages/airflow/example_dags/example_inlet_event_extra.py
[2025-09-17T11:50:16.174+0000] {processor.py:925} INFO - DAG(s) 'read_dataset_event_from_classic', 'read_dataset_event' retrieved from /home/airflow/.local/lib/python3.12/site-packages/airflow/example_dags/example_inlet_event_extra.py
[2025-09-17T11:50:16.210+0000] {logging_mixin.py:190} INFO - [2025-09-17T11:50:16.209+0000] {dag.py:3239} INFO - Sync 2 DAGs
[2025-09-17T11:50:16.243+0000] {logging_mixin.py:190} INFO - [2025-09-17T11:50:16.243+0000] {dag.py:4180} INFO - Setting next_dagrun for read_dataset_event to 2025-09-16 00:00:00+00:00, run_after=2025-09-17 00:00:00+00:00
[2025-09-17T11:50:16.251+0000] {logging_mixin.py:190} INFO - [2025-09-17T11:50:16.250+0000] {dag.py:4180} INFO - Setting next_dagrun for read_dataset_event_from_classic to 2025-09-16 00:00:00+00:00, run_after=2025-09-17 00:00:00+00:00
[2025-09-17T11:50:16.284+0000] {processor.py:208} INFO - Processing /home/airflow/.local/lib/python3.12/site-packages/airflow/example_dags/example_inlet_event_extra.py took 0.489 seconds
[2025-09-17T11:50:46.837+0000] {processor.py:186} INFO - Started process (PID=919) to work on /home/airflow/.local/lib/python3.12/site-packages/airflow/example_dags/example_inlet_event_extra.py
[2025-09-17T11:50:46.839+0000] {processor.py:914} INFO - Processing file /home/airflow/.local/lib/python3.12/site-packages/airflow/example_dags/example_inlet_event_extra.py for tasks to queue
[2025-09-17T11:50:46.843+0000] {logging_mixin.py:190} INFO - [2025-09-17T11:50:46.842+0000] {dagbag.py:588} INFO - Filling up the DagBag from /home/airflow/.local/lib/python3.12/site-packages/airflow/example_dags/example_inlet_event_extra.py
[2025-09-17T11:50:47.039+0000] {processor.py:925} INFO - DAG(s) 'read_dataset_event', 'read_dataset_event_from_classic' retrieved from /home/airflow/.local/lib/python3.12/site-packages/airflow/example_dags/example_inlet_event_extra.py
[2025-09-17T11:50:47.078+0000] {logging_mixin.py:190} INFO - [2025-09-17T11:50:47.077+0000] {dag.py:3239} INFO - Sync 2 DAGs
[2025-09-17T11:50:47.116+0000] {logging_mixin.py:190} INFO - [2025-09-17T11:50:47.115+0000] {dag.py:4180} INFO - Setting next_dagrun for read_dataset_event to 2025-09-16 00:00:00+00:00, run_after=2025-09-17 00:00:00+00:00
[2025-09-17T11:50:47.123+0000] {logging_mixin.py:190} INFO - [2025-09-17T11:50:47.123+0000] {dag.py:4180} INFO - Setting next_dagrun for read_dataset_event_from_classic to 2025-09-16 00:00:00+00:00, run_after=2025-09-17 00:00:00+00:00
[2025-09-17T11:50:47.153+0000] {processor.py:208} INFO - Processing /home/airflow/.local/lib/python3.12/site-packages/airflow/example_dags/example_inlet_event_extra.py took 0.324 seconds
[2025-09-17T11:51:17.607+0000] {processor.py:186} INFO - Started process (PID=981) to work on /home/airflow/.local/lib/python3.12/site-packages/airflow/example_dags/example_inlet_event_extra.py
[2025-09-17T11:51:17.609+0000] {processor.py:914} INFO - Processing file /home/airflow/.local/lib/python3.12/site-packages/airflow/example_dags/example_inlet_event_extra.py for tasks to queue
[2025-09-17T11:51:17.612+0000] {logging_mixin.py:190} INFO - [2025-09-17T11:51:17.611+0000] {dagbag.py:588} INFO - Filling up the DagBag from /home/airflow/.local/lib/python3.12/site-packages/airflow/example_dags/example_inlet_event_extra.py
[2025-09-17T11:51:17.803+0000] {processor.py:925} INFO - DAG(s) 'read_dataset_event_from_classic', 'read_dataset_event' retrieved from /home/airflow/.local/lib/python3.12/site-packages/airflow/example_dags/example_inlet_event_extra.py
[2025-09-17T11:51:17.834+0000] {logging_mixin.py:190} INFO - [2025-09-17T11:51:17.834+0000] {dag.py:3239} INFO - Sync 2 DAGs
[2025-09-17T11:51:17.869+0000] {logging_mixin.py:190} INFO - [2025-09-17T11:51:17.869+0000] {dag.py:4180} INFO - Setting next_dagrun for read_dataset_event to 2025-09-16 00:00:00+00:00, run_after=2025-09-17 00:00:00+00:00
[2025-09-17T11:51:17.875+0000] {logging_mixin.py:190} INFO - [2025-09-17T11:51:17.875+0000] {dag.py:4180} INFO - Setting next_dagrun for read_dataset_event_from_classic to 2025-09-16 00:00:00+00:00, run_after=2025-09-17 00:00:00+00:00
[2025-09-17T11:51:17.897+0000] {processor.py:208} INFO - Processing /home/airflow/.local/lib/python3.12/site-packages/airflow/example_dags/example_inlet_event_extra.py took 0.300 seconds
[2025-09-17T11:51:48.314+0000] {processor.py:186} INFO - Started process (PID=1043) to work on /home/airflow/.local/lib/python3.12/site-packages/airflow/example_dags/example_inlet_event_extra.py
[2025-09-17T11:51:48.315+0000] {processor.py:914} INFO - Processing file /home/airflow/.local/lib/python3.12/site-packages/airflow/example_dags/example_inlet_event_extra.py for tasks to queue
[2025-09-17T11:51:48.318+0000] {logging_mixin.py:190} INFO - [2025-09-17T11:51:48.318+0000] {dagbag.py:588} INFO - Filling up the DagBag from /home/airflow/.local/lib/python3.12/site-packages/airflow/example_dags/example_inlet_event_extra.py
[2025-09-17T11:51:48.486+0000] {processor.py:925} INFO - DAG(s) 'read_dataset_event', 'read_dataset_event_from_classic' retrieved from /home/airflow/.local/lib/python3.12/site-packages/airflow/example_dags/example_inlet_event_extra.py
[2025-09-17T11:51:48.514+0000] {logging_mixin.py:190} INFO - [2025-09-17T11:51:48.514+0000] {dag.py:3239} INFO - Sync 2 DAGs
[2025-09-17T11:51:48.545+0000] {logging_mixin.py:190} INFO - [2025-09-17T11:51:48.545+0000] {dag.py:4180} INFO - Setting next_dagrun for read_dataset_event to 2025-09-16 00:00:00+00:00, run_after=2025-09-17 00:00:00+00:00
[2025-09-17T11:51:48.551+0000] {logging_mixin.py:190} INFO - [2025-09-17T11:51:48.551+0000] {dag.py:4180} INFO - Setting next_dagrun for read_dataset_event_from_classic to 2025-09-16 00:00:00+00:00, run_after=2025-09-17 00:00:00+00:00
[2025-09-17T11:51:48.578+0000] {processor.py:208} INFO - Processing /home/airflow/.local/lib/python3.12/site-packages/airflow/example_dags/example_inlet_event_extra.py took 0.273 seconds
[2025-09-17T11:52:18.901+0000] {processor.py:186} INFO - Started process (PID=1105) to work on /home/airflow/.local/lib/python3.12/site-packages/airflow/example_dags/example_inlet_event_extra.py
[2025-09-17T11:52:18.902+0000] {processor.py:914} INFO - Processing file /home/airflow/.local/lib/python3.12/site-packages/airflow/example_dags/example_inlet_event_extra.py for tasks to queue
[2025-09-17T11:52:18.905+0000] {logging_mixin.py:190} INFO - [2025-09-17T11:52:18.905+0000] {dagbag.py:588} INFO - Filling up the DagBag from /home/airflow/.local/lib/python3.12/site-packages/airflow/example_dags/example_inlet_event_extra.py
[2025-09-17T11:52:19.083+0000] {processor.py:925} INFO - DAG(s) 'read_dataset_event_from_classic', 'read_dataset_event' retrieved from /home/airflow/.local/lib/python3.12/site-packages/airflow/example_dags/example_inlet_event_extra.py
[2025-09-17T11:52:19.116+0000] {logging_mixin.py:190} INFO - [2025-09-17T11:52:19.116+0000] {dag.py:3239} INFO - Sync 2 DAGs
[2025-09-17T11:52:19.182+0000] {logging_mixin.py:190} INFO - [2025-09-17T11:52:19.181+0000] {dag.py:4180} INFO - Setting next_dagrun for read_dataset_event to 2025-09-16 00:00:00+00:00, run_after=2025-09-17 00:00:00+00:00
[2025-09-17T11:52:19.192+0000] {logging_mixin.py:190} INFO - [2025-09-17T11:52:19.192+0000] {dag.py:4180} INFO - Setting next_dagrun for read_dataset_event_from_classic to 2025-09-16 00:00:00+00:00, run_after=2025-09-17 00:00:00+00:00
[2025-09-17T11:52:19.220+0000] {processor.py:208} INFO - Processing /home/airflow/.local/lib/python3.12/site-packages/airflow/example_dags/example_inlet_event_extra.py took 0.327 seconds
[2025-09-17T11:52:49.400+0000] {processor.py:186} INFO - Started process (PID=1168) to work on /home/airflow/.local/lib/python3.12/site-packages/airflow/example_dags/example_inlet_event_extra.py
[2025-09-17T11:52:49.402+0000] {processor.py:914} INFO - Processing file /home/airflow/.local/lib/python3.12/site-packages/airflow/example_dags/example_inlet_event_extra.py for tasks to queue
[2025-09-17T11:52:49.406+0000] {logging_mixin.py:190} INFO - [2025-09-17T11:52:49.405+0000] {dagbag.py:588} INFO - Filling up the DagBag from /home/airflow/.local/lib/python3.12/site-packages/airflow/example_dags/example_inlet_event_extra.py
[2025-09-17T11:52:49.585+0000] {processor.py:925} INFO - DAG(s) 'read_dataset_event_from_classic', 'read_dataset_event' retrieved from /home/airflow/.local/lib/python3.12/site-packages/airflow/example_dags/example_inlet_event_extra.py
[2025-09-17T11:52:49.615+0000] {logging_mixin.py:190} INFO - [2025-09-17T11:52:49.615+0000] {dag.py:3239} INFO - Sync 2 DAGs
[2025-09-17T11:52:49.644+0000] {logging_mixin.py:190} INFO - [2025-09-17T11:52:49.644+0000] {dag.py:4180} INFO - Setting next_dagrun for read_dataset_event to 2025-09-16 00:00:00+00:00, run_after=2025-09-17 00:00:00+00:00
[2025-09-17T11:52:49.652+0000] {logging_mixin.py:190} INFO - [2025-09-17T11:52:49.651+0000] {dag.py:4180} INFO - Setting next_dagrun for read_dataset_event_from_classic to 2025-09-16 00:00:00+00:00, run_after=2025-09-17 00:00:00+00:00
[2025-09-17T11:52:49.676+0000] {processor.py:208} INFO - Processing /home/airflow/.local/lib/python3.12/site-packages/airflow/example_dags/example_inlet_event_extra.py took 0.283 seconds
[2025-09-17T11:53:20.052+0000] {processor.py:186} INFO - Started process (PID=1230) to work on /home/airflow/.local/lib/python3.12/site-packages/airflow/example_dags/example_inlet_event_extra.py
[2025-09-17T11:53:20.053+0000] {processor.py:914} INFO - Processing file /home/airflow/.local/lib/python3.12/site-packages/airflow/example_dags/example_inlet_event_extra.py for tasks to queue
[2025-09-17T11:53:20.057+0000] {logging_mixin.py:190} INFO - [2025-09-17T11:53:20.057+0000] {dagbag.py:588} INFO - Filling up the DagBag from /home/airflow/.local/lib/python3.12/site-packages/airflow/example_dags/example_inlet_event_extra.py
[2025-09-17T11:53:20.263+0000] {processor.py:925} INFO - DAG(s) 'read_dataset_event_from_classic', 'read_dataset_event' retrieved from /home/airflow/.local/lib/python3.12/site-packages/airflow/example_dags/example_inlet_event_extra.py
[2025-09-17T11:53:20.313+0000] {logging_mixin.py:190} INFO - [2025-09-17T11:53:20.313+0000] {dag.py:3239} INFO - Sync 2 DAGs
[2025-09-17T11:53:20.360+0000] {logging_mixin.py:190} INFO - [2025-09-17T11:53:20.359+0000] {dag.py:4180} INFO - Setting next_dagrun for read_dataset_event to 2025-09-16 00:00:00+00:00, run_after=2025-09-17 00:00:00+00:00
[2025-09-17T11:53:20.369+0000] {logging_mixin.py:190} INFO - [2025-09-17T11:53:20.368+0000] {dag.py:4180} INFO - Setting next_dagrun for read_dataset_event_from_classic to 2025-09-16 00:00:00+00:00, run_after=2025-09-17 00:00:00+00:00
[2025-09-17T11:53:20.396+0000] {processor.py:208} INFO - Processing /home/airflow/.local/lib/python3.12/site-packages/airflow/example_dags/example_inlet_event_extra.py took 0.352 seconds
