[2025-09-17T11:43:26.218+0000] {processor.py:186} INFO - Started process (PID=167) to work on /home/airflow/.local/lib/python3.12/site-packages/airflow/example_dags/example_kubernetes_executor.py
[2025-09-17T11:43:26.220+0000] {processor.py:914} INFO - Processing file /home/airflow/.local/lib/python3.12/site-packages/airflow/example_dags/example_kubernetes_executor.py for tasks to queue
[2025-09-17T11:43:26.224+0000] {logging_mixin.py:190} INFO - [2025-09-17T11:43:26.223+0000] {dagbag.py:588} INFO - Filling up the DagBag from /home/airflow/.local/lib/python3.12/site-packages/airflow/example_dags/example_kubernetes_executor.py
[2025-09-17T11:43:26.259+0000] {processor.py:925} INFO - DAG(s) 'example_kubernetes_executor' retrieved from /home/airflow/.local/lib/python3.12/site-packages/airflow/example_dags/example_kubernetes_executor.py
[2025-09-17T11:43:26.543+0000] {logging_mixin.py:190} INFO - [2025-09-17T11:43:26.542+0000] {override.py:1900} INFO - Created Permission View: can delete on DAG:example_kubernetes_executor
[2025-09-17T11:43:26.567+0000] {logging_mixin.py:190} INFO - [2025-09-17T11:43:26.567+0000] {override.py:1900} INFO - Created Permission View: can edit on DAG:example_kubernetes_executor
[2025-09-17T11:43:26.579+0000] {logging_mixin.py:190} INFO - [2025-09-17T11:43:26.579+0000] {override.py:1900} INFO - Created Permission View: can read on DAG:example_kubernetes_executor
[2025-09-17T11:43:26.597+0000] {logging_mixin.py:190} INFO - [2025-09-17T11:43:26.596+0000] {override.py:1900} INFO - Created Permission View: can delete on DAG Run:example_kubernetes_executor
[2025-09-17T11:43:26.613+0000] {logging_mixin.py:190} INFO - [2025-09-17T11:43:26.612+0000] {override.py:1900} INFO - Created Permission View: menu access on DAG Run:example_kubernetes_executor
[2025-09-17T11:43:26.629+0000] {logging_mixin.py:190} INFO - [2025-09-17T11:43:26.629+0000] {override.py:1900} INFO - Created Permission View: can read on DAG Run:example_kubernetes_executor
[2025-09-17T11:43:26.640+0000] {logging_mixin.py:190} INFO - [2025-09-17T11:43:26.640+0000] {override.py:1900} INFO - Created Permission View: can create on DAG Run:example_kubernetes_executor
[2025-09-17T11:43:26.641+0000] {logging_mixin.py:190} INFO - [2025-09-17T11:43:26.641+0000] {dag.py:3239} INFO - Sync 1 DAGs
[2025-09-17T11:43:26.659+0000] {logging_mixin.py:190} INFO - [2025-09-17T11:43:26.659+0000] {dag.py:3262} INFO - Creating ORM DAG for example_kubernetes_executor
[2025-09-17T11:43:26.662+0000] {logging_mixin.py:190} INFO - [2025-09-17T11:43:26.661+0000] {dag.py:4180} INFO - Setting next_dagrun for example_kubernetes_executor to None, run_after=None
[2025-09-17T11:43:26.690+0000] {processor.py:208} INFO - Processing /home/airflow/.local/lib/python3.12/site-packages/airflow/example_dags/example_kubernetes_executor.py took 0.486 seconds
[2025-09-17T11:44:01.608+0000] {processor.py:186} INFO - Started process (PID=68) to work on /home/airflow/.local/lib/python3.12/site-packages/airflow/example_dags/example_kubernetes_executor.py
[2025-09-17T11:44:01.610+0000] {processor.py:914} INFO - Processing file /home/airflow/.local/lib/python3.12/site-packages/airflow/example_dags/example_kubernetes_executor.py for tasks to queue
[2025-09-17T11:44:01.615+0000] {logging_mixin.py:190} INFO - [2025-09-17T11:44:01.614+0000] {dagbag.py:588} INFO - Filling up the DagBag from /home/airflow/.local/lib/python3.12/site-packages/airflow/example_dags/example_kubernetes_executor.py
[2025-09-17T11:44:01.648+0000] {processor.py:925} INFO - DAG(s) 'example_kubernetes_executor' retrieved from /home/airflow/.local/lib/python3.12/site-packages/airflow/example_dags/example_kubernetes_executor.py
[2025-09-17T11:44:01.728+0000] {logging_mixin.py:190} INFO - [2025-09-17T11:44:01.728+0000] {dag.py:3239} INFO - Sync 1 DAGs
[2025-09-17T11:44:01.760+0000] {logging_mixin.py:190} INFO - [2025-09-17T11:44:01.759+0000] {dag.py:4180} INFO - Setting next_dagrun for example_kubernetes_executor to None, run_after=None
[2025-09-17T11:44:01.792+0000] {processor.py:208} INFO - Processing /home/airflow/.local/lib/python3.12/site-packages/airflow/example_dags/example_kubernetes_executor.py took 0.196 seconds
[2025-09-17T11:44:32.458+0000] {processor.py:186} INFO - Started process (PID=131) to work on /home/airflow/.local/lib/python3.12/site-packages/airflow/example_dags/example_kubernetes_executor.py
[2025-09-17T11:44:32.459+0000] {processor.py:914} INFO - Processing file /home/airflow/.local/lib/python3.12/site-packages/airflow/example_dags/example_kubernetes_executor.py for tasks to queue
[2025-09-17T11:44:32.463+0000] {logging_mixin.py:190} INFO - [2025-09-17T11:44:32.463+0000] {dagbag.py:588} INFO - Filling up the DagBag from /home/airflow/.local/lib/python3.12/site-packages/airflow/example_dags/example_kubernetes_executor.py
[2025-09-17T11:44:32.480+0000] {processor.py:925} INFO - DAG(s) 'example_kubernetes_executor' retrieved from /home/airflow/.local/lib/python3.12/site-packages/airflow/example_dags/example_kubernetes_executor.py
[2025-09-17T11:44:32.521+0000] {logging_mixin.py:190} INFO - [2025-09-17T11:44:32.521+0000] {dag.py:3239} INFO - Sync 1 DAGs
[2025-09-17T11:44:32.537+0000] {logging_mixin.py:190} INFO - [2025-09-17T11:44:32.537+0000] {dag.py:4180} INFO - Setting next_dagrun for example_kubernetes_executor to None, run_after=None
[2025-09-17T11:44:32.560+0000] {processor.py:208} INFO - Processing /home/airflow/.local/lib/python3.12/site-packages/airflow/example_dags/example_kubernetes_executor.py took 0.109 seconds
[2025-09-17T11:45:03.308+0000] {processor.py:186} INFO - Started process (PID=193) to work on /home/airflow/.local/lib/python3.12/site-packages/airflow/example_dags/example_kubernetes_executor.py
[2025-09-17T11:45:03.310+0000] {processor.py:914} INFO - Processing file /home/airflow/.local/lib/python3.12/site-packages/airflow/example_dags/example_kubernetes_executor.py for tasks to queue
[2025-09-17T11:45:03.314+0000] {logging_mixin.py:190} INFO - [2025-09-17T11:45:03.313+0000] {dagbag.py:588} INFO - Filling up the DagBag from /home/airflow/.local/lib/python3.12/site-packages/airflow/example_dags/example_kubernetes_executor.py
[2025-09-17T11:45:03.334+0000] {processor.py:925} INFO - DAG(s) 'example_kubernetes_executor' retrieved from /home/airflow/.local/lib/python3.12/site-packages/airflow/example_dags/example_kubernetes_executor.py
[2025-09-17T11:45:03.378+0000] {logging_mixin.py:190} INFO - [2025-09-17T11:45:03.378+0000] {dag.py:3239} INFO - Sync 1 DAGs
[2025-09-17T11:45:03.395+0000] {logging_mixin.py:190} INFO - [2025-09-17T11:45:03.394+0000] {dag.py:4180} INFO - Setting next_dagrun for example_kubernetes_executor to None, run_after=None
[2025-09-17T11:45:03.420+0000] {processor.py:208} INFO - Processing /home/airflow/.local/lib/python3.12/site-packages/airflow/example_dags/example_kubernetes_executor.py took 0.119 seconds
[2025-09-17T11:45:34.291+0000] {processor.py:186} INFO - Started process (PID=261) to work on /home/airflow/.local/lib/python3.12/site-packages/airflow/example_dags/example_kubernetes_executor.py
[2025-09-17T11:45:34.293+0000] {processor.py:914} INFO - Processing file /home/airflow/.local/lib/python3.12/site-packages/airflow/example_dags/example_kubernetes_executor.py for tasks to queue
[2025-09-17T11:45:34.296+0000] {logging_mixin.py:190} INFO - [2025-09-17T11:45:34.296+0000] {dagbag.py:588} INFO - Filling up the DagBag from /home/airflow/.local/lib/python3.12/site-packages/airflow/example_dags/example_kubernetes_executor.py
[2025-09-17T11:45:34.313+0000] {processor.py:925} INFO - DAG(s) 'example_kubernetes_executor' retrieved from /home/airflow/.local/lib/python3.12/site-packages/airflow/example_dags/example_kubernetes_executor.py
[2025-09-17T11:45:34.355+0000] {logging_mixin.py:190} INFO - [2025-09-17T11:45:34.355+0000] {dag.py:3239} INFO - Sync 1 DAGs
[2025-09-17T11:45:34.370+0000] {logging_mixin.py:190} INFO - [2025-09-17T11:45:34.370+0000] {dag.py:4180} INFO - Setting next_dagrun for example_kubernetes_executor to None, run_after=None
[2025-09-17T11:45:34.395+0000] {processor.py:208} INFO - Processing /home/airflow/.local/lib/python3.12/site-packages/airflow/example_dags/example_kubernetes_executor.py took 0.111 seconds
[2025-09-17T11:46:05.280+0000] {processor.py:186} INFO - Started process (PID=324) to work on /home/airflow/.local/lib/python3.12/site-packages/airflow/example_dags/example_kubernetes_executor.py
[2025-09-17T11:46:05.282+0000] {processor.py:914} INFO - Processing file /home/airflow/.local/lib/python3.12/site-packages/airflow/example_dags/example_kubernetes_executor.py for tasks to queue
[2025-09-17T11:46:05.285+0000] {logging_mixin.py:190} INFO - [2025-09-17T11:46:05.285+0000] {dagbag.py:588} INFO - Filling up the DagBag from /home/airflow/.local/lib/python3.12/site-packages/airflow/example_dags/example_kubernetes_executor.py
[2025-09-17T11:46:05.307+0000] {processor.py:925} INFO - DAG(s) 'example_kubernetes_executor' retrieved from /home/airflow/.local/lib/python3.12/site-packages/airflow/example_dags/example_kubernetes_executor.py
[2025-09-17T11:46:05.359+0000] {logging_mixin.py:190} INFO - [2025-09-17T11:46:05.358+0000] {dag.py:3239} INFO - Sync 1 DAGs
[2025-09-17T11:46:05.378+0000] {logging_mixin.py:190} INFO - [2025-09-17T11:46:05.377+0000] {dag.py:4180} INFO - Setting next_dagrun for example_kubernetes_executor to None, run_after=None
[2025-09-17T11:46:05.402+0000] {processor.py:208} INFO - Processing /home/airflow/.local/lib/python3.12/site-packages/airflow/example_dags/example_kubernetes_executor.py took 0.130 seconds
[2025-09-17T11:46:35.842+0000] {processor.py:186} INFO - Started process (PID=386) to work on /home/airflow/.local/lib/python3.12/site-packages/airflow/example_dags/example_kubernetes_executor.py
[2025-09-17T11:46:35.844+0000] {processor.py:914} INFO - Processing file /home/airflow/.local/lib/python3.12/site-packages/airflow/example_dags/example_kubernetes_executor.py for tasks to queue
[2025-09-17T11:46:35.850+0000] {logging_mixin.py:190} INFO - [2025-09-17T11:46:35.849+0000] {dagbag.py:588} INFO - Filling up the DagBag from /home/airflow/.local/lib/python3.12/site-packages/airflow/example_dags/example_kubernetes_executor.py
[2025-09-17T11:46:35.882+0000] {processor.py:925} INFO - DAG(s) 'example_kubernetes_executor' retrieved from /home/airflow/.local/lib/python3.12/site-packages/airflow/example_dags/example_kubernetes_executor.py
[2025-09-17T11:46:35.968+0000] {logging_mixin.py:190} INFO - [2025-09-17T11:46:35.967+0000] {dag.py:3239} INFO - Sync 1 DAGs
[2025-09-17T11:46:35.985+0000] {logging_mixin.py:190} INFO - [2025-09-17T11:46:35.985+0000] {dag.py:4180} INFO - Setting next_dagrun for example_kubernetes_executor to None, run_after=None
[2025-09-17T11:46:36.021+0000] {processor.py:208} INFO - Processing /home/airflow/.local/lib/python3.12/site-packages/airflow/example_dags/example_kubernetes_executor.py took 0.194 seconds
[2025-09-17T11:47:06.727+0000] {processor.py:186} INFO - Started process (PID=448) to work on /home/airflow/.local/lib/python3.12/site-packages/airflow/example_dags/example_kubernetes_executor.py
[2025-09-17T11:47:06.728+0000] {processor.py:914} INFO - Processing file /home/airflow/.local/lib/python3.12/site-packages/airflow/example_dags/example_kubernetes_executor.py for tasks to queue
[2025-09-17T11:47:06.732+0000] {logging_mixin.py:190} INFO - [2025-09-17T11:47:06.731+0000] {dagbag.py:588} INFO - Filling up the DagBag from /home/airflow/.local/lib/python3.12/site-packages/airflow/example_dags/example_kubernetes_executor.py
[2025-09-17T11:47:06.754+0000] {processor.py:925} INFO - DAG(s) 'example_kubernetes_executor' retrieved from /home/airflow/.local/lib/python3.12/site-packages/airflow/example_dags/example_kubernetes_executor.py
[2025-09-17T11:47:06.796+0000] {logging_mixin.py:190} INFO - [2025-09-17T11:47:06.796+0000] {dag.py:3239} INFO - Sync 1 DAGs
[2025-09-17T11:47:06.812+0000] {logging_mixin.py:190} INFO - [2025-09-17T11:47:06.812+0000] {dag.py:4180} INFO - Setting next_dagrun for example_kubernetes_executor to None, run_after=None
[2025-09-17T11:47:06.836+0000] {processor.py:208} INFO - Processing /home/airflow/.local/lib/python3.12/site-packages/airflow/example_dags/example_kubernetes_executor.py took 0.117 seconds
[2025-09-17T11:47:37.314+0000] {processor.py:186} INFO - Started process (PID=511) to work on /home/airflow/.local/lib/python3.12/site-packages/airflow/example_dags/example_kubernetes_executor.py
[2025-09-17T11:47:37.316+0000] {processor.py:914} INFO - Processing file /home/airflow/.local/lib/python3.12/site-packages/airflow/example_dags/example_kubernetes_executor.py for tasks to queue
[2025-09-17T11:47:37.321+0000] {logging_mixin.py:190} INFO - [2025-09-17T11:47:37.320+0000] {dagbag.py:588} INFO - Filling up the DagBag from /home/airflow/.local/lib/python3.12/site-packages/airflow/example_dags/example_kubernetes_executor.py
[2025-09-17T11:47:37.339+0000] {processor.py:925} INFO - DAG(s) 'example_kubernetes_executor' retrieved from /home/airflow/.local/lib/python3.12/site-packages/airflow/example_dags/example_kubernetes_executor.py
[2025-09-17T11:47:37.385+0000] {logging_mixin.py:190} INFO - [2025-09-17T11:47:37.384+0000] {dag.py:3239} INFO - Sync 1 DAGs
[2025-09-17T11:47:37.401+0000] {logging_mixin.py:190} INFO - [2025-09-17T11:47:37.401+0000] {dag.py:4180} INFO - Setting next_dagrun for example_kubernetes_executor to None, run_after=None
[2025-09-17T11:47:37.424+0000] {processor.py:208} INFO - Processing /home/airflow/.local/lib/python3.12/site-packages/airflow/example_dags/example_kubernetes_executor.py took 0.122 seconds
[2025-09-17T11:48:07.990+0000] {processor.py:186} INFO - Started process (PID=573) to work on /home/airflow/.local/lib/python3.12/site-packages/airflow/example_dags/example_kubernetes_executor.py
[2025-09-17T11:48:07.991+0000] {processor.py:914} INFO - Processing file /home/airflow/.local/lib/python3.12/site-packages/airflow/example_dags/example_kubernetes_executor.py for tasks to queue
[2025-09-17T11:48:07.995+0000] {logging_mixin.py:190} INFO - [2025-09-17T11:48:07.995+0000] {dagbag.py:588} INFO - Filling up the DagBag from /home/airflow/.local/lib/python3.12/site-packages/airflow/example_dags/example_kubernetes_executor.py
[2025-09-17T11:48:08.015+0000] {processor.py:925} INFO - DAG(s) 'example_kubernetes_executor' retrieved from /home/airflow/.local/lib/python3.12/site-packages/airflow/example_dags/example_kubernetes_executor.py
[2025-09-17T11:48:08.061+0000] {logging_mixin.py:190} INFO - [2025-09-17T11:48:08.060+0000] {dag.py:3239} INFO - Sync 1 DAGs
[2025-09-17T11:48:08.079+0000] {logging_mixin.py:190} INFO - [2025-09-17T11:48:08.079+0000] {dag.py:4180} INFO - Setting next_dagrun for example_kubernetes_executor to None, run_after=None
[2025-09-17T11:48:08.102+0000] {processor.py:208} INFO - Processing /home/airflow/.local/lib/python3.12/site-packages/airflow/example_dags/example_kubernetes_executor.py took 0.122 seconds
[2025-09-17T11:48:38.495+0000] {processor.py:186} INFO - Started process (PID=635) to work on /home/airflow/.local/lib/python3.12/site-packages/airflow/example_dags/example_kubernetes_executor.py
[2025-09-17T11:48:38.497+0000] {processor.py:914} INFO - Processing file /home/airflow/.local/lib/python3.12/site-packages/airflow/example_dags/example_kubernetes_executor.py for tasks to queue
[2025-09-17T11:48:38.500+0000] {logging_mixin.py:190} INFO - [2025-09-17T11:48:38.500+0000] {dagbag.py:588} INFO - Filling up the DagBag from /home/airflow/.local/lib/python3.12/site-packages/airflow/example_dags/example_kubernetes_executor.py
[2025-09-17T11:48:38.523+0000] {processor.py:925} INFO - DAG(s) 'example_kubernetes_executor' retrieved from /home/airflow/.local/lib/python3.12/site-packages/airflow/example_dags/example_kubernetes_executor.py
[2025-09-17T11:48:38.574+0000] {logging_mixin.py:190} INFO - [2025-09-17T11:48:38.574+0000] {dag.py:3239} INFO - Sync 1 DAGs
[2025-09-17T11:48:38.594+0000] {logging_mixin.py:190} INFO - [2025-09-17T11:48:38.594+0000] {dag.py:4180} INFO - Setting next_dagrun for example_kubernetes_executor to None, run_after=None
[2025-09-17T11:48:38.621+0000] {processor.py:208} INFO - Processing /home/airflow/.local/lib/python3.12/site-packages/airflow/example_dags/example_kubernetes_executor.py took 0.136 seconds
[2025-09-17T11:49:09.450+0000] {processor.py:186} INFO - Started process (PID=698) to work on /home/airflow/.local/lib/python3.12/site-packages/airflow/example_dags/example_kubernetes_executor.py
[2025-09-17T11:49:09.452+0000] {processor.py:914} INFO - Processing file /home/airflow/.local/lib/python3.12/site-packages/airflow/example_dags/example_kubernetes_executor.py for tasks to queue
[2025-09-17T11:49:09.456+0000] {logging_mixin.py:190} INFO - [2025-09-17T11:49:09.456+0000] {dagbag.py:588} INFO - Filling up the DagBag from /home/airflow/.local/lib/python3.12/site-packages/airflow/example_dags/example_kubernetes_executor.py
[2025-09-17T11:49:09.476+0000] {processor.py:925} INFO - DAG(s) 'example_kubernetes_executor' retrieved from /home/airflow/.local/lib/python3.12/site-packages/airflow/example_dags/example_kubernetes_executor.py
[2025-09-17T11:49:09.521+0000] {logging_mixin.py:190} INFO - [2025-09-17T11:49:09.520+0000] {dag.py:3239} INFO - Sync 1 DAGs
[2025-09-17T11:49:09.539+0000] {logging_mixin.py:190} INFO - [2025-09-17T11:49:09.539+0000] {dag.py:4180} INFO - Setting next_dagrun for example_kubernetes_executor to None, run_after=None
[2025-09-17T11:49:09.570+0000] {processor.py:208} INFO - Processing /home/airflow/.local/lib/python3.12/site-packages/airflow/example_dags/example_kubernetes_executor.py took 0.129 seconds
[2025-09-17T11:49:40.210+0000] {processor.py:186} INFO - Started process (PID=760) to work on /home/airflow/.local/lib/python3.12/site-packages/airflow/example_dags/example_kubernetes_executor.py
[2025-09-17T11:49:40.212+0000] {processor.py:914} INFO - Processing file /home/airflow/.local/lib/python3.12/site-packages/airflow/example_dags/example_kubernetes_executor.py for tasks to queue
[2025-09-17T11:49:40.218+0000] {logging_mixin.py:190} INFO - [2025-09-17T11:49:40.216+0000] {dagbag.py:588} INFO - Filling up the DagBag from /home/airflow/.local/lib/python3.12/site-packages/airflow/example_dags/example_kubernetes_executor.py
[2025-09-17T11:49:40.248+0000] {processor.py:925} INFO - DAG(s) 'example_kubernetes_executor' retrieved from /home/airflow/.local/lib/python3.12/site-packages/airflow/example_dags/example_kubernetes_executor.py
[2025-09-17T11:49:40.319+0000] {logging_mixin.py:190} INFO - [2025-09-17T11:49:40.318+0000] {dag.py:3239} INFO - Sync 1 DAGs
[2025-09-17T11:49:40.346+0000] {logging_mixin.py:190} INFO - [2025-09-17T11:49:40.346+0000] {dag.py:4180} INFO - Setting next_dagrun for example_kubernetes_executor to None, run_after=None
[2025-09-17T11:49:40.378+0000] {processor.py:208} INFO - Processing /home/airflow/.local/lib/python3.12/site-packages/airflow/example_dags/example_kubernetes_executor.py took 0.180 seconds
[2025-09-17T11:50:11.280+0000] {processor.py:186} INFO - Started process (PID=822) to work on /home/airflow/.local/lib/python3.12/site-packages/airflow/example_dags/example_kubernetes_executor.py
[2025-09-17T11:50:11.281+0000] {processor.py:914} INFO - Processing file /home/airflow/.local/lib/python3.12/site-packages/airflow/example_dags/example_kubernetes_executor.py for tasks to queue
[2025-09-17T11:50:11.285+0000] {logging_mixin.py:190} INFO - [2025-09-17T11:50:11.284+0000] {dagbag.py:588} INFO - Filling up the DagBag from /home/airflow/.local/lib/python3.12/site-packages/airflow/example_dags/example_kubernetes_executor.py
[2025-09-17T11:50:11.306+0000] {processor.py:925} INFO - DAG(s) 'example_kubernetes_executor' retrieved from /home/airflow/.local/lib/python3.12/site-packages/airflow/example_dags/example_kubernetes_executor.py
[2025-09-17T11:50:11.364+0000] {logging_mixin.py:190} INFO - [2025-09-17T11:50:11.364+0000] {dag.py:3239} INFO - Sync 1 DAGs
[2025-09-17T11:50:11.386+0000] {logging_mixin.py:190} INFO - [2025-09-17T11:50:11.385+0000] {dag.py:4180} INFO - Setting next_dagrun for example_kubernetes_executor to None, run_after=None
[2025-09-17T11:50:11.413+0000] {processor.py:208} INFO - Processing /home/airflow/.local/lib/python3.12/site-packages/airflow/example_dags/example_kubernetes_executor.py took 0.148 seconds
[2025-09-17T11:50:42.214+0000] {processor.py:186} INFO - Started process (PID=884) to work on /home/airflow/.local/lib/python3.12/site-packages/airflow/example_dags/example_kubernetes_executor.py
[2025-09-17T11:50:42.216+0000] {processor.py:914} INFO - Processing file /home/airflow/.local/lib/python3.12/site-packages/airflow/example_dags/example_kubernetes_executor.py for tasks to queue
[2025-09-17T11:50:42.221+0000] {logging_mixin.py:190} INFO - [2025-09-17T11:50:42.220+0000] {dagbag.py:588} INFO - Filling up the DagBag from /home/airflow/.local/lib/python3.12/site-packages/airflow/example_dags/example_kubernetes_executor.py
[2025-09-17T11:50:42.260+0000] {processor.py:925} INFO - DAG(s) 'example_kubernetes_executor' retrieved from /home/airflow/.local/lib/python3.12/site-packages/airflow/example_dags/example_kubernetes_executor.py
[2025-09-17T11:50:42.319+0000] {logging_mixin.py:190} INFO - [2025-09-17T11:50:42.319+0000] {dag.py:3239} INFO - Sync 1 DAGs
[2025-09-17T11:50:42.342+0000] {logging_mixin.py:190} INFO - [2025-09-17T11:50:42.342+0000] {dag.py:4180} INFO - Setting next_dagrun for example_kubernetes_executor to None, run_after=None
[2025-09-17T11:50:42.376+0000] {processor.py:208} INFO - Processing /home/airflow/.local/lib/python3.12/site-packages/airflow/example_dags/example_kubernetes_executor.py took 0.180 seconds
[2025-09-17T11:51:13.057+0000] {processor.py:186} INFO - Started process (PID=946) to work on /home/airflow/.local/lib/python3.12/site-packages/airflow/example_dags/example_kubernetes_executor.py
[2025-09-17T11:51:13.060+0000] {processor.py:914} INFO - Processing file /home/airflow/.local/lib/python3.12/site-packages/airflow/example_dags/example_kubernetes_executor.py for tasks to queue
[2025-09-17T11:51:13.065+0000] {logging_mixin.py:190} INFO - [2025-09-17T11:51:13.064+0000] {dagbag.py:588} INFO - Filling up the DagBag from /home/airflow/.local/lib/python3.12/site-packages/airflow/example_dags/example_kubernetes_executor.py
[2025-09-17T11:51:13.089+0000] {processor.py:925} INFO - DAG(s) 'example_kubernetes_executor' retrieved from /home/airflow/.local/lib/python3.12/site-packages/airflow/example_dags/example_kubernetes_executor.py
[2025-09-17T11:51:13.154+0000] {logging_mixin.py:190} INFO - [2025-09-17T11:51:13.153+0000] {dag.py:3239} INFO - Sync 1 DAGs
[2025-09-17T11:51:13.177+0000] {logging_mixin.py:190} INFO - [2025-09-17T11:51:13.176+0000] {dag.py:4180} INFO - Setting next_dagrun for example_kubernetes_executor to None, run_after=None
[2025-09-17T11:51:13.209+0000] {processor.py:208} INFO - Processing /home/airflow/.local/lib/python3.12/site-packages/airflow/example_dags/example_kubernetes_executor.py took 0.161 seconds
[2025-09-17T11:51:43.678+0000] {processor.py:186} INFO - Started process (PID=1008) to work on /home/airflow/.local/lib/python3.12/site-packages/airflow/example_dags/example_kubernetes_executor.py
[2025-09-17T11:51:43.680+0000] {processor.py:914} INFO - Processing file /home/airflow/.local/lib/python3.12/site-packages/airflow/example_dags/example_kubernetes_executor.py for tasks to queue
[2025-09-17T11:51:43.684+0000] {logging_mixin.py:190} INFO - [2025-09-17T11:51:43.684+0000] {dagbag.py:588} INFO - Filling up the DagBag from /home/airflow/.local/lib/python3.12/site-packages/airflow/example_dags/example_kubernetes_executor.py
[2025-09-17T11:51:43.718+0000] {processor.py:925} INFO - DAG(s) 'example_kubernetes_executor' retrieved from /home/airflow/.local/lib/python3.12/site-packages/airflow/example_dags/example_kubernetes_executor.py
[2025-09-17T11:51:43.773+0000] {logging_mixin.py:190} INFO - [2025-09-17T11:51:43.772+0000] {dag.py:3239} INFO - Sync 1 DAGs
[2025-09-17T11:51:43.799+0000] {logging_mixin.py:190} INFO - [2025-09-17T11:51:43.799+0000] {dag.py:4180} INFO - Setting next_dagrun for example_kubernetes_executor to None, run_after=None
[2025-09-17T11:51:43.829+0000] {processor.py:208} INFO - Processing /home/airflow/.local/lib/python3.12/site-packages/airflow/example_dags/example_kubernetes_executor.py took 0.160 seconds
[2025-09-17T11:52:14.237+0000] {processor.py:186} INFO - Started process (PID=1071) to work on /home/airflow/.local/lib/python3.12/site-packages/airflow/example_dags/example_kubernetes_executor.py
[2025-09-17T11:52:14.238+0000] {processor.py:914} INFO - Processing file /home/airflow/.local/lib/python3.12/site-packages/airflow/example_dags/example_kubernetes_executor.py for tasks to queue
[2025-09-17T11:52:14.242+0000] {logging_mixin.py:190} INFO - [2025-09-17T11:52:14.241+0000] {dagbag.py:588} INFO - Filling up the DagBag from /home/airflow/.local/lib/python3.12/site-packages/airflow/example_dags/example_kubernetes_executor.py
[2025-09-17T11:52:14.259+0000] {processor.py:925} INFO - DAG(s) 'example_kubernetes_executor' retrieved from /home/airflow/.local/lib/python3.12/site-packages/airflow/example_dags/example_kubernetes_executor.py
[2025-09-17T11:52:14.305+0000] {logging_mixin.py:190} INFO - [2025-09-17T11:52:14.304+0000] {dag.py:3239} INFO - Sync 1 DAGs
[2025-09-17T11:52:14.324+0000] {logging_mixin.py:190} INFO - [2025-09-17T11:52:14.324+0000] {dag.py:4180} INFO - Setting next_dagrun for example_kubernetes_executor to None, run_after=None
[2025-09-17T11:52:14.351+0000] {processor.py:208} INFO - Processing /home/airflow/.local/lib/python3.12/site-packages/airflow/example_dags/example_kubernetes_executor.py took 0.122 seconds
[2025-09-17T11:52:44.716+0000] {processor.py:186} INFO - Started process (PID=1132) to work on /home/airflow/.local/lib/python3.12/site-packages/airflow/example_dags/example_kubernetes_executor.py
[2025-09-17T11:52:44.718+0000] {processor.py:914} INFO - Processing file /home/airflow/.local/lib/python3.12/site-packages/airflow/example_dags/example_kubernetes_executor.py for tasks to queue
[2025-09-17T11:52:44.722+0000] {logging_mixin.py:190} INFO - [2025-09-17T11:52:44.721+0000] {dagbag.py:588} INFO - Filling up the DagBag from /home/airflow/.local/lib/python3.12/site-packages/airflow/example_dags/example_kubernetes_executor.py
[2025-09-17T11:52:44.740+0000] {processor.py:925} INFO - DAG(s) 'example_kubernetes_executor' retrieved from /home/airflow/.local/lib/python3.12/site-packages/airflow/example_dags/example_kubernetes_executor.py
[2025-09-17T11:52:44.784+0000] {logging_mixin.py:190} INFO - [2025-09-17T11:52:44.783+0000] {dag.py:3239} INFO - Sync 1 DAGs
[2025-09-17T11:52:44.799+0000] {logging_mixin.py:190} INFO - [2025-09-17T11:52:44.799+0000] {dag.py:4180} INFO - Setting next_dagrun for example_kubernetes_executor to None, run_after=None
[2025-09-17T11:52:44.824+0000] {processor.py:208} INFO - Processing /home/airflow/.local/lib/python3.12/site-packages/airflow/example_dags/example_kubernetes_executor.py took 0.115 seconds
[2025-09-17T11:53:15.401+0000] {processor.py:186} INFO - Started process (PID=1194) to work on /home/airflow/.local/lib/python3.12/site-packages/airflow/example_dags/example_kubernetes_executor.py
[2025-09-17T11:53:15.406+0000] {processor.py:914} INFO - Processing file /home/airflow/.local/lib/python3.12/site-packages/airflow/example_dags/example_kubernetes_executor.py for tasks to queue
[2025-09-17T11:53:15.414+0000] {logging_mixin.py:190} INFO - [2025-09-17T11:53:15.413+0000] {dagbag.py:588} INFO - Filling up the DagBag from /home/airflow/.local/lib/python3.12/site-packages/airflow/example_dags/example_kubernetes_executor.py
[2025-09-17T11:53:15.448+0000] {processor.py:925} INFO - DAG(s) 'example_kubernetes_executor' retrieved from /home/airflow/.local/lib/python3.12/site-packages/airflow/example_dags/example_kubernetes_executor.py
[2025-09-17T11:53:15.509+0000] {logging_mixin.py:190} INFO - [2025-09-17T11:53:15.509+0000] {dag.py:3239} INFO - Sync 1 DAGs
[2025-09-17T11:53:15.539+0000] {logging_mixin.py:190} INFO - [2025-09-17T11:53:15.538+0000] {dag.py:4180} INFO - Setting next_dagrun for example_kubernetes_executor to None, run_after=None
[2025-09-17T11:53:15.568+0000] {processor.py:208} INFO - Processing /home/airflow/.local/lib/python3.12/site-packages/airflow/example_dags/example_kubernetes_executor.py took 0.180 seconds
