[2025-09-17T11:43:21.455+0000] {processor.py:186} INFO - Started process (PID=156) to work on /home/airflow/.local/lib/python3.12/site-packages/airflow/example_dags/example_xcomargs.py
[2025-09-17T11:43:21.458+0000] {processor.py:914} INFO - Processing file /home/airflow/.local/lib/python3.12/site-packages/airflow/example_dags/example_xcomargs.py for tasks to queue
[2025-09-17T11:43:21.465+0000] {logging_mixin.py:190} INFO - [2025-09-17T11:43:21.463+0000] {dagbag.py:588} INFO - Filling up the DagBag from /home/airflow/.local/lib/python3.12/site-packages/airflow/example_dags/example_xcomargs.py
[2025-09-17T11:43:21.500+0000] {processor.py:925} INFO - DAG(s) 'example_xcom_args', 'example_xcom_args_with_operators' retrieved from /home/airflow/.local/lib/python3.12/site-packages/airflow/example_dags/example_xcomargs.py
[2025-09-17T11:43:21.850+0000] {logging_mixin.py:190} INFO - [2025-09-17T11:43:21.848+0000] {override.py:1900} INFO - Created Permission View: can delete on DAG:example_xcom_args
[2025-09-17T11:43:21.875+0000] {logging_mixin.py:190} INFO - [2025-09-17T11:43:21.875+0000] {override.py:1900} INFO - Created Permission View: can edit on DAG:example_xcom_args
[2025-09-17T11:43:21.888+0000] {logging_mixin.py:190} INFO - [2025-09-17T11:43:21.888+0000] {override.py:1900} INFO - Created Permission View: can read on DAG:example_xcom_args
[2025-09-17T11:43:21.903+0000] {logging_mixin.py:190} INFO - [2025-09-17T11:43:21.903+0000] {override.py:1900} INFO - Created Permission View: can delete on DAG Run:example_xcom_args
[2025-09-17T11:43:21.922+0000] {logging_mixin.py:190} INFO - [2025-09-17T11:43:21.921+0000] {override.py:1900} INFO - Created Permission View: menu access on DAG Run:example_xcom_args
[2025-09-17T11:43:21.938+0000] {logging_mixin.py:190} INFO - [2025-09-17T11:43:21.938+0000] {override.py:1900} INFO - Created Permission View: can read on DAG Run:example_xcom_args
[2025-09-17T11:43:21.954+0000] {logging_mixin.py:190} INFO - [2025-09-17T11:43:21.953+0000] {override.py:1900} INFO - Created Permission View: can create on DAG Run:example_xcom_args
[2025-09-17T11:43:21.982+0000] {logging_mixin.py:190} INFO - [2025-09-17T11:43:21.981+0000] {override.py:1900} INFO - Created Permission View: can delete on DAG:example_xcom_args_with_operators
[2025-09-17T11:43:21.994+0000] {logging_mixin.py:190} INFO - [2025-09-17T11:43:21.993+0000] {override.py:1900} INFO - Created Permission View: can edit on DAG:example_xcom_args_with_operators
[2025-09-17T11:43:22.008+0000] {logging_mixin.py:190} INFO - [2025-09-17T11:43:22.007+0000] {override.py:1900} INFO - Created Permission View: can read on DAG:example_xcom_args_with_operators
[2025-09-17T11:43:22.028+0000] {logging_mixin.py:190} INFO - [2025-09-17T11:43:22.028+0000] {override.py:1900} INFO - Created Permission View: can delete on DAG Run:example_xcom_args_with_operators
[2025-09-17T11:43:22.052+0000] {logging_mixin.py:190} INFO - [2025-09-17T11:43:22.052+0000] {override.py:1900} INFO - Created Permission View: menu access on DAG Run:example_xcom_args_with_operators
[2025-09-17T11:43:22.067+0000] {logging_mixin.py:190} INFO - [2025-09-17T11:43:22.067+0000] {override.py:1900} INFO - Created Permission View: can read on DAG Run:example_xcom_args_with_operators
[2025-09-17T11:43:22.079+0000] {logging_mixin.py:190} INFO - [2025-09-17T11:43:22.078+0000] {override.py:1900} INFO - Created Permission View: can create on DAG Run:example_xcom_args_with_operators
[2025-09-17T11:43:22.081+0000] {logging_mixin.py:190} INFO - [2025-09-17T11:43:22.080+0000] {dag.py:3239} INFO - Sync 2 DAGs
[2025-09-17T11:43:22.113+0000] {logging_mixin.py:190} INFO - [2025-09-17T11:43:22.112+0000] {dag.py:3262} INFO - Creating ORM DAG for example_xcom_args_with_operators
[2025-09-17T11:43:22.115+0000] {logging_mixin.py:190} INFO - [2025-09-17T11:43:22.115+0000] {dag.py:3262} INFO - Creating ORM DAG for example_xcom_args
[2025-09-17T11:43:22.117+0000] {logging_mixin.py:190} INFO - [2025-09-17T11:43:22.117+0000] {dag.py:4180} INFO - Setting next_dagrun for example_xcom_args to None, run_after=None
[2025-09-17T11:43:22.120+0000] {logging_mixin.py:190} INFO - [2025-09-17T11:43:22.119+0000] {dag.py:4180} INFO - Setting next_dagrun for example_xcom_args_with_operators to None, run_after=None
[2025-09-17T11:43:22.179+0000] {processor.py:208} INFO - Processing /home/airflow/.local/lib/python3.12/site-packages/airflow/example_dags/example_xcomargs.py took 0.742 seconds
[2025-09-17T11:43:59.766+0000] {processor.py:186} INFO - Started process (PID=57) to work on /home/airflow/.local/lib/python3.12/site-packages/airflow/example_dags/example_xcomargs.py
[2025-09-17T11:43:59.768+0000] {processor.py:914} INFO - Processing file /home/airflow/.local/lib/python3.12/site-packages/airflow/example_dags/example_xcomargs.py for tasks to queue
[2025-09-17T11:43:59.774+0000] {logging_mixin.py:190} INFO - [2025-09-17T11:43:59.773+0000] {dagbag.py:588} INFO - Filling up the DagBag from /home/airflow/.local/lib/python3.12/site-packages/airflow/example_dags/example_xcomargs.py
[2025-09-17T11:43:59.806+0000] {processor.py:925} INFO - DAG(s) 'example_xcom_args', 'example_xcom_args_with_operators' retrieved from /home/airflow/.local/lib/python3.12/site-packages/airflow/example_dags/example_xcomargs.py
[2025-09-17T11:43:59.878+0000] {logging_mixin.py:190} INFO - [2025-09-17T11:43:59.878+0000] {dag.py:3239} INFO - Sync 2 DAGs
[2025-09-17T11:43:59.913+0000] {logging_mixin.py:190} INFO - [2025-09-17T11:43:59.912+0000] {dag.py:4180} INFO - Setting next_dagrun for example_xcom_args to None, run_after=None
[2025-09-17T11:43:59.921+0000] {logging_mixin.py:190} INFO - [2025-09-17T11:43:59.921+0000] {dag.py:4180} INFO - Setting next_dagrun for example_xcom_args_with_operators to None, run_after=None
[2025-09-17T11:43:59.957+0000] {processor.py:208} INFO - Processing /home/airflow/.local/lib/python3.12/site-packages/airflow/example_dags/example_xcomargs.py took 0.203 seconds
[2025-09-17T11:44:30.368+0000] {processor.py:186} INFO - Started process (PID=120) to work on /home/airflow/.local/lib/python3.12/site-packages/airflow/example_dags/example_xcomargs.py
[2025-09-17T11:44:30.370+0000] {processor.py:914} INFO - Processing file /home/airflow/.local/lib/python3.12/site-packages/airflow/example_dags/example_xcomargs.py for tasks to queue
[2025-09-17T11:44:30.374+0000] {logging_mixin.py:190} INFO - [2025-09-17T11:44:30.373+0000] {dagbag.py:588} INFO - Filling up the DagBag from /home/airflow/.local/lib/python3.12/site-packages/airflow/example_dags/example_xcomargs.py
[2025-09-17T11:44:30.388+0000] {processor.py:925} INFO - DAG(s) 'example_xcom_args_with_operators', 'example_xcom_args' retrieved from /home/airflow/.local/lib/python3.12/site-packages/airflow/example_dags/example_xcomargs.py
[2025-09-17T11:44:30.424+0000] {logging_mixin.py:190} INFO - [2025-09-17T11:44:30.424+0000] {dag.py:3239} INFO - Sync 2 DAGs
[2025-09-17T11:44:30.448+0000] {logging_mixin.py:190} INFO - [2025-09-17T11:44:30.447+0000] {dag.py:4180} INFO - Setting next_dagrun for example_xcom_args to None, run_after=None
[2025-09-17T11:44:30.454+0000] {logging_mixin.py:190} INFO - [2025-09-17T11:44:30.453+0000] {dag.py:4180} INFO - Setting next_dagrun for example_xcom_args_with_operators to None, run_after=None
[2025-09-17T11:44:30.480+0000] {processor.py:208} INFO - Processing /home/airflow/.local/lib/python3.12/site-packages/airflow/example_dags/example_xcomargs.py took 0.120 seconds
[2025-09-17T11:45:01.320+0000] {processor.py:186} INFO - Started process (PID=182) to work on /home/airflow/.local/lib/python3.12/site-packages/airflow/example_dags/example_xcomargs.py
[2025-09-17T11:45:01.322+0000] {processor.py:914} INFO - Processing file /home/airflow/.local/lib/python3.12/site-packages/airflow/example_dags/example_xcomargs.py for tasks to queue
[2025-09-17T11:45:01.325+0000] {logging_mixin.py:190} INFO - [2025-09-17T11:45:01.325+0000] {dagbag.py:588} INFO - Filling up the DagBag from /home/airflow/.local/lib/python3.12/site-packages/airflow/example_dags/example_xcomargs.py
[2025-09-17T11:45:01.338+0000] {processor.py:925} INFO - DAG(s) 'example_xcom_args_with_operators', 'example_xcom_args' retrieved from /home/airflow/.local/lib/python3.12/site-packages/airflow/example_dags/example_xcomargs.py
[2025-09-17T11:45:01.369+0000] {logging_mixin.py:190} INFO - [2025-09-17T11:45:01.369+0000] {dag.py:3239} INFO - Sync 2 DAGs
[2025-09-17T11:45:01.390+0000] {logging_mixin.py:190} INFO - [2025-09-17T11:45:01.389+0000] {dag.py:4180} INFO - Setting next_dagrun for example_xcom_args to None, run_after=None
[2025-09-17T11:45:01.395+0000] {logging_mixin.py:190} INFO - [2025-09-17T11:45:01.394+0000] {dag.py:4180} INFO - Setting next_dagrun for example_xcom_args_with_operators to None, run_after=None
[2025-09-17T11:45:01.418+0000] {processor.py:208} INFO - Processing /home/airflow/.local/lib/python3.12/site-packages/airflow/example_dags/example_xcomargs.py took 0.105 seconds
[2025-09-17T11:45:32.168+0000] {processor.py:186} INFO - Started process (PID=244) to work on /home/airflow/.local/lib/python3.12/site-packages/airflow/example_dags/example_xcomargs.py
[2025-09-17T11:45:32.169+0000] {processor.py:914} INFO - Processing file /home/airflow/.local/lib/python3.12/site-packages/airflow/example_dags/example_xcomargs.py for tasks to queue
[2025-09-17T11:45:32.173+0000] {logging_mixin.py:190} INFO - [2025-09-17T11:45:32.172+0000] {dagbag.py:588} INFO - Filling up the DagBag from /home/airflow/.local/lib/python3.12/site-packages/airflow/example_dags/example_xcomargs.py
[2025-09-17T11:45:32.186+0000] {processor.py:925} INFO - DAG(s) 'example_xcom_args', 'example_xcom_args_with_operators' retrieved from /home/airflow/.local/lib/python3.12/site-packages/airflow/example_dags/example_xcomargs.py
[2025-09-17T11:45:32.219+0000] {logging_mixin.py:190} INFO - [2025-09-17T11:45:32.219+0000] {dag.py:3239} INFO - Sync 2 DAGs
[2025-09-17T11:45:32.240+0000] {logging_mixin.py:190} INFO - [2025-09-17T11:45:32.240+0000] {dag.py:4180} INFO - Setting next_dagrun for example_xcom_args to None, run_after=None
[2025-09-17T11:45:32.246+0000] {logging_mixin.py:190} INFO - [2025-09-17T11:45:32.246+0000] {dag.py:4180} INFO - Setting next_dagrun for example_xcom_args_with_operators to None, run_after=None
[2025-09-17T11:45:32.273+0000] {processor.py:208} INFO - Processing /home/airflow/.local/lib/python3.12/site-packages/airflow/example_dags/example_xcomargs.py took 0.114 seconds
[2025-09-17T11:46:03.187+0000] {processor.py:186} INFO - Started process (PID=306) to work on /home/airflow/.local/lib/python3.12/site-packages/airflow/example_dags/example_xcomargs.py
[2025-09-17T11:46:03.189+0000] {processor.py:914} INFO - Processing file /home/airflow/.local/lib/python3.12/site-packages/airflow/example_dags/example_xcomargs.py for tasks to queue
[2025-09-17T11:46:03.192+0000] {logging_mixin.py:190} INFO - [2025-09-17T11:46:03.192+0000] {dagbag.py:588} INFO - Filling up the DagBag from /home/airflow/.local/lib/python3.12/site-packages/airflow/example_dags/example_xcomargs.py
[2025-09-17T11:46:03.207+0000] {processor.py:925} INFO - DAG(s) 'example_xcom_args', 'example_xcom_args_with_operators' retrieved from /home/airflow/.local/lib/python3.12/site-packages/airflow/example_dags/example_xcomargs.py
[2025-09-17T11:46:03.238+0000] {logging_mixin.py:190} INFO - [2025-09-17T11:46:03.238+0000] {dag.py:3239} INFO - Sync 2 DAGs
[2025-09-17T11:46:03.257+0000] {logging_mixin.py:190} INFO - [2025-09-17T11:46:03.257+0000] {dag.py:4180} INFO - Setting next_dagrun for example_xcom_args to None, run_after=None
[2025-09-17T11:46:03.262+0000] {logging_mixin.py:190} INFO - [2025-09-17T11:46:03.262+0000] {dag.py:4180} INFO - Setting next_dagrun for example_xcom_args_with_operators to None, run_after=None
[2025-09-17T11:46:03.286+0000] {processor.py:208} INFO - Processing /home/airflow/.local/lib/python3.12/site-packages/airflow/example_dags/example_xcomargs.py took 0.109 seconds
[2025-09-17T11:46:33.637+0000] {processor.py:186} INFO - Started process (PID=369) to work on /home/airflow/.local/lib/python3.12/site-packages/airflow/example_dags/example_xcomargs.py
[2025-09-17T11:46:33.638+0000] {processor.py:914} INFO - Processing file /home/airflow/.local/lib/python3.12/site-packages/airflow/example_dags/example_xcomargs.py for tasks to queue
[2025-09-17T11:46:33.642+0000] {logging_mixin.py:190} INFO - [2025-09-17T11:46:33.642+0000] {dagbag.py:588} INFO - Filling up the DagBag from /home/airflow/.local/lib/python3.12/site-packages/airflow/example_dags/example_xcomargs.py
[2025-09-17T11:46:33.657+0000] {processor.py:925} INFO - DAG(s) 'example_xcom_args_with_operators', 'example_xcom_args' retrieved from /home/airflow/.local/lib/python3.12/site-packages/airflow/example_dags/example_xcomargs.py
[2025-09-17T11:46:33.697+0000] {logging_mixin.py:190} INFO - [2025-09-17T11:46:33.697+0000] {dag.py:3239} INFO - Sync 2 DAGs
[2025-09-17T11:46:33.721+0000] {logging_mixin.py:190} INFO - [2025-09-17T11:46:33.721+0000] {dag.py:4180} INFO - Setting next_dagrun for example_xcom_args to None, run_after=None
[2025-09-17T11:46:33.727+0000] {logging_mixin.py:190} INFO - [2025-09-17T11:46:33.726+0000] {dag.py:4180} INFO - Setting next_dagrun for example_xcom_args_with_operators to None, run_after=None
[2025-09-17T11:46:33.753+0000] {processor.py:208} INFO - Processing /home/airflow/.local/lib/python3.12/site-packages/airflow/example_dags/example_xcomargs.py took 0.125 seconds
[2025-09-17T11:47:04.695+0000] {processor.py:186} INFO - Started process (PID=437) to work on /home/airflow/.local/lib/python3.12/site-packages/airflow/example_dags/example_xcomargs.py
[2025-09-17T11:47:04.696+0000] {processor.py:914} INFO - Processing file /home/airflow/.local/lib/python3.12/site-packages/airflow/example_dags/example_xcomargs.py for tasks to queue
[2025-09-17T11:47:04.700+0000] {logging_mixin.py:190} INFO - [2025-09-17T11:47:04.700+0000] {dagbag.py:588} INFO - Filling up the DagBag from /home/airflow/.local/lib/python3.12/site-packages/airflow/example_dags/example_xcomargs.py
[2025-09-17T11:47:04.713+0000] {processor.py:925} INFO - DAG(s) 'example_xcom_args_with_operators', 'example_xcom_args' retrieved from /home/airflow/.local/lib/python3.12/site-packages/airflow/example_dags/example_xcomargs.py
[2025-09-17T11:47:04.748+0000] {logging_mixin.py:190} INFO - [2025-09-17T11:47:04.748+0000] {dag.py:3239} INFO - Sync 2 DAGs
[2025-09-17T11:47:04.770+0000] {logging_mixin.py:190} INFO - [2025-09-17T11:47:04.770+0000] {dag.py:4180} INFO - Setting next_dagrun for example_xcom_args to None, run_after=None
[2025-09-17T11:47:04.777+0000] {logging_mixin.py:190} INFO - [2025-09-17T11:47:04.777+0000] {dag.py:4180} INFO - Setting next_dagrun for example_xcom_args_with_operators to None, run_after=None
[2025-09-17T11:47:04.804+0000] {processor.py:208} INFO - Processing /home/airflow/.local/lib/python3.12/site-packages/airflow/example_dags/example_xcomargs.py took 0.117 seconds
[2025-09-17T11:47:35.166+0000] {processor.py:186} INFO - Started process (PID=500) to work on /home/airflow/.local/lib/python3.12/site-packages/airflow/example_dags/example_xcomargs.py
[2025-09-17T11:47:35.168+0000] {processor.py:914} INFO - Processing file /home/airflow/.local/lib/python3.12/site-packages/airflow/example_dags/example_xcomargs.py for tasks to queue
[2025-09-17T11:47:35.171+0000] {logging_mixin.py:190} INFO - [2025-09-17T11:47:35.170+0000] {dagbag.py:588} INFO - Filling up the DagBag from /home/airflow/.local/lib/python3.12/site-packages/airflow/example_dags/example_xcomargs.py
[2025-09-17T11:47:35.183+0000] {processor.py:925} INFO - DAG(s) 'example_xcom_args_with_operators', 'example_xcom_args' retrieved from /home/airflow/.local/lib/python3.12/site-packages/airflow/example_dags/example_xcomargs.py
[2025-09-17T11:47:35.213+0000] {logging_mixin.py:190} INFO - [2025-09-17T11:47:35.213+0000] {dag.py:3239} INFO - Sync 2 DAGs
[2025-09-17T11:47:35.234+0000] {logging_mixin.py:190} INFO - [2025-09-17T11:47:35.234+0000] {dag.py:4180} INFO - Setting next_dagrun for example_xcom_args to None, run_after=None
[2025-09-17T11:47:35.238+0000] {logging_mixin.py:190} INFO - [2025-09-17T11:47:35.238+0000] {dag.py:4180} INFO - Setting next_dagrun for example_xcom_args_with_operators to None, run_after=None
[2025-09-17T11:47:35.262+0000] {processor.py:208} INFO - Processing /home/airflow/.local/lib/python3.12/site-packages/airflow/example_dags/example_xcomargs.py took 0.104 seconds
[2025-09-17T11:48:05.980+0000] {processor.py:186} INFO - Started process (PID=562) to work on /home/airflow/.local/lib/python3.12/site-packages/airflow/example_dags/example_xcomargs.py
[2025-09-17T11:48:05.982+0000] {processor.py:914} INFO - Processing file /home/airflow/.local/lib/python3.12/site-packages/airflow/example_dags/example_xcomargs.py for tasks to queue
[2025-09-17T11:48:05.986+0000] {logging_mixin.py:190} INFO - [2025-09-17T11:48:05.985+0000] {dagbag.py:588} INFO - Filling up the DagBag from /home/airflow/.local/lib/python3.12/site-packages/airflow/example_dags/example_xcomargs.py
[2025-09-17T11:48:06.005+0000] {processor.py:925} INFO - DAG(s) 'example_xcom_args', 'example_xcom_args_with_operators' retrieved from /home/airflow/.local/lib/python3.12/site-packages/airflow/example_dags/example_xcomargs.py
[2025-09-17T11:48:06.037+0000] {logging_mixin.py:190} INFO - [2025-09-17T11:48:06.037+0000] {dag.py:3239} INFO - Sync 2 DAGs
[2025-09-17T11:48:06.056+0000] {logging_mixin.py:190} INFO - [2025-09-17T11:48:06.055+0000] {dag.py:4180} INFO - Setting next_dagrun for example_xcom_args to None, run_after=None
[2025-09-17T11:48:06.060+0000] {logging_mixin.py:190} INFO - [2025-09-17T11:48:06.060+0000] {dag.py:4180} INFO - Setting next_dagrun for example_xcom_args_with_operators to None, run_after=None
[2025-09-17T11:48:06.081+0000] {processor.py:208} INFO - Processing /home/airflow/.local/lib/python3.12/site-packages/airflow/example_dags/example_xcomargs.py took 0.110 seconds
[2025-09-17T11:48:36.441+0000] {processor.py:186} INFO - Started process (PID=624) to work on /home/airflow/.local/lib/python3.12/site-packages/airflow/example_dags/example_xcomargs.py
[2025-09-17T11:48:36.442+0000] {processor.py:914} INFO - Processing file /home/airflow/.local/lib/python3.12/site-packages/airflow/example_dags/example_xcomargs.py for tasks to queue
[2025-09-17T11:48:36.445+0000] {logging_mixin.py:190} INFO - [2025-09-17T11:48:36.445+0000] {dagbag.py:588} INFO - Filling up the DagBag from /home/airflow/.local/lib/python3.12/site-packages/airflow/example_dags/example_xcomargs.py
[2025-09-17T11:48:36.458+0000] {processor.py:925} INFO - DAG(s) 'example_xcom_args_with_operators', 'example_xcom_args' retrieved from /home/airflow/.local/lib/python3.12/site-packages/airflow/example_dags/example_xcomargs.py
[2025-09-17T11:48:36.487+0000] {logging_mixin.py:190} INFO - [2025-09-17T11:48:36.486+0000] {dag.py:3239} INFO - Sync 2 DAGs
[2025-09-17T11:48:36.506+0000] {logging_mixin.py:190} INFO - [2025-09-17T11:48:36.505+0000] {dag.py:4180} INFO - Setting next_dagrun for example_xcom_args to None, run_after=None
[2025-09-17T11:48:36.512+0000] {logging_mixin.py:190} INFO - [2025-09-17T11:48:36.511+0000] {dag.py:4180} INFO - Setting next_dagrun for example_xcom_args_with_operators to None, run_after=None
[2025-09-17T11:48:36.534+0000] {processor.py:208} INFO - Processing /home/airflow/.local/lib/python3.12/site-packages/airflow/example_dags/example_xcomargs.py took 0.101 seconds
[2025-09-17T11:49:07.165+0000] {processor.py:186} INFO - Started process (PID=687) to work on /home/airflow/.local/lib/python3.12/site-packages/airflow/example_dags/example_xcomargs.py
[2025-09-17T11:49:07.167+0000] {processor.py:914} INFO - Processing file /home/airflow/.local/lib/python3.12/site-packages/airflow/example_dags/example_xcomargs.py for tasks to queue
[2025-09-17T11:49:07.172+0000] {logging_mixin.py:190} INFO - [2025-09-17T11:49:07.171+0000] {dagbag.py:588} INFO - Filling up the DagBag from /home/airflow/.local/lib/python3.12/site-packages/airflow/example_dags/example_xcomargs.py
[2025-09-17T11:49:07.195+0000] {processor.py:925} INFO - DAG(s) 'example_xcom_args_with_operators', 'example_xcom_args' retrieved from /home/airflow/.local/lib/python3.12/site-packages/airflow/example_dags/example_xcomargs.py
[2025-09-17T11:49:07.312+0000] {logging_mixin.py:190} INFO - [2025-09-17T11:49:07.304+0000] {dag.py:3239} INFO - Sync 2 DAGs
[2025-09-17T11:49:07.344+0000] {logging_mixin.py:190} INFO - [2025-09-17T11:49:07.344+0000] {dag.py:4180} INFO - Setting next_dagrun for example_xcom_args to None, run_after=None
[2025-09-17T11:49:07.349+0000] {logging_mixin.py:190} INFO - [2025-09-17T11:49:07.349+0000] {dag.py:4180} INFO - Setting next_dagrun for example_xcom_args_with_operators to None, run_after=None
[2025-09-17T11:49:07.377+0000] {processor.py:208} INFO - Processing /home/airflow/.local/lib/python3.12/site-packages/airflow/example_dags/example_xcomargs.py took 0.219 seconds
[2025-09-17T11:49:37.871+0000] {processor.py:186} INFO - Started process (PID=749) to work on /home/airflow/.local/lib/python3.12/site-packages/airflow/example_dags/example_xcomargs.py
[2025-09-17T11:49:37.872+0000] {processor.py:914} INFO - Processing file /home/airflow/.local/lib/python3.12/site-packages/airflow/example_dags/example_xcomargs.py for tasks to queue
[2025-09-17T11:49:37.876+0000] {logging_mixin.py:190} INFO - [2025-09-17T11:49:37.875+0000] {dagbag.py:588} INFO - Filling up the DagBag from /home/airflow/.local/lib/python3.12/site-packages/airflow/example_dags/example_xcomargs.py
[2025-09-17T11:49:37.890+0000] {processor.py:925} INFO - DAG(s) 'example_xcom_args', 'example_xcom_args_with_operators' retrieved from /home/airflow/.local/lib/python3.12/site-packages/airflow/example_dags/example_xcomargs.py
[2025-09-17T11:49:37.926+0000] {logging_mixin.py:190} INFO - [2025-09-17T11:49:37.925+0000] {dag.py:3239} INFO - Sync 2 DAGs
[2025-09-17T11:49:37.954+0000] {logging_mixin.py:190} INFO - [2025-09-17T11:49:37.953+0000] {dag.py:4180} INFO - Setting next_dagrun for example_xcom_args to None, run_after=None
[2025-09-17T11:49:37.971+0000] {logging_mixin.py:190} INFO - [2025-09-17T11:49:37.970+0000] {dag.py:4180} INFO - Setting next_dagrun for example_xcom_args_with_operators to None, run_after=None
[2025-09-17T11:49:38.014+0000] {processor.py:208} INFO - Processing /home/airflow/.local/lib/python3.12/site-packages/airflow/example_dags/example_xcomargs.py took 0.150 seconds
[2025-09-17T11:50:08.098+0000] {processor.py:186} INFO - Started process (PID=810) to work on /home/airflow/.local/lib/python3.12/site-packages/airflow/example_dags/example_xcomargs.py
[2025-09-17T11:50:08.100+0000] {processor.py:914} INFO - Processing file /home/airflow/.local/lib/python3.12/site-packages/airflow/example_dags/example_xcomargs.py for tasks to queue
[2025-09-17T11:50:08.103+0000] {logging_mixin.py:190} INFO - [2025-09-17T11:50:08.103+0000] {dagbag.py:588} INFO - Filling up the DagBag from /home/airflow/.local/lib/python3.12/site-packages/airflow/example_dags/example_xcomargs.py
[2025-09-17T11:50:08.120+0000] {processor.py:925} INFO - DAG(s) 'example_xcom_args_with_operators', 'example_xcom_args' retrieved from /home/airflow/.local/lib/python3.12/site-packages/airflow/example_dags/example_xcomargs.py
[2025-09-17T11:50:08.162+0000] {logging_mixin.py:190} INFO - [2025-09-17T11:50:08.161+0000] {dag.py:3239} INFO - Sync 2 DAGs
[2025-09-17T11:50:08.183+0000] {logging_mixin.py:190} INFO - [2025-09-17T11:50:08.183+0000] {dag.py:4180} INFO - Setting next_dagrun for example_xcom_args to None, run_after=None
[2025-09-17T11:50:08.190+0000] {logging_mixin.py:190} INFO - [2025-09-17T11:50:08.189+0000] {dag.py:4180} INFO - Setting next_dagrun for example_xcom_args_with_operators to None, run_after=None
[2025-09-17T11:50:08.215+0000] {processor.py:208} INFO - Processing /home/airflow/.local/lib/python3.12/site-packages/airflow/example_dags/example_xcomargs.py took 0.126 seconds
[2025-09-17T11:50:39.118+0000] {processor.py:186} INFO - Started process (PID=873) to work on /home/airflow/.local/lib/python3.12/site-packages/airflow/example_dags/example_xcomargs.py
[2025-09-17T11:50:39.119+0000] {processor.py:914} INFO - Processing file /home/airflow/.local/lib/python3.12/site-packages/airflow/example_dags/example_xcomargs.py for tasks to queue
[2025-09-17T11:50:39.123+0000] {logging_mixin.py:190} INFO - [2025-09-17T11:50:39.122+0000] {dagbag.py:588} INFO - Filling up the DagBag from /home/airflow/.local/lib/python3.12/site-packages/airflow/example_dags/example_xcomargs.py
[2025-09-17T11:50:39.141+0000] {processor.py:925} INFO - DAG(s) 'example_xcom_args_with_operators', 'example_xcom_args' retrieved from /home/airflow/.local/lib/python3.12/site-packages/airflow/example_dags/example_xcomargs.py
[2025-09-17T11:50:39.181+0000] {logging_mixin.py:190} INFO - [2025-09-17T11:50:39.181+0000] {dag.py:3239} INFO - Sync 2 DAGs
[2025-09-17T11:50:39.204+0000] {logging_mixin.py:190} INFO - [2025-09-17T11:50:39.203+0000] {dag.py:4180} INFO - Setting next_dagrun for example_xcom_args to None, run_after=None
[2025-09-17T11:50:39.209+0000] {logging_mixin.py:190} INFO - [2025-09-17T11:50:39.209+0000] {dag.py:4180} INFO - Setting next_dagrun for example_xcom_args_with_operators to None, run_after=None
[2025-09-17T11:50:39.233+0000] {processor.py:208} INFO - Processing /home/airflow/.local/lib/python3.12/site-packages/airflow/example_dags/example_xcomargs.py took 0.124 seconds
[2025-09-17T11:51:10.068+0000] {processor.py:186} INFO - Started process (PID=935) to work on /home/airflow/.local/lib/python3.12/site-packages/airflow/example_dags/example_xcomargs.py
[2025-09-17T11:51:10.070+0000] {processor.py:914} INFO - Processing file /home/airflow/.local/lib/python3.12/site-packages/airflow/example_dags/example_xcomargs.py for tasks to queue
[2025-09-17T11:51:10.074+0000] {logging_mixin.py:190} INFO - [2025-09-17T11:51:10.073+0000] {dagbag.py:588} INFO - Filling up the DagBag from /home/airflow/.local/lib/python3.12/site-packages/airflow/example_dags/example_xcomargs.py
[2025-09-17T11:51:10.088+0000] {processor.py:925} INFO - DAG(s) 'example_xcom_args_with_operators', 'example_xcom_args' retrieved from /home/airflow/.local/lib/python3.12/site-packages/airflow/example_dags/example_xcomargs.py
[2025-09-17T11:51:10.117+0000] {logging_mixin.py:190} INFO - [2025-09-17T11:51:10.117+0000] {dag.py:3239} INFO - Sync 2 DAGs
[2025-09-17T11:51:10.138+0000] {logging_mixin.py:190} INFO - [2025-09-17T11:51:10.137+0000] {dag.py:4180} INFO - Setting next_dagrun for example_xcom_args to None, run_after=None
[2025-09-17T11:51:10.143+0000] {logging_mixin.py:190} INFO - [2025-09-17T11:51:10.143+0000] {dag.py:4180} INFO - Setting next_dagrun for example_xcom_args_with_operators to None, run_after=None
[2025-09-17T11:51:10.168+0000] {processor.py:208} INFO - Processing /home/airflow/.local/lib/python3.12/site-packages/airflow/example_dags/example_xcomargs.py took 0.107 seconds
[2025-09-17T11:51:40.732+0000] {processor.py:186} INFO - Started process (PID=997) to work on /home/airflow/.local/lib/python3.12/site-packages/airflow/example_dags/example_xcomargs.py
[2025-09-17T11:51:40.733+0000] {processor.py:914} INFO - Processing file /home/airflow/.local/lib/python3.12/site-packages/airflow/example_dags/example_xcomargs.py for tasks to queue
[2025-09-17T11:51:40.736+0000] {logging_mixin.py:190} INFO - [2025-09-17T11:51:40.736+0000] {dagbag.py:588} INFO - Filling up the DagBag from /home/airflow/.local/lib/python3.12/site-packages/airflow/example_dags/example_xcomargs.py
[2025-09-17T11:51:40.749+0000] {processor.py:925} INFO - DAG(s) 'example_xcom_args_with_operators', 'example_xcom_args' retrieved from /home/airflow/.local/lib/python3.12/site-packages/airflow/example_dags/example_xcomargs.py
[2025-09-17T11:51:40.780+0000] {logging_mixin.py:190} INFO - [2025-09-17T11:51:40.779+0000] {dag.py:3239} INFO - Sync 2 DAGs
[2025-09-17T11:51:40.798+0000] {logging_mixin.py:190} INFO - [2025-09-17T11:51:40.798+0000] {dag.py:4180} INFO - Setting next_dagrun for example_xcom_args to None, run_after=None
[2025-09-17T11:51:40.803+0000] {logging_mixin.py:190} INFO - [2025-09-17T11:51:40.803+0000] {dag.py:4180} INFO - Setting next_dagrun for example_xcom_args_with_operators to None, run_after=None
[2025-09-17T11:51:40.832+0000] {processor.py:208} INFO - Processing /home/airflow/.local/lib/python3.12/site-packages/airflow/example_dags/example_xcomargs.py took 0.108 seconds
[2025-09-17T11:52:11.324+0000] {processor.py:186} INFO - Started process (PID=1059) to work on /home/airflow/.local/lib/python3.12/site-packages/airflow/example_dags/example_xcomargs.py
[2025-09-17T11:52:11.325+0000] {processor.py:914} INFO - Processing file /home/airflow/.local/lib/python3.12/site-packages/airflow/example_dags/example_xcomargs.py for tasks to queue
[2025-09-17T11:52:11.329+0000] {logging_mixin.py:190} INFO - [2025-09-17T11:52:11.328+0000] {dagbag.py:588} INFO - Filling up the DagBag from /home/airflow/.local/lib/python3.12/site-packages/airflow/example_dags/example_xcomargs.py
[2025-09-17T11:52:11.341+0000] {processor.py:925} INFO - DAG(s) 'example_xcom_args', 'example_xcom_args_with_operators' retrieved from /home/airflow/.local/lib/python3.12/site-packages/airflow/example_dags/example_xcomargs.py
[2025-09-17T11:52:11.369+0000] {logging_mixin.py:190} INFO - [2025-09-17T11:52:11.369+0000] {dag.py:3239} INFO - Sync 2 DAGs
[2025-09-17T11:52:11.387+0000] {logging_mixin.py:190} INFO - [2025-09-17T11:52:11.387+0000] {dag.py:4180} INFO - Setting next_dagrun for example_xcom_args to None, run_after=None
[2025-09-17T11:52:11.392+0000] {logging_mixin.py:190} INFO - [2025-09-17T11:52:11.392+0000] {dag.py:4180} INFO - Setting next_dagrun for example_xcom_args_with_operators to None, run_after=None
[2025-09-17T11:52:11.414+0000] {processor.py:208} INFO - Processing /home/airflow/.local/lib/python3.12/site-packages/airflow/example_dags/example_xcomargs.py took 0.099 seconds
[2025-09-17T11:52:41.865+0000] {processor.py:186} INFO - Started process (PID=1121) to work on /home/airflow/.local/lib/python3.12/site-packages/airflow/example_dags/example_xcomargs.py
[2025-09-17T11:52:41.867+0000] {processor.py:914} INFO - Processing file /home/airflow/.local/lib/python3.12/site-packages/airflow/example_dags/example_xcomargs.py for tasks to queue
[2025-09-17T11:52:41.870+0000] {logging_mixin.py:190} INFO - [2025-09-17T11:52:41.870+0000] {dagbag.py:588} INFO - Filling up the DagBag from /home/airflow/.local/lib/python3.12/site-packages/airflow/example_dags/example_xcomargs.py
[2025-09-17T11:52:41.882+0000] {processor.py:925} INFO - DAG(s) 'example_xcom_args_with_operators', 'example_xcom_args' retrieved from /home/airflow/.local/lib/python3.12/site-packages/airflow/example_dags/example_xcomargs.py
[2025-09-17T11:52:41.913+0000] {logging_mixin.py:190} INFO - [2025-09-17T11:52:41.913+0000] {dag.py:3239} INFO - Sync 2 DAGs
[2025-09-17T11:52:41.931+0000] {logging_mixin.py:190} INFO - [2025-09-17T11:52:41.931+0000] {dag.py:4180} INFO - Setting next_dagrun for example_xcom_args to None, run_after=None
[2025-09-17T11:52:41.936+0000] {logging_mixin.py:190} INFO - [2025-09-17T11:52:41.935+0000] {dag.py:4180} INFO - Setting next_dagrun for example_xcom_args_with_operators to None, run_after=None
[2025-09-17T11:52:41.958+0000] {processor.py:208} INFO - Processing /home/airflow/.local/lib/python3.12/site-packages/airflow/example_dags/example_xcomargs.py took 0.102 seconds
[2025-09-17T11:53:12.346+0000] {processor.py:186} INFO - Started process (PID=1183) to work on /home/airflow/.local/lib/python3.12/site-packages/airflow/example_dags/example_xcomargs.py
[2025-09-17T11:53:12.348+0000] {processor.py:914} INFO - Processing file /home/airflow/.local/lib/python3.12/site-packages/airflow/example_dags/example_xcomargs.py for tasks to queue
[2025-09-17T11:53:12.351+0000] {logging_mixin.py:190} INFO - [2025-09-17T11:53:12.351+0000] {dagbag.py:588} INFO - Filling up the DagBag from /home/airflow/.local/lib/python3.12/site-packages/airflow/example_dags/example_xcomargs.py
[2025-09-17T11:53:12.365+0000] {processor.py:925} INFO - DAG(s) 'example_xcom_args_with_operators', 'example_xcom_args' retrieved from /home/airflow/.local/lib/python3.12/site-packages/airflow/example_dags/example_xcomargs.py
[2025-09-17T11:53:12.400+0000] {logging_mixin.py:190} INFO - [2025-09-17T11:53:12.399+0000] {dag.py:3239} INFO - Sync 2 DAGs
[2025-09-17T11:53:12.420+0000] {logging_mixin.py:190} INFO - [2025-09-17T11:53:12.420+0000] {dag.py:4180} INFO - Setting next_dagrun for example_xcom_args to None, run_after=None
[2025-09-17T11:53:12.426+0000] {logging_mixin.py:190} INFO - [2025-09-17T11:53:12.426+0000] {dag.py:4180} INFO - Setting next_dagrun for example_xcom_args_with_operators to None, run_after=None
[2025-09-17T11:53:12.452+0000] {processor.py:208} INFO - Processing /home/airflow/.local/lib/python3.12/site-packages/airflow/example_dags/example_xcomargs.py took 0.114 seconds
