[2025-09-17T11:43:32.312+0000] {processor.py:186} INFO - Started process (PID=191) to work on /home/airflow/.local/lib/python3.12/site-packages/airflow/example_dags/example_bash_decorator.py
[2025-09-17T11:43:32.314+0000] {processor.py:914} INFO - Processing file /home/airflow/.local/lib/python3.12/site-packages/airflow/example_dags/example_bash_decorator.py for tasks to queue
[2025-09-17T11:43:32.317+0000] {logging_mixin.py:190} INFO - [2025-09-17T11:43:32.317+0000] {dagbag.py:588} INFO - Filling up the DagBag from /home/airflow/.local/lib/python3.12/site-packages/airflow/example_dags/example_bash_decorator.py
[2025-09-17T11:43:32.350+0000] {processor.py:925} INFO - DAG(s) 'example_bash_decorator' retrieved from /home/airflow/.local/lib/python3.12/site-packages/airflow/example_dags/example_bash_decorator.py
[2025-09-17T11:43:32.537+0000] {logging_mixin.py:190} INFO - [2025-09-17T11:43:32.536+0000] {override.py:1900} INFO - Created Permission View: can delete on DAG:example_bash_decorator
[2025-09-17T11:43:32.550+0000] {logging_mixin.py:190} INFO - [2025-09-17T11:43:32.550+0000] {override.py:1900} INFO - Created Permission View: can edit on DAG:example_bash_decorator
[2025-09-17T11:43:32.560+0000] {logging_mixin.py:190} INFO - [2025-09-17T11:43:32.559+0000] {override.py:1900} INFO - Created Permission View: can read on DAG:example_bash_decorator
[2025-09-17T11:43:32.570+0000] {logging_mixin.py:190} INFO - [2025-09-17T11:43:32.570+0000] {override.py:1900} INFO - Created Permission View: can delete on DAG Run:example_bash_decorator
[2025-09-17T11:43:32.578+0000] {logging_mixin.py:190} INFO - [2025-09-17T11:43:32.578+0000] {override.py:1900} INFO - Created Permission View: menu access on DAG Run:example_bash_decorator
[2025-09-17T11:43:32.588+0000] {logging_mixin.py:190} INFO - [2025-09-17T11:43:32.587+0000] {override.py:1900} INFO - Created Permission View: can read on DAG Run:example_bash_decorator
[2025-09-17T11:43:32.597+0000] {logging_mixin.py:190} INFO - [2025-09-17T11:43:32.596+0000] {override.py:1900} INFO - Created Permission View: can create on DAG Run:example_bash_decorator
[2025-09-17T11:43:32.598+0000] {logging_mixin.py:190} INFO - [2025-09-17T11:43:32.597+0000] {dag.py:3239} INFO - Sync 1 DAGs
[2025-09-17T11:43:32.612+0000] {logging_mixin.py:190} INFO - [2025-09-17T11:43:32.612+0000] {dag.py:3262} INFO - Creating ORM DAG for example_bash_decorator
[2025-09-17T11:43:32.614+0000] {logging_mixin.py:190} INFO - [2025-09-17T11:43:32.614+0000] {dag.py:4180} INFO - Setting next_dagrun for example_bash_decorator to None, run_after=None
[2025-09-17T11:43:32.634+0000] {processor.py:208} INFO - Processing /home/airflow/.local/lib/python3.12/site-packages/airflow/example_dags/example_bash_decorator.py took 0.331 seconds
[2025-09-17T11:44:05.071+0000] {processor.py:186} INFO - Started process (PID=99) to work on /home/airflow/.local/lib/python3.12/site-packages/airflow/example_dags/example_bash_decorator.py
[2025-09-17T11:44:05.073+0000] {processor.py:914} INFO - Processing file /home/airflow/.local/lib/python3.12/site-packages/airflow/example_dags/example_bash_decorator.py for tasks to queue
[2025-09-17T11:44:05.077+0000] {logging_mixin.py:190} INFO - [2025-09-17T11:44:05.077+0000] {dagbag.py:588} INFO - Filling up the DagBag from /home/airflow/.local/lib/python3.12/site-packages/airflow/example_dags/example_bash_decorator.py
[2025-09-17T11:44:05.097+0000] {processor.py:925} INFO - DAG(s) 'example_bash_decorator' retrieved from /home/airflow/.local/lib/python3.12/site-packages/airflow/example_dags/example_bash_decorator.py
[2025-09-17T11:44:05.253+0000] {logging_mixin.py:190} INFO - [2025-09-17T11:44:05.253+0000] {dag.py:3239} INFO - Sync 1 DAGs
[2025-09-17T11:44:05.268+0000] {logging_mixin.py:190} INFO - [2025-09-17T11:44:05.268+0000] {dag.py:4180} INFO - Setting next_dagrun for example_bash_decorator to None, run_after=None
[2025-09-17T11:44:05.310+0000] {processor.py:208} INFO - Processing /home/airflow/.local/lib/python3.12/site-packages/airflow/example_dags/example_bash_decorator.py took 0.248 seconds
[2025-09-17T11:44:35.901+0000] {processor.py:186} INFO - Started process (PID=161) to work on /home/airflow/.local/lib/python3.12/site-packages/airflow/example_dags/example_bash_decorator.py
[2025-09-17T11:44:35.903+0000] {processor.py:914} INFO - Processing file /home/airflow/.local/lib/python3.12/site-packages/airflow/example_dags/example_bash_decorator.py for tasks to queue
[2025-09-17T11:44:35.907+0000] {logging_mixin.py:190} INFO - [2025-09-17T11:44:35.907+0000] {dagbag.py:588} INFO - Filling up the DagBag from /home/airflow/.local/lib/python3.12/site-packages/airflow/example_dags/example_bash_decorator.py
[2025-09-17T11:44:35.931+0000] {processor.py:925} INFO - DAG(s) 'example_bash_decorator' retrieved from /home/airflow/.local/lib/python3.12/site-packages/airflow/example_dags/example_bash_decorator.py
[2025-09-17T11:44:35.968+0000] {logging_mixin.py:190} INFO - [2025-09-17T11:44:35.968+0000] {dag.py:3239} INFO - Sync 1 DAGs
[2025-09-17T11:44:35.988+0000] {logging_mixin.py:190} INFO - [2025-09-17T11:44:35.988+0000] {dag.py:4180} INFO - Setting next_dagrun for example_bash_decorator to None, run_after=None
[2025-09-17T11:44:36.019+0000] {processor.py:208} INFO - Processing /home/airflow/.local/lib/python3.12/site-packages/airflow/example_dags/example_bash_decorator.py took 0.130 seconds
[2025-09-17T11:45:06.725+0000] {processor.py:186} INFO - Started process (PID=223) to work on /home/airflow/.local/lib/python3.12/site-packages/airflow/example_dags/example_bash_decorator.py
[2025-09-17T11:45:06.727+0000] {processor.py:914} INFO - Processing file /home/airflow/.local/lib/python3.12/site-packages/airflow/example_dags/example_bash_decorator.py for tasks to queue
[2025-09-17T11:45:06.730+0000] {logging_mixin.py:190} INFO - [2025-09-17T11:45:06.730+0000] {dagbag.py:588} INFO - Filling up the DagBag from /home/airflow/.local/lib/python3.12/site-packages/airflow/example_dags/example_bash_decorator.py
[2025-09-17T11:45:06.748+0000] {processor.py:925} INFO - DAG(s) 'example_bash_decorator' retrieved from /home/airflow/.local/lib/python3.12/site-packages/airflow/example_dags/example_bash_decorator.py
[2025-09-17T11:45:06.778+0000] {logging_mixin.py:190} INFO - [2025-09-17T11:45:06.778+0000] {dag.py:3239} INFO - Sync 1 DAGs
[2025-09-17T11:45:06.800+0000] {logging_mixin.py:190} INFO - [2025-09-17T11:45:06.800+0000] {dag.py:4180} INFO - Setting next_dagrun for example_bash_decorator to None, run_after=None
[2025-09-17T11:45:06.825+0000] {processor.py:208} INFO - Processing /home/airflow/.local/lib/python3.12/site-packages/airflow/example_dags/example_bash_decorator.py took 0.106 seconds
[2025-09-17T11:45:37.905+0000] {processor.py:186} INFO - Started process (PID=285) to work on /home/airflow/.local/lib/python3.12/site-packages/airflow/example_dags/example_bash_decorator.py
[2025-09-17T11:45:37.907+0000] {processor.py:914} INFO - Processing file /home/airflow/.local/lib/python3.12/site-packages/airflow/example_dags/example_bash_decorator.py for tasks to queue
[2025-09-17T11:45:37.910+0000] {logging_mixin.py:190} INFO - [2025-09-17T11:45:37.909+0000] {dagbag.py:588} INFO - Filling up the DagBag from /home/airflow/.local/lib/python3.12/site-packages/airflow/example_dags/example_bash_decorator.py
[2025-09-17T11:45:37.928+0000] {processor.py:925} INFO - DAG(s) 'example_bash_decorator' retrieved from /home/airflow/.local/lib/python3.12/site-packages/airflow/example_dags/example_bash_decorator.py
[2025-09-17T11:45:37.959+0000] {logging_mixin.py:190} INFO - [2025-09-17T11:45:37.959+0000] {dag.py:3239} INFO - Sync 1 DAGs
[2025-09-17T11:45:37.976+0000] {logging_mixin.py:190} INFO - [2025-09-17T11:45:37.976+0000] {dag.py:4180} INFO - Setting next_dagrun for example_bash_decorator to None, run_after=None
[2025-09-17T11:45:38.002+0000] {processor.py:208} INFO - Processing /home/airflow/.local/lib/python3.12/site-packages/airflow/example_dags/example_bash_decorator.py took 0.104 seconds
[2025-09-17T11:46:08.902+0000] {processor.py:186} INFO - Started process (PID=348) to work on /home/airflow/.local/lib/python3.12/site-packages/airflow/example_dags/example_bash_decorator.py
[2025-09-17T11:46:08.903+0000] {processor.py:914} INFO - Processing file /home/airflow/.local/lib/python3.12/site-packages/airflow/example_dags/example_bash_decorator.py for tasks to queue
[2025-09-17T11:46:08.906+0000] {logging_mixin.py:190} INFO - [2025-09-17T11:46:08.906+0000] {dagbag.py:588} INFO - Filling up the DagBag from /home/airflow/.local/lib/python3.12/site-packages/airflow/example_dags/example_bash_decorator.py
[2025-09-17T11:46:08.927+0000] {processor.py:925} INFO - DAG(s) 'example_bash_decorator' retrieved from /home/airflow/.local/lib/python3.12/site-packages/airflow/example_dags/example_bash_decorator.py
[2025-09-17T11:46:08.976+0000] {logging_mixin.py:190} INFO - [2025-09-17T11:46:08.975+0000] {dag.py:3239} INFO - Sync 1 DAGs
[2025-09-17T11:46:08.998+0000] {logging_mixin.py:190} INFO - [2025-09-17T11:46:08.997+0000] {dag.py:4180} INFO - Setting next_dagrun for example_bash_decorator to None, run_after=None
[2025-09-17T11:46:09.027+0000] {processor.py:208} INFO - Processing /home/airflow/.local/lib/python3.12/site-packages/airflow/example_dags/example_bash_decorator.py took 0.134 seconds
[2025-09-17T11:46:39.303+0000] {processor.py:186} INFO - Started process (PID=410) to work on /home/airflow/.local/lib/python3.12/site-packages/airflow/example_dags/example_bash_decorator.py
[2025-09-17T11:46:39.304+0000] {processor.py:914} INFO - Processing file /home/airflow/.local/lib/python3.12/site-packages/airflow/example_dags/example_bash_decorator.py for tasks to queue
[2025-09-17T11:46:39.308+0000] {logging_mixin.py:190} INFO - [2025-09-17T11:46:39.308+0000] {dagbag.py:588} INFO - Filling up the DagBag from /home/airflow/.local/lib/python3.12/site-packages/airflow/example_dags/example_bash_decorator.py
[2025-09-17T11:46:39.330+0000] {processor.py:925} INFO - DAG(s) 'example_bash_decorator' retrieved from /home/airflow/.local/lib/python3.12/site-packages/airflow/example_dags/example_bash_decorator.py
[2025-09-17T11:46:39.360+0000] {logging_mixin.py:190} INFO - [2025-09-17T11:46:39.360+0000] {dag.py:3239} INFO - Sync 1 DAGs
[2025-09-17T11:46:39.380+0000] {logging_mixin.py:190} INFO - [2025-09-17T11:46:39.380+0000] {dag.py:4180} INFO - Setting next_dagrun for example_bash_decorator to None, run_after=None
[2025-09-17T11:46:39.414+0000] {processor.py:208} INFO - Processing /home/airflow/.local/lib/python3.12/site-packages/airflow/example_dags/example_bash_decorator.py took 0.120 seconds
[2025-09-17T11:47:10.092+0000] {processor.py:186} INFO - Started process (PID=472) to work on /home/airflow/.local/lib/python3.12/site-packages/airflow/example_dags/example_bash_decorator.py
[2025-09-17T11:47:10.093+0000] {processor.py:914} INFO - Processing file /home/airflow/.local/lib/python3.12/site-packages/airflow/example_dags/example_bash_decorator.py for tasks to queue
[2025-09-17T11:47:10.097+0000] {logging_mixin.py:190} INFO - [2025-09-17T11:47:10.096+0000] {dagbag.py:588} INFO - Filling up the DagBag from /home/airflow/.local/lib/python3.12/site-packages/airflow/example_dags/example_bash_decorator.py
[2025-09-17T11:47:10.115+0000] {processor.py:925} INFO - DAG(s) 'example_bash_decorator' retrieved from /home/airflow/.local/lib/python3.12/site-packages/airflow/example_dags/example_bash_decorator.py
[2025-09-17T11:47:10.145+0000] {logging_mixin.py:190} INFO - [2025-09-17T11:47:10.145+0000] {dag.py:3239} INFO - Sync 1 DAGs
[2025-09-17T11:47:10.163+0000] {logging_mixin.py:190} INFO - [2025-09-17T11:47:10.163+0000] {dag.py:4180} INFO - Setting next_dagrun for example_bash_decorator to None, run_after=None
[2025-09-17T11:47:10.186+0000] {processor.py:208} INFO - Processing /home/airflow/.local/lib/python3.12/site-packages/airflow/example_dags/example_bash_decorator.py took 0.102 seconds
[2025-09-17T11:47:40.760+0000] {processor.py:186} INFO - Started process (PID=535) to work on /home/airflow/.local/lib/python3.12/site-packages/airflow/example_dags/example_bash_decorator.py
[2025-09-17T11:47:40.762+0000] {processor.py:914} INFO - Processing file /home/airflow/.local/lib/python3.12/site-packages/airflow/example_dags/example_bash_decorator.py for tasks to queue
[2025-09-17T11:47:40.765+0000] {logging_mixin.py:190} INFO - [2025-09-17T11:47:40.765+0000] {dagbag.py:588} INFO - Filling up the DagBag from /home/airflow/.local/lib/python3.12/site-packages/airflow/example_dags/example_bash_decorator.py
[2025-09-17T11:47:40.783+0000] {processor.py:925} INFO - DAG(s) 'example_bash_decorator' retrieved from /home/airflow/.local/lib/python3.12/site-packages/airflow/example_dags/example_bash_decorator.py
[2025-09-17T11:47:40.823+0000] {logging_mixin.py:190} INFO - [2025-09-17T11:47:40.823+0000] {dag.py:3239} INFO - Sync 1 DAGs
[2025-09-17T11:47:40.848+0000] {logging_mixin.py:190} INFO - [2025-09-17T11:47:40.848+0000] {dag.py:4180} INFO - Setting next_dagrun for example_bash_decorator to None, run_after=None
[2025-09-17T11:47:40.881+0000] {processor.py:208} INFO - Processing /home/airflow/.local/lib/python3.12/site-packages/airflow/example_dags/example_bash_decorator.py took 0.128 seconds
[2025-09-17T11:48:11.082+0000] {processor.py:186} INFO - Started process (PID=597) to work on /home/airflow/.local/lib/python3.12/site-packages/airflow/example_dags/example_bash_decorator.py
[2025-09-17T11:48:11.084+0000] {processor.py:914} INFO - Processing file /home/airflow/.local/lib/python3.12/site-packages/airflow/example_dags/example_bash_decorator.py for tasks to queue
[2025-09-17T11:48:11.087+0000] {logging_mixin.py:190} INFO - [2025-09-17T11:48:11.087+0000] {dagbag.py:588} INFO - Filling up the DagBag from /home/airflow/.local/lib/python3.12/site-packages/airflow/example_dags/example_bash_decorator.py
[2025-09-17T11:48:11.108+0000] {processor.py:925} INFO - DAG(s) 'example_bash_decorator' retrieved from /home/airflow/.local/lib/python3.12/site-packages/airflow/example_dags/example_bash_decorator.py
[2025-09-17T11:48:11.139+0000] {logging_mixin.py:190} INFO - [2025-09-17T11:48:11.139+0000] {dag.py:3239} INFO - Sync 1 DAGs
[2025-09-17T11:48:11.160+0000] {logging_mixin.py:190} INFO - [2025-09-17T11:48:11.160+0000] {dag.py:4180} INFO - Setting next_dagrun for example_bash_decorator to None, run_after=None
[2025-09-17T11:48:11.184+0000] {processor.py:208} INFO - Processing /home/airflow/.local/lib/python3.12/site-packages/airflow/example_dags/example_bash_decorator.py took 0.110 seconds
[2025-09-17T11:48:41.821+0000] {processor.py:186} INFO - Started process (PID=659) to work on /home/airflow/.local/lib/python3.12/site-packages/airflow/example_dags/example_bash_decorator.py
[2025-09-17T11:48:41.823+0000] {processor.py:914} INFO - Processing file /home/airflow/.local/lib/python3.12/site-packages/airflow/example_dags/example_bash_decorator.py for tasks to queue
[2025-09-17T11:48:41.827+0000] {logging_mixin.py:190} INFO - [2025-09-17T11:48:41.826+0000] {dagbag.py:588} INFO - Filling up the DagBag from /home/airflow/.local/lib/python3.12/site-packages/airflow/example_dags/example_bash_decorator.py
[2025-09-17T11:48:41.849+0000] {processor.py:925} INFO - DAG(s) 'example_bash_decorator' retrieved from /home/airflow/.local/lib/python3.12/site-packages/airflow/example_dags/example_bash_decorator.py
[2025-09-17T11:48:41.880+0000] {logging_mixin.py:190} INFO - [2025-09-17T11:48:41.880+0000] {dag.py:3239} INFO - Sync 1 DAGs
[2025-09-17T11:48:41.896+0000] {logging_mixin.py:190} INFO - [2025-09-17T11:48:41.896+0000] {dag.py:4180} INFO - Setting next_dagrun for example_bash_decorator to None, run_after=None
[2025-09-17T11:48:41.921+0000] {processor.py:208} INFO - Processing /home/airflow/.local/lib/python3.12/site-packages/airflow/example_dags/example_bash_decorator.py took 0.108 seconds
[2025-09-17T11:49:12.458+0000] {processor.py:186} INFO - Started process (PID=722) to work on /home/airflow/.local/lib/python3.12/site-packages/airflow/example_dags/example_bash_decorator.py
[2025-09-17T11:49:12.460+0000] {processor.py:914} INFO - Processing file /home/airflow/.local/lib/python3.12/site-packages/airflow/example_dags/example_bash_decorator.py for tasks to queue
[2025-09-17T11:49:12.463+0000] {logging_mixin.py:190} INFO - [2025-09-17T11:49:12.463+0000] {dagbag.py:588} INFO - Filling up the DagBag from /home/airflow/.local/lib/python3.12/site-packages/airflow/example_dags/example_bash_decorator.py
[2025-09-17T11:49:12.485+0000] {processor.py:925} INFO - DAG(s) 'example_bash_decorator' retrieved from /home/airflow/.local/lib/python3.12/site-packages/airflow/example_dags/example_bash_decorator.py
[2025-09-17T11:49:12.521+0000] {logging_mixin.py:190} INFO - [2025-09-17T11:49:12.521+0000] {dag.py:3239} INFO - Sync 1 DAGs
[2025-09-17T11:49:12.548+0000] {logging_mixin.py:190} INFO - [2025-09-17T11:49:12.548+0000] {dag.py:4180} INFO - Setting next_dagrun for example_bash_decorator to None, run_after=None
[2025-09-17T11:49:12.577+0000] {processor.py:208} INFO - Processing /home/airflow/.local/lib/python3.12/site-packages/airflow/example_dags/example_bash_decorator.py took 0.128 seconds
[2025-09-17T11:49:42.687+0000] {processor.py:186} INFO - Started process (PID=784) to work on /home/airflow/.local/lib/python3.12/site-packages/airflow/example_dags/example_bash_decorator.py
[2025-09-17T11:49:42.689+0000] {processor.py:914} INFO - Processing file /home/airflow/.local/lib/python3.12/site-packages/airflow/example_dags/example_bash_decorator.py for tasks to queue
[2025-09-17T11:49:42.693+0000] {logging_mixin.py:190} INFO - [2025-09-17T11:49:42.692+0000] {dagbag.py:588} INFO - Filling up the DagBag from /home/airflow/.local/lib/python3.12/site-packages/airflow/example_dags/example_bash_decorator.py
[2025-09-17T11:49:42.722+0000] {processor.py:925} INFO - DAG(s) 'example_bash_decorator' retrieved from /home/airflow/.local/lib/python3.12/site-packages/airflow/example_dags/example_bash_decorator.py
[2025-09-17T11:49:42.761+0000] {logging_mixin.py:190} INFO - [2025-09-17T11:49:42.761+0000] {dag.py:3239} INFO - Sync 1 DAGs
[2025-09-17T11:49:42.797+0000] {logging_mixin.py:190} INFO - [2025-09-17T11:49:42.796+0000] {dag.py:4180} INFO - Setting next_dagrun for example_bash_decorator to None, run_after=None
[2025-09-17T11:49:42.835+0000] {processor.py:208} INFO - Processing /home/airflow/.local/lib/python3.12/site-packages/airflow/example_dags/example_bash_decorator.py took 0.156 seconds
[2025-09-17T11:50:13.573+0000] {processor.py:186} INFO - Started process (PID=846) to work on /home/airflow/.local/lib/python3.12/site-packages/airflow/example_dags/example_bash_decorator.py
[2025-09-17T11:50:13.575+0000] {processor.py:914} INFO - Processing file /home/airflow/.local/lib/python3.12/site-packages/airflow/example_dags/example_bash_decorator.py for tasks to queue
[2025-09-17T11:50:13.578+0000] {logging_mixin.py:190} INFO - [2025-09-17T11:50:13.577+0000] {dagbag.py:588} INFO - Filling up the DagBag from /home/airflow/.local/lib/python3.12/site-packages/airflow/example_dags/example_bash_decorator.py
[2025-09-17T11:50:13.598+0000] {processor.py:925} INFO - DAG(s) 'example_bash_decorator' retrieved from /home/airflow/.local/lib/python3.12/site-packages/airflow/example_dags/example_bash_decorator.py
[2025-09-17T11:50:13.628+0000] {logging_mixin.py:190} INFO - [2025-09-17T11:50:13.628+0000] {dag.py:3239} INFO - Sync 1 DAGs
[2025-09-17T11:50:13.645+0000] {logging_mixin.py:190} INFO - [2025-09-17T11:50:13.644+0000] {dag.py:4180} INFO - Setting next_dagrun for example_bash_decorator to None, run_after=None
[2025-09-17T11:50:13.669+0000] {processor.py:208} INFO - Processing /home/airflow/.local/lib/python3.12/site-packages/airflow/example_dags/example_bash_decorator.py took 0.105 seconds
[2025-09-17T11:50:45.347+0000] {processor.py:186} INFO - Started process (PID=908) to work on /home/airflow/.local/lib/python3.12/site-packages/airflow/example_dags/example_bash_decorator.py
[2025-09-17T11:50:45.349+0000] {processor.py:914} INFO - Processing file /home/airflow/.local/lib/python3.12/site-packages/airflow/example_dags/example_bash_decorator.py for tasks to queue
[2025-09-17T11:50:45.354+0000] {logging_mixin.py:190} INFO - [2025-09-17T11:50:45.353+0000] {dagbag.py:588} INFO - Filling up the DagBag from /home/airflow/.local/lib/python3.12/site-packages/airflow/example_dags/example_bash_decorator.py
[2025-09-17T11:50:45.375+0000] {processor.py:925} INFO - DAG(s) 'example_bash_decorator' retrieved from /home/airflow/.local/lib/python3.12/site-packages/airflow/example_dags/example_bash_decorator.py
[2025-09-17T11:50:45.406+0000] {logging_mixin.py:190} INFO - [2025-09-17T11:50:45.406+0000] {dag.py:3239} INFO - Sync 1 DAGs
[2025-09-17T11:50:45.423+0000] {logging_mixin.py:190} INFO - [2025-09-17T11:50:45.422+0000] {dag.py:4180} INFO - Setting next_dagrun for example_bash_decorator to None, run_after=None
[2025-09-17T11:50:45.448+0000] {processor.py:208} INFO - Processing /home/airflow/.local/lib/python3.12/site-packages/airflow/example_dags/example_bash_decorator.py took 0.109 seconds
[2025-09-17T11:51:15.541+0000] {processor.py:186} INFO - Started process (PID=970) to work on /home/airflow/.local/lib/python3.12/site-packages/airflow/example_dags/example_bash_decorator.py
[2025-09-17T11:51:15.543+0000] {processor.py:914} INFO - Processing file /home/airflow/.local/lib/python3.12/site-packages/airflow/example_dags/example_bash_decorator.py for tasks to queue
[2025-09-17T11:51:15.546+0000] {logging_mixin.py:190} INFO - [2025-09-17T11:51:15.546+0000] {dagbag.py:588} INFO - Filling up the DagBag from /home/airflow/.local/lib/python3.12/site-packages/airflow/example_dags/example_bash_decorator.py
[2025-09-17T11:51:15.567+0000] {processor.py:925} INFO - DAG(s) 'example_bash_decorator' retrieved from /home/airflow/.local/lib/python3.12/site-packages/airflow/example_dags/example_bash_decorator.py
[2025-09-17T11:51:15.596+0000] {logging_mixin.py:190} INFO - [2025-09-17T11:51:15.596+0000] {dag.py:3239} INFO - Sync 1 DAGs
[2025-09-17T11:51:15.614+0000] {logging_mixin.py:190} INFO - [2025-09-17T11:51:15.613+0000] {dag.py:4180} INFO - Setting next_dagrun for example_bash_decorator to None, run_after=None
[2025-09-17T11:51:15.639+0000] {processor.py:208} INFO - Processing /home/airflow/.local/lib/python3.12/site-packages/airflow/example_dags/example_bash_decorator.py took 0.106 seconds
[2025-09-17T11:51:46.226+0000] {processor.py:186} INFO - Started process (PID=1032) to work on /home/airflow/.local/lib/python3.12/site-packages/airflow/example_dags/example_bash_decorator.py
[2025-09-17T11:51:46.227+0000] {processor.py:914} INFO - Processing file /home/airflow/.local/lib/python3.12/site-packages/airflow/example_dags/example_bash_decorator.py for tasks to queue
[2025-09-17T11:51:46.231+0000] {logging_mixin.py:190} INFO - [2025-09-17T11:51:46.230+0000] {dagbag.py:588} INFO - Filling up the DagBag from /home/airflow/.local/lib/python3.12/site-packages/airflow/example_dags/example_bash_decorator.py
[2025-09-17T11:51:46.248+0000] {processor.py:925} INFO - DAG(s) 'example_bash_decorator' retrieved from /home/airflow/.local/lib/python3.12/site-packages/airflow/example_dags/example_bash_decorator.py
[2025-09-17T11:51:46.276+0000] {logging_mixin.py:190} INFO - [2025-09-17T11:51:46.276+0000] {dag.py:3239} INFO - Sync 1 DAGs
[2025-09-17T11:51:46.293+0000] {logging_mixin.py:190} INFO - [2025-09-17T11:51:46.292+0000] {dag.py:4180} INFO - Setting next_dagrun for example_bash_decorator to None, run_after=None
[2025-09-17T11:51:46.315+0000] {processor.py:208} INFO - Processing /home/airflow/.local/lib/python3.12/site-packages/airflow/example_dags/example_bash_decorator.py took 0.096 seconds
[2025-09-17T11:52:16.484+0000] {processor.py:186} INFO - Started process (PID=1094) to work on /home/airflow/.local/lib/python3.12/site-packages/airflow/example_dags/example_bash_decorator.py
[2025-09-17T11:52:16.486+0000] {processor.py:914} INFO - Processing file /home/airflow/.local/lib/python3.12/site-packages/airflow/example_dags/example_bash_decorator.py for tasks to queue
[2025-09-17T11:52:16.490+0000] {logging_mixin.py:190} INFO - [2025-09-17T11:52:16.489+0000] {dagbag.py:588} INFO - Filling up the DagBag from /home/airflow/.local/lib/python3.12/site-packages/airflow/example_dags/example_bash_decorator.py
[2025-09-17T11:52:16.508+0000] {processor.py:925} INFO - DAG(s) 'example_bash_decorator' retrieved from /home/airflow/.local/lib/python3.12/site-packages/airflow/example_dags/example_bash_decorator.py
[2025-09-17T11:52:16.540+0000] {logging_mixin.py:190} INFO - [2025-09-17T11:52:16.539+0000] {dag.py:3239} INFO - Sync 1 DAGs
[2025-09-17T11:52:16.562+0000] {logging_mixin.py:190} INFO - [2025-09-17T11:52:16.561+0000] {dag.py:4180} INFO - Setting next_dagrun for example_bash_decorator to None, run_after=None
[2025-09-17T11:52:16.587+0000] {processor.py:208} INFO - Processing /home/airflow/.local/lib/python3.12/site-packages/airflow/example_dags/example_bash_decorator.py took 0.110 seconds
[2025-09-17T11:52:47.040+0000] {processor.py:186} INFO - Started process (PID=1156) to work on /home/airflow/.local/lib/python3.12/site-packages/airflow/example_dags/example_bash_decorator.py
[2025-09-17T11:52:47.041+0000] {processor.py:914} INFO - Processing file /home/airflow/.local/lib/python3.12/site-packages/airflow/example_dags/example_bash_decorator.py for tasks to queue
[2025-09-17T11:52:47.045+0000] {logging_mixin.py:190} INFO - [2025-09-17T11:52:47.044+0000] {dagbag.py:588} INFO - Filling up the DagBag from /home/airflow/.local/lib/python3.12/site-packages/airflow/example_dags/example_bash_decorator.py
[2025-09-17T11:52:47.063+0000] {processor.py:925} INFO - DAG(s) 'example_bash_decorator' retrieved from /home/airflow/.local/lib/python3.12/site-packages/airflow/example_dags/example_bash_decorator.py
[2025-09-17T11:52:47.092+0000] {logging_mixin.py:190} INFO - [2025-09-17T11:52:47.092+0000] {dag.py:3239} INFO - Sync 1 DAGs
[2025-09-17T11:52:47.116+0000] {logging_mixin.py:190} INFO - [2025-09-17T11:52:47.116+0000] {dag.py:4180} INFO - Setting next_dagrun for example_bash_decorator to None, run_after=None
[2025-09-17T11:52:47.143+0000] {processor.py:208} INFO - Processing /home/airflow/.local/lib/python3.12/site-packages/airflow/example_dags/example_bash_decorator.py took 0.111 seconds
[2025-09-17T11:53:17.808+0000] {processor.py:186} INFO - Started process (PID=1218) to work on /home/airflow/.local/lib/python3.12/site-packages/airflow/example_dags/example_bash_decorator.py
[2025-09-17T11:53:17.809+0000] {processor.py:914} INFO - Processing file /home/airflow/.local/lib/python3.12/site-packages/airflow/example_dags/example_bash_decorator.py for tasks to queue
[2025-09-17T11:53:17.813+0000] {logging_mixin.py:190} INFO - [2025-09-17T11:53:17.812+0000] {dagbag.py:588} INFO - Filling up the DagBag from /home/airflow/.local/lib/python3.12/site-packages/airflow/example_dags/example_bash_decorator.py
[2025-09-17T11:53:17.833+0000] {processor.py:925} INFO - DAG(s) 'example_bash_decorator' retrieved from /home/airflow/.local/lib/python3.12/site-packages/airflow/example_dags/example_bash_decorator.py
[2025-09-17T11:53:17.868+0000] {logging_mixin.py:190} INFO - [2025-09-17T11:53:17.868+0000] {dag.py:3239} INFO - Sync 1 DAGs
[2025-09-17T11:53:17.895+0000] {logging_mixin.py:190} INFO - [2025-09-17T11:53:17.894+0000] {dag.py:4180} INFO - Setting next_dagrun for example_bash_decorator to None, run_after=None
[2025-09-17T11:53:17.924+0000] {processor.py:208} INFO - Processing /home/airflow/.local/lib/python3.12/site-packages/airflow/example_dags/example_bash_decorator.py took 0.125 seconds
