[2025-09-17T11:43:28.847+0000] {processor.py:186} INFO - Started process (PID=176) to work on /home/airflow/.local/lib/python3.12/site-packages/airflow/example_dags/example_branch_operator.py
[2025-09-17T11:43:28.849+0000] {processor.py:914} INFO - Processing file /home/airflow/.local/lib/python3.12/site-packages/airflow/example_dags/example_branch_operator.py for tasks to queue
[2025-09-17T11:43:28.853+0000] {logging_mixin.py:190} INFO - [2025-09-17T11:43:28.853+0000] {dagbag.py:588} INFO - Filling up the DagBag from /home/airflow/.local/lib/python3.12/site-packages/airflow/example_dags/example_branch_operator.py
[2025-09-17T11:43:28.891+0000] {processor.py:925} INFO - DAG(s) 'example_branch_operator' retrieved from /home/airflow/.local/lib/python3.12/site-packages/airflow/example_dags/example_branch_operator.py
[2025-09-17T11:43:29.113+0000] {logging_mixin.py:190} INFO - [2025-09-17T11:43:29.112+0000] {override.py:1900} INFO - Created Permission View: can delete on DAG:example_branch_operator
[2025-09-17T11:43:29.129+0000] {logging_mixin.py:190} INFO - [2025-09-17T11:43:29.129+0000] {override.py:1900} INFO - Created Permission View: can edit on DAG:example_branch_operator
[2025-09-17T11:43:29.141+0000] {logging_mixin.py:190} INFO - [2025-09-17T11:43:29.140+0000] {override.py:1900} INFO - Created Permission View: can read on DAG:example_branch_operator
[2025-09-17T11:43:29.153+0000] {logging_mixin.py:190} INFO - [2025-09-17T11:43:29.152+0000] {override.py:1900} INFO - Created Permission View: can delete on DAG Run:example_branch_operator
[2025-09-17T11:43:29.162+0000] {logging_mixin.py:190} INFO - [2025-09-17T11:43:29.161+0000] {override.py:1900} INFO - Created Permission View: menu access on DAG Run:example_branch_operator
[2025-09-17T11:43:29.173+0000] {logging_mixin.py:190} INFO - [2025-09-17T11:43:29.173+0000] {override.py:1900} INFO - Created Permission View: can read on DAG Run:example_branch_operator
[2025-09-17T11:43:29.184+0000] {logging_mixin.py:190} INFO - [2025-09-17T11:43:29.184+0000] {override.py:1900} INFO - Created Permission View: can create on DAG Run:example_branch_operator
[2025-09-17T11:43:29.185+0000] {logging_mixin.py:190} INFO - [2025-09-17T11:43:29.185+0000] {dag.py:3239} INFO - Sync 1 DAGs
[2025-09-17T11:43:29.208+0000] {logging_mixin.py:190} INFO - [2025-09-17T11:43:29.208+0000] {dag.py:3262} INFO - Creating ORM DAG for example_branch_operator
[2025-09-17T11:43:29.225+0000] {logging_mixin.py:190} INFO - [2025-09-17T11:43:29.224+0000] {dag.py:4180} INFO - Setting next_dagrun for example_branch_operator to 2025-09-16 00:00:00+00:00, run_after=2025-09-17 00:00:00+00:00
[2025-09-17T11:43:29.261+0000] {processor.py:208} INFO - Processing /home/airflow/.local/lib/python3.12/site-packages/airflow/example_dags/example_branch_operator.py took 0.424 seconds
[2025-09-17T11:44:02.936+0000] {processor.py:186} INFO - Started process (PID=77) to work on /home/airflow/.local/lib/python3.12/site-packages/airflow/example_dags/example_branch_operator.py
[2025-09-17T11:44:02.940+0000] {processor.py:914} INFO - Processing file /home/airflow/.local/lib/python3.12/site-packages/airflow/example_dags/example_branch_operator.py for tasks to queue
[2025-09-17T11:44:02.949+0000] {logging_mixin.py:190} INFO - [2025-09-17T11:44:02.949+0000] {dagbag.py:588} INFO - Filling up the DagBag from /home/airflow/.local/lib/python3.12/site-packages/airflow/example_dags/example_branch_operator.py
[2025-09-17T11:44:02.985+0000] {processor.py:925} INFO - DAG(s) 'example_branch_operator' retrieved from /home/airflow/.local/lib/python3.12/site-packages/airflow/example_dags/example_branch_operator.py
[2025-09-17T11:44:03.251+0000] {logging_mixin.py:190} INFO - [2025-09-17T11:44:03.251+0000] {dag.py:3239} INFO - Sync 1 DAGs
[2025-09-17T11:44:03.289+0000] {logging_mixin.py:190} INFO - [2025-09-17T11:44:03.288+0000] {dag.py:4180} INFO - Setting next_dagrun for example_branch_operator to 2025-09-16 00:00:00+00:00, run_after=2025-09-17 00:00:00+00:00
[2025-09-17T11:44:03.326+0000] {processor.py:208} INFO - Processing /home/airflow/.local/lib/python3.12/site-packages/airflow/example_dags/example_branch_operator.py took 0.401 seconds
[2025-09-17T11:44:33.475+0000] {processor.py:186} INFO - Started process (PID=141) to work on /home/airflow/.local/lib/python3.12/site-packages/airflow/example_dags/example_branch_operator.py
[2025-09-17T11:44:33.477+0000] {processor.py:914} INFO - Processing file /home/airflow/.local/lib/python3.12/site-packages/airflow/example_dags/example_branch_operator.py for tasks to queue
[2025-09-17T11:44:33.480+0000] {logging_mixin.py:190} INFO - [2025-09-17T11:44:33.480+0000] {dagbag.py:588} INFO - Filling up the DagBag from /home/airflow/.local/lib/python3.12/site-packages/airflow/example_dags/example_branch_operator.py
[2025-09-17T11:44:33.500+0000] {processor.py:925} INFO - DAG(s) 'example_branch_operator' retrieved from /home/airflow/.local/lib/python3.12/site-packages/airflow/example_dags/example_branch_operator.py
[2025-09-17T11:44:33.534+0000] {logging_mixin.py:190} INFO - [2025-09-17T11:44:33.534+0000] {dag.py:3239} INFO - Sync 1 DAGs
[2025-09-17T11:44:33.561+0000] {logging_mixin.py:190} INFO - [2025-09-17T11:44:33.561+0000] {dag.py:4180} INFO - Setting next_dagrun for example_branch_operator to 2025-09-16 00:00:00+00:00, run_after=2025-09-17 00:00:00+00:00
[2025-09-17T11:44:33.584+0000] {processor.py:208} INFO - Processing /home/airflow/.local/lib/python3.12/site-packages/airflow/example_dags/example_branch_operator.py took 0.116 seconds
[2025-09-17T11:45:04.210+0000] {processor.py:186} INFO - Started process (PID=208) to work on /home/airflow/.local/lib/python3.12/site-packages/airflow/example_dags/example_branch_operator.py
[2025-09-17T11:45:04.211+0000] {processor.py:914} INFO - Processing file /home/airflow/.local/lib/python3.12/site-packages/airflow/example_dags/example_branch_operator.py for tasks to queue
[2025-09-17T11:45:04.214+0000] {logging_mixin.py:190} INFO - [2025-09-17T11:45:04.214+0000] {dagbag.py:588} INFO - Filling up the DagBag from /home/airflow/.local/lib/python3.12/site-packages/airflow/example_dags/example_branch_operator.py
[2025-09-17T11:45:04.238+0000] {processor.py:925} INFO - DAG(s) 'example_branch_operator' retrieved from /home/airflow/.local/lib/python3.12/site-packages/airflow/example_dags/example_branch_operator.py
[2025-09-17T11:45:04.271+0000] {logging_mixin.py:190} INFO - [2025-09-17T11:45:04.270+0000] {dag.py:3239} INFO - Sync 1 DAGs
[2025-09-17T11:45:04.296+0000] {logging_mixin.py:190} INFO - [2025-09-17T11:45:04.296+0000] {dag.py:4180} INFO - Setting next_dagrun for example_branch_operator to 2025-09-16 00:00:00+00:00, run_after=2025-09-17 00:00:00+00:00
[2025-09-17T11:45:04.320+0000] {processor.py:208} INFO - Processing /home/airflow/.local/lib/python3.12/site-packages/airflow/example_dags/example_branch_operator.py took 0.118 seconds
[2025-09-17T11:45:35.190+0000] {processor.py:186} INFO - Started process (PID=270) to work on /home/airflow/.local/lib/python3.12/site-packages/airflow/example_dags/example_branch_operator.py
[2025-09-17T11:45:35.192+0000] {processor.py:914} INFO - Processing file /home/airflow/.local/lib/python3.12/site-packages/airflow/example_dags/example_branch_operator.py for tasks to queue
[2025-09-17T11:45:35.195+0000] {logging_mixin.py:190} INFO - [2025-09-17T11:45:35.195+0000] {dagbag.py:588} INFO - Filling up the DagBag from /home/airflow/.local/lib/python3.12/site-packages/airflow/example_dags/example_branch_operator.py
[2025-09-17T11:45:35.219+0000] {processor.py:925} INFO - DAG(s) 'example_branch_operator' retrieved from /home/airflow/.local/lib/python3.12/site-packages/airflow/example_dags/example_branch_operator.py
[2025-09-17T11:45:35.255+0000] {logging_mixin.py:190} INFO - [2025-09-17T11:45:35.254+0000] {dag.py:3239} INFO - Sync 1 DAGs
[2025-09-17T11:45:35.290+0000] {logging_mixin.py:190} INFO - [2025-09-17T11:45:35.289+0000] {dag.py:4180} INFO - Setting next_dagrun for example_branch_operator to 2025-09-16 00:00:00+00:00, run_after=2025-09-17 00:00:00+00:00
[2025-09-17T11:45:35.317+0000] {processor.py:208} INFO - Processing /home/airflow/.local/lib/python3.12/site-packages/airflow/example_dags/example_branch_operator.py took 0.139 seconds
[2025-09-17T11:46:06.026+0000] {processor.py:186} INFO - Started process (PID=333) to work on /home/airflow/.local/lib/python3.12/site-packages/airflow/example_dags/example_branch_operator.py
[2025-09-17T11:46:06.028+0000] {processor.py:914} INFO - Processing file /home/airflow/.local/lib/python3.12/site-packages/airflow/example_dags/example_branch_operator.py for tasks to queue
[2025-09-17T11:46:06.033+0000] {logging_mixin.py:190} INFO - [2025-09-17T11:46:06.032+0000] {dagbag.py:588} INFO - Filling up the DagBag from /home/airflow/.local/lib/python3.12/site-packages/airflow/example_dags/example_branch_operator.py
[2025-09-17T11:46:06.059+0000] {processor.py:925} INFO - DAG(s) 'example_branch_operator' retrieved from /home/airflow/.local/lib/python3.12/site-packages/airflow/example_dags/example_branch_operator.py
[2025-09-17T11:46:06.096+0000] {logging_mixin.py:190} INFO - [2025-09-17T11:46:06.095+0000] {dag.py:3239} INFO - Sync 1 DAGs
[2025-09-17T11:46:06.124+0000] {logging_mixin.py:190} INFO - [2025-09-17T11:46:06.124+0000] {dag.py:4180} INFO - Setting next_dagrun for example_branch_operator to 2025-09-16 00:00:00+00:00, run_after=2025-09-17 00:00:00+00:00
[2025-09-17T11:46:06.149+0000] {processor.py:208} INFO - Processing /home/airflow/.local/lib/python3.12/site-packages/airflow/example_dags/example_branch_operator.py took 0.144 seconds
[2025-09-17T11:46:36.768+0000] {processor.py:186} INFO - Started process (PID=395) to work on /home/airflow/.local/lib/python3.12/site-packages/airflow/example_dags/example_branch_operator.py
[2025-09-17T11:46:36.770+0000] {processor.py:914} INFO - Processing file /home/airflow/.local/lib/python3.12/site-packages/airflow/example_dags/example_branch_operator.py for tasks to queue
[2025-09-17T11:46:36.774+0000] {logging_mixin.py:190} INFO - [2025-09-17T11:46:36.773+0000] {dagbag.py:588} INFO - Filling up the DagBag from /home/airflow/.local/lib/python3.12/site-packages/airflow/example_dags/example_branch_operator.py
[2025-09-17T11:46:36.800+0000] {processor.py:925} INFO - DAG(s) 'example_branch_operator' retrieved from /home/airflow/.local/lib/python3.12/site-packages/airflow/example_dags/example_branch_operator.py
[2025-09-17T11:46:36.836+0000] {logging_mixin.py:190} INFO - [2025-09-17T11:46:36.836+0000] {dag.py:3239} INFO - Sync 1 DAGs
[2025-09-17T11:46:36.867+0000] {logging_mixin.py:190} INFO - [2025-09-17T11:46:36.867+0000] {dag.py:4180} INFO - Setting next_dagrun for example_branch_operator to 2025-09-16 00:00:00+00:00, run_after=2025-09-17 00:00:00+00:00
[2025-09-17T11:46:36.897+0000] {processor.py:208} INFO - Processing /home/airflow/.local/lib/python3.12/site-packages/airflow/example_dags/example_branch_operator.py took 0.138 seconds
[2025-09-17T11:47:07.533+0000] {processor.py:186} INFO - Started process (PID=457) to work on /home/airflow/.local/lib/python3.12/site-packages/airflow/example_dags/example_branch_operator.py
[2025-09-17T11:47:07.534+0000] {processor.py:914} INFO - Processing file /home/airflow/.local/lib/python3.12/site-packages/airflow/example_dags/example_branch_operator.py for tasks to queue
[2025-09-17T11:47:07.538+0000] {logging_mixin.py:190} INFO - [2025-09-17T11:47:07.537+0000] {dagbag.py:588} INFO - Filling up the DagBag from /home/airflow/.local/lib/python3.12/site-packages/airflow/example_dags/example_branch_operator.py
[2025-09-17T11:47:07.559+0000] {processor.py:925} INFO - DAG(s) 'example_branch_operator' retrieved from /home/airflow/.local/lib/python3.12/site-packages/airflow/example_dags/example_branch_operator.py
[2025-09-17T11:47:07.595+0000] {logging_mixin.py:190} INFO - [2025-09-17T11:47:07.595+0000] {dag.py:3239} INFO - Sync 1 DAGs
[2025-09-17T11:47:07.627+0000] {logging_mixin.py:190} INFO - [2025-09-17T11:47:07.626+0000] {dag.py:4180} INFO - Setting next_dagrun for example_branch_operator to 2025-09-16 00:00:00+00:00, run_after=2025-09-17 00:00:00+00:00
[2025-09-17T11:47:07.655+0000] {processor.py:208} INFO - Processing /home/airflow/.local/lib/python3.12/site-packages/airflow/example_dags/example_branch_operator.py took 0.130 seconds
[2025-09-17T11:47:38.220+0000] {processor.py:186} INFO - Started process (PID=520) to work on /home/airflow/.local/lib/python3.12/site-packages/airflow/example_dags/example_branch_operator.py
[2025-09-17T11:47:38.222+0000] {processor.py:914} INFO - Processing file /home/airflow/.local/lib/python3.12/site-packages/airflow/example_dags/example_branch_operator.py for tasks to queue
[2025-09-17T11:47:38.225+0000] {logging_mixin.py:190} INFO - [2025-09-17T11:47:38.224+0000] {dagbag.py:588} INFO - Filling up the DagBag from /home/airflow/.local/lib/python3.12/site-packages/airflow/example_dags/example_branch_operator.py
[2025-09-17T11:47:38.250+0000] {processor.py:925} INFO - DAG(s) 'example_branch_operator' retrieved from /home/airflow/.local/lib/python3.12/site-packages/airflow/example_dags/example_branch_operator.py
[2025-09-17T11:47:38.294+0000] {logging_mixin.py:190} INFO - [2025-09-17T11:47:38.293+0000] {dag.py:3239} INFO - Sync 1 DAGs
[2025-09-17T11:47:38.333+0000] {logging_mixin.py:190} INFO - [2025-09-17T11:47:38.332+0000] {dag.py:4180} INFO - Setting next_dagrun for example_branch_operator to 2025-09-16 00:00:00+00:00, run_after=2025-09-17 00:00:00+00:00
[2025-09-17T11:47:38.360+0000] {processor.py:208} INFO - Processing /home/airflow/.local/lib/python3.12/site-packages/airflow/example_dags/example_branch_operator.py took 0.148 seconds
[2025-09-17T11:48:08.745+0000] {processor.py:186} INFO - Started process (PID=582) to work on /home/airflow/.local/lib/python3.12/site-packages/airflow/example_dags/example_branch_operator.py
[2025-09-17T11:48:08.746+0000] {processor.py:914} INFO - Processing file /home/airflow/.local/lib/python3.12/site-packages/airflow/example_dags/example_branch_operator.py for tasks to queue
[2025-09-17T11:48:08.750+0000] {logging_mixin.py:190} INFO - [2025-09-17T11:48:08.750+0000] {dagbag.py:588} INFO - Filling up the DagBag from /home/airflow/.local/lib/python3.12/site-packages/airflow/example_dags/example_branch_operator.py
[2025-09-17T11:48:08.772+0000] {processor.py:925} INFO - DAG(s) 'example_branch_operator' retrieved from /home/airflow/.local/lib/python3.12/site-packages/airflow/example_dags/example_branch_operator.py
[2025-09-17T11:48:08.811+0000] {logging_mixin.py:190} INFO - [2025-09-17T11:48:08.811+0000] {dag.py:3239} INFO - Sync 1 DAGs
[2025-09-17T11:48:08.842+0000] {logging_mixin.py:190} INFO - [2025-09-17T11:48:08.842+0000] {dag.py:4180} INFO - Setting next_dagrun for example_branch_operator to 2025-09-16 00:00:00+00:00, run_after=2025-09-17 00:00:00+00:00
[2025-09-17T11:48:08.867+0000] {processor.py:208} INFO - Processing /home/airflow/.local/lib/python3.12/site-packages/airflow/example_dags/example_branch_operator.py took 0.131 seconds
[2025-09-17T11:48:39.172+0000] {processor.py:186} INFO - Started process (PID=644) to work on /home/airflow/.local/lib/python3.12/site-packages/airflow/example_dags/example_branch_operator.py
[2025-09-17T11:48:39.173+0000] {processor.py:914} INFO - Processing file /home/airflow/.local/lib/python3.12/site-packages/airflow/example_dags/example_branch_operator.py for tasks to queue
[2025-09-17T11:48:39.177+0000] {logging_mixin.py:190} INFO - [2025-09-17T11:48:39.176+0000] {dagbag.py:588} INFO - Filling up the DagBag from /home/airflow/.local/lib/python3.12/site-packages/airflow/example_dags/example_branch_operator.py
[2025-09-17T11:48:39.199+0000] {processor.py:925} INFO - DAG(s) 'example_branch_operator' retrieved from /home/airflow/.local/lib/python3.12/site-packages/airflow/example_dags/example_branch_operator.py
[2025-09-17T11:48:39.242+0000] {logging_mixin.py:190} INFO - [2025-09-17T11:48:39.241+0000] {dag.py:3239} INFO - Sync 1 DAGs
[2025-09-17T11:48:39.273+0000] {logging_mixin.py:190} INFO - [2025-09-17T11:48:39.272+0000] {dag.py:4180} INFO - Setting next_dagrun for example_branch_operator to 2025-09-16 00:00:00+00:00, run_after=2025-09-17 00:00:00+00:00
[2025-09-17T11:48:39.298+0000] {processor.py:208} INFO - Processing /home/airflow/.local/lib/python3.12/site-packages/airflow/example_dags/example_branch_operator.py took 0.133 seconds
[2025-09-17T11:49:10.395+0000] {processor.py:186} INFO - Started process (PID=707) to work on /home/airflow/.local/lib/python3.12/site-packages/airflow/example_dags/example_branch_operator.py
[2025-09-17T11:49:10.426+0000] {processor.py:914} INFO - Processing file /home/airflow/.local/lib/python3.12/site-packages/airflow/example_dags/example_branch_operator.py for tasks to queue
[2025-09-17T11:49:10.453+0000] {logging_mixin.py:190} INFO - [2025-09-17T11:49:10.452+0000] {dagbag.py:588} INFO - Filling up the DagBag from /home/airflow/.local/lib/python3.12/site-packages/airflow/example_dags/example_branch_operator.py
[2025-09-17T11:49:10.570+0000] {processor.py:925} INFO - DAG(s) 'example_branch_operator' retrieved from /home/airflow/.local/lib/python3.12/site-packages/airflow/example_dags/example_branch_operator.py
[2025-09-17T11:49:10.627+0000] {logging_mixin.py:190} INFO - [2025-09-17T11:49:10.627+0000] {dag.py:3239} INFO - Sync 1 DAGs
[2025-09-17T11:49:10.658+0000] {logging_mixin.py:190} INFO - [2025-09-17T11:49:10.657+0000] {dag.py:4180} INFO - Setting next_dagrun for example_branch_operator to 2025-09-16 00:00:00+00:00, run_after=2025-09-17 00:00:00+00:00
[2025-09-17T11:49:10.682+0000] {processor.py:208} INFO - Processing /home/airflow/.local/lib/python3.12/site-packages/airflow/example_dags/example_branch_operator.py took 0.324 seconds
[2025-09-17T11:49:41.189+0000] {processor.py:186} INFO - Started process (PID=769) to work on /home/airflow/.local/lib/python3.12/site-packages/airflow/example_dags/example_branch_operator.py
[2025-09-17T11:49:41.191+0000] {processor.py:914} INFO - Processing file /home/airflow/.local/lib/python3.12/site-packages/airflow/example_dags/example_branch_operator.py for tasks to queue
[2025-09-17T11:49:41.194+0000] {logging_mixin.py:190} INFO - [2025-09-17T11:49:41.194+0000] {dagbag.py:588} INFO - Filling up the DagBag from /home/airflow/.local/lib/python3.12/site-packages/airflow/example_dags/example_branch_operator.py
[2025-09-17T11:49:41.218+0000] {processor.py:925} INFO - DAG(s) 'example_branch_operator' retrieved from /home/airflow/.local/lib/python3.12/site-packages/airflow/example_dags/example_branch_operator.py
[2025-09-17T11:49:41.260+0000] {logging_mixin.py:190} INFO - [2025-09-17T11:49:41.260+0000] {dag.py:3239} INFO - Sync 1 DAGs
[2025-09-17T11:49:41.293+0000] {logging_mixin.py:190} INFO - [2025-09-17T11:49:41.292+0000] {dag.py:4180} INFO - Setting next_dagrun for example_branch_operator to 2025-09-16 00:00:00+00:00, run_after=2025-09-17 00:00:00+00:00
[2025-09-17T11:49:41.319+0000] {processor.py:208} INFO - Processing /home/airflow/.local/lib/python3.12/site-packages/airflow/example_dags/example_branch_operator.py took 0.138 seconds
[2025-09-17T11:50:12.101+0000] {processor.py:186} INFO - Started process (PID=831) to work on /home/airflow/.local/lib/python3.12/site-packages/airflow/example_dags/example_branch_operator.py
[2025-09-17T11:50:12.103+0000] {processor.py:914} INFO - Processing file /home/airflow/.local/lib/python3.12/site-packages/airflow/example_dags/example_branch_operator.py for tasks to queue
[2025-09-17T11:50:12.107+0000] {logging_mixin.py:190} INFO - [2025-09-17T11:50:12.107+0000] {dagbag.py:588} INFO - Filling up the DagBag from /home/airflow/.local/lib/python3.12/site-packages/airflow/example_dags/example_branch_operator.py
[2025-09-17T11:50:12.143+0000] {processor.py:925} INFO - DAG(s) 'example_branch_operator' retrieved from /home/airflow/.local/lib/python3.12/site-packages/airflow/example_dags/example_branch_operator.py
[2025-09-17T11:50:12.190+0000] {logging_mixin.py:190} INFO - [2025-09-17T11:50:12.190+0000] {dag.py:3239} INFO - Sync 1 DAGs
[2025-09-17T11:50:12.234+0000] {logging_mixin.py:190} INFO - [2025-09-17T11:50:12.233+0000] {dag.py:4180} INFO - Setting next_dagrun for example_branch_operator to 2025-09-16 00:00:00+00:00, run_after=2025-09-17 00:00:00+00:00
[2025-09-17T11:50:12.267+0000] {processor.py:208} INFO - Processing /home/airflow/.local/lib/python3.12/site-packages/airflow/example_dags/example_branch_operator.py took 0.177 seconds
[2025-09-17T11:50:43.531+0000] {processor.py:186} INFO - Started process (PID=893) to work on /home/airflow/.local/lib/python3.12/site-packages/airflow/example_dags/example_branch_operator.py
[2025-09-17T11:50:43.533+0000] {processor.py:914} INFO - Processing file /home/airflow/.local/lib/python3.12/site-packages/airflow/example_dags/example_branch_operator.py for tasks to queue
[2025-09-17T11:50:43.536+0000] {logging_mixin.py:190} INFO - [2025-09-17T11:50:43.535+0000] {dagbag.py:588} INFO - Filling up the DagBag from /home/airflow/.local/lib/python3.12/site-packages/airflow/example_dags/example_branch_operator.py
[2025-09-17T11:50:43.558+0000] {processor.py:925} INFO - DAG(s) 'example_branch_operator' retrieved from /home/airflow/.local/lib/python3.12/site-packages/airflow/example_dags/example_branch_operator.py
[2025-09-17T11:50:43.596+0000] {logging_mixin.py:190} INFO - [2025-09-17T11:50:43.596+0000] {dag.py:3239} INFO - Sync 1 DAGs
[2025-09-17T11:50:43.632+0000] {logging_mixin.py:190} INFO - [2025-09-17T11:50:43.632+0000] {dag.py:4180} INFO - Setting next_dagrun for example_branch_operator to 2025-09-16 00:00:00+00:00, run_after=2025-09-17 00:00:00+00:00
[2025-09-17T11:50:43.662+0000] {processor.py:208} INFO - Processing /home/airflow/.local/lib/python3.12/site-packages/airflow/example_dags/example_branch_operator.py took 0.139 seconds
[2025-09-17T11:51:13.739+0000] {processor.py:186} INFO - Started process (PID=955) to work on /home/airflow/.local/lib/python3.12/site-packages/airflow/example_dags/example_branch_operator.py
[2025-09-17T11:51:13.741+0000] {processor.py:914} INFO - Processing file /home/airflow/.local/lib/python3.12/site-packages/airflow/example_dags/example_branch_operator.py for tasks to queue
[2025-09-17T11:51:13.744+0000] {logging_mixin.py:190} INFO - [2025-09-17T11:51:13.744+0000] {dagbag.py:588} INFO - Filling up the DagBag from /home/airflow/.local/lib/python3.12/site-packages/airflow/example_dags/example_branch_operator.py
[2025-09-17T11:51:13.773+0000] {processor.py:925} INFO - DAG(s) 'example_branch_operator' retrieved from /home/airflow/.local/lib/python3.12/site-packages/airflow/example_dags/example_branch_operator.py
[2025-09-17T11:51:13.847+0000] {logging_mixin.py:190} INFO - [2025-09-17T11:51:13.847+0000] {dag.py:3239} INFO - Sync 1 DAGs
[2025-09-17T11:51:13.915+0000] {logging_mixin.py:190} INFO - [2025-09-17T11:51:13.914+0000] {dag.py:4180} INFO - Setting next_dagrun for example_branch_operator to 2025-09-16 00:00:00+00:00, run_after=2025-09-17 00:00:00+00:00
[2025-09-17T11:51:13.991+0000] {processor.py:208} INFO - Processing /home/airflow/.local/lib/python3.12/site-packages/airflow/example_dags/example_branch_operator.py took 0.259 seconds
[2025-09-17T11:51:44.717+0000] {processor.py:186} INFO - Started process (PID=1017) to work on /home/airflow/.local/lib/python3.12/site-packages/airflow/example_dags/example_branch_operator.py
[2025-09-17T11:51:44.719+0000] {processor.py:914} INFO - Processing file /home/airflow/.local/lib/python3.12/site-packages/airflow/example_dags/example_branch_operator.py for tasks to queue
[2025-09-17T11:51:44.723+0000] {logging_mixin.py:190} INFO - [2025-09-17T11:51:44.722+0000] {dagbag.py:588} INFO - Filling up the DagBag from /home/airflow/.local/lib/python3.12/site-packages/airflow/example_dags/example_branch_operator.py
[2025-09-17T11:51:44.753+0000] {processor.py:925} INFO - DAG(s) 'example_branch_operator' retrieved from /home/airflow/.local/lib/python3.12/site-packages/airflow/example_dags/example_branch_operator.py
[2025-09-17T11:51:44.793+0000] {logging_mixin.py:190} INFO - [2025-09-17T11:51:44.792+0000] {dag.py:3239} INFO - Sync 1 DAGs
[2025-09-17T11:51:44.832+0000] {logging_mixin.py:190} INFO - [2025-09-17T11:51:44.832+0000] {dag.py:4180} INFO - Setting next_dagrun for example_branch_operator to 2025-09-16 00:00:00+00:00, run_after=2025-09-17 00:00:00+00:00
[2025-09-17T11:51:44.867+0000] {processor.py:208} INFO - Processing /home/airflow/.local/lib/python3.12/site-packages/airflow/example_dags/example_branch_operator.py took 0.159 seconds
[2025-09-17T11:52:14.940+0000] {processor.py:186} INFO - Started process (PID=1079) to work on /home/airflow/.local/lib/python3.12/site-packages/airflow/example_dags/example_branch_operator.py
[2025-09-17T11:52:14.941+0000] {processor.py:914} INFO - Processing file /home/airflow/.local/lib/python3.12/site-packages/airflow/example_dags/example_branch_operator.py for tasks to queue
[2025-09-17T11:52:14.945+0000] {logging_mixin.py:190} INFO - [2025-09-17T11:52:14.944+0000] {dagbag.py:588} INFO - Filling up the DagBag from /home/airflow/.local/lib/python3.12/site-packages/airflow/example_dags/example_branch_operator.py
[2025-09-17T11:52:14.968+0000] {processor.py:925} INFO - DAG(s) 'example_branch_operator' retrieved from /home/airflow/.local/lib/python3.12/site-packages/airflow/example_dags/example_branch_operator.py
[2025-09-17T11:52:15.007+0000] {logging_mixin.py:190} INFO - [2025-09-17T11:52:15.007+0000] {dag.py:3239} INFO - Sync 1 DAGs
[2025-09-17T11:52:15.036+0000] {logging_mixin.py:190} INFO - [2025-09-17T11:52:15.036+0000] {dag.py:4180} INFO - Setting next_dagrun for example_branch_operator to 2025-09-16 00:00:00+00:00, run_after=2025-09-17 00:00:00+00:00
[2025-09-17T11:52:15.063+0000] {processor.py:208} INFO - Processing /home/airflow/.local/lib/python3.12/site-packages/airflow/example_dags/example_branch_operator.py took 0.135 seconds
[2025-09-17T11:52:45.711+0000] {processor.py:186} INFO - Started process (PID=1141) to work on /home/airflow/.local/lib/python3.12/site-packages/airflow/example_dags/example_branch_operator.py
[2025-09-17T11:52:45.713+0000] {processor.py:914} INFO - Processing file /home/airflow/.local/lib/python3.12/site-packages/airflow/example_dags/example_branch_operator.py for tasks to queue
[2025-09-17T11:52:45.717+0000] {logging_mixin.py:190} INFO - [2025-09-17T11:52:45.716+0000] {dagbag.py:588} INFO - Filling up the DagBag from /home/airflow/.local/lib/python3.12/site-packages/airflow/example_dags/example_branch_operator.py
[2025-09-17T11:52:45.743+0000] {processor.py:925} INFO - DAG(s) 'example_branch_operator' retrieved from /home/airflow/.local/lib/python3.12/site-packages/airflow/example_dags/example_branch_operator.py
[2025-09-17T11:52:45.784+0000] {logging_mixin.py:190} INFO - [2025-09-17T11:52:45.784+0000] {dag.py:3239} INFO - Sync 1 DAGs
[2025-09-17T11:52:45.827+0000] {logging_mixin.py:190} INFO - [2025-09-17T11:52:45.827+0000] {dag.py:4180} INFO - Setting next_dagrun for example_branch_operator to 2025-09-16 00:00:00+00:00, run_after=2025-09-17 00:00:00+00:00
[2025-09-17T11:52:45.870+0000] {processor.py:208} INFO - Processing /home/airflow/.local/lib/python3.12/site-packages/airflow/example_dags/example_branch_operator.py took 0.167 seconds
[2025-09-17T11:53:16.157+0000] {processor.py:186} INFO - Started process (PID=1203) to work on /home/airflow/.local/lib/python3.12/site-packages/airflow/example_dags/example_branch_operator.py
[2025-09-17T11:53:16.158+0000] {processor.py:914} INFO - Processing file /home/airflow/.local/lib/python3.12/site-packages/airflow/example_dags/example_branch_operator.py for tasks to queue
[2025-09-17T11:53:16.162+0000] {logging_mixin.py:190} INFO - [2025-09-17T11:53:16.162+0000] {dagbag.py:588} INFO - Filling up the DagBag from /home/airflow/.local/lib/python3.12/site-packages/airflow/example_dags/example_branch_operator.py
[2025-09-17T11:53:16.185+0000] {processor.py:925} INFO - DAG(s) 'example_branch_operator' retrieved from /home/airflow/.local/lib/python3.12/site-packages/airflow/example_dags/example_branch_operator.py
[2025-09-17T11:53:16.221+0000] {logging_mixin.py:190} INFO - [2025-09-17T11:53:16.221+0000] {dag.py:3239} INFO - Sync 1 DAGs
[2025-09-17T11:53:16.252+0000] {logging_mixin.py:190} INFO - [2025-09-17T11:53:16.251+0000] {dag.py:4180} INFO - Setting next_dagrun for example_branch_operator to 2025-09-16 00:00:00+00:00, run_after=2025-09-17 00:00:00+00:00
[2025-09-17T11:53:16.279+0000] {processor.py:208} INFO - Processing /home/airflow/.local/lib/python3.12/site-packages/airflow/example_dags/example_branch_operator.py took 0.131 seconds
