[2025-09-17T11:43:35.504+0000] {processor.py:186} INFO - Started process (PID=203) to work on /home/airflow/.local/lib/python3.12/site-packages/airflow/example_dags/example_local_kubernetes_executor.py
[2025-09-17T11:43:35.505+0000] {processor.py:914} INFO - Processing file /home/airflow/.local/lib/python3.12/site-packages/airflow/example_dags/example_local_kubernetes_executor.py for tasks to queue
[2025-09-17T11:43:35.509+0000] {logging_mixin.py:190} INFO - [2025-09-17T11:43:35.508+0000] {dagbag.py:588} INFO - Filling up the DagBag from /home/airflow/.local/lib/python3.12/site-packages/airflow/example_dags/example_local_kubernetes_executor.py
[2025-09-17T11:43:35.523+0000] {processor.py:925} INFO - DAG(s) 'example_local_kubernetes_executor' retrieved from /home/airflow/.local/lib/python3.12/site-packages/airflow/example_dags/example_local_kubernetes_executor.py
[2025-09-17T11:43:35.682+0000] {logging_mixin.py:190} INFO - [2025-09-17T11:43:35.681+0000] {override.py:1900} INFO - Created Permission View: can delete on DAG:example_local_kubernetes_executor
[2025-09-17T11:43:35.695+0000] {logging_mixin.py:190} INFO - [2025-09-17T11:43:35.695+0000] {override.py:1900} INFO - Created Permission View: can edit on DAG:example_local_kubernetes_executor
[2025-09-17T11:43:35.706+0000] {logging_mixin.py:190} INFO - [2025-09-17T11:43:35.705+0000] {override.py:1900} INFO - Created Permission View: can read on DAG:example_local_kubernetes_executor
[2025-09-17T11:43:35.718+0000] {logging_mixin.py:190} INFO - [2025-09-17T11:43:35.717+0000] {override.py:1900} INFO - Created Permission View: can delete on DAG Run:example_local_kubernetes_executor
[2025-09-17T11:43:35.728+0000] {logging_mixin.py:190} INFO - [2025-09-17T11:43:35.728+0000] {override.py:1900} INFO - Created Permission View: menu access on DAG Run:example_local_kubernetes_executor
[2025-09-17T11:43:35.739+0000] {logging_mixin.py:190} INFO - [2025-09-17T11:43:35.738+0000] {override.py:1900} INFO - Created Permission View: can read on DAG Run:example_local_kubernetes_executor
[2025-09-17T11:43:35.749+0000] {logging_mixin.py:190} INFO - [2025-09-17T11:43:35.749+0000] {override.py:1900} INFO - Created Permission View: can create on DAG Run:example_local_kubernetes_executor
[2025-09-17T11:43:35.751+0000] {logging_mixin.py:190} INFO - [2025-09-17T11:43:35.750+0000] {dag.py:3239} INFO - Sync 1 DAGs
[2025-09-17T11:43:35.767+0000] {logging_mixin.py:190} INFO - [2025-09-17T11:43:35.767+0000] {dag.py:3262} INFO - Creating ORM DAG for example_local_kubernetes_executor
[2025-09-17T11:43:35.769+0000] {logging_mixin.py:190} INFO - [2025-09-17T11:43:35.768+0000] {dag.py:4180} INFO - Setting next_dagrun for example_local_kubernetes_executor to None, run_after=None
[2025-09-17T11:43:35.790+0000] {processor.py:208} INFO - Processing /home/airflow/.local/lib/python3.12/site-packages/airflow/example_dags/example_local_kubernetes_executor.py took 0.294 seconds
[2025-09-17T11:44:06.528+0000] {processor.py:186} INFO - Started process (PID=111) to work on /home/airflow/.local/lib/python3.12/site-packages/airflow/example_dags/example_local_kubernetes_executor.py
[2025-09-17T11:44:06.530+0000] {processor.py:914} INFO - Processing file /home/airflow/.local/lib/python3.12/site-packages/airflow/example_dags/example_local_kubernetes_executor.py for tasks to queue
[2025-09-17T11:44:06.533+0000] {logging_mixin.py:190} INFO - [2025-09-17T11:44:06.533+0000] {dagbag.py:588} INFO - Filling up the DagBag from /home/airflow/.local/lib/python3.12/site-packages/airflow/example_dags/example_local_kubernetes_executor.py
[2025-09-17T11:44:06.545+0000] {processor.py:925} INFO - DAG(s) 'example_local_kubernetes_executor' retrieved from /home/airflow/.local/lib/python3.12/site-packages/airflow/example_dags/example_local_kubernetes_executor.py
[2025-09-17T11:44:06.588+0000] {logging_mixin.py:190} INFO - [2025-09-17T11:44:06.587+0000] {dag.py:3239} INFO - Sync 1 DAGs
[2025-09-17T11:44:06.607+0000] {logging_mixin.py:190} INFO - [2025-09-17T11:44:06.606+0000] {dag.py:4180} INFO - Setting next_dagrun for example_local_kubernetes_executor to None, run_after=None
[2025-09-17T11:44:06.632+0000] {processor.py:208} INFO - Processing /home/airflow/.local/lib/python3.12/site-packages/airflow/example_dags/example_local_kubernetes_executor.py took 0.114 seconds
[2025-09-17T11:44:37.297+0000] {processor.py:186} INFO - Started process (PID=173) to work on /home/airflow/.local/lib/python3.12/site-packages/airflow/example_dags/example_local_kubernetes_executor.py
[2025-09-17T11:44:37.298+0000] {processor.py:914} INFO - Processing file /home/airflow/.local/lib/python3.12/site-packages/airflow/example_dags/example_local_kubernetes_executor.py for tasks to queue
[2025-09-17T11:44:37.302+0000] {logging_mixin.py:190} INFO - [2025-09-17T11:44:37.301+0000] {dagbag.py:588} INFO - Filling up the DagBag from /home/airflow/.local/lib/python3.12/site-packages/airflow/example_dags/example_local_kubernetes_executor.py
[2025-09-17T11:44:37.316+0000] {processor.py:925} INFO - DAG(s) 'example_local_kubernetes_executor' retrieved from /home/airflow/.local/lib/python3.12/site-packages/airflow/example_dags/example_local_kubernetes_executor.py
[2025-09-17T11:44:37.369+0000] {logging_mixin.py:190} INFO - [2025-09-17T11:44:37.369+0000] {dag.py:3239} INFO - Sync 1 DAGs
[2025-09-17T11:44:37.390+0000] {logging_mixin.py:190} INFO - [2025-09-17T11:44:37.390+0000] {dag.py:4180} INFO - Setting next_dagrun for example_local_kubernetes_executor to None, run_after=None
[2025-09-17T11:44:37.423+0000] {processor.py:208} INFO - Processing /home/airflow/.local/lib/python3.12/site-packages/airflow/example_dags/example_local_kubernetes_executor.py took 0.134 seconds
[2025-09-17T11:45:08.329+0000] {processor.py:186} INFO - Started process (PID=235) to work on /home/airflow/.local/lib/python3.12/site-packages/airflow/example_dags/example_local_kubernetes_executor.py
[2025-09-17T11:45:08.330+0000] {processor.py:914} INFO - Processing file /home/airflow/.local/lib/python3.12/site-packages/airflow/example_dags/example_local_kubernetes_executor.py for tasks to queue
[2025-09-17T11:45:08.334+0000] {logging_mixin.py:190} INFO - [2025-09-17T11:45:08.334+0000] {dagbag.py:588} INFO - Filling up the DagBag from /home/airflow/.local/lib/python3.12/site-packages/airflow/example_dags/example_local_kubernetes_executor.py
[2025-09-17T11:45:08.347+0000] {processor.py:925} INFO - DAG(s) 'example_local_kubernetes_executor' retrieved from /home/airflow/.local/lib/python3.12/site-packages/airflow/example_dags/example_local_kubernetes_executor.py
[2025-09-17T11:45:08.397+0000] {logging_mixin.py:190} INFO - [2025-09-17T11:45:08.396+0000] {dag.py:3239} INFO - Sync 1 DAGs
[2025-09-17T11:45:08.420+0000] {logging_mixin.py:190} INFO - [2025-09-17T11:45:08.420+0000] {dag.py:4180} INFO - Setting next_dagrun for example_local_kubernetes_executor to None, run_after=None
[2025-09-17T11:45:08.445+0000] {processor.py:208} INFO - Processing /home/airflow/.local/lib/python3.12/site-packages/airflow/example_dags/example_local_kubernetes_executor.py took 0.127 seconds
[2025-09-17T11:45:39.396+0000] {processor.py:186} INFO - Started process (PID=297) to work on /home/airflow/.local/lib/python3.12/site-packages/airflow/example_dags/example_local_kubernetes_executor.py
[2025-09-17T11:45:39.398+0000] {processor.py:914} INFO - Processing file /home/airflow/.local/lib/python3.12/site-packages/airflow/example_dags/example_local_kubernetes_executor.py for tasks to queue
[2025-09-17T11:45:39.402+0000] {logging_mixin.py:190} INFO - [2025-09-17T11:45:39.401+0000] {dagbag.py:588} INFO - Filling up the DagBag from /home/airflow/.local/lib/python3.12/site-packages/airflow/example_dags/example_local_kubernetes_executor.py
[2025-09-17T11:45:39.417+0000] {processor.py:925} INFO - DAG(s) 'example_local_kubernetes_executor' retrieved from /home/airflow/.local/lib/python3.12/site-packages/airflow/example_dags/example_local_kubernetes_executor.py
[2025-09-17T11:45:39.461+0000] {logging_mixin.py:190} INFO - [2025-09-17T11:45:39.461+0000] {dag.py:3239} INFO - Sync 1 DAGs
[2025-09-17T11:45:39.481+0000] {logging_mixin.py:190} INFO - [2025-09-17T11:45:39.481+0000] {dag.py:4180} INFO - Setting next_dagrun for example_local_kubernetes_executor to None, run_after=None
[2025-09-17T11:45:39.508+0000] {processor.py:208} INFO - Processing /home/airflow/.local/lib/python3.12/site-packages/airflow/example_dags/example_local_kubernetes_executor.py took 0.120 seconds
[2025-09-17T11:46:10.671+0000] {processor.py:186} INFO - Started process (PID=360) to work on /home/airflow/.local/lib/python3.12/site-packages/airflow/example_dags/example_local_kubernetes_executor.py
[2025-09-17T11:46:10.672+0000] {processor.py:914} INFO - Processing file /home/airflow/.local/lib/python3.12/site-packages/airflow/example_dags/example_local_kubernetes_executor.py for tasks to queue
[2025-09-17T11:46:10.679+0000] {logging_mixin.py:190} INFO - [2025-09-17T11:46:10.678+0000] {dagbag.py:588} INFO - Filling up the DagBag from /home/airflow/.local/lib/python3.12/site-packages/airflow/example_dags/example_local_kubernetes_executor.py
[2025-09-17T11:46:10.695+0000] {processor.py:925} INFO - DAG(s) 'example_local_kubernetes_executor' retrieved from /home/airflow/.local/lib/python3.12/site-packages/airflow/example_dags/example_local_kubernetes_executor.py
[2025-09-17T11:46:10.750+0000] {logging_mixin.py:190} INFO - [2025-09-17T11:46:10.750+0000] {dag.py:3239} INFO - Sync 1 DAGs
[2025-09-17T11:46:10.780+0000] {logging_mixin.py:190} INFO - [2025-09-17T11:46:10.777+0000] {dag.py:4180} INFO - Setting next_dagrun for example_local_kubernetes_executor to None, run_after=None
[2025-09-17T11:46:10.821+0000] {processor.py:208} INFO - Processing /home/airflow/.local/lib/python3.12/site-packages/airflow/example_dags/example_local_kubernetes_executor.py took 0.159 seconds
[2025-09-17T11:46:41.682+0000] {processor.py:186} INFO - Started process (PID=422) to work on /home/airflow/.local/lib/python3.12/site-packages/airflow/example_dags/example_local_kubernetes_executor.py
[2025-09-17T11:46:41.683+0000] {processor.py:914} INFO - Processing file /home/airflow/.local/lib/python3.12/site-packages/airflow/example_dags/example_local_kubernetes_executor.py for tasks to queue
[2025-09-17T11:46:41.688+0000] {logging_mixin.py:190} INFO - [2025-09-17T11:46:41.687+0000] {dagbag.py:588} INFO - Filling up the DagBag from /home/airflow/.local/lib/python3.12/site-packages/airflow/example_dags/example_local_kubernetes_executor.py
[2025-09-17T11:46:41.717+0000] {processor.py:925} INFO - DAG(s) 'example_local_kubernetes_executor' retrieved from /home/airflow/.local/lib/python3.12/site-packages/airflow/example_dags/example_local_kubernetes_executor.py
[2025-09-17T11:46:41.790+0000] {logging_mixin.py:190} INFO - [2025-09-17T11:46:41.789+0000] {dag.py:3239} INFO - Sync 1 DAGs
[2025-09-17T11:46:41.814+0000] {logging_mixin.py:190} INFO - [2025-09-17T11:46:41.814+0000] {dag.py:4180} INFO - Setting next_dagrun for example_local_kubernetes_executor to None, run_after=None
[2025-09-17T11:46:41.844+0000] {processor.py:208} INFO - Processing /home/airflow/.local/lib/python3.12/site-packages/airflow/example_dags/example_local_kubernetes_executor.py took 0.170 seconds
[2025-09-17T11:47:12.380+0000] {processor.py:186} INFO - Started process (PID=484) to work on /home/airflow/.local/lib/python3.12/site-packages/airflow/example_dags/example_local_kubernetes_executor.py
[2025-09-17T11:47:12.381+0000] {processor.py:914} INFO - Processing file /home/airflow/.local/lib/python3.12/site-packages/airflow/example_dags/example_local_kubernetes_executor.py for tasks to queue
[2025-09-17T11:47:12.385+0000] {logging_mixin.py:190} INFO - [2025-09-17T11:47:12.384+0000] {dagbag.py:588} INFO - Filling up the DagBag from /home/airflow/.local/lib/python3.12/site-packages/airflow/example_dags/example_local_kubernetes_executor.py
[2025-09-17T11:47:12.400+0000] {processor.py:925} INFO - DAG(s) 'example_local_kubernetes_executor' retrieved from /home/airflow/.local/lib/python3.12/site-packages/airflow/example_dags/example_local_kubernetes_executor.py
[2025-09-17T11:47:12.440+0000] {logging_mixin.py:190} INFO - [2025-09-17T11:47:12.439+0000] {dag.py:3239} INFO - Sync 1 DAGs
[2025-09-17T11:47:12.460+0000] {logging_mixin.py:190} INFO - [2025-09-17T11:47:12.460+0000] {dag.py:4180} INFO - Setting next_dagrun for example_local_kubernetes_executor to None, run_after=None
[2025-09-17T11:47:12.485+0000] {processor.py:208} INFO - Processing /home/airflow/.local/lib/python3.12/site-packages/airflow/example_dags/example_local_kubernetes_executor.py took 0.112 seconds
[2025-09-17T11:47:43.121+0000] {processor.py:186} INFO - Started process (PID=547) to work on /home/airflow/.local/lib/python3.12/site-packages/airflow/example_dags/example_local_kubernetes_executor.py
[2025-09-17T11:47:43.122+0000] {processor.py:914} INFO - Processing file /home/airflow/.local/lib/python3.12/site-packages/airflow/example_dags/example_local_kubernetes_executor.py for tasks to queue
[2025-09-17T11:47:43.126+0000] {logging_mixin.py:190} INFO - [2025-09-17T11:47:43.125+0000] {dagbag.py:588} INFO - Filling up the DagBag from /home/airflow/.local/lib/python3.12/site-packages/airflow/example_dags/example_local_kubernetes_executor.py
[2025-09-17T11:47:43.138+0000] {processor.py:925} INFO - DAG(s) 'example_local_kubernetes_executor' retrieved from /home/airflow/.local/lib/python3.12/site-packages/airflow/example_dags/example_local_kubernetes_executor.py
[2025-09-17T11:47:43.178+0000] {logging_mixin.py:190} INFO - [2025-09-17T11:47:43.178+0000] {dag.py:3239} INFO - Sync 1 DAGs
[2025-09-17T11:47:43.196+0000] {logging_mixin.py:190} INFO - [2025-09-17T11:47:43.196+0000] {dag.py:4180} INFO - Setting next_dagrun for example_local_kubernetes_executor to None, run_after=None
[2025-09-17T11:47:43.223+0000] {processor.py:208} INFO - Processing /home/airflow/.local/lib/python3.12/site-packages/airflow/example_dags/example_local_kubernetes_executor.py took 0.110 seconds
[2025-09-17T11:48:13.515+0000] {processor.py:186} INFO - Started process (PID=609) to work on /home/airflow/.local/lib/python3.12/site-packages/airflow/example_dags/example_local_kubernetes_executor.py
[2025-09-17T11:48:13.516+0000] {processor.py:914} INFO - Processing file /home/airflow/.local/lib/python3.12/site-packages/airflow/example_dags/example_local_kubernetes_executor.py for tasks to queue
[2025-09-17T11:48:13.520+0000] {logging_mixin.py:190} INFO - [2025-09-17T11:48:13.519+0000] {dagbag.py:588} INFO - Filling up the DagBag from /home/airflow/.local/lib/python3.12/site-packages/airflow/example_dags/example_local_kubernetes_executor.py
[2025-09-17T11:48:13.533+0000] {processor.py:925} INFO - DAG(s) 'example_local_kubernetes_executor' retrieved from /home/airflow/.local/lib/python3.12/site-packages/airflow/example_dags/example_local_kubernetes_executor.py
[2025-09-17T11:48:13.573+0000] {logging_mixin.py:190} INFO - [2025-09-17T11:48:13.573+0000] {dag.py:3239} INFO - Sync 1 DAGs
[2025-09-17T11:48:13.590+0000] {logging_mixin.py:190} INFO - [2025-09-17T11:48:13.590+0000] {dag.py:4180} INFO - Setting next_dagrun for example_local_kubernetes_executor to None, run_after=None
[2025-09-17T11:48:13.615+0000] {processor.py:208} INFO - Processing /home/airflow/.local/lib/python3.12/site-packages/airflow/example_dags/example_local_kubernetes_executor.py took 0.107 seconds
[2025-09-17T11:48:44.260+0000] {processor.py:186} INFO - Started process (PID=671) to work on /home/airflow/.local/lib/python3.12/site-packages/airflow/example_dags/example_local_kubernetes_executor.py
[2025-09-17T11:48:44.262+0000] {processor.py:914} INFO - Processing file /home/airflow/.local/lib/python3.12/site-packages/airflow/example_dags/example_local_kubernetes_executor.py for tasks to queue
[2025-09-17T11:48:44.266+0000] {logging_mixin.py:190} INFO - [2025-09-17T11:48:44.265+0000] {dagbag.py:588} INFO - Filling up the DagBag from /home/airflow/.local/lib/python3.12/site-packages/airflow/example_dags/example_local_kubernetes_executor.py
[2025-09-17T11:48:44.280+0000] {processor.py:925} INFO - DAG(s) 'example_local_kubernetes_executor' retrieved from /home/airflow/.local/lib/python3.12/site-packages/airflow/example_dags/example_local_kubernetes_executor.py
[2025-09-17T11:48:44.322+0000] {logging_mixin.py:190} INFO - [2025-09-17T11:48:44.321+0000] {dag.py:3239} INFO - Sync 1 DAGs
[2025-09-17T11:48:44.341+0000] {logging_mixin.py:190} INFO - [2025-09-17T11:48:44.341+0000] {dag.py:4180} INFO - Setting next_dagrun for example_local_kubernetes_executor to None, run_after=None
[2025-09-17T11:48:44.367+0000] {processor.py:208} INFO - Processing /home/airflow/.local/lib/python3.12/site-packages/airflow/example_dags/example_local_kubernetes_executor.py took 0.116 seconds
[2025-09-17T11:49:14.901+0000] {processor.py:186} INFO - Started process (PID=734) to work on /home/airflow/.local/lib/python3.12/site-packages/airflow/example_dags/example_local_kubernetes_executor.py
[2025-09-17T11:49:14.904+0000] {processor.py:914} INFO - Processing file /home/airflow/.local/lib/python3.12/site-packages/airflow/example_dags/example_local_kubernetes_executor.py for tasks to queue
[2025-09-17T11:49:14.908+0000] {logging_mixin.py:190} INFO - [2025-09-17T11:49:14.908+0000] {dagbag.py:588} INFO - Filling up the DagBag from /home/airflow/.local/lib/python3.12/site-packages/airflow/example_dags/example_local_kubernetes_executor.py
[2025-09-17T11:49:14.925+0000] {processor.py:925} INFO - DAG(s) 'example_local_kubernetes_executor' retrieved from /home/airflow/.local/lib/python3.12/site-packages/airflow/example_dags/example_local_kubernetes_executor.py
[2025-09-17T11:49:14.979+0000] {logging_mixin.py:190} INFO - [2025-09-17T11:49:14.979+0000] {dag.py:3239} INFO - Sync 1 DAGs
[2025-09-17T11:49:15.000+0000] {logging_mixin.py:190} INFO - [2025-09-17T11:49:15.000+0000] {dag.py:4180} INFO - Setting next_dagrun for example_local_kubernetes_executor to None, run_after=None
[2025-09-17T11:49:15.047+0000] {processor.py:208} INFO - Processing /home/airflow/.local/lib/python3.12/site-packages/airflow/example_dags/example_local_kubernetes_executor.py took 0.154 seconds
[2025-09-17T11:49:45.388+0000] {processor.py:186} INFO - Started process (PID=796) to work on /home/airflow/.local/lib/python3.12/site-packages/airflow/example_dags/example_local_kubernetes_executor.py
[2025-09-17T11:49:45.389+0000] {processor.py:914} INFO - Processing file /home/airflow/.local/lib/python3.12/site-packages/airflow/example_dags/example_local_kubernetes_executor.py for tasks to queue
[2025-09-17T11:49:45.393+0000] {logging_mixin.py:190} INFO - [2025-09-17T11:49:45.392+0000] {dagbag.py:588} INFO - Filling up the DagBag from /home/airflow/.local/lib/python3.12/site-packages/airflow/example_dags/example_local_kubernetes_executor.py
[2025-09-17T11:49:45.407+0000] {processor.py:925} INFO - DAG(s) 'example_local_kubernetes_executor' retrieved from /home/airflow/.local/lib/python3.12/site-packages/airflow/example_dags/example_local_kubernetes_executor.py
[2025-09-17T11:49:45.447+0000] {logging_mixin.py:190} INFO - [2025-09-17T11:49:45.447+0000] {dag.py:3239} INFO - Sync 1 DAGs
[2025-09-17T11:49:45.466+0000] {logging_mixin.py:190} INFO - [2025-09-17T11:49:45.466+0000] {dag.py:4180} INFO - Setting next_dagrun for example_local_kubernetes_executor to None, run_after=None
[2025-09-17T11:49:45.492+0000] {processor.py:208} INFO - Processing /home/airflow/.local/lib/python3.12/site-packages/airflow/example_dags/example_local_kubernetes_executor.py took 0.113 seconds
[2025-09-17T11:50:16.347+0000] {processor.py:186} INFO - Started process (PID=858) to work on /home/airflow/.local/lib/python3.12/site-packages/airflow/example_dags/example_local_kubernetes_executor.py
[2025-09-17T11:50:16.349+0000] {processor.py:914} INFO - Processing file /home/airflow/.local/lib/python3.12/site-packages/airflow/example_dags/example_local_kubernetes_executor.py for tasks to queue
[2025-09-17T11:50:16.354+0000] {logging_mixin.py:190} INFO - [2025-09-17T11:50:16.353+0000] {dagbag.py:588} INFO - Filling up the DagBag from /home/airflow/.local/lib/python3.12/site-packages/airflow/example_dags/example_local_kubernetes_executor.py
[2025-09-17T11:50:16.371+0000] {processor.py:925} INFO - DAG(s) 'example_local_kubernetes_executor' retrieved from /home/airflow/.local/lib/python3.12/site-packages/airflow/example_dags/example_local_kubernetes_executor.py
[2025-09-17T11:50:16.411+0000] {logging_mixin.py:190} INFO - [2025-09-17T11:50:16.411+0000] {dag.py:3239} INFO - Sync 1 DAGs
[2025-09-17T11:50:16.434+0000] {logging_mixin.py:190} INFO - [2025-09-17T11:50:16.434+0000] {dag.py:4180} INFO - Setting next_dagrun for example_local_kubernetes_executor to None, run_after=None
[2025-09-17T11:50:16.460+0000] {processor.py:208} INFO - Processing /home/airflow/.local/lib/python3.12/site-packages/airflow/example_dags/example_local_kubernetes_executor.py took 0.124 seconds
[2025-09-17T11:50:47.220+0000] {processor.py:186} INFO - Started process (PID=920) to work on /home/airflow/.local/lib/python3.12/site-packages/airflow/example_dags/example_local_kubernetes_executor.py
[2025-09-17T11:50:47.222+0000] {processor.py:914} INFO - Processing file /home/airflow/.local/lib/python3.12/site-packages/airflow/example_dags/example_local_kubernetes_executor.py for tasks to queue
[2025-09-17T11:50:47.226+0000] {logging_mixin.py:190} INFO - [2025-09-17T11:50:47.226+0000] {dagbag.py:588} INFO - Filling up the DagBag from /home/airflow/.local/lib/python3.12/site-packages/airflow/example_dags/example_local_kubernetes_executor.py
[2025-09-17T11:50:47.238+0000] {processor.py:925} INFO - DAG(s) 'example_local_kubernetes_executor' retrieved from /home/airflow/.local/lib/python3.12/site-packages/airflow/example_dags/example_local_kubernetes_executor.py
[2025-09-17T11:50:47.283+0000] {logging_mixin.py:190} INFO - [2025-09-17T11:50:47.283+0000] {dag.py:3239} INFO - Sync 1 DAGs
[2025-09-17T11:50:47.301+0000] {logging_mixin.py:190} INFO - [2025-09-17T11:50:47.301+0000] {dag.py:4180} INFO - Setting next_dagrun for example_local_kubernetes_executor to None, run_after=None
[2025-09-17T11:50:47.328+0000] {processor.py:208} INFO - Processing /home/airflow/.local/lib/python3.12/site-packages/airflow/example_dags/example_local_kubernetes_executor.py took 0.116 seconds
[2025-09-17T11:51:17.804+0000] {processor.py:186} INFO - Started process (PID=982) to work on /home/airflow/.local/lib/python3.12/site-packages/airflow/example_dags/example_local_kubernetes_executor.py
[2025-09-17T11:51:17.806+0000] {processor.py:914} INFO - Processing file /home/airflow/.local/lib/python3.12/site-packages/airflow/example_dags/example_local_kubernetes_executor.py for tasks to queue
[2025-09-17T11:51:17.810+0000] {logging_mixin.py:190} INFO - [2025-09-17T11:51:17.810+0000] {dagbag.py:588} INFO - Filling up the DagBag from /home/airflow/.local/lib/python3.12/site-packages/airflow/example_dags/example_local_kubernetes_executor.py
[2025-09-17T11:51:17.825+0000] {processor.py:925} INFO - DAG(s) 'example_local_kubernetes_executor' retrieved from /home/airflow/.local/lib/python3.12/site-packages/airflow/example_dags/example_local_kubernetes_executor.py
[2025-09-17T11:51:17.869+0000] {logging_mixin.py:190} INFO - [2025-09-17T11:51:17.869+0000] {dag.py:3239} INFO - Sync 1 DAGs
[2025-09-17T11:51:17.888+0000] {logging_mixin.py:190} INFO - [2025-09-17T11:51:17.888+0000] {dag.py:4180} INFO - Setting next_dagrun for example_local_kubernetes_executor to None, run_after=None
[2025-09-17T11:51:17.914+0000] {processor.py:208} INFO - Processing /home/airflow/.local/lib/python3.12/site-packages/airflow/example_dags/example_local_kubernetes_executor.py took 0.118 seconds
[2025-09-17T11:51:48.488+0000] {processor.py:186} INFO - Started process (PID=1044) to work on /home/airflow/.local/lib/python3.12/site-packages/airflow/example_dags/example_local_kubernetes_executor.py
[2025-09-17T11:51:48.490+0000] {processor.py:914} INFO - Processing file /home/airflow/.local/lib/python3.12/site-packages/airflow/example_dags/example_local_kubernetes_executor.py for tasks to queue
[2025-09-17T11:51:48.493+0000] {logging_mixin.py:190} INFO - [2025-09-17T11:51:48.493+0000] {dagbag.py:588} INFO - Filling up the DagBag from /home/airflow/.local/lib/python3.12/site-packages/airflow/example_dags/example_local_kubernetes_executor.py
[2025-09-17T11:51:48.507+0000] {processor.py:925} INFO - DAG(s) 'example_local_kubernetes_executor' retrieved from /home/airflow/.local/lib/python3.12/site-packages/airflow/example_dags/example_local_kubernetes_executor.py
[2025-09-17T11:51:48.547+0000] {logging_mixin.py:190} INFO - [2025-09-17T11:51:48.547+0000] {dag.py:3239} INFO - Sync 1 DAGs
[2025-09-17T11:51:48.563+0000] {logging_mixin.py:190} INFO - [2025-09-17T11:51:48.563+0000] {dag.py:4180} INFO - Setting next_dagrun for example_local_kubernetes_executor to None, run_after=None
[2025-09-17T11:51:48.587+0000] {processor.py:208} INFO - Processing /home/airflow/.local/lib/python3.12/site-packages/airflow/example_dags/example_local_kubernetes_executor.py took 0.108 seconds
[2025-09-17T11:52:18.903+0000] {processor.py:186} INFO - Started process (PID=1106) to work on /home/airflow/.local/lib/python3.12/site-packages/airflow/example_dags/example_local_kubernetes_executor.py
[2025-09-17T11:52:18.904+0000] {processor.py:914} INFO - Processing file /home/airflow/.local/lib/python3.12/site-packages/airflow/example_dags/example_local_kubernetes_executor.py for tasks to queue
[2025-09-17T11:52:18.907+0000] {logging_mixin.py:190} INFO - [2025-09-17T11:52:18.907+0000] {dagbag.py:588} INFO - Filling up the DagBag from /home/airflow/.local/lib/python3.12/site-packages/airflow/example_dags/example_local_kubernetes_executor.py
[2025-09-17T11:52:18.921+0000] {processor.py:925} INFO - DAG(s) 'example_local_kubernetes_executor' retrieved from /home/airflow/.local/lib/python3.12/site-packages/airflow/example_dags/example_local_kubernetes_executor.py
[2025-09-17T11:52:18.961+0000] {logging_mixin.py:190} INFO - [2025-09-17T11:52:18.961+0000] {dag.py:3239} INFO - Sync 1 DAGs
[2025-09-17T11:52:18.977+0000] {logging_mixin.py:190} INFO - [2025-09-17T11:52:18.977+0000] {dag.py:4180} INFO - Setting next_dagrun for example_local_kubernetes_executor to None, run_after=None
[2025-09-17T11:52:19.003+0000] {processor.py:208} INFO - Processing /home/airflow/.local/lib/python3.12/site-packages/airflow/example_dags/example_local_kubernetes_executor.py took 0.108 seconds
[2025-09-17T11:52:49.065+0000] {processor.py:186} INFO - Started process (PID=1167) to work on /home/airflow/.local/lib/python3.12/site-packages/airflow/example_dags/example_local_kubernetes_executor.py
[2025-09-17T11:52:49.066+0000] {processor.py:914} INFO - Processing file /home/airflow/.local/lib/python3.12/site-packages/airflow/example_dags/example_local_kubernetes_executor.py for tasks to queue
[2025-09-17T11:52:49.069+0000] {logging_mixin.py:190} INFO - [2025-09-17T11:52:49.069+0000] {dagbag.py:588} INFO - Filling up the DagBag from /home/airflow/.local/lib/python3.12/site-packages/airflow/example_dags/example_local_kubernetes_executor.py
[2025-09-17T11:52:49.081+0000] {processor.py:925} INFO - DAG(s) 'example_local_kubernetes_executor' retrieved from /home/airflow/.local/lib/python3.12/site-packages/airflow/example_dags/example_local_kubernetes_executor.py
[2025-09-17T11:52:49.123+0000] {logging_mixin.py:190} INFO - [2025-09-17T11:52:49.123+0000] {dag.py:3239} INFO - Sync 1 DAGs
[2025-09-17T11:52:49.141+0000] {logging_mixin.py:190} INFO - [2025-09-17T11:52:49.141+0000] {dag.py:4180} INFO - Setting next_dagrun for example_local_kubernetes_executor to None, run_after=None
[2025-09-17T11:52:49.166+0000] {processor.py:208} INFO - Processing /home/airflow/.local/lib/python3.12/site-packages/airflow/example_dags/example_local_kubernetes_executor.py took 0.108 seconds
[2025-09-17T11:53:19.887+0000] {processor.py:186} INFO - Started process (PID=1228) to work on /home/airflow/.local/lib/python3.12/site-packages/airflow/example_dags/example_local_kubernetes_executor.py
[2025-09-17T11:53:19.889+0000] {processor.py:914} INFO - Processing file /home/airflow/.local/lib/python3.12/site-packages/airflow/example_dags/example_local_kubernetes_executor.py for tasks to queue
[2025-09-17T11:53:19.893+0000] {logging_mixin.py:190} INFO - [2025-09-17T11:53:19.892+0000] {dagbag.py:588} INFO - Filling up the DagBag from /home/airflow/.local/lib/python3.12/site-packages/airflow/example_dags/example_local_kubernetes_executor.py
[2025-09-17T11:53:19.908+0000] {processor.py:925} INFO - DAG(s) 'example_local_kubernetes_executor' retrieved from /home/airflow/.local/lib/python3.12/site-packages/airflow/example_dags/example_local_kubernetes_executor.py
[2025-09-17T11:53:19.953+0000] {logging_mixin.py:190} INFO - [2025-09-17T11:53:19.952+0000] {dag.py:3239} INFO - Sync 1 DAGs
[2025-09-17T11:53:19.975+0000] {logging_mixin.py:190} INFO - [2025-09-17T11:53:19.974+0000] {dag.py:4180} INFO - Setting next_dagrun for example_local_kubernetes_executor to None, run_after=None
[2025-09-17T11:53:20.003+0000] {processor.py:208} INFO - Processing /home/airflow/.local/lib/python3.12/site-packages/airflow/example_dags/example_local_kubernetes_executor.py took 0.124 seconds
