[2025-09-17T11:43:28.349+0000] {processor.py:186} INFO - Started process (PID=174) to work on /home/airflow/.local/lib/python3.12/site-packages/airflow/example_dags/example_nested_branch_dag.py
[2025-09-17T11:43:28.353+0000] {processor.py:914} INFO - Processing file /home/airflow/.local/lib/python3.12/site-packages/airflow/example_dags/example_nested_branch_dag.py for tasks to queue
[2025-09-17T11:43:28.359+0000] {logging_mixin.py:190} INFO - [2025-09-17T11:43:28.358+0000] {dagbag.py:588} INFO - Filling up the DagBag from /home/airflow/.local/lib/python3.12/site-packages/airflow/example_dags/example_nested_branch_dag.py
[2025-09-17T11:43:28.391+0000] {processor.py:925} INFO - DAG(s) 'example_nested_branch_dag' retrieved from /home/airflow/.local/lib/python3.12/site-packages/airflow/example_dags/example_nested_branch_dag.py
[2025-09-17T11:43:28.640+0000] {logging_mixin.py:190} INFO - [2025-09-17T11:43:28.639+0000] {override.py:1900} INFO - Created Permission View: can delete on DAG:example_nested_branch_dag
[2025-09-17T11:43:28.655+0000] {logging_mixin.py:190} INFO - [2025-09-17T11:43:28.654+0000] {override.py:1900} INFO - Created Permission View: can edit on DAG:example_nested_branch_dag
[2025-09-17T11:43:28.667+0000] {logging_mixin.py:190} INFO - [2025-09-17T11:43:28.666+0000] {override.py:1900} INFO - Created Permission View: can read on DAG:example_nested_branch_dag
[2025-09-17T11:43:28.679+0000] {logging_mixin.py:190} INFO - [2025-09-17T11:43:28.679+0000] {override.py:1900} INFO - Created Permission View: can delete on DAG Run:example_nested_branch_dag
[2025-09-17T11:43:28.691+0000] {logging_mixin.py:190} INFO - [2025-09-17T11:43:28.691+0000] {override.py:1900} INFO - Created Permission View: menu access on DAG Run:example_nested_branch_dag
[2025-09-17T11:43:28.702+0000] {logging_mixin.py:190} INFO - [2025-09-17T11:43:28.702+0000] {override.py:1900} INFO - Created Permission View: can read on DAG Run:example_nested_branch_dag
[2025-09-17T11:43:28.713+0000] {logging_mixin.py:190} INFO - [2025-09-17T11:43:28.713+0000] {override.py:1900} INFO - Created Permission View: can create on DAG Run:example_nested_branch_dag
[2025-09-17T11:43:28.714+0000] {logging_mixin.py:190} INFO - [2025-09-17T11:43:28.714+0000] {dag.py:3239} INFO - Sync 1 DAGs
[2025-09-17T11:43:28.736+0000] {logging_mixin.py:190} INFO - [2025-09-17T11:43:28.735+0000] {dag.py:3262} INFO - Creating ORM DAG for example_nested_branch_dag
[2025-09-17T11:43:28.754+0000] {logging_mixin.py:190} INFO - [2025-09-17T11:43:28.754+0000] {dag.py:4180} INFO - Setting next_dagrun for example_nested_branch_dag to 2025-09-16 00:00:00+00:00, run_after=2025-09-17 00:00:00+00:00
[2025-09-17T11:43:28.784+0000] {processor.py:208} INFO - Processing /home/airflow/.local/lib/python3.12/site-packages/airflow/example_dags/example_nested_branch_dag.py took 0.450 seconds
[2025-09-17T11:44:02.680+0000] {processor.py:186} INFO - Started process (PID=75) to work on /home/airflow/.local/lib/python3.12/site-packages/airflow/example_dags/example_nested_branch_dag.py
[2025-09-17T11:44:02.682+0000] {processor.py:914} INFO - Processing file /home/airflow/.local/lib/python3.12/site-packages/airflow/example_dags/example_nested_branch_dag.py for tasks to queue
[2025-09-17T11:44:02.690+0000] {logging_mixin.py:190} INFO - [2025-09-17T11:44:02.689+0000] {dagbag.py:588} INFO - Filling up the DagBag from /home/airflow/.local/lib/python3.12/site-packages/airflow/example_dags/example_nested_branch_dag.py
[2025-09-17T11:44:02.718+0000] {processor.py:925} INFO - DAG(s) 'example_nested_branch_dag' retrieved from /home/airflow/.local/lib/python3.12/site-packages/airflow/example_dags/example_nested_branch_dag.py
[2025-09-17T11:44:02.768+0000] {logging_mixin.py:190} INFO - [2025-09-17T11:44:02.767+0000] {dag.py:3239} INFO - Sync 1 DAGs
[2025-09-17T11:44:02.823+0000] {logging_mixin.py:190} INFO - [2025-09-17T11:44:02.822+0000] {dag.py:4180} INFO - Setting next_dagrun for example_nested_branch_dag to 2025-09-16 00:00:00+00:00, run_after=2025-09-17 00:00:00+00:00
[2025-09-17T11:44:02.867+0000] {processor.py:208} INFO - Processing /home/airflow/.local/lib/python3.12/site-packages/airflow/example_dags/example_nested_branch_dag.py took 0.201 seconds
[2025-09-17T11:44:33.186+0000] {processor.py:186} INFO - Started process (PID=138) to work on /home/airflow/.local/lib/python3.12/site-packages/airflow/example_dags/example_nested_branch_dag.py
[2025-09-17T11:44:33.187+0000] {processor.py:914} INFO - Processing file /home/airflow/.local/lib/python3.12/site-packages/airflow/example_dags/example_nested_branch_dag.py for tasks to queue
[2025-09-17T11:44:33.191+0000] {logging_mixin.py:190} INFO - [2025-09-17T11:44:33.190+0000] {dagbag.py:588} INFO - Filling up the DagBag from /home/airflow/.local/lib/python3.12/site-packages/airflow/example_dags/example_nested_branch_dag.py
[2025-09-17T11:44:33.205+0000] {processor.py:925} INFO - DAG(s) 'example_nested_branch_dag' retrieved from /home/airflow/.local/lib/python3.12/site-packages/airflow/example_dags/example_nested_branch_dag.py
[2025-09-17T11:44:33.235+0000] {logging_mixin.py:190} INFO - [2025-09-17T11:44:33.235+0000] {dag.py:3239} INFO - Sync 1 DAGs
[2025-09-17T11:44:33.265+0000] {logging_mixin.py:190} INFO - [2025-09-17T11:44:33.265+0000] {dag.py:4180} INFO - Setting next_dagrun for example_nested_branch_dag to 2025-09-16 00:00:00+00:00, run_after=2025-09-17 00:00:00+00:00
[2025-09-17T11:44:33.291+0000] {processor.py:208} INFO - Processing /home/airflow/.local/lib/python3.12/site-packages/airflow/example_dags/example_nested_branch_dag.py took 0.114 seconds
[2025-09-17T11:45:04.058+0000] {processor.py:186} INFO - Started process (PID=206) to work on /home/airflow/.local/lib/python3.12/site-packages/airflow/example_dags/example_nested_branch_dag.py
[2025-09-17T11:45:04.059+0000] {processor.py:914} INFO - Processing file /home/airflow/.local/lib/python3.12/site-packages/airflow/example_dags/example_nested_branch_dag.py for tasks to queue
[2025-09-17T11:45:04.063+0000] {logging_mixin.py:190} INFO - [2025-09-17T11:45:04.062+0000] {dagbag.py:588} INFO - Filling up the DagBag from /home/airflow/.local/lib/python3.12/site-packages/airflow/example_dags/example_nested_branch_dag.py
[2025-09-17T11:45:04.077+0000] {processor.py:925} INFO - DAG(s) 'example_nested_branch_dag' retrieved from /home/airflow/.local/lib/python3.12/site-packages/airflow/example_dags/example_nested_branch_dag.py
[2025-09-17T11:45:04.106+0000] {logging_mixin.py:190} INFO - [2025-09-17T11:45:04.105+0000] {dag.py:3239} INFO - Sync 1 DAGs
[2025-09-17T11:45:04.136+0000] {logging_mixin.py:190} INFO - [2025-09-17T11:45:04.136+0000] {dag.py:4180} INFO - Setting next_dagrun for example_nested_branch_dag to 2025-09-16 00:00:00+00:00, run_after=2025-09-17 00:00:00+00:00
[2025-09-17T11:45:04.161+0000] {processor.py:208} INFO - Processing /home/airflow/.local/lib/python3.12/site-packages/airflow/example_dags/example_nested_branch_dag.py took 0.112 seconds
[2025-09-17T11:45:35.026+0000] {processor.py:186} INFO - Started process (PID=268) to work on /home/airflow/.local/lib/python3.12/site-packages/airflow/example_dags/example_nested_branch_dag.py
[2025-09-17T11:45:35.028+0000] {processor.py:914} INFO - Processing file /home/airflow/.local/lib/python3.12/site-packages/airflow/example_dags/example_nested_branch_dag.py for tasks to queue
[2025-09-17T11:45:35.032+0000] {logging_mixin.py:190} INFO - [2025-09-17T11:45:35.031+0000] {dagbag.py:588} INFO - Filling up the DagBag from /home/airflow/.local/lib/python3.12/site-packages/airflow/example_dags/example_nested_branch_dag.py
[2025-09-17T11:45:35.046+0000] {processor.py:925} INFO - DAG(s) 'example_nested_branch_dag' retrieved from /home/airflow/.local/lib/python3.12/site-packages/airflow/example_dags/example_nested_branch_dag.py
[2025-09-17T11:45:35.074+0000] {logging_mixin.py:190} INFO - [2025-09-17T11:45:35.073+0000] {dag.py:3239} INFO - Sync 1 DAGs
[2025-09-17T11:45:35.101+0000] {logging_mixin.py:190} INFO - [2025-09-17T11:45:35.101+0000] {dag.py:4180} INFO - Setting next_dagrun for example_nested_branch_dag to 2025-09-16 00:00:00+00:00, run_after=2025-09-17 00:00:00+00:00
[2025-09-17T11:45:35.128+0000] {processor.py:208} INFO - Processing /home/airflow/.local/lib/python3.12/site-packages/airflow/example_dags/example_nested_branch_dag.py took 0.112 seconds
[2025-09-17T11:46:05.791+0000] {processor.py:186} INFO - Started process (PID=331) to work on /home/airflow/.local/lib/python3.12/site-packages/airflow/example_dags/example_nested_branch_dag.py
[2025-09-17T11:46:05.793+0000] {processor.py:914} INFO - Processing file /home/airflow/.local/lib/python3.12/site-packages/airflow/example_dags/example_nested_branch_dag.py for tasks to queue
[2025-09-17T11:46:05.800+0000] {logging_mixin.py:190} INFO - [2025-09-17T11:46:05.799+0000] {dagbag.py:588} INFO - Filling up the DagBag from /home/airflow/.local/lib/python3.12/site-packages/airflow/example_dags/example_nested_branch_dag.py
[2025-09-17T11:46:05.827+0000] {processor.py:925} INFO - DAG(s) 'example_nested_branch_dag' retrieved from /home/airflow/.local/lib/python3.12/site-packages/airflow/example_dags/example_nested_branch_dag.py
[2025-09-17T11:46:05.860+0000] {logging_mixin.py:190} INFO - [2025-09-17T11:46:05.859+0000] {dag.py:3239} INFO - Sync 1 DAGs
[2025-09-17T11:46:05.909+0000] {logging_mixin.py:190} INFO - [2025-09-17T11:46:05.909+0000] {dag.py:4180} INFO - Setting next_dagrun for example_nested_branch_dag to 2025-09-16 00:00:00+00:00, run_after=2025-09-17 00:00:00+00:00
[2025-09-17T11:46:05.950+0000] {processor.py:208} INFO - Processing /home/airflow/.local/lib/python3.12/site-packages/airflow/example_dags/example_nested_branch_dag.py took 0.168 seconds
[2025-09-17T11:46:36.572+0000] {processor.py:186} INFO - Started process (PID=393) to work on /home/airflow/.local/lib/python3.12/site-packages/airflow/example_dags/example_nested_branch_dag.py
[2025-09-17T11:46:36.573+0000] {processor.py:914} INFO - Processing file /home/airflow/.local/lib/python3.12/site-packages/airflow/example_dags/example_nested_branch_dag.py for tasks to queue
[2025-09-17T11:46:36.577+0000] {logging_mixin.py:190} INFO - [2025-09-17T11:46:36.576+0000] {dagbag.py:588} INFO - Filling up the DagBag from /home/airflow/.local/lib/python3.12/site-packages/airflow/example_dags/example_nested_branch_dag.py
[2025-09-17T11:46:36.603+0000] {processor.py:925} INFO - DAG(s) 'example_nested_branch_dag' retrieved from /home/airflow/.local/lib/python3.12/site-packages/airflow/example_dags/example_nested_branch_dag.py
[2025-09-17T11:46:36.639+0000] {logging_mixin.py:190} INFO - [2025-09-17T11:46:36.639+0000] {dag.py:3239} INFO - Sync 1 DAGs
[2025-09-17T11:46:36.676+0000] {logging_mixin.py:190} INFO - [2025-09-17T11:46:36.675+0000] {dag.py:4180} INFO - Setting next_dagrun for example_nested_branch_dag to 2025-09-16 00:00:00+00:00, run_after=2025-09-17 00:00:00+00:00
[2025-09-17T11:46:36.705+0000] {processor.py:208} INFO - Processing /home/airflow/.local/lib/python3.12/site-packages/airflow/example_dags/example_nested_branch_dag.py took 0.146 seconds
[2025-09-17T11:47:07.378+0000] {processor.py:186} INFO - Started process (PID=455) to work on /home/airflow/.local/lib/python3.12/site-packages/airflow/example_dags/example_nested_branch_dag.py
[2025-09-17T11:47:07.379+0000] {processor.py:914} INFO - Processing file /home/airflow/.local/lib/python3.12/site-packages/airflow/example_dags/example_nested_branch_dag.py for tasks to queue
[2025-09-17T11:47:07.382+0000] {logging_mixin.py:190} INFO - [2025-09-17T11:47:07.382+0000] {dagbag.py:588} INFO - Filling up the DagBag from /home/airflow/.local/lib/python3.12/site-packages/airflow/example_dags/example_nested_branch_dag.py
[2025-09-17T11:47:07.396+0000] {processor.py:925} INFO - DAG(s) 'example_nested_branch_dag' retrieved from /home/airflow/.local/lib/python3.12/site-packages/airflow/example_dags/example_nested_branch_dag.py
[2025-09-17T11:47:07.421+0000] {logging_mixin.py:190} INFO - [2025-09-17T11:47:07.420+0000] {dag.py:3239} INFO - Sync 1 DAGs
[2025-09-17T11:47:07.448+0000] {logging_mixin.py:190} INFO - [2025-09-17T11:47:07.448+0000] {dag.py:4180} INFO - Setting next_dagrun for example_nested_branch_dag to 2025-09-16 00:00:00+00:00, run_after=2025-09-17 00:00:00+00:00
[2025-09-17T11:47:07.473+0000] {processor.py:208} INFO - Processing /home/airflow/.local/lib/python3.12/site-packages/airflow/example_dags/example_nested_branch_dag.py took 0.103 seconds
[2025-09-17T11:47:38.064+0000] {processor.py:186} INFO - Started process (PID=518) to work on /home/airflow/.local/lib/python3.12/site-packages/airflow/example_dags/example_nested_branch_dag.py
[2025-09-17T11:47:38.065+0000] {processor.py:914} INFO - Processing file /home/airflow/.local/lib/python3.12/site-packages/airflow/example_dags/example_nested_branch_dag.py for tasks to queue
[2025-09-17T11:47:38.068+0000] {logging_mixin.py:190} INFO - [2025-09-17T11:47:38.068+0000] {dagbag.py:588} INFO - Filling up the DagBag from /home/airflow/.local/lib/python3.12/site-packages/airflow/example_dags/example_nested_branch_dag.py
[2025-09-17T11:47:38.082+0000] {processor.py:925} INFO - DAG(s) 'example_nested_branch_dag' retrieved from /home/airflow/.local/lib/python3.12/site-packages/airflow/example_dags/example_nested_branch_dag.py
[2025-09-17T11:47:38.111+0000] {logging_mixin.py:190} INFO - [2025-09-17T11:47:38.111+0000] {dag.py:3239} INFO - Sync 1 DAGs
[2025-09-17T11:47:38.138+0000] {logging_mixin.py:190} INFO - [2025-09-17T11:47:38.138+0000] {dag.py:4180} INFO - Setting next_dagrun for example_nested_branch_dag to 2025-09-16 00:00:00+00:00, run_after=2025-09-17 00:00:00+00:00
[2025-09-17T11:47:38.161+0000] {processor.py:208} INFO - Processing /home/airflow/.local/lib/python3.12/site-packages/airflow/example_dags/example_nested_branch_dag.py took 0.105 seconds
[2025-09-17T11:48:08.584+0000] {processor.py:186} INFO - Started process (PID=580) to work on /home/airflow/.local/lib/python3.12/site-packages/airflow/example_dags/example_nested_branch_dag.py
[2025-09-17T11:48:08.585+0000] {processor.py:914} INFO - Processing file /home/airflow/.local/lib/python3.12/site-packages/airflow/example_dags/example_nested_branch_dag.py for tasks to queue
[2025-09-17T11:48:08.588+0000] {logging_mixin.py:190} INFO - [2025-09-17T11:48:08.588+0000] {dagbag.py:588} INFO - Filling up the DagBag from /home/airflow/.local/lib/python3.12/site-packages/airflow/example_dags/example_nested_branch_dag.py
[2025-09-17T11:48:08.604+0000] {processor.py:925} INFO - DAG(s) 'example_nested_branch_dag' retrieved from /home/airflow/.local/lib/python3.12/site-packages/airflow/example_dags/example_nested_branch_dag.py
[2025-09-17T11:48:08.632+0000] {logging_mixin.py:190} INFO - [2025-09-17T11:48:08.631+0000] {dag.py:3239} INFO - Sync 1 DAGs
[2025-09-17T11:48:08.661+0000] {logging_mixin.py:190} INFO - [2025-09-17T11:48:08.661+0000] {dag.py:4180} INFO - Setting next_dagrun for example_nested_branch_dag to 2025-09-16 00:00:00+00:00, run_after=2025-09-17 00:00:00+00:00
[2025-09-17T11:48:08.686+0000] {processor.py:208} INFO - Processing /home/airflow/.local/lib/python3.12/site-packages/airflow/example_dags/example_nested_branch_dag.py took 0.110 seconds
[2025-09-17T11:48:39.019+0000] {processor.py:186} INFO - Started process (PID=642) to work on /home/airflow/.local/lib/python3.12/site-packages/airflow/example_dags/example_nested_branch_dag.py
[2025-09-17T11:48:39.020+0000] {processor.py:914} INFO - Processing file /home/airflow/.local/lib/python3.12/site-packages/airflow/example_dags/example_nested_branch_dag.py for tasks to queue
[2025-09-17T11:48:39.024+0000] {logging_mixin.py:190} INFO - [2025-09-17T11:48:39.023+0000] {dagbag.py:588} INFO - Filling up the DagBag from /home/airflow/.local/lib/python3.12/site-packages/airflow/example_dags/example_nested_branch_dag.py
[2025-09-17T11:48:39.039+0000] {processor.py:925} INFO - DAG(s) 'example_nested_branch_dag' retrieved from /home/airflow/.local/lib/python3.12/site-packages/airflow/example_dags/example_nested_branch_dag.py
[2025-09-17T11:48:39.067+0000] {logging_mixin.py:190} INFO - [2025-09-17T11:48:39.067+0000] {dag.py:3239} INFO - Sync 1 DAGs
[2025-09-17T11:48:39.101+0000] {logging_mixin.py:190} INFO - [2025-09-17T11:48:39.100+0000] {dag.py:4180} INFO - Setting next_dagrun for example_nested_branch_dag to 2025-09-16 00:00:00+00:00, run_after=2025-09-17 00:00:00+00:00
[2025-09-17T11:48:39.124+0000] {processor.py:208} INFO - Processing /home/airflow/.local/lib/python3.12/site-packages/airflow/example_dags/example_nested_branch_dag.py took 0.112 seconds
[2025-09-17T11:49:10.189+0000] {processor.py:186} INFO - Started process (PID=705) to work on /home/airflow/.local/lib/python3.12/site-packages/airflow/example_dags/example_nested_branch_dag.py
[2025-09-17T11:49:10.191+0000] {processor.py:914} INFO - Processing file /home/airflow/.local/lib/python3.12/site-packages/airflow/example_dags/example_nested_branch_dag.py for tasks to queue
[2025-09-17T11:49:10.194+0000] {logging_mixin.py:190} INFO - [2025-09-17T11:49:10.194+0000] {dagbag.py:588} INFO - Filling up the DagBag from /home/airflow/.local/lib/python3.12/site-packages/airflow/example_dags/example_nested_branch_dag.py
[2025-09-17T11:49:10.208+0000] {processor.py:925} INFO - DAG(s) 'example_nested_branch_dag' retrieved from /home/airflow/.local/lib/python3.12/site-packages/airflow/example_dags/example_nested_branch_dag.py
[2025-09-17T11:49:10.238+0000] {logging_mixin.py:190} INFO - [2025-09-17T11:49:10.237+0000] {dag.py:3239} INFO - Sync 1 DAGs
[2025-09-17T11:49:10.267+0000] {logging_mixin.py:190} INFO - [2025-09-17T11:49:10.267+0000] {dag.py:4180} INFO - Setting next_dagrun for example_nested_branch_dag to 2025-09-16 00:00:00+00:00, run_after=2025-09-17 00:00:00+00:00
[2025-09-17T11:49:10.301+0000] {processor.py:208} INFO - Processing /home/airflow/.local/lib/python3.12/site-packages/airflow/example_dags/example_nested_branch_dag.py took 0.119 seconds
[2025-09-17T11:49:41.016+0000] {processor.py:186} INFO - Started process (PID=767) to work on /home/airflow/.local/lib/python3.12/site-packages/airflow/example_dags/example_nested_branch_dag.py
[2025-09-17T11:49:41.018+0000] {processor.py:914} INFO - Processing file /home/airflow/.local/lib/python3.12/site-packages/airflow/example_dags/example_nested_branch_dag.py for tasks to queue
[2025-09-17T11:49:41.023+0000] {logging_mixin.py:190} INFO - [2025-09-17T11:49:41.022+0000] {dagbag.py:588} INFO - Filling up the DagBag from /home/airflow/.local/lib/python3.12/site-packages/airflow/example_dags/example_nested_branch_dag.py
[2025-09-17T11:49:41.046+0000] {processor.py:925} INFO - DAG(s) 'example_nested_branch_dag' retrieved from /home/airflow/.local/lib/python3.12/site-packages/airflow/example_dags/example_nested_branch_dag.py
[2025-09-17T11:49:41.076+0000] {logging_mixin.py:190} INFO - [2025-09-17T11:49:41.076+0000] {dag.py:3239} INFO - Sync 1 DAGs
[2025-09-17T11:49:41.115+0000] {logging_mixin.py:190} INFO - [2025-09-17T11:49:41.114+0000] {dag.py:4180} INFO - Setting next_dagrun for example_nested_branch_dag to 2025-09-16 00:00:00+00:00, run_after=2025-09-17 00:00:00+00:00
[2025-09-17T11:49:41.142+0000] {processor.py:208} INFO - Processing /home/airflow/.local/lib/python3.12/site-packages/airflow/example_dags/example_nested_branch_dag.py took 0.138 seconds
[2025-09-17T11:50:11.931+0000] {processor.py:186} INFO - Started process (PID=829) to work on /home/airflow/.local/lib/python3.12/site-packages/airflow/example_dags/example_nested_branch_dag.py
[2025-09-17T11:50:11.933+0000] {processor.py:914} INFO - Processing file /home/airflow/.local/lib/python3.12/site-packages/airflow/example_dags/example_nested_branch_dag.py for tasks to queue
[2025-09-17T11:50:11.936+0000] {logging_mixin.py:190} INFO - [2025-09-17T11:50:11.936+0000] {dagbag.py:588} INFO - Filling up the DagBag from /home/airflow/.local/lib/python3.12/site-packages/airflow/example_dags/example_nested_branch_dag.py
[2025-09-17T11:50:11.952+0000] {processor.py:925} INFO - DAG(s) 'example_nested_branch_dag' retrieved from /home/airflow/.local/lib/python3.12/site-packages/airflow/example_dags/example_nested_branch_dag.py
[2025-09-17T11:50:11.982+0000] {logging_mixin.py:190} INFO - [2025-09-17T11:50:11.981+0000] {dag.py:3239} INFO - Sync 1 DAGs
[2025-09-17T11:50:12.015+0000] {logging_mixin.py:190} INFO - [2025-09-17T11:50:12.015+0000] {dag.py:4180} INFO - Setting next_dagrun for example_nested_branch_dag to 2025-09-16 00:00:00+00:00, run_after=2025-09-17 00:00:00+00:00
[2025-09-17T11:50:12.044+0000] {processor.py:208} INFO - Processing /home/airflow/.local/lib/python3.12/site-packages/airflow/example_dags/example_nested_branch_dag.py took 0.122 seconds
[2025-09-17T11:50:43.363+0000] {processor.py:186} INFO - Started process (PID=891) to work on /home/airflow/.local/lib/python3.12/site-packages/airflow/example_dags/example_nested_branch_dag.py
[2025-09-17T11:50:43.364+0000] {processor.py:914} INFO - Processing file /home/airflow/.local/lib/python3.12/site-packages/airflow/example_dags/example_nested_branch_dag.py for tasks to queue
[2025-09-17T11:50:43.368+0000] {logging_mixin.py:190} INFO - [2025-09-17T11:50:43.368+0000] {dagbag.py:588} INFO - Filling up the DagBag from /home/airflow/.local/lib/python3.12/site-packages/airflow/example_dags/example_nested_branch_dag.py
[2025-09-17T11:50:43.388+0000] {processor.py:925} INFO - DAG(s) 'example_nested_branch_dag' retrieved from /home/airflow/.local/lib/python3.12/site-packages/airflow/example_dags/example_nested_branch_dag.py
[2025-09-17T11:50:43.423+0000] {logging_mixin.py:190} INFO - [2025-09-17T11:50:43.423+0000] {dag.py:3239} INFO - Sync 1 DAGs
[2025-09-17T11:50:43.452+0000] {logging_mixin.py:190} INFO - [2025-09-17T11:50:43.452+0000] {dag.py:4180} INFO - Setting next_dagrun for example_nested_branch_dag to 2025-09-16 00:00:00+00:00, run_after=2025-09-17 00:00:00+00:00
[2025-09-17T11:50:43.476+0000] {processor.py:208} INFO - Processing /home/airflow/.local/lib/python3.12/site-packages/airflow/example_dags/example_nested_branch_dag.py took 0.125 seconds
[2025-09-17T11:51:13.680+0000] {processor.py:186} INFO - Started process (PID=954) to work on /home/airflow/.local/lib/python3.12/site-packages/airflow/example_dags/example_nested_branch_dag.py
[2025-09-17T11:51:13.682+0000] {processor.py:914} INFO - Processing file /home/airflow/.local/lib/python3.12/site-packages/airflow/example_dags/example_nested_branch_dag.py for tasks to queue
[2025-09-17T11:51:13.686+0000] {logging_mixin.py:190} INFO - [2025-09-17T11:51:13.686+0000] {dagbag.py:588} INFO - Filling up the DagBag from /home/airflow/.local/lib/python3.12/site-packages/airflow/example_dags/example_nested_branch_dag.py
[2025-09-17T11:51:13.704+0000] {processor.py:925} INFO - DAG(s) 'example_nested_branch_dag' retrieved from /home/airflow/.local/lib/python3.12/site-packages/airflow/example_dags/example_nested_branch_dag.py
[2025-09-17T11:51:13.735+0000] {logging_mixin.py:190} INFO - [2025-09-17T11:51:13.735+0000] {dag.py:3239} INFO - Sync 1 DAGs
[2025-09-17T11:51:13.776+0000] {logging_mixin.py:190} INFO - [2025-09-17T11:51:13.776+0000] {dag.py:4180} INFO - Setting next_dagrun for example_nested_branch_dag to 2025-09-16 00:00:00+00:00, run_after=2025-09-17 00:00:00+00:00
[2025-09-17T11:51:13.816+0000] {processor.py:208} INFO - Processing /home/airflow/.local/lib/python3.12/site-packages/airflow/example_dags/example_nested_branch_dag.py took 0.145 seconds
[2025-09-17T11:51:44.359+0000] {processor.py:186} INFO - Started process (PID=1015) to work on /home/airflow/.local/lib/python3.12/site-packages/airflow/example_dags/example_nested_branch_dag.py
[2025-09-17T11:51:44.361+0000] {processor.py:914} INFO - Processing file /home/airflow/.local/lib/python3.12/site-packages/airflow/example_dags/example_nested_branch_dag.py for tasks to queue
[2025-09-17T11:51:44.365+0000] {logging_mixin.py:190} INFO - [2025-09-17T11:51:44.364+0000] {dagbag.py:588} INFO - Filling up the DagBag from /home/airflow/.local/lib/python3.12/site-packages/airflow/example_dags/example_nested_branch_dag.py
[2025-09-17T11:51:44.381+0000] {processor.py:925} INFO - DAG(s) 'example_nested_branch_dag' retrieved from /home/airflow/.local/lib/python3.12/site-packages/airflow/example_dags/example_nested_branch_dag.py
[2025-09-17T11:51:44.411+0000] {logging_mixin.py:190} INFO - [2025-09-17T11:51:44.411+0000] {dag.py:3239} INFO - Sync 1 DAGs
[2025-09-17T11:51:44.442+0000] {logging_mixin.py:190} INFO - [2025-09-17T11:51:44.442+0000] {dag.py:4180} INFO - Setting next_dagrun for example_nested_branch_dag to 2025-09-16 00:00:00+00:00, run_after=2025-09-17 00:00:00+00:00
[2025-09-17T11:51:44.469+0000] {processor.py:208} INFO - Processing /home/airflow/.local/lib/python3.12/site-packages/airflow/example_dags/example_nested_branch_dag.py took 0.119 seconds
[2025-09-17T11:52:14.678+0000] {processor.py:186} INFO - Started process (PID=1077) to work on /home/airflow/.local/lib/python3.12/site-packages/airflow/example_dags/example_nested_branch_dag.py
[2025-09-17T11:52:14.679+0000] {processor.py:914} INFO - Processing file /home/airflow/.local/lib/python3.12/site-packages/airflow/example_dags/example_nested_branch_dag.py for tasks to queue
[2025-09-17T11:52:14.683+0000] {logging_mixin.py:190} INFO - [2025-09-17T11:52:14.682+0000] {dagbag.py:588} INFO - Filling up the DagBag from /home/airflow/.local/lib/python3.12/site-packages/airflow/example_dags/example_nested_branch_dag.py
[2025-09-17T11:52:14.698+0000] {processor.py:925} INFO - DAG(s) 'example_nested_branch_dag' retrieved from /home/airflow/.local/lib/python3.12/site-packages/airflow/example_dags/example_nested_branch_dag.py
[2025-09-17T11:52:14.729+0000] {logging_mixin.py:190} INFO - [2025-09-17T11:52:14.729+0000] {dag.py:3239} INFO - Sync 1 DAGs
[2025-09-17T11:52:14.762+0000] {logging_mixin.py:190} INFO - [2025-09-17T11:52:14.762+0000] {dag.py:4180} INFO - Setting next_dagrun for example_nested_branch_dag to 2025-09-16 00:00:00+00:00, run_after=2025-09-17 00:00:00+00:00
[2025-09-17T11:52:14.788+0000] {processor.py:208} INFO - Processing /home/airflow/.local/lib/python3.12/site-packages/airflow/example_dags/example_nested_branch_dag.py took 0.118 seconds
[2025-09-17T11:52:45.370+0000] {processor.py:186} INFO - Started process (PID=1139) to work on /home/airflow/.local/lib/python3.12/site-packages/airflow/example_dags/example_nested_branch_dag.py
[2025-09-17T11:52:45.372+0000] {processor.py:914} INFO - Processing file /home/airflow/.local/lib/python3.12/site-packages/airflow/example_dags/example_nested_branch_dag.py for tasks to queue
[2025-09-17T11:52:45.380+0000] {logging_mixin.py:190} INFO - [2025-09-17T11:52:45.380+0000] {dagbag.py:588} INFO - Filling up the DagBag from /home/airflow/.local/lib/python3.12/site-packages/airflow/example_dags/example_nested_branch_dag.py
[2025-09-17T11:52:45.402+0000] {processor.py:925} INFO - DAG(s) 'example_nested_branch_dag' retrieved from /home/airflow/.local/lib/python3.12/site-packages/airflow/example_dags/example_nested_branch_dag.py
[2025-09-17T11:52:45.434+0000] {logging_mixin.py:190} INFO - [2025-09-17T11:52:45.434+0000] {dag.py:3239} INFO - Sync 1 DAGs
[2025-09-17T11:52:45.475+0000] {logging_mixin.py:190} INFO - [2025-09-17T11:52:45.475+0000] {dag.py:4180} INFO - Setting next_dagrun for example_nested_branch_dag to 2025-09-16 00:00:00+00:00, run_after=2025-09-17 00:00:00+00:00
[2025-09-17T11:52:45.504+0000] {processor.py:208} INFO - Processing /home/airflow/.local/lib/python3.12/site-packages/airflow/example_dags/example_nested_branch_dag.py took 0.145 seconds
[2025-09-17T11:53:16.004+0000] {processor.py:186} INFO - Started process (PID=1201) to work on /home/airflow/.local/lib/python3.12/site-packages/airflow/example_dags/example_nested_branch_dag.py
[2025-09-17T11:53:16.005+0000] {processor.py:914} INFO - Processing file /home/airflow/.local/lib/python3.12/site-packages/airflow/example_dags/example_nested_branch_dag.py for tasks to queue
[2025-09-17T11:53:16.009+0000] {logging_mixin.py:190} INFO - [2025-09-17T11:53:16.008+0000] {dagbag.py:588} INFO - Filling up the DagBag from /home/airflow/.local/lib/python3.12/site-packages/airflow/example_dags/example_nested_branch_dag.py
[2025-09-17T11:53:16.023+0000] {processor.py:925} INFO - DAG(s) 'example_nested_branch_dag' retrieved from /home/airflow/.local/lib/python3.12/site-packages/airflow/example_dags/example_nested_branch_dag.py
[2025-09-17T11:53:16.051+0000] {logging_mixin.py:190} INFO - [2025-09-17T11:53:16.050+0000] {dag.py:3239} INFO - Sync 1 DAGs
[2025-09-17T11:53:16.082+0000] {logging_mixin.py:190} INFO - [2025-09-17T11:53:16.082+0000] {dag.py:4180} INFO - Setting next_dagrun for example_nested_branch_dag to 2025-09-16 00:00:00+00:00, run_after=2025-09-17 00:00:00+00:00
[2025-09-17T11:53:16.107+0000] {processor.py:208} INFO - Processing /home/airflow/.local/lib/python3.12/site-packages/airflow/example_dags/example_nested_branch_dag.py took 0.111 seconds
