[2025-09-17T11:43:27.677+0000] {processor.py:186} INFO - Started process (PID=172) to work on /home/airflow/.local/lib/python3.12/site-packages/airflow/example_dags/example_python_decorator.py
[2025-09-17T11:43:27.680+0000] {processor.py:914} INFO - Processing file /home/airflow/.local/lib/python3.12/site-packages/airflow/example_dags/example_python_decorator.py for tasks to queue
[2025-09-17T11:43:27.686+0000] {logging_mixin.py:190} INFO - [2025-09-17T11:43:27.685+0000] {dagbag.py:588} INFO - Filling up the DagBag from /home/airflow/.local/lib/python3.12/site-packages/airflow/example_dags/example_python_decorator.py
[2025-09-17T11:43:27.731+0000] {processor.py:925} INFO - DAG(s) 'example_python_decorator' retrieved from /home/airflow/.local/lib/python3.12/site-packages/airflow/example_dags/example_python_decorator.py
[2025-09-17T11:43:28.070+0000] {logging_mixin.py:190} INFO - [2025-09-17T11:43:28.069+0000] {override.py:1900} INFO - Created Permission View: can delete on DAG:example_python_decorator
[2025-09-17T11:43:28.093+0000] {logging_mixin.py:190} INFO - [2025-09-17T11:43:28.093+0000] {override.py:1900} INFO - Created Permission View: can edit on DAG:example_python_decorator
[2025-09-17T11:43:28.108+0000] {logging_mixin.py:190} INFO - [2025-09-17T11:43:28.108+0000] {override.py:1900} INFO - Created Permission View: can read on DAG:example_python_decorator
[2025-09-17T11:43:28.122+0000] {logging_mixin.py:190} INFO - [2025-09-17T11:43:28.122+0000] {override.py:1900} INFO - Created Permission View: can delete on DAG Run:example_python_decorator
[2025-09-17T11:43:28.139+0000] {logging_mixin.py:190} INFO - [2025-09-17T11:43:28.139+0000] {override.py:1900} INFO - Created Permission View: menu access on DAG Run:example_python_decorator
[2025-09-17T11:43:28.156+0000] {logging_mixin.py:190} INFO - [2025-09-17T11:43:28.155+0000] {override.py:1900} INFO - Created Permission View: can read on DAG Run:example_python_decorator
[2025-09-17T11:43:28.170+0000] {logging_mixin.py:190} INFO - [2025-09-17T11:43:28.169+0000] {override.py:1900} INFO - Created Permission View: can create on DAG Run:example_python_decorator
[2025-09-17T11:43:28.172+0000] {logging_mixin.py:190} INFO - [2025-09-17T11:43:28.171+0000] {dag.py:3239} INFO - Sync 1 DAGs
[2025-09-17T11:43:28.212+0000] {logging_mixin.py:190} INFO - [2025-09-17T11:43:28.212+0000] {dag.py:3262} INFO - Creating ORM DAG for example_python_decorator
[2025-09-17T11:43:28.220+0000] {logging_mixin.py:190} INFO - [2025-09-17T11:43:28.220+0000] {dag.py:4180} INFO - Setting next_dagrun for example_python_decorator to None, run_after=None
[2025-09-17T11:43:28.264+0000] {processor.py:208} INFO - Processing /home/airflow/.local/lib/python3.12/site-packages/airflow/example_dags/example_python_decorator.py took 0.605 seconds
[2025-09-17T11:44:02.348+0000] {processor.py:186} INFO - Started process (PID=73) to work on /home/airflow/.local/lib/python3.12/site-packages/airflow/example_dags/example_python_decorator.py
[2025-09-17T11:44:02.354+0000] {processor.py:914} INFO - Processing file /home/airflow/.local/lib/python3.12/site-packages/airflow/example_dags/example_python_decorator.py for tasks to queue
[2025-09-17T11:44:02.360+0000] {logging_mixin.py:190} INFO - [2025-09-17T11:44:02.359+0000] {dagbag.py:588} INFO - Filling up the DagBag from /home/airflow/.local/lib/python3.12/site-packages/airflow/example_dags/example_python_decorator.py
[2025-09-17T11:44:02.392+0000] {processor.py:925} INFO - DAG(s) 'example_python_decorator' retrieved from /home/airflow/.local/lib/python3.12/site-packages/airflow/example_dags/example_python_decorator.py
[2025-09-17T11:44:02.650+0000] {logging_mixin.py:190} INFO - [2025-09-17T11:44:02.649+0000] {dag.py:3239} INFO - Sync 1 DAGs
[2025-09-17T11:44:02.676+0000] {logging_mixin.py:190} INFO - [2025-09-17T11:44:02.675+0000] {dag.py:4180} INFO - Setting next_dagrun for example_python_decorator to None, run_after=None
[2025-09-17T11:44:02.725+0000] {processor.py:208} INFO - Processing /home/airflow/.local/lib/python3.12/site-packages/airflow/example_dags/example_python_decorator.py took 0.390 seconds
[2025-09-17T11:44:32.904+0000] {processor.py:186} INFO - Started process (PID=136) to work on /home/airflow/.local/lib/python3.12/site-packages/airflow/example_dags/example_python_decorator.py
[2025-09-17T11:44:32.905+0000] {processor.py:914} INFO - Processing file /home/airflow/.local/lib/python3.12/site-packages/airflow/example_dags/example_python_decorator.py for tasks to queue
[2025-09-17T11:44:32.908+0000] {logging_mixin.py:190} INFO - [2025-09-17T11:44:32.908+0000] {dagbag.py:588} INFO - Filling up the DagBag from /home/airflow/.local/lib/python3.12/site-packages/airflow/example_dags/example_python_decorator.py
[2025-09-17T11:44:32.925+0000] {processor.py:925} INFO - DAG(s) 'example_python_decorator' retrieved from /home/airflow/.local/lib/python3.12/site-packages/airflow/example_dags/example_python_decorator.py
[2025-09-17T11:44:32.953+0000] {logging_mixin.py:190} INFO - [2025-09-17T11:44:32.952+0000] {dag.py:3239} INFO - Sync 1 DAGs
[2025-09-17T11:44:32.971+0000] {logging_mixin.py:190} INFO - [2025-09-17T11:44:32.970+0000] {dag.py:4180} INFO - Setting next_dagrun for example_python_decorator to None, run_after=None
[2025-09-17T11:44:32.994+0000] {processor.py:208} INFO - Processing /home/airflow/.local/lib/python3.12/site-packages/airflow/example_dags/example_python_decorator.py took 0.098 seconds
[2025-09-17T11:45:03.760+0000] {processor.py:186} INFO - Started process (PID=204) to work on /home/airflow/.local/lib/python3.12/site-packages/airflow/example_dags/example_python_decorator.py
[2025-09-17T11:45:03.762+0000] {processor.py:914} INFO - Processing file /home/airflow/.local/lib/python3.12/site-packages/airflow/example_dags/example_python_decorator.py for tasks to queue
[2025-09-17T11:45:03.765+0000] {logging_mixin.py:190} INFO - [2025-09-17T11:45:03.764+0000] {dagbag.py:588} INFO - Filling up the DagBag from /home/airflow/.local/lib/python3.12/site-packages/airflow/example_dags/example_python_decorator.py
[2025-09-17T11:45:03.785+0000] {processor.py:925} INFO - DAG(s) 'example_python_decorator' retrieved from /home/airflow/.local/lib/python3.12/site-packages/airflow/example_dags/example_python_decorator.py
[2025-09-17T11:45:03.823+0000] {logging_mixin.py:190} INFO - [2025-09-17T11:45:03.823+0000] {dag.py:3239} INFO - Sync 1 DAGs
[2025-09-17T11:45:03.841+0000] {logging_mixin.py:190} INFO - [2025-09-17T11:45:03.840+0000] {dag.py:4180} INFO - Setting next_dagrun for example_python_decorator to None, run_after=None
[2025-09-17T11:45:03.865+0000] {processor.py:208} INFO - Processing /home/airflow/.local/lib/python3.12/site-packages/airflow/example_dags/example_python_decorator.py took 0.113 seconds
[2025-09-17T11:45:34.751+0000] {processor.py:186} INFO - Started process (PID=266) to work on /home/airflow/.local/lib/python3.12/site-packages/airflow/example_dags/example_python_decorator.py
[2025-09-17T11:45:34.753+0000] {processor.py:914} INFO - Processing file /home/airflow/.local/lib/python3.12/site-packages/airflow/example_dags/example_python_decorator.py for tasks to queue
[2025-09-17T11:45:34.758+0000] {logging_mixin.py:190} INFO - [2025-09-17T11:45:34.757+0000] {dagbag.py:588} INFO - Filling up the DagBag from /home/airflow/.local/lib/python3.12/site-packages/airflow/example_dags/example_python_decorator.py
[2025-09-17T11:45:34.790+0000] {processor.py:925} INFO - DAG(s) 'example_python_decorator' retrieved from /home/airflow/.local/lib/python3.12/site-packages/airflow/example_dags/example_python_decorator.py
[2025-09-17T11:45:34.846+0000] {logging_mixin.py:190} INFO - [2025-09-17T11:45:34.845+0000] {dag.py:3239} INFO - Sync 1 DAGs
[2025-09-17T11:45:34.883+0000] {logging_mixin.py:190} INFO - [2025-09-17T11:45:34.882+0000] {dag.py:4180} INFO - Setting next_dagrun for example_python_decorator to None, run_after=None
[2025-09-17T11:45:34.936+0000] {processor.py:208} INFO - Processing /home/airflow/.local/lib/python3.12/site-packages/airflow/example_dags/example_python_decorator.py took 0.196 seconds
[2025-09-17T11:46:05.620+0000] {processor.py:186} INFO - Started process (PID=329) to work on /home/airflow/.local/lib/python3.12/site-packages/airflow/example_dags/example_python_decorator.py
[2025-09-17T11:46:05.622+0000] {processor.py:914} INFO - Processing file /home/airflow/.local/lib/python3.12/site-packages/airflow/example_dags/example_python_decorator.py for tasks to queue
[2025-09-17T11:46:05.625+0000] {logging_mixin.py:190} INFO - [2025-09-17T11:46:05.624+0000] {dagbag.py:588} INFO - Filling up the DagBag from /home/airflow/.local/lib/python3.12/site-packages/airflow/example_dags/example_python_decorator.py
[2025-09-17T11:46:05.644+0000] {processor.py:925} INFO - DAG(s) 'example_python_decorator' retrieved from /home/airflow/.local/lib/python3.12/site-packages/airflow/example_dags/example_python_decorator.py
[2025-09-17T11:46:05.672+0000] {logging_mixin.py:190} INFO - [2025-09-17T11:46:05.671+0000] {dag.py:3239} INFO - Sync 1 DAGs
[2025-09-17T11:46:05.689+0000] {logging_mixin.py:190} INFO - [2025-09-17T11:46:05.689+0000] {dag.py:4180} INFO - Setting next_dagrun for example_python_decorator to None, run_after=None
[2025-09-17T11:46:05.736+0000] {processor.py:208} INFO - Processing /home/airflow/.local/lib/python3.12/site-packages/airflow/example_dags/example_python_decorator.py took 0.124 seconds
[2025-09-17T11:46:36.373+0000] {processor.py:186} INFO - Started process (PID=391) to work on /home/airflow/.local/lib/python3.12/site-packages/airflow/example_dags/example_python_decorator.py
[2025-09-17T11:46:36.375+0000] {processor.py:914} INFO - Processing file /home/airflow/.local/lib/python3.12/site-packages/airflow/example_dags/example_python_decorator.py for tasks to queue
[2025-09-17T11:46:36.382+0000] {logging_mixin.py:190} INFO - [2025-09-17T11:46:36.381+0000] {dagbag.py:588} INFO - Filling up the DagBag from /home/airflow/.local/lib/python3.12/site-packages/airflow/example_dags/example_python_decorator.py
[2025-09-17T11:46:36.408+0000] {processor.py:925} INFO - DAG(s) 'example_python_decorator' retrieved from /home/airflow/.local/lib/python3.12/site-packages/airflow/example_dags/example_python_decorator.py
[2025-09-17T11:46:36.451+0000] {logging_mixin.py:190} INFO - [2025-09-17T11:46:36.450+0000] {dag.py:3239} INFO - Sync 1 DAGs
[2025-09-17T11:46:36.472+0000] {logging_mixin.py:190} INFO - [2025-09-17T11:46:36.472+0000] {dag.py:4180} INFO - Setting next_dagrun for example_python_decorator to None, run_after=None
[2025-09-17T11:46:36.505+0000] {processor.py:208} INFO - Processing /home/airflow/.local/lib/python3.12/site-packages/airflow/example_dags/example_python_decorator.py took 0.141 seconds
[2025-09-17T11:47:07.160+0000] {processor.py:186} INFO - Started process (PID=453) to work on /home/airflow/.local/lib/python3.12/site-packages/airflow/example_dags/example_python_decorator.py
[2025-09-17T11:47:07.161+0000] {processor.py:914} INFO - Processing file /home/airflow/.local/lib/python3.12/site-packages/airflow/example_dags/example_python_decorator.py for tasks to queue
[2025-09-17T11:47:07.164+0000] {logging_mixin.py:190} INFO - [2025-09-17T11:47:07.164+0000] {dagbag.py:588} INFO - Filling up the DagBag from /home/airflow/.local/lib/python3.12/site-packages/airflow/example_dags/example_python_decorator.py
[2025-09-17T11:47:07.183+0000] {processor.py:925} INFO - DAG(s) 'example_python_decorator' retrieved from /home/airflow/.local/lib/python3.12/site-packages/airflow/example_dags/example_python_decorator.py
[2025-09-17T11:47:07.260+0000] {logging_mixin.py:190} INFO - [2025-09-17T11:47:07.259+0000] {dag.py:3239} INFO - Sync 1 DAGs
[2025-09-17T11:47:07.309+0000] {logging_mixin.py:190} INFO - [2025-09-17T11:47:07.309+0000] {dag.py:4180} INFO - Setting next_dagrun for example_python_decorator to None, run_after=None
[2025-09-17T11:47:07.333+0000] {processor.py:208} INFO - Processing /home/airflow/.local/lib/python3.12/site-packages/airflow/example_dags/example_python_decorator.py took 0.180 seconds
[2025-09-17T11:47:37.911+0000] {processor.py:186} INFO - Started process (PID=516) to work on /home/airflow/.local/lib/python3.12/site-packages/airflow/example_dags/example_python_decorator.py
[2025-09-17T11:47:37.912+0000] {processor.py:914} INFO - Processing file /home/airflow/.local/lib/python3.12/site-packages/airflow/example_dags/example_python_decorator.py for tasks to queue
[2025-09-17T11:47:37.916+0000] {logging_mixin.py:190} INFO - [2025-09-17T11:47:37.915+0000] {dagbag.py:588} INFO - Filling up the DagBag from /home/airflow/.local/lib/python3.12/site-packages/airflow/example_dags/example_python_decorator.py
[2025-09-17T11:47:37.936+0000] {processor.py:925} INFO - DAG(s) 'example_python_decorator' retrieved from /home/airflow/.local/lib/python3.12/site-packages/airflow/example_dags/example_python_decorator.py
[2025-09-17T11:47:37.967+0000] {logging_mixin.py:190} INFO - [2025-09-17T11:47:37.967+0000] {dag.py:3239} INFO - Sync 1 DAGs
[2025-09-17T11:47:37.987+0000] {logging_mixin.py:190} INFO - [2025-09-17T11:47:37.987+0000] {dag.py:4180} INFO - Setting next_dagrun for example_python_decorator to None, run_after=None
[2025-09-17T11:47:38.016+0000] {processor.py:208} INFO - Processing /home/airflow/.local/lib/python3.12/site-packages/airflow/example_dags/example_python_decorator.py took 0.113 seconds
[2025-09-17T11:48:08.431+0000] {processor.py:186} INFO - Started process (PID=578) to work on /home/airflow/.local/lib/python3.12/site-packages/airflow/example_dags/example_python_decorator.py
[2025-09-17T11:48:08.432+0000] {processor.py:914} INFO - Processing file /home/airflow/.local/lib/python3.12/site-packages/airflow/example_dags/example_python_decorator.py for tasks to queue
[2025-09-17T11:48:08.436+0000] {logging_mixin.py:190} INFO - [2025-09-17T11:48:08.436+0000] {dagbag.py:588} INFO - Filling up the DagBag from /home/airflow/.local/lib/python3.12/site-packages/airflow/example_dags/example_python_decorator.py
[2025-09-17T11:48:08.455+0000] {processor.py:925} INFO - DAG(s) 'example_python_decorator' retrieved from /home/airflow/.local/lib/python3.12/site-packages/airflow/example_dags/example_python_decorator.py
[2025-09-17T11:48:08.482+0000] {logging_mixin.py:190} INFO - [2025-09-17T11:48:08.482+0000] {dag.py:3239} INFO - Sync 1 DAGs
[2025-09-17T11:48:08.499+0000] {logging_mixin.py:190} INFO - [2025-09-17T11:48:08.498+0000] {dag.py:4180} INFO - Setting next_dagrun for example_python_decorator to None, run_after=None
[2025-09-17T11:48:08.520+0000] {processor.py:208} INFO - Processing /home/airflow/.local/lib/python3.12/site-packages/airflow/example_dags/example_python_decorator.py took 0.098 seconds
[2025-09-17T11:48:38.863+0000] {processor.py:186} INFO - Started process (PID=640) to work on /home/airflow/.local/lib/python3.12/site-packages/airflow/example_dags/example_python_decorator.py
[2025-09-17T11:48:38.865+0000] {processor.py:914} INFO - Processing file /home/airflow/.local/lib/python3.12/site-packages/airflow/example_dags/example_python_decorator.py for tasks to queue
[2025-09-17T11:48:38.868+0000] {logging_mixin.py:190} INFO - [2025-09-17T11:48:38.868+0000] {dagbag.py:588} INFO - Filling up the DagBag from /home/airflow/.local/lib/python3.12/site-packages/airflow/example_dags/example_python_decorator.py
[2025-09-17T11:48:38.894+0000] {processor.py:925} INFO - DAG(s) 'example_python_decorator' retrieved from /home/airflow/.local/lib/python3.12/site-packages/airflow/example_dags/example_python_decorator.py
[2025-09-17T11:48:38.925+0000] {logging_mixin.py:190} INFO - [2025-09-17T11:48:38.925+0000] {dag.py:3239} INFO - Sync 1 DAGs
[2025-09-17T11:48:38.946+0000] {logging_mixin.py:190} INFO - [2025-09-17T11:48:38.946+0000] {dag.py:4180} INFO - Setting next_dagrun for example_python_decorator to None, run_after=None
[2025-09-17T11:48:38.975+0000] {processor.py:208} INFO - Processing /home/airflow/.local/lib/python3.12/site-packages/airflow/example_dags/example_python_decorator.py took 0.120 seconds
[2025-09-17T11:49:09.890+0000] {processor.py:186} INFO - Started process (PID=703) to work on /home/airflow/.local/lib/python3.12/site-packages/airflow/example_dags/example_python_decorator.py
[2025-09-17T11:49:09.891+0000] {processor.py:914} INFO - Processing file /home/airflow/.local/lib/python3.12/site-packages/airflow/example_dags/example_python_decorator.py for tasks to queue
[2025-09-17T11:49:09.894+0000] {logging_mixin.py:190} INFO - [2025-09-17T11:49:09.894+0000] {dagbag.py:588} INFO - Filling up the DagBag from /home/airflow/.local/lib/python3.12/site-packages/airflow/example_dags/example_python_decorator.py
[2025-09-17T11:49:09.914+0000] {processor.py:925} INFO - DAG(s) 'example_python_decorator' retrieved from /home/airflow/.local/lib/python3.12/site-packages/airflow/example_dags/example_python_decorator.py
[2025-09-17T11:49:09.946+0000] {logging_mixin.py:190} INFO - [2025-09-17T11:49:09.946+0000] {dag.py:3239} INFO - Sync 1 DAGs
[2025-09-17T11:49:09.964+0000] {logging_mixin.py:190} INFO - [2025-09-17T11:49:09.963+0000] {dag.py:4180} INFO - Setting next_dagrun for example_python_decorator to None, run_after=None
[2025-09-17T11:49:09.995+0000] {processor.py:208} INFO - Processing /home/airflow/.local/lib/python3.12/site-packages/airflow/example_dags/example_python_decorator.py took 0.112 seconds
[2025-09-17T11:49:40.780+0000] {processor.py:186} INFO - Started process (PID=765) to work on /home/airflow/.local/lib/python3.12/site-packages/airflow/example_dags/example_python_decorator.py
[2025-09-17T11:49:40.782+0000] {processor.py:914} INFO - Processing file /home/airflow/.local/lib/python3.12/site-packages/airflow/example_dags/example_python_decorator.py for tasks to queue
[2025-09-17T11:49:40.788+0000] {logging_mixin.py:190} INFO - [2025-09-17T11:49:40.787+0000] {dagbag.py:588} INFO - Filling up the DagBag from /home/airflow/.local/lib/python3.12/site-packages/airflow/example_dags/example_python_decorator.py
[2025-09-17T11:49:40.826+0000] {processor.py:925} INFO - DAG(s) 'example_python_decorator' retrieved from /home/airflow/.local/lib/python3.12/site-packages/airflow/example_dags/example_python_decorator.py
[2025-09-17T11:49:40.884+0000] {logging_mixin.py:190} INFO - [2025-09-17T11:49:40.883+0000] {dag.py:3239} INFO - Sync 1 DAGs
[2025-09-17T11:49:40.915+0000] {logging_mixin.py:190} INFO - [2025-09-17T11:49:40.914+0000] {dag.py:4180} INFO - Setting next_dagrun for example_python_decorator to None, run_after=None
[2025-09-17T11:49:40.948+0000] {processor.py:208} INFO - Processing /home/airflow/.local/lib/python3.12/site-packages/airflow/example_dags/example_python_decorator.py took 0.189 seconds
[2025-09-17T11:50:11.774+0000] {processor.py:186} INFO - Started process (PID=827) to work on /home/airflow/.local/lib/python3.12/site-packages/airflow/example_dags/example_python_decorator.py
[2025-09-17T11:50:11.775+0000] {processor.py:914} INFO - Processing file /home/airflow/.local/lib/python3.12/site-packages/airflow/example_dags/example_python_decorator.py for tasks to queue
[2025-09-17T11:50:11.779+0000] {logging_mixin.py:190} INFO - [2025-09-17T11:50:11.778+0000] {dagbag.py:588} INFO - Filling up the DagBag from /home/airflow/.local/lib/python3.12/site-packages/airflow/example_dags/example_python_decorator.py
[2025-09-17T11:50:11.798+0000] {processor.py:925} INFO - DAG(s) 'example_python_decorator' retrieved from /home/airflow/.local/lib/python3.12/site-packages/airflow/example_dags/example_python_decorator.py
[2025-09-17T11:50:11.836+0000] {logging_mixin.py:190} INFO - [2025-09-17T11:50:11.836+0000] {dag.py:3239} INFO - Sync 1 DAGs
[2025-09-17T11:50:11.854+0000] {logging_mixin.py:190} INFO - [2025-09-17T11:50:11.853+0000] {dag.py:4180} INFO - Setting next_dagrun for example_python_decorator to None, run_after=None
[2025-09-17T11:50:11.880+0000] {processor.py:208} INFO - Processing /home/airflow/.local/lib/python3.12/site-packages/airflow/example_dags/example_python_decorator.py took 0.115 seconds
[2025-09-17T11:50:42.847+0000] {processor.py:186} INFO - Started process (PID=889) to work on /home/airflow/.local/lib/python3.12/site-packages/airflow/example_dags/example_python_decorator.py
[2025-09-17T11:50:42.849+0000] {processor.py:914} INFO - Processing file /home/airflow/.local/lib/python3.12/site-packages/airflow/example_dags/example_python_decorator.py for tasks to queue
[2025-09-17T11:50:42.855+0000] {logging_mixin.py:190} INFO - [2025-09-17T11:50:42.855+0000] {dagbag.py:588} INFO - Filling up the DagBag from /home/airflow/.local/lib/python3.12/site-packages/airflow/example_dags/example_python_decorator.py
[2025-09-17T11:50:42.892+0000] {processor.py:925} INFO - DAG(s) 'example_python_decorator' retrieved from /home/airflow/.local/lib/python3.12/site-packages/airflow/example_dags/example_python_decorator.py
[2025-09-17T11:50:42.940+0000] {logging_mixin.py:190} INFO - [2025-09-17T11:50:42.939+0000] {dag.py:3239} INFO - Sync 1 DAGs
[2025-09-17T11:50:42.970+0000] {logging_mixin.py:190} INFO - [2025-09-17T11:50:42.969+0000] {dag.py:4180} INFO - Setting next_dagrun for example_python_decorator to None, run_after=None
[2025-09-17T11:50:43.023+0000] {processor.py:208} INFO - Processing /home/airflow/.local/lib/python3.12/site-packages/airflow/example_dags/example_python_decorator.py took 0.189 seconds
[2025-09-17T11:51:13.432+0000] {processor.py:186} INFO - Started process (PID=951) to work on /home/airflow/.local/lib/python3.12/site-packages/airflow/example_dags/example_python_decorator.py
[2025-09-17T11:51:13.433+0000] {processor.py:914} INFO - Processing file /home/airflow/.local/lib/python3.12/site-packages/airflow/example_dags/example_python_decorator.py for tasks to queue
[2025-09-17T11:51:13.437+0000] {logging_mixin.py:190} INFO - [2025-09-17T11:51:13.436+0000] {dagbag.py:588} INFO - Filling up the DagBag from /home/airflow/.local/lib/python3.12/site-packages/airflow/example_dags/example_python_decorator.py
[2025-09-17T11:51:13.456+0000] {processor.py:925} INFO - DAG(s) 'example_python_decorator' retrieved from /home/airflow/.local/lib/python3.12/site-packages/airflow/example_dags/example_python_decorator.py
[2025-09-17T11:51:13.485+0000] {logging_mixin.py:190} INFO - [2025-09-17T11:51:13.485+0000] {dag.py:3239} INFO - Sync 1 DAGs
[2025-09-17T11:51:13.507+0000] {logging_mixin.py:190} INFO - [2025-09-17T11:51:13.506+0000] {dag.py:4180} INFO - Setting next_dagrun for example_python_decorator to None, run_after=None
[2025-09-17T11:51:13.533+0000] {processor.py:208} INFO - Processing /home/airflow/.local/lib/python3.12/site-packages/airflow/example_dags/example_python_decorator.py took 0.110 seconds
[2025-09-17T11:51:44.188+0000] {processor.py:186} INFO - Started process (PID=1013) to work on /home/airflow/.local/lib/python3.12/site-packages/airflow/example_dags/example_python_decorator.py
[2025-09-17T11:51:44.190+0000] {processor.py:914} INFO - Processing file /home/airflow/.local/lib/python3.12/site-packages/airflow/example_dags/example_python_decorator.py for tasks to queue
[2025-09-17T11:51:44.193+0000] {logging_mixin.py:190} INFO - [2025-09-17T11:51:44.193+0000] {dagbag.py:588} INFO - Filling up the DagBag from /home/airflow/.local/lib/python3.12/site-packages/airflow/example_dags/example_python_decorator.py
[2025-09-17T11:51:44.214+0000] {processor.py:925} INFO - DAG(s) 'example_python_decorator' retrieved from /home/airflow/.local/lib/python3.12/site-packages/airflow/example_dags/example_python_decorator.py
[2025-09-17T11:51:44.245+0000] {logging_mixin.py:190} INFO - [2025-09-17T11:51:44.245+0000] {dag.py:3239} INFO - Sync 1 DAGs
[2025-09-17T11:51:44.270+0000] {logging_mixin.py:190} INFO - [2025-09-17T11:51:44.269+0000] {dag.py:4180} INFO - Setting next_dagrun for example_python_decorator to None, run_after=None
[2025-09-17T11:51:44.301+0000] {processor.py:208} INFO - Processing /home/airflow/.local/lib/python3.12/site-packages/airflow/example_dags/example_python_decorator.py took 0.122 seconds
[2025-09-17T11:52:14.532+0000] {processor.py:186} INFO - Started process (PID=1075) to work on /home/airflow/.local/lib/python3.12/site-packages/airflow/example_dags/example_python_decorator.py
[2025-09-17T11:52:14.533+0000] {processor.py:914} INFO - Processing file /home/airflow/.local/lib/python3.12/site-packages/airflow/example_dags/example_python_decorator.py for tasks to queue
[2025-09-17T11:52:14.537+0000] {logging_mixin.py:190} INFO - [2025-09-17T11:52:14.536+0000] {dagbag.py:588} INFO - Filling up the DagBag from /home/airflow/.local/lib/python3.12/site-packages/airflow/example_dags/example_python_decorator.py
[2025-09-17T11:52:14.556+0000] {processor.py:925} INFO - DAG(s) 'example_python_decorator' retrieved from /home/airflow/.local/lib/python3.12/site-packages/airflow/example_dags/example_python_decorator.py
[2025-09-17T11:52:14.585+0000] {logging_mixin.py:190} INFO - [2025-09-17T11:52:14.585+0000] {dag.py:3239} INFO - Sync 1 DAGs
[2025-09-17T11:52:14.604+0000] {logging_mixin.py:190} INFO - [2025-09-17T11:52:14.603+0000] {dag.py:4180} INFO - Setting next_dagrun for example_python_decorator to None, run_after=None
[2025-09-17T11:52:14.629+0000] {processor.py:208} INFO - Processing /home/airflow/.local/lib/python3.12/site-packages/airflow/example_dags/example_python_decorator.py took 0.105 seconds
[2025-09-17T11:52:45.174+0000] {processor.py:186} INFO - Started process (PID=1137) to work on /home/airflow/.local/lib/python3.12/site-packages/airflow/example_dags/example_python_decorator.py
[2025-09-17T11:52:45.175+0000] {processor.py:914} INFO - Processing file /home/airflow/.local/lib/python3.12/site-packages/airflow/example_dags/example_python_decorator.py for tasks to queue
[2025-09-17T11:52:45.180+0000] {logging_mixin.py:190} INFO - [2025-09-17T11:52:45.179+0000] {dagbag.py:588} INFO - Filling up the DagBag from /home/airflow/.local/lib/python3.12/site-packages/airflow/example_dags/example_python_decorator.py
[2025-09-17T11:52:45.200+0000] {processor.py:925} INFO - DAG(s) 'example_python_decorator' retrieved from /home/airflow/.local/lib/python3.12/site-packages/airflow/example_dags/example_python_decorator.py
[2025-09-17T11:52:45.235+0000] {logging_mixin.py:190} INFO - [2025-09-17T11:52:45.235+0000] {dag.py:3239} INFO - Sync 1 DAGs
[2025-09-17T11:52:45.272+0000] {logging_mixin.py:190} INFO - [2025-09-17T11:52:45.272+0000] {dag.py:4180} INFO - Setting next_dagrun for example_python_decorator to None, run_after=None
[2025-09-17T11:52:45.300+0000] {processor.py:208} INFO - Processing /home/airflow/.local/lib/python3.12/site-packages/airflow/example_dags/example_python_decorator.py took 0.135 seconds
[2025-09-17T11:53:15.831+0000] {processor.py:186} INFO - Started process (PID=1199) to work on /home/airflow/.local/lib/python3.12/site-packages/airflow/example_dags/example_python_decorator.py
[2025-09-17T11:53:15.832+0000] {processor.py:914} INFO - Processing file /home/airflow/.local/lib/python3.12/site-packages/airflow/example_dags/example_python_decorator.py for tasks to queue
[2025-09-17T11:53:15.836+0000] {logging_mixin.py:190} INFO - [2025-09-17T11:53:15.836+0000] {dagbag.py:588} INFO - Filling up the DagBag from /home/airflow/.local/lib/python3.12/site-packages/airflow/example_dags/example_python_decorator.py
[2025-09-17T11:53:15.859+0000] {processor.py:925} INFO - DAG(s) 'example_python_decorator' retrieved from /home/airflow/.local/lib/python3.12/site-packages/airflow/example_dags/example_python_decorator.py
[2025-09-17T11:53:15.897+0000] {logging_mixin.py:190} INFO - [2025-09-17T11:53:15.897+0000] {dag.py:3239} INFO - Sync 1 DAGs
[2025-09-17T11:53:15.919+0000] {logging_mixin.py:190} INFO - [2025-09-17T11:53:15.918+0000] {dag.py:4180} INFO - Setting next_dagrun for example_python_decorator to None, run_after=None
[2025-09-17T11:53:15.953+0000] {processor.py:208} INFO - Processing /home/airflow/.local/lib/python3.12/site-packages/airflow/example_dags/example_python_decorator.py took 0.131 seconds
