[2025-09-17T11:43:29.023+0000] {processor.py:186} INFO - Started process (PID=177) to work on /home/airflow/.local/lib/python3.12/site-packages/airflow/example_dags/example_time_delta_sensor_async.py
[2025-09-17T11:43:29.025+0000] {processor.py:914} INFO - Processing file /home/airflow/.local/lib/python3.12/site-packages/airflow/example_dags/example_time_delta_sensor_async.py for tasks to queue
[2025-09-17T11:43:29.031+0000] {logging_mixin.py:190} INFO - [2025-09-17T11:43:29.030+0000] {dagbag.py:588} INFO - Filling up the DagBag from /home/airflow/.local/lib/python3.12/site-packages/airflow/example_dags/example_time_delta_sensor_async.py
[2025-09-17T11:43:29.051+0000] {processor.py:925} INFO - DAG(s) 'example_time_delta_sensor_async' retrieved from /home/airflow/.local/lib/python3.12/site-packages/airflow/example_dags/example_time_delta_sensor_async.py
[2025-09-17T11:43:29.229+0000] {logging_mixin.py:190} INFO - [2025-09-17T11:43:29.228+0000] {override.py:1900} INFO - Created Permission View: can delete on DAG:example_time_delta_sensor_async
[2025-09-17T11:43:29.248+0000] {logging_mixin.py:190} INFO - [2025-09-17T11:43:29.248+0000] {override.py:1900} INFO - Created Permission View: can edit on DAG:example_time_delta_sensor_async
[2025-09-17T11:43:29.263+0000] {logging_mixin.py:190} INFO - [2025-09-17T11:43:29.263+0000] {override.py:1900} INFO - Created Permission View: can read on DAG:example_time_delta_sensor_async
[2025-09-17T11:43:29.281+0000] {logging_mixin.py:190} INFO - [2025-09-17T11:43:29.280+0000] {override.py:1900} INFO - Created Permission View: can delete on DAG Run:example_time_delta_sensor_async
[2025-09-17T11:43:29.295+0000] {logging_mixin.py:190} INFO - [2025-09-17T11:43:29.295+0000] {override.py:1900} INFO - Created Permission View: menu access on DAG Run:example_time_delta_sensor_async
[2025-09-17T11:43:29.310+0000] {logging_mixin.py:190} INFO - [2025-09-17T11:43:29.310+0000] {override.py:1900} INFO - Created Permission View: can read on DAG Run:example_time_delta_sensor_async
[2025-09-17T11:43:29.323+0000] {logging_mixin.py:190} INFO - [2025-09-17T11:43:29.322+0000] {override.py:1900} INFO - Created Permission View: can create on DAG Run:example_time_delta_sensor_async
[2025-09-17T11:43:29.324+0000] {logging_mixin.py:190} INFO - [2025-09-17T11:43:29.324+0000] {dag.py:3239} INFO - Sync 1 DAGs
[2025-09-17T11:43:29.342+0000] {logging_mixin.py:190} INFO - [2025-09-17T11:43:29.342+0000] {dag.py:3262} INFO - Creating ORM DAG for example_time_delta_sensor_async
[2025-09-17T11:43:29.344+0000] {logging_mixin.py:190} INFO - [2025-09-17T11:43:29.344+0000] {dag.py:4180} INFO - Setting next_dagrun for example_time_delta_sensor_async to None, run_after=None
[2025-09-17T11:43:29.366+0000] {processor.py:208} INFO - Processing /home/airflow/.local/lib/python3.12/site-packages/airflow/example_dags/example_time_delta_sensor_async.py took 0.357 seconds
[2025-09-17T11:44:03.051+0000] {processor.py:186} INFO - Started process (PID=78) to work on /home/airflow/.local/lib/python3.12/site-packages/airflow/example_dags/example_time_delta_sensor_async.py
[2025-09-17T11:44:03.053+0000] {processor.py:914} INFO - Processing file /home/airflow/.local/lib/python3.12/site-packages/airflow/example_dags/example_time_delta_sensor_async.py for tasks to queue
[2025-09-17T11:44:03.059+0000] {logging_mixin.py:190} INFO - [2025-09-17T11:44:03.058+0000] {dagbag.py:588} INFO - Filling up the DagBag from /home/airflow/.local/lib/python3.12/site-packages/airflow/example_dags/example_time_delta_sensor_async.py
[2025-09-17T11:44:03.074+0000] {processor.py:925} INFO - DAG(s) 'example_time_delta_sensor_async' retrieved from /home/airflow/.local/lib/python3.12/site-packages/airflow/example_dags/example_time_delta_sensor_async.py
[2025-09-17T11:44:03.117+0000] {logging_mixin.py:190} INFO - [2025-09-17T11:44:03.117+0000] {dag.py:3239} INFO - Sync 1 DAGs
[2025-09-17T11:44:03.144+0000] {logging_mixin.py:190} INFO - [2025-09-17T11:44:03.144+0000] {dag.py:4180} INFO - Setting next_dagrun for example_time_delta_sensor_async to None, run_after=None
[2025-09-17T11:44:03.182+0000] {processor.py:208} INFO - Processing /home/airflow/.local/lib/python3.12/site-packages/airflow/example_dags/example_time_delta_sensor_async.py took 0.143 seconds
[2025-09-17T11:44:33.344+0000] {processor.py:186} INFO - Started process (PID=140) to work on /home/airflow/.local/lib/python3.12/site-packages/airflow/example_dags/example_time_delta_sensor_async.py
[2025-09-17T11:44:33.345+0000] {processor.py:914} INFO - Processing file /home/airflow/.local/lib/python3.12/site-packages/airflow/example_dags/example_time_delta_sensor_async.py for tasks to queue
[2025-09-17T11:44:33.348+0000] {logging_mixin.py:190} INFO - [2025-09-17T11:44:33.348+0000] {dagbag.py:588} INFO - Filling up the DagBag from /home/airflow/.local/lib/python3.12/site-packages/airflow/example_dags/example_time_delta_sensor_async.py
[2025-09-17T11:44:33.359+0000] {processor.py:925} INFO - DAG(s) 'example_time_delta_sensor_async' retrieved from /home/airflow/.local/lib/python3.12/site-packages/airflow/example_dags/example_time_delta_sensor_async.py
[2025-09-17T11:44:33.383+0000] {logging_mixin.py:190} INFO - [2025-09-17T11:44:33.383+0000] {dag.py:3239} INFO - Sync 1 DAGs
[2025-09-17T11:44:33.399+0000] {logging_mixin.py:190} INFO - [2025-09-17T11:44:33.399+0000] {dag.py:4180} INFO - Setting next_dagrun for example_time_delta_sensor_async to None, run_after=None
[2025-09-17T11:44:33.423+0000] {processor.py:208} INFO - Processing /home/airflow/.local/lib/python3.12/site-packages/airflow/example_dags/example_time_delta_sensor_async.py took 0.086 seconds
[2025-09-17T11:45:04.367+0000] {processor.py:186} INFO - Started process (PID=209) to work on /home/airflow/.local/lib/python3.12/site-packages/airflow/example_dags/example_time_delta_sensor_async.py
[2025-09-17T11:45:04.368+0000] {processor.py:914} INFO - Processing file /home/airflow/.local/lib/python3.12/site-packages/airflow/example_dags/example_time_delta_sensor_async.py for tasks to queue
[2025-09-17T11:45:04.371+0000] {logging_mixin.py:190} INFO - [2025-09-17T11:45:04.371+0000] {dagbag.py:588} INFO - Filling up the DagBag from /home/airflow/.local/lib/python3.12/site-packages/airflow/example_dags/example_time_delta_sensor_async.py
[2025-09-17T11:45:04.380+0000] {processor.py:925} INFO - DAG(s) 'example_time_delta_sensor_async' retrieved from /home/airflow/.local/lib/python3.12/site-packages/airflow/example_dags/example_time_delta_sensor_async.py
[2025-09-17T11:45:04.406+0000] {logging_mixin.py:190} INFO - [2025-09-17T11:45:04.406+0000] {dag.py:3239} INFO - Sync 1 DAGs
[2025-09-17T11:45:04.423+0000] {logging_mixin.py:190} INFO - [2025-09-17T11:45:04.423+0000] {dag.py:4180} INFO - Setting next_dagrun for example_time_delta_sensor_async to None, run_after=None
[2025-09-17T11:45:04.447+0000] {processor.py:208} INFO - Processing /home/airflow/.local/lib/python3.12/site-packages/airflow/example_dags/example_time_delta_sensor_async.py took 0.087 seconds
[2025-09-17T11:45:35.336+0000] {processor.py:186} INFO - Started process (PID=271) to work on /home/airflow/.local/lib/python3.12/site-packages/airflow/example_dags/example_time_delta_sensor_async.py
[2025-09-17T11:45:35.337+0000] {processor.py:914} INFO - Processing file /home/airflow/.local/lib/python3.12/site-packages/airflow/example_dags/example_time_delta_sensor_async.py for tasks to queue
[2025-09-17T11:45:35.341+0000] {logging_mixin.py:190} INFO - [2025-09-17T11:45:35.341+0000] {dagbag.py:588} INFO - Filling up the DagBag from /home/airflow/.local/lib/python3.12/site-packages/airflow/example_dags/example_time_delta_sensor_async.py
[2025-09-17T11:45:35.350+0000] {processor.py:925} INFO - DAG(s) 'example_time_delta_sensor_async' retrieved from /home/airflow/.local/lib/python3.12/site-packages/airflow/example_dags/example_time_delta_sensor_async.py
[2025-09-17T11:45:35.375+0000] {logging_mixin.py:190} INFO - [2025-09-17T11:45:35.375+0000] {dag.py:3239} INFO - Sync 1 DAGs
[2025-09-17T11:45:35.393+0000] {logging_mixin.py:190} INFO - [2025-09-17T11:45:35.393+0000] {dag.py:4180} INFO - Setting next_dagrun for example_time_delta_sensor_async to None, run_after=None
[2025-09-17T11:45:35.418+0000] {processor.py:208} INFO - Processing /home/airflow/.local/lib/python3.12/site-packages/airflow/example_dags/example_time_delta_sensor_async.py took 0.090 seconds
[2025-09-17T11:46:06.113+0000] {processor.py:186} INFO - Started process (PID=334) to work on /home/airflow/.local/lib/python3.12/site-packages/airflow/example_dags/example_time_delta_sensor_async.py
[2025-09-17T11:46:06.114+0000] {processor.py:914} INFO - Processing file /home/airflow/.local/lib/python3.12/site-packages/airflow/example_dags/example_time_delta_sensor_async.py for tasks to queue
[2025-09-17T11:46:06.117+0000] {logging_mixin.py:190} INFO - [2025-09-17T11:46:06.117+0000] {dagbag.py:588} INFO - Filling up the DagBag from /home/airflow/.local/lib/python3.12/site-packages/airflow/example_dags/example_time_delta_sensor_async.py
[2025-09-17T11:46:06.126+0000] {processor.py:925} INFO - DAG(s) 'example_time_delta_sensor_async' retrieved from /home/airflow/.local/lib/python3.12/site-packages/airflow/example_dags/example_time_delta_sensor_async.py
[2025-09-17T11:46:06.152+0000] {logging_mixin.py:190} INFO - [2025-09-17T11:46:06.151+0000] {dag.py:3239} INFO - Sync 1 DAGs
[2025-09-17T11:46:06.169+0000] {logging_mixin.py:190} INFO - [2025-09-17T11:46:06.169+0000] {dag.py:4180} INFO - Setting next_dagrun for example_time_delta_sensor_async to None, run_after=None
[2025-09-17T11:46:06.189+0000] {processor.py:208} INFO - Processing /home/airflow/.local/lib/python3.12/site-packages/airflow/example_dags/example_time_delta_sensor_async.py took 0.084 seconds
[2025-09-17T11:46:36.922+0000] {processor.py:186} INFO - Started process (PID=396) to work on /home/airflow/.local/lib/python3.12/site-packages/airflow/example_dags/example_time_delta_sensor_async.py
[2025-09-17T11:46:36.924+0000] {processor.py:914} INFO - Processing file /home/airflow/.local/lib/python3.12/site-packages/airflow/example_dags/example_time_delta_sensor_async.py for tasks to queue
[2025-09-17T11:46:36.928+0000] {logging_mixin.py:190} INFO - [2025-09-17T11:46:36.927+0000] {dagbag.py:588} INFO - Filling up the DagBag from /home/airflow/.local/lib/python3.12/site-packages/airflow/example_dags/example_time_delta_sensor_async.py
[2025-09-17T11:46:36.936+0000] {processor.py:925} INFO - DAG(s) 'example_time_delta_sensor_async' retrieved from /home/airflow/.local/lib/python3.12/site-packages/airflow/example_dags/example_time_delta_sensor_async.py
[2025-09-17T11:46:36.961+0000] {logging_mixin.py:190} INFO - [2025-09-17T11:46:36.960+0000] {dag.py:3239} INFO - Sync 1 DAGs
[2025-09-17T11:46:36.978+0000] {logging_mixin.py:190} INFO - [2025-09-17T11:46:36.977+0000] {dag.py:4180} INFO - Setting next_dagrun for example_time_delta_sensor_async to None, run_after=None
[2025-09-17T11:46:37.004+0000] {processor.py:208} INFO - Processing /home/airflow/.local/lib/python3.12/site-packages/airflow/example_dags/example_time_delta_sensor_async.py took 0.090 seconds
[2025-09-17T11:47:07.678+0000] {processor.py:186} INFO - Started process (PID=458) to work on /home/airflow/.local/lib/python3.12/site-packages/airflow/example_dags/example_time_delta_sensor_async.py
[2025-09-17T11:47:07.680+0000] {processor.py:914} INFO - Processing file /home/airflow/.local/lib/python3.12/site-packages/airflow/example_dags/example_time_delta_sensor_async.py for tasks to queue
[2025-09-17T11:47:07.683+0000] {logging_mixin.py:190} INFO - [2025-09-17T11:47:07.682+0000] {dagbag.py:588} INFO - Filling up the DagBag from /home/airflow/.local/lib/python3.12/site-packages/airflow/example_dags/example_time_delta_sensor_async.py
[2025-09-17T11:47:07.691+0000] {processor.py:925} INFO - DAG(s) 'example_time_delta_sensor_async' retrieved from /home/airflow/.local/lib/python3.12/site-packages/airflow/example_dags/example_time_delta_sensor_async.py
[2025-09-17T11:47:07.715+0000] {logging_mixin.py:190} INFO - [2025-09-17T11:47:07.714+0000] {dag.py:3239} INFO - Sync 1 DAGs
[2025-09-17T11:47:07.732+0000] {logging_mixin.py:190} INFO - [2025-09-17T11:47:07.731+0000] {dag.py:4180} INFO - Setting next_dagrun for example_time_delta_sensor_async to None, run_after=None
[2025-09-17T11:47:07.757+0000] {processor.py:208} INFO - Processing /home/airflow/.local/lib/python3.12/site-packages/airflow/example_dags/example_time_delta_sensor_async.py took 0.087 seconds
[2025-09-17T11:47:38.380+0000] {processor.py:186} INFO - Started process (PID=521) to work on /home/airflow/.local/lib/python3.12/site-packages/airflow/example_dags/example_time_delta_sensor_async.py
[2025-09-17T11:47:38.381+0000] {processor.py:914} INFO - Processing file /home/airflow/.local/lib/python3.12/site-packages/airflow/example_dags/example_time_delta_sensor_async.py for tasks to queue
[2025-09-17T11:47:38.386+0000] {logging_mixin.py:190} INFO - [2025-09-17T11:47:38.385+0000] {dagbag.py:588} INFO - Filling up the DagBag from /home/airflow/.local/lib/python3.12/site-packages/airflow/example_dags/example_time_delta_sensor_async.py
[2025-09-17T11:47:38.394+0000] {processor.py:925} INFO - DAG(s) 'example_time_delta_sensor_async' retrieved from /home/airflow/.local/lib/python3.12/site-packages/airflow/example_dags/example_time_delta_sensor_async.py
[2025-09-17T11:47:38.417+0000] {logging_mixin.py:190} INFO - [2025-09-17T11:47:38.417+0000] {dag.py:3239} INFO - Sync 1 DAGs
[2025-09-17T11:47:38.433+0000] {logging_mixin.py:190} INFO - [2025-09-17T11:47:38.432+0000] {dag.py:4180} INFO - Setting next_dagrun for example_time_delta_sensor_async to None, run_after=None
[2025-09-17T11:47:38.457+0000] {processor.py:208} INFO - Processing /home/airflow/.local/lib/python3.12/site-packages/airflow/example_dags/example_time_delta_sensor_async.py took 0.087 seconds
[2025-09-17T11:48:08.871+0000] {processor.py:186} INFO - Started process (PID=583) to work on /home/airflow/.local/lib/python3.12/site-packages/airflow/example_dags/example_time_delta_sensor_async.py
[2025-09-17T11:48:08.873+0000] {processor.py:914} INFO - Processing file /home/airflow/.local/lib/python3.12/site-packages/airflow/example_dags/example_time_delta_sensor_async.py for tasks to queue
[2025-09-17T11:48:08.877+0000] {logging_mixin.py:190} INFO - [2025-09-17T11:48:08.876+0000] {dagbag.py:588} INFO - Filling up the DagBag from /home/airflow/.local/lib/python3.12/site-packages/airflow/example_dags/example_time_delta_sensor_async.py
[2025-09-17T11:48:08.887+0000] {processor.py:925} INFO - DAG(s) 'example_time_delta_sensor_async' retrieved from /home/airflow/.local/lib/python3.12/site-packages/airflow/example_dags/example_time_delta_sensor_async.py
[2025-09-17T11:48:08.911+0000] {logging_mixin.py:190} INFO - [2025-09-17T11:48:08.911+0000] {dag.py:3239} INFO - Sync 1 DAGs
[2025-09-17T11:48:08.927+0000] {logging_mixin.py:190} INFO - [2025-09-17T11:48:08.927+0000] {dag.py:4180} INFO - Setting next_dagrun for example_time_delta_sensor_async to None, run_after=None
[2025-09-17T11:48:08.950+0000] {processor.py:208} INFO - Processing /home/airflow/.local/lib/python3.12/site-packages/airflow/example_dags/example_time_delta_sensor_async.py took 0.089 seconds
[2025-09-17T11:48:39.252+0000] {processor.py:186} INFO - Started process (PID=645) to work on /home/airflow/.local/lib/python3.12/site-packages/airflow/example_dags/example_time_delta_sensor_async.py
[2025-09-17T11:48:39.254+0000] {processor.py:914} INFO - Processing file /home/airflow/.local/lib/python3.12/site-packages/airflow/example_dags/example_time_delta_sensor_async.py for tasks to queue
[2025-09-17T11:48:39.257+0000] {logging_mixin.py:190} INFO - [2025-09-17T11:48:39.257+0000] {dagbag.py:588} INFO - Filling up the DagBag from /home/airflow/.local/lib/python3.12/site-packages/airflow/example_dags/example_time_delta_sensor_async.py
[2025-09-17T11:48:39.267+0000] {processor.py:925} INFO - DAG(s) 'example_time_delta_sensor_async' retrieved from /home/airflow/.local/lib/python3.12/site-packages/airflow/example_dags/example_time_delta_sensor_async.py
[2025-09-17T11:48:39.295+0000] {logging_mixin.py:190} INFO - [2025-09-17T11:48:39.294+0000] {dag.py:3239} INFO - Sync 1 DAGs
[2025-09-17T11:48:39.312+0000] {logging_mixin.py:190} INFO - [2025-09-17T11:48:39.312+0000] {dag.py:4180} INFO - Setting next_dagrun for example_time_delta_sensor_async to None, run_after=None
[2025-09-17T11:48:39.336+0000] {processor.py:208} INFO - Processing /home/airflow/.local/lib/python3.12/site-packages/airflow/example_dags/example_time_delta_sensor_async.py took 0.092 seconds
[2025-09-17T11:49:10.737+0000] {processor.py:186} INFO - Started process (PID=708) to work on /home/airflow/.local/lib/python3.12/site-packages/airflow/example_dags/example_time_delta_sensor_async.py
[2025-09-17T11:49:10.739+0000] {processor.py:914} INFO - Processing file /home/airflow/.local/lib/python3.12/site-packages/airflow/example_dags/example_time_delta_sensor_async.py for tasks to queue
[2025-09-17T11:49:10.743+0000] {logging_mixin.py:190} INFO - [2025-09-17T11:49:10.743+0000] {dagbag.py:588} INFO - Filling up the DagBag from /home/airflow/.local/lib/python3.12/site-packages/airflow/example_dags/example_time_delta_sensor_async.py
[2025-09-17T11:49:10.752+0000] {processor.py:925} INFO - DAG(s) 'example_time_delta_sensor_async' retrieved from /home/airflow/.local/lib/python3.12/site-packages/airflow/example_dags/example_time_delta_sensor_async.py
[2025-09-17T11:49:10.779+0000] {logging_mixin.py:190} INFO - [2025-09-17T11:49:10.779+0000] {dag.py:3239} INFO - Sync 1 DAGs
[2025-09-17T11:49:10.798+0000] {logging_mixin.py:190} INFO - [2025-09-17T11:49:10.798+0000] {dag.py:4180} INFO - Setting next_dagrun for example_time_delta_sensor_async to None, run_after=None
[2025-09-17T11:49:10.839+0000] {processor.py:208} INFO - Processing /home/airflow/.local/lib/python3.12/site-packages/airflow/example_dags/example_time_delta_sensor_async.py took 0.109 seconds
[2025-09-17T11:49:41.311+0000] {processor.py:186} INFO - Started process (PID=770) to work on /home/airflow/.local/lib/python3.12/site-packages/airflow/example_dags/example_time_delta_sensor_async.py
[2025-09-17T11:49:41.312+0000] {processor.py:914} INFO - Processing file /home/airflow/.local/lib/python3.12/site-packages/airflow/example_dags/example_time_delta_sensor_async.py for tasks to queue
[2025-09-17T11:49:41.316+0000] {logging_mixin.py:190} INFO - [2025-09-17T11:49:41.315+0000] {dagbag.py:588} INFO - Filling up the DagBag from /home/airflow/.local/lib/python3.12/site-packages/airflow/example_dags/example_time_delta_sensor_async.py
[2025-09-17T11:49:41.326+0000] {processor.py:925} INFO - DAG(s) 'example_time_delta_sensor_async' retrieved from /home/airflow/.local/lib/python3.12/site-packages/airflow/example_dags/example_time_delta_sensor_async.py
[2025-09-17T11:49:41.356+0000] {logging_mixin.py:190} INFO - [2025-09-17T11:49:41.356+0000] {dag.py:3239} INFO - Sync 1 DAGs
[2025-09-17T11:49:41.377+0000] {logging_mixin.py:190} INFO - [2025-09-17T11:49:41.376+0000] {dag.py:4180} INFO - Setting next_dagrun for example_time_delta_sensor_async to None, run_after=None
[2025-09-17T11:49:41.404+0000] {processor.py:208} INFO - Processing /home/airflow/.local/lib/python3.12/site-packages/airflow/example_dags/example_time_delta_sensor_async.py took 0.102 seconds
[2025-09-17T11:50:12.252+0000] {processor.py:186} INFO - Started process (PID=832) to work on /home/airflow/.local/lib/python3.12/site-packages/airflow/example_dags/example_time_delta_sensor_async.py
[2025-09-17T11:50:12.254+0000] {processor.py:914} INFO - Processing file /home/airflow/.local/lib/python3.12/site-packages/airflow/example_dags/example_time_delta_sensor_async.py for tasks to queue
[2025-09-17T11:50:12.258+0000] {logging_mixin.py:190} INFO - [2025-09-17T11:50:12.257+0000] {dagbag.py:588} INFO - Filling up the DagBag from /home/airflow/.local/lib/python3.12/site-packages/airflow/example_dags/example_time_delta_sensor_async.py
[2025-09-17T11:50:12.270+0000] {processor.py:925} INFO - DAG(s) 'example_time_delta_sensor_async' retrieved from /home/airflow/.local/lib/python3.12/site-packages/airflow/example_dags/example_time_delta_sensor_async.py
[2025-09-17T11:50:12.304+0000] {logging_mixin.py:190} INFO - [2025-09-17T11:50:12.303+0000] {dag.py:3239} INFO - Sync 1 DAGs
[2025-09-17T11:50:12.324+0000] {logging_mixin.py:190} INFO - [2025-09-17T11:50:12.323+0000] {dag.py:4180} INFO - Setting next_dagrun for example_time_delta_sensor_async to None, run_after=None
[2025-09-17T11:50:12.354+0000] {processor.py:208} INFO - Processing /home/airflow/.local/lib/python3.12/site-packages/airflow/example_dags/example_time_delta_sensor_async.py took 0.111 seconds
[2025-09-17T11:50:43.725+0000] {processor.py:186} INFO - Started process (PID=894) to work on /home/airflow/.local/lib/python3.12/site-packages/airflow/example_dags/example_time_delta_sensor_async.py
[2025-09-17T11:50:43.728+0000] {processor.py:914} INFO - Processing file /home/airflow/.local/lib/python3.12/site-packages/airflow/example_dags/example_time_delta_sensor_async.py for tasks to queue
[2025-09-17T11:50:43.732+0000] {logging_mixin.py:190} INFO - [2025-09-17T11:50:43.732+0000] {dagbag.py:588} INFO - Filling up the DagBag from /home/airflow/.local/lib/python3.12/site-packages/airflow/example_dags/example_time_delta_sensor_async.py
[2025-09-17T11:50:43.745+0000] {processor.py:925} INFO - DAG(s) 'example_time_delta_sensor_async' retrieved from /home/airflow/.local/lib/python3.12/site-packages/airflow/example_dags/example_time_delta_sensor_async.py
[2025-09-17T11:50:43.795+0000] {logging_mixin.py:190} INFO - [2025-09-17T11:50:43.795+0000] {dag.py:3239} INFO - Sync 1 DAGs
[2025-09-17T11:50:43.821+0000] {logging_mixin.py:190} INFO - [2025-09-17T11:50:43.821+0000] {dag.py:4180} INFO - Setting next_dagrun for example_time_delta_sensor_async to None, run_after=None
[2025-09-17T11:50:43.857+0000] {processor.py:208} INFO - Processing /home/airflow/.local/lib/python3.12/site-packages/airflow/example_dags/example_time_delta_sensor_async.py took 0.140 seconds
[2025-09-17T11:51:14.068+0000] {processor.py:186} INFO - Started process (PID=956) to work on /home/airflow/.local/lib/python3.12/site-packages/airflow/example_dags/example_time_delta_sensor_async.py
[2025-09-17T11:51:14.071+0000] {processor.py:914} INFO - Processing file /home/airflow/.local/lib/python3.12/site-packages/airflow/example_dags/example_time_delta_sensor_async.py for tasks to queue
[2025-09-17T11:51:14.076+0000] {logging_mixin.py:190} INFO - [2025-09-17T11:51:14.075+0000] {dagbag.py:588} INFO - Filling up the DagBag from /home/airflow/.local/lib/python3.12/site-packages/airflow/example_dags/example_time_delta_sensor_async.py
[2025-09-17T11:51:14.085+0000] {processor.py:925} INFO - DAG(s) 'example_time_delta_sensor_async' retrieved from /home/airflow/.local/lib/python3.12/site-packages/airflow/example_dags/example_time_delta_sensor_async.py
[2025-09-17T11:51:14.111+0000] {logging_mixin.py:190} INFO - [2025-09-17T11:51:14.111+0000] {dag.py:3239} INFO - Sync 1 DAGs
[2025-09-17T11:51:14.132+0000] {logging_mixin.py:190} INFO - [2025-09-17T11:51:14.132+0000] {dag.py:4180} INFO - Setting next_dagrun for example_time_delta_sensor_async to None, run_after=None
[2025-09-17T11:51:14.158+0000] {processor.py:208} INFO - Processing /home/airflow/.local/lib/python3.12/site-packages/airflow/example_dags/example_time_delta_sensor_async.py took 0.098 seconds
[2025-09-17T11:51:44.728+0000] {processor.py:186} INFO - Started process (PID=1018) to work on /home/airflow/.local/lib/python3.12/site-packages/airflow/example_dags/example_time_delta_sensor_async.py
[2025-09-17T11:51:44.730+0000] {processor.py:914} INFO - Processing file /home/airflow/.local/lib/python3.12/site-packages/airflow/example_dags/example_time_delta_sensor_async.py for tasks to queue
[2025-09-17T11:51:44.734+0000] {logging_mixin.py:190} INFO - [2025-09-17T11:51:44.734+0000] {dagbag.py:588} INFO - Filling up the DagBag from /home/airflow/.local/lib/python3.12/site-packages/airflow/example_dags/example_time_delta_sensor_async.py
[2025-09-17T11:51:44.744+0000] {processor.py:925} INFO - DAG(s) 'example_time_delta_sensor_async' retrieved from /home/airflow/.local/lib/python3.12/site-packages/airflow/example_dags/example_time_delta_sensor_async.py
[2025-09-17T11:51:44.775+0000] {logging_mixin.py:190} INFO - [2025-09-17T11:51:44.775+0000] {dag.py:3239} INFO - Sync 1 DAGs
[2025-09-17T11:51:44.794+0000] {logging_mixin.py:190} INFO - [2025-09-17T11:51:44.794+0000] {dag.py:4180} INFO - Setting next_dagrun for example_time_delta_sensor_async to None, run_after=None
[2025-09-17T11:51:44.823+0000] {processor.py:208} INFO - Processing /home/airflow/.local/lib/python3.12/site-packages/airflow/example_dags/example_time_delta_sensor_async.py took 0.110 seconds
[2025-09-17T11:52:14.942+0000] {processor.py:186} INFO - Started process (PID=1080) to work on /home/airflow/.local/lib/python3.12/site-packages/airflow/example_dags/example_time_delta_sensor_async.py
[2025-09-17T11:52:14.943+0000] {processor.py:914} INFO - Processing file /home/airflow/.local/lib/python3.12/site-packages/airflow/example_dags/example_time_delta_sensor_async.py for tasks to queue
[2025-09-17T11:52:14.947+0000] {logging_mixin.py:190} INFO - [2025-09-17T11:52:14.946+0000] {dagbag.py:588} INFO - Filling up the DagBag from /home/airflow/.local/lib/python3.12/site-packages/airflow/example_dags/example_time_delta_sensor_async.py
[2025-09-17T11:52:14.956+0000] {processor.py:925} INFO - DAG(s) 'example_time_delta_sensor_async' retrieved from /home/airflow/.local/lib/python3.12/site-packages/airflow/example_dags/example_time_delta_sensor_async.py
[2025-09-17T11:52:14.986+0000] {logging_mixin.py:190} INFO - [2025-09-17T11:52:14.986+0000] {dag.py:3239} INFO - Sync 1 DAGs
[2025-09-17T11:52:15.004+0000] {logging_mixin.py:190} INFO - [2025-09-17T11:52:15.004+0000] {dag.py:4180} INFO - Setting next_dagrun for example_time_delta_sensor_async to None, run_after=None
[2025-09-17T11:52:15.028+0000] {processor.py:208} INFO - Processing /home/airflow/.local/lib/python3.12/site-packages/airflow/example_dags/example_time_delta_sensor_async.py took 0.098 seconds
[2025-09-17T11:52:45.715+0000] {processor.py:186} INFO - Started process (PID=1142) to work on /home/airflow/.local/lib/python3.12/site-packages/airflow/example_dags/example_time_delta_sensor_async.py
[2025-09-17T11:52:45.717+0000] {processor.py:914} INFO - Processing file /home/airflow/.local/lib/python3.12/site-packages/airflow/example_dags/example_time_delta_sensor_async.py for tasks to queue
[2025-09-17T11:52:45.721+0000] {logging_mixin.py:190} INFO - [2025-09-17T11:52:45.720+0000] {dagbag.py:588} INFO - Filling up the DagBag from /home/airflow/.local/lib/python3.12/site-packages/airflow/example_dags/example_time_delta_sensor_async.py
[2025-09-17T11:52:45.731+0000] {processor.py:925} INFO - DAG(s) 'example_time_delta_sensor_async' retrieved from /home/airflow/.local/lib/python3.12/site-packages/airflow/example_dags/example_time_delta_sensor_async.py
[2025-09-17T11:52:45.760+0000] {logging_mixin.py:190} INFO - [2025-09-17T11:52:45.760+0000] {dag.py:3239} INFO - Sync 1 DAGs
[2025-09-17T11:52:45.780+0000] {logging_mixin.py:190} INFO - [2025-09-17T11:52:45.779+0000] {dag.py:4180} INFO - Setting next_dagrun for example_time_delta_sensor_async to None, run_after=None
[2025-09-17T11:52:45.814+0000] {processor.py:208} INFO - Processing /home/airflow/.local/lib/python3.12/site-packages/airflow/example_dags/example_time_delta_sensor_async.py took 0.107 seconds
[2025-09-17T11:53:16.246+0000] {processor.py:186} INFO - Started process (PID=1204) to work on /home/airflow/.local/lib/python3.12/site-packages/airflow/example_dags/example_time_delta_sensor_async.py
[2025-09-17T11:53:16.247+0000] {processor.py:914} INFO - Processing file /home/airflow/.local/lib/python3.12/site-packages/airflow/example_dags/example_time_delta_sensor_async.py for tasks to queue
[2025-09-17T11:53:16.250+0000] {logging_mixin.py:190} INFO - [2025-09-17T11:53:16.250+0000] {dagbag.py:588} INFO - Filling up the DagBag from /home/airflow/.local/lib/python3.12/site-packages/airflow/example_dags/example_time_delta_sensor_async.py
[2025-09-17T11:53:16.260+0000] {processor.py:925} INFO - DAG(s) 'example_time_delta_sensor_async' retrieved from /home/airflow/.local/lib/python3.12/site-packages/airflow/example_dags/example_time_delta_sensor_async.py
[2025-09-17T11:53:16.287+0000] {logging_mixin.py:190} INFO - [2025-09-17T11:53:16.286+0000] {dag.py:3239} INFO - Sync 1 DAGs
[2025-09-17T11:53:16.306+0000] {logging_mixin.py:190} INFO - [2025-09-17T11:53:16.305+0000] {dag.py:4180} INFO - Setting next_dagrun for example_time_delta_sensor_async to None, run_after=None
[2025-09-17T11:53:16.330+0000] {processor.py:208} INFO - Processing /home/airflow/.local/lib/python3.12/site-packages/airflow/example_dags/example_time_delta_sensor_async.py took 0.092 seconds
