[2025-09-17T11:43:25.229+0000] {processor.py:186} INFO - Started process (PID=164) to work on /home/airflow/.local/lib/python3.12/site-packages/airflow/example_dags/example_branch_datetime_operator.py
[2025-09-17T11:43:25.231+0000] {processor.py:914} INFO - Processing file /home/airflow/.local/lib/python3.12/site-packages/airflow/example_dags/example_branch_datetime_operator.py for tasks to queue
[2025-09-17T11:43:25.240+0000] {logging_mixin.py:190} INFO - [2025-09-17T11:43:25.238+0000] {dagbag.py:588} INFO - Filling up the DagBag from /home/airflow/.local/lib/python3.12/site-packages/airflow/example_dags/example_branch_datetime_operator.py
[2025-09-17T11:43:25.296+0000] {processor.py:925} INFO - DAG(s) 'example_branch_datetime_operator', 'example_branch_datetime_operator_3', 'example_branch_datetime_operator_2' retrieved from /home/airflow/.local/lib/python3.12/site-packages/airflow/example_dags/example_branch_datetime_operator.py
[2025-09-17T11:43:25.614+0000] {logging_mixin.py:190} INFO - [2025-09-17T11:43:25.612+0000] {override.py:1900} INFO - Created Permission View: can delete on DAG:example_branch_datetime_operator
[2025-09-17T11:43:25.633+0000] {logging_mixin.py:190} INFO - [2025-09-17T11:43:25.632+0000] {override.py:1900} INFO - Created Permission View: can edit on DAG:example_branch_datetime_operator
[2025-09-17T11:43:25.649+0000] {logging_mixin.py:190} INFO - [2025-09-17T11:43:25.648+0000] {override.py:1900} INFO - Created Permission View: can read on DAG:example_branch_datetime_operator
[2025-09-17T11:43:25.664+0000] {logging_mixin.py:190} INFO - [2025-09-17T11:43:25.664+0000] {override.py:1900} INFO - Created Permission View: can delete on DAG Run:example_branch_datetime_operator
[2025-09-17T11:43:25.681+0000] {logging_mixin.py:190} INFO - [2025-09-17T11:43:25.680+0000] {override.py:1900} INFO - Created Permission View: menu access on DAG Run:example_branch_datetime_operator
[2025-09-17T11:43:25.705+0000] {logging_mixin.py:190} INFO - [2025-09-17T11:43:25.705+0000] {override.py:1900} INFO - Created Permission View: can read on DAG Run:example_branch_datetime_operator
[2025-09-17T11:43:25.720+0000] {logging_mixin.py:190} INFO - [2025-09-17T11:43:25.719+0000] {override.py:1900} INFO - Created Permission View: can create on DAG Run:example_branch_datetime_operator
[2025-09-17T11:43:25.761+0000] {logging_mixin.py:190} INFO - [2025-09-17T11:43:25.760+0000] {override.py:1900} INFO - Created Permission View: can delete on DAG:example_branch_datetime_operator_3
[2025-09-17T11:43:25.778+0000] {logging_mixin.py:190} INFO - [2025-09-17T11:43:25.778+0000] {override.py:1900} INFO - Created Permission View: can edit on DAG:example_branch_datetime_operator_3
[2025-09-17T11:43:25.791+0000] {logging_mixin.py:190} INFO - [2025-09-17T11:43:25.791+0000] {override.py:1900} INFO - Created Permission View: can read on DAG:example_branch_datetime_operator_3
[2025-09-17T11:43:25.816+0000] {logging_mixin.py:190} INFO - [2025-09-17T11:43:25.815+0000] {override.py:1900} INFO - Created Permission View: can delete on DAG Run:example_branch_datetime_operator_3
[2025-09-17T11:43:25.838+0000] {logging_mixin.py:190} INFO - [2025-09-17T11:43:25.837+0000] {override.py:1900} INFO - Created Permission View: menu access on DAG Run:example_branch_datetime_operator_3
[2025-09-17T11:43:25.854+0000] {logging_mixin.py:190} INFO - [2025-09-17T11:43:25.853+0000] {override.py:1900} INFO - Created Permission View: can read on DAG Run:example_branch_datetime_operator_3
[2025-09-17T11:43:25.867+0000] {logging_mixin.py:190} INFO - [2025-09-17T11:43:25.866+0000] {override.py:1900} INFO - Created Permission View: can create on DAG Run:example_branch_datetime_operator_3
[2025-09-17T11:43:25.898+0000] {logging_mixin.py:190} INFO - [2025-09-17T11:43:25.897+0000] {override.py:1900} INFO - Created Permission View: can delete on DAG:example_branch_datetime_operator_2
[2025-09-17T11:43:25.917+0000] {logging_mixin.py:190} INFO - [2025-09-17T11:43:25.917+0000] {override.py:1900} INFO - Created Permission View: can edit on DAG:example_branch_datetime_operator_2
[2025-09-17T11:43:25.934+0000] {logging_mixin.py:190} INFO - [2025-09-17T11:43:25.934+0000] {override.py:1900} INFO - Created Permission View: can read on DAG:example_branch_datetime_operator_2
[2025-09-17T11:43:25.952+0000] {logging_mixin.py:190} INFO - [2025-09-17T11:43:25.951+0000] {override.py:1900} INFO - Created Permission View: can delete on DAG Run:example_branch_datetime_operator_2
[2025-09-17T11:43:25.968+0000] {logging_mixin.py:190} INFO - [2025-09-17T11:43:25.967+0000] {override.py:1900} INFO - Created Permission View: menu access on DAG Run:example_branch_datetime_operator_2
[2025-09-17T11:43:25.982+0000] {logging_mixin.py:190} INFO - [2025-09-17T11:43:25.982+0000] {override.py:1900} INFO - Created Permission View: can read on DAG Run:example_branch_datetime_operator_2
[2025-09-17T11:43:26.006+0000] {logging_mixin.py:190} INFO - [2025-09-17T11:43:26.003+0000] {override.py:1900} INFO - Created Permission View: can create on DAG Run:example_branch_datetime_operator_2
[2025-09-17T11:43:26.008+0000] {logging_mixin.py:190} INFO - [2025-09-17T11:43:26.007+0000] {dag.py:3239} INFO - Sync 3 DAGs
[2025-09-17T11:43:26.060+0000] {logging_mixin.py:190} INFO - [2025-09-17T11:43:26.060+0000] {dag.py:3262} INFO - Creating ORM DAG for example_branch_datetime_operator_3
[2025-09-17T11:43:26.063+0000] {logging_mixin.py:190} INFO - [2025-09-17T11:43:26.062+0000] {dag.py:3262} INFO - Creating ORM DAG for example_branch_datetime_operator
[2025-09-17T11:43:26.065+0000] {logging_mixin.py:190} INFO - [2025-09-17T11:43:26.064+0000] {dag.py:3262} INFO - Creating ORM DAG for example_branch_datetime_operator_2
[2025-09-17T11:43:26.096+0000] {logging_mixin.py:190} INFO - [2025-09-17T11:43:26.096+0000] {dag.py:4180} INFO - Setting next_dagrun for example_branch_datetime_operator to 2025-09-16 00:00:00+00:00, run_after=2025-09-17 00:00:00+00:00
[2025-09-17T11:43:26.100+0000] {logging_mixin.py:190} INFO - [2025-09-17T11:43:26.100+0000] {dag.py:4180} INFO - Setting next_dagrun for example_branch_datetime_operator_2 to 2025-09-16 00:00:00+00:00, run_after=2025-09-17 00:00:00+00:00
[2025-09-17T11:43:26.106+0000] {logging_mixin.py:190} INFO - [2025-09-17T11:43:26.105+0000] {dag.py:4180} INFO - Setting next_dagrun for example_branch_datetime_operator_3 to 2025-09-16 00:00:00+00:00, run_after=2025-09-17 00:00:00+00:00
[2025-09-17T11:43:26.141+0000] {processor.py:208} INFO - Processing /home/airflow/.local/lib/python3.12/site-packages/airflow/example_dags/example_branch_datetime_operator.py took 0.928 seconds
[2025-09-17T11:44:01.262+0000] {processor.py:186} INFO - Started process (PID=65) to work on /home/airflow/.local/lib/python3.12/site-packages/airflow/example_dags/example_branch_datetime_operator.py
[2025-09-17T11:44:01.265+0000] {processor.py:914} INFO - Processing file /home/airflow/.local/lib/python3.12/site-packages/airflow/example_dags/example_branch_datetime_operator.py for tasks to queue
[2025-09-17T11:44:01.272+0000] {logging_mixin.py:190} INFO - [2025-09-17T11:44:01.271+0000] {dagbag.py:588} INFO - Filling up the DagBag from /home/airflow/.local/lib/python3.12/site-packages/airflow/example_dags/example_branch_datetime_operator.py
[2025-09-17T11:44:01.309+0000] {processor.py:925} INFO - DAG(s) 'example_branch_datetime_operator_2', 'example_branch_datetime_operator_3', 'example_branch_datetime_operator' retrieved from /home/airflow/.local/lib/python3.12/site-packages/airflow/example_dags/example_branch_datetime_operator.py
[2025-09-17T11:44:01.372+0000] {logging_mixin.py:190} INFO - [2025-09-17T11:44:01.372+0000] {dag.py:3239} INFO - Sync 3 DAGs
[2025-09-17T11:44:01.425+0000] {logging_mixin.py:190} INFO - [2025-09-17T11:44:01.425+0000] {dag.py:4180} INFO - Setting next_dagrun for example_branch_datetime_operator to 2025-09-16 00:00:00+00:00, run_after=2025-09-17 00:00:00+00:00
[2025-09-17T11:44:01.436+0000] {logging_mixin.py:190} INFO - [2025-09-17T11:44:01.435+0000] {dag.py:4180} INFO - Setting next_dagrun for example_branch_datetime_operator_2 to 2025-09-16 00:00:00+00:00, run_after=2025-09-17 00:00:00+00:00
[2025-09-17T11:44:01.445+0000] {logging_mixin.py:190} INFO - [2025-09-17T11:44:01.444+0000] {dag.py:4180} INFO - Setting next_dagrun for example_branch_datetime_operator_3 to 2025-09-16 00:00:00+00:00, run_after=2025-09-17 00:00:00+00:00
[2025-09-17T11:44:01.482+0000] {processor.py:208} INFO - Processing /home/airflow/.local/lib/python3.12/site-packages/airflow/example_dags/example_branch_datetime_operator.py took 0.234 seconds
[2025-09-17T11:44:32.145+0000] {processor.py:186} INFO - Started process (PID=128) to work on /home/airflow/.local/lib/python3.12/site-packages/airflow/example_dags/example_branch_datetime_operator.py
[2025-09-17T11:44:32.146+0000] {processor.py:914} INFO - Processing file /home/airflow/.local/lib/python3.12/site-packages/airflow/example_dags/example_branch_datetime_operator.py for tasks to queue
[2025-09-17T11:44:32.149+0000] {logging_mixin.py:190} INFO - [2025-09-17T11:44:32.149+0000] {dagbag.py:588} INFO - Filling up the DagBag from /home/airflow/.local/lib/python3.12/site-packages/airflow/example_dags/example_branch_datetime_operator.py
[2025-09-17T11:44:32.163+0000] {processor.py:925} INFO - DAG(s) 'example_branch_datetime_operator', 'example_branch_datetime_operator_2', 'example_branch_datetime_operator_3' retrieved from /home/airflow/.local/lib/python3.12/site-packages/airflow/example_dags/example_branch_datetime_operator.py
[2025-09-17T11:44:32.195+0000] {logging_mixin.py:190} INFO - [2025-09-17T11:44:32.195+0000] {dag.py:3239} INFO - Sync 3 DAGs
[2025-09-17T11:44:32.224+0000] {logging_mixin.py:190} INFO - [2025-09-17T11:44:32.224+0000] {dag.py:4180} INFO - Setting next_dagrun for example_branch_datetime_operator to 2025-09-16 00:00:00+00:00, run_after=2025-09-17 00:00:00+00:00
[2025-09-17T11:44:32.230+0000] {logging_mixin.py:190} INFO - [2025-09-17T11:44:32.229+0000] {dag.py:4180} INFO - Setting next_dagrun for example_branch_datetime_operator_2 to 2025-09-16 00:00:00+00:00, run_after=2025-09-17 00:00:00+00:00
[2025-09-17T11:44:32.233+0000] {logging_mixin.py:190} INFO - [2025-09-17T11:44:32.232+0000] {dag.py:4180} INFO - Setting next_dagrun for example_branch_datetime_operator_3 to 2025-09-16 00:00:00+00:00, run_after=2025-09-17 00:00:00+00:00
[2025-09-17T11:44:32.259+0000] {processor.py:208} INFO - Processing /home/airflow/.local/lib/python3.12/site-packages/airflow/example_dags/example_branch_datetime_operator.py took 0.121 seconds
[2025-09-17T11:45:03.028+0000] {processor.py:186} INFO - Started process (PID=190) to work on /home/airflow/.local/lib/python3.12/site-packages/airflow/example_dags/example_branch_datetime_operator.py
[2025-09-17T11:45:03.029+0000] {processor.py:914} INFO - Processing file /home/airflow/.local/lib/python3.12/site-packages/airflow/example_dags/example_branch_datetime_operator.py for tasks to queue
[2025-09-17T11:45:03.032+0000] {logging_mixin.py:190} INFO - [2025-09-17T11:45:03.032+0000] {dagbag.py:588} INFO - Filling up the DagBag from /home/airflow/.local/lib/python3.12/site-packages/airflow/example_dags/example_branch_datetime_operator.py
[2025-09-17T11:45:03.047+0000] {processor.py:925} INFO - DAG(s) 'example_branch_datetime_operator_3', 'example_branch_datetime_operator', 'example_branch_datetime_operator_2' retrieved from /home/airflow/.local/lib/python3.12/site-packages/airflow/example_dags/example_branch_datetime_operator.py
[2025-09-17T11:45:03.083+0000] {logging_mixin.py:190} INFO - [2025-09-17T11:45:03.082+0000] {dag.py:3239} INFO - Sync 3 DAGs
[2025-09-17T11:45:03.113+0000] {logging_mixin.py:190} INFO - [2025-09-17T11:45:03.113+0000] {dag.py:4180} INFO - Setting next_dagrun for example_branch_datetime_operator to 2025-09-16 00:00:00+00:00, run_after=2025-09-17 00:00:00+00:00
[2025-09-17T11:45:03.119+0000] {logging_mixin.py:190} INFO - [2025-09-17T11:45:03.119+0000] {dag.py:4180} INFO - Setting next_dagrun for example_branch_datetime_operator_2 to 2025-09-16 00:00:00+00:00, run_after=2025-09-17 00:00:00+00:00
[2025-09-17T11:45:03.123+0000] {logging_mixin.py:190} INFO - [2025-09-17T11:45:03.123+0000] {dag.py:4180} INFO - Setting next_dagrun for example_branch_datetime_operator_3 to 2025-09-16 00:00:00+00:00, run_after=2025-09-17 00:00:00+00:00
[2025-09-17T11:45:03.146+0000] {processor.py:208} INFO - Processing /home/airflow/.local/lib/python3.12/site-packages/airflow/example_dags/example_branch_datetime_operator.py took 0.126 seconds
[2025-09-17T11:45:33.997+0000] {processor.py:186} INFO - Started process (PID=258) to work on /home/airflow/.local/lib/python3.12/site-packages/airflow/example_dags/example_branch_datetime_operator.py
[2025-09-17T11:45:33.998+0000] {processor.py:914} INFO - Processing file /home/airflow/.local/lib/python3.12/site-packages/airflow/example_dags/example_branch_datetime_operator.py for tasks to queue
[2025-09-17T11:45:34.001+0000] {logging_mixin.py:190} INFO - [2025-09-17T11:45:34.000+0000] {dagbag.py:588} INFO - Filling up the DagBag from /home/airflow/.local/lib/python3.12/site-packages/airflow/example_dags/example_branch_datetime_operator.py
[2025-09-17T11:45:34.017+0000] {processor.py:925} INFO - DAG(s) 'example_branch_datetime_operator_2', 'example_branch_datetime_operator', 'example_branch_datetime_operator_3' retrieved from /home/airflow/.local/lib/python3.12/site-packages/airflow/example_dags/example_branch_datetime_operator.py
[2025-09-17T11:45:34.049+0000] {logging_mixin.py:190} INFO - [2025-09-17T11:45:34.049+0000] {dag.py:3239} INFO - Sync 3 DAGs
[2025-09-17T11:45:34.076+0000] {logging_mixin.py:190} INFO - [2025-09-17T11:45:34.076+0000] {dag.py:4180} INFO - Setting next_dagrun for example_branch_datetime_operator to 2025-09-16 00:00:00+00:00, run_after=2025-09-17 00:00:00+00:00
[2025-09-17T11:45:34.082+0000] {logging_mixin.py:190} INFO - [2025-09-17T11:45:34.082+0000] {dag.py:4180} INFO - Setting next_dagrun for example_branch_datetime_operator_2 to 2025-09-16 00:00:00+00:00, run_after=2025-09-17 00:00:00+00:00
[2025-09-17T11:45:34.085+0000] {logging_mixin.py:190} INFO - [2025-09-17T11:45:34.085+0000] {dag.py:4180} INFO - Setting next_dagrun for example_branch_datetime_operator_3 to 2025-09-16 00:00:00+00:00, run_after=2025-09-17 00:00:00+00:00
[2025-09-17T11:45:34.107+0000] {processor.py:208} INFO - Processing /home/airflow/.local/lib/python3.12/site-packages/airflow/example_dags/example_branch_datetime_operator.py took 0.118 seconds
[2025-09-17T11:46:04.998+0000] {processor.py:186} INFO - Started process (PID=321) to work on /home/airflow/.local/lib/python3.12/site-packages/airflow/example_dags/example_branch_datetime_operator.py
[2025-09-17T11:46:04.999+0000] {processor.py:914} INFO - Processing file /home/airflow/.local/lib/python3.12/site-packages/airflow/example_dags/example_branch_datetime_operator.py for tasks to queue
[2025-09-17T11:46:05.001+0000] {logging_mixin.py:190} INFO - [2025-09-17T11:46:05.001+0000] {dagbag.py:588} INFO - Filling up the DagBag from /home/airflow/.local/lib/python3.12/site-packages/airflow/example_dags/example_branch_datetime_operator.py
[2025-09-17T11:46:05.021+0000] {processor.py:925} INFO - DAG(s) 'example_branch_datetime_operator_3', 'example_branch_datetime_operator', 'example_branch_datetime_operator_2' retrieved from /home/airflow/.local/lib/python3.12/site-packages/airflow/example_dags/example_branch_datetime_operator.py
[2025-09-17T11:46:05.052+0000] {logging_mixin.py:190} INFO - [2025-09-17T11:46:05.052+0000] {dag.py:3239} INFO - Sync 3 DAGs
[2025-09-17T11:46:05.081+0000] {logging_mixin.py:190} INFO - [2025-09-17T11:46:05.080+0000] {dag.py:4180} INFO - Setting next_dagrun for example_branch_datetime_operator to 2025-09-16 00:00:00+00:00, run_after=2025-09-17 00:00:00+00:00
[2025-09-17T11:46:05.087+0000] {logging_mixin.py:190} INFO - [2025-09-17T11:46:05.086+0000] {dag.py:4180} INFO - Setting next_dagrun for example_branch_datetime_operator_2 to 2025-09-16 00:00:00+00:00, run_after=2025-09-17 00:00:00+00:00
[2025-09-17T11:46:05.092+0000] {logging_mixin.py:190} INFO - [2025-09-17T11:46:05.091+0000] {dag.py:4180} INFO - Setting next_dagrun for example_branch_datetime_operator_3 to 2025-09-16 00:00:00+00:00, run_after=2025-09-17 00:00:00+00:00
[2025-09-17T11:46:05.118+0000] {processor.py:208} INFO - Processing /home/airflow/.local/lib/python3.12/site-packages/airflow/example_dags/example_branch_datetime_operator.py took 0.127 seconds
[2025-09-17T11:46:35.472+0000] {processor.py:186} INFO - Started process (PID=383) to work on /home/airflow/.local/lib/python3.12/site-packages/airflow/example_dags/example_branch_datetime_operator.py
[2025-09-17T11:46:35.473+0000] {processor.py:914} INFO - Processing file /home/airflow/.local/lib/python3.12/site-packages/airflow/example_dags/example_branch_datetime_operator.py for tasks to queue
[2025-09-17T11:46:35.478+0000] {logging_mixin.py:190} INFO - [2025-09-17T11:46:35.477+0000] {dagbag.py:588} INFO - Filling up the DagBag from /home/airflow/.local/lib/python3.12/site-packages/airflow/example_dags/example_branch_datetime_operator.py
[2025-09-17T11:46:35.493+0000] {processor.py:925} INFO - DAG(s) 'example_branch_datetime_operator', 'example_branch_datetime_operator_3', 'example_branch_datetime_operator_2' retrieved from /home/airflow/.local/lib/python3.12/site-packages/airflow/example_dags/example_branch_datetime_operator.py
[2025-09-17T11:46:35.528+0000] {logging_mixin.py:190} INFO - [2025-09-17T11:46:35.528+0000] {dag.py:3239} INFO - Sync 3 DAGs
[2025-09-17T11:46:35.563+0000] {logging_mixin.py:190} INFO - [2025-09-17T11:46:35.563+0000] {dag.py:4180} INFO - Setting next_dagrun for example_branch_datetime_operator to 2025-09-16 00:00:00+00:00, run_after=2025-09-17 00:00:00+00:00
[2025-09-17T11:46:35.569+0000] {logging_mixin.py:190} INFO - [2025-09-17T11:46:35.569+0000] {dag.py:4180} INFO - Setting next_dagrun for example_branch_datetime_operator_2 to 2025-09-16 00:00:00+00:00, run_after=2025-09-17 00:00:00+00:00
[2025-09-17T11:46:35.573+0000] {logging_mixin.py:190} INFO - [2025-09-17T11:46:35.572+0000] {dag.py:4180} INFO - Setting next_dagrun for example_branch_datetime_operator_3 to 2025-09-16 00:00:00+00:00, run_after=2025-09-17 00:00:00+00:00
[2025-09-17T11:46:35.605+0000] {processor.py:208} INFO - Processing /home/airflow/.local/lib/python3.12/site-packages/airflow/example_dags/example_branch_datetime_operator.py took 0.142 seconds
[2025-09-17T11:47:06.438+0000] {processor.py:186} INFO - Started process (PID=445) to work on /home/airflow/.local/lib/python3.12/site-packages/airflow/example_dags/example_branch_datetime_operator.py
[2025-09-17T11:47:06.440+0000] {processor.py:914} INFO - Processing file /home/airflow/.local/lib/python3.12/site-packages/airflow/example_dags/example_branch_datetime_operator.py for tasks to queue
[2025-09-17T11:47:06.443+0000] {logging_mixin.py:190} INFO - [2025-09-17T11:47:06.443+0000] {dagbag.py:588} INFO - Filling up the DagBag from /home/airflow/.local/lib/python3.12/site-packages/airflow/example_dags/example_branch_datetime_operator.py
[2025-09-17T11:47:06.461+0000] {processor.py:925} INFO - DAG(s) 'example_branch_datetime_operator_3', 'example_branch_datetime_operator_2', 'example_branch_datetime_operator' retrieved from /home/airflow/.local/lib/python3.12/site-packages/airflow/example_dags/example_branch_datetime_operator.py
[2025-09-17T11:47:06.497+0000] {logging_mixin.py:190} INFO - [2025-09-17T11:47:06.496+0000] {dag.py:3239} INFO - Sync 3 DAGs
[2025-09-17T11:47:06.526+0000] {logging_mixin.py:190} INFO - [2025-09-17T11:47:06.526+0000] {dag.py:4180} INFO - Setting next_dagrun for example_branch_datetime_operator to 2025-09-16 00:00:00+00:00, run_after=2025-09-17 00:00:00+00:00
[2025-09-17T11:47:06.533+0000] {logging_mixin.py:190} INFO - [2025-09-17T11:47:06.533+0000] {dag.py:4180} INFO - Setting next_dagrun for example_branch_datetime_operator_2 to 2025-09-16 00:00:00+00:00, run_after=2025-09-17 00:00:00+00:00
[2025-09-17T11:47:06.537+0000] {logging_mixin.py:190} INFO - [2025-09-17T11:47:06.537+0000] {dag.py:4180} INFO - Setting next_dagrun for example_branch_datetime_operator_3 to 2025-09-16 00:00:00+00:00, run_after=2025-09-17 00:00:00+00:00
[2025-09-17T11:47:06.561+0000] {processor.py:208} INFO - Processing /home/airflow/.local/lib/python3.12/site-packages/airflow/example_dags/example_branch_datetime_operator.py took 0.134 seconds
[2025-09-17T11:47:36.969+0000] {processor.py:186} INFO - Started process (PID=508) to work on /home/airflow/.local/lib/python3.12/site-packages/airflow/example_dags/example_branch_datetime_operator.py
[2025-09-17T11:47:36.971+0000] {processor.py:914} INFO - Processing file /home/airflow/.local/lib/python3.12/site-packages/airflow/example_dags/example_branch_datetime_operator.py for tasks to queue
[2025-09-17T11:47:36.974+0000] {logging_mixin.py:190} INFO - [2025-09-17T11:47:36.973+0000] {dagbag.py:588} INFO - Filling up the DagBag from /home/airflow/.local/lib/python3.12/site-packages/airflow/example_dags/example_branch_datetime_operator.py
[2025-09-17T11:47:36.996+0000] {processor.py:925} INFO - DAG(s) 'example_branch_datetime_operator', 'example_branch_datetime_operator_3', 'example_branch_datetime_operator_2' retrieved from /home/airflow/.local/lib/python3.12/site-packages/airflow/example_dags/example_branch_datetime_operator.py
[2025-09-17T11:47:37.035+0000] {logging_mixin.py:190} INFO - [2025-09-17T11:47:37.035+0000] {dag.py:3239} INFO - Sync 3 DAGs
[2025-09-17T11:47:37.077+0000] {logging_mixin.py:190} INFO - [2025-09-17T11:47:37.076+0000] {dag.py:4180} INFO - Setting next_dagrun for example_branch_datetime_operator to 2025-09-16 00:00:00+00:00, run_after=2025-09-17 00:00:00+00:00
[2025-09-17T11:47:37.082+0000] {logging_mixin.py:190} INFO - [2025-09-17T11:47:37.082+0000] {dag.py:4180} INFO - Setting next_dagrun for example_branch_datetime_operator_2 to 2025-09-16 00:00:00+00:00, run_after=2025-09-17 00:00:00+00:00
[2025-09-17T11:47:37.087+0000] {logging_mixin.py:190} INFO - [2025-09-17T11:47:37.086+0000] {dag.py:4180} INFO - Setting next_dagrun for example_branch_datetime_operator_3 to 2025-09-16 00:00:00+00:00, run_after=2025-09-17 00:00:00+00:00
[2025-09-17T11:47:37.108+0000] {processor.py:208} INFO - Processing /home/airflow/.local/lib/python3.12/site-packages/airflow/example_dags/example_branch_datetime_operator.py took 0.148 seconds
[2025-09-17T11:48:07.701+0000] {processor.py:186} INFO - Started process (PID=570) to work on /home/airflow/.local/lib/python3.12/site-packages/airflow/example_dags/example_branch_datetime_operator.py
[2025-09-17T11:48:07.702+0000] {processor.py:914} INFO - Processing file /home/airflow/.local/lib/python3.12/site-packages/airflow/example_dags/example_branch_datetime_operator.py for tasks to queue
[2025-09-17T11:48:07.705+0000] {logging_mixin.py:190} INFO - [2025-09-17T11:48:07.705+0000] {dagbag.py:588} INFO - Filling up the DagBag from /home/airflow/.local/lib/python3.12/site-packages/airflow/example_dags/example_branch_datetime_operator.py
[2025-09-17T11:48:07.719+0000] {processor.py:925} INFO - DAG(s) 'example_branch_datetime_operator', 'example_branch_datetime_operator_2', 'example_branch_datetime_operator_3' retrieved from /home/airflow/.local/lib/python3.12/site-packages/airflow/example_dags/example_branch_datetime_operator.py
[2025-09-17T11:48:07.757+0000] {logging_mixin.py:190} INFO - [2025-09-17T11:48:07.757+0000] {dag.py:3239} INFO - Sync 3 DAGs
[2025-09-17T11:48:07.789+0000] {logging_mixin.py:190} INFO - [2025-09-17T11:48:07.788+0000] {dag.py:4180} INFO - Setting next_dagrun for example_branch_datetime_operator to 2025-09-16 00:00:00+00:00, run_after=2025-09-17 00:00:00+00:00
[2025-09-17T11:48:07.797+0000] {logging_mixin.py:190} INFO - [2025-09-17T11:48:07.796+0000] {dag.py:4180} INFO - Setting next_dagrun for example_branch_datetime_operator_2 to 2025-09-16 00:00:00+00:00, run_after=2025-09-17 00:00:00+00:00
[2025-09-17T11:48:07.801+0000] {logging_mixin.py:190} INFO - [2025-09-17T11:48:07.800+0000] {dag.py:4180} INFO - Setting next_dagrun for example_branch_datetime_operator_3 to 2025-09-16 00:00:00+00:00, run_after=2025-09-17 00:00:00+00:00
[2025-09-17T11:48:07.823+0000] {processor.py:208} INFO - Processing /home/airflow/.local/lib/python3.12/site-packages/airflow/example_dags/example_branch_datetime_operator.py took 0.130 seconds
[2025-09-17T11:48:38.163+0000] {processor.py:186} INFO - Started process (PID=632) to work on /home/airflow/.local/lib/python3.12/site-packages/airflow/example_dags/example_branch_datetime_operator.py
[2025-09-17T11:48:38.164+0000] {processor.py:914} INFO - Processing file /home/airflow/.local/lib/python3.12/site-packages/airflow/example_dags/example_branch_datetime_operator.py for tasks to queue
[2025-09-17T11:48:38.168+0000] {logging_mixin.py:190} INFO - [2025-09-17T11:48:38.168+0000] {dagbag.py:588} INFO - Filling up the DagBag from /home/airflow/.local/lib/python3.12/site-packages/airflow/example_dags/example_branch_datetime_operator.py
[2025-09-17T11:48:38.186+0000] {processor.py:925} INFO - DAG(s) 'example_branch_datetime_operator_2', 'example_branch_datetime_operator', 'example_branch_datetime_operator_3' retrieved from /home/airflow/.local/lib/python3.12/site-packages/airflow/example_dags/example_branch_datetime_operator.py
[2025-09-17T11:48:38.231+0000] {logging_mixin.py:190} INFO - [2025-09-17T11:48:38.231+0000] {dag.py:3239} INFO - Sync 3 DAGs
[2025-09-17T11:48:38.266+0000] {logging_mixin.py:190} INFO - [2025-09-17T11:48:38.266+0000] {dag.py:4180} INFO - Setting next_dagrun for example_branch_datetime_operator to 2025-09-16 00:00:00+00:00, run_after=2025-09-17 00:00:00+00:00
[2025-09-17T11:48:38.273+0000] {logging_mixin.py:190} INFO - [2025-09-17T11:48:38.272+0000] {dag.py:4180} INFO - Setting next_dagrun for example_branch_datetime_operator_2 to 2025-09-16 00:00:00+00:00, run_after=2025-09-17 00:00:00+00:00
[2025-09-17T11:48:38.277+0000] {logging_mixin.py:190} INFO - [2025-09-17T11:48:38.276+0000] {dag.py:4180} INFO - Setting next_dagrun for example_branch_datetime_operator_3 to 2025-09-16 00:00:00+00:00, run_after=2025-09-17 00:00:00+00:00
[2025-09-17T11:48:38.305+0000] {processor.py:208} INFO - Processing /home/airflow/.local/lib/python3.12/site-packages/airflow/example_dags/example_branch_datetime_operator.py took 0.150 seconds
[2025-09-17T11:49:09.125+0000] {processor.py:186} INFO - Started process (PID=695) to work on /home/airflow/.local/lib/python3.12/site-packages/airflow/example_dags/example_branch_datetime_operator.py
[2025-09-17T11:49:09.127+0000] {processor.py:914} INFO - Processing file /home/airflow/.local/lib/python3.12/site-packages/airflow/example_dags/example_branch_datetime_operator.py for tasks to queue
[2025-09-17T11:49:09.130+0000] {logging_mixin.py:190} INFO - [2025-09-17T11:49:09.130+0000] {dagbag.py:588} INFO - Filling up the DagBag from /home/airflow/.local/lib/python3.12/site-packages/airflow/example_dags/example_branch_datetime_operator.py
[2025-09-17T11:49:09.147+0000] {processor.py:925} INFO - DAG(s) 'example_branch_datetime_operator_3', 'example_branch_datetime_operator', 'example_branch_datetime_operator_2' retrieved from /home/airflow/.local/lib/python3.12/site-packages/airflow/example_dags/example_branch_datetime_operator.py
[2025-09-17T11:49:09.184+0000] {logging_mixin.py:190} INFO - [2025-09-17T11:49:09.183+0000] {dag.py:3239} INFO - Sync 3 DAGs
[2025-09-17T11:49:09.214+0000] {logging_mixin.py:190} INFO - [2025-09-17T11:49:09.214+0000] {dag.py:4180} INFO - Setting next_dagrun for example_branch_datetime_operator to 2025-09-16 00:00:00+00:00, run_after=2025-09-17 00:00:00+00:00
[2025-09-17T11:49:09.221+0000] {logging_mixin.py:190} INFO - [2025-09-17T11:49:09.221+0000] {dag.py:4180} INFO - Setting next_dagrun for example_branch_datetime_operator_2 to 2025-09-16 00:00:00+00:00, run_after=2025-09-17 00:00:00+00:00
[2025-09-17T11:49:09.225+0000] {logging_mixin.py:190} INFO - [2025-09-17T11:49:09.224+0000] {dag.py:4180} INFO - Setting next_dagrun for example_branch_datetime_operator_3 to 2025-09-16 00:00:00+00:00, run_after=2025-09-17 00:00:00+00:00
[2025-09-17T11:49:09.247+0000] {processor.py:208} INFO - Processing /home/airflow/.local/lib/python3.12/site-packages/airflow/example_dags/example_branch_datetime_operator.py took 0.131 seconds
[2025-09-17T11:49:39.786+0000] {processor.py:186} INFO - Started process (PID=757) to work on /home/airflow/.local/lib/python3.12/site-packages/airflow/example_dags/example_branch_datetime_operator.py
[2025-09-17T11:49:39.788+0000] {processor.py:914} INFO - Processing file /home/airflow/.local/lib/python3.12/site-packages/airflow/example_dags/example_branch_datetime_operator.py for tasks to queue
[2025-09-17T11:49:39.793+0000] {logging_mixin.py:190} INFO - [2025-09-17T11:49:39.793+0000] {dagbag.py:588} INFO - Filling up the DagBag from /home/airflow/.local/lib/python3.12/site-packages/airflow/example_dags/example_branch_datetime_operator.py
[2025-09-17T11:49:39.818+0000] {processor.py:925} INFO - DAG(s) 'example_branch_datetime_operator_2', 'example_branch_datetime_operator_3', 'example_branch_datetime_operator' retrieved from /home/airflow/.local/lib/python3.12/site-packages/airflow/example_dags/example_branch_datetime_operator.py
[2025-09-17T11:49:39.894+0000] {logging_mixin.py:190} INFO - [2025-09-17T11:49:39.894+0000] {dag.py:3239} INFO - Sync 3 DAGs
[2025-09-17T11:49:39.947+0000] {logging_mixin.py:190} INFO - [2025-09-17T11:49:39.946+0000] {dag.py:4180} INFO - Setting next_dagrun for example_branch_datetime_operator to 2025-09-16 00:00:00+00:00, run_after=2025-09-17 00:00:00+00:00
[2025-09-17T11:49:39.962+0000] {logging_mixin.py:190} INFO - [2025-09-17T11:49:39.961+0000] {dag.py:4180} INFO - Setting next_dagrun for example_branch_datetime_operator_2 to 2025-09-16 00:00:00+00:00, run_after=2025-09-17 00:00:00+00:00
[2025-09-17T11:49:39.972+0000] {logging_mixin.py:190} INFO - [2025-09-17T11:49:39.971+0000] {dag.py:4180} INFO - Setting next_dagrun for example_branch_datetime_operator_3 to 2025-09-16 00:00:00+00:00, run_after=2025-09-17 00:00:00+00:00
[2025-09-17T11:49:40.020+0000] {processor.py:208} INFO - Processing /home/airflow/.local/lib/python3.12/site-packages/airflow/example_dags/example_branch_datetime_operator.py took 0.245 seconds
[2025-09-17T11:50:10.870+0000] {processor.py:186} INFO - Started process (PID=819) to work on /home/airflow/.local/lib/python3.12/site-packages/airflow/example_dags/example_branch_datetime_operator.py
[2025-09-17T11:50:10.872+0000] {processor.py:914} INFO - Processing file /home/airflow/.local/lib/python3.12/site-packages/airflow/example_dags/example_branch_datetime_operator.py for tasks to queue
[2025-09-17T11:50:10.878+0000] {logging_mixin.py:190} INFO - [2025-09-17T11:50:10.878+0000] {dagbag.py:588} INFO - Filling up the DagBag from /home/airflow/.local/lib/python3.12/site-packages/airflow/example_dags/example_branch_datetime_operator.py
[2025-09-17T11:50:10.904+0000] {processor.py:925} INFO - DAG(s) 'example_branch_datetime_operator_2', 'example_branch_datetime_operator', 'example_branch_datetime_operator_3' retrieved from /home/airflow/.local/lib/python3.12/site-packages/airflow/example_dags/example_branch_datetime_operator.py
[2025-09-17T11:50:10.954+0000] {logging_mixin.py:190} INFO - [2025-09-17T11:50:10.954+0000] {dag.py:3239} INFO - Sync 3 DAGs
[2025-09-17T11:50:11.001+0000] {logging_mixin.py:190} INFO - [2025-09-17T11:50:11.000+0000] {dag.py:4180} INFO - Setting next_dagrun for example_branch_datetime_operator to 2025-09-16 00:00:00+00:00, run_after=2025-09-17 00:00:00+00:00
[2025-09-17T11:50:11.015+0000] {logging_mixin.py:190} INFO - [2025-09-17T11:50:11.013+0000] {dag.py:4180} INFO - Setting next_dagrun for example_branch_datetime_operator_2 to 2025-09-16 00:00:00+00:00, run_after=2025-09-17 00:00:00+00:00
[2025-09-17T11:50:11.026+0000] {logging_mixin.py:190} INFO - [2025-09-17T11:50:11.024+0000] {dag.py:4180} INFO - Setting next_dagrun for example_branch_datetime_operator_3 to 2025-09-16 00:00:00+00:00, run_after=2025-09-17 00:00:00+00:00
[2025-09-17T11:50:11.082+0000] {processor.py:208} INFO - Processing /home/airflow/.local/lib/python3.12/site-packages/airflow/example_dags/example_branch_datetime_operator.py took 0.225 seconds
[2025-09-17T11:50:41.777+0000] {processor.py:186} INFO - Started process (PID=881) to work on /home/airflow/.local/lib/python3.12/site-packages/airflow/example_dags/example_branch_datetime_operator.py
[2025-09-17T11:50:41.779+0000] {processor.py:914} INFO - Processing file /home/airflow/.local/lib/python3.12/site-packages/airflow/example_dags/example_branch_datetime_operator.py for tasks to queue
[2025-09-17T11:50:41.783+0000] {logging_mixin.py:190} INFO - [2025-09-17T11:50:41.782+0000] {dagbag.py:588} INFO - Filling up the DagBag from /home/airflow/.local/lib/python3.12/site-packages/airflow/example_dags/example_branch_datetime_operator.py
[2025-09-17T11:50:41.801+0000] {processor.py:925} INFO - DAG(s) 'example_branch_datetime_operator_3', 'example_branch_datetime_operator', 'example_branch_datetime_operator_2' retrieved from /home/airflow/.local/lib/python3.12/site-packages/airflow/example_dags/example_branch_datetime_operator.py
[2025-09-17T11:50:41.842+0000] {logging_mixin.py:190} INFO - [2025-09-17T11:50:41.841+0000] {dag.py:3239} INFO - Sync 3 DAGs
[2025-09-17T11:50:41.881+0000] {logging_mixin.py:190} INFO - [2025-09-17T11:50:41.880+0000] {dag.py:4180} INFO - Setting next_dagrun for example_branch_datetime_operator to 2025-09-16 00:00:00+00:00, run_after=2025-09-17 00:00:00+00:00
[2025-09-17T11:50:41.888+0000] {logging_mixin.py:190} INFO - [2025-09-17T11:50:41.888+0000] {dag.py:4180} INFO - Setting next_dagrun for example_branch_datetime_operator_2 to 2025-09-16 00:00:00+00:00, run_after=2025-09-17 00:00:00+00:00
[2025-09-17T11:50:41.892+0000] {logging_mixin.py:190} INFO - [2025-09-17T11:50:41.892+0000] {dag.py:4180} INFO - Setting next_dagrun for example_branch_datetime_operator_3 to 2025-09-16 00:00:00+00:00, run_after=2025-09-17 00:00:00+00:00
[2025-09-17T11:50:41.925+0000] {processor.py:208} INFO - Processing /home/airflow/.local/lib/python3.12/site-packages/airflow/example_dags/example_branch_datetime_operator.py took 0.157 seconds
[2025-09-17T11:51:12.723+0000] {processor.py:186} INFO - Started process (PID=943) to work on /home/airflow/.local/lib/python3.12/site-packages/airflow/example_dags/example_branch_datetime_operator.py
[2025-09-17T11:51:12.725+0000] {processor.py:914} INFO - Processing file /home/airflow/.local/lib/python3.12/site-packages/airflow/example_dags/example_branch_datetime_operator.py for tasks to queue
[2025-09-17T11:51:12.730+0000] {logging_mixin.py:190} INFO - [2025-09-17T11:51:12.729+0000] {dagbag.py:588} INFO - Filling up the DagBag from /home/airflow/.local/lib/python3.12/site-packages/airflow/example_dags/example_branch_datetime_operator.py
[2025-09-17T11:51:12.758+0000] {processor.py:925} INFO - DAG(s) 'example_branch_datetime_operator_2', 'example_branch_datetime_operator_3', 'example_branch_datetime_operator' retrieved from /home/airflow/.local/lib/python3.12/site-packages/airflow/example_dags/example_branch_datetime_operator.py
[2025-09-17T11:51:12.807+0000] {logging_mixin.py:190} INFO - [2025-09-17T11:51:12.807+0000] {dag.py:3239} INFO - Sync 3 DAGs
[2025-09-17T11:51:12.848+0000] {logging_mixin.py:190} INFO - [2025-09-17T11:51:12.847+0000] {dag.py:4180} INFO - Setting next_dagrun for example_branch_datetime_operator to 2025-09-16 00:00:00+00:00, run_after=2025-09-17 00:00:00+00:00
[2025-09-17T11:51:12.855+0000] {logging_mixin.py:190} INFO - [2025-09-17T11:51:12.854+0000] {dag.py:4180} INFO - Setting next_dagrun for example_branch_datetime_operator_2 to 2025-09-16 00:00:00+00:00, run_after=2025-09-17 00:00:00+00:00
[2025-09-17T11:51:12.864+0000] {logging_mixin.py:190} INFO - [2025-09-17T11:51:12.863+0000] {dag.py:4180} INFO - Setting next_dagrun for example_branch_datetime_operator_3 to 2025-09-16 00:00:00+00:00, run_after=2025-09-17 00:00:00+00:00
[2025-09-17T11:51:12.892+0000] {processor.py:208} INFO - Processing /home/airflow/.local/lib/python3.12/site-packages/airflow/example_dags/example_branch_datetime_operator.py took 0.182 seconds
[2025-09-17T11:51:43.354+0000] {processor.py:186} INFO - Started process (PID=1005) to work on /home/airflow/.local/lib/python3.12/site-packages/airflow/example_dags/example_branch_datetime_operator.py
[2025-09-17T11:51:43.356+0000] {processor.py:914} INFO - Processing file /home/airflow/.local/lib/python3.12/site-packages/airflow/example_dags/example_branch_datetime_operator.py for tasks to queue
[2025-09-17T11:51:43.360+0000] {logging_mixin.py:190} INFO - [2025-09-17T11:51:43.359+0000] {dagbag.py:588} INFO - Filling up the DagBag from /home/airflow/.local/lib/python3.12/site-packages/airflow/example_dags/example_branch_datetime_operator.py
[2025-09-17T11:51:43.379+0000] {processor.py:925} INFO - DAG(s) 'example_branch_datetime_operator_2', 'example_branch_datetime_operator_3', 'example_branch_datetime_operator' retrieved from /home/airflow/.local/lib/python3.12/site-packages/airflow/example_dags/example_branch_datetime_operator.py
[2025-09-17T11:51:43.420+0000] {logging_mixin.py:190} INFO - [2025-09-17T11:51:43.419+0000] {dag.py:3239} INFO - Sync 3 DAGs
[2025-09-17T11:51:43.456+0000] {logging_mixin.py:190} INFO - [2025-09-17T11:51:43.456+0000] {dag.py:4180} INFO - Setting next_dagrun for example_branch_datetime_operator to 2025-09-16 00:00:00+00:00, run_after=2025-09-17 00:00:00+00:00
[2025-09-17T11:51:43.463+0000] {logging_mixin.py:190} INFO - [2025-09-17T11:51:43.463+0000] {dag.py:4180} INFO - Setting next_dagrun for example_branch_datetime_operator_2 to 2025-09-16 00:00:00+00:00, run_after=2025-09-17 00:00:00+00:00
[2025-09-17T11:51:43.467+0000] {logging_mixin.py:190} INFO - [2025-09-17T11:51:43.467+0000] {dag.py:4180} INFO - Setting next_dagrun for example_branch_datetime_operator_3 to 2025-09-16 00:00:00+00:00, run_after=2025-09-17 00:00:00+00:00
[2025-09-17T11:51:43.497+0000] {processor.py:208} INFO - Processing /home/airflow/.local/lib/python3.12/site-packages/airflow/example_dags/example_branch_datetime_operator.py took 0.151 seconds
[2025-09-17T11:52:13.928+0000] {processor.py:186} INFO - Started process (PID=1067) to work on /home/airflow/.local/lib/python3.12/site-packages/airflow/example_dags/example_branch_datetime_operator.py
[2025-09-17T11:52:13.929+0000] {processor.py:914} INFO - Processing file /home/airflow/.local/lib/python3.12/site-packages/airflow/example_dags/example_branch_datetime_operator.py for tasks to queue
[2025-09-17T11:52:13.932+0000] {logging_mixin.py:190} INFO - [2025-09-17T11:52:13.932+0000] {dagbag.py:588} INFO - Filling up the DagBag from /home/airflow/.local/lib/python3.12/site-packages/airflow/example_dags/example_branch_datetime_operator.py
[2025-09-17T11:52:13.948+0000] {processor.py:925} INFO - DAG(s) 'example_branch_datetime_operator', 'example_branch_datetime_operator_3', 'example_branch_datetime_operator_2' retrieved from /home/airflow/.local/lib/python3.12/site-packages/airflow/example_dags/example_branch_datetime_operator.py
[2025-09-17T11:52:13.984+0000] {logging_mixin.py:190} INFO - [2025-09-17T11:52:13.984+0000] {dag.py:3239} INFO - Sync 3 DAGs
[2025-09-17T11:52:14.015+0000] {logging_mixin.py:190} INFO - [2025-09-17T11:52:14.015+0000] {dag.py:4180} INFO - Setting next_dagrun for example_branch_datetime_operator to 2025-09-16 00:00:00+00:00, run_after=2025-09-17 00:00:00+00:00
[2025-09-17T11:52:14.021+0000] {logging_mixin.py:190} INFO - [2025-09-17T11:52:14.021+0000] {dag.py:4180} INFO - Setting next_dagrun for example_branch_datetime_operator_2 to 2025-09-16 00:00:00+00:00, run_after=2025-09-17 00:00:00+00:00
[2025-09-17T11:52:14.025+0000] {logging_mixin.py:190} INFO - [2025-09-17T11:52:14.025+0000] {dag.py:4180} INFO - Setting next_dagrun for example_branch_datetime_operator_3 to 2025-09-16 00:00:00+00:00, run_after=2025-09-17 00:00:00+00:00
[2025-09-17T11:52:14.049+0000] {processor.py:208} INFO - Processing /home/airflow/.local/lib/python3.12/site-packages/airflow/example_dags/example_branch_datetime_operator.py took 0.129 seconds
[2025-09-17T11:52:44.434+0000] {processor.py:186} INFO - Started process (PID=1129) to work on /home/airflow/.local/lib/python3.12/site-packages/airflow/example_dags/example_branch_datetime_operator.py
[2025-09-17T11:52:44.435+0000] {processor.py:914} INFO - Processing file /home/airflow/.local/lib/python3.12/site-packages/airflow/example_dags/example_branch_datetime_operator.py for tasks to queue
[2025-09-17T11:52:44.439+0000] {logging_mixin.py:190} INFO - [2025-09-17T11:52:44.438+0000] {dagbag.py:588} INFO - Filling up the DagBag from /home/airflow/.local/lib/python3.12/site-packages/airflow/example_dags/example_branch_datetime_operator.py
[2025-09-17T11:52:44.454+0000] {processor.py:925} INFO - DAG(s) 'example_branch_datetime_operator', 'example_branch_datetime_operator_3', 'example_branch_datetime_operator_2' retrieved from /home/airflow/.local/lib/python3.12/site-packages/airflow/example_dags/example_branch_datetime_operator.py
[2025-09-17T11:52:44.489+0000] {logging_mixin.py:190} INFO - [2025-09-17T11:52:44.489+0000] {dag.py:3239} INFO - Sync 3 DAGs
[2025-09-17T11:52:44.519+0000] {logging_mixin.py:190} INFO - [2025-09-17T11:52:44.518+0000] {dag.py:4180} INFO - Setting next_dagrun for example_branch_datetime_operator to 2025-09-16 00:00:00+00:00, run_after=2025-09-17 00:00:00+00:00
[2025-09-17T11:52:44.525+0000] {logging_mixin.py:190} INFO - [2025-09-17T11:52:44.525+0000] {dag.py:4180} INFO - Setting next_dagrun for example_branch_datetime_operator_2 to 2025-09-16 00:00:00+00:00, run_after=2025-09-17 00:00:00+00:00
[2025-09-17T11:52:44.529+0000] {logging_mixin.py:190} INFO - [2025-09-17T11:52:44.529+0000] {dag.py:4180} INFO - Setting next_dagrun for example_branch_datetime_operator_3 to 2025-09-16 00:00:00+00:00, run_after=2025-09-17 00:00:00+00:00
[2025-09-17T11:52:44.552+0000] {processor.py:208} INFO - Processing /home/airflow/.local/lib/python3.12/site-packages/airflow/example_dags/example_branch_datetime_operator.py took 0.126 seconds
[2025-09-17T11:53:15.011+0000] {processor.py:186} INFO - Started process (PID=1191) to work on /home/airflow/.local/lib/python3.12/site-packages/airflow/example_dags/example_branch_datetime_operator.py
[2025-09-17T11:53:15.013+0000] {processor.py:914} INFO - Processing file /home/airflow/.local/lib/python3.12/site-packages/airflow/example_dags/example_branch_datetime_operator.py for tasks to queue
[2025-09-17T11:53:15.016+0000] {logging_mixin.py:190} INFO - [2025-09-17T11:53:15.015+0000] {dagbag.py:588} INFO - Filling up the DagBag from /home/airflow/.local/lib/python3.12/site-packages/airflow/example_dags/example_branch_datetime_operator.py
[2025-09-17T11:53:15.042+0000] {processor.py:925} INFO - DAG(s) 'example_branch_datetime_operator_3', 'example_branch_datetime_operator_2', 'example_branch_datetime_operator' retrieved from /home/airflow/.local/lib/python3.12/site-packages/airflow/example_dags/example_branch_datetime_operator.py
[2025-09-17T11:53:15.094+0000] {logging_mixin.py:190} INFO - [2025-09-17T11:53:15.094+0000] {dag.py:3239} INFO - Sync 3 DAGs
[2025-09-17T11:53:15.135+0000] {logging_mixin.py:190} INFO - [2025-09-17T11:53:15.135+0000] {dag.py:4180} INFO - Setting next_dagrun for example_branch_datetime_operator to 2025-09-16 00:00:00+00:00, run_after=2025-09-17 00:00:00+00:00
[2025-09-17T11:53:15.145+0000] {logging_mixin.py:190} INFO - [2025-09-17T11:53:15.145+0000] {dag.py:4180} INFO - Setting next_dagrun for example_branch_datetime_operator_2 to 2025-09-16 00:00:00+00:00, run_after=2025-09-17 00:00:00+00:00
[2025-09-17T11:53:15.150+0000] {logging_mixin.py:190} INFO - [2025-09-17T11:53:15.149+0000] {dag.py:4180} INFO - Setting next_dagrun for example_branch_datetime_operator_3 to 2025-09-16 00:00:00+00:00, run_after=2025-09-17 00:00:00+00:00
[2025-09-17T11:53:15.187+0000] {processor.py:208} INFO - Processing /home/airflow/.local/lib/python3.12/site-packages/airflow/example_dags/example_branch_datetime_operator.py took 0.186 seconds
