[2025-09-17T11:43:27.191+0000] {processor.py:186} INFO - Started process (PID=171) to work on /home/airflow/.local/lib/python3.12/site-packages/airflow/example_dags/example_setup_teardown.py
[2025-09-17T11:43:27.193+0000] {processor.py:914} INFO - Processing file /home/airflow/.local/lib/python3.12/site-packages/airflow/example_dags/example_setup_teardown.py for tasks to queue
[2025-09-17T11:43:27.199+0000] {logging_mixin.py:190} INFO - [2025-09-17T11:43:27.198+0000] {dagbag.py:588} INFO - Filling up the DagBag from /home/airflow/.local/lib/python3.12/site-packages/airflow/example_dags/example_setup_teardown.py
[2025-09-17T11:43:27.227+0000] {processor.py:925} INFO - DAG(s) 'example_setup_teardown' retrieved from /home/airflow/.local/lib/python3.12/site-packages/airflow/example_dags/example_setup_teardown.py
[2025-09-17T11:43:27.559+0000] {logging_mixin.py:190} INFO - [2025-09-17T11:43:27.557+0000] {override.py:1900} INFO - Created Permission View: can delete on DAG:example_setup_teardown
[2025-09-17T11:43:27.593+0000] {logging_mixin.py:190} INFO - [2025-09-17T11:43:27.592+0000] {override.py:1900} INFO - Created Permission View: can edit on DAG:example_setup_teardown
[2025-09-17T11:43:27.635+0000] {logging_mixin.py:190} INFO - [2025-09-17T11:43:27.634+0000] {override.py:1900} INFO - Created Permission View: can read on DAG:example_setup_teardown
[2025-09-17T11:43:27.653+0000] {logging_mixin.py:190} INFO - [2025-09-17T11:43:27.652+0000] {override.py:1900} INFO - Created Permission View: can delete on DAG Run:example_setup_teardown
[2025-09-17T11:43:27.672+0000] {logging_mixin.py:190} INFO - [2025-09-17T11:43:27.671+0000] {override.py:1900} INFO - Created Permission View: menu access on DAG Run:example_setup_teardown
[2025-09-17T11:43:27.691+0000] {logging_mixin.py:190} INFO - [2025-09-17T11:43:27.690+0000] {override.py:1900} INFO - Created Permission View: can read on DAG Run:example_setup_teardown
[2025-09-17T11:43:27.709+0000] {logging_mixin.py:190} INFO - [2025-09-17T11:43:27.708+0000] {override.py:1900} INFO - Created Permission View: can create on DAG Run:example_setup_teardown
[2025-09-17T11:43:27.710+0000] {logging_mixin.py:190} INFO - [2025-09-17T11:43:27.710+0000] {dag.py:3239} INFO - Sync 1 DAGs
[2025-09-17T11:43:27.739+0000] {logging_mixin.py:190} INFO - [2025-09-17T11:43:27.738+0000] {dag.py:3262} INFO - Creating ORM DAG for example_setup_teardown
[2025-09-17T11:43:27.741+0000] {logging_mixin.py:190} INFO - [2025-09-17T11:43:27.741+0000] {dag.py:4180} INFO - Setting next_dagrun for example_setup_teardown to None, run_after=None
[2025-09-17T11:43:27.781+0000] {processor.py:208} INFO - Processing /home/airflow/.local/lib/python3.12/site-packages/airflow/example_dags/example_setup_teardown.py took 0.605 seconds
[2025-09-17T11:44:02.206+0000] {processor.py:186} INFO - Started process (PID=72) to work on /home/airflow/.local/lib/python3.12/site-packages/airflow/example_dags/example_setup_teardown.py
[2025-09-17T11:44:02.208+0000] {processor.py:914} INFO - Processing file /home/airflow/.local/lib/python3.12/site-packages/airflow/example_dags/example_setup_teardown.py for tasks to queue
[2025-09-17T11:44:02.220+0000] {logging_mixin.py:190} INFO - [2025-09-17T11:44:02.219+0000] {dagbag.py:588} INFO - Filling up the DagBag from /home/airflow/.local/lib/python3.12/site-packages/airflow/example_dags/example_setup_teardown.py
[2025-09-17T11:44:02.242+0000] {processor.py:925} INFO - DAG(s) 'example_setup_teardown' retrieved from /home/airflow/.local/lib/python3.12/site-packages/airflow/example_dags/example_setup_teardown.py
[2025-09-17T11:44:02.302+0000] {logging_mixin.py:190} INFO - [2025-09-17T11:44:02.301+0000] {dag.py:3239} INFO - Sync 1 DAGs
[2025-09-17T11:44:02.339+0000] {logging_mixin.py:190} INFO - [2025-09-17T11:44:02.339+0000] {dag.py:4180} INFO - Setting next_dagrun for example_setup_teardown to None, run_after=None
[2025-09-17T11:44:02.378+0000] {processor.py:208} INFO - Processing /home/airflow/.local/lib/python3.12/site-packages/airflow/example_dags/example_setup_teardown.py took 0.196 seconds
[2025-09-17T11:44:32.775+0000] {processor.py:186} INFO - Started process (PID=135) to work on /home/airflow/.local/lib/python3.12/site-packages/airflow/example_dags/example_setup_teardown.py
[2025-09-17T11:44:32.777+0000] {processor.py:914} INFO - Processing file /home/airflow/.local/lib/python3.12/site-packages/airflow/example_dags/example_setup_teardown.py for tasks to queue
[2025-09-17T11:44:32.780+0000] {logging_mixin.py:190} INFO - [2025-09-17T11:44:32.780+0000] {dagbag.py:588} INFO - Filling up the DagBag from /home/airflow/.local/lib/python3.12/site-packages/airflow/example_dags/example_setup_teardown.py
[2025-09-17T11:44:32.792+0000] {processor.py:925} INFO - DAG(s) 'example_setup_teardown' retrieved from /home/airflow/.local/lib/python3.12/site-packages/airflow/example_dags/example_setup_teardown.py
[2025-09-17T11:44:32.819+0000] {logging_mixin.py:190} INFO - [2025-09-17T11:44:32.819+0000] {dag.py:3239} INFO - Sync 1 DAGs
[2025-09-17T11:44:32.837+0000] {logging_mixin.py:190} INFO - [2025-09-17T11:44:32.836+0000] {dag.py:4180} INFO - Setting next_dagrun for example_setup_teardown to None, run_after=None
[2025-09-17T11:44:32.862+0000] {processor.py:208} INFO - Processing /home/airflow/.local/lib/python3.12/site-packages/airflow/example_dags/example_setup_teardown.py took 0.097 seconds
[2025-09-17T11:45:03.607+0000] {processor.py:186} INFO - Started process (PID=197) to work on /home/airflow/.local/lib/python3.12/site-packages/airflow/example_dags/example_setup_teardown.py
[2025-09-17T11:45:03.609+0000] {processor.py:914} INFO - Processing file /home/airflow/.local/lib/python3.12/site-packages/airflow/example_dags/example_setup_teardown.py for tasks to queue
[2025-09-17T11:45:03.613+0000] {logging_mixin.py:190} INFO - [2025-09-17T11:45:03.613+0000] {dagbag.py:588} INFO - Filling up the DagBag from /home/airflow/.local/lib/python3.12/site-packages/airflow/example_dags/example_setup_teardown.py
[2025-09-17T11:45:03.623+0000] {processor.py:925} INFO - DAG(s) 'example_setup_teardown' retrieved from /home/airflow/.local/lib/python3.12/site-packages/airflow/example_dags/example_setup_teardown.py
[2025-09-17T11:45:03.652+0000] {logging_mixin.py:190} INFO - [2025-09-17T11:45:03.652+0000] {dag.py:3239} INFO - Sync 1 DAGs
[2025-09-17T11:45:03.669+0000] {logging_mixin.py:190} INFO - [2025-09-17T11:45:03.669+0000] {dag.py:4180} INFO - Setting next_dagrun for example_setup_teardown to None, run_after=None
[2025-09-17T11:45:03.698+0000] {processor.py:208} INFO - Processing /home/airflow/.local/lib/python3.12/site-packages/airflow/example_dags/example_setup_teardown.py took 0.098 seconds
[2025-09-17T11:45:34.614+0000] {processor.py:186} INFO - Started process (PID=265) to work on /home/airflow/.local/lib/python3.12/site-packages/airflow/example_dags/example_setup_teardown.py
[2025-09-17T11:45:34.615+0000] {processor.py:914} INFO - Processing file /home/airflow/.local/lib/python3.12/site-packages/airflow/example_dags/example_setup_teardown.py for tasks to queue
[2025-09-17T11:45:34.619+0000] {logging_mixin.py:190} INFO - [2025-09-17T11:45:34.618+0000] {dagbag.py:588} INFO - Filling up the DagBag from /home/airflow/.local/lib/python3.12/site-packages/airflow/example_dags/example_setup_teardown.py
[2025-09-17T11:45:34.631+0000] {processor.py:925} INFO - DAG(s) 'example_setup_teardown' retrieved from /home/airflow/.local/lib/python3.12/site-packages/airflow/example_dags/example_setup_teardown.py
[2025-09-17T11:45:34.658+0000] {logging_mixin.py:190} INFO - [2025-09-17T11:45:34.657+0000] {dag.py:3239} INFO - Sync 1 DAGs
[2025-09-17T11:45:34.675+0000] {logging_mixin.py:190} INFO - [2025-09-17T11:45:34.675+0000] {dag.py:4180} INFO - Setting next_dagrun for example_setup_teardown to None, run_after=None
[2025-09-17T11:45:34.700+0000] {processor.py:208} INFO - Processing /home/airflow/.local/lib/python3.12/site-packages/airflow/example_dags/example_setup_teardown.py took 0.096 seconds
[2025-09-17T11:46:05.586+0000] {processor.py:186} INFO - Started process (PID=328) to work on /home/airflow/.local/lib/python3.12/site-packages/airflow/example_dags/example_setup_teardown.py
[2025-09-17T11:46:05.588+0000] {processor.py:914} INFO - Processing file /home/airflow/.local/lib/python3.12/site-packages/airflow/example_dags/example_setup_teardown.py for tasks to queue
[2025-09-17T11:46:05.592+0000] {logging_mixin.py:190} INFO - [2025-09-17T11:46:05.591+0000] {dagbag.py:588} INFO - Filling up the DagBag from /home/airflow/.local/lib/python3.12/site-packages/airflow/example_dags/example_setup_teardown.py
[2025-09-17T11:46:05.604+0000] {processor.py:925} INFO - DAG(s) 'example_setup_teardown' retrieved from /home/airflow/.local/lib/python3.12/site-packages/airflow/example_dags/example_setup_teardown.py
[2025-09-17T11:46:05.632+0000] {logging_mixin.py:190} INFO - [2025-09-17T11:46:05.631+0000] {dag.py:3239} INFO - Sync 1 DAGs
[2025-09-17T11:46:05.650+0000] {logging_mixin.py:190} INFO - [2025-09-17T11:46:05.649+0000] {dag.py:4180} INFO - Setting next_dagrun for example_setup_teardown to None, run_after=None
[2025-09-17T11:46:05.674+0000] {processor.py:208} INFO - Processing /home/airflow/.local/lib/python3.12/site-packages/airflow/example_dags/example_setup_teardown.py took 0.097 seconds
[2025-09-17T11:46:36.236+0000] {processor.py:186} INFO - Started process (PID=390) to work on /home/airflow/.local/lib/python3.12/site-packages/airflow/example_dags/example_setup_teardown.py
[2025-09-17T11:46:36.237+0000] {processor.py:914} INFO - Processing file /home/airflow/.local/lib/python3.12/site-packages/airflow/example_dags/example_setup_teardown.py for tasks to queue
[2025-09-17T11:46:36.241+0000] {logging_mixin.py:190} INFO - [2025-09-17T11:46:36.240+0000] {dagbag.py:588} INFO - Filling up the DagBag from /home/airflow/.local/lib/python3.12/site-packages/airflow/example_dags/example_setup_teardown.py
[2025-09-17T11:46:36.254+0000] {processor.py:925} INFO - DAG(s) 'example_setup_teardown' retrieved from /home/airflow/.local/lib/python3.12/site-packages/airflow/example_dags/example_setup_teardown.py
[2025-09-17T11:46:36.282+0000] {logging_mixin.py:190} INFO - [2025-09-17T11:46:36.282+0000] {dag.py:3239} INFO - Sync 1 DAGs
[2025-09-17T11:46:36.303+0000] {logging_mixin.py:190} INFO - [2025-09-17T11:46:36.303+0000] {dag.py:4180} INFO - Setting next_dagrun for example_setup_teardown to None, run_after=None
[2025-09-17T11:46:36.331+0000] {processor.py:208} INFO - Processing /home/airflow/.local/lib/python3.12/site-packages/airflow/example_dags/example_setup_teardown.py took 0.103 seconds
[2025-09-17T11:47:07.022+0000] {processor.py:186} INFO - Started process (PID=452) to work on /home/airflow/.local/lib/python3.12/site-packages/airflow/example_dags/example_setup_teardown.py
[2025-09-17T11:47:07.023+0000] {processor.py:914} INFO - Processing file /home/airflow/.local/lib/python3.12/site-packages/airflow/example_dags/example_setup_teardown.py for tasks to queue
[2025-09-17T11:47:07.026+0000] {logging_mixin.py:190} INFO - [2025-09-17T11:47:07.026+0000] {dagbag.py:588} INFO - Filling up the DagBag from /home/airflow/.local/lib/python3.12/site-packages/airflow/example_dags/example_setup_teardown.py
[2025-09-17T11:47:07.037+0000] {processor.py:925} INFO - DAG(s) 'example_setup_teardown' retrieved from /home/airflow/.local/lib/python3.12/site-packages/airflow/example_dags/example_setup_teardown.py
[2025-09-17T11:47:07.062+0000] {logging_mixin.py:190} INFO - [2025-09-17T11:47:07.062+0000] {dag.py:3239} INFO - Sync 1 DAGs
[2025-09-17T11:47:07.080+0000] {logging_mixin.py:190} INFO - [2025-09-17T11:47:07.080+0000] {dag.py:4180} INFO - Setting next_dagrun for example_setup_teardown to None, run_after=None
[2025-09-17T11:47:07.105+0000] {processor.py:208} INFO - Processing /home/airflow/.local/lib/python3.12/site-packages/airflow/example_dags/example_setup_teardown.py took 0.091 seconds
[2025-09-17T11:47:37.772+0000] {processor.py:186} INFO - Started process (PID=515) to work on /home/airflow/.local/lib/python3.12/site-packages/airflow/example_dags/example_setup_teardown.py
[2025-09-17T11:47:37.774+0000] {processor.py:914} INFO - Processing file /home/airflow/.local/lib/python3.12/site-packages/airflow/example_dags/example_setup_teardown.py for tasks to queue
[2025-09-17T11:47:37.778+0000] {logging_mixin.py:190} INFO - [2025-09-17T11:47:37.777+0000] {dagbag.py:588} INFO - Filling up the DagBag from /home/airflow/.local/lib/python3.12/site-packages/airflow/example_dags/example_setup_teardown.py
[2025-09-17T11:47:37.788+0000] {processor.py:925} INFO - DAG(s) 'example_setup_teardown' retrieved from /home/airflow/.local/lib/python3.12/site-packages/airflow/example_dags/example_setup_teardown.py
[2025-09-17T11:47:37.816+0000] {logging_mixin.py:190} INFO - [2025-09-17T11:47:37.816+0000] {dag.py:3239} INFO - Sync 1 DAGs
[2025-09-17T11:47:37.834+0000] {logging_mixin.py:190} INFO - [2025-09-17T11:47:37.834+0000] {dag.py:4180} INFO - Setting next_dagrun for example_setup_teardown to None, run_after=None
[2025-09-17T11:47:37.858+0000] {processor.py:208} INFO - Processing /home/airflow/.local/lib/python3.12/site-packages/airflow/example_dags/example_setup_teardown.py took 0.093 seconds
[2025-09-17T11:48:08.290+0000] {processor.py:186} INFO - Started process (PID=577) to work on /home/airflow/.local/lib/python3.12/site-packages/airflow/example_dags/example_setup_teardown.py
[2025-09-17T11:48:08.291+0000] {processor.py:914} INFO - Processing file /home/airflow/.local/lib/python3.12/site-packages/airflow/example_dags/example_setup_teardown.py for tasks to queue
[2025-09-17T11:48:08.295+0000] {logging_mixin.py:190} INFO - [2025-09-17T11:48:08.294+0000] {dagbag.py:588} INFO - Filling up the DagBag from /home/airflow/.local/lib/python3.12/site-packages/airflow/example_dags/example_setup_teardown.py
[2025-09-17T11:48:08.306+0000] {processor.py:925} INFO - DAG(s) 'example_setup_teardown' retrieved from /home/airflow/.local/lib/python3.12/site-packages/airflow/example_dags/example_setup_teardown.py
[2025-09-17T11:48:08.332+0000] {logging_mixin.py:190} INFO - [2025-09-17T11:48:08.331+0000] {dag.py:3239} INFO - Sync 1 DAGs
[2025-09-17T11:48:08.356+0000] {logging_mixin.py:190} INFO - [2025-09-17T11:48:08.355+0000] {dag.py:4180} INFO - Setting next_dagrun for example_setup_teardown to None, run_after=None
[2025-09-17T11:48:08.378+0000] {processor.py:208} INFO - Processing /home/airflow/.local/lib/python3.12/site-packages/airflow/example_dags/example_setup_teardown.py took 0.096 seconds
[2025-09-17T11:48:38.818+0000] {processor.py:186} INFO - Started process (PID=639) to work on /home/airflow/.local/lib/python3.12/site-packages/airflow/example_dags/example_setup_teardown.py
[2025-09-17T11:48:38.820+0000] {processor.py:914} INFO - Processing file /home/airflow/.local/lib/python3.12/site-packages/airflow/example_dags/example_setup_teardown.py for tasks to queue
[2025-09-17T11:48:38.824+0000] {logging_mixin.py:190} INFO - [2025-09-17T11:48:38.823+0000] {dagbag.py:588} INFO - Filling up the DagBag from /home/airflow/.local/lib/python3.12/site-packages/airflow/example_dags/example_setup_teardown.py
[2025-09-17T11:48:38.838+0000] {processor.py:925} INFO - DAG(s) 'example_setup_teardown' retrieved from /home/airflow/.local/lib/python3.12/site-packages/airflow/example_dags/example_setup_teardown.py
[2025-09-17T11:48:38.867+0000] {logging_mixin.py:190} INFO - [2025-09-17T11:48:38.867+0000] {dag.py:3239} INFO - Sync 1 DAGs
[2025-09-17T11:48:38.891+0000] {logging_mixin.py:190} INFO - [2025-09-17T11:48:38.890+0000] {dag.py:4180} INFO - Setting next_dagrun for example_setup_teardown to None, run_after=None
[2025-09-17T11:48:38.920+0000] {processor.py:208} INFO - Processing /home/airflow/.local/lib/python3.12/site-packages/airflow/example_dags/example_setup_teardown.py took 0.110 seconds
[2025-09-17T11:49:09.888+0000] {processor.py:186} INFO - Started process (PID=702) to work on /home/airflow/.local/lib/python3.12/site-packages/airflow/example_dags/example_setup_teardown.py
[2025-09-17T11:49:09.890+0000] {processor.py:914} INFO - Processing file /home/airflow/.local/lib/python3.12/site-packages/airflow/example_dags/example_setup_teardown.py for tasks to queue
[2025-09-17T11:49:09.894+0000] {logging_mixin.py:190} INFO - [2025-09-17T11:49:09.893+0000] {dagbag.py:588} INFO - Filling up the DagBag from /home/airflow/.local/lib/python3.12/site-packages/airflow/example_dags/example_setup_teardown.py
[2025-09-17T11:49:09.904+0000] {processor.py:925} INFO - DAG(s) 'example_setup_teardown' retrieved from /home/airflow/.local/lib/python3.12/site-packages/airflow/example_dags/example_setup_teardown.py
[2025-09-17T11:49:09.934+0000] {logging_mixin.py:190} INFO - [2025-09-17T11:49:09.934+0000] {dag.py:3239} INFO - Sync 1 DAGs
[2025-09-17T11:49:09.952+0000] {logging_mixin.py:190} INFO - [2025-09-17T11:49:09.952+0000] {dag.py:4180} INFO - Setting next_dagrun for example_setup_teardown to None, run_after=None
[2025-09-17T11:49:09.979+0000] {processor.py:208} INFO - Processing /home/airflow/.local/lib/python3.12/site-packages/airflow/example_dags/example_setup_teardown.py took 0.098 seconds
[2025-09-17T11:49:40.763+0000] {processor.py:186} INFO - Started process (PID=764) to work on /home/airflow/.local/lib/python3.12/site-packages/airflow/example_dags/example_setup_teardown.py
[2025-09-17T11:49:40.765+0000] {processor.py:914} INFO - Processing file /home/airflow/.local/lib/python3.12/site-packages/airflow/example_dags/example_setup_teardown.py for tasks to queue
[2025-09-17T11:49:40.772+0000] {logging_mixin.py:190} INFO - [2025-09-17T11:49:40.771+0000] {dagbag.py:588} INFO - Filling up the DagBag from /home/airflow/.local/lib/python3.12/site-packages/airflow/example_dags/example_setup_teardown.py
[2025-09-17T11:49:40.797+0000] {processor.py:925} INFO - DAG(s) 'example_setup_teardown' retrieved from /home/airflow/.local/lib/python3.12/site-packages/airflow/example_dags/example_setup_teardown.py
[2025-09-17T11:49:40.845+0000] {logging_mixin.py:190} INFO - [2025-09-17T11:49:40.844+0000] {dag.py:3239} INFO - Sync 1 DAGs
[2025-09-17T11:49:40.885+0000] {logging_mixin.py:190} INFO - [2025-09-17T11:49:40.885+0000] {dag.py:4180} INFO - Setting next_dagrun for example_setup_teardown to None, run_after=None
[2025-09-17T11:49:40.924+0000] {processor.py:208} INFO - Processing /home/airflow/.local/lib/python3.12/site-packages/airflow/example_dags/example_setup_teardown.py took 0.169 seconds
[2025-09-17T11:50:11.772+0000] {processor.py:186} INFO - Started process (PID=826) to work on /home/airflow/.local/lib/python3.12/site-packages/airflow/example_dags/example_setup_teardown.py
[2025-09-17T11:50:11.774+0000] {processor.py:914} INFO - Processing file /home/airflow/.local/lib/python3.12/site-packages/airflow/example_dags/example_setup_teardown.py for tasks to queue
[2025-09-17T11:50:11.778+0000] {logging_mixin.py:190} INFO - [2025-09-17T11:50:11.777+0000] {dagbag.py:588} INFO - Filling up the DagBag from /home/airflow/.local/lib/python3.12/site-packages/airflow/example_dags/example_setup_teardown.py
[2025-09-17T11:50:11.788+0000] {processor.py:925} INFO - DAG(s) 'example_setup_teardown' retrieved from /home/airflow/.local/lib/python3.12/site-packages/airflow/example_dags/example_setup_teardown.py
[2025-09-17T11:50:11.817+0000] {logging_mixin.py:190} INFO - [2025-09-17T11:50:11.817+0000] {dag.py:3239} INFO - Sync 1 DAGs
[2025-09-17T11:50:11.836+0000] {logging_mixin.py:190} INFO - [2025-09-17T11:50:11.836+0000] {dag.py:4180} INFO - Setting next_dagrun for example_setup_teardown to None, run_after=None
[2025-09-17T11:50:11.859+0000] {processor.py:208} INFO - Processing /home/airflow/.local/lib/python3.12/site-packages/airflow/example_dags/example_setup_teardown.py took 0.095 seconds
[2025-09-17T11:50:42.839+0000] {processor.py:186} INFO - Started process (PID=888) to work on /home/airflow/.local/lib/python3.12/site-packages/airflow/example_dags/example_setup_teardown.py
[2025-09-17T11:50:42.841+0000] {processor.py:914} INFO - Processing file /home/airflow/.local/lib/python3.12/site-packages/airflow/example_dags/example_setup_teardown.py for tasks to queue
[2025-09-17T11:50:42.849+0000] {logging_mixin.py:190} INFO - [2025-09-17T11:50:42.848+0000] {dagbag.py:588} INFO - Filling up the DagBag from /home/airflow/.local/lib/python3.12/site-packages/airflow/example_dags/example_setup_teardown.py
[2025-09-17T11:50:42.871+0000] {processor.py:925} INFO - DAG(s) 'example_setup_teardown' retrieved from /home/airflow/.local/lib/python3.12/site-packages/airflow/example_dags/example_setup_teardown.py
[2025-09-17T11:50:42.929+0000] {logging_mixin.py:190} INFO - [2025-09-17T11:50:42.928+0000] {dag.py:3239} INFO - Sync 1 DAGs
[2025-09-17T11:50:42.956+0000] {logging_mixin.py:190} INFO - [2025-09-17T11:50:42.955+0000] {dag.py:4180} INFO - Setting next_dagrun for example_setup_teardown to None, run_after=None
[2025-09-17T11:50:43.004+0000] {processor.py:208} INFO - Processing /home/airflow/.local/lib/python3.12/site-packages/airflow/example_dags/example_setup_teardown.py took 0.182 seconds
[2025-09-17T11:51:13.390+0000] {processor.py:186} INFO - Started process (PID=950) to work on /home/airflow/.local/lib/python3.12/site-packages/airflow/example_dags/example_setup_teardown.py
[2025-09-17T11:51:13.392+0000] {processor.py:914} INFO - Processing file /home/airflow/.local/lib/python3.12/site-packages/airflow/example_dags/example_setup_teardown.py for tasks to queue
[2025-09-17T11:51:13.396+0000] {logging_mixin.py:190} INFO - [2025-09-17T11:51:13.396+0000] {dagbag.py:588} INFO - Filling up the DagBag from /home/airflow/.local/lib/python3.12/site-packages/airflow/example_dags/example_setup_teardown.py
[2025-09-17T11:51:13.408+0000] {processor.py:925} INFO - DAG(s) 'example_setup_teardown' retrieved from /home/airflow/.local/lib/python3.12/site-packages/airflow/example_dags/example_setup_teardown.py
[2025-09-17T11:51:13.437+0000] {logging_mixin.py:190} INFO - [2025-09-17T11:51:13.437+0000] {dag.py:3239} INFO - Sync 1 DAGs
[2025-09-17T11:51:13.455+0000] {logging_mixin.py:190} INFO - [2025-09-17T11:51:13.455+0000] {dag.py:4180} INFO - Setting next_dagrun for example_setup_teardown to None, run_after=None
[2025-09-17T11:51:13.483+0000] {processor.py:208} INFO - Processing /home/airflow/.local/lib/python3.12/site-packages/airflow/example_dags/example_setup_teardown.py took 0.102 seconds
[2025-09-17T11:51:44.033+0000] {processor.py:186} INFO - Started process (PID=1012) to work on /home/airflow/.local/lib/python3.12/site-packages/airflow/example_dags/example_setup_teardown.py
[2025-09-17T11:51:44.034+0000] {processor.py:914} INFO - Processing file /home/airflow/.local/lib/python3.12/site-packages/airflow/example_dags/example_setup_teardown.py for tasks to queue
[2025-09-17T11:51:44.038+0000] {logging_mixin.py:190} INFO - [2025-09-17T11:51:44.037+0000] {dagbag.py:588} INFO - Filling up the DagBag from /home/airflow/.local/lib/python3.12/site-packages/airflow/example_dags/example_setup_teardown.py
[2025-09-17T11:51:44.049+0000] {processor.py:925} INFO - DAG(s) 'example_setup_teardown' retrieved from /home/airflow/.local/lib/python3.12/site-packages/airflow/example_dags/example_setup_teardown.py
[2025-09-17T11:51:44.079+0000] {logging_mixin.py:190} INFO - [2025-09-17T11:51:44.079+0000] {dag.py:3239} INFO - Sync 1 DAGs
[2025-09-17T11:51:44.099+0000] {logging_mixin.py:190} INFO - [2025-09-17T11:51:44.099+0000] {dag.py:4180} INFO - Setting next_dagrun for example_setup_teardown to None, run_after=None
[2025-09-17T11:51:44.128+0000] {processor.py:208} INFO - Processing /home/airflow/.local/lib/python3.12/site-packages/airflow/example_dags/example_setup_teardown.py took 0.104 seconds
[2025-09-17T11:52:14.482+0000] {processor.py:186} INFO - Started process (PID=1074) to work on /home/airflow/.local/lib/python3.12/site-packages/airflow/example_dags/example_setup_teardown.py
[2025-09-17T11:52:14.483+0000] {processor.py:914} INFO - Processing file /home/airflow/.local/lib/python3.12/site-packages/airflow/example_dags/example_setup_teardown.py for tasks to queue
[2025-09-17T11:52:14.487+0000] {logging_mixin.py:190} INFO - [2025-09-17T11:52:14.486+0000] {dagbag.py:588} INFO - Filling up the DagBag from /home/airflow/.local/lib/python3.12/site-packages/airflow/example_dags/example_setup_teardown.py
[2025-09-17T11:52:14.500+0000] {processor.py:925} INFO - DAG(s) 'example_setup_teardown' retrieved from /home/airflow/.local/lib/python3.12/site-packages/airflow/example_dags/example_setup_teardown.py
[2025-09-17T11:52:14.527+0000] {logging_mixin.py:190} INFO - [2025-09-17T11:52:14.526+0000] {dag.py:3239} INFO - Sync 1 DAGs
[2025-09-17T11:52:14.545+0000] {logging_mixin.py:190} INFO - [2025-09-17T11:52:14.544+0000] {dag.py:4180} INFO - Setting next_dagrun for example_setup_teardown to None, run_after=None
[2025-09-17T11:52:14.568+0000] {processor.py:208} INFO - Processing /home/airflow/.local/lib/python3.12/site-packages/airflow/example_dags/example_setup_teardown.py took 0.094 seconds
[2025-09-17T11:52:45.013+0000] {processor.py:186} INFO - Started process (PID=1136) to work on /home/airflow/.local/lib/python3.12/site-packages/airflow/example_dags/example_setup_teardown.py
[2025-09-17T11:52:45.015+0000] {processor.py:914} INFO - Processing file /home/airflow/.local/lib/python3.12/site-packages/airflow/example_dags/example_setup_teardown.py for tasks to queue
[2025-09-17T11:52:45.019+0000] {logging_mixin.py:190} INFO - [2025-09-17T11:52:45.018+0000] {dagbag.py:588} INFO - Filling up the DagBag from /home/airflow/.local/lib/python3.12/site-packages/airflow/example_dags/example_setup_teardown.py
[2025-09-17T11:52:45.029+0000] {processor.py:925} INFO - DAG(s) 'example_setup_teardown' retrieved from /home/airflow/.local/lib/python3.12/site-packages/airflow/example_dags/example_setup_teardown.py
[2025-09-17T11:52:45.057+0000] {logging_mixin.py:190} INFO - [2025-09-17T11:52:45.057+0000] {dag.py:3239} INFO - Sync 1 DAGs
[2025-09-17T11:52:45.077+0000] {logging_mixin.py:190} INFO - [2025-09-17T11:52:45.077+0000] {dag.py:4180} INFO - Setting next_dagrun for example_setup_teardown to None, run_after=None
[2025-09-17T11:52:45.112+0000] {processor.py:208} INFO - Processing /home/airflow/.local/lib/python3.12/site-packages/airflow/example_dags/example_setup_teardown.py took 0.105 seconds
[2025-09-17T11:53:15.793+0000] {processor.py:186} INFO - Started process (PID=1198) to work on /home/airflow/.local/lib/python3.12/site-packages/airflow/example_dags/example_setup_teardown.py
[2025-09-17T11:53:15.795+0000] {processor.py:914} INFO - Processing file /home/airflow/.local/lib/python3.12/site-packages/airflow/example_dags/example_setup_teardown.py for tasks to queue
[2025-09-17T11:53:15.799+0000] {logging_mixin.py:190} INFO - [2025-09-17T11:53:15.799+0000] {dagbag.py:588} INFO - Filling up the DagBag from /home/airflow/.local/lib/python3.12/site-packages/airflow/example_dags/example_setup_teardown.py
[2025-09-17T11:53:15.817+0000] {processor.py:925} INFO - DAG(s) 'example_setup_teardown' retrieved from /home/airflow/.local/lib/python3.12/site-packages/airflow/example_dags/example_setup_teardown.py
[2025-09-17T11:53:15.847+0000] {logging_mixin.py:190} INFO - [2025-09-17T11:53:15.847+0000] {dag.py:3239} INFO - Sync 1 DAGs
[2025-09-17T11:53:15.873+0000] {logging_mixin.py:190} INFO - [2025-09-17T11:53:15.873+0000] {dag.py:4180} INFO - Setting next_dagrun for example_setup_teardown to None, run_after=None
[2025-09-17T11:53:15.906+0000] {processor.py:208} INFO - Processing /home/airflow/.local/lib/python3.12/site-packages/airflow/example_dags/example_setup_teardown.py took 0.124 seconds
