[2025-09-17T11:43:33.913+0000] {processor.py:186} INFO - Started process (PID=199) to work on /home/airflow/.local/lib/python3.12/site-packages/airflow/example_dags/example_outlet_event_extra.py
[2025-09-17T11:43:33.914+0000] {processor.py:914} INFO - Processing file /home/airflow/.local/lib/python3.12/site-packages/airflow/example_dags/example_outlet_event_extra.py for tasks to queue
[2025-09-17T11:43:33.918+0000] {logging_mixin.py:190} INFO - [2025-09-17T11:43:33.917+0000] {dagbag.py:588} INFO - Filling up the DagBag from /home/airflow/.local/lib/python3.12/site-packages/airflow/example_dags/example_outlet_event_extra.py
[2025-09-17T11:43:34.115+0000] {processor.py:925} INFO - DAG(s) 'dataset_with_extra_by_context', 'dataset_with_extra_by_yield', 'dataset_with_extra_from_classic_operator' retrieved from /home/airflow/.local/lib/python3.12/site-packages/airflow/example_dags/example_outlet_event_extra.py
[2025-09-17T11:43:34.253+0000] {logging_mixin.py:190} INFO - [2025-09-17T11:43:34.252+0000] {override.py:1900} INFO - Created Permission View: can delete on DAG:dataset_with_extra_by_context
[2025-09-17T11:43:34.268+0000] {logging_mixin.py:190} INFO - [2025-09-17T11:43:34.268+0000] {override.py:1900} INFO - Created Permission View: can edit on DAG:dataset_with_extra_by_context
[2025-09-17T11:43:34.280+0000] {logging_mixin.py:190} INFO - [2025-09-17T11:43:34.280+0000] {override.py:1900} INFO - Created Permission View: can read on DAG:dataset_with_extra_by_context
[2025-09-17T11:43:34.290+0000] {logging_mixin.py:190} INFO - [2025-09-17T11:43:34.290+0000] {override.py:1900} INFO - Created Permission View: can delete on DAG Run:dataset_with_extra_by_context
[2025-09-17T11:43:34.301+0000] {logging_mixin.py:190} INFO - [2025-09-17T11:43:34.301+0000] {override.py:1900} INFO - Created Permission View: menu access on DAG Run:dataset_with_extra_by_context
[2025-09-17T11:43:34.310+0000] {logging_mixin.py:190} INFO - [2025-09-17T11:43:34.310+0000] {override.py:1900} INFO - Created Permission View: can read on DAG Run:dataset_with_extra_by_context
[2025-09-17T11:43:34.319+0000] {logging_mixin.py:190} INFO - [2025-09-17T11:43:34.319+0000] {override.py:1900} INFO - Created Permission View: can create on DAG Run:dataset_with_extra_by_context
[2025-09-17T11:43:34.334+0000] {logging_mixin.py:190} INFO - [2025-09-17T11:43:34.333+0000] {override.py:1900} INFO - Created Permission View: can delete on DAG:dataset_with_extra_by_yield
[2025-09-17T11:43:34.344+0000] {logging_mixin.py:190} INFO - [2025-09-17T11:43:34.344+0000] {override.py:1900} INFO - Created Permission View: can edit on DAG:dataset_with_extra_by_yield
[2025-09-17T11:43:34.353+0000] {logging_mixin.py:190} INFO - [2025-09-17T11:43:34.353+0000] {override.py:1900} INFO - Created Permission View: can read on DAG:dataset_with_extra_by_yield
[2025-09-17T11:43:34.367+0000] {logging_mixin.py:190} INFO - [2025-09-17T11:43:34.366+0000] {override.py:1900} INFO - Created Permission View: can delete on DAG Run:dataset_with_extra_by_yield
[2025-09-17T11:43:34.378+0000] {logging_mixin.py:190} INFO - [2025-09-17T11:43:34.377+0000] {override.py:1900} INFO - Created Permission View: menu access on DAG Run:dataset_with_extra_by_yield
[2025-09-17T11:43:34.387+0000] {logging_mixin.py:190} INFO - [2025-09-17T11:43:34.387+0000] {override.py:1900} INFO - Created Permission View: can read on DAG Run:dataset_with_extra_by_yield
[2025-09-17T11:43:34.397+0000] {logging_mixin.py:190} INFO - [2025-09-17T11:43:34.397+0000] {override.py:1900} INFO - Created Permission View: can create on DAG Run:dataset_with_extra_by_yield
[2025-09-17T11:43:34.419+0000] {logging_mixin.py:190} INFO - [2025-09-17T11:43:34.418+0000] {override.py:1900} INFO - Created Permission View: can delete on DAG:dataset_with_extra_from_classic_operator
[2025-09-17T11:43:34.432+0000] {logging_mixin.py:190} INFO - [2025-09-17T11:43:34.431+0000] {override.py:1900} INFO - Created Permission View: can edit on DAG:dataset_with_extra_from_classic_operator
[2025-09-17T11:43:34.445+0000] {logging_mixin.py:190} INFO - [2025-09-17T11:43:34.445+0000] {override.py:1900} INFO - Created Permission View: can read on DAG:dataset_with_extra_from_classic_operator
[2025-09-17T11:43:34.460+0000] {logging_mixin.py:190} INFO - [2025-09-17T11:43:34.460+0000] {override.py:1900} INFO - Created Permission View: can delete on DAG Run:dataset_with_extra_from_classic_operator
[2025-09-17T11:43:34.471+0000] {logging_mixin.py:190} INFO - [2025-09-17T11:43:34.471+0000] {override.py:1900} INFO - Created Permission View: menu access on DAG Run:dataset_with_extra_from_classic_operator
[2025-09-17T11:43:34.482+0000] {logging_mixin.py:190} INFO - [2025-09-17T11:43:34.481+0000] {override.py:1900} INFO - Created Permission View: can read on DAG Run:dataset_with_extra_from_classic_operator
[2025-09-17T11:43:34.492+0000] {logging_mixin.py:190} INFO - [2025-09-17T11:43:34.491+0000] {override.py:1900} INFO - Created Permission View: can create on DAG Run:dataset_with_extra_from_classic_operator
[2025-09-17T11:43:34.493+0000] {logging_mixin.py:190} INFO - [2025-09-17T11:43:34.493+0000] {dag.py:3239} INFO - Sync 3 DAGs
[2025-09-17T11:43:34.515+0000] {logging_mixin.py:190} INFO - [2025-09-17T11:43:34.514+0000] {dag.py:3262} INFO - Creating ORM DAG for dataset_with_extra_from_classic_operator
[2025-09-17T11:43:34.517+0000] {logging_mixin.py:190} INFO - [2025-09-17T11:43:34.516+0000] {dag.py:3262} INFO - Creating ORM DAG for dataset_with_extra_by_yield
[2025-09-17T11:43:34.519+0000] {logging_mixin.py:190} INFO - [2025-09-17T11:43:34.518+0000] {dag.py:3262} INFO - Creating ORM DAG for dataset_with_extra_by_context
[2025-09-17T11:43:34.542+0000] {logging_mixin.py:190} INFO - [2025-09-17T11:43:34.542+0000] {dag.py:4180} INFO - Setting next_dagrun for dataset_with_extra_by_context to 2025-09-16 00:00:00+00:00, run_after=2025-09-17 00:00:00+00:00
[2025-09-17T11:43:34.545+0000] {logging_mixin.py:190} INFO - [2025-09-17T11:43:34.545+0000] {dag.py:4180} INFO - Setting next_dagrun for dataset_with_extra_by_yield to 2025-09-16 00:00:00+00:00, run_after=2025-09-17 00:00:00+00:00
[2025-09-17T11:43:34.548+0000] {logging_mixin.py:190} INFO - [2025-09-17T11:43:34.548+0000] {dag.py:4180} INFO - Setting next_dagrun for dataset_with_extra_from_classic_operator to 2025-09-16 00:00:00+00:00, run_after=2025-09-17 00:00:00+00:00
[2025-09-17T11:43:34.597+0000] {processor.py:208} INFO - Processing /home/airflow/.local/lib/python3.12/site-packages/airflow/example_dags/example_outlet_event_extra.py took 0.693 seconds
[2025-09-17T11:44:05.879+0000] {processor.py:186} INFO - Started process (PID=107) to work on /home/airflow/.local/lib/python3.12/site-packages/airflow/example_dags/example_outlet_event_extra.py
[2025-09-17T11:44:05.881+0000] {processor.py:914} INFO - Processing file /home/airflow/.local/lib/python3.12/site-packages/airflow/example_dags/example_outlet_event_extra.py for tasks to queue
[2025-09-17T11:44:05.885+0000] {logging_mixin.py:190} INFO - [2025-09-17T11:44:05.885+0000] {dagbag.py:588} INFO - Filling up the DagBag from /home/airflow/.local/lib/python3.12/site-packages/airflow/example_dags/example_outlet_event_extra.py
[2025-09-17T11:44:06.082+0000] {processor.py:925} INFO - DAG(s) 'dataset_with_extra_from_classic_operator', 'dataset_with_extra_by_yield', 'dataset_with_extra_by_context' retrieved from /home/airflow/.local/lib/python3.12/site-packages/airflow/example_dags/example_outlet_event_extra.py
[2025-09-17T11:44:06.113+0000] {logging_mixin.py:190} INFO - [2025-09-17T11:44:06.113+0000] {dag.py:3239} INFO - Sync 3 DAGs
[2025-09-17T11:44:06.142+0000] {logging_mixin.py:190} INFO - [2025-09-17T11:44:06.141+0000] {dag.py:4180} INFO - Setting next_dagrun for dataset_with_extra_by_context to 2025-09-16 00:00:00+00:00, run_after=2025-09-17 00:00:00+00:00
[2025-09-17T11:44:06.147+0000] {logging_mixin.py:190} INFO - [2025-09-17T11:44:06.147+0000] {dag.py:4180} INFO - Setting next_dagrun for dataset_with_extra_by_yield to 2025-09-16 00:00:00+00:00, run_after=2025-09-17 00:00:00+00:00
[2025-09-17T11:44:06.151+0000] {logging_mixin.py:190} INFO - [2025-09-17T11:44:06.150+0000] {dag.py:4180} INFO - Setting next_dagrun for dataset_with_extra_from_classic_operator to 2025-09-16 00:00:00+00:00, run_after=2025-09-17 00:00:00+00:00
[2025-09-17T11:44:06.182+0000] {processor.py:208} INFO - Processing /home/airflow/.local/lib/python3.12/site-packages/airflow/example_dags/example_outlet_event_extra.py took 0.312 seconds
[2025-09-17T11:44:36.491+0000] {processor.py:186} INFO - Started process (PID=169) to work on /home/airflow/.local/lib/python3.12/site-packages/airflow/example_dags/example_outlet_event_extra.py
[2025-09-17T11:44:36.492+0000] {processor.py:914} INFO - Processing file /home/airflow/.local/lib/python3.12/site-packages/airflow/example_dags/example_outlet_event_extra.py for tasks to queue
[2025-09-17T11:44:36.495+0000] {logging_mixin.py:190} INFO - [2025-09-17T11:44:36.495+0000] {dagbag.py:588} INFO - Filling up the DagBag from /home/airflow/.local/lib/python3.12/site-packages/airflow/example_dags/example_outlet_event_extra.py
[2025-09-17T11:44:36.691+0000] {processor.py:925} INFO - DAG(s) 'dataset_with_extra_by_yield', 'dataset_with_extra_from_classic_operator', 'dataset_with_extra_by_context' retrieved from /home/airflow/.local/lib/python3.12/site-packages/airflow/example_dags/example_outlet_event_extra.py
[2025-09-17T11:44:36.725+0000] {logging_mixin.py:190} INFO - [2025-09-17T11:44:36.725+0000] {dag.py:3239} INFO - Sync 3 DAGs
[2025-09-17T11:44:36.759+0000] {logging_mixin.py:190} INFO - [2025-09-17T11:44:36.758+0000] {dag.py:4180} INFO - Setting next_dagrun for dataset_with_extra_by_context to 2025-09-16 00:00:00+00:00, run_after=2025-09-17 00:00:00+00:00
[2025-09-17T11:44:36.768+0000] {logging_mixin.py:190} INFO - [2025-09-17T11:44:36.768+0000] {dag.py:4180} INFO - Setting next_dagrun for dataset_with_extra_by_yield to 2025-09-16 00:00:00+00:00, run_after=2025-09-17 00:00:00+00:00
[2025-09-17T11:44:36.772+0000] {logging_mixin.py:190} INFO - [2025-09-17T11:44:36.772+0000] {dag.py:4180} INFO - Setting next_dagrun for dataset_with_extra_from_classic_operator to 2025-09-16 00:00:00+00:00, run_after=2025-09-17 00:00:00+00:00
[2025-09-17T11:44:36.805+0000] {processor.py:208} INFO - Processing /home/airflow/.local/lib/python3.12/site-packages/airflow/example_dags/example_outlet_event_extra.py took 0.321 seconds
[2025-09-17T11:45:07.585+0000] {processor.py:186} INFO - Started process (PID=231) to work on /home/airflow/.local/lib/python3.12/site-packages/airflow/example_dags/example_outlet_event_extra.py
[2025-09-17T11:45:07.587+0000] {processor.py:914} INFO - Processing file /home/airflow/.local/lib/python3.12/site-packages/airflow/example_dags/example_outlet_event_extra.py for tasks to queue
[2025-09-17T11:45:07.591+0000] {logging_mixin.py:190} INFO - [2025-09-17T11:45:07.590+0000] {dagbag.py:588} INFO - Filling up the DagBag from /home/airflow/.local/lib/python3.12/site-packages/airflow/example_dags/example_outlet_event_extra.py
[2025-09-17T11:45:07.796+0000] {processor.py:925} INFO - DAG(s) 'dataset_with_extra_from_classic_operator', 'dataset_with_extra_by_yield', 'dataset_with_extra_by_context' retrieved from /home/airflow/.local/lib/python3.12/site-packages/airflow/example_dags/example_outlet_event_extra.py
[2025-09-17T11:45:07.830+0000] {logging_mixin.py:190} INFO - [2025-09-17T11:45:07.829+0000] {dag.py:3239} INFO - Sync 3 DAGs
[2025-09-17T11:45:07.859+0000] {logging_mixin.py:190} INFO - [2025-09-17T11:45:07.859+0000] {dag.py:4180} INFO - Setting next_dagrun for dataset_with_extra_by_context to 2025-09-16 00:00:00+00:00, run_after=2025-09-17 00:00:00+00:00
[2025-09-17T11:45:07.865+0000] {logging_mixin.py:190} INFO - [2025-09-17T11:45:07.865+0000] {dag.py:4180} INFO - Setting next_dagrun for dataset_with_extra_by_yield to 2025-09-16 00:00:00+00:00, run_after=2025-09-17 00:00:00+00:00
[2025-09-17T11:45:07.868+0000] {logging_mixin.py:190} INFO - [2025-09-17T11:45:07.868+0000] {dag.py:4180} INFO - Setting next_dagrun for dataset_with_extra_from_classic_operator to 2025-09-16 00:00:00+00:00, run_after=2025-09-17 00:00:00+00:00
[2025-09-17T11:45:07.896+0000] {processor.py:208} INFO - Processing /home/airflow/.local/lib/python3.12/site-packages/airflow/example_dags/example_outlet_event_extra.py took 0.319 seconds
[2025-09-17T11:45:38.648+0000] {processor.py:186} INFO - Started process (PID=293) to work on /home/airflow/.local/lib/python3.12/site-packages/airflow/example_dags/example_outlet_event_extra.py
[2025-09-17T11:45:38.649+0000] {processor.py:914} INFO - Processing file /home/airflow/.local/lib/python3.12/site-packages/airflow/example_dags/example_outlet_event_extra.py for tasks to queue
[2025-09-17T11:45:38.661+0000] {logging_mixin.py:190} INFO - [2025-09-17T11:45:38.661+0000] {dagbag.py:588} INFO - Filling up the DagBag from /home/airflow/.local/lib/python3.12/site-packages/airflow/example_dags/example_outlet_event_extra.py
[2025-09-17T11:45:38.866+0000] {processor.py:925} INFO - DAG(s) 'dataset_with_extra_by_context', 'dataset_with_extra_by_yield', 'dataset_with_extra_from_classic_operator' retrieved from /home/airflow/.local/lib/python3.12/site-packages/airflow/example_dags/example_outlet_event_extra.py
[2025-09-17T11:45:38.899+0000] {logging_mixin.py:190} INFO - [2025-09-17T11:45:38.899+0000] {dag.py:3239} INFO - Sync 3 DAGs
[2025-09-17T11:45:38.937+0000] {logging_mixin.py:190} INFO - [2025-09-17T11:45:38.937+0000] {dag.py:4180} INFO - Setting next_dagrun for dataset_with_extra_by_context to 2025-09-16 00:00:00+00:00, run_after=2025-09-17 00:00:00+00:00
[2025-09-17T11:45:38.943+0000] {logging_mixin.py:190} INFO - [2025-09-17T11:45:38.942+0000] {dag.py:4180} INFO - Setting next_dagrun for dataset_with_extra_by_yield to 2025-09-16 00:00:00+00:00, run_after=2025-09-17 00:00:00+00:00
[2025-09-17T11:45:38.946+0000] {logging_mixin.py:190} INFO - [2025-09-17T11:45:38.946+0000] {dag.py:4180} INFO - Setting next_dagrun for dataset_with_extra_from_classic_operator to 2025-09-16 00:00:00+00:00, run_after=2025-09-17 00:00:00+00:00
[2025-09-17T11:45:38.974+0000] {processor.py:208} INFO - Processing /home/airflow/.local/lib/python3.12/site-packages/airflow/example_dags/example_outlet_event_extra.py took 0.334 seconds
[2025-09-17T11:46:09.606+0000] {processor.py:186} INFO - Started process (PID=356) to work on /home/airflow/.local/lib/python3.12/site-packages/airflow/example_dags/example_outlet_event_extra.py
[2025-09-17T11:46:09.610+0000] {processor.py:914} INFO - Processing file /home/airflow/.local/lib/python3.12/site-packages/airflow/example_dags/example_outlet_event_extra.py for tasks to queue
[2025-09-17T11:46:09.614+0000] {logging_mixin.py:190} INFO - [2025-09-17T11:46:09.614+0000] {dagbag.py:588} INFO - Filling up the DagBag from /home/airflow/.local/lib/python3.12/site-packages/airflow/example_dags/example_outlet_event_extra.py
[2025-09-17T11:46:09.916+0000] {processor.py:925} INFO - DAG(s) 'dataset_with_extra_by_context', 'dataset_with_extra_from_classic_operator', 'dataset_with_extra_by_yield' retrieved from /home/airflow/.local/lib/python3.12/site-packages/airflow/example_dags/example_outlet_event_extra.py
[2025-09-17T11:46:10.016+0000] {logging_mixin.py:190} INFO - [2025-09-17T11:46:10.015+0000] {dag.py:3239} INFO - Sync 3 DAGs
[2025-09-17T11:46:10.079+0000] {logging_mixin.py:190} INFO - [2025-09-17T11:46:10.078+0000] {dag.py:4180} INFO - Setting next_dagrun for dataset_with_extra_by_context to 2025-09-16 00:00:00+00:00, run_after=2025-09-17 00:00:00+00:00
[2025-09-17T11:46:10.085+0000] {logging_mixin.py:190} INFO - [2025-09-17T11:46:10.084+0000] {dag.py:4180} INFO - Setting next_dagrun for dataset_with_extra_by_yield to 2025-09-16 00:00:00+00:00, run_after=2025-09-17 00:00:00+00:00
[2025-09-17T11:46:10.089+0000] {logging_mixin.py:190} INFO - [2025-09-17T11:46:10.089+0000] {dag.py:4180} INFO - Setting next_dagrun for dataset_with_extra_from_classic_operator to 2025-09-16 00:00:00+00:00, run_after=2025-09-17 00:00:00+00:00
[2025-09-17T11:46:10.128+0000] {processor.py:208} INFO - Processing /home/airflow/.local/lib/python3.12/site-packages/airflow/example_dags/example_outlet_event_extra.py took 0.531 seconds
[2025-09-17T11:46:40.955+0000] {processor.py:186} INFO - Started process (PID=418) to work on /home/airflow/.local/lib/python3.12/site-packages/airflow/example_dags/example_outlet_event_extra.py
[2025-09-17T11:46:40.957+0000] {processor.py:914} INFO - Processing file /home/airflow/.local/lib/python3.12/site-packages/airflow/example_dags/example_outlet_event_extra.py for tasks to queue
[2025-09-17T11:46:40.960+0000] {logging_mixin.py:190} INFO - [2025-09-17T11:46:40.960+0000] {dagbag.py:588} INFO - Filling up the DagBag from /home/airflow/.local/lib/python3.12/site-packages/airflow/example_dags/example_outlet_event_extra.py
[2025-09-17T11:46:41.172+0000] {processor.py:925} INFO - DAG(s) 'dataset_with_extra_by_context', 'dataset_with_extra_by_yield', 'dataset_with_extra_from_classic_operator' retrieved from /home/airflow/.local/lib/python3.12/site-packages/airflow/example_dags/example_outlet_event_extra.py
[2025-09-17T11:46:41.210+0000] {logging_mixin.py:190} INFO - [2025-09-17T11:46:41.209+0000] {dag.py:3239} INFO - Sync 3 DAGs
[2025-09-17T11:46:41.245+0000] {logging_mixin.py:190} INFO - [2025-09-17T11:46:41.245+0000] {dag.py:4180} INFO - Setting next_dagrun for dataset_with_extra_by_context to 2025-09-16 00:00:00+00:00, run_after=2025-09-17 00:00:00+00:00
[2025-09-17T11:46:41.254+0000] {logging_mixin.py:190} INFO - [2025-09-17T11:46:41.254+0000] {dag.py:4180} INFO - Setting next_dagrun for dataset_with_extra_by_yield to 2025-09-16 00:00:00+00:00, run_after=2025-09-17 00:00:00+00:00
[2025-09-17T11:46:41.269+0000] {logging_mixin.py:190} INFO - [2025-09-17T11:46:41.269+0000] {dag.py:4180} INFO - Setting next_dagrun for dataset_with_extra_from_classic_operator to 2025-09-16 00:00:00+00:00, run_after=2025-09-17 00:00:00+00:00
[2025-09-17T11:46:41.301+0000] {processor.py:208} INFO - Processing /home/airflow/.local/lib/python3.12/site-packages/airflow/example_dags/example_outlet_event_extra.py took 0.357 seconds
[2025-09-17T11:47:11.669+0000] {processor.py:186} INFO - Started process (PID=480) to work on /home/airflow/.local/lib/python3.12/site-packages/airflow/example_dags/example_outlet_event_extra.py
[2025-09-17T11:47:11.671+0000] {processor.py:914} INFO - Processing file /home/airflow/.local/lib/python3.12/site-packages/airflow/example_dags/example_outlet_event_extra.py for tasks to queue
[2025-09-17T11:47:11.674+0000] {logging_mixin.py:190} INFO - [2025-09-17T11:47:11.674+0000] {dagbag.py:588} INFO - Filling up the DagBag from /home/airflow/.local/lib/python3.12/site-packages/airflow/example_dags/example_outlet_event_extra.py
[2025-09-17T11:47:11.842+0000] {processor.py:925} INFO - DAG(s) 'dataset_with_extra_by_yield', 'dataset_with_extra_by_context', 'dataset_with_extra_from_classic_operator' retrieved from /home/airflow/.local/lib/python3.12/site-packages/airflow/example_dags/example_outlet_event_extra.py
[2025-09-17T11:47:11.874+0000] {logging_mixin.py:190} INFO - [2025-09-17T11:47:11.874+0000] {dag.py:3239} INFO - Sync 3 DAGs
[2025-09-17T11:47:11.912+0000] {logging_mixin.py:190} INFO - [2025-09-17T11:47:11.912+0000] {dag.py:4180} INFO - Setting next_dagrun for dataset_with_extra_by_context to 2025-09-16 00:00:00+00:00, run_after=2025-09-17 00:00:00+00:00
[2025-09-17T11:47:11.918+0000] {logging_mixin.py:190} INFO - [2025-09-17T11:47:11.918+0000] {dag.py:4180} INFO - Setting next_dagrun for dataset_with_extra_by_yield to 2025-09-16 00:00:00+00:00, run_after=2025-09-17 00:00:00+00:00
[2025-09-17T11:47:11.921+0000] {logging_mixin.py:190} INFO - [2025-09-17T11:47:11.921+0000] {dag.py:4180} INFO - Setting next_dagrun for dataset_with_extra_from_classic_operator to 2025-09-16 00:00:00+00:00, run_after=2025-09-17 00:00:00+00:00
[2025-09-17T11:47:11.948+0000] {processor.py:208} INFO - Processing /home/airflow/.local/lib/python3.12/site-packages/airflow/example_dags/example_outlet_event_extra.py took 0.286 seconds
[2025-09-17T11:47:42.402+0000] {processor.py:186} INFO - Started process (PID=543) to work on /home/airflow/.local/lib/python3.12/site-packages/airflow/example_dags/example_outlet_event_extra.py
[2025-09-17T11:47:42.404+0000] {processor.py:914} INFO - Processing file /home/airflow/.local/lib/python3.12/site-packages/airflow/example_dags/example_outlet_event_extra.py for tasks to queue
[2025-09-17T11:47:42.407+0000] {logging_mixin.py:190} INFO - [2025-09-17T11:47:42.407+0000] {dagbag.py:588} INFO - Filling up the DagBag from /home/airflow/.local/lib/python3.12/site-packages/airflow/example_dags/example_outlet_event_extra.py
[2025-09-17T11:47:42.576+0000] {processor.py:925} INFO - DAG(s) 'dataset_with_extra_from_classic_operator', 'dataset_with_extra_by_context', 'dataset_with_extra_by_yield' retrieved from /home/airflow/.local/lib/python3.12/site-packages/airflow/example_dags/example_outlet_event_extra.py
[2025-09-17T11:47:42.611+0000] {logging_mixin.py:190} INFO - [2025-09-17T11:47:42.611+0000] {dag.py:3239} INFO - Sync 3 DAGs
[2025-09-17T11:47:42.645+0000] {logging_mixin.py:190} INFO - [2025-09-17T11:47:42.644+0000] {dag.py:4180} INFO - Setting next_dagrun for dataset_with_extra_by_context to 2025-09-16 00:00:00+00:00, run_after=2025-09-17 00:00:00+00:00
[2025-09-17T11:47:42.650+0000] {logging_mixin.py:190} INFO - [2025-09-17T11:47:42.650+0000] {dag.py:4180} INFO - Setting next_dagrun for dataset_with_extra_by_yield to 2025-09-16 00:00:00+00:00, run_after=2025-09-17 00:00:00+00:00
[2025-09-17T11:47:42.654+0000] {logging_mixin.py:190} INFO - [2025-09-17T11:47:42.653+0000] {dag.py:4180} INFO - Setting next_dagrun for dataset_with_extra_from_classic_operator to 2025-09-16 00:00:00+00:00, run_after=2025-09-17 00:00:00+00:00
[2025-09-17T11:47:42.683+0000] {processor.py:208} INFO - Processing /home/airflow/.local/lib/python3.12/site-packages/airflow/example_dags/example_outlet_event_extra.py took 0.289 seconds
[2025-09-17T11:48:12.800+0000] {processor.py:186} INFO - Started process (PID=605) to work on /home/airflow/.local/lib/python3.12/site-packages/airflow/example_dags/example_outlet_event_extra.py
[2025-09-17T11:48:12.802+0000] {processor.py:914} INFO - Processing file /home/airflow/.local/lib/python3.12/site-packages/airflow/example_dags/example_outlet_event_extra.py for tasks to queue
[2025-09-17T11:48:12.805+0000] {logging_mixin.py:190} INFO - [2025-09-17T11:48:12.804+0000] {dagbag.py:588} INFO - Filling up the DagBag from /home/airflow/.local/lib/python3.12/site-packages/airflow/example_dags/example_outlet_event_extra.py
[2025-09-17T11:48:12.971+0000] {processor.py:925} INFO - DAG(s) 'dataset_with_extra_from_classic_operator', 'dataset_with_extra_by_yield', 'dataset_with_extra_by_context' retrieved from /home/airflow/.local/lib/python3.12/site-packages/airflow/example_dags/example_outlet_event_extra.py
[2025-09-17T11:48:13.003+0000] {logging_mixin.py:190} INFO - [2025-09-17T11:48:13.003+0000] {dag.py:3239} INFO - Sync 3 DAGs
[2025-09-17T11:48:13.040+0000] {logging_mixin.py:190} INFO - [2025-09-17T11:48:13.039+0000] {dag.py:4180} INFO - Setting next_dagrun for dataset_with_extra_by_context to 2025-09-16 00:00:00+00:00, run_after=2025-09-17 00:00:00+00:00
[2025-09-17T11:48:13.046+0000] {logging_mixin.py:190} INFO - [2025-09-17T11:48:13.046+0000] {dag.py:4180} INFO - Setting next_dagrun for dataset_with_extra_by_yield to 2025-09-16 00:00:00+00:00, run_after=2025-09-17 00:00:00+00:00
[2025-09-17T11:48:13.050+0000] {logging_mixin.py:190} INFO - [2025-09-17T11:48:13.049+0000] {dag.py:4180} INFO - Setting next_dagrun for dataset_with_extra_from_classic_operator to 2025-09-16 00:00:00+00:00, run_after=2025-09-17 00:00:00+00:00
[2025-09-17T11:48:13.081+0000] {processor.py:208} INFO - Processing /home/airflow/.local/lib/python3.12/site-packages/airflow/example_dags/example_outlet_event_extra.py took 0.288 seconds
[2025-09-17T11:48:43.469+0000] {processor.py:186} INFO - Started process (PID=667) to work on /home/airflow/.local/lib/python3.12/site-packages/airflow/example_dags/example_outlet_event_extra.py
[2025-09-17T11:48:43.471+0000] {processor.py:914} INFO - Processing file /home/airflow/.local/lib/python3.12/site-packages/airflow/example_dags/example_outlet_event_extra.py for tasks to queue
[2025-09-17T11:48:43.474+0000] {logging_mixin.py:190} INFO - [2025-09-17T11:48:43.474+0000] {dagbag.py:588} INFO - Filling up the DagBag from /home/airflow/.local/lib/python3.12/site-packages/airflow/example_dags/example_outlet_event_extra.py
[2025-09-17T11:48:43.663+0000] {processor.py:925} INFO - DAG(s) 'dataset_with_extra_from_classic_operator', 'dataset_with_extra_by_yield', 'dataset_with_extra_by_context' retrieved from /home/airflow/.local/lib/python3.12/site-packages/airflow/example_dags/example_outlet_event_extra.py
[2025-09-17T11:48:43.704+0000] {logging_mixin.py:190} INFO - [2025-09-17T11:48:43.704+0000] {dag.py:3239} INFO - Sync 3 DAGs
[2025-09-17T11:48:43.747+0000] {logging_mixin.py:190} INFO - [2025-09-17T11:48:43.746+0000] {dag.py:4180} INFO - Setting next_dagrun for dataset_with_extra_by_context to 2025-09-16 00:00:00+00:00, run_after=2025-09-17 00:00:00+00:00
[2025-09-17T11:48:43.753+0000] {logging_mixin.py:190} INFO - [2025-09-17T11:48:43.752+0000] {dag.py:4180} INFO - Setting next_dagrun for dataset_with_extra_by_yield to 2025-09-16 00:00:00+00:00, run_after=2025-09-17 00:00:00+00:00
[2025-09-17T11:48:43.756+0000] {logging_mixin.py:190} INFO - [2025-09-17T11:48:43.756+0000] {dag.py:4180} INFO - Setting next_dagrun for dataset_with_extra_from_classic_operator to 2025-09-16 00:00:00+00:00, run_after=2025-09-17 00:00:00+00:00
[2025-09-17T11:48:43.785+0000] {processor.py:208} INFO - Processing /home/airflow/.local/lib/python3.12/site-packages/airflow/example_dags/example_outlet_event_extra.py took 0.326 seconds
[2025-09-17T11:49:14.151+0000] {processor.py:186} INFO - Started process (PID=730) to work on /home/airflow/.local/lib/python3.12/site-packages/airflow/example_dags/example_outlet_event_extra.py
[2025-09-17T11:49:14.152+0000] {processor.py:914} INFO - Processing file /home/airflow/.local/lib/python3.12/site-packages/airflow/example_dags/example_outlet_event_extra.py for tasks to queue
[2025-09-17T11:49:14.156+0000] {logging_mixin.py:190} INFO - [2025-09-17T11:49:14.155+0000] {dagbag.py:588} INFO - Filling up the DagBag from /home/airflow/.local/lib/python3.12/site-packages/airflow/example_dags/example_outlet_event_extra.py
[2025-09-17T11:49:14.323+0000] {processor.py:925} INFO - DAG(s) 'dataset_with_extra_by_context', 'dataset_with_extra_from_classic_operator', 'dataset_with_extra_by_yield' retrieved from /home/airflow/.local/lib/python3.12/site-packages/airflow/example_dags/example_outlet_event_extra.py
[2025-09-17T11:49:14.353+0000] {logging_mixin.py:190} INFO - [2025-09-17T11:49:14.353+0000] {dag.py:3239} INFO - Sync 3 DAGs
[2025-09-17T11:49:14.386+0000] {logging_mixin.py:190} INFO - [2025-09-17T11:49:14.386+0000] {dag.py:4180} INFO - Setting next_dagrun for dataset_with_extra_by_context to 2025-09-16 00:00:00+00:00, run_after=2025-09-17 00:00:00+00:00
[2025-09-17T11:49:14.393+0000] {logging_mixin.py:190} INFO - [2025-09-17T11:49:14.393+0000] {dag.py:4180} INFO - Setting next_dagrun for dataset_with_extra_by_yield to 2025-09-16 00:00:00+00:00, run_after=2025-09-17 00:00:00+00:00
[2025-09-17T11:49:14.396+0000] {logging_mixin.py:190} INFO - [2025-09-17T11:49:14.396+0000] {dag.py:4180} INFO - Setting next_dagrun for dataset_with_extra_from_classic_operator to 2025-09-16 00:00:00+00:00, run_after=2025-09-17 00:00:00+00:00
[2025-09-17T11:49:14.427+0000] {processor.py:208} INFO - Processing /home/airflow/.local/lib/python3.12/site-packages/airflow/example_dags/example_outlet_event_extra.py took 0.283 seconds
[2025-09-17T11:49:44.501+0000] {processor.py:186} INFO - Started process (PID=792) to work on /home/airflow/.local/lib/python3.12/site-packages/airflow/example_dags/example_outlet_event_extra.py
[2025-09-17T11:49:44.503+0000] {processor.py:914} INFO - Processing file /home/airflow/.local/lib/python3.12/site-packages/airflow/example_dags/example_outlet_event_extra.py for tasks to queue
[2025-09-17T11:49:44.509+0000] {logging_mixin.py:190} INFO - [2025-09-17T11:49:44.508+0000] {dagbag.py:588} INFO - Filling up the DagBag from /home/airflow/.local/lib/python3.12/site-packages/airflow/example_dags/example_outlet_event_extra.py
[2025-09-17T11:49:44.724+0000] {processor.py:925} INFO - DAG(s) 'dataset_with_extra_by_yield', 'dataset_with_extra_by_context', 'dataset_with_extra_from_classic_operator' retrieved from /home/airflow/.local/lib/python3.12/site-packages/airflow/example_dags/example_outlet_event_extra.py
[2025-09-17T11:49:44.765+0000] {logging_mixin.py:190} INFO - [2025-09-17T11:49:44.764+0000] {dag.py:3239} INFO - Sync 3 DAGs
[2025-09-17T11:49:44.807+0000] {logging_mixin.py:190} INFO - [2025-09-17T11:49:44.805+0000] {dag.py:4180} INFO - Setting next_dagrun for dataset_with_extra_by_context to 2025-09-16 00:00:00+00:00, run_after=2025-09-17 00:00:00+00:00
[2025-09-17T11:49:44.816+0000] {logging_mixin.py:190} INFO - [2025-09-17T11:49:44.815+0000] {dag.py:4180} INFO - Setting next_dagrun for dataset_with_extra_by_yield to 2025-09-16 00:00:00+00:00, run_after=2025-09-17 00:00:00+00:00
[2025-09-17T11:49:44.820+0000] {logging_mixin.py:190} INFO - [2025-09-17T11:49:44.820+0000] {dag.py:4180} INFO - Setting next_dagrun for dataset_with_extra_from_classic_operator to 2025-09-16 00:00:00+00:00, run_after=2025-09-17 00:00:00+00:00
[2025-09-17T11:49:44.856+0000] {processor.py:208} INFO - Processing /home/airflow/.local/lib/python3.12/site-packages/airflow/example_dags/example_outlet_event_extra.py took 0.367 seconds
[2025-09-17T11:50:15.333+0000] {processor.py:186} INFO - Started process (PID=854) to work on /home/airflow/.local/lib/python3.12/site-packages/airflow/example_dags/example_outlet_event_extra.py
[2025-09-17T11:50:15.337+0000] {processor.py:914} INFO - Processing file /home/airflow/.local/lib/python3.12/site-packages/airflow/example_dags/example_outlet_event_extra.py for tasks to queue
[2025-09-17T11:50:15.341+0000] {logging_mixin.py:190} INFO - [2025-09-17T11:50:15.340+0000] {dagbag.py:588} INFO - Filling up the DagBag from /home/airflow/.local/lib/python3.12/site-packages/airflow/example_dags/example_outlet_event_extra.py
[2025-09-17T11:50:15.562+0000] {processor.py:925} INFO - DAG(s) 'dataset_with_extra_by_context', 'dataset_with_extra_by_yield', 'dataset_with_extra_from_classic_operator' retrieved from /home/airflow/.local/lib/python3.12/site-packages/airflow/example_dags/example_outlet_event_extra.py
[2025-09-17T11:50:15.593+0000] {logging_mixin.py:190} INFO - [2025-09-17T11:50:15.593+0000] {dag.py:3239} INFO - Sync 3 DAGs
[2025-09-17T11:50:15.629+0000] {logging_mixin.py:190} INFO - [2025-09-17T11:50:15.629+0000] {dag.py:4180} INFO - Setting next_dagrun for dataset_with_extra_by_context to 2025-09-16 00:00:00+00:00, run_after=2025-09-17 00:00:00+00:00
[2025-09-17T11:50:15.636+0000] {logging_mixin.py:190} INFO - [2025-09-17T11:50:15.635+0000] {dag.py:4180} INFO - Setting next_dagrun for dataset_with_extra_by_yield to 2025-09-16 00:00:00+00:00, run_after=2025-09-17 00:00:00+00:00
[2025-09-17T11:50:15.639+0000] {logging_mixin.py:190} INFO - [2025-09-17T11:50:15.639+0000] {dag.py:4180} INFO - Setting next_dagrun for dataset_with_extra_from_classic_operator to 2025-09-16 00:00:00+00:00, run_after=2025-09-17 00:00:00+00:00
[2025-09-17T11:50:15.671+0000] {processor.py:208} INFO - Processing /home/airflow/.local/lib/python3.12/site-packages/airflow/example_dags/example_outlet_event_extra.py took 0.349 seconds
[2025-09-17T11:50:46.000+0000] {processor.py:186} INFO - Started process (PID=916) to work on /home/airflow/.local/lib/python3.12/site-packages/airflow/example_dags/example_outlet_event_extra.py
[2025-09-17T11:50:46.002+0000] {processor.py:914} INFO - Processing file /home/airflow/.local/lib/python3.12/site-packages/airflow/example_dags/example_outlet_event_extra.py for tasks to queue
[2025-09-17T11:50:46.008+0000] {logging_mixin.py:190} INFO - [2025-09-17T11:50:46.007+0000] {dagbag.py:588} INFO - Filling up the DagBag from /home/airflow/.local/lib/python3.12/site-packages/airflow/example_dags/example_outlet_event_extra.py
[2025-09-17T11:50:46.215+0000] {processor.py:925} INFO - DAG(s) 'dataset_with_extra_by_context', 'dataset_with_extra_by_yield', 'dataset_with_extra_from_classic_operator' retrieved from /home/airflow/.local/lib/python3.12/site-packages/airflow/example_dags/example_outlet_event_extra.py
[2025-09-17T11:50:46.266+0000] {logging_mixin.py:190} INFO - [2025-09-17T11:50:46.266+0000] {dag.py:3239} INFO - Sync 3 DAGs
[2025-09-17T11:50:46.308+0000] {logging_mixin.py:190} INFO - [2025-09-17T11:50:46.308+0000] {dag.py:4180} INFO - Setting next_dagrun for dataset_with_extra_by_context to 2025-09-16 00:00:00+00:00, run_after=2025-09-17 00:00:00+00:00
[2025-09-17T11:50:46.317+0000] {logging_mixin.py:190} INFO - [2025-09-17T11:50:46.317+0000] {dag.py:4180} INFO - Setting next_dagrun for dataset_with_extra_by_yield to 2025-09-16 00:00:00+00:00, run_after=2025-09-17 00:00:00+00:00
[2025-09-17T11:50:46.321+0000] {logging_mixin.py:190} INFO - [2025-09-17T11:50:46.321+0000] {dag.py:4180} INFO - Setting next_dagrun for dataset_with_extra_from_classic_operator to 2025-09-16 00:00:00+00:00, run_after=2025-09-17 00:00:00+00:00
[2025-09-17T11:50:46.349+0000] {processor.py:208} INFO - Processing /home/airflow/.local/lib/python3.12/site-packages/airflow/example_dags/example_outlet_event_extra.py took 0.360 seconds
[2025-09-17T11:51:17.146+0000] {processor.py:186} INFO - Started process (PID=978) to work on /home/airflow/.local/lib/python3.12/site-packages/airflow/example_dags/example_outlet_event_extra.py
[2025-09-17T11:51:17.147+0000] {processor.py:914} INFO - Processing file /home/airflow/.local/lib/python3.12/site-packages/airflow/example_dags/example_outlet_event_extra.py for tasks to queue
[2025-09-17T11:51:17.150+0000] {logging_mixin.py:190} INFO - [2025-09-17T11:51:17.150+0000] {dagbag.py:588} INFO - Filling up the DagBag from /home/airflow/.local/lib/python3.12/site-packages/airflow/example_dags/example_outlet_event_extra.py
[2025-09-17T11:51:17.314+0000] {processor.py:925} INFO - DAG(s) 'dataset_with_extra_by_yield', 'dataset_with_extra_by_context', 'dataset_with_extra_from_classic_operator' retrieved from /home/airflow/.local/lib/python3.12/site-packages/airflow/example_dags/example_outlet_event_extra.py
[2025-09-17T11:51:17.346+0000] {logging_mixin.py:190} INFO - [2025-09-17T11:51:17.346+0000] {dag.py:3239} INFO - Sync 3 DAGs
[2025-09-17T11:51:17.381+0000] {logging_mixin.py:190} INFO - [2025-09-17T11:51:17.380+0000] {dag.py:4180} INFO - Setting next_dagrun for dataset_with_extra_by_context to 2025-09-16 00:00:00+00:00, run_after=2025-09-17 00:00:00+00:00
[2025-09-17T11:51:17.388+0000] {logging_mixin.py:190} INFO - [2025-09-17T11:51:17.388+0000] {dag.py:4180} INFO - Setting next_dagrun for dataset_with_extra_by_yield to 2025-09-16 00:00:00+00:00, run_after=2025-09-17 00:00:00+00:00
[2025-09-17T11:51:17.392+0000] {logging_mixin.py:190} INFO - [2025-09-17T11:51:17.392+0000] {dag.py:4180} INFO - Setting next_dagrun for dataset_with_extra_from_classic_operator to 2025-09-16 00:00:00+00:00, run_after=2025-09-17 00:00:00+00:00
[2025-09-17T11:51:17.420+0000] {processor.py:208} INFO - Processing /home/airflow/.local/lib/python3.12/site-packages/airflow/example_dags/example_outlet_event_extra.py took 0.281 seconds
[2025-09-17T11:51:47.841+0000] {processor.py:186} INFO - Started process (PID=1040) to work on /home/airflow/.local/lib/python3.12/site-packages/airflow/example_dags/example_outlet_event_extra.py
[2025-09-17T11:51:47.842+0000] {processor.py:914} INFO - Processing file /home/airflow/.local/lib/python3.12/site-packages/airflow/example_dags/example_outlet_event_extra.py for tasks to queue
[2025-09-17T11:51:47.846+0000] {logging_mixin.py:190} INFO - [2025-09-17T11:51:47.846+0000] {dagbag.py:588} INFO - Filling up the DagBag from /home/airflow/.local/lib/python3.12/site-packages/airflow/example_dags/example_outlet_event_extra.py
[2025-09-17T11:51:48.020+0000] {processor.py:925} INFO - DAG(s) 'dataset_with_extra_by_context', 'dataset_with_extra_from_classic_operator', 'dataset_with_extra_by_yield' retrieved from /home/airflow/.local/lib/python3.12/site-packages/airflow/example_dags/example_outlet_event_extra.py
[2025-09-17T11:51:48.054+0000] {logging_mixin.py:190} INFO - [2025-09-17T11:51:48.054+0000] {dag.py:3239} INFO - Sync 3 DAGs
[2025-09-17T11:51:48.088+0000] {logging_mixin.py:190} INFO - [2025-09-17T11:51:48.087+0000] {dag.py:4180} INFO - Setting next_dagrun for dataset_with_extra_by_context to 2025-09-16 00:00:00+00:00, run_after=2025-09-17 00:00:00+00:00
[2025-09-17T11:51:48.094+0000] {logging_mixin.py:190} INFO - [2025-09-17T11:51:48.093+0000] {dag.py:4180} INFO - Setting next_dagrun for dataset_with_extra_by_yield to 2025-09-16 00:00:00+00:00, run_after=2025-09-17 00:00:00+00:00
[2025-09-17T11:51:48.097+0000] {logging_mixin.py:190} INFO - [2025-09-17T11:51:48.097+0000] {dag.py:4180} INFO - Setting next_dagrun for dataset_with_extra_from_classic_operator to 2025-09-16 00:00:00+00:00, run_after=2025-09-17 00:00:00+00:00
[2025-09-17T11:51:48.123+0000] {processor.py:208} INFO - Processing /home/airflow/.local/lib/python3.12/site-packages/airflow/example_dags/example_outlet_event_extra.py took 0.292 seconds
[2025-09-17T11:52:18.196+0000] {processor.py:186} INFO - Started process (PID=1102) to work on /home/airflow/.local/lib/python3.12/site-packages/airflow/example_dags/example_outlet_event_extra.py
[2025-09-17T11:52:18.198+0000] {processor.py:914} INFO - Processing file /home/airflow/.local/lib/python3.12/site-packages/airflow/example_dags/example_outlet_event_extra.py for tasks to queue
[2025-09-17T11:52:18.201+0000] {logging_mixin.py:190} INFO - [2025-09-17T11:52:18.200+0000] {dagbag.py:588} INFO - Filling up the DagBag from /home/airflow/.local/lib/python3.12/site-packages/airflow/example_dags/example_outlet_event_extra.py
[2025-09-17T11:52:18.377+0000] {processor.py:925} INFO - DAG(s) 'dataset_with_extra_by_context', 'dataset_with_extra_from_classic_operator', 'dataset_with_extra_by_yield' retrieved from /home/airflow/.local/lib/python3.12/site-packages/airflow/example_dags/example_outlet_event_extra.py
[2025-09-17T11:52:18.410+0000] {logging_mixin.py:190} INFO - [2025-09-17T11:52:18.410+0000] {dag.py:3239} INFO - Sync 3 DAGs
[2025-09-17T11:52:18.443+0000] {logging_mixin.py:190} INFO - [2025-09-17T11:52:18.442+0000] {dag.py:4180} INFO - Setting next_dagrun for dataset_with_extra_by_context to 2025-09-16 00:00:00+00:00, run_after=2025-09-17 00:00:00+00:00
[2025-09-17T11:52:18.449+0000] {logging_mixin.py:190} INFO - [2025-09-17T11:52:18.449+0000] {dag.py:4180} INFO - Setting next_dagrun for dataset_with_extra_by_yield to 2025-09-16 00:00:00+00:00, run_after=2025-09-17 00:00:00+00:00
[2025-09-17T11:52:18.453+0000] {logging_mixin.py:190} INFO - [2025-09-17T11:52:18.452+0000] {dag.py:4180} INFO - Setting next_dagrun for dataset_with_extra_from_classic_operator to 2025-09-16 00:00:00+00:00, run_after=2025-09-17 00:00:00+00:00
[2025-09-17T11:52:18.487+0000] {processor.py:208} INFO - Processing /home/airflow/.local/lib/python3.12/site-packages/airflow/example_dags/example_outlet_event_extra.py took 0.298 seconds
[2025-09-17T11:52:48.661+0000] {processor.py:186} INFO - Started process (PID=1164) to work on /home/airflow/.local/lib/python3.12/site-packages/airflow/example_dags/example_outlet_event_extra.py
[2025-09-17T11:52:48.663+0000] {processor.py:914} INFO - Processing file /home/airflow/.local/lib/python3.12/site-packages/airflow/example_dags/example_outlet_event_extra.py for tasks to queue
[2025-09-17T11:52:48.666+0000] {logging_mixin.py:190} INFO - [2025-09-17T11:52:48.666+0000] {dagbag.py:588} INFO - Filling up the DagBag from /home/airflow/.local/lib/python3.12/site-packages/airflow/example_dags/example_outlet_event_extra.py
[2025-09-17T11:52:48.839+0000] {processor.py:925} INFO - DAG(s) 'dataset_with_extra_by_context', 'dataset_with_extra_by_yield', 'dataset_with_extra_from_classic_operator' retrieved from /home/airflow/.local/lib/python3.12/site-packages/airflow/example_dags/example_outlet_event_extra.py
[2025-09-17T11:52:48.873+0000] {logging_mixin.py:190} INFO - [2025-09-17T11:52:48.873+0000] {dag.py:3239} INFO - Sync 3 DAGs
[2025-09-17T11:52:48.907+0000] {logging_mixin.py:190} INFO - [2025-09-17T11:52:48.907+0000] {dag.py:4180} INFO - Setting next_dagrun for dataset_with_extra_by_context to 2025-09-16 00:00:00+00:00, run_after=2025-09-17 00:00:00+00:00
[2025-09-17T11:52:48.913+0000] {logging_mixin.py:190} INFO - [2025-09-17T11:52:48.913+0000] {dag.py:4180} INFO - Setting next_dagrun for dataset_with_extra_by_yield to 2025-09-16 00:00:00+00:00, run_after=2025-09-17 00:00:00+00:00
[2025-09-17T11:52:48.917+0000] {logging_mixin.py:190} INFO - [2025-09-17T11:52:48.916+0000] {dag.py:4180} INFO - Setting next_dagrun for dataset_with_extra_from_classic_operator to 2025-09-16 00:00:00+00:00, run_after=2025-09-17 00:00:00+00:00
[2025-09-17T11:52:48.944+0000] {processor.py:208} INFO - Processing /home/airflow/.local/lib/python3.12/site-packages/airflow/example_dags/example_outlet_event_extra.py took 0.291 seconds
[2025-09-17T11:53:19.424+0000] {processor.py:186} INFO - Started process (PID=1226) to work on /home/airflow/.local/lib/python3.12/site-packages/airflow/example_dags/example_outlet_event_extra.py
[2025-09-17T11:53:19.428+0000] {processor.py:914} INFO - Processing file /home/airflow/.local/lib/python3.12/site-packages/airflow/example_dags/example_outlet_event_extra.py for tasks to queue
[2025-09-17T11:53:19.435+0000] {logging_mixin.py:190} INFO - [2025-09-17T11:53:19.434+0000] {dagbag.py:588} INFO - Filling up the DagBag from /home/airflow/.local/lib/python3.12/site-packages/airflow/example_dags/example_outlet_event_extra.py
[2025-09-17T11:53:19.699+0000] {processor.py:925} INFO - DAG(s) 'dataset_with_extra_by_context', 'dataset_with_extra_by_yield', 'dataset_with_extra_from_classic_operator' retrieved from /home/airflow/.local/lib/python3.12/site-packages/airflow/example_dags/example_outlet_event_extra.py
[2025-09-17T11:53:19.749+0000] {logging_mixin.py:190} INFO - [2025-09-17T11:53:19.749+0000] {dag.py:3239} INFO - Sync 3 DAGs
[2025-09-17T11:53:19.795+0000] {logging_mixin.py:190} INFO - [2025-09-17T11:53:19.794+0000] {dag.py:4180} INFO - Setting next_dagrun for dataset_with_extra_by_context to 2025-09-16 00:00:00+00:00, run_after=2025-09-17 00:00:00+00:00
[2025-09-17T11:53:19.800+0000] {logging_mixin.py:190} INFO - [2025-09-17T11:53:19.800+0000] {dag.py:4180} INFO - Setting next_dagrun for dataset_with_extra_by_yield to 2025-09-16 00:00:00+00:00, run_after=2025-09-17 00:00:00+00:00
[2025-09-17T11:53:19.803+0000] {logging_mixin.py:190} INFO - [2025-09-17T11:53:19.803+0000] {dag.py:4180} INFO - Setting next_dagrun for dataset_with_extra_from_classic_operator to 2025-09-16 00:00:00+00:00, run_after=2025-09-17 00:00:00+00:00
[2025-09-17T11:53:19.833+0000] {processor.py:208} INFO - Processing /home/airflow/.local/lib/python3.12/site-packages/airflow/example_dags/example_outlet_event_extra.py took 0.431 seconds
