[2025-09-17T11:43:33.709+0000] {processor.py:186} INFO - Started process (PID=198) to work on /home/airflow/.local/lib/python3.12/site-packages/airflow/example_dags/example_dag_decorator.py
[2025-09-17T11:43:33.711+0000] {processor.py:914} INFO - Processing file /home/airflow/.local/lib/python3.12/site-packages/airflow/example_dags/example_dag_decorator.py for tasks to queue
[2025-09-17T11:43:33.714+0000] {logging_mixin.py:190} INFO - [2025-09-17T11:43:33.713+0000] {dagbag.py:588} INFO - Filling up the DagBag from /home/airflow/.local/lib/python3.12/site-packages/airflow/example_dags/example_dag_decorator.py
[2025-09-17T11:43:33.735+0000] {processor.py:925} INFO - DAG(s) 'example_dag_decorator' retrieved from /home/airflow/.local/lib/python3.12/site-packages/airflow/example_dags/example_dag_decorator.py
[2025-09-17T11:43:33.889+0000] {logging_mixin.py:190} INFO - [2025-09-17T11:43:33.888+0000] {override.py:1900} INFO - Created Permission View: can delete on DAG:example_dag_decorator
[2025-09-17T11:43:33.903+0000] {logging_mixin.py:190} INFO - [2025-09-17T11:43:33.903+0000] {override.py:1900} INFO - Created Permission View: can edit on DAG:example_dag_decorator
[2025-09-17T11:43:33.912+0000] {logging_mixin.py:190} INFO - [2025-09-17T11:43:33.912+0000] {override.py:1900} INFO - Created Permission View: can read on DAG:example_dag_decorator
[2025-09-17T11:43:33.923+0000] {logging_mixin.py:190} INFO - [2025-09-17T11:43:33.922+0000] {override.py:1900} INFO - Created Permission View: can delete on DAG Run:example_dag_decorator
[2025-09-17T11:43:33.933+0000] {logging_mixin.py:190} INFO - [2025-09-17T11:43:33.932+0000] {override.py:1900} INFO - Created Permission View: menu access on DAG Run:example_dag_decorator
[2025-09-17T11:43:33.942+0000] {logging_mixin.py:190} INFO - [2025-09-17T11:43:33.941+0000] {override.py:1900} INFO - Created Permission View: can read on DAG Run:example_dag_decorator
[2025-09-17T11:43:33.952+0000] {logging_mixin.py:190} INFO - [2025-09-17T11:43:33.951+0000] {override.py:1900} INFO - Created Permission View: can create on DAG Run:example_dag_decorator
[2025-09-17T11:43:33.953+0000] {logging_mixin.py:190} INFO - [2025-09-17T11:43:33.953+0000] {dag.py:3239} INFO - Sync 1 DAGs
[2025-09-17T11:43:33.970+0000] {logging_mixin.py:190} INFO - [2025-09-17T11:43:33.970+0000] {dag.py:3262} INFO - Creating ORM DAG for example_dag_decorator
[2025-09-17T11:43:33.972+0000] {logging_mixin.py:190} INFO - [2025-09-17T11:43:33.971+0000] {dag.py:4180} INFO - Setting next_dagrun for example_dag_decorator to None, run_after=None
[2025-09-17T11:43:33.992+0000] {processor.py:208} INFO - Processing /home/airflow/.local/lib/python3.12/site-packages/airflow/example_dags/example_dag_decorator.py took 0.291 seconds
[2025-09-17T11:44:05.791+0000] {processor.py:186} INFO - Started process (PID=106) to work on /home/airflow/.local/lib/python3.12/site-packages/airflow/example_dags/example_dag_decorator.py
[2025-09-17T11:44:05.793+0000] {processor.py:914} INFO - Processing file /home/airflow/.local/lib/python3.12/site-packages/airflow/example_dags/example_dag_decorator.py for tasks to queue
[2025-09-17T11:44:05.796+0000] {logging_mixin.py:190} INFO - [2025-09-17T11:44:05.796+0000] {dagbag.py:588} INFO - Filling up the DagBag from /home/airflow/.local/lib/python3.12/site-packages/airflow/example_dags/example_dag_decorator.py
[2025-09-17T11:44:05.811+0000] {processor.py:925} INFO - DAG(s) 'example_dag_decorator' retrieved from /home/airflow/.local/lib/python3.12/site-packages/airflow/example_dags/example_dag_decorator.py
[2025-09-17T11:44:06.004+0000] {logging_mixin.py:190} INFO - [2025-09-17T11:44:06.003+0000] {dag.py:3239} INFO - Sync 1 DAGs
[2025-09-17T11:44:06.024+0000] {logging_mixin.py:190} INFO - [2025-09-17T11:44:06.024+0000] {dag.py:4180} INFO - Setting next_dagrun for example_dag_decorator to None, run_after=None
[2025-09-17T11:44:06.049+0000] {processor.py:208} INFO - Processing /home/airflow/.local/lib/python3.12/site-packages/airflow/example_dags/example_dag_decorator.py took 0.264 seconds
[2025-09-17T11:44:36.434+0000] {processor.py:186} INFO - Started process (PID=168) to work on /home/airflow/.local/lib/python3.12/site-packages/airflow/example_dags/example_dag_decorator.py
[2025-09-17T11:44:36.435+0000] {processor.py:914} INFO - Processing file /home/airflow/.local/lib/python3.12/site-packages/airflow/example_dags/example_dag_decorator.py for tasks to queue
[2025-09-17T11:44:36.439+0000] {logging_mixin.py:190} INFO - [2025-09-17T11:44:36.438+0000] {dagbag.py:588} INFO - Filling up the DagBag from /home/airflow/.local/lib/python3.12/site-packages/airflow/example_dags/example_dag_decorator.py
[2025-09-17T11:44:36.460+0000] {processor.py:925} INFO - DAG(s) 'example_dag_decorator' retrieved from /home/airflow/.local/lib/python3.12/site-packages/airflow/example_dags/example_dag_decorator.py
[2025-09-17T11:44:36.598+0000] {logging_mixin.py:190} INFO - [2025-09-17T11:44:36.597+0000] {dag.py:3239} INFO - Sync 1 DAGs
[2025-09-17T11:44:36.615+0000] {logging_mixin.py:190} INFO - [2025-09-17T11:44:36.614+0000] {dag.py:4180} INFO - Setting next_dagrun for example_dag_decorator to None, run_after=None
[2025-09-17T11:44:36.645+0000] {processor.py:208} INFO - Processing /home/airflow/.local/lib/python3.12/site-packages/airflow/example_dags/example_dag_decorator.py took 0.219 seconds
[2025-09-17T11:45:07.579+0000] {processor.py:186} INFO - Started process (PID=230) to work on /home/airflow/.local/lib/python3.12/site-packages/airflow/example_dags/example_dag_decorator.py
[2025-09-17T11:45:07.581+0000] {processor.py:914} INFO - Processing file /home/airflow/.local/lib/python3.12/site-packages/airflow/example_dags/example_dag_decorator.py for tasks to queue
[2025-09-17T11:45:07.585+0000] {logging_mixin.py:190} INFO - [2025-09-17T11:45:07.584+0000] {dagbag.py:588} INFO - Filling up the DagBag from /home/airflow/.local/lib/python3.12/site-packages/airflow/example_dags/example_dag_decorator.py
[2025-09-17T11:45:07.605+0000] {processor.py:925} INFO - DAG(s) 'example_dag_decorator' retrieved from /home/airflow/.local/lib/python3.12/site-packages/airflow/example_dags/example_dag_decorator.py
[2025-09-17T11:45:07.778+0000] {logging_mixin.py:190} INFO - [2025-09-17T11:45:07.778+0000] {dag.py:3239} INFO - Sync 1 DAGs
[2025-09-17T11:45:07.794+0000] {logging_mixin.py:190} INFO - [2025-09-17T11:45:07.794+0000] {dag.py:4180} INFO - Setting next_dagrun for example_dag_decorator to None, run_after=None
[2025-09-17T11:45:07.819+0000] {processor.py:208} INFO - Processing /home/airflow/.local/lib/python3.12/site-packages/airflow/example_dags/example_dag_decorator.py took 0.251 seconds
[2025-09-17T11:45:38.647+0000] {processor.py:186} INFO - Started process (PID=292) to work on /home/airflow/.local/lib/python3.12/site-packages/airflow/example_dags/example_dag_decorator.py
[2025-09-17T11:45:38.648+0000] {processor.py:914} INFO - Processing file /home/airflow/.local/lib/python3.12/site-packages/airflow/example_dags/example_dag_decorator.py for tasks to queue
[2025-09-17T11:45:38.658+0000] {logging_mixin.py:190} INFO - [2025-09-17T11:45:38.658+0000] {dagbag.py:588} INFO - Filling up the DagBag from /home/airflow/.local/lib/python3.12/site-packages/airflow/example_dags/example_dag_decorator.py
[2025-09-17T11:45:38.686+0000] {processor.py:925} INFO - DAG(s) 'example_dag_decorator' retrieved from /home/airflow/.local/lib/python3.12/site-packages/airflow/example_dags/example_dag_decorator.py
[2025-09-17T11:45:38.846+0000] {logging_mixin.py:190} INFO - [2025-09-17T11:45:38.845+0000] {dag.py:3239} INFO - Sync 1 DAGs
[2025-09-17T11:45:38.861+0000] {logging_mixin.py:190} INFO - [2025-09-17T11:45:38.860+0000] {dag.py:4180} INFO - Setting next_dagrun for example_dag_decorator to None, run_after=None
[2025-09-17T11:45:38.885+0000] {processor.py:208} INFO - Processing /home/airflow/.local/lib/python3.12/site-packages/airflow/example_dags/example_dag_decorator.py took 0.247 seconds
[2025-09-17T11:46:09.565+0000] {processor.py:186} INFO - Started process (PID=355) to work on /home/airflow/.local/lib/python3.12/site-packages/airflow/example_dags/example_dag_decorator.py
[2025-09-17T11:46:09.567+0000] {processor.py:914} INFO - Processing file /home/airflow/.local/lib/python3.12/site-packages/airflow/example_dags/example_dag_decorator.py for tasks to queue
[2025-09-17T11:46:09.570+0000] {logging_mixin.py:190} INFO - [2025-09-17T11:46:09.570+0000] {dagbag.py:588} INFO - Filling up the DagBag from /home/airflow/.local/lib/python3.12/site-packages/airflow/example_dags/example_dag_decorator.py
[2025-09-17T11:46:09.595+0000] {processor.py:925} INFO - DAG(s) 'example_dag_decorator' retrieved from /home/airflow/.local/lib/python3.12/site-packages/airflow/example_dags/example_dag_decorator.py
[2025-09-17T11:46:09.811+0000] {logging_mixin.py:190} INFO - [2025-09-17T11:46:09.809+0000] {dag.py:3239} INFO - Sync 1 DAGs
[2025-09-17T11:46:09.861+0000] {logging_mixin.py:190} INFO - [2025-09-17T11:46:09.861+0000] {dag.py:4180} INFO - Setting next_dagrun for example_dag_decorator to None, run_after=None
[2025-09-17T11:46:09.919+0000] {processor.py:208} INFO - Processing /home/airflow/.local/lib/python3.12/site-packages/airflow/example_dags/example_dag_decorator.py took 0.366 seconds
[2025-09-17T11:46:40.950+0000] {processor.py:186} INFO - Started process (PID=417) to work on /home/airflow/.local/lib/python3.12/site-packages/airflow/example_dags/example_dag_decorator.py
[2025-09-17T11:46:40.952+0000] {processor.py:914} INFO - Processing file /home/airflow/.local/lib/python3.12/site-packages/airflow/example_dags/example_dag_decorator.py for tasks to queue
[2025-09-17T11:46:40.956+0000] {logging_mixin.py:190} INFO - [2025-09-17T11:46:40.955+0000] {dagbag.py:588} INFO - Filling up the DagBag from /home/airflow/.local/lib/python3.12/site-packages/airflow/example_dags/example_dag_decorator.py
[2025-09-17T11:46:40.975+0000] {processor.py:925} INFO - DAG(s) 'example_dag_decorator' retrieved from /home/airflow/.local/lib/python3.12/site-packages/airflow/example_dags/example_dag_decorator.py
[2025-09-17T11:46:41.150+0000] {logging_mixin.py:190} INFO - [2025-09-17T11:46:41.150+0000] {dag.py:3239} INFO - Sync 1 DAGs
[2025-09-17T11:46:41.165+0000] {logging_mixin.py:190} INFO - [2025-09-17T11:46:41.165+0000] {dag.py:4180} INFO - Setting next_dagrun for example_dag_decorator to None, run_after=None
[2025-09-17T11:46:41.189+0000] {processor.py:208} INFO - Processing /home/airflow/.local/lib/python3.12/site-packages/airflow/example_dags/example_dag_decorator.py took 0.256 seconds
[2025-09-17T11:47:11.668+0000] {processor.py:186} INFO - Started process (PID=479) to work on /home/airflow/.local/lib/python3.12/site-packages/airflow/example_dags/example_dag_decorator.py
[2025-09-17T11:47:11.670+0000] {processor.py:914} INFO - Processing file /home/airflow/.local/lib/python3.12/site-packages/airflow/example_dags/example_dag_decorator.py for tasks to queue
[2025-09-17T11:47:11.673+0000] {logging_mixin.py:190} INFO - [2025-09-17T11:47:11.672+0000] {dagbag.py:588} INFO - Filling up the DagBag from /home/airflow/.local/lib/python3.12/site-packages/airflow/example_dags/example_dag_decorator.py
[2025-09-17T11:47:11.688+0000] {processor.py:925} INFO - DAG(s) 'example_dag_decorator' retrieved from /home/airflow/.local/lib/python3.12/site-packages/airflow/example_dags/example_dag_decorator.py
[2025-09-17T11:47:11.827+0000] {logging_mixin.py:190} INFO - [2025-09-17T11:47:11.827+0000] {dag.py:3239} INFO - Sync 1 DAGs
[2025-09-17T11:47:11.841+0000] {logging_mixin.py:190} INFO - [2025-09-17T11:47:11.840+0000] {dag.py:4180} INFO - Setting next_dagrun for example_dag_decorator to None, run_after=None
[2025-09-17T11:47:11.867+0000] {processor.py:208} INFO - Processing /home/airflow/.local/lib/python3.12/site-packages/airflow/example_dags/example_dag_decorator.py took 0.207 seconds
[2025-09-17T11:47:42.401+0000] {processor.py:186} INFO - Started process (PID=542) to work on /home/airflow/.local/lib/python3.12/site-packages/airflow/example_dags/example_dag_decorator.py
[2025-09-17T11:47:42.403+0000] {processor.py:914} INFO - Processing file /home/airflow/.local/lib/python3.12/site-packages/airflow/example_dags/example_dag_decorator.py for tasks to queue
[2025-09-17T11:47:42.407+0000] {logging_mixin.py:190} INFO - [2025-09-17T11:47:42.406+0000] {dagbag.py:588} INFO - Filling up the DagBag from /home/airflow/.local/lib/python3.12/site-packages/airflow/example_dags/example_dag_decorator.py
[2025-09-17T11:47:42.425+0000] {processor.py:925} INFO - DAG(s) 'example_dag_decorator' retrieved from /home/airflow/.local/lib/python3.12/site-packages/airflow/example_dags/example_dag_decorator.py
[2025-09-17T11:47:42.566+0000] {logging_mixin.py:190} INFO - [2025-09-17T11:47:42.566+0000] {dag.py:3239} INFO - Sync 1 DAGs
[2025-09-17T11:47:42.581+0000] {logging_mixin.py:190} INFO - [2025-09-17T11:47:42.581+0000] {dag.py:4180} INFO - Setting next_dagrun for example_dag_decorator to None, run_after=None
[2025-09-17T11:47:42.608+0000] {processor.py:208} INFO - Processing /home/airflow/.local/lib/python3.12/site-packages/airflow/example_dags/example_dag_decorator.py took 0.216 seconds
[2025-09-17T11:48:12.656+0000] {processor.py:186} INFO - Started process (PID=604) to work on /home/airflow/.local/lib/python3.12/site-packages/airflow/example_dags/example_dag_decorator.py
[2025-09-17T11:48:12.658+0000] {processor.py:914} INFO - Processing file /home/airflow/.local/lib/python3.12/site-packages/airflow/example_dags/example_dag_decorator.py for tasks to queue
[2025-09-17T11:48:12.661+0000] {logging_mixin.py:190} INFO - [2025-09-17T11:48:12.660+0000] {dagbag.py:588} INFO - Filling up the DagBag from /home/airflow/.local/lib/python3.12/site-packages/airflow/example_dags/example_dag_decorator.py
[2025-09-17T11:48:12.676+0000] {processor.py:925} INFO - DAG(s) 'example_dag_decorator' retrieved from /home/airflow/.local/lib/python3.12/site-packages/airflow/example_dags/example_dag_decorator.py
[2025-09-17T11:48:12.706+0000] {logging_mixin.py:190} INFO - [2025-09-17T11:48:12.706+0000] {dag.py:3239} INFO - Sync 1 DAGs
[2025-09-17T11:48:12.723+0000] {logging_mixin.py:190} INFO - [2025-09-17T11:48:12.723+0000] {dag.py:4180} INFO - Setting next_dagrun for example_dag_decorator to None, run_after=None
[2025-09-17T11:48:12.746+0000] {processor.py:208} INFO - Processing /home/airflow/.local/lib/python3.12/site-packages/airflow/example_dags/example_dag_decorator.py took 0.097 seconds
[2025-09-17T11:48:43.468+0000] {processor.py:186} INFO - Started process (PID=666) to work on /home/airflow/.local/lib/python3.12/site-packages/airflow/example_dags/example_dag_decorator.py
[2025-09-17T11:48:43.471+0000] {processor.py:914} INFO - Processing file /home/airflow/.local/lib/python3.12/site-packages/airflow/example_dags/example_dag_decorator.py for tasks to queue
[2025-09-17T11:48:43.474+0000] {logging_mixin.py:190} INFO - [2025-09-17T11:48:43.474+0000] {dagbag.py:588} INFO - Filling up the DagBag from /home/airflow/.local/lib/python3.12/site-packages/airflow/example_dags/example_dag_decorator.py
[2025-09-17T11:48:43.489+0000] {processor.py:925} INFO - DAG(s) 'example_dag_decorator' retrieved from /home/airflow/.local/lib/python3.12/site-packages/airflow/example_dags/example_dag_decorator.py
[2025-09-17T11:48:43.649+0000] {logging_mixin.py:190} INFO - [2025-09-17T11:48:43.649+0000] {dag.py:3239} INFO - Sync 1 DAGs
[2025-09-17T11:48:43.665+0000] {logging_mixin.py:190} INFO - [2025-09-17T11:48:43.664+0000] {dag.py:4180} INFO - Setting next_dagrun for example_dag_decorator to None, run_after=None
[2025-09-17T11:48:43.696+0000] {processor.py:208} INFO - Processing /home/airflow/.local/lib/python3.12/site-packages/airflow/example_dags/example_dag_decorator.py took 0.238 seconds
[2025-09-17T11:49:14.151+0000] {processor.py:186} INFO - Started process (PID=729) to work on /home/airflow/.local/lib/python3.12/site-packages/airflow/example_dags/example_dag_decorator.py
[2025-09-17T11:49:14.152+0000] {processor.py:914} INFO - Processing file /home/airflow/.local/lib/python3.12/site-packages/airflow/example_dags/example_dag_decorator.py for tasks to queue
[2025-09-17T11:49:14.156+0000] {logging_mixin.py:190} INFO - [2025-09-17T11:49:14.155+0000] {dagbag.py:588} INFO - Filling up the DagBag from /home/airflow/.local/lib/python3.12/site-packages/airflow/example_dags/example_dag_decorator.py
[2025-09-17T11:49:14.171+0000] {processor.py:925} INFO - DAG(s) 'example_dag_decorator' retrieved from /home/airflow/.local/lib/python3.12/site-packages/airflow/example_dags/example_dag_decorator.py
[2025-09-17T11:49:14.310+0000] {logging_mixin.py:190} INFO - [2025-09-17T11:49:14.310+0000] {dag.py:3239} INFO - Sync 1 DAGs
[2025-09-17T11:49:14.325+0000] {logging_mixin.py:190} INFO - [2025-09-17T11:49:14.325+0000] {dag.py:4180} INFO - Setting next_dagrun for example_dag_decorator to None, run_after=None
[2025-09-17T11:49:14.350+0000] {processor.py:208} INFO - Processing /home/airflow/.local/lib/python3.12/site-packages/airflow/example_dags/example_dag_decorator.py took 0.207 seconds
[2025-09-17T11:49:44.496+0000] {processor.py:186} INFO - Started process (PID=791) to work on /home/airflow/.local/lib/python3.12/site-packages/airflow/example_dags/example_dag_decorator.py
[2025-09-17T11:49:44.498+0000] {processor.py:914} INFO - Processing file /home/airflow/.local/lib/python3.12/site-packages/airflow/example_dags/example_dag_decorator.py for tasks to queue
[2025-09-17T11:49:44.502+0000] {logging_mixin.py:190} INFO - [2025-09-17T11:49:44.502+0000] {dagbag.py:588} INFO - Filling up the DagBag from /home/airflow/.local/lib/python3.12/site-packages/airflow/example_dags/example_dag_decorator.py
[2025-09-17T11:49:44.523+0000] {processor.py:925} INFO - DAG(s) 'example_dag_decorator' retrieved from /home/airflow/.local/lib/python3.12/site-packages/airflow/example_dags/example_dag_decorator.py
[2025-09-17T11:49:44.718+0000] {logging_mixin.py:190} INFO - [2025-09-17T11:49:44.718+0000] {dag.py:3239} INFO - Sync 1 DAGs
[2025-09-17T11:49:44.736+0000] {logging_mixin.py:190} INFO - [2025-09-17T11:49:44.735+0000] {dag.py:4180} INFO - Setting next_dagrun for example_dag_decorator to None, run_after=None
[2025-09-17T11:49:44.770+0000] {processor.py:208} INFO - Processing /home/airflow/.local/lib/python3.12/site-packages/airflow/example_dags/example_dag_decorator.py took 0.283 seconds
[2025-09-17T11:50:15.328+0000] {processor.py:186} INFO - Started process (PID=853) to work on /home/airflow/.local/lib/python3.12/site-packages/airflow/example_dags/example_dag_decorator.py
[2025-09-17T11:50:15.330+0000] {processor.py:914} INFO - Processing file /home/airflow/.local/lib/python3.12/site-packages/airflow/example_dags/example_dag_decorator.py for tasks to queue
[2025-09-17T11:50:15.335+0000] {logging_mixin.py:190} INFO - [2025-09-17T11:50:15.334+0000] {dagbag.py:588} INFO - Filling up the DagBag from /home/airflow/.local/lib/python3.12/site-packages/airflow/example_dags/example_dag_decorator.py
[2025-09-17T11:50:15.359+0000] {processor.py:925} INFO - DAG(s) 'example_dag_decorator' retrieved from /home/airflow/.local/lib/python3.12/site-packages/airflow/example_dags/example_dag_decorator.py
[2025-09-17T11:50:15.547+0000] {logging_mixin.py:190} INFO - [2025-09-17T11:50:15.546+0000] {dag.py:3239} INFO - Sync 1 DAGs
[2025-09-17T11:50:15.564+0000] {logging_mixin.py:190} INFO - [2025-09-17T11:50:15.563+0000] {dag.py:4180} INFO - Setting next_dagrun for example_dag_decorator to None, run_after=None
[2025-09-17T11:50:15.592+0000] {processor.py:208} INFO - Processing /home/airflow/.local/lib/python3.12/site-packages/airflow/example_dags/example_dag_decorator.py took 0.273 seconds
[2025-09-17T11:50:45.938+0000] {processor.py:186} INFO - Started process (PID=915) to work on /home/airflow/.local/lib/python3.12/site-packages/airflow/example_dags/example_dag_decorator.py
[2025-09-17T11:50:45.939+0000] {processor.py:914} INFO - Processing file /home/airflow/.local/lib/python3.12/site-packages/airflow/example_dags/example_dag_decorator.py for tasks to queue
[2025-09-17T11:50:45.943+0000] {logging_mixin.py:190} INFO - [2025-09-17T11:50:45.943+0000] {dagbag.py:588} INFO - Filling up the DagBag from /home/airflow/.local/lib/python3.12/site-packages/airflow/example_dags/example_dag_decorator.py
[2025-09-17T11:50:45.969+0000] {processor.py:925} INFO - DAG(s) 'example_dag_decorator' retrieved from /home/airflow/.local/lib/python3.12/site-packages/airflow/example_dags/example_dag_decorator.py
[2025-09-17T11:50:46.154+0000] {logging_mixin.py:190} INFO - [2025-09-17T11:50:46.153+0000] {dag.py:3239} INFO - Sync 1 DAGs
[2025-09-17T11:50:46.169+0000] {logging_mixin.py:190} INFO - [2025-09-17T11:50:46.169+0000] {dag.py:4180} INFO - Setting next_dagrun for example_dag_decorator to None, run_after=None
[2025-09-17T11:50:46.199+0000] {processor.py:208} INFO - Processing /home/airflow/.local/lib/python3.12/site-packages/airflow/example_dags/example_dag_decorator.py took 0.271 seconds
[2025-09-17T11:51:17.145+0000] {processor.py:186} INFO - Started process (PID=977) to work on /home/airflow/.local/lib/python3.12/site-packages/airflow/example_dags/example_dag_decorator.py
[2025-09-17T11:51:17.146+0000] {processor.py:914} INFO - Processing file /home/airflow/.local/lib/python3.12/site-packages/airflow/example_dags/example_dag_decorator.py for tasks to queue
[2025-09-17T11:51:17.150+0000] {logging_mixin.py:190} INFO - [2025-09-17T11:51:17.149+0000] {dagbag.py:588} INFO - Filling up the DagBag from /home/airflow/.local/lib/python3.12/site-packages/airflow/example_dags/example_dag_decorator.py
[2025-09-17T11:51:17.166+0000] {processor.py:925} INFO - DAG(s) 'example_dag_decorator' retrieved from /home/airflow/.local/lib/python3.12/site-packages/airflow/example_dags/example_dag_decorator.py
[2025-09-17T11:51:17.300+0000] {logging_mixin.py:190} INFO - [2025-09-17T11:51:17.299+0000] {dag.py:3239} INFO - Sync 1 DAGs
[2025-09-17T11:51:17.313+0000] {logging_mixin.py:190} INFO - [2025-09-17T11:51:17.313+0000] {dag.py:4180} INFO - Setting next_dagrun for example_dag_decorator to None, run_after=None
[2025-09-17T11:51:17.339+0000] {processor.py:208} INFO - Processing /home/airflow/.local/lib/python3.12/site-packages/airflow/example_dags/example_dag_decorator.py took 0.202 seconds
[2025-09-17T11:51:47.839+0000] {processor.py:186} INFO - Started process (PID=1039) to work on /home/airflow/.local/lib/python3.12/site-packages/airflow/example_dags/example_dag_decorator.py
[2025-09-17T11:51:47.841+0000] {processor.py:914} INFO - Processing file /home/airflow/.local/lib/python3.12/site-packages/airflow/example_dags/example_dag_decorator.py for tasks to queue
[2025-09-17T11:51:47.845+0000] {logging_mixin.py:190} INFO - [2025-09-17T11:51:47.844+0000] {dagbag.py:588} INFO - Filling up the DagBag from /home/airflow/.local/lib/python3.12/site-packages/airflow/example_dags/example_dag_decorator.py
[2025-09-17T11:51:47.861+0000] {processor.py:925} INFO - DAG(s) 'example_dag_decorator' retrieved from /home/airflow/.local/lib/python3.12/site-packages/airflow/example_dags/example_dag_decorator.py
[2025-09-17T11:51:48.006+0000] {logging_mixin.py:190} INFO - [2025-09-17T11:51:48.006+0000] {dag.py:3239} INFO - Sync 1 DAGs
[2025-09-17T11:51:48.021+0000] {logging_mixin.py:190} INFO - [2025-09-17T11:51:48.021+0000] {dag.py:4180} INFO - Setting next_dagrun for example_dag_decorator to None, run_after=None
[2025-09-17T11:51:48.048+0000] {processor.py:208} INFO - Processing /home/airflow/.local/lib/python3.12/site-packages/airflow/example_dags/example_dag_decorator.py took 0.218 seconds
[2025-09-17T11:52:18.196+0000] {processor.py:186} INFO - Started process (PID=1101) to work on /home/airflow/.local/lib/python3.12/site-packages/airflow/example_dags/example_dag_decorator.py
[2025-09-17T11:52:18.198+0000] {processor.py:914} INFO - Processing file /home/airflow/.local/lib/python3.12/site-packages/airflow/example_dags/example_dag_decorator.py for tasks to queue
[2025-09-17T11:52:18.201+0000] {logging_mixin.py:190} INFO - [2025-09-17T11:52:18.200+0000] {dagbag.py:588} INFO - Filling up the DagBag from /home/airflow/.local/lib/python3.12/site-packages/airflow/example_dags/example_dag_decorator.py
[2025-09-17T11:52:18.215+0000] {processor.py:925} INFO - DAG(s) 'example_dag_decorator' retrieved from /home/airflow/.local/lib/python3.12/site-packages/airflow/example_dags/example_dag_decorator.py
[2025-09-17T11:52:18.361+0000] {logging_mixin.py:190} INFO - [2025-09-17T11:52:18.361+0000] {dag.py:3239} INFO - Sync 1 DAGs
[2025-09-17T11:52:18.376+0000] {logging_mixin.py:190} INFO - [2025-09-17T11:52:18.376+0000] {dag.py:4180} INFO - Setting next_dagrun for example_dag_decorator to None, run_after=None
[2025-09-17T11:52:18.404+0000] {processor.py:208} INFO - Processing /home/airflow/.local/lib/python3.12/site-packages/airflow/example_dags/example_dag_decorator.py took 0.215 seconds
[2025-09-17T11:52:48.661+0000] {processor.py:186} INFO - Started process (PID=1163) to work on /home/airflow/.local/lib/python3.12/site-packages/airflow/example_dags/example_dag_decorator.py
[2025-09-17T11:52:48.663+0000] {processor.py:914} INFO - Processing file /home/airflow/.local/lib/python3.12/site-packages/airflow/example_dags/example_dag_decorator.py for tasks to queue
[2025-09-17T11:52:48.667+0000] {logging_mixin.py:190} INFO - [2025-09-17T11:52:48.666+0000] {dagbag.py:588} INFO - Filling up the DagBag from /home/airflow/.local/lib/python3.12/site-packages/airflow/example_dags/example_dag_decorator.py
[2025-09-17T11:52:48.682+0000] {processor.py:925} INFO - DAG(s) 'example_dag_decorator' retrieved from /home/airflow/.local/lib/python3.12/site-packages/airflow/example_dags/example_dag_decorator.py
[2025-09-17T11:52:48.827+0000] {logging_mixin.py:190} INFO - [2025-09-17T11:52:48.827+0000] {dag.py:3239} INFO - Sync 1 DAGs
[2025-09-17T11:52:48.843+0000] {logging_mixin.py:190} INFO - [2025-09-17T11:52:48.843+0000] {dag.py:4180} INFO - Setting next_dagrun for example_dag_decorator to None, run_after=None
[2025-09-17T11:52:48.869+0000] {processor.py:208} INFO - Processing /home/airflow/.local/lib/python3.12/site-packages/airflow/example_dags/example_dag_decorator.py took 0.219 seconds
[2025-09-17T11:53:19.414+0000] {processor.py:186} INFO - Started process (PID=1225) to work on /home/airflow/.local/lib/python3.12/site-packages/airflow/example_dags/example_dag_decorator.py
[2025-09-17T11:53:19.416+0000] {processor.py:914} INFO - Processing file /home/airflow/.local/lib/python3.12/site-packages/airflow/example_dags/example_dag_decorator.py for tasks to queue
[2025-09-17T11:53:19.422+0000] {logging_mixin.py:190} INFO - [2025-09-17T11:53:19.421+0000] {dagbag.py:588} INFO - Filling up the DagBag from /home/airflow/.local/lib/python3.12/site-packages/airflow/example_dags/example_dag_decorator.py
[2025-09-17T11:53:19.465+0000] {processor.py:925} INFO - DAG(s) 'example_dag_decorator' retrieved from /home/airflow/.local/lib/python3.12/site-packages/airflow/example_dags/example_dag_decorator.py
[2025-09-17T11:53:19.667+0000] {logging_mixin.py:190} INFO - [2025-09-17T11:53:19.666+0000] {dag.py:3239} INFO - Sync 1 DAGs
[2025-09-17T11:53:19.684+0000] {logging_mixin.py:190} INFO - [2025-09-17T11:53:19.684+0000] {dag.py:4180} INFO - Setting next_dagrun for example_dag_decorator to None, run_after=None
[2025-09-17T11:53:19.723+0000] {processor.py:208} INFO - Processing /home/airflow/.local/lib/python3.12/site-packages/airflow/example_dags/example_dag_decorator.py took 0.333 seconds
