[2025-09-18T05:34:12.894+0000] {local_task_job_runner.py:123} INFO - ::group::Pre task execution logs
[2025-09-18T05:34:12.958+0000] {taskinstance.py:2612} INFO - Dependencies all met for dep_context=non-requeueable deps ti=<TaskInstance: dataset_produces_2.producing_task_2 manual__2025-09-18T05:34:08.387425+00:00 [queued]>
[2025-09-18T05:34:12.985+0000] {taskinstance.py:2612} INFO - Dependencies all met for dep_context=requeueable deps ti=<TaskInstance: dataset_produces_2.producing_task_2 manual__2025-09-18T05:34:08.387425+00:00 [queued]>
[2025-09-18T05:34:12.988+0000] {taskinstance.py:2865} INFO - Starting attempt 1 of 1
[2025-09-18T05:34:13.036+0000] {taskinstance.py:2888} INFO - Executing <Task(BashOperator): producing_task_2> on 2025-09-18 05:34:08.387425+00:00
[2025-09-18T05:34:13.064+0000] {warnings.py:112} WARNING - /home/***/.local/lib/python3.12/site-packages/***/task/task_runner/standard_task_runner.py:70: DeprecationWarning: This process (pid=210) is multi-threaded, use of fork() may lead to deadlocks in the child.
  pid = os.fork()

[2025-09-18T05:34:13.068+0000] {standard_task_runner.py:72} INFO - Started process 219 to run task
[2025-09-18T05:34:13.072+0000] {standard_task_runner.py:104} INFO - Running: ['***', 'tasks', 'run', 'dataset_produces_2', 'producing_task_2', 'manual__2025-09-18T05:34:08.387425+00:00', '--job-id', '19', '--raw', '--subdir', '/home/***/.local/lib/python3.12/site-packages/***/example_dags/example_datasets.py', '--cfg-path', '/tmp/tmpzmtq7z7j']
[2025-09-18T05:34:13.078+0000] {standard_task_runner.py:105} INFO - Job 19: Subtask producing_task_2
[2025-09-18T05:34:13.298+0000] {task_command.py:467} INFO - Running <TaskInstance: dataset_produces_2.producing_task_2 manual__2025-09-18T05:34:08.387425+00:00 [running]> on host 7f8c5cf1dc7b
[2025-09-18T05:34:13.509+0000] {taskinstance.py:3131} INFO - Exporting env vars: AIRFLOW_CTX_DAG_OWNER='***' AIRFLOW_CTX_DAG_ID='dataset_produces_2' AIRFLOW_CTX_TASK_ID='producing_task_2' AIRFLOW_CTX_EXECUTION_DATE='2025-09-18T05:34:08.387425+00:00' AIRFLOW_CTX_TRY_NUMBER='1' AIRFLOW_CTX_DAG_RUN_ID='manual__2025-09-18T05:34:08.387425+00:00'
[2025-09-18T05:34:13.513+0000] {logging_mixin.py:190} INFO - Task instance is in running state
[2025-09-18T05:34:13.515+0000] {logging_mixin.py:190} INFO -  Previous state of the Task instance: queued
[2025-09-18T05:34:13.517+0000] {logging_mixin.py:190} INFO - Current task name:producing_task_2 state:running start_date:2025-09-18 05:34:12.960398+00:00
[2025-09-18T05:34:13.519+0000] {logging_mixin.py:190} INFO - Dag name:dataset_produces_2 and current dag run status:running
[2025-09-18T05:34:13.520+0000] {taskinstance.py:731} INFO - ::endgroup::
[2025-09-18T05:34:13.524+0000] {subprocess.py:63} INFO - Tmp dir root location: /tmp
[2025-09-18T05:34:13.528+0000] {subprocess.py:75} INFO - Running command: ['/usr/bin/bash', '-c', 'sleep 5']
[2025-09-18T05:34:13.567+0000] {subprocess.py:86} INFO - Output:
[2025-09-18T05:34:18.576+0000] {subprocess.py:97} INFO - Command exited with return code 0
[2025-09-18T05:34:18.629+0000] {taskinstance.py:340} INFO - ::group::Post task execution logs
[2025-09-18T05:34:18.630+0000] {taskinstance.py:352} INFO - Marking task as SUCCESS. dag_id=dataset_produces_2, task_id=producing_task_2, run_id=manual__2025-09-18T05:34:08.387425+00:00, execution_date=20250918T053408, start_date=20250918T053412, end_date=20250918T053418
[2025-09-18T05:34:18.664+0000] {logging_mixin.py:190} INFO - Task instance in success state
[2025-09-18T05:34:18.665+0000] {logging_mixin.py:190} INFO -  Previous state of the Task instance: running
[2025-09-18T05:34:18.666+0000] {logging_mixin.py:190} INFO - Dag name:dataset_produces_2 queued_at:2025-09-18 05:34:08.407688+00:00
[2025-09-18T05:34:18.667+0000] {logging_mixin.py:190} INFO - Task hostname:7f8c5cf1dc7b operator:BashOperator
[2025-09-18T05:34:18.705+0000] {local_task_job_runner.py:266} INFO - Task exited with return code 0
[2025-09-18T05:34:18.725+0000] {taskinstance.py:3900} INFO - 0 downstream tasks scheduled from follow-on schedule check
[2025-09-18T05:34:18.732+0000] {local_task_job_runner.py:245} INFO - ::endgroup::
