[2025-09-18T05:36:26.350+0000] {local_task_job_runner.py:123} INFO - ::group::Pre task execution logs
[2025-09-18T05:36:26.385+0000] {taskinstance.py:2612} INFO - Dependencies all met for dep_context=non-requeueable deps ti=<TaskInstance: example_branch_python_operator_decorator.branching_ext_python scheduled__2025-09-17T00:00:00+00:00 [queued]>
[2025-09-18T05:36:26.399+0000] {taskinstance.py:2612} INFO - Dependencies all met for dep_context=requeueable deps ti=<TaskInstance: example_branch_python_operator_decorator.branching_ext_python scheduled__2025-09-17T00:00:00+00:00 [queued]>
[2025-09-18T05:36:26.401+0000] {taskinstance.py:2865} INFO - Starting attempt 1 of 1
[2025-09-18T05:36:26.428+0000] {taskinstance.py:2888} INFO - Executing <Task(_BranchExternalPythonDecoratedOperator): branching_ext_python> on 2025-09-17 00:00:00+00:00
[2025-09-18T05:36:26.443+0000] {warnings.py:112} WARNING - /home/***/.local/lib/python3.12/site-packages/***/task/task_runner/standard_task_runner.py:70: DeprecationWarning: This process (pid=315) is multi-threaded, use of fork() may lead to deadlocks in the child.
  pid = os.fork()

[2025-09-18T05:36:26.447+0000] {standard_task_runner.py:72} INFO - Started process 320 to run task
[2025-09-18T05:36:26.447+0000] {standard_task_runner.py:104} INFO - Running: ['***', 'tasks', 'run', 'example_branch_python_operator_decorator', 'branching_ext_python', 'scheduled__2025-09-17T00:00:00+00:00', '--job-id', '37', '--raw', '--subdir', '/home/***/.local/lib/python3.12/site-packages/***/example_dags/example_branch_operator_decorator.py', '--cfg-path', '/tmp/tmpno3l0er1']
[2025-09-18T05:36:26.449+0000] {standard_task_runner.py:105} INFO - Job 37: Subtask branching_ext_python
[2025-09-18T05:36:26.564+0000] {task_command.py:467} INFO - Running <TaskInstance: example_branch_python_operator_decorator.branching_ext_python scheduled__2025-09-17T00:00:00+00:00 [running]> on host 7f8c5cf1dc7b
[2025-09-18T05:36:26.698+0000] {taskinstance.py:3131} INFO - Exporting env vars: AIRFLOW_CTX_DAG_OWNER='***' AIRFLOW_CTX_DAG_ID='example_branch_python_operator_decorator' AIRFLOW_CTX_TASK_ID='branching_ext_python' AIRFLOW_CTX_EXECUTION_DATE='2025-09-17T00:00:00+00:00' AIRFLOW_CTX_TRY_NUMBER='1' AIRFLOW_CTX_DAG_RUN_ID='scheduled__2025-09-17T00:00:00+00:00'
[2025-09-18T05:36:26.700+0000] {logging_mixin.py:190} INFO - Task instance is in running state
[2025-09-18T05:36:26.701+0000] {logging_mixin.py:190} INFO -  Previous state of the Task instance: queued
[2025-09-18T05:36:26.701+0000] {logging_mixin.py:190} INFO - Current task name:branching_ext_python state:running start_date:2025-09-18 05:36:26.388390+00:00
[2025-09-18T05:36:26.702+0000] {logging_mixin.py:190} INFO - Dag name:example_branch_python_operator_decorator and current dag run status:running
[2025-09-18T05:36:26.702+0000] {taskinstance.py:731} INFO - ::endgroup::
[2025-09-18T05:36:27.195+0000] {python.py:513} INFO - Use 'pickle' as serializer.
[2025-09-18T05:36:27.209+0000] {process_utils.py:186} INFO - Executing cmd: /home/***/.local/bin/python /tmp/venv-callujcj9g4c/script.py /tmp/venv-callujcj9g4c/script.in /tmp/venv-callujcj9g4c/script.out /tmp/venv-callujcj9g4c/string_args.txt /tmp/venv-callujcj9g4c/termination.log
[2025-09-18T05:36:27.210+0000] {process_utils.py:190} INFO - Output:
[2025-09-18T05:36:31.706+0000] {python.py:240} INFO - Done. Returned value was: ext_py_d
[2025-09-18T05:36:31.707+0000] {branch.py:38} INFO - Branch into ext_py_d
[2025-09-18T05:36:31.708+0000] {skipmixin.py:230} INFO - Following branch ('ext_py_d',)
[2025-09-18T05:36:31.729+0000] {skipmixin.py:278} INFO - Skipping tasks [('ext_py_a', -1), ('ext_py_b', -1), ('ext_py_c', -1)]
[2025-09-18T05:36:31.804+0000] {taskinstance.py:340} INFO - ::group::Post task execution logs
[2025-09-18T05:36:31.805+0000] {taskinstance.py:352} INFO - Marking task as SUCCESS. dag_id=example_branch_python_operator_decorator, task_id=branching_ext_python, run_id=scheduled__2025-09-17T00:00:00+00:00, execution_date=20250917T000000, start_date=20250918T053626, end_date=20250918T053631
[2025-09-18T05:36:31.835+0000] {logging_mixin.py:190} INFO - Task instance in success state
[2025-09-18T05:36:31.836+0000] {logging_mixin.py:190} INFO -  Previous state of the Task instance: running
[2025-09-18T05:36:31.836+0000] {logging_mixin.py:190} INFO - Dag name:example_branch_python_operator_decorator queued_at:2025-09-18 05:36:18.027954+00:00
[2025-09-18T05:36:31.837+0000] {logging_mixin.py:190} INFO - Task hostname:7f8c5cf1dc7b operator:_BranchExternalPythonDecoratedOperator
[2025-09-18T05:36:31.887+0000] {local_task_job_runner.py:266} INFO - Task exited with return code 0
[2025-09-18T05:36:31.946+0000] {taskinstance.py:3900} INFO - 1 downstream tasks scheduled from follow-on schedule check
[2025-09-18T05:36:31.951+0000] {local_task_job_runner.py:245} INFO - ::endgroup::
