[2025-09-18T05:36:40.786+0000] {local_task_job_runner.py:123} INFO - ::group::Pre task execution logs
[2025-09-18T05:36:40.847+0000] {taskinstance.py:2612} INFO - Dependencies all met for dep_context=non-requeueable deps ti=<TaskInstance: example_weekday_branch_operator.make_weekend_choice scheduled__2025-09-17T00:00:00+00:00 [queued]>
[2025-09-18T05:36:40.870+0000] {taskinstance.py:2612} INFO - Dependencies all met for dep_context=requeueable deps ti=<TaskInstance: example_weekday_branch_operator.make_weekend_choice scheduled__2025-09-17T00:00:00+00:00 [queued]>
[2025-09-18T05:36:40.871+0000] {taskinstance.py:2865} INFO - Starting attempt 1 of 1
[2025-09-18T05:36:40.918+0000] {taskinstance.py:2888} INFO - Executing <Task(BranchDayOfWeekOperator): make_weekend_choice> on 2025-09-17 00:00:00+00:00
[2025-09-18T05:36:40.948+0000] {warnings.py:112} WARNING - /home/***/.local/lib/python3.12/site-packages/***/task/task_runner/standard_task_runner.py:70: DeprecationWarning: This process (pid=374) is multi-threaded, use of fork() may lead to deadlocks in the child.
  pid = os.fork()

[2025-09-18T05:36:40.954+0000] {standard_task_runner.py:104} INFO - Running: ['***', 'tasks', 'run', 'example_weekday_branch_operator', 'make_weekend_choice', 'scheduled__2025-09-17T00:00:00+00:00', '--job-id', '43', '--raw', '--subdir', '/home/***/.local/lib/python3.12/site-packages/***/example_dags/example_branch_day_of_week_operator.py', '--cfg-path', '/tmp/tmpijeb3081']
[2025-09-18T05:36:40.965+0000] {standard_task_runner.py:105} INFO - Job 43: Subtask make_weekend_choice
[2025-09-18T05:36:40.960+0000] {standard_task_runner.py:72} INFO - Started process 394 to run task
[2025-09-18T05:36:41.168+0000] {task_command.py:467} INFO - Running <TaskInstance: example_weekday_branch_operator.make_weekend_choice scheduled__2025-09-17T00:00:00+00:00 [running]> on host 7f8c5cf1dc7b
[2025-09-18T05:36:41.391+0000] {taskinstance.py:3131} INFO - Exporting env vars: AIRFLOW_CTX_DAG_OWNER='***' AIRFLOW_CTX_DAG_ID='example_weekday_branch_operator' AIRFLOW_CTX_TASK_ID='make_weekend_choice' AIRFLOW_CTX_EXECUTION_DATE='2025-09-17T00:00:00+00:00' AIRFLOW_CTX_TRY_NUMBER='1' AIRFLOW_CTX_DAG_RUN_ID='scheduled__2025-09-17T00:00:00+00:00'
[2025-09-18T05:36:41.394+0000] {logging_mixin.py:190} INFO - Task instance is in running state
[2025-09-18T05:36:41.396+0000] {logging_mixin.py:190} INFO -  Previous state of the Task instance: queued
[2025-09-18T05:36:41.396+0000] {logging_mixin.py:190} INFO - Current task name:make_weekend_choice state:running start_date:2025-09-18 05:36:40.851825+00:00
[2025-09-18T05:36:41.399+0000] {logging_mixin.py:190} INFO - Dag name:example_weekday_branch_operator and current dag run status:running
[2025-09-18T05:36:41.400+0000] {taskinstance.py:731} INFO - ::endgroup::
[2025-09-18T05:36:41.402+0000] {branch.py:38} INFO - Branch into branch_mid_week
[2025-09-18T05:36:41.403+0000] {skipmixin.py:230} INFO - Following branch ('branch_mid_week',)
[2025-09-18T05:36:41.436+0000] {skipmixin.py:278} INFO - Skipping tasks [('branch_weekend', -1)]
[2025-09-18T05:36:41.533+0000] {taskinstance.py:340} INFO - ::group::Post task execution logs
[2025-09-18T05:36:41.535+0000] {taskinstance.py:352} INFO - Marking task as SUCCESS. dag_id=example_weekday_branch_operator, task_id=make_weekend_choice, run_id=scheduled__2025-09-17T00:00:00+00:00, execution_date=20250917T000000, start_date=20250918T053640, end_date=20250918T053641
[2025-09-18T05:36:41.576+0000] {logging_mixin.py:190} INFO - Task instance in success state
[2025-09-18T05:36:41.582+0000] {logging_mixin.py:190} INFO -  Previous state of the Task instance: running
[2025-09-18T05:36:41.584+0000] {logging_mixin.py:190} INFO - Dag name:example_weekday_branch_operator queued_at:2025-09-18 05:36:32.172036+00:00
[2025-09-18T05:36:41.586+0000] {logging_mixin.py:190} INFO - Task hostname:7f8c5cf1dc7b operator:BranchDayOfWeekOperator
[2025-09-18T05:36:41.625+0000] {local_task_job_runner.py:266} INFO - Task exited with return code 0
[2025-09-18T05:36:41.655+0000] {local_task_job_runner.py:245} INFO - ::endgroup::
