[2025-09-18T05:36:22.646+0000] {local_task_job_runner.py:123} INFO - ::group::Pre task execution logs
[2025-09-18T05:36:22.674+0000] {taskinstance.py:2612} INFO - Dependencies all met for dep_context=non-requeueable deps ti=<TaskInstance: example_branch_python_operator_decorator.branch_c scheduled__2025-09-17T00:00:00+00:00 [queued]>
[2025-09-18T05:36:22.689+0000] {taskinstance.py:2612} INFO - Dependencies all met for dep_context=requeueable deps ti=<TaskInstance: example_branch_python_operator_decorator.branch_c scheduled__2025-09-17T00:00:00+00:00 [queued]>
[2025-09-18T05:36:22.690+0000] {taskinstance.py:2865} INFO - Starting attempt 1 of 1
[2025-09-18T05:36:22.710+0000] {taskinstance.py:2888} INFO - Executing <Task(_PythonDecoratedOperator): branch_c> on 2025-09-17 00:00:00+00:00
[2025-09-18T05:36:22.722+0000] {warnings.py:112} WARNING - /home/***/.local/lib/python3.12/site-packages/***/task/task_runner/standard_task_runner.py:70: DeprecationWarning: This process (pid=306) is multi-threaded, use of fork() may lead to deadlocks in the child.
  pid = os.fork()

[2025-09-18T05:36:22.725+0000] {standard_task_runner.py:72} INFO - Started process 310 to run task
[2025-09-18T05:36:22.725+0000] {standard_task_runner.py:104} INFO - Running: ['***', 'tasks', 'run', 'example_branch_python_operator_decorator', 'branch_c', 'scheduled__2025-09-17T00:00:00+00:00', '--job-id', '35', '--raw', '--subdir', '/home/***/.local/lib/python3.12/site-packages/***/example_dags/example_branch_operator_decorator.py', '--cfg-path', '/tmp/tmpnb88dgqp']
[2025-09-18T05:36:22.727+0000] {standard_task_runner.py:105} INFO - Job 35: Subtask branch_c
[2025-09-18T05:36:22.819+0000] {task_command.py:467} INFO - Running <TaskInstance: example_branch_python_operator_decorator.branch_c scheduled__2025-09-17T00:00:00+00:00 [running]> on host 7f8c5cf1dc7b
[2025-09-18T05:36:22.919+0000] {taskinstance.py:3131} INFO - Exporting env vars: AIRFLOW_CTX_DAG_OWNER='***' AIRFLOW_CTX_DAG_ID='example_branch_python_operator_decorator' AIRFLOW_CTX_TASK_ID='branch_c' AIRFLOW_CTX_EXECUTION_DATE='2025-09-17T00:00:00+00:00' AIRFLOW_CTX_TRY_NUMBER='1' AIRFLOW_CTX_DAG_RUN_ID='scheduled__2025-09-17T00:00:00+00:00'
[2025-09-18T05:36:22.921+0000] {logging_mixin.py:190} INFO - Task instance is in running state
[2025-09-18T05:36:22.922+0000] {logging_mixin.py:190} INFO -  Previous state of the Task instance: queued
[2025-09-18T05:36:22.923+0000] {logging_mixin.py:190} INFO - Current task name:branch_c state:running start_date:2025-09-18 05:36:22.675568+00:00
[2025-09-18T05:36:22.924+0000] {logging_mixin.py:190} INFO - Dag name:example_branch_python_operator_decorator and current dag run status:running
[2025-09-18T05:36:22.925+0000] {taskinstance.py:731} INFO - ::endgroup::
[2025-09-18T05:36:22.926+0000] {logging_mixin.py:190} INFO - doing something in Python
[2025-09-18T05:36:22.927+0000] {python.py:240} INFO - Done. Returned value was: None
[2025-09-18T05:36:22.942+0000] {taskinstance.py:340} INFO - ::group::Post task execution logs
[2025-09-18T05:36:22.943+0000] {taskinstance.py:352} INFO - Marking task as SUCCESS. dag_id=example_branch_python_operator_decorator, task_id=branch_c, run_id=scheduled__2025-09-17T00:00:00+00:00, execution_date=20250917T000000, start_date=20250918T053622, end_date=20250918T053622
[2025-09-18T05:36:22.957+0000] {logging_mixin.py:190} INFO - Task instance in success state
[2025-09-18T05:36:22.958+0000] {logging_mixin.py:190} INFO -  Previous state of the Task instance: running
[2025-09-18T05:36:22.958+0000] {logging_mixin.py:190} INFO - Dag name:example_branch_python_operator_decorator queued_at:2025-09-18 05:36:18.027954+00:00
[2025-09-18T05:36:22.959+0000] {logging_mixin.py:190} INFO - Task hostname:7f8c5cf1dc7b operator:_PythonDecoratedOperator
[2025-09-18T05:36:22.981+0000] {local_task_job_runner.py:266} INFO - Task exited with return code 0
[2025-09-18T05:36:23.014+0000] {taskinstance.py:3900} INFO - 0 downstream tasks scheduled from follow-on schedule check
[2025-09-18T05:36:23.017+0000] {local_task_job_runner.py:245} INFO - ::endgroup::
