[2025-09-18T05:34:21.797+0000] {local_task_job_runner.py:123} INFO - ::group::Pre task execution logs
[2025-09-18T05:34:21.833+0000] {taskinstance.py:2612} INFO - Dependencies all met for dep_context=non-requeueable deps ti=<TaskInstance: conditional_dataset_and_time_based_timetable.conditional_dataset_and_time_based_timetable dataset_triggered__2025-09-18T05:34:18.652450+00:00 [queued]>
[2025-09-18T05:34:21.845+0000] {taskinstance.py:2612} INFO - Dependencies all met for dep_context=requeueable deps ti=<TaskInstance: conditional_dataset_and_time_based_timetable.conditional_dataset_and_time_based_timetable dataset_triggered__2025-09-18T05:34:18.652450+00:00 [queued]>
[2025-09-18T05:34:21.846+0000] {taskinstance.py:2865} INFO - Starting attempt 1 of 1
[2025-09-18T05:34:21.870+0000] {taskinstance.py:2888} INFO - Executing <Task(BashOperator): conditional_dataset_and_time_based_timetable> on 2025-09-18 05:34:18.652450+00:00
[2025-09-18T05:34:21.883+0000] {warnings.py:112} WARNING - /home/***/.local/lib/python3.12/site-packages/***/task/task_runner/standard_task_runner.py:70: DeprecationWarning: This process (pid=224) is multi-threaded, use of fork() may lead to deadlocks in the child.
  pid = os.fork()

[2025-09-18T05:34:21.886+0000] {standard_task_runner.py:72} INFO - Started process 232 to run task
[2025-09-18T05:34:21.886+0000] {standard_task_runner.py:104} INFO - Running: ['***', 'tasks', 'run', 'conditional_dataset_and_time_based_timetable', 'conditional_dataset_and_time_based_timetable', 'dataset_triggered__2025-09-18T05:34:18.652450+00:00', '--job-id', '22', '--raw', '--subdir', '/home/***/.local/lib/python3.12/site-packages/***/example_dags/example_datasets.py', '--cfg-path', '/tmp/tmpzlf50byd']
[2025-09-18T05:34:21.888+0000] {standard_task_runner.py:105} INFO - Job 22: Subtask conditional_dataset_and_time_based_timetable
[2025-09-18T05:34:21.975+0000] {task_command.py:467} INFO - Running <TaskInstance: conditional_dataset_and_time_based_timetable.conditional_dataset_and_time_based_timetable dataset_triggered__2025-09-18T05:34:18.652450+00:00 [running]> on host 7f8c5cf1dc7b
[2025-09-18T05:34:22.096+0000] {taskinstance.py:3131} INFO - Exporting env vars: AIRFLOW_CTX_DAG_OWNER='***' AIRFLOW_CTX_DAG_ID='conditional_dataset_and_time_based_timetable' AIRFLOW_CTX_TASK_ID='conditional_dataset_and_time_based_timetable' AIRFLOW_CTX_EXECUTION_DATE='2025-09-18T05:34:18.652450+00:00' AIRFLOW_CTX_TRY_NUMBER='1' AIRFLOW_CTX_DAG_RUN_ID='dataset_triggered__2025-09-18T05:34:18.652450+00:00'
[2025-09-18T05:34:22.098+0000] {logging_mixin.py:190} INFO - Task instance is in running state
[2025-09-18T05:34:22.099+0000] {logging_mixin.py:190} INFO -  Previous state of the Task instance: queued
[2025-09-18T05:34:22.099+0000] {logging_mixin.py:190} INFO - Current task name:conditional_dataset_and_time_based_timetable state:running start_date:2025-09-18 05:34:21.834316+00:00
[2025-09-18T05:34:22.100+0000] {logging_mixin.py:190} INFO - Dag name:conditional_dataset_and_time_based_timetable and current dag run status:running
[2025-09-18T05:34:22.100+0000] {taskinstance.py:731} INFO - ::endgroup::
[2025-09-18T05:34:22.101+0000] {subprocess.py:63} INFO - Tmp dir root location: /tmp
[2025-09-18T05:34:22.102+0000] {subprocess.py:75} INFO - Running command: ['/usr/bin/bash', '-c', 'sleep 5']
[2025-09-18T05:34:22.117+0000] {subprocess.py:86} INFO - Output:
[2025-09-18T05:34:27.122+0000] {subprocess.py:97} INFO - Command exited with return code 0
[2025-09-18T05:34:27.191+0000] {taskinstance.py:340} INFO - ::group::Post task execution logs
[2025-09-18T05:34:27.191+0000] {taskinstance.py:352} INFO - Marking task as SUCCESS. dag_id=conditional_dataset_and_time_based_timetable, task_id=conditional_dataset_and_time_based_timetable, run_id=dataset_triggered__2025-09-18T05:34:18.652450+00:00, execution_date=20250918T053418, start_date=20250918T053421, end_date=20250918T053427
[2025-09-18T05:34:27.243+0000] {logging_mixin.py:190} INFO - Task instance in success state
[2025-09-18T05:34:27.244+0000] {logging_mixin.py:190} INFO -  Previous state of the Task instance: running
[2025-09-18T05:34:27.245+0000] {logging_mixin.py:190} INFO - Dag name:conditional_dataset_and_time_based_timetable queued_at:2025-09-18 05:34:19.232954+00:00
[2025-09-18T05:34:27.245+0000] {logging_mixin.py:190} INFO - Task hostname:7f8c5cf1dc7b operator:BashOperator
[2025-09-18T05:34:27.268+0000] {local_task_job_runner.py:266} INFO - Task exited with return code 0
[2025-09-18T05:34:27.295+0000] {taskinstance.py:3900} INFO - 0 downstream tasks scheduled from follow-on schedule check
[2025-09-18T05:34:27.297+0000] {local_task_job_runner.py:245} INFO - ::endgroup::
