[2025-09-18T05:35:28.954+0000] {local_task_job_runner.py:123} INFO - ::group::Pre task execution logs
[2025-09-18T05:35:28.984+0000] {taskinstance.py:2612} INFO - Dependencies all met for dep_context=non-requeueable deps ti=<TaskInstance: dataset_with_extra_from_classic_operator.dataset_with_extra_from_classic_operator scheduled__2025-09-17T00:00:00+00:00 [queued]>
[2025-09-18T05:35:29.002+0000] {taskinstance.py:2612} INFO - Dependencies all met for dep_context=requeueable deps ti=<TaskInstance: dataset_with_extra_from_classic_operator.dataset_with_extra_from_classic_operator scheduled__2025-09-17T00:00:00+00:00 [queued]>
[2025-09-18T05:35:29.007+0000] {taskinstance.py:2865} INFO - Starting attempt 1 of 1
[2025-09-18T05:35:29.028+0000] {taskinstance.py:2888} INFO - Executing <Task(BashOperator): dataset_with_extra_from_classic_operator> on 2025-09-17 00:00:00+00:00
[2025-09-18T05:35:29.039+0000] {warnings.py:112} WARNING - /home/***/.local/lib/python3.12/site-packages/***/task/task_runner/standard_task_runner.py:70: DeprecationWarning: This process (pid=268) is multi-threaded, use of fork() may lead to deadlocks in the child.
  pid = os.fork()

[2025-09-18T05:35:29.042+0000] {standard_task_runner.py:72} INFO - Started process 271 to run task
[2025-09-18T05:35:29.043+0000] {standard_task_runner.py:104} INFO - Running: ['***', 'tasks', 'run', 'dataset_with_extra_from_classic_operator', 'dataset_with_extra_from_classic_operator', 'scheduled__2025-09-17T00:00:00+00:00', '--job-id', '27', '--raw', '--subdir', '/home/***/.local/lib/python3.12/site-packages/***/example_dags/example_outlet_event_extra.py', '--cfg-path', '/tmp/tmp5_sqpu0_']
[2025-09-18T05:35:29.050+0000] {standard_task_runner.py:105} INFO - Job 27: Subtask dataset_with_extra_from_classic_operator
[2025-09-18T05:35:29.180+0000] {task_command.py:467} INFO - Running <TaskInstance: dataset_with_extra_from_classic_operator.dataset_with_extra_from_classic_operator scheduled__2025-09-17T00:00:00+00:00 [running]> on host 7f8c5cf1dc7b
[2025-09-18T05:35:29.376+0000] {taskinstance.py:3131} INFO - Exporting env vars: AIRFLOW_CTX_DAG_OWNER='***' AIRFLOW_CTX_DAG_ID='dataset_with_extra_from_classic_operator' AIRFLOW_CTX_TASK_ID='dataset_with_extra_from_classic_operator' AIRFLOW_CTX_EXECUTION_DATE='2025-09-17T00:00:00+00:00' AIRFLOW_CTX_TRY_NUMBER='1' AIRFLOW_CTX_DAG_RUN_ID='scheduled__2025-09-17T00:00:00+00:00'
[2025-09-18T05:35:29.384+0000] {logging_mixin.py:190} INFO - Task instance is in running state
[2025-09-18T05:35:29.385+0000] {logging_mixin.py:190} INFO -  Previous state of the Task instance: queued
[2025-09-18T05:35:29.387+0000] {logging_mixin.py:190} INFO - Current task name:dataset_with_extra_from_classic_operator state:running start_date:2025-09-18 05:35:28.985489+00:00
[2025-09-18T05:35:29.389+0000] {logging_mixin.py:190} INFO - Dag name:dataset_with_extra_from_classic_operator and current dag run status:running
[2025-09-18T05:35:29.393+0000] {taskinstance.py:731} INFO - ::endgroup::
[2025-09-18T05:35:29.396+0000] {subprocess.py:63} INFO - Tmp dir root location: /tmp
[2025-09-18T05:35:29.399+0000] {subprocess.py:75} INFO - Running command: ['/usr/bin/bash', '-c', ':']
[2025-09-18T05:35:29.426+0000] {subprocess.py:86} INFO - Output:
[2025-09-18T05:35:29.430+0000] {subprocess.py:97} INFO - Command exited with return code 0
[2025-09-18T05:35:29.536+0000] {taskinstance.py:340} INFO - ::group::Post task execution logs
[2025-09-18T05:35:29.538+0000] {taskinstance.py:352} INFO - Marking task as SUCCESS. dag_id=dataset_with_extra_from_classic_operator, task_id=dataset_with_extra_from_classic_operator, run_id=scheduled__2025-09-17T00:00:00+00:00, execution_date=20250917T000000, start_date=20250918T053528, end_date=20250918T053529
[2025-09-18T05:35:29.655+0000] {logging_mixin.py:190} INFO - Task instance in success state
[2025-09-18T05:35:29.662+0000] {logging_mixin.py:190} INFO -  Previous state of the Task instance: running
[2025-09-18T05:35:29.666+0000] {logging_mixin.py:190} INFO - Dag name:dataset_with_extra_from_classic_operator queued_at:2025-09-18 05:35:24.677506+00:00
[2025-09-18T05:35:29.667+0000] {logging_mixin.py:190} INFO - Task hostname:7f8c5cf1dc7b operator:BashOperator
[2025-09-18T05:35:29.764+0000] {local_task_job_runner.py:266} INFO - Task exited with return code 0
[2025-09-18T05:35:29.826+0000] {taskinstance.py:3900} INFO - 0 downstream tasks scheduled from follow-on schedule check
[2025-09-18T05:35:29.831+0000] {local_task_job_runner.py:245} INFO - ::endgroup::
