[2025-09-18T05:34:30.663+0000] {local_task_job_runner.py:123} INFO - ::group::Pre task execution logs
[2025-09-18T05:34:30.686+0000] {taskinstance.py:2612} INFO - Dependencies all met for dep_context=non-requeueable deps ti=<TaskInstance: dataset_with_extra_by_context.dataset_with_extra_by_context manual__2025-09-18T05:34:27.163783+00:00 [queued]>
[2025-09-18T05:34:30.700+0000] {taskinstance.py:2612} INFO - Dependencies all met for dep_context=requeueable deps ti=<TaskInstance: dataset_with_extra_by_context.dataset_with_extra_by_context manual__2025-09-18T05:34:27.163783+00:00 [queued]>
[2025-09-18T05:34:30.701+0000] {taskinstance.py:2865} INFO - Starting attempt 1 of 1
[2025-09-18T05:34:30.721+0000] {taskinstance.py:2888} INFO - Executing <Task(_PythonDecoratedOperator): dataset_with_extra_by_context> on 2025-09-18 05:34:27.163783+00:00
[2025-09-18T05:34:30.734+0000] {warnings.py:112} WARNING - /home/***/.local/lib/python3.12/site-packages/***/task/task_runner/standard_task_runner.py:70: DeprecationWarning: This process (pid=238) is multi-threaded, use of fork() may lead to deadlocks in the child.
  pid = os.fork()

[2025-09-18T05:34:30.738+0000] {standard_task_runner.py:72} INFO - Started process 243 to run task
[2025-09-18T05:34:30.738+0000] {standard_task_runner.py:104} INFO - Running: ['***', 'tasks', 'run', 'dataset_with_extra_by_context', 'dataset_with_extra_by_context', 'manual__2025-09-18T05:34:27.163783+00:00', '--job-id', '24', '--raw', '--subdir', '/home/***/.local/lib/python3.12/site-packages/***/example_dags/example_outlet_event_extra.py', '--cfg-path', '/tmp/tmpzlhm3ok0']
[2025-09-18T05:34:30.739+0000] {standard_task_runner.py:105} INFO - Job 24: Subtask dataset_with_extra_by_context
[2025-09-18T05:34:30.834+0000] {task_command.py:467} INFO - Running <TaskInstance: dataset_with_extra_by_context.dataset_with_extra_by_context manual__2025-09-18T05:34:27.163783+00:00 [running]> on host 7f8c5cf1dc7b
[2025-09-18T05:34:31.007+0000] {taskinstance.py:3131} INFO - Exporting env vars: AIRFLOW_CTX_DAG_OWNER='***' AIRFLOW_CTX_DAG_ID='dataset_with_extra_by_context' AIRFLOW_CTX_TASK_ID='dataset_with_extra_by_context' AIRFLOW_CTX_EXECUTION_DATE='2025-09-18T05:34:27.163783+00:00' AIRFLOW_CTX_TRY_NUMBER='1' AIRFLOW_CTX_DAG_RUN_ID='manual__2025-09-18T05:34:27.163783+00:00'
[2025-09-18T05:34:31.011+0000] {logging_mixin.py:190} INFO - Task instance is in running state
[2025-09-18T05:34:31.012+0000] {logging_mixin.py:190} INFO -  Previous state of the Task instance: queued
[2025-09-18T05:34:31.013+0000] {logging_mixin.py:190} INFO - Current task name:dataset_with_extra_by_context state:running start_date:2025-09-18 05:34:30.687409+00:00
[2025-09-18T05:34:31.014+0000] {logging_mixin.py:190} INFO - Dag name:dataset_with_extra_by_context and current dag run status:running
[2025-09-18T05:34:31.014+0000] {taskinstance.py:731} INFO - ::endgroup::
[2025-09-18T05:34:31.016+0000] {python.py:240} INFO - Done. Returned value was: None
[2025-09-18T05:34:31.047+0000] {taskinstance.py:340} INFO - ::group::Post task execution logs
[2025-09-18T05:34:31.047+0000] {taskinstance.py:352} INFO - Marking task as SUCCESS. dag_id=dataset_with_extra_by_context, task_id=dataset_with_extra_by_context, run_id=manual__2025-09-18T05:34:27.163783+00:00, execution_date=20250918T053427, start_date=20250918T053430, end_date=20250918T053431
[2025-09-18T05:34:31.085+0000] {logging_mixin.py:190} INFO - Task instance in success state
[2025-09-18T05:34:31.086+0000] {logging_mixin.py:190} INFO -  Previous state of the Task instance: running
[2025-09-18T05:34:31.086+0000] {logging_mixin.py:190} INFO - Dag name:dataset_with_extra_by_context queued_at:2025-09-18 05:34:27.192796+00:00
[2025-09-18T05:34:31.087+0000] {logging_mixin.py:190} INFO - Task hostname:7f8c5cf1dc7b operator:_PythonDecoratedOperator
[2025-09-18T05:34:31.116+0000] {local_task_job_runner.py:266} INFO - Task exited with return code 0
[2025-09-18T05:34:31.146+0000] {taskinstance.py:3900} INFO - 0 downstream tasks scheduled from follow-on schedule check
[2025-09-18T05:34:31.149+0000] {local_task_job_runner.py:245} INFO - ::endgroup::
