[2025-09-18T05:28:37.459+0000] {local_task_job_runner.py:123} INFO - ::group::Pre task execution logs
[2025-09-18T05:28:37.488+0000] {taskinstance.py:2612} INFO - Dependencies all met for dep_context=non-requeueable deps ti=<TaskInstance: consume_1_and_2_with_dataset_expressions.consume_1_and_2_with_dataset_expressions manual__2025-09-18T05:28:34.894955+00:00 [queued]>
[2025-09-18T05:28:37.502+0000] {taskinstance.py:2612} INFO - Dependencies all met for dep_context=requeueable deps ti=<TaskInstance: consume_1_and_2_with_dataset_expressions.consume_1_and_2_with_dataset_expressions manual__2025-09-18T05:28:34.894955+00:00 [queued]>
[2025-09-18T05:28:37.505+0000] {taskinstance.py:2865} INFO - Starting attempt 1 of 1
[2025-09-18T05:28:37.525+0000] {taskinstance.py:2888} INFO - Executing <Task(BashOperator): consume_1_and_2_with_dataset_expressions> on 2025-09-18 05:28:34.894955+00:00
[2025-09-18T05:28:37.540+0000] {warnings.py:112} WARNING - /home/***/.local/lib/python3.12/site-packages/***/task/task_runner/standard_task_runner.py:70: DeprecationWarning: This process (pid=95) is multi-threaded, use of fork() may lead to deadlocks in the child.
  pid = os.fork()

[2025-09-18T05:28:37.543+0000] {standard_task_runner.py:72} INFO - Started process 97 to run task
[2025-09-18T05:28:37.543+0000] {standard_task_runner.py:104} INFO - Running: ['***', 'tasks', 'run', 'consume_1_and_2_with_dataset_expressions', 'consume_1_and_2_with_dataset_expressions', 'manual__2025-09-18T05:28:34.894955+00:00', '--job-id', '8', '--raw', '--subdir', '/home/***/.local/lib/python3.12/site-packages/***/example_dags/example_datasets.py', '--cfg-path', '/tmp/tmpj4lcawra']
[2025-09-18T05:28:37.546+0000] {standard_task_runner.py:105} INFO - Job 8: Subtask consume_1_and_2_with_dataset_expressions
[2025-09-18T05:28:37.630+0000] {task_command.py:467} INFO - Running <TaskInstance: consume_1_and_2_with_dataset_expressions.consume_1_and_2_with_dataset_expressions manual__2025-09-18T05:28:34.894955+00:00 [running]> on host 7f8c5cf1dc7b
[2025-09-18T05:28:37.774+0000] {taskinstance.py:3131} INFO - Exporting env vars: AIRFLOW_CTX_DAG_OWNER='***' AIRFLOW_CTX_DAG_ID='consume_1_and_2_with_dataset_expressions' AIRFLOW_CTX_TASK_ID='consume_1_and_2_with_dataset_expressions' AIRFLOW_CTX_EXECUTION_DATE='2025-09-18T05:28:34.894955+00:00' AIRFLOW_CTX_TRY_NUMBER='1' AIRFLOW_CTX_DAG_RUN_ID='manual__2025-09-18T05:28:34.894955+00:00'
[2025-09-18T05:28:37.777+0000] {logging_mixin.py:190} INFO - Task instance is in running state
[2025-09-18T05:28:37.778+0000] {logging_mixin.py:190} INFO -  Previous state of the Task instance: queued
[2025-09-18T05:28:37.778+0000] {logging_mixin.py:190} INFO - Current task name:consume_1_and_2_with_dataset_expressions state:running start_date:2025-09-18 05:28:37.489122+00:00
[2025-09-18T05:28:37.779+0000] {logging_mixin.py:190} INFO - Dag name:consume_1_and_2_with_dataset_expressions and current dag run status:running
[2025-09-18T05:28:37.780+0000] {taskinstance.py:731} INFO - ::endgroup::
[2025-09-18T05:28:37.785+0000] {subprocess.py:63} INFO - Tmp dir root location: /tmp
[2025-09-18T05:28:37.788+0000] {subprocess.py:75} INFO - Running command: ['/usr/bin/bash', '-c', 'sleep 5']
[2025-09-18T05:28:37.811+0000] {subprocess.py:86} INFO - Output:
[2025-09-18T05:28:42.806+0000] {subprocess.py:97} INFO - Command exited with return code 0
[2025-09-18T05:28:42.909+0000] {taskinstance.py:340} INFO - ::group::Post task execution logs
[2025-09-18T05:28:42.910+0000] {taskinstance.py:352} INFO - Marking task as SUCCESS. dag_id=consume_1_and_2_with_dataset_expressions, task_id=consume_1_and_2_with_dataset_expressions, run_id=manual__2025-09-18T05:28:34.894955+00:00, execution_date=20250918T052834, start_date=20250918T052837, end_date=20250918T052842
[2025-09-18T05:28:42.950+0000] {logging_mixin.py:190} INFO - Task instance in success state
[2025-09-18T05:28:42.953+0000] {logging_mixin.py:190} INFO -  Previous state of the Task instance: running
[2025-09-18T05:28:42.953+0000] {logging_mixin.py:190} INFO - Dag name:consume_1_and_2_with_dataset_expressions queued_at:2025-09-18 05:28:34.989469+00:00
[2025-09-18T05:28:42.954+0000] {logging_mixin.py:190} INFO - Task hostname:7f8c5cf1dc7b operator:BashOperator
[2025-09-18T05:28:42.991+0000] {local_task_job_runner.py:266} INFO - Task exited with return code 0
[2025-09-18T05:28:43.029+0000] {taskinstance.py:3900} INFO - 0 downstream tasks scheduled from follow-on schedule check
[2025-09-18T05:28:43.035+0000] {local_task_job_runner.py:245} INFO - ::endgroup::
