[2025-09-18T05:36:41.312+0000] {local_task_job_runner.py:123} INFO - ::group::Pre task execution logs
[2025-09-18T05:36:41.349+0000] {taskinstance.py:2612} INFO - Dependencies all met for dep_context=non-requeueable deps ti=<TaskInstance: read_dataset_event.read_dataset_event scheduled__2025-09-17T00:00:00+00:00 [queued]>
[2025-09-18T05:36:41.378+0000] {taskinstance.py:2612} INFO - Dependencies all met for dep_context=requeueable deps ti=<TaskInstance: read_dataset_event.read_dataset_event scheduled__2025-09-17T00:00:00+00:00 [queued]>
[2025-09-18T05:36:41.380+0000] {taskinstance.py:2865} INFO - Starting attempt 1 of 1
[2025-09-18T05:36:41.409+0000] {taskinstance.py:2888} INFO - Executing <Task(_PythonDecoratedOperator): read_dataset_event> on 2025-09-17 00:00:00+00:00
[2025-09-18T05:36:41.425+0000] {warnings.py:112} WARNING - /home/***/.local/lib/python3.12/site-packages/***/task/task_runner/standard_task_runner.py:70: DeprecationWarning: This process (pid=376) is multi-threaded, use of fork() may lead to deadlocks in the child.
  pid = os.fork()

[2025-09-18T05:36:41.428+0000] {standard_task_runner.py:72} INFO - Started process 399 to run task
[2025-09-18T05:36:41.430+0000] {standard_task_runner.py:104} INFO - Running: ['***', 'tasks', 'run', 'read_dataset_event', 'read_dataset_event', 'scheduled__2025-09-17T00:00:00+00:00', '--job-id', '44', '--raw', '--subdir', '/home/***/.local/lib/python3.12/site-packages/***/example_dags/example_inlet_event_extra.py', '--cfg-path', '/tmp/tmp_daw_nor']
[2025-09-18T05:36:41.433+0000] {standard_task_runner.py:105} INFO - Job 44: Subtask read_dataset_event
[2025-09-18T05:36:41.638+0000] {task_command.py:467} INFO - Running <TaskInstance: read_dataset_event.read_dataset_event scheduled__2025-09-17T00:00:00+00:00 [running]> on host 7f8c5cf1dc7b
[2025-09-18T05:36:41.811+0000] {taskinstance.py:3131} INFO - Exporting env vars: AIRFLOW_CTX_DAG_OWNER='***' AIRFLOW_CTX_DAG_ID='read_dataset_event' AIRFLOW_CTX_TASK_ID='read_dataset_event' AIRFLOW_CTX_EXECUTION_DATE='2025-09-17T00:00:00+00:00' AIRFLOW_CTX_TRY_NUMBER='1' AIRFLOW_CTX_DAG_RUN_ID='scheduled__2025-09-17T00:00:00+00:00'
[2025-09-18T05:36:41.828+0000] {logging_mixin.py:190} INFO - Task instance is in running state
[2025-09-18T05:36:41.829+0000] {logging_mixin.py:190} INFO -  Previous state of the Task instance: queued
[2025-09-18T05:36:41.830+0000] {logging_mixin.py:190} INFO - Current task name:read_dataset_event state:running start_date:2025-09-18 05:36:41.351267+00:00
[2025-09-18T05:36:41.831+0000] {logging_mixin.py:190} INFO - Dag name:read_dataset_event and current dag run status:running
[2025-09-18T05:36:41.831+0000] {taskinstance.py:731} INFO - ::endgroup::
[2025-09-18T05:36:41.848+0000] {logging_mixin.py:190} INFO - bye
[2025-09-18T05:36:41.849+0000] {logging_mixin.py:190} INFO - bye
[2025-09-18T05:36:41.849+0000] {logging_mixin.py:190} INFO - bye
[2025-09-18T05:36:41.850+0000] {logging_mixin.py:190} INFO - bye
[2025-09-18T05:36:41.851+0000] {python.py:240} INFO - Done. Returned value was: None
[2025-09-18T05:36:41.887+0000] {taskinstance.py:340} INFO - ::group::Post task execution logs
[2025-09-18T05:36:41.888+0000] {taskinstance.py:352} INFO - Marking task as SUCCESS. dag_id=read_dataset_event, task_id=read_dataset_event, run_id=scheduled__2025-09-17T00:00:00+00:00, execution_date=20250917T000000, start_date=20250918T053641, end_date=20250918T053641
[2025-09-18T05:36:41.906+0000] {logging_mixin.py:190} INFO - Task instance in success state
[2025-09-18T05:36:41.907+0000] {logging_mixin.py:190} INFO -  Previous state of the Task instance: running
[2025-09-18T05:36:41.908+0000] {logging_mixin.py:190} INFO - Dag name:read_dataset_event queued_at:2025-09-18 05:36:36.856455+00:00
[2025-09-18T05:36:41.909+0000] {logging_mixin.py:190} INFO - Task hostname:7f8c5cf1dc7b operator:_PythonDecoratedOperator
[2025-09-18T05:36:41.944+0000] {local_task_job_runner.py:266} INFO - Task exited with return code 0
[2025-09-18T05:36:41.967+0000] {taskinstance.py:3900} INFO - 0 downstream tasks scheduled from follow-on schedule check
[2025-09-18T05:36:41.972+0000] {local_task_job_runner.py:245} INFO - ::endgroup::
