[2025-09-18T05:35:10.975+0000] {local_task_job_runner.py:123} INFO - ::group::Pre task execution logs
[2025-09-18T05:35:11.028+0000] {taskinstance.py:2612} INFO - Dependencies all met for dep_context=non-requeueable deps ti=<TaskInstance: dataset_with_extra_by_yield.dataset_with_extra_by_yield scheduled__2025-09-17T00:00:00+00:00 [queued]>
[2025-09-18T05:35:11.064+0000] {taskinstance.py:2612} INFO - Dependencies all met for dep_context=requeueable deps ti=<TaskInstance: dataset_with_extra_by_yield.dataset_with_extra_by_yield scheduled__2025-09-17T00:00:00+00:00 [queued]>
[2025-09-18T05:35:11.073+0000] {taskinstance.py:2865} INFO - Starting attempt 1 of 1
[2025-09-18T05:35:11.111+0000] {taskinstance.py:2888} INFO - Executing <Task(_PythonDecoratedOperator): dataset_with_extra_by_yield> on 2025-09-17 00:00:00+00:00
[2025-09-18T05:35:11.141+0000] {warnings.py:112} WARNING - /home/***/.local/lib/python3.12/site-packages/***/task/task_runner/standard_task_runner.py:70: DeprecationWarning: This process (pid=253) is multi-threaded, use of fork() may lead to deadlocks in the child.
  pid = os.fork()

[2025-09-18T05:35:11.147+0000] {standard_task_runner.py:72} INFO - Started process 257 to run task
[2025-09-18T05:35:11.145+0000] {standard_task_runner.py:104} INFO - Running: ['***', 'tasks', 'run', 'dataset_with_extra_by_yield', 'dataset_with_extra_by_yield', 'scheduled__2025-09-17T00:00:00+00:00', '--job-id', '26', '--raw', '--subdir', '/home/***/.local/lib/python3.12/site-packages/***/example_dags/example_outlet_event_extra.py', '--cfg-path', '/tmp/tmp4654f9r8']
[2025-09-18T05:35:11.150+0000] {standard_task_runner.py:105} INFO - Job 26: Subtask dataset_with_extra_by_yield
[2025-09-18T05:35:11.288+0000] {task_command.py:467} INFO - Running <TaskInstance: dataset_with_extra_by_yield.dataset_with_extra_by_yield scheduled__2025-09-17T00:00:00+00:00 [running]> on host 7f8c5cf1dc7b
[2025-09-18T05:35:11.449+0000] {taskinstance.py:3131} INFO - Exporting env vars: AIRFLOW_CTX_DAG_OWNER='***' AIRFLOW_CTX_DAG_ID='dataset_with_extra_by_yield' AIRFLOW_CTX_TASK_ID='dataset_with_extra_by_yield' AIRFLOW_CTX_EXECUTION_DATE='2025-09-17T00:00:00+00:00' AIRFLOW_CTX_TRY_NUMBER='1' AIRFLOW_CTX_DAG_RUN_ID='scheduled__2025-09-17T00:00:00+00:00'
[2025-09-18T05:35:11.454+0000] {logging_mixin.py:190} INFO - Task instance is in running state
[2025-09-18T05:35:11.455+0000] {logging_mixin.py:190} INFO -  Previous state of the Task instance: queued
[2025-09-18T05:35:11.457+0000] {logging_mixin.py:190} INFO - Current task name:dataset_with_extra_by_yield state:running start_date:2025-09-18 05:35:11.029141+00:00
[2025-09-18T05:35:11.458+0000] {logging_mixin.py:190} INFO - Dag name:dataset_with_extra_by_yield and current dag run status:running
[2025-09-18T05:35:11.460+0000] {taskinstance.py:731} INFO - ::endgroup::
[2025-09-18T05:35:11.463+0000] {python.py:240} INFO - Done. Returned value was: None
[2025-09-18T05:35:11.524+0000] {taskinstance.py:340} INFO - ::group::Post task execution logs
[2025-09-18T05:35:11.525+0000] {taskinstance.py:352} INFO - Marking task as SUCCESS. dag_id=dataset_with_extra_by_yield, task_id=dataset_with_extra_by_yield, run_id=scheduled__2025-09-17T00:00:00+00:00, execution_date=20250917T000000, start_date=20250918T053511, end_date=20250918T053511
[2025-09-18T05:35:11.579+0000] {logging_mixin.py:190} INFO - Task instance in success state
[2025-09-18T05:35:11.583+0000] {logging_mixin.py:190} INFO -  Previous state of the Task instance: running
[2025-09-18T05:35:11.584+0000] {logging_mixin.py:190} INFO - Dag name:dataset_with_extra_by_yield queued_at:2025-09-18 05:35:06.654842+00:00
[2025-09-18T05:35:11.586+0000] {logging_mixin.py:190} INFO - Task hostname:7f8c5cf1dc7b operator:_PythonDecoratedOperator
[2025-09-18T05:35:11.653+0000] {local_task_job_runner.py:266} INFO - Task exited with return code 0
[2025-09-18T05:35:11.697+0000] {taskinstance.py:3900} INFO - 0 downstream tasks scheduled from follow-on schedule check
[2025-09-18T05:35:11.704+0000] {local_task_job_runner.py:245} INFO - ::endgroup::
