[2025-09-18T05:34:00.532+0000] {local_task_job_runner.py:123} INFO - ::group::Pre task execution logs
[2025-09-18T05:34:00.548+0000] {taskinstance.py:2612} INFO - Dependencies all met for dep_context=non-requeueable deps ti=<TaskInstance: consume_1_or_both_2_and_3_with_dataset_expressions.consume_1_or_both_2_and_3_with_dataset_expressions dataset_triggered__2025-09-18T05:33:57.128190+00:00 [queued]>
[2025-09-18T05:34:00.557+0000] {taskinstance.py:2612} INFO - Dependencies all met for dep_context=requeueable deps ti=<TaskInstance: consume_1_or_both_2_and_3_with_dataset_expressions.consume_1_or_both_2_and_3_with_dataset_expressions dataset_triggered__2025-09-18T05:33:57.128190+00:00 [queued]>
[2025-09-18T05:34:00.560+0000] {taskinstance.py:2865} INFO - Starting attempt 1 of 1
[2025-09-18T05:34:00.574+0000] {taskinstance.py:2888} INFO - Executing <Task(BashOperator): consume_1_or_both_2_and_3_with_dataset_expressions> on 2025-09-18 05:33:57.128190+00:00
[2025-09-18T05:34:00.584+0000] {warnings.py:112} WARNING - /home/***/.local/lib/python3.12/site-packages/***/task/task_runner/standard_task_runner.py:70: DeprecationWarning: This process (pid=200) is multi-threaded, use of fork() may lead to deadlocks in the child.
  pid = os.fork()

[2025-09-18T05:34:00.587+0000] {standard_task_runner.py:72} INFO - Started process 204 to run task
[2025-09-18T05:34:00.588+0000] {standard_task_runner.py:104} INFO - Running: ['***', 'tasks', 'run', 'consume_1_or_both_2_and_3_with_dataset_expressions', 'consume_1_or_both_2_and_3_with_dataset_expressions', 'dataset_triggered__2025-09-18T05:33:57.128190+00:00', '--job-id', '18', '--raw', '--subdir', '/home/***/.local/lib/python3.12/site-packages/***/example_dags/example_datasets.py', '--cfg-path', '/tmp/tmp7y5iseke']
[2025-09-18T05:34:00.591+0000] {standard_task_runner.py:105} INFO - Job 18: Subtask consume_1_or_both_2_and_3_with_dataset_expressions
[2025-09-18T05:34:00.670+0000] {task_command.py:467} INFO - Running <TaskInstance: consume_1_or_both_2_and_3_with_dataset_expressions.consume_1_or_both_2_and_3_with_dataset_expressions dataset_triggered__2025-09-18T05:33:57.128190+00:00 [running]> on host 7f8c5cf1dc7b
[2025-09-18T05:34:00.791+0000] {taskinstance.py:3131} INFO - Exporting env vars: AIRFLOW_CTX_DAG_OWNER='***' AIRFLOW_CTX_DAG_ID='consume_1_or_both_2_and_3_with_dataset_expressions' AIRFLOW_CTX_TASK_ID='consume_1_or_both_2_and_3_with_dataset_expressions' AIRFLOW_CTX_EXECUTION_DATE='2025-09-18T05:33:57.128190+00:00' AIRFLOW_CTX_TRY_NUMBER='1' AIRFLOW_CTX_DAG_RUN_ID='dataset_triggered__2025-09-18T05:33:57.128190+00:00'
[2025-09-18T05:34:00.794+0000] {logging_mixin.py:190} INFO - Task instance is in running state
[2025-09-18T05:34:00.794+0000] {logging_mixin.py:190} INFO -  Previous state of the Task instance: queued
[2025-09-18T05:34:00.795+0000] {logging_mixin.py:190} INFO - Current task name:consume_1_or_both_2_and_3_with_dataset_expressions state:running start_date:2025-09-18 05:34:00.549584+00:00
[2025-09-18T05:34:00.795+0000] {logging_mixin.py:190} INFO - Dag name:consume_1_or_both_2_and_3_with_dataset_expressions and current dag run status:running
[2025-09-18T05:34:00.796+0000] {taskinstance.py:731} INFO - ::endgroup::
[2025-09-18T05:34:00.797+0000] {subprocess.py:63} INFO - Tmp dir root location: /tmp
[2025-09-18T05:34:00.799+0000] {subprocess.py:75} INFO - Running command: ['/usr/bin/bash', '-c', 'sleep 5']
[2025-09-18T05:34:00.816+0000] {subprocess.py:86} INFO - Output:
[2025-09-18T05:34:05.822+0000] {subprocess.py:97} INFO - Command exited with return code 0
[2025-09-18T05:34:05.889+0000] {taskinstance.py:340} INFO - ::group::Post task execution logs
[2025-09-18T05:34:05.890+0000] {taskinstance.py:352} INFO - Marking task as SUCCESS. dag_id=consume_1_or_both_2_and_3_with_dataset_expressions, task_id=consume_1_or_both_2_and_3_with_dataset_expressions, run_id=dataset_triggered__2025-09-18T05:33:57.128190+00:00, execution_date=20250918T053357, start_date=20250918T053400, end_date=20250918T053405
[2025-09-18T05:34:05.936+0000] {logging_mixin.py:190} INFO - Task instance in success state
[2025-09-18T05:34:05.937+0000] {logging_mixin.py:190} INFO -  Previous state of the Task instance: running
[2025-09-18T05:34:05.939+0000] {logging_mixin.py:190} INFO - Dag name:consume_1_or_both_2_and_3_with_dataset_expressions queued_at:2025-09-18 05:33:58.289856+00:00
[2025-09-18T05:34:05.940+0000] {logging_mixin.py:190} INFO - Task hostname:7f8c5cf1dc7b operator:BashOperator
[2025-09-18T05:34:05.964+0000] {local_task_job_runner.py:266} INFO - Task exited with return code 0
[2025-09-18T05:34:05.985+0000] {taskinstance.py:3900} INFO - 0 downstream tasks scheduled from follow-on schedule check
[2025-09-18T05:34:05.987+0000] {local_task_job_runner.py:245} INFO - ::endgroup::
