[2025-09-18T05:36:26.142+0000] {local_task_job_runner.py:123} INFO - ::group::Pre task execution logs
[2025-09-18T05:36:26.165+0000] {taskinstance.py:2612} INFO - Dependencies all met for dep_context=non-requeueable deps ti=<TaskInstance: example_nested_branch_dag.branch_1 scheduled__2025-09-17T00:00:00+00:00 [queued]>
[2025-09-18T05:36:26.180+0000] {taskinstance.py:2612} INFO - Dependencies all met for dep_context=requeueable deps ti=<TaskInstance: example_nested_branch_dag.branch_1 scheduled__2025-09-17T00:00:00+00:00 [queued]>
[2025-09-18T05:36:26.180+0000] {taskinstance.py:2865} INFO - Starting attempt 1 of 1
[2025-09-18T05:36:26.208+0000] {taskinstance.py:2888} INFO - Executing <Task(_BranchPythonDecoratedOperator): branch_1> on 2025-09-17 00:00:00+00:00
[2025-09-18T05:36:26.221+0000] {warnings.py:112} WARNING - /home/***/.local/lib/python3.12/site-packages/***/task/task_runner/standard_task_runner.py:70: DeprecationWarning: This process (pid=312) is multi-threaded, use of fork() may lead to deadlocks in the child.
  pid = os.fork()

[2025-09-18T05:36:26.224+0000] {standard_task_runner.py:72} INFO - Started process 318 to run task
[2025-09-18T05:36:26.225+0000] {standard_task_runner.py:104} INFO - Running: ['***', 'tasks', 'run', 'example_nested_branch_dag', 'branch_1', 'scheduled__2025-09-17T00:00:00+00:00', '--job-id', '36', '--raw', '--subdir', '/home/***/.local/lib/python3.12/site-packages/***/example_dags/example_nested_branch_dag.py', '--cfg-path', '/tmp/tmpmhsd38gh']
[2025-09-18T05:36:26.228+0000] {standard_task_runner.py:105} INFO - Job 36: Subtask branch_1
[2025-09-18T05:36:26.348+0000] {task_command.py:467} INFO - Running <TaskInstance: example_nested_branch_dag.branch_1 scheduled__2025-09-17T00:00:00+00:00 [running]> on host 7f8c5cf1dc7b
[2025-09-18T05:36:26.495+0000] {taskinstance.py:3131} INFO - Exporting env vars: AIRFLOW_CTX_DAG_OWNER='***' AIRFLOW_CTX_DAG_ID='example_nested_branch_dag' AIRFLOW_CTX_TASK_ID='branch_1' AIRFLOW_CTX_EXECUTION_DATE='2025-09-17T00:00:00+00:00' AIRFLOW_CTX_TRY_NUMBER='1' AIRFLOW_CTX_DAG_RUN_ID='scheduled__2025-09-17T00:00:00+00:00'
[2025-09-18T05:36:26.497+0000] {logging_mixin.py:190} INFO - Task instance is in running state
[2025-09-18T05:36:26.506+0000] {logging_mixin.py:190} INFO -  Previous state of the Task instance: queued
[2025-09-18T05:36:26.508+0000] {logging_mixin.py:190} INFO - Current task name:branch_1 state:running start_date:2025-09-18 05:36:26.167255+00:00
[2025-09-18T05:36:26.510+0000] {logging_mixin.py:190} INFO - Dag name:example_nested_branch_dag and current dag run status:running
[2025-09-18T05:36:26.511+0000] {taskinstance.py:731} INFO - ::endgroup::
[2025-09-18T05:36:26.513+0000] {python.py:240} INFO - Done. Returned value was: true_1
[2025-09-18T05:36:26.514+0000] {branch.py:38} INFO - Branch into true_1
[2025-09-18T05:36:26.518+0000] {skipmixin.py:230} INFO - Following branch ('true_1',)
[2025-09-18T05:36:26.551+0000] {skipmixin.py:278} INFO - Skipping tasks [('false_1', -1)]
[2025-09-18T05:36:26.612+0000] {taskinstance.py:340} INFO - ::group::Post task execution logs
[2025-09-18T05:36:26.613+0000] {taskinstance.py:352} INFO - Marking task as SUCCESS. dag_id=example_nested_branch_dag, task_id=branch_1, run_id=scheduled__2025-09-17T00:00:00+00:00, execution_date=20250917T000000, start_date=20250918T053626, end_date=20250918T053626
[2025-09-18T05:36:26.628+0000] {logging_mixin.py:190} INFO - Task instance in success state
[2025-09-18T05:36:26.629+0000] {logging_mixin.py:190} INFO -  Previous state of the Task instance: running
[2025-09-18T05:36:26.630+0000] {logging_mixin.py:190} INFO - Dag name:example_nested_branch_dag queued_at:2025-09-18 05:36:24.144727+00:00
[2025-09-18T05:36:26.631+0000] {logging_mixin.py:190} INFO - Task hostname:7f8c5cf1dc7b operator:_BranchPythonDecoratedOperator
[2025-09-18T05:36:26.684+0000] {local_task_job_runner.py:266} INFO - Task exited with return code 0
[2025-09-18T05:36:26.723+0000] {taskinstance.py:3900} INFO - 0 downstream tasks scheduled from follow-on schedule check
[2025-09-18T05:36:26.728+0000] {local_task_job_runner.py:245} INFO - ::endgroup::
