[2025-09-18T05:36:20.293+0000] {local_task_job_runner.py:123} INFO - ::group::Pre task execution logs
[2025-09-18T05:36:20.322+0000] {taskinstance.py:2612} INFO - Dependencies all met for dep_context=non-requeueable deps ti=<TaskInstance: example_branch_python_operator_decorator.branching scheduled__2025-09-17T00:00:00+00:00 [queued]>
[2025-09-18T05:36:20.334+0000] {taskinstance.py:2612} INFO - Dependencies all met for dep_context=requeueable deps ti=<TaskInstance: example_branch_python_operator_decorator.branching scheduled__2025-09-17T00:00:00+00:00 [queued]>
[2025-09-18T05:36:20.335+0000] {taskinstance.py:2865} INFO - Starting attempt 1 of 1
[2025-09-18T05:36:20.355+0000] {taskinstance.py:2888} INFO - Executing <Task(_BranchPythonDecoratedOperator): branching> on 2025-09-17 00:00:00+00:00
[2025-09-18T05:36:20.365+0000] {warnings.py:112} WARNING - /home/***/.local/lib/python3.12/site-packages/***/task/task_runner/standard_task_runner.py:70: DeprecationWarning: This process (pid=298) is multi-threaded, use of fork() may lead to deadlocks in the child.
  pid = os.fork()

[2025-09-18T05:36:20.367+0000] {standard_task_runner.py:72} INFO - Started process 302 to run task
[2025-09-18T05:36:20.368+0000] {standard_task_runner.py:104} INFO - Running: ['***', 'tasks', 'run', 'example_branch_python_operator_decorator', 'branching', 'scheduled__2025-09-17T00:00:00+00:00', '--job-id', '33', '--raw', '--subdir', '/home/***/.local/lib/python3.12/site-packages/***/example_dags/example_branch_operator_decorator.py', '--cfg-path', '/tmp/tmpgbb2u_l_']
[2025-09-18T05:36:20.369+0000] {standard_task_runner.py:105} INFO - Job 33: Subtask branching
[2025-09-18T05:36:20.443+0000] {task_command.py:467} INFO - Running <TaskInstance: example_branch_python_operator_decorator.branching scheduled__2025-09-17T00:00:00+00:00 [running]> on host 7f8c5cf1dc7b
[2025-09-18T05:36:20.545+0000] {taskinstance.py:3131} INFO - Exporting env vars: AIRFLOW_CTX_DAG_OWNER='***' AIRFLOW_CTX_DAG_ID='example_branch_python_operator_decorator' AIRFLOW_CTX_TASK_ID='branching' AIRFLOW_CTX_EXECUTION_DATE='2025-09-17T00:00:00+00:00' AIRFLOW_CTX_TRY_NUMBER='1' AIRFLOW_CTX_DAG_RUN_ID='scheduled__2025-09-17T00:00:00+00:00'
[2025-09-18T05:36:20.546+0000] {logging_mixin.py:190} INFO - Task instance is in running state
[2025-09-18T05:36:20.547+0000] {logging_mixin.py:190} INFO -  Previous state of the Task instance: queued
[2025-09-18T05:36:20.548+0000] {logging_mixin.py:190} INFO - Current task name:branching state:running start_date:2025-09-18 05:36:20.323120+00:00
[2025-09-18T05:36:20.549+0000] {logging_mixin.py:190} INFO - Dag name:example_branch_python_operator_decorator and current dag run status:running
[2025-09-18T05:36:20.550+0000] {taskinstance.py:731} INFO - ::endgroup::
[2025-09-18T05:36:20.551+0000] {python.py:240} INFO - Done. Returned value was: branch_c
[2025-09-18T05:36:20.552+0000] {branch.py:38} INFO - Branch into branch_c
[2025-09-18T05:36:20.553+0000] {skipmixin.py:230} INFO - Following branch ('branch_c',)
[2025-09-18T05:36:20.574+0000] {skipmixin.py:278} INFO - Skipping tasks [('branch_d', -1), ('branch_b', -1), ('branch_a', -1)]
[2025-09-18T05:36:20.621+0000] {taskinstance.py:340} INFO - ::group::Post task execution logs
[2025-09-18T05:36:20.623+0000] {taskinstance.py:352} INFO - Marking task as SUCCESS. dag_id=example_branch_python_operator_decorator, task_id=branching, run_id=scheduled__2025-09-17T00:00:00+00:00, execution_date=20250917T000000, start_date=20250918T053620, end_date=20250918T053620
[2025-09-18T05:36:20.638+0000] {logging_mixin.py:190} INFO - Task instance in success state
[2025-09-18T05:36:20.642+0000] {logging_mixin.py:190} INFO -  Previous state of the Task instance: running
[2025-09-18T05:36:20.642+0000] {logging_mixin.py:190} INFO - Dag name:example_branch_python_operator_decorator queued_at:2025-09-18 05:36:18.027954+00:00
[2025-09-18T05:36:20.643+0000] {logging_mixin.py:190} INFO - Task hostname:7f8c5cf1dc7b operator:_BranchPythonDecoratedOperator
[2025-09-18T05:36:20.705+0000] {local_task_job_runner.py:266} INFO - Task exited with return code 0
[2025-09-18T05:36:20.758+0000] {taskinstance.py:3900} INFO - 1 downstream tasks scheduled from follow-on schedule check
[2025-09-18T05:36:20.761+0000] {local_task_job_runner.py:245} INFO - ::endgroup::
