[2025-09-18T05:36:22.537+0000] {local_task_job_runner.py:123} INFO - ::group::Pre task execution logs
[2025-09-18T05:36:22.570+0000] {taskinstance.py:2612} INFO - Dependencies all met for dep_context=non-requeueable deps ti=<TaskInstance: example_branch_operator.branch_c scheduled__2025-09-17T00:00:00+00:00 [queued]>
[2025-09-18T05:36:22.585+0000] {taskinstance.py:2612} INFO - Dependencies all met for dep_context=requeueable deps ti=<TaskInstance: example_branch_operator.branch_c scheduled__2025-09-17T00:00:00+00:00 [queued]>
[2025-09-18T05:36:22.586+0000] {taskinstance.py:2865} INFO - Starting attempt 1 of 1
[2025-09-18T05:36:22.601+0000] {taskinstance.py:2888} INFO - Executing <Task(PythonOperator): branch_c> on 2025-09-17 00:00:00+00:00
[2025-09-18T05:36:22.610+0000] {warnings.py:112} WARNING - /home/***/.local/lib/python3.12/site-packages/***/task/task_runner/standard_task_runner.py:70: DeprecationWarning: This process (pid=304) is multi-threaded, use of fork() may lead to deadlocks in the child.
  pid = os.fork()

[2025-09-18T05:36:22.613+0000] {standard_task_runner.py:72} INFO - Started process 308 to run task
[2025-09-18T05:36:22.614+0000] {standard_task_runner.py:104} INFO - Running: ['***', 'tasks', 'run', 'example_branch_operator', 'branch_c', 'scheduled__2025-09-17T00:00:00+00:00', '--job-id', '34', '--raw', '--subdir', '/home/***/.local/lib/python3.12/site-packages/***/example_dags/example_branch_operator.py', '--cfg-path', '/tmp/tmp82twdrsu']
[2025-09-18T05:36:22.616+0000] {standard_task_runner.py:105} INFO - Job 34: Subtask branch_c
[2025-09-18T05:36:22.695+0000] {task_command.py:467} INFO - Running <TaskInstance: example_branch_operator.branch_c scheduled__2025-09-17T00:00:00+00:00 [running]> on host 7f8c5cf1dc7b
[2025-09-18T05:36:22.813+0000] {taskinstance.py:3131} INFO - Exporting env vars: AIRFLOW_CTX_DAG_OWNER='***' AIRFLOW_CTX_DAG_ID='example_branch_operator' AIRFLOW_CTX_TASK_ID='branch_c' AIRFLOW_CTX_EXECUTION_DATE='2025-09-17T00:00:00+00:00' AIRFLOW_CTX_TRY_NUMBER='1' AIRFLOW_CTX_DAG_RUN_ID='scheduled__2025-09-17T00:00:00+00:00'
[2025-09-18T05:36:22.816+0000] {logging_mixin.py:190} INFO - Task instance is in running state
[2025-09-18T05:36:22.817+0000] {logging_mixin.py:190} INFO -  Previous state of the Task instance: queued
[2025-09-18T05:36:22.818+0000] {logging_mixin.py:190} INFO - Current task name:branch_c state:running start_date:2025-09-18 05:36:22.570908+00:00
[2025-09-18T05:36:22.818+0000] {logging_mixin.py:190} INFO - Dag name:example_branch_operator and current dag run status:running
[2025-09-18T05:36:22.819+0000] {taskinstance.py:731} INFO - ::endgroup::
[2025-09-18T05:36:22.819+0000] {logging_mixin.py:190} INFO - Hello World
[2025-09-18T05:36:22.820+0000] {python.py:240} INFO - Done. Returned value was: None
[2025-09-18T05:36:22.833+0000] {taskinstance.py:340} INFO - ::group::Post task execution logs
[2025-09-18T05:36:22.833+0000] {taskinstance.py:352} INFO - Marking task as SUCCESS. dag_id=example_branch_operator, task_id=branch_c, run_id=scheduled__2025-09-17T00:00:00+00:00, execution_date=20250917T000000, start_date=20250918T053622, end_date=20250918T053622
[2025-09-18T05:36:22.844+0000] {logging_mixin.py:190} INFO - Task instance in success state
[2025-09-18T05:36:22.844+0000] {logging_mixin.py:190} INFO -  Previous state of the Task instance: running
[2025-09-18T05:36:22.845+0000] {logging_mixin.py:190} INFO - Dag name:example_branch_operator queued_at:2025-09-18 05:36:16.817458+00:00
[2025-09-18T05:36:22.846+0000] {logging_mixin.py:190} INFO - Task hostname:7f8c5cf1dc7b operator:PythonOperator
[2025-09-18T05:36:22.869+0000] {local_task_job_runner.py:266} INFO - Task exited with return code 0
[2025-09-18T05:36:22.905+0000] {taskinstance.py:3900} INFO - 0 downstream tasks scheduled from follow-on schedule check
[2025-09-18T05:36:22.907+0000] {local_task_job_runner.py:245} INFO - ::endgroup::
