[2025-09-18T05:29:32.935+0000] {local_task_job_runner.py:123} INFO - ::group::Pre task execution logs
[2025-09-18T05:29:32.973+0000] {taskinstance.py:2612} INFO - Dependencies all met for dep_context=non-requeueable deps ti=<TaskInstance: consume_1_or_both_2_and_3_with_dataset_expressions.consume_1_or_both_2_and_3_with_dataset_expressions manual__2025-09-18T05:29:29.797387+00:00 [queued]>
[2025-09-18T05:29:32.989+0000] {taskinstance.py:2612} INFO - Dependencies all met for dep_context=requeueable deps ti=<TaskInstance: consume_1_or_both_2_and_3_with_dataset_expressions.consume_1_or_both_2_and_3_with_dataset_expressions manual__2025-09-18T05:29:29.797387+00:00 [queued]>
[2025-09-18T05:29:32.990+0000] {taskinstance.py:2865} INFO - Starting attempt 1 of 1
[2025-09-18T05:29:33.031+0000] {taskinstance.py:2888} INFO - Executing <Task(BashOperator): consume_1_or_both_2_and_3_with_dataset_expressions> on 2025-09-18 05:29:29.797387+00:00
[2025-09-18T05:29:33.046+0000] {warnings.py:112} WARNING - /home/***/.local/lib/python3.12/site-packages/***/task/task_runner/standard_task_runner.py:70: DeprecationWarning: This process (pid=112) is multi-threaded, use of fork() may lead to deadlocks in the child.
  pid = os.fork()

[2025-09-18T05:29:33.053+0000] {standard_task_runner.py:104} INFO - Running: ['***', 'tasks', 'run', 'consume_1_or_both_2_and_3_with_dataset_expressions', 'consume_1_or_both_2_and_3_with_dataset_expressions', 'manual__2025-09-18T05:29:29.797387+00:00', '--job-id', '10', '--raw', '--subdir', '/home/***/.local/lib/python3.12/site-packages/***/example_dags/example_datasets.py', '--cfg-path', '/tmp/tmpnte9x8o5']
[2025-09-18T05:29:33.056+0000] {standard_task_runner.py:72} INFO - Started process 114 to run task
[2025-09-18T05:29:33.057+0000] {standard_task_runner.py:105} INFO - Job 10: Subtask consume_1_or_both_2_and_3_with_dataset_expressions
[2025-09-18T05:29:33.180+0000] {task_command.py:467} INFO - Running <TaskInstance: consume_1_or_both_2_and_3_with_dataset_expressions.consume_1_or_both_2_and_3_with_dataset_expressions manual__2025-09-18T05:29:29.797387+00:00 [running]> on host 7f8c5cf1dc7b
[2025-09-18T05:29:33.394+0000] {taskinstance.py:3131} INFO - Exporting env vars: AIRFLOW_CTX_DAG_OWNER='***' AIRFLOW_CTX_DAG_ID='consume_1_or_both_2_and_3_with_dataset_expressions' AIRFLOW_CTX_TASK_ID='consume_1_or_both_2_and_3_with_dataset_expressions' AIRFLOW_CTX_EXECUTION_DATE='2025-09-18T05:29:29.797387+00:00' AIRFLOW_CTX_TRY_NUMBER='1' AIRFLOW_CTX_DAG_RUN_ID='manual__2025-09-18T05:29:29.797387+00:00'
[2025-09-18T05:29:33.408+0000] {logging_mixin.py:190} INFO - Task instance is in running state
[2025-09-18T05:29:33.409+0000] {logging_mixin.py:190} INFO -  Previous state of the Task instance: queued
[2025-09-18T05:29:33.421+0000] {logging_mixin.py:190} INFO - Current task name:consume_1_or_both_2_and_3_with_dataset_expressions state:running start_date:2025-09-18 05:29:32.974867+00:00
[2025-09-18T05:29:33.423+0000] {logging_mixin.py:190} INFO - Dag name:consume_1_or_both_2_and_3_with_dataset_expressions and current dag run status:running
[2025-09-18T05:29:33.429+0000] {taskinstance.py:731} INFO - ::endgroup::
[2025-09-18T05:29:33.443+0000] {subprocess.py:63} INFO - Tmp dir root location: /tmp
[2025-09-18T05:29:33.452+0000] {subprocess.py:75} INFO - Running command: ['/usr/bin/bash', '-c', 'sleep 5']
[2025-09-18T05:29:33.497+0000] {subprocess.py:86} INFO - Output:
[2025-09-18T05:29:38.509+0000] {subprocess.py:97} INFO - Command exited with return code 0
[2025-09-18T05:29:38.565+0000] {taskinstance.py:340} INFO - ::group::Post task execution logs
[2025-09-18T05:29:38.566+0000] {taskinstance.py:352} INFO - Marking task as SUCCESS. dag_id=consume_1_or_both_2_and_3_with_dataset_expressions, task_id=consume_1_or_both_2_and_3_with_dataset_expressions, run_id=manual__2025-09-18T05:29:29.797387+00:00, execution_date=20250918T052929, start_date=20250918T052932, end_date=20250918T052938
[2025-09-18T05:29:38.619+0000] {logging_mixin.py:190} INFO - Task instance in success state
[2025-09-18T05:29:38.620+0000] {logging_mixin.py:190} INFO -  Previous state of the Task instance: running
[2025-09-18T05:29:38.621+0000] {logging_mixin.py:190} INFO - Dag name:consume_1_or_both_2_and_3_with_dataset_expressions queued_at:2025-09-18 05:29:29.821805+00:00
[2025-09-18T05:29:38.621+0000] {logging_mixin.py:190} INFO - Task hostname:7f8c5cf1dc7b operator:BashOperator
[2025-09-18T05:29:38.676+0000] {local_task_job_runner.py:266} INFO - Task exited with return code 0
[2025-09-18T05:29:38.711+0000] {taskinstance.py:3900} INFO - 0 downstream tasks scheduled from follow-on schedule check
[2025-09-18T05:29:38.716+0000] {local_task_job_runner.py:245} INFO - ::endgroup::
