[2025-09-18T05:36:47.109+0000] {local_task_job_runner.py:123} INFO - ::group::Pre task execution logs
[2025-09-18T05:36:47.132+0000] {taskinstance.py:2612} INFO - Dependencies all met for dep_context=non-requeueable deps ti=<TaskInstance: example_branch_operator.branching_venv scheduled__2025-09-17T00:00:00+00:00 [queued]>
[2025-09-18T05:36:47.144+0000] {taskinstance.py:2612} INFO - Dependencies all met for dep_context=requeueable deps ti=<TaskInstance: example_branch_operator.branching_venv scheduled__2025-09-17T00:00:00+00:00 [queued]>
[2025-09-18T05:36:47.145+0000] {taskinstance.py:2865} INFO - Starting attempt 1 of 1
[2025-09-18T05:36:47.166+0000] {taskinstance.py:2888} INFO - Executing <Task(BranchPythonVirtualenvOperator): branching_venv> on 2025-09-17 00:00:00+00:00
[2025-09-18T05:36:47.177+0000] {warnings.py:112} WARNING - /home/***/.local/lib/python3.12/site-packages/***/task/task_runner/standard_task_runner.py:70: DeprecationWarning: This process (pid=402) is multi-threaded, use of fork() may lead to deadlocks in the child.
  pid = os.fork()

[2025-09-18T05:36:47.180+0000] {standard_task_runner.py:72} INFO - Started process 406 to run task
[2025-09-18T05:36:47.181+0000] {standard_task_runner.py:104} INFO - Running: ['***', 'tasks', 'run', 'example_branch_operator', 'branching_venv', 'scheduled__2025-09-17T00:00:00+00:00', '--job-id', '46', '--raw', '--subdir', '/home/***/.local/lib/python3.12/site-packages/***/example_dags/example_branch_operator.py', '--cfg-path', '/tmp/tmpixfbzaic']
[2025-09-18T05:36:47.183+0000] {standard_task_runner.py:105} INFO - Job 46: Subtask branching_venv
[2025-09-18T05:36:47.287+0000] {task_command.py:467} INFO - Running <TaskInstance: example_branch_operator.branching_venv scheduled__2025-09-17T00:00:00+00:00 [running]> on host 7f8c5cf1dc7b
[2025-09-18T05:36:47.447+0000] {taskinstance.py:3131} INFO - Exporting env vars: AIRFLOW_CTX_DAG_OWNER='***' AIRFLOW_CTX_DAG_ID='example_branch_operator' AIRFLOW_CTX_TASK_ID='branching_venv' AIRFLOW_CTX_EXECUTION_DATE='2025-09-17T00:00:00+00:00' AIRFLOW_CTX_TRY_NUMBER='1' AIRFLOW_CTX_DAG_RUN_ID='scheduled__2025-09-17T00:00:00+00:00'
[2025-09-18T05:36:47.450+0000] {logging_mixin.py:190} INFO - Task instance is in running state
[2025-09-18T05:36:47.451+0000] {logging_mixin.py:190} INFO -  Previous state of the Task instance: queued
[2025-09-18T05:36:47.451+0000] {logging_mixin.py:190} INFO - Current task name:branching_venv state:running start_date:2025-09-18 05:36:47.133530+00:00
[2025-09-18T05:36:47.452+0000] {logging_mixin.py:190} INFO - Dag name:example_branch_operator and current dag run status:running
[2025-09-18T05:36:47.453+0000] {taskinstance.py:731} INFO - ::endgroup::
[2025-09-18T05:36:47.459+0000] {baseoperator.py:405} WARNING - BranchPythonVirtualenvOperator.execute cannot be called outside TaskInstance!
[2025-09-18T05:36:47.460+0000] {baseoperator.py:405} WARNING - BranchPythonVirtualenvOperator.execute cannot be called outside TaskInstance!
[2025-09-18T05:36:47.472+0000] {python.py:809} INFO - Python virtual environment will be cached in /tmp/venv-5ea997a7
[2025-09-18T05:36:47.475+0000] {process_utils.py:186} INFO - Executing cmd: /home/***/.local/bin/python -m virtualenv /tmp/venv-5ea997a7 --system-site-packages --python=python
[2025-09-18T05:36:47.477+0000] {process_utils.py:190} INFO - Output:
[2025-09-18T05:36:49.285+0000] {process_utils.py:194} INFO - created virtual environment CPython3.12.6.final.0-64 in 884ms
[2025-09-18T05:36:49.286+0000] {process_utils.py:194} INFO -   creator CPython3Posix(dest=/tmp/venv-5ea997a7, clear=False, no_vcs_ignore=False, global=True)
[2025-09-18T05:36:49.287+0000] {process_utils.py:194} INFO -   seeder FromAppData(download=False, pip=bundle, via=copy, app_data_dir=/home/***/.local/share/virtualenv)
[2025-09-18T05:36:49.288+0000] {process_utils.py:194} INFO -     added seed packages: pip==24.2
[2025-09-18T05:36:49.290+0000] {process_utils.py:194} INFO -   activators BashActivator,CShellActivator,FishActivator,NushellActivator,PowerShellActivator,PythonActivator
[2025-09-18T05:36:49.346+0000] {process_utils.py:186} INFO - Executing cmd: /tmp/venv-5ea997a7/bin/pip install -r /tmp/venv-5ea997a7/requirements.txt
[2025-09-18T05:36:49.347+0000] {process_utils.py:190} INFO - Output:
[2025-09-18T05:36:52.204+0000] {process_utils.py:194} INFO - Requirement already satisfied: numpy~=1.26.0 in /home/***/.local/lib/python3.12/site-packages (from -r /tmp/venv-5ea997a7/requirements.txt (line 1)) (1.26.4)
[2025-09-18T05:36:53.622+0000] {process_utils.py:194} INFO - 
[2025-09-18T05:36:53.623+0000] {process_utils.py:194} INFO - [notice] A new release of pip is available: 24.2 -> 25.2
[2025-09-18T05:36:53.624+0000] {process_utils.py:194} INFO - [notice] To update, run: python -m pip install --upgrade pip
[2025-09-18T05:36:53.757+0000] {python.py:857} INFO - New Python virtual environment created in /tmp/venv-5ea997a7
[2025-09-18T05:36:53.759+0000] {python.py:513} INFO - Use 'pickle' as serializer.
[2025-09-18T05:36:53.770+0000] {process_utils.py:186} INFO - Executing cmd: /tmp/venv-5ea997a7/bin/python /tmp/venv-callnm6gxthl/script.py /tmp/venv-callnm6gxthl/script.in /tmp/venv-callnm6gxthl/script.out /tmp/venv-callnm6gxthl/string_args.txt /tmp/venv-callnm6gxthl/termination.log
[2025-09-18T05:36:53.771+0000] {process_utils.py:190} INFO - Output:
[2025-09-18T05:36:58.085+0000] {process_utils.py:194} INFO - Some numpy stuff: [0 1 2 3 4 5]
[2025-09-18T05:36:58.570+0000] {python.py:240} INFO - Done. Returned value was: venv_b
[2025-09-18T05:36:58.571+0000] {branch.py:38} INFO - Branch into venv_b
[2025-09-18T05:36:58.572+0000] {skipmixin.py:230} INFO - Following branch ('venv_b',)
[2025-09-18T05:36:58.595+0000] {skipmixin.py:278} INFO - Skipping tasks [('venv_d', -1), ('venv_a', -1), ('venv_c', -1)]
[2025-09-18T05:36:58.644+0000] {taskinstance.py:340} INFO - ::group::Post task execution logs
[2025-09-18T05:36:58.644+0000] {taskinstance.py:352} INFO - Marking task as SUCCESS. dag_id=example_branch_operator, task_id=branching_venv, run_id=scheduled__2025-09-17T00:00:00+00:00, execution_date=20250917T000000, start_date=20250918T053647, end_date=20250918T053658
[2025-09-18T05:36:58.663+0000] {logging_mixin.py:190} INFO - Task instance in success state
[2025-09-18T05:36:58.664+0000] {logging_mixin.py:190} INFO -  Previous state of the Task instance: running
[2025-09-18T05:36:58.665+0000] {logging_mixin.py:190} INFO - Dag name:example_branch_operator queued_at:2025-09-18 05:36:16.817458+00:00
[2025-09-18T05:36:58.665+0000] {logging_mixin.py:190} INFO - Task hostname:7f8c5cf1dc7b operator:BranchPythonVirtualenvOperator
[2025-09-18T05:36:58.704+0000] {local_task_job_runner.py:266} INFO - Task exited with return code 0
[2025-09-18T05:36:58.749+0000] {taskinstance.py:3900} INFO - 1 downstream tasks scheduled from follow-on schedule check
[2025-09-18T05:36:58.754+0000] {local_task_job_runner.py:245} INFO - ::endgroup::
