[2025-09-18T05:36:34.678+0000] {local_task_job_runner.py:123} INFO - ::group::Pre task execution logs
[2025-09-18T05:36:34.714+0000] {taskinstance.py:2612} INFO - Dependencies all met for dep_context=non-requeueable deps ti=<TaskInstance: example_branch_python_operator_decorator.ext_py_d scheduled__2025-09-17T00:00:00+00:00 [queued]>
[2025-09-18T05:36:34.735+0000] {taskinstance.py:2612} INFO - Dependencies all met for dep_context=requeueable deps ti=<TaskInstance: example_branch_python_operator_decorator.ext_py_d scheduled__2025-09-17T00:00:00+00:00 [queued]>
[2025-09-18T05:36:34.736+0000] {taskinstance.py:2865} INFO - Starting attempt 1 of 1
[2025-09-18T05:36:34.761+0000] {taskinstance.py:2888} INFO - Executing <Task(_PythonExternalDecoratedOperator): ext_py_d> on 2025-09-17 00:00:00+00:00
[2025-09-18T05:36:34.775+0000] {warnings.py:112} WARNING - /home/***/.local/lib/python3.12/site-packages/***/task/task_runner/standard_task_runner.py:70: DeprecationWarning: This process (pid=356) is multi-threaded, use of fork() may lead to deadlocks in the child.
  pid = os.fork()

[2025-09-18T05:36:34.780+0000] {standard_task_runner.py:72} INFO - Started process 362 to run task
[2025-09-18T05:36:34.780+0000] {standard_task_runner.py:104} INFO - Running: ['***', 'tasks', 'run', 'example_branch_python_operator_decorator', 'ext_py_d', 'scheduled__2025-09-17T00:00:00+00:00', '--job-id', '40', '--raw', '--subdir', '/home/***/.local/lib/python3.12/site-packages/***/example_dags/example_branch_operator_decorator.py', '--cfg-path', '/tmp/tmpkgnorib0']
[2025-09-18T05:36:34.782+0000] {standard_task_runner.py:105} INFO - Job 40: Subtask ext_py_d
[2025-09-18T05:36:34.920+0000] {task_command.py:467} INFO - Running <TaskInstance: example_branch_python_operator_decorator.ext_py_d scheduled__2025-09-17T00:00:00+00:00 [running]> on host 7f8c5cf1dc7b
[2025-09-18T05:36:35.132+0000] {taskinstance.py:3131} INFO - Exporting env vars: AIRFLOW_CTX_DAG_OWNER='***' AIRFLOW_CTX_DAG_ID='example_branch_python_operator_decorator' AIRFLOW_CTX_TASK_ID='ext_py_d' AIRFLOW_CTX_EXECUTION_DATE='2025-09-17T00:00:00+00:00' AIRFLOW_CTX_TRY_NUMBER='1' AIRFLOW_CTX_DAG_RUN_ID='scheduled__2025-09-17T00:00:00+00:00'
[2025-09-18T05:36:35.135+0000] {logging_mixin.py:190} INFO - Task instance is in running state
[2025-09-18T05:36:35.136+0000] {logging_mixin.py:190} INFO -  Previous state of the Task instance: queued
[2025-09-18T05:36:35.138+0000] {logging_mixin.py:190} INFO - Current task name:ext_py_d state:running start_date:2025-09-18 05:36:34.717898+00:00
[2025-09-18T05:36:35.139+0000] {logging_mixin.py:190} INFO - Dag name:example_branch_python_operator_decorator and current dag run status:running
[2025-09-18T05:36:35.140+0000] {taskinstance.py:731} INFO - ::endgroup::
[2025-09-18T05:36:35.770+0000] {process_utils.py:186} INFO - Executing cmd: /home/***/.local/bin/python /tmp/venv-callmkqx_rm0/script.py /tmp/venv-callmkqx_rm0/script.in /tmp/venv-callmkqx_rm0/script.out /tmp/venv-callmkqx_rm0/string_args.txt /tmp/venv-callmkqx_rm0/termination.log
[2025-09-18T05:36:35.771+0000] {process_utils.py:190} INFO - Output:
[2025-09-18T05:36:42.779+0000] {process_utils.py:194} INFO - doing something in external Python
[2025-09-18T05:36:43.420+0000] {python.py:240} INFO - Done. Returned value was: None
[2025-09-18T05:36:43.434+0000] {taskinstance.py:340} INFO - ::group::Post task execution logs
[2025-09-18T05:36:43.435+0000] {taskinstance.py:352} INFO - Marking task as SUCCESS. dag_id=example_branch_python_operator_decorator, task_id=ext_py_d, run_id=scheduled__2025-09-17T00:00:00+00:00, execution_date=20250917T000000, start_date=20250918T053634, end_date=20250918T053643
[2025-09-18T05:36:43.454+0000] {logging_mixin.py:190} INFO - Task instance in success state
[2025-09-18T05:36:43.455+0000] {logging_mixin.py:190} INFO -  Previous state of the Task instance: running
[2025-09-18T05:36:43.456+0000] {logging_mixin.py:190} INFO - Dag name:example_branch_python_operator_decorator queued_at:2025-09-18 05:36:18.027954+00:00
[2025-09-18T05:36:43.457+0000] {logging_mixin.py:190} INFO - Task hostname:7f8c5cf1dc7b operator:_PythonExternalDecoratedOperator
[2025-09-18T05:36:43.513+0000] {local_task_job_runner.py:266} INFO - Task exited with return code 0
[2025-09-18T05:36:43.553+0000] {taskinstance.py:3900} INFO - 0 downstream tasks scheduled from follow-on schedule check
[2025-09-18T05:36:43.556+0000] {local_task_job_runner.py:245} INFO - ::endgroup::
