[2025-09-18T05:35:28.959+0000] {local_task_job_runner.py:123} INFO - ::group::Pre task execution logs
[2025-09-18T05:35:28.993+0000] {taskinstance.py:2612} INFO - Dependencies all met for dep_context=non-requeueable deps ti=<TaskInstance: dataset_with_extra_from_classic_operator.dataset_with_extra_from_classic_operator manual__2025-09-18T05:35:24.003239+00:00 [queued]>
[2025-09-18T05:35:29.012+0000] {taskinstance.py:2612} INFO - Dependencies all met for dep_context=requeueable deps ti=<TaskInstance: dataset_with_extra_from_classic_operator.dataset_with_extra_from_classic_operator manual__2025-09-18T05:35:24.003239+00:00 [queued]>
[2025-09-18T05:35:29.013+0000] {taskinstance.py:2865} INFO - Starting attempt 1 of 1
[2025-09-18T05:35:29.034+0000] {taskinstance.py:2888} INFO - Executing <Task(BashOperator): dataset_with_extra_from_classic_operator> on 2025-09-18 05:35:24.003239+00:00
[2025-09-18T05:35:29.047+0000] {warnings.py:112} WARNING - /home/***/.local/lib/python3.12/site-packages/***/task/task_runner/standard_task_runner.py:70: DeprecationWarning: This process (pid=267) is multi-threaded, use of fork() may lead to deadlocks in the child.
  pid = os.fork()

[2025-09-18T05:35:29.050+0000] {standard_task_runner.py:72} INFO - Started process 272 to run task
[2025-09-18T05:35:29.051+0000] {standard_task_runner.py:104} INFO - Running: ['***', 'tasks', 'run', 'dataset_with_extra_from_classic_operator', 'dataset_with_extra_from_classic_operator', 'manual__2025-09-18T05:35:24.003239+00:00', '--job-id', '28', '--raw', '--subdir', '/home/***/.local/lib/python3.12/site-packages/***/example_dags/example_outlet_event_extra.py', '--cfg-path', '/tmp/tmps6gbcnnc']
[2025-09-18T05:35:29.054+0000] {standard_task_runner.py:105} INFO - Job 28: Subtask dataset_with_extra_from_classic_operator
[2025-09-18T05:35:29.184+0000] {task_command.py:467} INFO - Running <TaskInstance: dataset_with_extra_from_classic_operator.dataset_with_extra_from_classic_operator manual__2025-09-18T05:35:24.003239+00:00 [running]> on host 7f8c5cf1dc7b
[2025-09-18T05:35:29.372+0000] {taskinstance.py:3131} INFO - Exporting env vars: AIRFLOW_CTX_DAG_OWNER='***' AIRFLOW_CTX_DAG_ID='dataset_with_extra_from_classic_operator' AIRFLOW_CTX_TASK_ID='dataset_with_extra_from_classic_operator' AIRFLOW_CTX_EXECUTION_DATE='2025-09-18T05:35:24.003239+00:00' AIRFLOW_CTX_TRY_NUMBER='1' AIRFLOW_CTX_DAG_RUN_ID='manual__2025-09-18T05:35:24.003239+00:00'
[2025-09-18T05:35:29.379+0000] {logging_mixin.py:190} INFO - Task instance is in running state
[2025-09-18T05:35:29.381+0000] {logging_mixin.py:190} INFO -  Previous state of the Task instance: queued
[2025-09-18T05:35:29.385+0000] {logging_mixin.py:190} INFO - Current task name:dataset_with_extra_from_classic_operator state:running start_date:2025-09-18 05:35:28.994944+00:00
[2025-09-18T05:35:29.387+0000] {logging_mixin.py:190} INFO - Dag name:dataset_with_extra_from_classic_operator and current dag run status:running
[2025-09-18T05:35:29.390+0000] {taskinstance.py:731} INFO - ::endgroup::
[2025-09-18T05:35:29.393+0000] {subprocess.py:63} INFO - Tmp dir root location: /tmp
[2025-09-18T05:35:29.397+0000] {subprocess.py:75} INFO - Running command: ['/usr/bin/bash', '-c', ':']
[2025-09-18T05:35:29.427+0000] {subprocess.py:86} INFO - Output:
[2025-09-18T05:35:29.431+0000] {subprocess.py:97} INFO - Command exited with return code 0
[2025-09-18T05:35:29.530+0000] {taskinstance.py:340} INFO - ::group::Post task execution logs
[2025-09-18T05:35:29.532+0000] {taskinstance.py:352} INFO - Marking task as SUCCESS. dag_id=dataset_with_extra_from_classic_operator, task_id=dataset_with_extra_from_classic_operator, run_id=manual__2025-09-18T05:35:24.003239+00:00, execution_date=20250918T053524, start_date=20250918T053528, end_date=20250918T053529
[2025-09-18T05:35:29.630+0000] {logging_mixin.py:190} INFO - Task instance in success state
[2025-09-18T05:35:29.643+0000] {logging_mixin.py:190} INFO -  Previous state of the Task instance: running
[2025-09-18T05:35:29.649+0000] {logging_mixin.py:190} INFO - Dag name:dataset_with_extra_from_classic_operator queued_at:2025-09-18 05:35:24.032428+00:00
[2025-09-18T05:35:29.652+0000] {logging_mixin.py:190} INFO - Task hostname:7f8c5cf1dc7b operator:BashOperator
[2025-09-18T05:35:29.759+0000] {local_task_job_runner.py:266} INFO - Task exited with return code 0
[2025-09-18T05:35:29.821+0000] {taskinstance.py:3900} INFO - 0 downstream tasks scheduled from follow-on schedule check
[2025-09-18T05:35:29.828+0000] {local_task_job_runner.py:245} INFO - ::endgroup::
