[2025-09-18T05:35:10.957+0000] {local_task_job_runner.py:123} INFO - ::group::Pre task execution logs
[2025-09-18T05:35:11.021+0000] {taskinstance.py:2612} INFO - Dependencies all met for dep_context=non-requeueable deps ti=<TaskInstance: dataset_with_extra_by_yield.dataset_with_extra_by_yield manual__2025-09-18T05:35:05.906538+00:00 [queued]>
[2025-09-18T05:35:11.050+0000] {taskinstance.py:2612} INFO - Dependencies all met for dep_context=requeueable deps ti=<TaskInstance: dataset_with_extra_by_yield.dataset_with_extra_by_yield manual__2025-09-18T05:35:05.906538+00:00 [queued]>
[2025-09-18T05:35:11.052+0000] {taskinstance.py:2865} INFO - Starting attempt 1 of 1
[2025-09-18T05:35:11.097+0000] {taskinstance.py:2888} INFO - Executing <Task(_PythonDecoratedOperator): dataset_with_extra_by_yield> on 2025-09-18 05:35:05.906538+00:00
[2025-09-18T05:35:11.121+0000] {warnings.py:112} WARNING - /home/***/.local/lib/python3.12/site-packages/***/task/task_runner/standard_task_runner.py:70: DeprecationWarning: This process (pid=252) is multi-threaded, use of fork() may lead to deadlocks in the child.
  pid = os.fork()

[2025-09-18T05:35:11.126+0000] {standard_task_runner.py:72} INFO - Started process 256 to run task
[2025-09-18T05:35:11.130+0000] {standard_task_runner.py:104} INFO - Running: ['***', 'tasks', 'run', 'dataset_with_extra_by_yield', 'dataset_with_extra_by_yield', 'manual__2025-09-18T05:35:05.906538+00:00', '--job-id', '25', '--raw', '--subdir', '/home/***/.local/lib/python3.12/site-packages/***/example_dags/example_outlet_event_extra.py', '--cfg-path', '/tmp/tmp6ojn4wf7']
[2025-09-18T05:35:11.136+0000] {standard_task_runner.py:105} INFO - Job 25: Subtask dataset_with_extra_by_yield
[2025-09-18T05:35:11.284+0000] {task_command.py:467} INFO - Running <TaskInstance: dataset_with_extra_by_yield.dataset_with_extra_by_yield manual__2025-09-18T05:35:05.906538+00:00 [running]> on host 7f8c5cf1dc7b
[2025-09-18T05:35:11.445+0000] {taskinstance.py:3131} INFO - Exporting env vars: AIRFLOW_CTX_DAG_OWNER='***' AIRFLOW_CTX_DAG_ID='dataset_with_extra_by_yield' AIRFLOW_CTX_TASK_ID='dataset_with_extra_by_yield' AIRFLOW_CTX_EXECUTION_DATE='2025-09-18T05:35:05.906538+00:00' AIRFLOW_CTX_TRY_NUMBER='1' AIRFLOW_CTX_DAG_RUN_ID='manual__2025-09-18T05:35:05.906538+00:00'
[2025-09-18T05:35:11.449+0000] {logging_mixin.py:190} INFO - Task instance is in running state
[2025-09-18T05:35:11.450+0000] {logging_mixin.py:190} INFO -  Previous state of the Task instance: queued
[2025-09-18T05:35:11.451+0000] {logging_mixin.py:190} INFO - Current task name:dataset_with_extra_by_yield state:running start_date:2025-09-18 05:35:11.023511+00:00
[2025-09-18T05:35:11.456+0000] {logging_mixin.py:190} INFO - Dag name:dataset_with_extra_by_yield and current dag run status:running
[2025-09-18T05:35:11.458+0000] {taskinstance.py:731} INFO - ::endgroup::
[2025-09-18T05:35:11.461+0000] {python.py:240} INFO - Done. Returned value was: None
[2025-09-18T05:35:11.523+0000] {taskinstance.py:340} INFO - ::group::Post task execution logs
[2025-09-18T05:35:11.524+0000] {taskinstance.py:352} INFO - Marking task as SUCCESS. dag_id=dataset_with_extra_by_yield, task_id=dataset_with_extra_by_yield, run_id=manual__2025-09-18T05:35:05.906538+00:00, execution_date=20250918T053505, start_date=20250918T053511, end_date=20250918T053511
[2025-09-18T05:35:11.581+0000] {logging_mixin.py:190} INFO - Task instance in success state
[2025-09-18T05:35:11.583+0000] {logging_mixin.py:190} INFO -  Previous state of the Task instance: running
[2025-09-18T05:35:11.584+0000] {logging_mixin.py:190} INFO - Dag name:dataset_with_extra_by_yield queued_at:2025-09-18 05:35:05.936574+00:00
[2025-09-18T05:35:11.586+0000] {logging_mixin.py:190} INFO - Task hostname:7f8c5cf1dc7b operator:_PythonDecoratedOperator
[2025-09-18T05:35:11.640+0000] {local_task_job_runner.py:266} INFO - Task exited with return code 0
[2025-09-18T05:35:11.685+0000] {taskinstance.py:3900} INFO - 0 downstream tasks scheduled from follow-on schedule check
[2025-09-18T05:35:11.692+0000] {local_task_job_runner.py:245} INFO - ::endgroup::
