[2025-09-18T05:30:49.257+0000] {local_task_job_runner.py:123} INFO - ::group::Pre task execution logs
[2025-09-18T05:30:49.286+0000] {taskinstance.py:2612} INFO - Dependencies all met for dep_context=non-requeueable deps ti=<TaskInstance: dataset_alias_example_alias_consumer.consume_dataset_event_from_dataset_alias dataset_triggered__2025-09-18T05:30:44.897539+00:00 [queued]>
[2025-09-18T05:30:49.302+0000] {taskinstance.py:2612} INFO - Dependencies all met for dep_context=requeueable deps ti=<TaskInstance: dataset_alias_example_alias_consumer.consume_dataset_event_from_dataset_alias dataset_triggered__2025-09-18T05:30:44.897539+00:00 [queued]>
[2025-09-18T05:30:49.305+0000] {taskinstance.py:2865} INFO - Starting attempt 1 of 1
[2025-09-18T05:30:49.328+0000] {taskinstance.py:2888} INFO - Executing <Task(_PythonDecoratedOperator): consume_dataset_event_from_dataset_alias> on 2025-09-18 05:30:44.897539+00:00
[2025-09-18T05:30:49.345+0000] {warnings.py:112} WARNING - /home/***/.local/lib/python3.12/site-packages/***/task/task_runner/standard_task_runner.py:70: DeprecationWarning: This process (pid=150) is multi-threaded, use of fork() may lead to deadlocks in the child.
  pid = os.fork()

[2025-09-18T05:30:49.349+0000] {standard_task_runner.py:72} INFO - Started process 152 to run task
[2025-09-18T05:30:49.355+0000] {standard_task_runner.py:104} INFO - Running: ['***', 'tasks', 'run', 'dataset_alias_example_alias_consumer', 'consume_dataset_event_from_dataset_alias', 'dataset_triggered__2025-09-18T05:30:44.897539+00:00', '--job-id', '14', '--raw', '--subdir', '/home/***/.local/lib/python3.12/site-packages/***/example_dags/example_dataset_alias.py', '--cfg-path', '/tmp/tmphye8psfl']
[2025-09-18T05:30:49.358+0000] {standard_task_runner.py:105} INFO - Job 14: Subtask consume_dataset_event_from_dataset_alias
[2025-09-18T05:30:49.486+0000] {task_command.py:467} INFO - Running <TaskInstance: dataset_alias_example_alias_consumer.consume_dataset_event_from_dataset_alias dataset_triggered__2025-09-18T05:30:44.897539+00:00 [running]> on host 7f8c5cf1dc7b
[2025-09-18T05:30:49.681+0000] {taskinstance.py:3131} INFO - Exporting env vars: AIRFLOW_CTX_DAG_OWNER='***' AIRFLOW_CTX_DAG_ID='dataset_alias_example_alias_consumer' AIRFLOW_CTX_TASK_ID='consume_dataset_event_from_dataset_alias' AIRFLOW_CTX_EXECUTION_DATE='2025-09-18T05:30:44.897539+00:00' AIRFLOW_CTX_TRY_NUMBER='1' AIRFLOW_CTX_DAG_RUN_ID='dataset_triggered__2025-09-18T05:30:44.897539+00:00'
[2025-09-18T05:30:49.698+0000] {logging_mixin.py:190} INFO - Task instance is in running state
[2025-09-18T05:30:49.698+0000] {logging_mixin.py:190} INFO -  Previous state of the Task instance: queued
[2025-09-18T05:30:49.699+0000] {logging_mixin.py:190} INFO - Current task name:consume_dataset_event_from_dataset_alias state:running start_date:2025-09-18 05:30:49.287710+00:00
[2025-09-18T05:30:49.700+0000] {logging_mixin.py:190} INFO - Dag name:dataset_alias_example_alias_consumer and current dag run status:running
[2025-09-18T05:30:49.700+0000] {taskinstance.py:731} INFO - ::endgroup::
[2025-09-18T05:30:49.719+0000] {logging_mixin.py:190} INFO - DatasetEvent(id=6, dataset_id=2, extra={}, source_task_id='produce_dataset_events_through_dataset_alias', source_dag_id='dataset_alias_example_alias_producer', source_run_id='manual__2025-09-18T05:30:41.081034+00:00', source_map_index=-1, source_aliases=[DatasetAliasModel(name='example-alias')])
[2025-09-18T05:30:49.720+0000] {python.py:240} INFO - Done. Returned value was: None
[2025-09-18T05:30:49.781+0000] {taskinstance.py:340} INFO - ::group::Post task execution logs
[2025-09-18T05:30:49.782+0000] {taskinstance.py:352} INFO - Marking task as SUCCESS. dag_id=dataset_alias_example_alias_consumer, task_id=consume_dataset_event_from_dataset_alias, run_id=dataset_triggered__2025-09-18T05:30:44.897539+00:00, execution_date=20250918T053044, start_date=20250918T053049, end_date=20250918T053049
[2025-09-18T05:30:49.807+0000] {logging_mixin.py:190} INFO - Task instance in success state
[2025-09-18T05:30:49.808+0000] {logging_mixin.py:190} INFO -  Previous state of the Task instance: running
[2025-09-18T05:30:49.809+0000] {logging_mixin.py:190} INFO - Dag name:dataset_alias_example_alias_consumer queued_at:2025-09-18 05:30:47.164531+00:00
[2025-09-18T05:30:49.810+0000] {logging_mixin.py:190} INFO - Task hostname:7f8c5cf1dc7b operator:_PythonDecoratedOperator
[2025-09-18T05:30:49.864+0000] {local_task_job_runner.py:266} INFO - Task exited with return code 0
[2025-09-18T05:30:49.897+0000] {taskinstance.py:3900} INFO - 0 downstream tasks scheduled from follow-on schedule check
[2025-09-18T05:30:49.901+0000] {local_task_job_runner.py:245} INFO - ::endgroup::
