[2025-09-18T05:36:26.404+0000] {local_task_job_runner.py:123} INFO - ::group::Pre task execution logs
[2025-09-18T05:36:26.435+0000] {taskinstance.py:2612} INFO - Dependencies all met for dep_context=non-requeueable deps ti=<TaskInstance: example_branch_operator.branching_ext_python scheduled__2025-09-17T00:00:00+00:00 [queued]>
[2025-09-18T05:36:26.459+0000] {taskinstance.py:2612} INFO - Dependencies all met for dep_context=requeueable deps ti=<TaskInstance: example_branch_operator.branching_ext_python scheduled__2025-09-17T00:00:00+00:00 [queued]>
[2025-09-18T05:36:26.460+0000] {taskinstance.py:2865} INFO - Starting attempt 1 of 1
[2025-09-18T05:36:26.482+0000] {taskinstance.py:2888} INFO - Executing <Task(BranchExternalPythonOperator): branching_ext_python> on 2025-09-17 00:00:00+00:00
[2025-09-18T05:36:26.494+0000] {warnings.py:112} WARNING - /home/***/.local/lib/python3.12/site-packages/***/task/task_runner/standard_task_runner.py:70: DeprecationWarning: This process (pid=314) is multi-threaded, use of fork() may lead to deadlocks in the child.
  pid = os.fork()

[2025-09-18T05:36:26.498+0000] {standard_task_runner.py:72} INFO - Started process 322 to run task
[2025-09-18T05:36:26.504+0000] {standard_task_runner.py:104} INFO - Running: ['***', 'tasks', 'run', 'example_branch_operator', 'branching_ext_python', 'scheduled__2025-09-17T00:00:00+00:00', '--job-id', '38', '--raw', '--subdir', '/home/***/.local/lib/python3.12/site-packages/***/example_dags/example_branch_operator.py', '--cfg-path', '/tmp/tmp_iyhmhh_']
[2025-09-18T05:36:26.507+0000] {standard_task_runner.py:105} INFO - Job 38: Subtask branching_ext_python
[2025-09-18T05:36:26.622+0000] {task_command.py:467} INFO - Running <TaskInstance: example_branch_operator.branching_ext_python scheduled__2025-09-17T00:00:00+00:00 [running]> on host 7f8c5cf1dc7b
[2025-09-18T05:36:26.748+0000] {taskinstance.py:3131} INFO - Exporting env vars: AIRFLOW_CTX_DAG_OWNER='***' AIRFLOW_CTX_DAG_ID='example_branch_operator' AIRFLOW_CTX_TASK_ID='branching_ext_python' AIRFLOW_CTX_EXECUTION_DATE='2025-09-17T00:00:00+00:00' AIRFLOW_CTX_TRY_NUMBER='1' AIRFLOW_CTX_DAG_RUN_ID='scheduled__2025-09-17T00:00:00+00:00'
[2025-09-18T05:36:26.751+0000] {logging_mixin.py:190} INFO - Task instance is in running state
[2025-09-18T05:36:26.758+0000] {logging_mixin.py:190} INFO -  Previous state of the Task instance: queued
[2025-09-18T05:36:26.758+0000] {logging_mixin.py:190} INFO - Current task name:branching_ext_python state:running start_date:2025-09-18 05:36:26.438032+00:00
[2025-09-18T05:36:26.759+0000] {logging_mixin.py:190} INFO - Dag name:example_branch_operator and current dag run status:running
[2025-09-18T05:36:26.759+0000] {taskinstance.py:731} INFO - ::endgroup::
[2025-09-18T05:36:26.760+0000] {baseoperator.py:405} WARNING - BranchExternalPythonOperator.execute cannot be called outside TaskInstance!
[2025-09-18T05:36:27.201+0000] {baseoperator.py:405} WARNING - BranchExternalPythonOperator.execute cannot be called outside TaskInstance!
[2025-09-18T05:36:27.243+0000] {python.py:513} INFO - Use 'pickle' as serializer.
[2025-09-18T05:36:27.255+0000] {process_utils.py:186} INFO - Executing cmd: /home/***/.local/bin/python /tmp/venv-callj7ldcz2i/script.py /tmp/venv-callj7ldcz2i/script.in /tmp/venv-callj7ldcz2i/script.out /tmp/venv-callj7ldcz2i/string_args.txt /tmp/venv-callj7ldcz2i/termination.log
[2025-09-18T05:36:27.257+0000] {process_utils.py:190} INFO - Output:
[2025-09-18T05:36:31.711+0000] {python.py:240} INFO - Done. Returned value was: ext_py_b
[2025-09-18T05:36:31.712+0000] {branch.py:38} INFO - Branch into ext_py_b
[2025-09-18T05:36:31.713+0000] {skipmixin.py:230} INFO - Following branch ('ext_py_b',)
[2025-09-18T05:36:31.737+0000] {skipmixin.py:278} INFO - Skipping tasks [('ext_py_d', -1), ('ext_py_a', -1), ('ext_py_c', -1)]
[2025-09-18T05:36:31.820+0000] {taskinstance.py:340} INFO - ::group::Post task execution logs
[2025-09-18T05:36:31.821+0000] {taskinstance.py:352} INFO - Marking task as SUCCESS. dag_id=example_branch_operator, task_id=branching_ext_python, run_id=scheduled__2025-09-17T00:00:00+00:00, execution_date=20250917T000000, start_date=20250918T053626, end_date=20250918T053631
[2025-09-18T05:36:31.846+0000] {logging_mixin.py:190} INFO - Task instance in success state
[2025-09-18T05:36:31.850+0000] {logging_mixin.py:190} INFO -  Previous state of the Task instance: running
[2025-09-18T05:36:31.851+0000] {logging_mixin.py:190} INFO - Dag name:example_branch_operator queued_at:2025-09-18 05:36:16.817458+00:00
[2025-09-18T05:36:31.852+0000] {logging_mixin.py:190} INFO - Task hostname:7f8c5cf1dc7b operator:BranchExternalPythonOperator
[2025-09-18T05:36:31.901+0000] {local_task_job_runner.py:266} INFO - Task exited with return code 0
[2025-09-18T05:36:31.967+0000] {taskinstance.py:3900} INFO - 1 downstream tasks scheduled from follow-on schedule check
[2025-09-18T05:36:31.971+0000] {local_task_job_runner.py:245} INFO - ::endgroup::
