[2025-09-18T05:33:51.392+0000] {local_task_job_runner.py:123} INFO - ::group::Pre task execution logs
[2025-09-18T05:33:51.442+0000] {taskinstance.py:2612} INFO - Dependencies all met for dep_context=non-requeueable deps ti=<TaskInstance: dataset_produces_1.producing_task_1 manual__2025-09-18T05:33:47.890276+00:00 [queued]>
[2025-09-18T05:33:51.474+0000] {taskinstance.py:2612} INFO - Dependencies all met for dep_context=requeueable deps ti=<TaskInstance: dataset_produces_1.producing_task_1 manual__2025-09-18T05:33:47.890276+00:00 [queued]>
[2025-09-18T05:33:51.475+0000] {taskinstance.py:2865} INFO - Starting attempt 1 of 1
[2025-09-18T05:33:51.511+0000] {taskinstance.py:2888} INFO - Executing <Task(BashOperator): producing_task_1> on 2025-09-18 05:33:47.890276+00:00
[2025-09-18T05:33:51.540+0000] {warnings.py:112} WARNING - /home/***/.local/lib/python3.12/site-packages/***/task/task_runner/standard_task_runner.py:70: DeprecationWarning: This process (pid=191) is multi-threaded, use of fork() may lead to deadlocks in the child.
  pid = os.fork()

[2025-09-18T05:33:51.543+0000] {standard_task_runner.py:72} INFO - Started process 194 to run task
[2025-09-18T05:33:51.545+0000] {standard_task_runner.py:104} INFO - Running: ['***', 'tasks', 'run', 'dataset_produces_1', 'producing_task_1', 'manual__2025-09-18T05:33:47.890276+00:00', '--job-id', '15', '--raw', '--subdir', '/home/***/.local/lib/python3.12/site-packages/***/example_dags/example_datasets.py', '--cfg-path', '/tmp/tmpbb5_mg9y']
[2025-09-18T05:33:51.552+0000] {standard_task_runner.py:105} INFO - Job 15: Subtask producing_task_1
[2025-09-18T05:33:51.849+0000] {task_command.py:467} INFO - Running <TaskInstance: dataset_produces_1.producing_task_1 manual__2025-09-18T05:33:47.890276+00:00 [running]> on host 7f8c5cf1dc7b
[2025-09-18T05:33:52.001+0000] {taskinstance.py:3131} INFO - Exporting env vars: AIRFLOW_CTX_DAG_OWNER='***' AIRFLOW_CTX_DAG_ID='dataset_produces_1' AIRFLOW_CTX_TASK_ID='producing_task_1' AIRFLOW_CTX_EXECUTION_DATE='2025-09-18T05:33:47.890276+00:00' AIRFLOW_CTX_TRY_NUMBER='1' AIRFLOW_CTX_DAG_RUN_ID='manual__2025-09-18T05:33:47.890276+00:00'
[2025-09-18T05:33:52.004+0000] {logging_mixin.py:190} INFO - Task instance is in running state
[2025-09-18T05:33:52.005+0000] {logging_mixin.py:190} INFO -  Previous state of the Task instance: queued
[2025-09-18T05:33:52.006+0000] {logging_mixin.py:190} INFO - Current task name:producing_task_1 state:running start_date:2025-09-18 05:33:51.443613+00:00
[2025-09-18T05:33:52.007+0000] {logging_mixin.py:190} INFO - Dag name:dataset_produces_1 and current dag run status:running
[2025-09-18T05:33:52.008+0000] {taskinstance.py:731} INFO - ::endgroup::
[2025-09-18T05:33:52.010+0000] {subprocess.py:63} INFO - Tmp dir root location: /tmp
[2025-09-18T05:33:52.011+0000] {subprocess.py:75} INFO - Running command: ['/usr/bin/bash', '-c', 'sleep 5']
[2025-09-18T05:33:52.035+0000] {subprocess.py:86} INFO - Output:
[2025-09-18T05:33:57.040+0000] {subprocess.py:97} INFO - Command exited with return code 0
[2025-09-18T05:33:57.099+0000] {taskinstance.py:340} INFO - ::group::Post task execution logs
[2025-09-18T05:33:57.100+0000] {taskinstance.py:352} INFO - Marking task as SUCCESS. dag_id=dataset_produces_1, task_id=producing_task_1, run_id=manual__2025-09-18T05:33:47.890276+00:00, execution_date=20250918T053347, start_date=20250918T053351, end_date=20250918T053357
[2025-09-18T05:33:57.148+0000] {logging_mixin.py:190} INFO - Task instance in success state
[2025-09-18T05:33:57.150+0000] {logging_mixin.py:190} INFO -  Previous state of the Task instance: running
[2025-09-18T05:33:57.152+0000] {logging_mixin.py:190} INFO - Dag name:dataset_produces_1 queued_at:2025-09-18 05:33:47.912760+00:00
[2025-09-18T05:33:57.153+0000] {logging_mixin.py:190} INFO - Task hostname:7f8c5cf1dc7b operator:BashOperator
[2025-09-18T05:33:57.207+0000] {local_task_job_runner.py:266} INFO - Task exited with return code 0
[2025-09-18T05:33:57.245+0000] {taskinstance.py:3900} INFO - 0 downstream tasks scheduled from follow-on schedule check
[2025-09-18T05:33:57.248+0000] {local_task_job_runner.py:245} INFO - ::endgroup::
